 *******************************************************************************
 ** Site#: 37966        For non-commercial use only           Version 21.186W **
 *******************************************************************************
 ** Cite this program as: MOPAC2016, Version: 21.186W, James J. P. Stewart,   **
 ** Stewart Computational Chemistry, web: HTTP://OpenMOPAC.net. Days left: 241**
 *******************************************************************************
 **                                                                           **
 **                                MOPAC2016                                  **
 **                                                                           **
 *******************************************************************************

                              RM1 CALCULATION RESULTS

 *******************************************************************************
 *  CALCULATION DONE:                                Sat Nov  6 18:29:37 2021  *
 *  RM1        - The RM1 Hamiltonian to be used
 *  POLAR      - CALCULATE FIRST, SECOND AND THIRD-ORDER POLARIZABILITIES
 *  PRECISE    - TIGHTER CRITERIA TO BE USED
 *  T=         - A TIME OF 172800.0 SECONDS REQUESTED
 *  DUMP=N     - RESTART FILE WRITTEN EVERY 7200.0 SECONDS REQUESTED
 *  GNORM      - EXIT WHEN GRADIENT NORM DROPS BELOW 0.100
 *******************************************************************************
RM1 PRECISE POLAR GNORM=0.1


  ATOM    CHEMICAL      BOND LENGTH      BOND ANGLE     TWIST ANGLE 
 NUMBER    SYMBOL       (ANGSTROMS)      (DEGREES)       (DEGREES) 
   (I)                     NA:I           NB:NA:I       NC:NB:NA:I       NA    NB    NC 
     1       C          0.00000000  *    0.0000000  *    0.0000000  *     0     0     0
     2       C          1.51995306  *    0.0000000  *    0.0000000  *     1     0     0
     3       C          1.52670170  *  110.7160215  *    0.0000000  *     2     1     0
     4       C          1.52692471  *  110.7603635  * -179.9957675  *     3     2     1
     5       C          1.52579475  *  110.5508405  * -179.9891490  *     4     3     2
     6       C          1.53584714  *  110.0366088  * -179.9262443  *     5     4     3
     7       N          1.46031828  *  111.8903849  *  179.8237307  *     6     5     4
     8       C          1.41007807  *  124.0026201  *  -73.5940217  *     7     6     5
     9       C          1.39281855  *  129.4741782  *  -18.5803598  *     8     7     6
    10       C          1.38540674  *  117.4222289  * -176.6596934  *     9     8     7
    11       C          1.40136515  *  121.4629505  *    0.1416666  *    10     9     8
    12       C          1.39078050  *  121.2742875  *   -0.3459507  *    11    10     9
    13       C          1.38362836  *  118.1046647  *   -0.0871206  *    12    11    10
    14       C          1.44103866  *  132.5742389  * -179.0956403  *    13    12    11
    15       C          1.42116263  *  107.0896160  *  179.8973370  *    14    13    12
    16       C          1.39214141  *  121.3240798  * -179.1915602  *    15    14    13
    17       C          1.38654717  *  117.2439480  *   -0.4117877  *    16    15    14
    18       C          1.39826658  *  121.7512590  *   -0.0190343  *    17    16    15
    19       C          1.38699367  *  121.0595391  *    0.2041626  *    18    17    16
    20       C          1.45954168  *  119.2499564  *  179.6724422  *    11    10     9
    21       C          1.39344275  *  120.0124568  *   49.9607878  *    20    11    10
    22       C          1.38833671  *  120.3170401  * -179.9982010  *    21    20    11
    23       C          1.39605377  *  118.9745554  *    0.5310687  *    22    21    20
    24       C          1.39692443  *  121.2358763  *   -0.6738697  *    23    22    21
    25       C          1.39380632  *  119.8185442  * -130.1377382  *    20    11    10
    26       N          1.42444824  *  119.5225116  *  178.7054238  *    23    22    21
    27       C          1.39575793  *  125.6856573  *  120.9956570  *    26    23    24
    28       C          1.39840404  *  107.8421953  * -169.6355616  *    27    26    23
    29       C          1.41331487  *  107.9948638  *    1.7682094  *    28    27    26
    30       C          1.39600672  *  107.6781313  *   -1.0121810  *    29    28    27
    31       C          1.43772780  *  127.6255992  * -176.7083397  *    30    29    28
    32       C          1.34664406  *  123.0963874  *  131.0348186  *    31    30    29
    33       C          1.46850347  *  119.6745557  *  179.0276736  *    32    31    30
    34       O          1.22294739  *  126.4070986  *   -5.6437358  *    33    32    31
    35       O          1.34789468  *  114.0301700  *  174.4049274  *    33    32    31
    36       C          1.41748478  *  122.4159153  *   -2.8130839  *    32    31    30
    37       N          1.15617422  *  179.8310233  * -179.4869854  *    36    32    31
    38       C          1.44493048  *  123.2212201  *    8.7572300  *    27    26    23
    39       C          1.33711294  *  120.9021050  *  -21.8471297  *    38    27    28
    40       C          1.45130014  *  121.5416776  *  177.5151706  *    39    38    27
    41       C          1.37913371  *  127.6201062  * -114.3527345  *    40    39    38
    42       C          1.43343061  *  107.2680331  * -179.9559630  *    41    40    39
    43       C          1.41879496  *  107.4407905  *    0.3154890  *    42    41    40
    44       N          1.40297947  *  108.0081065  *   -2.8681648  *    43    42    41
    45       C          1.46124240  *  123.9128984  *  164.3631070  *    44    43    42
    46       C          1.53581212  *  111.6800748  *  -67.5115729  *    45    44    43
    47       C          1.52571228  *  110.0049108  *  179.6692702  *    46    45    44
    48       C          1.51990919  *  110.5302602  * -179.8373311  *    47    46    45
    49       C          1.39960819  *  121.7364166  *  179.4262511  *    43    42    41
    50       C          1.37740264  *  117.2285056  * -176.9464342  *    49    43    44
    51       C          1.41101902  *  121.5034073  *    0.1544475  *    50    49    43
    52       C          1.39449127  *  132.6436724  * -179.6307523  *    42    41    40
    53       C          1.46055904  *  118.9456272  *  179.7569114  *    51    50    49
    54       C          1.40079762  *  119.4390146  *   51.0473771  *    53    51    50
    55       C          1.38633492  *  121.5406473  *  179.6849074  *    54    53    51
    56       C          1.39175499  *  117.4517196  *    0.0983894  *    55    54    53
    57       C          1.42116487  *  121.2537247  *    0.3375746  *    56    55    54
    58       C          1.39086028  *  119.4393103  * -129.1165259  *    53    51    50
    59       C          1.44154746  *  107.0779307  *  179.1047689  *    57    56    55
    60       C          1.38455431  *  132.6731619  * -179.7591535  *    59    57    56
    61       C          1.38761848  *  118.3298685  *  179.1971878  *    60    59    57
    62       C          1.39773641  *  121.0676022  *    0.0455646  *    61    60    59
    63       C          1.38696088  *  121.7270561  *    0.2493351  *    62    61    60
    64       C          1.42099091  *  107.0496811  *    0.0424904  *    59    57    56
    65       N          1.41409947  *  129.5169230  * -176.1500135  *    56    55    54
    66       C          1.46056578  *  124.1504058  *  161.1597266  *    65    56    57
    67       C          1.53584817  *  112.0346665  *  -79.0795826  *    66    65    56
    68       C          1.52570941  *  110.0792645  * -179.7859390  *    67    66    65
    69       C          1.52691216  *  110.5663542  * -179.9431206  *    68    67    66
    70       C          1.52669240  *  110.7699471  * -179.8995101  *    69    68    67
    71       C          1.51996754  *  110.7259252  * -179.9635591  *    70    69    68
    72       H          1.10080143  *  115.6847869  *  -46.7145112  *    31    30    29
    73       H          1.09734903  *  117.5911832  *  156.3648132  *    38    27    28
    74       H          1.09580009  *  123.4119611  *   -0.7798003  *    39    38    27
    75       H          1.09958261  *  112.2998341  *   60.1666018  *     1     2     3
    76       H          1.09966633  *  111.8296027  * -179.9958157  *     1     2     3
    77       H          1.09958537  *  112.2989417  *  -60.1588767  *     1     2     3
    78       H          1.11063400  *  110.1333577  * -177.2736039  *     2     1    75
    79       H          1.11063731  *  110.1345224  *  -62.3960630  *     2     1    75
    80       H          1.11057776  *  110.2388104  * -179.8298374  *     3     2    78
    81       H          1.11058645  *  110.2385401  *  -64.8043681  *     3     2    78
    82       H          1.11074725  *  110.2969772  * -179.9866268  *     4     3    80
    83       H          1.11075656  *  110.2994513  *  -64.7959463  *     4     3    80
    84       H          1.11083445  *  110.7365199  *  179.8629108  *     5     4    82
    85       H          1.11054515  *  110.7227648  *  -64.4707507  *     5     4    82
    86       H          1.11440335  *  111.1139998  *  179.3560399  *     6     5    84
    87       H          1.11508940  *  111.0274910  *  -64.0582029  *     6     5    84
    88       H          1.09153126  *  121.7429575  *    3.2723454  *     9     8     7
    89       H          1.09505006  *  119.1192038  *  179.4549152  *    10     9     8
    90       H          1.09319130  *  121.5930547  * -179.3171605  *    12    11    10
    91       H          1.09120995  *  121.9232683  *  179.5964640  *    16    15    14
    92       H          1.09470879  *  119.1779005  *  179.9501794  *    17    16    15
    93       H          1.09346782  *  119.2706556  * -179.8434466  *    18    17    16
    94       H          1.09276468  *  121.3589803  *  179.9827739  *    19    18    17
    95       H          1.09475549  *  120.1352011  * -178.6191878  *    21    20    25
    96       H          1.09544593  *  120.1434901  * -178.0898562  *    22    21    20
    97       H          1.09493502  *  120.9754412  *    0.1154680  *    24    23    26
    98       H          1.09480401  *  120.1167914  *    0.4338161  *    25    20    11
    99       H          1.08196000  *  126.3502708  * -178.9055623  *    28    27    26
   100       H          1.08254145  *  126.3046726  * -179.8443099  *    29    28    27
   101       H          0.96827949  *  111.0520583  *    0.2204391  *    35    33    34
   102       H          1.08107759  *  127.0570959  * -176.9377952  *    41    40    44
   103       H          1.11522410  *  108.3874435  *   55.0033186  *    45    44    43
   104       H          1.11457971  *  109.1962728  *  169.5628791  *    45    44    43
   105       H          1.11040727  *  110.4154742  * -179.0528916  *    46    45   103
   106       H          1.11090348  *  110.4394733  *  179.2344288  *    46    45   104
   107       H          1.11078105  *  110.6144755  * -179.8353368  *    47    46   105
   108       H          1.11085915  *  110.6354332  * -179.7751058  *    47    46   106
   109       H          1.09958442  *  112.3177035  *  -62.3427104  *    48    47   107
   110       H          1.09970377  *  111.7672700  *   57.5153936  *    48    47   107
   111       H          1.09960116  *  112.2804752  *  177.3003109  *    48    47   107
   112       H          1.09150872  *  121.3301126  *    2.9072002  *    49    43    44
   113       H          1.09461851  *  119.4789352  *  179.4551306  *    50    49    43
   114       H          1.09282769  *  119.9898901  * -179.9106868  *    52    42    43
   115       H          1.09490567  *  119.3325050  * -179.4590981  *    54    53    58
   116       H          1.09127455  *  120.6900374  * -179.6911850  *    55    54    53
   117       H          1.09307027  *  121.4616489  *    0.4704760  *    58    53    51
   118       H          1.09277137  *  120.3169990  *  179.4816572  *    60    59    64
   119       H          1.09336649  *  119.6425082  * -179.9070218  *    61    60    59
   120       H          1.09458680  *  119.0980151  * -179.7256924  *    62    61    60
   121       H          1.09120522  *  120.9315032  *  179.9458843  *    63    62    61
   122       H          1.11434879  *  108.8391876  *   44.1706595  *    66    65    56
   123       H          1.11493796  *  108.4804033  *  158.0189303  *    66    65    56
   124       H          1.11085136  *  110.2108567  * -179.3302131  *    67    66   122
   125       H          1.11054768  *  110.2831159  *  -64.2296023  *    67    66   122
   126       H          1.11074300  *  110.4120299  * -179.7230342  *    68    67   124
   127       H          1.11074830  *  110.4075706  *  179.9215786  *    68    67   125
   128       H          1.11057448  *  110.4007752  * -179.9086760  *    69    68   126
   129       H          1.11057715  *  110.3936321  *  -64.6998057  *    69    68   126
   130       H          1.11063190  *  110.5390745  *  179.8729048  *    70    69   128
   131       H          1.11063260  *  110.5394001  *  -64.7813544  *    70    69   128
   132       H          1.09957956  *  112.2957904  *  -62.4070725  *    71    70   130
   133       H          1.09966021  *  111.8367564  *   57.4353036  *    71    70   130
   134       H          1.09958149  *  112.2941476  *  177.2766406  *    71    70   130
 


          CARTESIAN COORDINATES 

    NO.       ATOM           X           Y           Z

     1         C          0.0000      0.0000      0.0000
     2         C          1.5200      0.0000      0.0000
     3         C          2.0600      1.4280      0.0000
     4         C          3.5869      1.4292     -0.0001
     5         C          4.1214      2.8583      0.0002
     6         C          5.6572      2.8457     -0.0018
     7         N          6.2128      4.1962     -0.0058
     8         C          6.2060      5.0484     -1.1292
     9         C          6.0345      4.7368     -2.4759
    10         C          6.1435      5.7727     -3.3893
    11         C          6.4186      7.0841     -2.9787
    12         C          6.5863      7.3996     -1.6346
    13         C          6.4723      6.3798     -0.7065
    14         C          6.5673      6.3548      0.7312
    15         C          6.3581      5.0099      1.1402
    16         C          6.3710      4.6524      2.4856
    17         C          6.6049      5.6607      3.4082
    18         C          6.8203      6.9844      3.0127
    19         C          6.8040      7.3426      1.6728
    20         C          6.5302      8.1373     -3.9830
    21         C          5.5366      8.2881     -4.9482
    22         C          5.6364      9.2877     -5.9065
    23         C          6.7507     10.1286     -5.8931
    24         C          7.7519      9.9891     -4.9289
    25         C          7.6314      8.9916     -3.9719
    26         N          6.8787     11.1402     -6.8876
    27         C          6.9113     10.9269     -8.2666
    28         C          7.2825     12.1288     -8.8775
    29         C          7.5201     13.0805     -7.8600
    30         C          7.2703     12.4616     -6.6339
    31         C          7.3162     13.0556     -5.3254
    32         C          6.3307     12.9140     -4.4186
    33         C          6.4655     13.5364     -3.0954
    34         O          7.4506     14.1186     -2.6640
    35         O          5.3673     13.4245     -2.3218
    36         C          5.1328     12.2111     -4.7018
    37         N          4.1546     11.6384     -4.9296
    38         C          6.6345      9.6465     -8.8763
    39         C          6.2902      9.5598    -10.1654
    40         C          6.0610      8.2776    -10.8055
    41         C          6.7969      7.6986    -11.8181
    42         C          6.1875      6.4365    -12.1188
    43         C          5.0672      6.2899    -11.2606
    44         N          5.0268      7.4022    -10.4064
    45         C          3.8582      7.7799     -9.6147
    46         C          2.6975      8.2488    -10.5044
    47         C          1.4971      8.6252     -9.6410
    48         C          0.3393      9.0876    -10.5104
    49         C          4.2439      5.1592    -11.3114
    50         C          4.5671      4.1850    -12.2299
    51         C          5.6831      4.3172    -13.0832
    52         C          6.4985      5.4316    -13.0343
    53         C          5.9775      3.2474    -14.0329
    54         C          4.9623      2.7757    -14.8750
    55         C          5.1951      1.7667    -15.7968
    56         C          6.4798      1.2345    -15.8548
    57         C          7.5113      1.7028    -14.9966
    58         C          7.2619      2.7166    -14.0882
    59         C          8.6939      0.9357    -15.2984
    60         C          9.9790      0.9506    -14.7834
    61         C         10.9033      0.0500    -15.2933
    62         C         10.5514     -0.8512    -16.3022
    63         C          9.2730     -0.8824    -16.8390
    64         C          8.3468      0.0242    -16.3319
    65         N          7.0129      0.2640    -16.7344
    66         C          6.2066     -0.7056    -17.4713
    67         C          5.7773     -1.8871    -16.5890
    68         C          4.9442     -2.8729    -17.4027
    69         C          4.5100     -4.0521    -16.5353
    70         C          3.6778     -5.0428    -17.3457
    71         C          3.2454     -6.2158    -16.4811
    72         H          8.2006     13.6760     -5.1138
    73         H          6.7467      8.7512     -8.2517
    74         H          6.1860     10.4309    -10.8220
    75         H         -0.4172      0.5061     -0.8825
    76         H         -0.4089     -1.0208      0.0001
    77         H         -0.4172      0.5062      0.8825
    78         H          1.9022     -0.5612      0.8789
    79         H          1.9023     -0.5612     -0.8788
    80         H          1.6723      1.9853     -0.8789
    81         H          1.6725      1.9853      0.8790
    82         H          3.9727      0.8711      0.8794
    83         H          3.9726      0.8712     -0.8797
    84         H          3.7408      3.4207     -0.8789
    85         H          3.7416      3.4197      0.8798
    86         H          6.0553      2.2944      0.8811
    87         H          6.0517      2.2970     -0.8888
    88         H          5.8233      3.7185     -2.8074
    89         H          6.0227      5.5574     -4.4561
    90         H          6.7901      8.4226     -1.3076
    91         H          6.2051      3.6241      2.8110
    92         H          6.6210      5.4149      4.4748
    93         H          7.0035      7.7470      3.7746
    94         H          6.9715      8.3756      1.3583
    95         H          4.6608      7.6313     -4.9427
    96         H          4.8386      9.4237     -6.6447
    97         H          8.6281     10.6457     -4.9273
    98         H          8.4143      8.8688     -3.2165
    99         H          7.3836     12.3034     -9.9404
   100         H          7.8214     14.1103     -8.0034
   101         H          5.5020     13.8508     -1.4629
   102         H          7.6778      8.1033    -12.2966
   103         H          3.5559      6.9042     -8.9937
   104         H          4.1482      8.5753     -8.8898
   105         H          3.0129      9.1097    -11.1308
   106         H          2.4228      7.4567    -11.2332
   107         H          1.1829      7.7654     -9.0119
   108         H          1.7710      9.4202     -8.9150
   109         H          0.0067      8.3087    -11.2117
   110         H         -0.5378      9.3649     -9.9078
   111         H          0.5977      9.9693    -11.1145
   112         H          3.3832      5.0537    -10.6486
   113         H          3.9533      3.2811    -12.2949
   114         H          7.3620      5.5426    -13.6948
   115         H          3.9639      3.2208    -14.8129
   116         H          4.3952      1.4132    -16.4495
   117         H          8.0570      3.0771    -13.4303
   118         H         10.2489      1.6570    -13.9945
   119         H         11.9239      0.0422    -14.9012
   120         H         11.3050     -1.5507    -16.6776
   121         H          9.0126     -1.5909    -17.6270
   122         H          5.3210     -0.1840    -17.9018
   123         H          6.7935     -1.0566    -18.3519
   124         H          6.6700     -2.3886    -16.1582
   125         H          5.2066     -1.5229    -15.7087
   126         H          4.0560     -2.3649    -17.8349
   127         H          5.5194     -3.2325    -18.2822
   128         H          5.3967     -4.5603    -16.1008
   129         H          3.9330     -3.6943    -15.6564
   130         H          2.7881     -4.5401    -17.7807
   131         H          4.2517     -5.4066    -18.2242
   132         H          2.6325     -5.8992    -15.6248
   133         H          2.6441     -6.9416    -17.0475
   134         H          4.1021     -6.7693    -16.0702

  H: (RM1): G.B. ROCHA, R.O. FREIRE, A.M.SIMAS, J.J.P. STEWART, J. COMP. CHEM. 27, 1101 (2006)
  C: (RM1): G.B. ROCHA, R.O. FREIRE, A.M.SIMAS, J.J.P. STEWART, J. COMP. CHEM. 27, 1101 (2006)
  N: (RM1): G.B. ROCHA, R.O. FREIRE, A.M.SIMAS, J.J.P. STEWART, J. COMP. CHEM. 27, 1101 (2006)
  O: (RM1): G.B. ROCHA, R.O. FREIRE, A.M.SIMAS, J.J.P. STEWART, J. COMP. CHEM. 27, 1101 (2006)

           Empirical Formula: C64 H63 N5 O2  =   134 atoms



      MOLECULAR POINT GROUP   :   C1  


      RHF CALCULATION, NO. OF DOUBLY OCCUPIED LEVELS = 178


          Geometry optimization using L-BFGS
 CYCLE:     1 TIME:   1.148 TIME LEFT:  2.00D  GRAD.:     0.054 HEAT:  93.88801

 -------------------------------------------------------------------------------
 RM1 PRECISE POLAR GNORM=0.1




     HERBERTS TEST WAS SATISFIED IN BFGS                      
     SCF FIELD WAS ACHIEVED                                   


                              RM1 CALCULATION
                                                       MOPAC2016 (Version: 21.186W)
                                                       Sat Nov  6 18:29:38 2021
                                                       No. of days remaining = 241




          FINAL HEAT OF FORMATION =         93.88801 KCAL/MOL =     392.82742 KJ/MOL


          TOTAL ENERGY            =     -10588.75786 EV
          ELECTRONIC ENERGY       =    -133023.41369 EV  POINT GROUP:     C1  
          CORE-CORE REPULSION     =     122434.65584 EV
          COSMO AREA              =        980.10 SQUARE ANGSTROMS
          COSMO VOLUME            =       1189.01 CUBIC ANGSTROMS

          GRADIENT NORM           =          0.05443 = 0.00470 PER ATOM
          IONIZATION POTENTIAL    =          7.840463 EV
          HOMO LUMO ENERGIES (EV) =         -7.840 -0.900
          NO. OF FILLED LEVELS    =        178
          MOLECULAR WEIGHT        =        934.2340

          MOLECULAR DIMENSIONS (Angstroms)

            Atom       Atom       Distance
            H   133    H   101    26.14134
            H    77    H   119    18.18196
            H    92    H   111    14.80207


          SCF CALCULATIONS        =          2
 
          WALL-CLOCK TIME         =          1.508 SECONDS
          COMPUTATION TIME        =          1.594 SECONDS




  ATOM    CHEMICAL      BOND LENGTH      BOND ANGLE     TWIST ANGLE 
 NUMBER    SYMBOL       (ANGSTROMS)      (DEGREES)       (DEGREES) 
   (I)                     NA:I           NB:NA:I       NC:NB:NA:I       NA    NB    NC 
     1       C          0.00000000  *    0.0000000  *    0.0000000  *     0     0     0
     2       C          1.51995306  *    0.0000000  *    0.0000000  *     1     0     0
     3       C          1.52670170  *  110.7160215  *    0.0000000  *     2     1     0
     4       C          1.52692471  *  110.7603635  * -179.9957675  *     3     2     1
     5       C          1.52579475  *  110.5508405  * -179.9891490  *     4     3     2
     6       C          1.53584714  *  110.0366088  * -179.9262443  *     5     4     3
     7       N          1.46031828  *  111.8903849  *  179.8237307  *     6     5     4
     8       C          1.41007807  *  124.0026201  *  -73.5940217  *     7     6     5
     9       C          1.39281855  *  129.4741782  *  -18.5803598  *     8     7     6
    10       C          1.38540674  *  117.4222289  * -176.6596934  *     9     8     7
    11       C          1.40136515  *  121.4629505  *    0.1416666  *    10     9     8
    12       C          1.39078050  *  121.2742875  *   -0.3459507  *    11    10     9
    13       C          1.38362836  *  118.1046647  *   -0.0871206  *    12    11    10
    14       C          1.44103866  *  132.5742389  * -179.0956403  *    13    12    11
    15       C          1.42116263  *  107.0896160  *  179.8973370  *    14    13    12
    16       C          1.39214141  *  121.3240798  * -179.1915602  *    15    14    13
    17       C          1.38654717  *  117.2439480  *   -0.4117877  *    16    15    14
    18       C          1.39826658  *  121.7512590  *   -0.0190343  *    17    16    15
    19       C          1.38699367  *  121.0595391  *    0.2041626  *    18    17    16
    20       C          1.45954168  *  119.2499564  *  179.6724422  *    11    10     9
    21       C          1.39344275  *  120.0124568  *   49.9607878  *    20    11    10
    22       C          1.38833671  *  120.3170401  * -179.9982010  *    21    20    11
    23       C          1.39605377  *  118.9745554  *    0.5310687  *    22    21    20
    24       C          1.39692443  *  121.2358763  *   -0.6738697  *    23    22    21
    25       C          1.39380632  *  119.8185442  * -130.1377382  *    20    11    10
    26       N          1.42444824  *  119.5225116  *  178.7054238  *    23    22    21
    27       C          1.39575793  *  125.6856573  *  120.9956570  *    26    23    24
    28       C          1.39840404  *  107.8421953  * -169.6355616  *    27    26    23
    29       C          1.41331487  *  107.9948638  *    1.7682094  *    28    27    26
    30       C          1.39600672  *  107.6781313  *   -1.0121810  *    29    28    27
    31       C          1.43772780  *  127.6255992  * -176.7083397  *    30    29    28
    32       C          1.34664406  *  123.0963874  *  131.0348186  *    31    30    29
    33       C          1.46850347  *  119.6745557  *  179.0276736  *    32    31    30
    34       O          1.22294739  *  126.4070986  *   -5.6437358  *    33    32    31
    35       O          1.34789468  *  114.0301700  *  174.4049274  *    33    32    31
    36       C          1.41748478  *  122.4159153  *   -2.8130839  *    32    31    30
    37       N          1.15617422  *  179.8310233  * -179.4869854  *    36    32    31
    38       C          1.44493048  *  123.2212201  *    8.7572300  *    27    26    23
    39       C          1.33711294  *  120.9021050  *  -21.8471297  *    38    27    28
    40       C          1.45130014  *  121.5416776  *  177.5151706  *    39    38    27
    41       C          1.37913371  *  127.6201062  * -114.3527345  *    40    39    38
    42       C          1.43343061  *  107.2680331  * -179.9559630  *    41    40    39
    43       C          1.41879496  *  107.4407905  *    0.3154890  *    42    41    40
    44       N          1.40297947  *  108.0081065  *   -2.8681648  *    43    42    41
    45       C          1.46124240  *  123.9128984  *  164.3631070  *    44    43    42
    46       C          1.53581212  *  111.6800748  *  -67.5115729  *    45    44    43
    47       C          1.52571228  *  110.0049108  *  179.6692702  *    46    45    44
    48       C          1.51990919  *  110.5302602  * -179.8373311  *    47    46    45
    49       C          1.39960819  *  121.7364166  *  179.4262511  *    43    42    41
    50       C          1.37740264  *  117.2285056  * -176.9464342  *    49    43    44
    51       C          1.41101902  *  121.5034073  *    0.1544475  *    50    49    43
    52       C          1.39449127  *  132.6436724  * -179.6307523  *    42    41    40
    53       C          1.46055904  *  118.9456272  *  179.7569114  *    51    50    49
    54       C          1.40079762  *  119.4390146  *   51.0473771  *    53    51    50
    55       C          1.38633492  *  121.5406473  *  179.6849074  *    54    53    51
    56       C          1.39175499  *  117.4517196  *    0.0983894  *    55    54    53
    57       C          1.42116487  *  121.2537247  *    0.3375746  *    56    55    54
    58       C          1.39086028  *  119.4393103  * -129.1165259  *    53    51    50
    59       C          1.44154746  *  107.0779307  *  179.1047689  *    57    56    55
    60       C          1.38455431  *  132.6731619  * -179.7591535  *    59    57    56
    61       C          1.38761848  *  118.3298685  *  179.1971878  *    60    59    57
    62       C          1.39773641  *  121.0676022  *    0.0455646  *    61    60    59
    63       C          1.38696088  *  121.7270561  *    0.2493351  *    62    61    60
    64       C          1.42099091  *  107.0496811  *    0.0424904  *    59    57    56
    65       N          1.41409947  *  129.5169230  * -176.1500135  *    56    55    54
    66       C          1.46056578  *  124.1504058  *  161.1597266  *    65    56    57
    67       C          1.53584817  *  112.0346665  *  -79.0795826  *    66    65    56
    68       C          1.52570941  *  110.0792645  * -179.7859390  *    67    66    65
    69       C          1.52691216  *  110.5663542  * -179.9431206  *    68    67    66
    70       C          1.52669240  *  110.7699471  * -179.8995101  *    69    68    67
    71       C          1.51996754  *  110.7259252  * -179.9635591  *    70    69    68
    72       H          1.10080143  *  115.6847869  *  -46.7145112  *    31    30    29
    73       H          1.09734903  *  117.5911832  *  156.3648132  *    38    27    28
    74       H          1.09580009  *  123.4119611  *   -0.7798003  *    39    38    27
    75       H          1.09958261  *  112.2998341  *   60.1666018  *     1     2     3
    76       H          1.09966633  *  111.8296027  * -179.9958157  *     1     2     3
    77       H          1.09958537  *  112.2989417  *  -60.1588767  *     1     2     3
    78       H          1.11063400  *  110.1333577  * -177.2736039  *     2     1    75
    79       H          1.11063731  *  110.1345224  *  -62.3960630  *     2     1    75
    80       H          1.11057776  *  110.2388104  * -179.8298374  *     3     2    78
    81       H          1.11058645  *  110.2385401  *  -64.8043681  *     3     2    78
    82       H          1.11074725  *  110.2969772  * -179.9866268  *     4     3    80
    83       H          1.11075656  *  110.2994513  *  -64.7959463  *     4     3    80
    84       H          1.11083445  *  110.7365199  *  179.8629108  *     5     4    82
    85       H          1.11054515  *  110.7227648  *  -64.4707507  *     5     4    82
    86       H          1.11440335  *  111.1139998  *  179.3560399  *     6     5    84
    87       H          1.11508940  *  111.0274910  *  -64.0582029  *     6     5    84
    88       H          1.09153126  *  121.7429575  *    3.2723454  *     9     8     7
    89       H          1.09505006  *  119.1192038  *  179.4549152  *    10     9     8
    90       H          1.09319130  *  121.5930547  * -179.3171605  *    12    11    10
    91       H          1.09120995  *  121.9232683  *  179.5964640  *    16    15    14
    92       H          1.09470879  *  119.1779005  *  179.9501794  *    17    16    15
    93       H          1.09346782  *  119.2706556  * -179.8434466  *    18    17    16
    94       H          1.09276468  *  121.3589803  *  179.9827739  *    19    18    17
    95       H          1.09475549  *  120.1352011  * -178.6191878  *    21    20    25
    96       H          1.09544593  *  120.1434901  * -178.0898562  *    22    21    20
    97       H          1.09493502  *  120.9754412  *    0.1154680  *    24    23    26
    98       H          1.09480401  *  120.1167914  *    0.4338161  *    25    20    11
    99       H          1.08196000  *  126.3502708  * -178.9055623  *    28    27    26
   100       H          1.08254145  *  126.3046726  * -179.8443099  *    29    28    27
   101       H          0.96827949  *  111.0520583  *    0.2204391  *    35    33    34
   102       H          1.08107759  *  127.0570959  * -176.9377952  *    41    40    44
   103       H          1.11522410  *  108.3874435  *   55.0033186  *    45    44    43
   104       H          1.11457971  *  109.1962728  *  169.5628791  *    45    44    43
   105       H          1.11040727  *  110.4154742  * -179.0528916  *    46    45   103
   106       H          1.11090348  *  110.4394733  *  179.2344288  *    46    45   104
   107       H          1.11078105  *  110.6144755  * -179.8353368  *    47    46   105
   108       H          1.11085915  *  110.6354332  * -179.7751058  *    47    46   106
   109       H          1.09958442  *  112.3177035  *  -62.3427104  *    48    47   107
   110       H          1.09970377  *  111.7672700  *   57.5153936  *    48    47   107
   111       H          1.09960116  *  112.2804752  *  177.3003109  *    48    47   107
   112       H          1.09150872  *  121.3301126  *    2.9072002  *    49    43    44
   113       H          1.09461851  *  119.4789352  *  179.4551306  *    50    49    43
   114       H          1.09282769  *  119.9898901  * -179.9106868  *    52    42    43
   115       H          1.09490567  *  119.3325050  * -179.4590981  *    54    53    58
   116       H          1.09127455  *  120.6900374  * -179.6911850  *    55    54    53
   117       H          1.09307027  *  121.4616489  *    0.4704760  *    58    53    51
   118       H          1.09277137  *  120.3169990  *  179.4816572  *    60    59    64
   119       H          1.09336649  *  119.6425082  * -179.9070218  *    61    60    59
   120       H          1.09458680  *  119.0980151  * -179.7256924  *    62    61    60
   121       H          1.09120522  *  120.9315032  *  179.9458843  *    63    62    61
   122       H          1.11434879  *  108.8391876  *   44.1706595  *    66    65    56
   123       H          1.11493796  *  108.4804033  *  158.0189303  *    66    65    56
   124       H          1.11085136  *  110.2108567  * -179.3302131  *    67    66   122
   125       H          1.11054768  *  110.2831159  *  -64.2296023  *    67    66   122
   126       H          1.11074300  *  110.4120299  * -179.7230342  *    68    67   124
   127       H          1.11074830  *  110.4075706  *  179.9215786  *    68    67   125
   128       H          1.11057448  *  110.4007752  * -179.9086760  *    69    68   126
   129       H          1.11057715  *  110.3936321  *  -64.6998057  *    69    68   126
   130       H          1.11063190  *  110.5390745  *  179.8729048  *    70    69   128
   131       H          1.11063260  *  110.5394001  *  -64.7813544  *    70    69   128
   132       H          1.09957956  *  112.2957904  *  -62.4070725  *    71    70   130
   133       H          1.09966021  *  111.8367564  *   57.4353036  *    71    70   130
   134       H          1.09958149  *  112.2941476  *  177.2766406  *    71    70   130

                             CARTESIAN COORDINATES

   1    C        0.000000000     0.000000000     0.000000000
   2    C        1.519953060     0.000000000     0.000000000
   3    C        2.060003033     1.427993035     0.000000000
   4    C        3.586927282     1.429174744    -0.000105472
   5    C        4.121433978     2.858283606     0.000165515
   6    C        5.657228216     2.845688898    -0.001800941
   7    N        6.212770630     4.196202241    -0.005777868
   8    C        6.205959516     5.048369579    -1.129203255
   9    C        6.034500638     4.736838626    -2.475863506
  10    C        6.143518635     5.772746768    -3.389297265
  11    C        6.418551252     7.084076184    -2.978692216
  12    C        6.586310356     7.399605490    -1.634605709
  13    C        6.472276608     6.379767938    -0.706513520
  14    C        6.567308033     6.354793441     0.731171329
  15    C        6.358125939     5.009949287     1.140243785
  16    C        6.370961759     4.652370670     2.485617517
  17    C        6.604850648     5.660682512     3.408177147
  18    C        6.820299926     6.984423871     3.012652366
  19    C        6.803999919     7.342617050     1.672807824
  20    C        6.530199736     8.137254011    -3.982989481
  21    C        5.536580799     8.288074797    -4.948213392
  22    C        5.636395705     9.287680958    -5.906494836
  23    C        6.750722684    10.128550349    -5.893071734
  24    C        7.751873073     9.989099253    -4.928888580
  25    C        7.631443556     8.991558224    -3.971925156
  26    N        6.878659614    11.140245085    -6.887636308
  27    C        6.911260423    10.926880346    -8.266604355
  28    C        7.282460148    12.128785482    -8.877479684
  29    C        7.520093343    13.080517252    -7.860033850
  30    C        7.270284698    12.461622916    -6.633901637
  31    C        7.316184777    13.055589067    -5.325406845
  32    C        6.330704162    12.914049640    -4.418629710
  33    C        6.465459637    13.536375345    -3.095355695
  34    O        7.450606488    14.118632420    -2.664005837
  35    O        5.367307593    13.424548622    -2.321807415
  36    C        5.132797470    12.211117920    -4.701772175
  37    N        4.154587951    11.638447836    -4.929574586
  38    C        6.634513861     9.646451121    -8.876306276
  39    C        6.290217838     9.559775655   -10.165421720
  40    C        6.061028731     8.277556665   -10.805467742
  41    C        6.796896191     7.698610544   -11.818053669
  42    C        6.187543699     6.436481566   -12.118791592
  43    C        5.067246496     6.289920978   -11.260634666
  44    N        5.026761135     7.402155065   -10.406440504
  45    C        3.858174886     7.779916532    -9.614650252
  46    C        2.697461375     8.248817791   -10.504366288
  47    C        1.497139151     8.625230997    -9.641036908
  48    C        0.339304788     9.087566760   -10.510398268
  49    C        4.243899217     5.159246755   -11.311410087
  50    C        4.567082546     4.185040171   -12.229948110
  51    C        5.683110476     4.317247158   -13.083164170
  52    C        6.498510270     5.431590372   -13.034269271
  53    C        5.977490947     3.247395979   -14.032896397
  54    C        4.962317368     2.775709527   -14.875017806
  55    C        5.195100167     1.766701534   -15.796776749
  56    C        6.479779239     1.234517436   -15.854757108
  57    C        7.511284593     1.702773303   -14.996594689
  58    C        7.261902001     2.716617650   -14.088167797
  59    C        8.693866797     0.935650853   -15.298391901
  60    C        9.978997421     0.950642839   -14.783411168
  61    C       10.903275894     0.049991251   -15.293333776
  62    C       10.551437172    -0.851209419   -16.302151866
  63    C        9.272960547    -0.882366721   -16.838982587
  64    C        8.346778251     0.024246782   -16.331875005
  65    N        7.012853978     0.264040801   -16.734350043
  66    C        6.206636762    -0.705582393   -17.471301237
  67    C        5.777336393    -1.887147748   -16.589012109
  68    C        4.944168211    -2.872850945   -17.402651581
  69    C        4.509979414    -4.052078112   -16.535262325
  70    C        3.677827368    -5.042804092   -17.345678693
  71    C        3.245415421    -6.215753605   -16.481091698
  72    H        8.200564345    13.675960848    -5.113804808
  73    H        6.746692933     8.751228942    -8.251671984
  74    H        6.186044076    10.430853147   -10.822041600
  75    H       -0.417240449     0.506108851    -0.882522609
  76    H       -0.408908178    -1.020813467     0.000074550
  77    H       -0.417225650     0.506232339     0.882462215
  78    H        1.902240367    -0.561196138     0.878876096
  79    H        1.902262704    -0.561237658    -0.878844049
  80    H        1.672335800     1.985347105    -0.878893349
  81    H        1.672485668     1.985288385     0.879007650
  82    H        3.972722877     0.871145052     0.879396703
  83    H        3.972649510     0.871237352    -0.879710135
  84    H        3.740764196     3.420749937    -0.878854007
  85    H        3.741566509     3.419740801     0.879811497
  86    H        6.055287473     2.294429125     0.881123925
  87    H        6.051718310     2.296993147    -0.888781724
  88    H        5.823307601     3.718529198    -2.807350913
  89    H        6.022653004     5.557420609    -4.456143448
  90    H        6.790101598     8.422643058    -1.307603442
  91    H        6.205085275     3.624085718     2.810969951
  92    H        6.620955642     5.414912008     4.474818991
  93    H        7.003503587     7.747007632     3.774606629
  94    H        6.971490286     8.375640342     1.358253375
  95    H        4.660762496     7.631263125    -4.942707973
  96    H        4.838559095     9.423670113    -6.644712609
  97    H        8.628078752    10.645714575    -4.927268423
  98    H        8.414334900     8.868829577    -3.216534765
  99    H        7.383611789    12.303429965    -9.940449623
 100    H        7.821424064    14.110344258    -8.003393974
 101    H        5.502008455    13.850790214    -1.462890100
 102    H        7.677769969     8.103321076   -12.296592621
 103    H        3.555936112     6.904237947    -8.993712629
 104    H        4.148207391     8.575340788    -8.889757619
 105    H        3.012905569     9.109661614   -11.130822335
 106    H        2.422828683     7.456695225   -11.233218308
 107    H        1.182899825     7.765408158    -9.011916194
 108    H        1.770985915     9.420178969    -8.915038476
 109    H        0.006745875     8.308696952   -11.211720083
 110    H       -0.537792210     9.364859928    -9.907772565
 111    H        0.597694680     9.969282410   -11.114496677
 112    H        3.383158671     5.053720536   -10.648551718
 113    H        3.953263339     3.281050926   -12.294902787
 114    H        7.361996097     5.542561557   -13.694837196
 115    H        3.963882892     3.220781703   -14.812906759
 116    H        4.395211670     1.413225051   -16.449549996
 117    H        8.056958203     3.077085289   -13.430329418
 118    H       10.248918566     1.656999061   -13.994517810
 119    H       11.923865436     0.042179970   -14.901177872
 120    H       11.305003877    -1.550699023   -16.677613954
 121    H        9.012612473    -1.590910290   -17.626963376
 122    H        5.320984420    -0.184003716   -17.901822826
 123    H        6.793503780    -1.056614824   -18.351897621
 124    H        6.670025886    -2.388632232   -16.158187868
 125    H        5.206611428    -1.522881890   -15.708728321
 126    H        4.055969010    -2.364912489   -17.834913905
 127    H        5.519356648    -3.232544407   -18.282163185
 128    H        5.396741852    -4.560279690   -16.100798044
 129    H        3.932953630    -3.694270168   -15.656401514
 130    H        2.788143034    -4.540112391   -17.780725881
 131    H        4.251666613    -5.406603911   -18.224236024
 132    H        2.632489400    -5.899219989   -15.624818744
 133    H        2.644052690    -6.941585265   -17.047469526
 134    H        4.102089383    -6.769256883   -16.070210577


           Empirical Formula: C64 H63 N5 O2  =   134 atoms



      MOLECULAR POINT GROUP   :   C1  


                  EIGENVALUES  
 -40.17788 -39.80252 -39.61563 -39.51558 -39.11324 -37.45526 -36.79022 -36.60710
 -36.15773 -35.98340 -35.80422 -35.44718 -35.37572 -35.00000 -34.92505 -34.48136
 -33.85512 -33.04533 -32.76823 -32.48109 -32.22964 -31.73826 -31.11405 -30.90923
 -30.35164 -30.24291 -30.07860 -29.32592 -29.23680 -28.87711 -28.70697 -28.34325
 -27.93656 -27.53333 -27.40919 -27.06223 -26.68094 -26.43649 -24.95093 -24.67534
 -24.43314 -23.91065 -23.39594 -23.35666 -23.11736 -22.86070 -22.58597 -22.38352
 -22.24208 -21.87731 -21.78764 -21.56935 -21.47117 -21.35186 -21.30171 -21.27951
 -20.94046 -20.86750 -20.80054 -20.57849 -20.45795 -20.16607 -20.07678 -19.57911
 -19.11625 -18.18653 -18.00568 -17.92139 -17.73822 -17.68390 -17.58987 -17.31535
 -17.23905 -16.89974 -16.80303 -16.47109 -16.39688 -16.28648 -16.26783 -16.20437
 -16.11933 -15.91536 -15.89615 -15.74199 -15.73240 -15.66975 -15.64794 -15.52338
 -15.43054 -15.18381 -15.05239 -15.02507 -14.98555 -14.95577 -14.89831 -14.83288
 -14.78418 -14.76038 -14.65002 -14.59468 -14.58350 -14.54206 -14.52608 -14.46168
 -14.39605 -14.38953 -14.29454 -14.27856 -14.23635 -14.13002 -14.07270 -14.02286
 -13.92987 -13.90269 -13.74533 -13.72153 -13.70851 -13.63514 -13.52187 -13.47700
 -13.38476 -13.34488 -13.32567 -13.29551 -13.26121 -13.09386 -13.08684 -12.76220
 -12.72110 -12.71051 -12.64644 -12.63523 -12.60372 -12.49588 -12.47976 -12.45036
 -12.41823 -12.34941 -12.27883 -12.26744 -12.17896 -12.16252 -12.07384 -12.05039
 -12.00503 -11.99168 -11.96345 -11.91041 -11.78987 -11.75020 -11.72619 -11.70795
 -11.65734 -11.54193 -11.53338 -11.42933 -11.38102 -11.33329 -11.29543 -11.23109
 -11.16094 -11.10067 -10.73771 -10.47082 -10.29785 -10.22256 -10.15191  -9.91577
  -9.70204  -9.48635  -9.17593  -8.75798  -8.56997  -8.53571  -8.32473  -8.19569
  -8.15253  -7.84046  -0.90010  -0.26697  -0.02478   0.10100   0.17731   0.27843
   0.39056   0.44657   0.57234   0.88373   0.95779   1.16398   1.17822   1.24671
   1.34272   1.42010   1.59735   1.64337   1.75496   1.77846   1.91637   1.99251
   2.22599   2.34054   2.51652   2.57829   2.88359   3.01876   3.02857   3.20048
   3.28954   3.40854   3.44757   3.52026   3.55716   3.65136   3.66704   3.77462
   3.78450   3.78856   3.79871   3.85863   3.86849   3.87893   3.89283   3.91896
   3.97705   4.00639   4.02026   4.02807   4.03589   4.06548   4.12575   4.13290
   4.13451   4.18844   4.21972   4.24493   4.24865   4.27733   4.28696   4.29722
   4.32909   4.34487   4.35251   4.36172   4.36989   4.40699   4.42453   4.43661
   4.44164   4.45175   4.48244   4.48687   4.49471   4.50901   4.55586   4.57537
   4.58283   4.59414   4.60205   4.65288   4.66201   4.71081   4.71646   4.72159
   4.73614   4.75203   4.79675   4.82117   4.82680   4.83086   4.84451   4.88203
   4.89363   4.90526   4.91470   4.92823   4.93892   4.94592   4.95475   4.97651
   4.98436   4.98643   4.99700   4.99923   5.01737   5.02541   5.05925   5.07580
   5.09265   5.09657   5.13505   5.14992   5.15605   5.17034   5.20023   5.20850
   5.21426   5.22620   5.25102   5.27025   5.29527   5.30507   5.32010   5.34084
   5.34325   5.37186   5.37242   5.42005   5.44095   5.48911   5.52204   5.52995
   5.53907   5.54445   5.54749   5.58136   5.58762   5.59190   5.61986   5.71754
   5.80218   5.84301   5.88452   5.89563   5.92666   5.95269   5.98063   6.01324
   6.01993   6.07711   6.08111   6.11298   6.15581   6.16931   6.27311   6.28998
   6.31252   6.36740   6.36892   6.39715   6.43325   6.52504   6.55060   6.61774
   6.65547   6.70572   6.73084


              NET ATOMIC CHARGES AND DIPOLE CONTRIBUTIONS

  ATOM NO.   TYPE          CHARGE      No. of ELECS.   s-Pop       p-Pop
   34          O          -0.377275        6.3773     1.91039     4.46688
   33          C           0.401557        3.5984     1.18045     2.41799     
   35          O          -0.310200        6.3102     1.83999     4.47021
  101          H           0.244454        0.7555     0.75555
   36          C           0.057250        3.9428     1.19335     2.74940
   37          N          -0.151797        5.1518     1.84725     3.30455
    1          C          -0.177790        4.1778     1.15569     3.02210
    2          C          -0.112267        4.1123     1.16677     2.94550
    3          C          -0.122937        4.1229     1.17071     2.95223
    4          C          -0.118899        4.1189     1.16947     2.94943
    5          C          -0.169641        4.1696     1.17989     2.98975
    6          C           0.062366        3.9376     1.15783     2.77980
    7          N          -0.286973        5.2870     1.52070     3.76627
    8          C           0.120237        3.8798     1.15353     2.72623
    9          C          -0.170731        4.1707     1.17071     3.00002
   10          C          -0.045199        4.0452     1.17540     2.86980
   11          C          -0.097122        4.0971     1.15982     2.93730
   12          C          -0.023773        4.0238     1.16867     2.85510
   13          C          -0.093395        4.0934     1.15931     2.93408
   14          C          -0.091509        4.0915     1.15912     2.93239
   15          C           0.114512        3.8855     1.15347     2.73202
   16          C          -0.167487        4.1675     1.17055     2.99694
   17          C          -0.053575        4.0536     1.17645     2.87712
   18          C          -0.157175        4.1572     1.17812     2.97906
   19          C          -0.035445        4.0354     1.16943     2.86602
   20          C           0.008037        3.9920     1.16201     2.82995
   21          C          -0.093587        4.0936     1.17935     2.91423
   22          C          -0.094618        4.0946     1.18096     2.91366
   23          C           0.064870        3.9351     1.14565     2.78948
   24          C          -0.116739        4.1167     1.18109     2.93565
   25          C          -0.097100        4.0971     1.17923     2.91787
   26          N          -0.153578        5.1536     1.48587     3.66771
   27          C           0.054609        3.9454     1.15796     2.78743
   28          C          -0.185608        4.1856     1.18023     3.00538
   29          C          -0.105462        4.1055     1.17901     2.92645
   30          C          -0.084297        4.0843     1.15468     2.92962
   31          C           0.106667        3.8933     1.17631     2.71703
   32          C          -0.134445        4.1344     1.14171     2.99273
   38          C          -0.093957        4.0940     1.17335     2.92060
   39          C          -0.078586        4.0786     1.17387     2.90471
   40          C           0.046383        3.9536     1.15866     2.79496
   41          C          -0.179338        4.1793     1.17599     3.00335
   42          C          -0.082134        4.0821     1.16175     2.92038
   43          C           0.064639        3.9354     1.15247     2.78289
   44          N          -0.255418        5.2554     1.51844     3.73698
   45          C           0.056348        3.9437     1.15892     2.78473
   46          C          -0.163876        4.1639     1.17939     2.98449
   47          C          -0.109987        4.1100     1.16580     2.94418
   48          C          -0.177223        4.1772     1.15545     3.02177
   49          C          -0.144567        4.1446     1.16908     2.97548
   50          C          -0.071965        4.0720     1.17604     2.89593
   51          C          -0.058683        4.0587     1.15973     2.89895
   52          C          -0.048301        4.0483     1.16994     2.87836
   53          C          -0.064152        4.0642     1.16040     2.90375
   54          C          -0.057747        4.0577     1.17624     2.88151
   55          C          -0.166328        4.1663     1.17015     2.99617
   56          C           0.108249        3.8918     1.15382     2.73793
   57          C          -0.088120        4.0881     1.15942     2.92870
   58          C          -0.039717        4.0397     1.16979     2.86993
   59          C          -0.090143        4.0901     1.15961     2.93053
   60          C          -0.036423        4.0364     1.16952     2.86690
   61          C          -0.159099        4.1591     1.17784     2.98125
   62          C          -0.055939        4.0559     1.17609     2.87985
   63          C          -0.168657        4.1687     1.17049     2.99816
   64          C           0.111321        3.8887     1.15400     2.73468
   65          N          -0.286955        5.2870     1.52764     3.75931
   66          C           0.061643        3.9384     1.15760     2.78075
   67          C          -0.170797        4.1708     1.18002     2.99078
   68          C          -0.118449        4.1184     1.16940     2.94905
   69          C          -0.122926        4.1229     1.17070     2.95222
   70          C          -0.112335        4.1123     1.16679     2.94555
   71          C          -0.177509        4.1775     1.15570     3.02181
   72          H           0.140706        0.8593     0.85929
   73          H           0.130509        0.8695     0.86949
   74          H           0.124980        0.8750     0.87502
   75          H           0.058721        0.9413     0.94128
   76          H           0.057136        0.9429     0.94286
   77          H           0.058831        0.9412     0.94117
   78          H           0.060048        0.9400     0.93995
   79          H           0.060023        0.9400     0.93998
   80          H           0.065038        0.9350     0.93496
   81          H           0.065359        0.9346     0.93464
   82          H           0.062385        0.9376     0.93762
   83          H           0.062255        0.9377     0.93775
   84          H           0.080790        0.9192     0.91921
   85          H           0.081589        0.9184     0.91841
   86          H           0.078943        0.9211     0.92106
   87          H           0.077460        0.9225     0.92254
   88          H           0.119862        0.8801     0.88014
   89          H           0.107322        0.8927     0.89268
   90          H           0.114116        0.8859     0.88588
   91          H           0.117004        0.8830     0.88300
   92          H           0.101207        0.8988     0.89879
   93          H           0.108617        0.8914     0.89138
   94          H           0.107549        0.8925     0.89245
   95          H           0.121303        0.8787     0.87870
   96          H           0.131935        0.8681     0.86806
   97          H           0.124549        0.8755     0.87545
   98          H           0.120998        0.8790     0.87900
   99          H           0.135895        0.8641     0.86410
  100          H           0.130190        0.8698     0.86981
  102          H           0.133492        0.8665     0.86651
  103          H           0.075441        0.9246     0.92456
  104          H           0.080220        0.9198     0.91978
  105          H           0.080503        0.9195     0.91950
  106          H           0.081945        0.9181     0.91806
  107          H           0.059909        0.9401     0.94009
  108          H           0.065290        0.9347     0.93471
  109          H           0.059572        0.9404     0.94043
  110          H           0.059700        0.9403     0.94030
  111          H           0.060965        0.9390     0.93903
  112          H           0.112422        0.8876     0.88758
  113          H           0.105995        0.8940     0.89401
  114          H           0.113622        0.8864     0.88638
  115          H           0.107134        0.8929     0.89287
  116          H           0.115734        0.8843     0.88427
  117          H           0.114775        0.8852     0.88523
  118          H           0.107584        0.8924     0.89242
  119          H           0.106966        0.8930     0.89303
  120          H           0.099402        0.9006     0.90060
  121          H           0.115916        0.8841     0.88408
  122          H           0.077557        0.9224     0.92244
  123          H           0.076708        0.9233     0.92329
  124          H           0.081139        0.9189     0.91886
  125          H           0.080896        0.9191     0.91910
  126          H           0.061798        0.9382     0.93820
  127          H           0.061818        0.9382     0.93818
  128          H           0.064962        0.9350     0.93504
  129          H           0.064871        0.9351     0.93513
  130          H           0.059832        0.9402     0.94017
  131          H           0.059881        0.9401     0.94012
  132          H           0.058393        0.9416     0.94161
  133          H           0.056557        0.9434     0.94344
  134          H           0.058499        0.9415     0.94150
 DIPOLE           X         Y         Z       TOTAL
 POINT-CHG.    -1.832    -3.815     0.367     4.248
 HYBRID        -0.033     0.175     0.686     0.709
 SUM           -1.865    -3.640     1.053     4.223


          ATOMIC ORBITAL ELECTRON POPULATIONS

     Atom    s        px        py        pz   
    1  C   1.15569   0.96270   1.02926   1.03015
    2  C   1.16677   0.95492   0.96432   1.02626
    3  C   1.17071   0.94592   0.97320   1.03311
    4  C   1.16947   0.96510   0.95591   1.02842
    5  C   1.17989   0.95044   0.98516   1.05414
    6  C   1.15783   0.93247   0.80969   1.03764
    7  N   1.52070   1.60894   1.09849   1.05884
    8  C   1.15353   0.97248   0.88127   0.87248
    9  C   1.17071   1.08322   0.99840   0.91840
   10  C   1.17540   0.96658   0.92013   0.98308
   11  C   1.15982   1.06845   0.93574   0.93312
   12  C   1.16867   0.96232   0.97586   0.91692
   13  C   1.15931   1.07535   0.93084   0.92790
   14  C   1.15912   1.07669   0.93198   0.92372
   15  C   1.15347   0.98174   0.88437   0.86590
   16  C   1.17055   1.08134   0.99793   0.91767
   17  C   1.17645   0.96698   0.93052   0.97962
   18  C   1.17812   1.04867   0.96693   0.96345
   19  C   1.16943   0.96623   0.97322   0.92657
   20  C   1.16201   0.94175   0.94442   0.94378
   21  C   1.17935   0.98617   0.98089   0.94717
   22  C   1.18096   0.96055   0.95518   0.99793
   23  C   1.14565   0.96624   0.91184   0.91140
   24  C   1.18109   0.97695   0.99598   0.96272
   25  C   1.17923   0.98059   0.95180   0.98549
   26  N   1.48587   1.51900   1.08173   1.06698
   27  C   1.15796   1.04353   0.94942   0.79448
   28  C   1.18023   1.08796   0.92882   0.98860
   29  C   1.17901   1.03158   0.98833   0.90654
   30  C   1.15468   1.12864   0.85651   0.94447
   31  C   1.17631   0.94021   0.88674   0.89008
   32  C   1.14171   0.94610   1.08622   0.96041
   33  C   1.18045   0.80871   0.76239   0.84689
   34  O   1.91039   1.35215   1.39262   1.72211
   35  O   1.83999   1.41460   1.74621   1.30940
   36  C   1.19335   0.91352   0.91763   0.91826
   37  N   1.84725   1.10696   1.10372   1.09387
   38  C   1.17335   1.00295   0.95379   0.96386
   39  C   1.17387   0.99273   0.96037   0.95162
   40  C   1.15866   0.92796   0.89946   0.96755
   41  C   1.17599   1.02804   0.96841   1.00690
   42  C   1.16175   0.97168   0.96174   0.98696
   43  C   1.15247   0.97844   0.89254   0.91191
   44  N   1.51844   1.20238   1.16156   1.37304
   45  C   1.15892   0.84511   1.01320   0.92642
   46  C   1.17939   0.95400   1.04065   0.98984
   47  C   1.16580   0.94861   1.01852   0.97705
   48  C   1.15545   0.98750   1.02485   1.00942
   49  C   1.16908   1.00714   0.94597   1.02237
   50  C   1.17604   0.96424   0.97678   0.95490
   51  C   1.15973   0.96853   0.95122   0.97921
   52  C   1.16994   0.98198   0.92853   0.96784
   53  C   1.16040   0.93998   0.98102   0.98275
   54  C   1.17624   0.98077   0.95304   0.94769
   55  C   1.17015   0.95438   1.01134   1.03045
   56  C   1.15382   0.93467   0.91317   0.89009
   57  C   1.15942   0.93152   1.00206   0.99512
   58  C   1.16979   0.95812   0.94778   0.96404
   59  C   1.15961   0.94362   0.99425   0.99266
   60  C   1.16952   0.92229   0.96976   0.97485
   61  C   1.17784   0.99417   0.98762   0.99947
   62  C   1.17609   0.95105   0.97185   0.95696
   63  C   1.17049   0.94488   1.01806   1.03522
   64  C   1.15400   0.83818   0.95971   0.93679
   65  N   1.52764   1.07982   1.27999   1.39950
   66  C   1.15760   0.95631   0.89132   0.93313
   67  C   1.18002   1.02452   0.97055   0.99571
   68  C   1.16940   1.00081   0.96487   0.98337
   69  C   1.17070   1.00743   0.96115   0.98365
   70  C   1.16679   1.00199   0.96304   0.98051
   71  C   1.15570   1.02353   0.98863   1.00966
   72  H   0.85929
   73  H   0.86949
   74  H   0.87502
   75  H   0.94128
   76  H   0.94286
   77  H   0.94117
   78  H   0.93995
   79  H   0.93998
   80  H   0.93496
   81  H   0.93464
   82  H   0.93762
   83  H   0.93775
   84  H   0.91921
   85  H   0.91841
   86  H   0.92106
   87  H   0.92254
   88  H   0.88014
   89  H   0.89268
   90  H   0.88588
   91  H   0.88300
   92  H   0.89879
   93  H   0.89138
   94  H   0.89245
   95  H   0.87870
   96  H   0.86806
   97  H   0.87545
   98  H   0.87900
   99  H   0.86410
  100  H   0.86981
  101  H   0.75555
  102  H   0.86651
  103  H   0.92456
  104  H   0.91978
  105  H   0.91950
  106  H   0.91806
  107  H   0.94009
  108  H   0.93471
  109  H   0.94043
  110  H   0.94030
  111  H   0.93903
  112  H   0.88758
  113  H   0.89401
  114  H   0.88638
  115  H   0.89287
  116  H   0.88427
  117  H   0.88523
  118  H   0.89242
  119  H   0.89303
  120  H   0.90060
  121  H   0.88408
  122  H   0.92244
  123  H   0.92329
  124  H   0.91886
  125  H   0.91910
  126  H   0.93820
  127  H   0.93818
  128  H   0.93504
  129  H   0.93513
  130  H   0.94017
  131  H   0.94012
  132  H   0.94161
  133  H   0.94344
  134  H   0.94150
 ******************** TDHF POLARIZABILITIES ********************



          MOLECULAR WEIGHT =  934.23



          ROTATIONAL CONSTANTS IN CM(-1)

          A =    0.00088307   B =    0.00033910   C =    0.00027468



           PRINCIPAL MOMENTS OF INERTIA IN UNITS OF 10**(-40)*GRAM-CM**2

          A =    31699.4945   B =    82549.1200   C =   101910.6114


 ROTATION MATRIX FOR ORIENTATION OF MOLECULE:

         0.030709    0.168724    0.985185
        -0.507911    0.851543   -0.130004
        -0.860862   -0.496394    0.111847


          CARTESIAN COORDINATES 

    NO.       ATOM         X         Y         Z

     1         C       -4.2207   -9.5813   -4.1659
     2         C       -4.1740   -9.3248   -2.6685
     3         C       -4.8827   -8.0177   -2.3221
     4         C       -4.8364   -7.7590   -0.8180
     5         C       -5.5460   -6.4520   -0.4771
     6         C       -5.4908   -6.2026    1.0373
     7         N       -6.1562   -4.9569    1.4086
     8         C       -5.6222   -3.6748    1.1655
     9         C       -4.3099   -3.3005    0.8864
    10         C       -4.0464   -1.9466    0.7570
    11         C       -5.0574   -0.9873    0.9034
    12         C       -6.3696   -1.3575    1.1780
    13         C       -6.6541   -2.7059    1.3020
    14         C       -7.8761   -3.4248    1.5597
    15         C       -7.5517   -4.8083    1.5742
    16         C       -8.5278   -5.7785    1.7838
    17         C       -9.8270   -5.3384    1.9863
    18         C      -10.1522   -3.9785    1.9823
    19         C       -9.1812   -3.0111    1.7698
    20         C       -4.7244    0.4269    0.7642
    21         C       -4.0006    0.8668   -0.3423
    22         C       -3.6803    2.2105   -0.4811
    23         C       -4.0847    3.1079    0.5089
    24         C       -4.8131    2.6795    1.6212
    25         C       -5.1340    1.3347    1.7393
    26         N       -3.7384    4.4847    0.3922
    27         C       -2.4419    4.9930    0.2978
    28         C       -2.5151    6.3824    0.4389
    29         C       -3.8671    6.7278    0.6631
    30         C       -4.6160    5.5500    0.6346
    31         C       -6.0427    5.4140    0.7489
    32         C       -6.7816    4.6771   -0.1021
    33         C       -8.2328    4.5729    0.0977
    34         O       -8.8696    5.0208    1.0408
    35         O       -8.8756    3.9084   -0.8831
    36         C       -6.2177    4.0170   -1.2226
    37         N       -5.7607    3.4774   -2.1373
    38         C       -1.2752    4.1586    0.1234
    39         C       -0.1320    4.6666   -0.3487
    40         C        1.0632    3.8538   -0.4794
    41         C        2.2515    3.9876    0.2076
    42         C        3.1328    2.9593   -0.2623
    43         C        2.4340    2.2195   -1.2509
    44         N        1.1325    2.7358   -1.3399
    45         C        0.2232    2.4673   -2.4517
    46         C        0.7153    3.1124   -3.7557
    47         C       -0.2560    2.8018   -4.8906
    48         C        0.2220    3.4317   -6.1886
    49         C        3.0267    1.1430   -1.9208
    50         C        4.3222    0.8239   -1.5785
    51         C        5.0238    1.5483   -0.5916
    52         C        4.4408    2.6105    0.0723
    53         C        6.3939    1.1584   -0.2687
    54         C        7.3272    1.0035   -1.3017
    55         C        8.6404    0.6411   -1.0443
    56         C        9.0000    0.4335    0.2840
    57         C        8.0551    0.5803    1.3354
    58         C        6.7505    0.9506    1.0595
    59         C        8.7409    0.2764    2.5664
    60         C        8.3294    0.2503    3.8882
    61         C        9.2542   -0.1076    4.8588
    62         C       10.5696   -0.4336    4.5165
    63         C       11.0083   -0.4093    3.2010
    64         C       10.0828   -0.0453    2.2274
    65         N       10.2665    0.1336    0.8370
    66         C       11.3686   -0.4623    0.0864
    67         C       11.1961   -1.9788   -0.0843
    68         C       12.3716   -2.5549   -0.8680
    69         C       12.2105   -4.0629   -1.0454
    70         C       13.3858   -4.6446   -1.8271
    71         C       13.2240   -6.1456   -2.0039
    72         H       -6.5128    5.9865    1.5632
    73         H       -1.3548    3.1052    0.4202
    74         H       -0.0124    5.7168   -0.6380
    75         H       -3.7308   -8.7826   -4.7415
    76         H       -3.7148  -10.5196   -4.4361
    77         H       -5.2503   -9.6586   -4.5441
    78         H       -4.6338  -10.1745   -2.1206
    79         H       -3.1207   -9.3020   -2.3172
    80         H       -4.4211   -7.1722   -2.8748
    81         H       -5.9344   -8.0449   -2.6780
    82         H       -5.2982   -8.6057   -0.2670
    83         H       -3.7839   -7.7324   -0.4638
    84         H       -5.0867   -5.6009   -1.0236
    85         H       -6.6001   -6.4747   -0.8260
    86         H       -5.9586   -7.0432    1.5999
    87         H       -4.4364   -6.1630    1.3981
    88         H       -3.5138   -4.0387    0.7737
    89         H       -3.0223   -1.6207    0.5466
    90         H       -7.1645   -0.6143    1.2823
    91         H       -8.2907   -6.8436    1.7905
    92         H      -10.6199   -6.0744    2.1535
    93         H      -11.1898   -3.6764    2.1488
    94         H       -9.4300   -1.9470    1.7653
    95         H       -3.6986    0.1570   -1.1191
    96         H       -3.1383    2.5582   -1.3674
    97         H       -5.1211    3.3856    2.3992
    98         H       -5.6979    0.9873    2.6110
    99         H       -1.6856    7.0758    0.3970
   100         H       -4.2575    7.7268    0.8101
   101         H       -9.8274    3.8678   -0.7097
   102         H        2.4850    4.7184    0.9693
   103         H        0.1241    1.3624   -2.5662
   104         H       -0.7960    2.8337   -2.1883
   105         H        0.8270    4.2096   -3.6269
   106         H        1.7366    2.7533   -4.0048
   107         H       -0.3705    1.7043   -5.0181
   108         H       -1.2763    3.1646   -4.6430
   109         H        1.2112    3.0605   -6.4935
   110         H       -0.4645    3.2207   -7.0214
   111         H        0.3022    4.5260   -6.1163
   112         H        2.4833    0.5789   -2.6809
   113         H        4.8184   -0.0172   -2.0729
   114         H        4.9796    3.1786    0.8347
   115         H        7.0170    1.1832   -2.3363
   116         H        9.3573    0.5292   -1.8594
   117         H        6.0255    1.0651    1.8695
   118         H        7.2998    0.5058    4.1505
   119         H        8.9519   -0.1367    5.9091
   120         H       11.2712   -0.7157    5.3078
   121         H       12.0385   -0.6654    2.9485
   122         H       11.4472    0.0462   -0.9021
   123         H       12.3230   -0.2250    0.6117
   124         H       11.1073   -2.4691    0.9086
   125         H       10.2357   -2.2019   -0.5955
   126         H       12.4584   -2.0576   -1.8574
   127         H       13.3291   -2.3275   -0.3529
   128         H       12.1218   -4.5617   -0.0571
   129         H       11.2544   -4.2918   -1.5621
   130         H       13.4776   -4.1507   -2.8176
   131         H       14.3445   -4.4215   -1.3127
   132         H       12.3072   -6.4045   -2.5531
   133         H       14.0617   -6.5840   -2.5653
   134         H       13.1777   -6.6763   -1.0420


 ENERGY OF "REORIENTED" SYSTEM WITHOUT FIELD:       93.8880079899


  NFREQ=  3  IWFLB=  0  IBET=  1  IGAM=  1
  ATOL= 0.10000D-02  BTOL= 0.10000D-02    MAXITU=  500    MAXITA=  150


 *****************************************************************
 CALCULATION OF STATIC FIELD QUANTITIES
 *****************************************************************

 +++++ ALPHA AT       0.00000 EV.

                           COMPONENTS OF ALPHA

                     *X           *Y           *Z
           *=X:     934.4583     -31.4360     -10.5841
           *=Y:     -31.4484     626.8711      16.7738
           *=Z:     -10.5856      16.7578     482.0460

  ISOTROPIC AVERAGE ALPHA =     681.12516 A.U. =    100.93233 ANG.**3

 +++++ BETA (SECOND HARMONIC GENERATION) AT       0.00000 EV.

                              COMPONENTS OF BETA
            *XX         *XY         *YY         *XZ         *YZ         *ZZ
   *=X  3810.63290   163.01205  -919.90810   632.68752   -17.31342     0.41446
   *=Y   162.82920  -919.82461 -1212.26097   -17.33001   178.16434    15.98193
   *=Z   632.90175   -17.18999   178.28214     0.57360    15.89678  -486.31082


 AVERAGE BETAX(SHG) VALUE AT   0.00000 EV =       1734.7806 a.u. =  0.149875E-28 ESU
 AVERAGE BETAY(SHG) VALUE AT   0.00000 EV =       -620.0308 a.u. = -0.535671E-29 ESU
 AVERAGE BETAZ(SHG) VALUE AT   0.00000 EV =        194.7910 a.u. =  0.168288E-29 ESU



 AVERAGE BETA (SHG) VALUE AT   0.00000 EV =       1852.5241 a.u. =  0.160047E-28 ESU
   (1 a.u. = 8.639418X10-33 esu)



 +++++ ALPHA AT       0.00000 EV.

                           COMPONENTS OF ALPHA

                     *X           *Y           *Z
           *=X:     934.4582     -31.4360     -10.5841
           *=Y:     -31.4483     626.8711      16.7738
           *=Z:     -10.5856      16.7578     482.0460

  ISOTROPIC AVERAGE ALPHA =     681.12511 A.U. =    100.93233 ANG.**3


 GAMMA (THIRD HARMONIC GENERATION) AT    0.00000 EV.


 GAMMA(X,X,X,X) =       1465829.86181
 GAMMA(Y,Y,Y,Y) =        459256.14954
 GAMMA(Z,Z,Z,Z) =         83543.83509
 GAMMA(X,X,Y,Y) =        162810.07358
 GAMMA(X,X,Z,Z) =         69034.93351
 GAMMA(Y,Y,X,X) =        162810.07449
 GAMMA(Y,Y,Z,Z) =         25260.09946
 GAMMA(Z,Z,X,X) =         69034.87415
 GAMMA(Z,Z,Y,Y) =         25260.07389


 AVERAGE GAMMA VALUE AT    0.00000 =        504567.99510 a.u. =       254135.89227 ESU (X10-39)




 **********************************************************************
 CALCULATION FOR A FREQUENCY OF    0.25000 EV  =       0.00919 A.U. 
                  WAVELENGTH OF    4959.37 NM  =    2016.38525 CM(-1)
 **********************************************************************

 +++++ ALPHA AT       0.25000 EV.

                           COMPONENTS OF ALPHA

                     *X           *Y           *Z
           *=X:     937.5654     -31.4469     -10.4496
           *=Y:     -31.4549     628.1985      16.6718
           *=Z:     -10.4513      16.6584     482.7889

  ISOTROPIC AVERAGE ALPHA =     682.85090 A.U. =    101.18806 ANG.**3

 +++++ BETA (SECOND HARMONIC GENERATION) AT       0.25000 EV.

                              COMPONENTS OF BETA
            *XX         *XY         *YY         *XZ         *YZ         *ZZ
   *=X  3974.85506   174.61724  -952.62311   654.06113   -15.66696    -2.44725
   *=Y   162.81852  -943.99266 -1251.14315   -15.75499   184.09444    17.12868
   *=Z   660.17275   -14.18563   182.90588     2.46253    15.86657  -495.15189


 AVERAGE BETAX(SHG) VALUE AT   0.25000 EV =       1817.2869 a.u. =  0.157003E-28 ESU
 AVERAGE BETAY(SHG) VALUE AT   0.25000 EV =       -638.5029 a.u. = -0.551629E-29 ESU
 AVERAGE BETAZ(SHG) VALUE AT   0.25000 EV =        206.7868 a.u. =  0.178652E-29 ESU



 AVERAGE BETA (SHG) VALUE AT   0.25000 EV =       1937.2606 a.u. =  0.167368E-28 ESU
   (1 a.u. = 8.639418X10-33 esu)



 +++++ ALPHA AT       0.75000 EV.

                           COMPONENTS OF ALPHA

                     *X           *Y           *Z
           *=X:     963.5687     -31.5152      -9.2932
           *=Y:     -31.5299     639.1763      15.8256
           *=Z:      -9.2932      15.8124     488.8776

  ISOTROPIC AVERAGE ALPHA =     697.20751 A.U. =    103.31549 ANG.**3


 GAMMA (THIRD HARMONIC GENERATION) AT    0.25000 EV.


 GAMMA(X,X,X,X) =       1606425.18057
 GAMMA(Y,Y,Y,Y) =        490563.53480
 GAMMA(Z,Z,Z,Z) =         87103.49273
 GAMMA(X,X,Y,Y) =        174829.79368
 GAMMA(X,X,Z,Z) =         73348.25953
 GAMMA(Y,Y,X,X) =        173003.75325
 GAMMA(Y,Y,Z,Z) =         26225.19475
 GAMMA(Z,Z,X,X) =         73291.75254
 GAMMA(Z,Z,Y,Y) =         26477.31861


 AVERAGE GAMMA VALUE AT    0.25000 =        546253.65609 a.u. =       275131.71989 ESU (X10-39)




 **********************************************************************
 CALCULATION FOR A FREQUENCY OF    0.50000 EV  =       0.01837 A.U. 
                  WAVELENGTH OF    2479.68 NM  =    4032.77050 CM(-1)
 **********************************************************************

 +++++ ALPHA AT       0.50000 EV.

                           COMPONENTS OF ALPHA

                     *X           *Y           *Z
           *=X:     947.0374     -31.4737     -10.0319
           *=Y:     -31.4840     632.2334      16.3663
           *=Z:     -10.0331      16.3526     485.0395

  ISOTROPIC AVERAGE ALPHA =     688.10341 A.U. =    101.96640 ANG.**3

 +++++ BETA (SECOND HARMONIC GENERATION) AT       0.50000 EV.

                              COMPONENTS OF BETA
            *XX         *XY         *YY         *XZ         *YZ         *ZZ
   *=X  4546.28623   216.42527 -1063.62164   726.70271   -10.05962   -12.89119
   *=Y   159.89983 -1023.63452 -1380.76622   -10.41384   203.85202    21.20214
   *=Z   753.90316    -3.44500   198.03995     9.28833    15.59828  -523.40388


 AVERAGE BETAX(SHG) VALUE AT   0.50000 EV =       2106.7307 a.u. =  0.182009E-28 ESU
 AVERAGE BETAY(SHG) VALUE AT   0.50000 EV =       -699.4299 a.u. = -0.604267E-29 ESU
 AVERAGE BETAZ(SHG) VALUE AT   0.50000 EV =        248.5682 a.u. =  0.214748E-29 ESU



 AVERAGE BETA (SHG) VALUE AT   0.50000 EV =       2233.6747 a.u. =  0.192976E-28 ESU
   (1 a.u. = 8.639418X10-33 esu)



 +++++ ALPHA AT       1.50000 EV.

                           COMPONENTS OF ALPHA

                     *X           *Y           *Z
           *=X:    1074.4672     -31.6131      -4.1278
           *=Y:     -31.6360     682.4089      12.0839
           *=Z:      -4.1256      12.0673     511.7672

  ISOTROPIC AVERAGE ALPHA =     756.21442 A.U. =    112.05941 ANG.**3


 GAMMA (THIRD HARMONIC GENERATION) AT    0.50000 EV.


 GAMMA(X,X,X,X) =       2198078.82334
 GAMMA(Y,Y,Y,Y) =        611095.86265
 GAMMA(Z,Z,Z,Z) =         99526.28619
 GAMMA(X,X,Y,Y) =        221673.99631
 GAMMA(X,X,Z,Z) =         89522.77819
 GAMMA(Y,Y,X,X) =        210958.65360
 GAMMA(Y,Y,Z,Z) =         29582.99495
 GAMMA(Z,Z,X,X) =         89120.14055
 GAMMA(Z,Z,Y,Y) =         30986.77477


 AVERAGE GAMMA VALUE AT    0.50000 =        716109.26211 a.u. =       360682.93680 ESU (X10-39)



 **********************
 *                    *
 * JOB ENDED NORMALLY *
 *                    *
 **********************



 TOTAL JOB TIME:           424.37 SECONDS

 == MOPAC DONE ==
