 *******************************************************************************
 ** Site#: 4824         For non-commercial use only    Version 21.013L 64BITS **
 *******************************************************************************
 ** Cite this program as: MOPAC2016, Version: 21.013L, James J. P. Stewart,   **
 ** Stewart Computational Chemistry, web: HTTP://OpenMOPAC.net. Days left:  87**
 *******************************************************************************
 **                                                                           **
 **                                MOPAC2016                                  **
 **                                                                           **
 *******************************************************************************

                              RM1 CALCULATION RESULTS

 *******************************************************************************
 *  CALCULATION DONE:                                Mon Oct 18 10:24:43 2021  *
 *  RM1        - The RM1 Hamiltonian to be used
 *  POLAR      - CALCULATE FIRST, SECOND AND THIRD-ORDER POLARIZABILITIES
 *  PRECISE    - TIGHTER CRITERIA TO BE USED
 *  XYZ        - CARTESIAN COORDINATE SYSTEM TO BE USED
 *  T=         - A TIME OF 172800.0 SECONDS REQUESTED
 *  DUMP=N     - RESTART FILE WRITTEN EVERY 7200.0 SECONDS REQUESTED
 *  GNORM      - EXIT WHEN GRADIENT NORM DROPS BELOW 0.100
 *******************************************************************************
RM1 PRECISE POLAR XYZ GNORM=0.1


   ATOM   CHEMICAL          X               Y               Z
  NUMBER   SYMBOL      (ANGSTROMS)     (ANGSTROMS)     (ANGSTROMS)
 
     1       N          0.00035707  *   0.01382528  *  -0.00066889  *
     2       C          1.15719400  *  -0.00779936  *   0.00055251  *
     3       C          2.57222200  *  -0.00222589  *   0.00002705  *
     4       C          3.32648004  *  -1.12105440  *   0.07338025  *
     5       C          2.83916670  *  -2.46115902  *   0.16121826  *
     6       C          3.69312197  *  -3.54696208  *   0.23120963  *
     7       C          2.96864180  *  -4.75303407  *   0.31055357  *
     8       C          1.58226283  *  -4.53666041  *   0.29775313  *
     9       S          1.18409115  *  -2.91648556  *   0.19230430  *
    10       C          0.88160704  *  -5.75607766  *   0.37735738  *
    11       C          1.76010875  *  -6.84005334  *   0.44714805  *
    12       S          3.39894112  *  -6.39497288  *   0.41736533  *
    13       C          1.07919294  *  -8.08384012  *   0.53247307  *
    14       C         -0.27567182  *  -7.89275234  *   0.52493971  *
    15       S         -0.73475612  *  -6.23321520  *   0.40888405  *
    16       C         -1.26663890  *  -8.94089850  *   0.58316748  *
    17       C         -2.38344356  *  -8.80512832  *   1.42328834  *
    18       C         -3.34842510  *  -9.79355325  *   1.50919901  *
    19       C         -3.17134108  * -10.92944340  *   0.72238531  *
    20       C         -2.03600806  * -11.08266356  *  -0.12096313  *
    21       C         -1.08153077  * -10.08332134  *  -0.19121200  *
    22       C         -2.15290722  * -12.36799107  *  -0.76203375  *
    23       C         -1.35699955  * -13.04122822  *  -1.67501720  *
    24       C         -1.76870018  * -14.29122095  *  -2.11201767  *
    25       C         -2.96148351  * -14.86173941  *  -1.65428772  *
    26       C         -3.77784527  * -14.21115017  *  -0.74266695  *
    27       C         -3.35597643  * -12.96259278  *  -0.29426421  *
    28       N         -3.97586493  * -12.07652679  *   0.60896467  *
    29       C         -5.17771987  * -12.32036791  *   1.31684001  *
    30       C         -6.20356962  * -11.36683383  *   1.28065191  *
    31       C         -7.37426991  * -11.59979642  *   1.97716214  *
    32       C         -7.52026089  * -12.79564989  *   2.69741539  *
    33       C         -6.50736130  * -13.74968936  *   2.72790940  *
    34       C         -5.32532083  * -13.50399609  *   2.03802915  *
    35       O         -8.72388311  * -12.89965606  *   3.32932343  *
    36       C         -8.95290220  * -14.05211091  *   4.09948812  *
    37       C          3.23588090  *   1.30363126  *  -0.08587337  *
    38       O          4.44198312  *   1.50933385  *  -0.10029362  *
    39       O          2.38752679  *   2.34986167  *  -0.15355634  *
    40       H          4.42601677  *  -1.02104654  *   0.06687961  *
    41       H          4.78028426  *  -3.49103251  *   0.22645067  *
    42       H          1.58014506  *  -9.04568971  *   0.60557743  *
    43       H         -2.49059453  *  -7.90254466  *   2.03406303  *
    44       H         -4.20579695  *  -9.69061465  *   2.17792279  *
    45       H         -0.21322161  * -10.19609433  *  -0.84572363  *
    46       H         -0.43058324  * -12.58870882  *  -2.03711256  *
    47       H         -1.15514512  * -14.84199916  *  -2.83039210  *
    48       H         -3.25794099  * -15.84679233  *  -2.02859928  *
    49       H         -4.71612866  * -14.65376678  *  -0.40249533  *
    50       H         -6.08812021  * -10.44542910  *   0.69948879  *
    51       H         -8.18417946  * -10.86352841  *   1.96300205  *
    52       H         -6.60126794  * -14.68715273  *   3.28054138  *
    53       H         -4.51575941  * -14.24130528  *   2.07355179  *
    54       H         -8.24667579  * -14.16468359  *   4.93864299  *
    55       H         -9.96241750  * -13.88938788  *   4.50823723  *
    56       H         -8.95939164  * -14.97959089  *   3.50337575  *
    57       H          2.87243841  *   3.18632684  *  -0.20901499  *
 


          CARTESIAN COORDINATES 

    NO.       ATOM           X           Y           Z

     1         N          0.0004      0.0138     -0.0007
     2         C          1.1572     -0.0078      0.0006
     3         C          2.5722     -0.0022      0.0000
     4         C          3.3265     -1.1211      0.0734
     5         C          2.8392     -2.4612      0.1612
     6         C          3.6931     -3.5470      0.2312
     7         C          2.9686     -4.7530      0.3106
     8         C          1.5823     -4.5367      0.2978
     9         S          1.1841     -2.9165      0.1923
    10         C          0.8816     -5.7561      0.3774
    11         C          1.7601     -6.8401      0.4471
    12         S          3.3989     -6.3950      0.4174
    13         C          1.0792     -8.0838      0.5325
    14         C         -0.2757     -7.8928      0.5249
    15         S         -0.7348     -6.2332      0.4089
    16         C         -1.2666     -8.9409      0.5832
    17         C         -2.3834     -8.8051      1.4233
    18         C         -3.3484     -9.7936      1.5092
    19         C         -3.1713    -10.9294      0.7224
    20         C         -2.0360    -11.0827     -0.1210
    21         C         -1.0815    -10.0833     -0.1912
    22         C         -2.1529    -12.3680     -0.7620
    23         C         -1.3570    -13.0412     -1.6750
    24         C         -1.7687    -14.2912     -2.1120
    25         C         -2.9615    -14.8617     -1.6543
    26         C         -3.7778    -14.2112     -0.7427
    27         C         -3.3560    -12.9626     -0.2943
    28         N         -3.9759    -12.0765      0.6090
    29         C         -5.1777    -12.3204      1.3168
    30         C         -6.2036    -11.3668      1.2807
    31         C         -7.3743    -11.5998      1.9772
    32         C         -7.5203    -12.7956      2.6974
    33         C         -6.5074    -13.7497      2.7279
    34         C         -5.3253    -13.5040      2.0380
    35         O         -8.7239    -12.8997      3.3293
    36         C         -8.9529    -14.0521      4.0995
    37         C          3.2359      1.3036     -0.0859
    38         O          4.4420      1.5093     -0.1003
    39         O          2.3875      2.3499     -0.1536
    40         H          4.4260     -1.0210      0.0669
    41         H          4.7803     -3.4910      0.2265
    42         H          1.5801     -9.0457      0.6056
    43         H         -2.4906     -7.9025      2.0341
    44         H         -4.2058     -9.6906      2.1779
    45         H         -0.2132    -10.1961     -0.8457
    46         H         -0.4306    -12.5887     -2.0371
    47         H         -1.1551    -14.8420     -2.8304
    48         H         -3.2579    -15.8468     -2.0286
    49         H         -4.7161    -14.6538     -0.4025
    50         H         -6.0881    -10.4454      0.6995
    51         H         -8.1842    -10.8635      1.9630
    52         H         -6.6013    -14.6872      3.2805
    53         H         -4.5158    -14.2413      2.0736
    54         H         -8.2467    -14.1647      4.9386
    55         H         -9.9624    -13.8894      4.5082
    56         H         -8.9594    -14.9796      3.5034
    57         H          2.8724      3.1863     -0.2090

  H: (RM1): G.B. ROCHA, R.O. FREIRE, A.M.SIMAS, J.J.P. STEWART, J. COMP. CHEM. 27, 1101 (2006)
  C: (RM1): G.B. ROCHA, R.O. FREIRE, A.M.SIMAS, J.J.P. STEWART, J. COMP. CHEM. 27, 1101 (2006)
  N: (RM1): G.B. ROCHA, R.O. FREIRE, A.M.SIMAS, J.J.P. STEWART, J. COMP. CHEM. 27, 1101 (2006)
  O: (RM1): G.B. ROCHA, R.O. FREIRE, A.M.SIMAS, J.J.P. STEWART, J. COMP. CHEM. 27, 1101 (2006)
  S: (RM1): G.B. ROCHA, R.O. FREIRE, A.M.SIMAS, J.J.P. STEWART, J. COMP. CHEM. 27, 1101 (2006)

           Empirical Formula: C31 H18 N2 O3 S3  =    57 atoms



      MOLECULAR POINT GROUP   :   C1  


      RHF CALCULATION, NO. OF DOUBLY OCCUPIED LEVELS = 94


          Geometry optimization using L-BFGS
 CYCLE:     1 TIME:   0.215 TIME LEFT:  2.00D  GRAD.:     0.789 HEAT:  75.61315
 CYCLE:     2 TIME:   0.082 TIME LEFT:  2.00D  GRAD.:     0.780 HEAT:  75.61314
 CYCLE:     3 TIME:   0.090 TIME LEFT:  2.00D  GRAD.:     1.361 HEAT:  75.61281
 CYCLE:     4 TIME:   0.059 TIME LEFT:  2.00D  GRAD.:     0.785 HEAT:  75.61314
 CYCLE:     5 TIME:   0.074 TIME LEFT:  2.00D  GRAD.:     1.379 HEAT:  75.61281
 CYCLE:     6 TIME:   0.062 TIME LEFT:  2.00D  GRAD.:     0.686 HEAT:  75.61245
 CYCLE:     7 TIME:   0.078 TIME LEFT:  2.00D  GRAD.:     0.603 HEAT:  75.61215
 CYCLE:     8 TIME:   0.055 TIME LEFT:  2.00D  GRAD.:     0.695 HEAT:  75.61189
 CYCLE:     9 TIME:   0.062 TIME LEFT:  2.00D  GRAD.:     1.706 HEAT:  75.61180
 CYCLE:    10 TIME:   0.078 TIME LEFT:  2.00D  GRAD.:     0.564 HEAT:  75.61151
 CYCLE:    11 TIME:   0.078 TIME LEFT:  2.00D  GRAD.:     0.471 HEAT:  75.61141
 CYCLE:    12 TIME:   0.074 TIME LEFT:  2.00D  GRAD.:     0.602 HEAT:  75.61123
 CYCLE:    13 TIME:   0.062 TIME LEFT:  2.00D  GRAD.:     0.651 HEAT:  75.61101
 CYCLE:    14 TIME:   0.059 TIME LEFT:  2.00D  GRAD.:     0.810 HEAT:  75.61079
 CYCLE:    15 TIME:   0.059 TIME LEFT:  2.00D  GRAD.:     0.571 HEAT:  75.61052
 CYCLE:    16 TIME:   0.078 TIME LEFT:  2.00D  GRAD.:     0.468 HEAT:  75.61035
 CYCLE:    17 TIME:   0.074 TIME LEFT:  2.00D  GRAD.:     0.358 HEAT:  75.61018
 CYCLE:    18 TIME:   0.062 TIME LEFT:  2.00D  GRAD.:     0.670 HEAT:  75.61019
 CYCLE:    19 TIME:   0.059 TIME LEFT:  2.00D  GRAD.:     0.194 HEAT:  75.61011
 CYCLE:    20 TIME:   0.059 TIME LEFT:  2.00D  GRAD.:     0.143 HEAT:  75.61010
 CYCLE:    21 TIME:   0.059 TIME LEFT:  2.00D  GRAD.:     0.133 HEAT:  75.61006
 CYCLE:    22 TIME:   0.059 TIME LEFT:  2.00D  GRAD.:     0.177 HEAT:  75.61005
 CYCLE:    23 TIME:   0.062 TIME LEFT:  2.00D  GRAD.:     0.191 HEAT:  75.61004
 CYCLE:    24 TIME:   0.051 TIME LEFT:  2.00D  GRAD.:     0.073 HEAT:  75.61004

 -------------------------------------------------------------------------------
 RM1 PRECISE POLAR XYZ GNORM=0.1




     HERBERTS TEST WAS SATISFIED IN BFGS                      
     SCF FIELD WAS ACHIEVED                                   


                              RM1 CALCULATION
                                                       MOPAC2016 (Version: 21.013L)
                                                       Mon Oct 18 10:24:45 2021
                                                       No. of days remaining =  87




          FINAL HEAT OF FORMATION =         75.61004 KCAL/MOL =     316.35240 KJ/MOL


          TOTAL ENERGY            =      -6064.93634 EV
          ELECTRONIC ENERGY       =     -50660.52117 EV  POINT GROUP:     C1  
          CORE-CORE REPULSION     =      44595.58483 EV
          COSMO AREA              =        526.97 SQUARE ANGSTROMS
          COSMO VOLUME            =        602.71 CUBIC ANGSTROMS

          GRADIENT NORM           =          0.07322 = 0.00970 PER ATOM
          IONIZATION POTENTIAL    =          8.019960 EV
          HOMO LUMO ENERGIES (EV) =         -8.020 -1.507
          NO. OF FILLED LEVELS    =         94
          MOLECULAR WEIGHT        =        562.6748

          MOLECULAR DIMENSIONS (Angstroms)

            Atom       Atom       Distance
            H    57    H    56    21.99071
            H    55    H    47    10.26659
            H    51    S    12     4.77684


          SCF CALCULATIONS        =         25
 
          WALL-CLOCK TIME         =          1.832 SECONDS
          COMPUTATION TIME        =         34.879 SECONDS




   ATOM   CHEMICAL          X               Y               Z
  NUMBER   SYMBOL      (ANGSTROMS)     (ANGSTROMS)     (ANGSTROMS)
 
     1       N          0.00045784  *   0.02487556  *  -0.00093597  *
     2       C          1.15715336  *  -0.00394974  *   0.00053788  *
     3       C          2.57236994  *  -0.00273009  *   0.00008163  *
     4       C          3.32615731  *  -1.12150146  *   0.07327833  *
     5       C          2.84062522  *  -2.46215970  *   0.16118125  *
     6       C          3.69450203  *  -3.54804682  *   0.23123935  *
     7       C          2.96970798  *  -4.75405677  *   0.31045052  *
     8       C          1.58339593  *  -4.53742137  *   0.29769656  *
     9       S          1.18559431  *  -2.91710264  *   0.19211658  *
    10       C          0.88209335  *  -5.75647873  *   0.37738833  *
    11       C          1.76014497  *  -6.84080729  *   0.44697367  *
    12       S          3.39916368  *  -6.39655706  *   0.41705730  *
    13       C          1.07879981  *  -8.08432481  *   0.53216006  *
    14       C         -0.27599306  *  -7.89258897  *   0.52482686  *
    15       S         -0.73448214  *  -6.23293308  *   0.40918107  *
    16       C         -1.26705861  *  -8.94061192  *   0.58304170  *
    17       C         -2.38375161  *  -8.80491019  *   1.42322275  *
    18       C         -3.34857056  *  -9.79355545  *   1.50928460  *
    19       C         -3.17127819  * -10.92957807  *   0.72276584  *
    20       C         -2.03594440  * -11.08272286  *  -0.12068629  *
    21       C         -1.08173763  * -10.08314136  *  -0.19122922  *
    22       C         -2.15273111  * -12.36804839  *  -0.76178341  *
    23       C         -1.35699644  * -13.04111820  *  -1.67503882  *
    24       C         -1.76874414  * -14.29103504  *  -2.11216179  *
    25       C         -2.96138120  * -14.86170685  *  -1.65421230  *
    26       C         -3.77746939  * -14.21135845  *  -0.74218755  *
    27       C         -3.35564082  * -12.96278465  *  -0.29384850  *
    28       N         -3.97560101  * -12.07678795  *   0.60939222  *
    29       C         -5.17742125  * -12.32078729  *   1.31720623  *
    30       C         -6.20309271  * -11.36701983  *   1.28095135  *
    31       C         -7.37392662  * -11.59968758  *   1.97724573  *
    32       C         -7.52033549  * -12.79561120  *   2.69733098  *
    33       C         -6.50768563  * -13.74992040  *   2.72780266  *
    34       C         -5.32549825  * -13.50455655  *   2.03802926  *
    35       O         -8.72405005  * -12.89945117  *   3.32907793  *
    36       C         -8.95309020  * -14.05186854  *   4.09930679  *
    37       C          3.23638712  *   1.30313042  *  -0.08581664  *
    38       O          4.44210681  *   1.51073733  *  -0.10026655  *
    39       O          2.38542914  *   2.34724561  *  -0.15344183  *
    40       H          4.42531673  *  -1.02135137  *   0.06653578  *
    41       H          4.78177198  *  -3.49341541  *   0.22680088  *
    42       H          1.57953419  *  -9.04630371  *   0.60503030  *
    43       H         -2.49087126  *  -7.90236745  *   2.03407379  *
    44       H         -4.20601490  *  -9.69048688  *   2.17784890  *
    45       H         -0.21342252  * -10.19576278  *  -0.84578401  *
    46       H         -0.43060874  * -12.58857218  *  -2.03723491  *
    47       H         -1.15535860  * -14.84172250  *  -2.83070111  *
    48       H         -3.25805102  * -15.84660908  *  -2.02876983  *
    49       H         -4.71559923  * -14.65409318  *  -0.40178909  *
    50       H         -6.08722373  * -10.44563543  *   0.69985742  *
    51       H         -8.18346928  * -10.86300252  *   1.96325176  *
    52       H         -6.60202411  * -14.68747793  *   3.28024845  *
    53       H         -4.51652717  * -14.24253807  *   2.07311928  *
    54       H         -8.24729702  * -14.16387447  *   4.93890802  *
    55       H         -9.96294098  * -13.88958674  *   4.50735876  *
    56       H         -8.95877273  * -14.97950534  *   3.50342199  *
    57       H          2.86750954  *   3.18499757  *  -0.20886354  *

                             CARTESIAN COORDINATES

   1    N        0.000457841     0.024875562    -0.000935966
   2    C        1.157153365    -0.003949740     0.000537880
   3    C        2.572369937    -0.002730092     0.000081631
   4    C        3.326157312    -1.121501461     0.073278328
   5    C        2.840625220    -2.462159700     0.161181252
   6    C        3.694502026    -3.548046817     0.231239352
   7    C        2.969707977    -4.754056775     0.310450520
   8    C        1.583395931    -4.537421372     0.297696559
   9    S        1.185594308    -2.917102636     0.192116578
  10    C        0.882093352    -5.756478728     0.377388335
  11    C        1.760144969    -6.840807291     0.446973667
  12    S        3.399163681    -6.396557057     0.417057304
  13    C        1.078799813    -8.084324809     0.532160063
  14    C       -0.275993057    -7.892588971     0.524826864
  15    S       -0.734482143    -6.232933083     0.409181067
  16    C       -1.267058609    -8.940611924     0.583041705
  17    C       -2.383751610    -8.804910186     1.423222750
  18    C       -3.348570563    -9.793555451     1.509284605
  19    C       -3.171278192   -10.929578067     0.722765840
  20    C       -2.035944398   -11.082722862    -0.120686292
  21    C       -1.081737634   -10.083141364    -0.191229222
  22    C       -2.152731113   -12.368048388    -0.761783411
  23    C       -1.356996441   -13.041118203    -1.675038818
  24    C       -1.768744136   -14.291035038    -2.112161786
  25    C       -2.961381203   -14.861706854    -1.654212304
  26    C       -3.777469390   -14.211358446    -0.742187551
  27    C       -3.355640821   -12.962784646    -0.293848496
  28    N       -3.975601012   -12.076787947     0.609392220
  29    C       -5.177421246   -12.320787292     1.317206225
  30    C       -6.203092713   -11.367019830     1.280951355
  31    C       -7.373926618   -11.599687580     1.977245733
  32    C       -7.520335492   -12.795611204     2.697330977
  33    C       -6.507685634   -13.749920401     2.727802662
  34    C       -5.325498255   -13.504556547     2.038029261
  35    O       -8.724050051   -12.899451174     3.329077932
  36    C       -8.953090202   -14.051868544     4.099306790
  37    C        3.236387122     1.303130421    -0.085816636
  38    O        4.442106814     1.510737329    -0.100266552
  39    O        2.385429138     2.347245608    -0.153441833
  40    H        4.425316732    -1.021351369     0.066535783
  41    H        4.781771976    -3.493415412     0.226800883
  42    H        1.579534186    -9.046303715     0.605030303
  43    H       -2.490871258    -7.902367446     2.034073785
  44    H       -4.206014897    -9.690486880     2.177848896
  45    H       -0.213422516   -10.195762781    -0.845784011
  46    H       -0.430608739   -12.588572178    -2.037234914
  47    H       -1.155358604   -14.841722501    -2.830701113
  48    H       -3.258051017   -15.846609076    -2.028769829
  49    H       -4.715599226   -14.654093185    -0.401789088
  50    H       -6.087223726   -10.445635433     0.699857424
  51    H       -8.183469284   -10.863002517     1.963251758
  52    H       -6.602024108   -14.687477931     3.280248447
  53    H       -4.516527175   -14.242538067     2.073119280
  54    H       -8.247297018   -14.163874472     4.938908020
  55    H       -9.962940978   -13.889586740     4.507358756
  56    H       -8.958772727   -14.979505335     3.503421989
  57    H        2.867509541     3.184997570    -0.208863537


           Empirical Formula: C31 H18 N2 O3 S3  =    57 atoms



      MOLECULAR POINT GROUP   :   C1  


                  EIGENVALUES  
 -39.96234 -39.05706 -38.47142 -37.17599 -36.84598 -36.52518 -36.24829 -35.40991
 -35.11949 -34.59168 -33.18104 -31.70688 -31.06140 -30.44225 -29.72811 -29.41309
 -28.25125 -27.88270 -27.12487 -26.62200 -25.27428 -24.15846 -24.09837 -23.54321
 -22.91970 -22.61142 -22.33589 -22.16137 -21.23879 -20.88786 -20.82558 -19.86578
 -19.09879 -18.91158 -18.37645 -18.22955 -18.03266 -17.95757 -17.81631 -17.32614
 -17.08133 -16.82039 -16.42098 -16.34063 -16.16564 -16.03529 -15.52646 -15.51204
 -15.44195 -15.36006 -15.05570 -14.98698 -14.89097 -14.76505 -14.73561 -14.68461
 -14.48472 -14.41959 -14.34908 -14.29160 -14.15261 -14.02511 -13.80264 -13.64771
 -13.50094 -13.42343 -13.35071 -13.14692 -12.97731 -12.84757 -12.76627 -12.67210
 -12.44459 -12.34368 -12.19670 -12.14983 -11.99924 -11.97170 -11.79653 -11.62051
 -11.53439 -11.46592 -11.34996 -10.97190 -10.55156 -10.28564 -10.05690  -9.72586
  -9.66875  -9.30649  -8.84729  -8.59390  -8.47876  -8.01996  -1.50732  -0.44571
  -0.14926   0.13139   0.17909   0.21067   0.57127   0.64181   0.84864   1.02588
   1.09219   1.16818   1.21389   1.31309   1.40974   1.49446   1.53284   1.57098
   1.66976   1.96567   2.30778   2.51976   2.53584   2.57300   2.85924   3.09366
   3.14097   3.64913   3.71520   3.78853   3.82996   3.89379   3.90989   3.92747
   3.95461   3.98376   4.01605   4.08133   4.15905   4.21315   4.22641   4.28401
   4.32157   4.34810   4.41872   4.45270   4.47501   4.50171   4.52230   4.55501
   4.66424   4.70335   4.80432   4.81060   4.87773   4.93129   4.95169   4.97313
   5.09386   5.09862   5.13111   5.16906   5.21756   5.24325   5.26901   5.36720
   5.39088   5.52388   5.58972   5.60837   5.78068   5.83313   5.89715   5.99729
   6.08893   6.27564   6.33633   6.37600   6.64179   6.65778


              NET ATOMIC CHARGES AND DIPOLE CONTRIBUTIONS

  ATOM NO.   TYPE          CHARGE      No. of ELECS.   s-Pop       p-Pop       
   38          O          -0.383560        6.3836     1.91043     4.47313
   37          C           0.408577        3.5914     1.17920     2.41223
   39          O          -0.312658        6.3127     1.84003     4.47263
   57          H           0.244036        0.7560     0.75596
    2          C           0.050860        3.9491     1.19518     2.75396
    1          N          -0.150002        5.1500     1.84850     3.30150
    3          C          -0.178685        4.1787     1.14037     3.03831
    4          C           0.162386        3.8376     1.17035     2.66727
    5          C          -0.464382        4.4644     1.22186     3.24252
    6          C           0.065814        3.9342     1.17060     2.76359
    7          C          -0.386892        4.3869     1.22264     3.16426
    8          C          -0.239456        4.2395     1.20958     3.02987
    9          S           0.615241        5.3848     1.88026     3.50450
   10          C          -0.295697        4.2957     1.20314     3.09256
   11          C          -0.302739        4.3027     1.22451     3.07823
   12          S           0.534628        5.4654     1.87854     3.58683
   13          C          -0.055961        4.0560     1.16799     2.88797
   14          C          -0.268311        4.2683     1.21848     3.04983
   15          S           0.507779        5.4922     1.88254     3.60968
   16          C          -0.054834        4.0548     1.14898     2.90585
   17          C          -0.051162        4.0512     1.17604     2.87512
   18          C          -0.167797        4.1678     1.17148     2.99631
   19          C           0.131782        3.8682     1.15137     2.71685
   20          C          -0.095037        4.0950     1.15884     2.93619
   21          C          -0.024122        4.0241     1.16978     2.85434
   22          C          -0.093547        4.0935     1.15863     2.93492
   23          C          -0.034107        4.0341     1.16938     2.86473
   24          C          -0.157725        4.1577     1.17833     2.97939
   25          C          -0.052279        4.0523     1.17657     2.87571
   26          C          -0.168879        4.1689     1.17180     2.99708
   27          C           0.124529        3.8755     1.15136     2.72411
   28          N          -0.251142        5.2511     1.47736     3.77378
   29          C           0.067065        3.9329     1.14055     2.79238
   30          C          -0.082334        4.0823     1.17990     2.90244
   31          C          -0.142240        4.1422     1.17665     2.96559
   32          C           0.127538        3.8725     1.17165     2.70081
   33          C          -0.197709        4.1977     1.17581     3.02190
   34          C          -0.073972        4.0740     1.17863     2.89535
   35          O          -0.225395        6.2254     1.85993     4.36547
   36          C          -0.018656        4.0187     1.16210     2.85656
   40          H           0.128937        0.8711     0.87106
   41          H           0.124890        0.8751     0.87511
   42          H           0.132578        0.8674     0.86742
   43          H           0.109586        0.8904     0.89041
   44          H           0.126793        0.8732     0.87321
   45          H           0.115211        0.8848     0.88479
   46          H           0.107883        0.8921     0.89212
   47          H           0.109149        0.8909     0.89085
   48          H           0.102082        0.8979     0.89792
   49          H           0.123307        0.8767     0.87669
   50          H           0.126945        0.8731     0.87305
   51          H           0.134083        0.8659     0.86592
   52          H           0.124859        0.8751     0.87514
   53          H           0.124546        0.8755     0.87545
   54          H           0.056959        0.9430     0.94304
   55          H           0.084949        0.9151     0.91505
   56          H           0.056285        0.9437     0.94372
   57          H           0.244036        0.7560     0.75596
 DIPOLE           X         Y         Z       TOTAL
 POINT-CHG.    -2.853    -5.489     1.312     6.324
 HYBRID         2.316    -0.700     0.238     2.431
 SUM           -0.537    -6.188     1.550     6.402


          ATOMIC ORBITAL ELECTRON POPULATIONS

     Atom    s        px        py        pz   
    1  N   1.84850   1.11259   1.08166   1.10725
    2  C   1.19518   0.91247   0.92274   0.91875
    3  C   1.14037   0.88930   0.93815   1.21086
    4  C   1.17035   0.99205   0.88034   0.79488
    5  C   1.22186   1.02637   0.98593   1.23022
    6  C   1.17060   0.97133   0.88343   0.90883
    7  C   1.22264   0.96830   1.02268   1.17327
    8  C   1.20958   0.95951   1.00596   1.06440
    9  S   1.88026   0.93780   0.87402   1.69267
   10  C   1.20314   1.00757   0.94459   1.14040
   11  C   1.22451   1.00478   0.97397   1.09948
   12  S   1.87854   0.94179   0.88425   1.76079
   13  C   1.16799   0.91420   0.95390   1.01987
   14  C   1.21848   0.97306   0.98795   1.08883
   15  S   1.88254   0.94110   0.93023   1.73835
   16  C   1.14898   0.95217   0.94169   1.01199
   17  C   1.17604   0.92952   0.97901   0.96660
   18  C   1.17148   1.02084   0.94701   1.02847
   19  C   1.15137   0.89159   0.86396   0.96131
   20  C   1.15884   0.96587   0.95669   1.01364
   21  C   1.16978   0.96962   0.91811   0.96661
   22  C   1.15863   0.96614   0.94902   1.01976
   23  C   1.16938   0.97457   0.94183   0.94833
   24  C   1.17833   0.98226   0.97058   1.02654
   25  C   1.17657   0.94103   0.98185   0.95283
   26  C   1.17180   1.01708   0.95346   1.02654
   27  C   1.15136   0.91488   0.90641   0.90283
   28  N   1.47736   1.20610   1.17164   1.39604
   29  C   1.14055   0.84757   0.96795   0.97686
   30  C   1.17990   0.92417   0.99335   0.98492
   31  C   1.17665   0.98994   0.97405   1.00160
   32  C   1.17165   0.84712   0.93553   0.91817
   33  C   1.17581   0.95628   1.00640   1.05922
   34  C   1.17863   0.97469   0.97109   0.94956
   35  O   1.85993   1.32974   1.41565   1.62008
   36  C   1.16210   1.02397   0.88498   0.94760
   37  C   1.17920   0.84372   0.84782   0.72068
   38  O   1.91043   1.15954   1.85274   1.46085
   39  O   1.84003   1.42042   1.18858   1.86363
   40  H   0.87106
   41  H   0.87511
   42  H   0.86742
   43  H   0.89041
   44  H   0.87321
   45  H   0.88479
   46  H   0.89212
   47  H   0.89085
   48  H   0.89792
   49  H   0.87669
   50  H   0.87305
   51  H   0.86592
   52  H   0.87514
   53  H   0.87545
   54  H   0.94304
   55  H   0.91505
   56  H   0.94372
   57  H   0.75596
 ******************** TDHF POLARIZABILITIES ********************



          MOLECULAR WEIGHT =  562.67



          ROTATIONAL CONSTANTS IN CM(-1)

          A =    0.00622854   B =    0.00079275   C =    0.00072447



           PRINCIPAL MOMENTS OF INERTIA IN UNITS OF 10**(-40)*GRAM-CM**2

          A =     4494.2748   B =    35311.1574   C =    38638.7609


 ROTATION MATRIX FOR ORIENTATION OF MOLECULE:

         0.556728   -0.725899    0.403886
         0.826646    0.532067   -0.183196
        -0.081912    0.435861    0.896279


          CARTESIAN COORDINATES 

    NO.       ATOM         X         Y         Z

     1         N        7.0034    3.0357   -1.4257
     2         C        7.6234    2.1813   -0.9519
     3         C        8.4124    1.1545   -0.3809
     4         C        7.9012    0.0439    0.1941
     5         C        6.5154   -0.2786    0.3224
     6         C        6.0874   -1.4457    0.9289
     7         C        4.6805   -1.5267    0.9281
     8         C        4.0888   -0.4107    0.3171
     9         S        5.2154    0.6942   -0.2350
    10         C        2.6841   -0.5155    0.3286
    11         C        2.2709   -1.6995    0.9443
    12         S        3.5531   -2.6659    1.4980
    13         C        0.8567   -1.8294    0.9732
    14         C        0.2615   -0.7471    0.3844
    15         S        1.3877    0.4183   -0.2085
    16         C       -1.1614   -0.5599    0.2283
    17         C       -1.7397    0.6891    0.5054
    18         C       -3.1012    0.9009    0.3740
    19         C       -3.8771   -0.1750   -0.0512
    20         C       -3.3025   -1.4483   -0.3206
    21         C       -1.9392   -1.6398   -0.1816
    22         C       -4.3776   -2.3268   -0.7069
    23         C       -4.4161   -3.6606   -1.0807
    24         C       -5.6428   -4.2173   -1.4098
    25         C       -6.8160   -3.4556   -1.3765
    26         C       -6.8075   -2.1196   -1.0079
    27         C       -5.5772   -1.5661   -0.6644
    28         N       -5.2640   -0.2510   -0.2675
    29         C       -6.1927    0.8001   -0.0738
    30         C       -5.9723    2.0363   -0.6953
    31         C       -6.8735    3.0659   -0.5015
    32         C       -8.0026    2.8497    0.3039
    33         C       -8.2302    1.6202    0.9150
    34         C       -7.3128    0.5919    0.7293
    35         O       -8.8104    3.9436    0.4029
    36         C       -9.9536    3.8324    1.2119
    37         C        9.8686    1.3298   -0.4290
    38         O       10.7126    0.5588    0.0070
    39         O       10.2635    2.4736   -1.0245
    40         H        8.5965   -0.7036    0.6136
    41         H        6.7383   -2.2078    1.3541
    42         H        0.3342   -2.6729    1.4170
    43         H       -1.1033    1.5133    0.8443
    44         H       -3.5481    1.8696    0.6080
    45         H       -1.4953   -2.6154   -0.3969
    46         H       -3.4966   -4.2502   -1.1141
    47         H       -5.6977   -5.2687   -1.7052
    48         H       -7.7647   -3.9275   -1.6516
    49         H       -7.7236   -1.5259   -1.0006
    50         H       -5.0986    2.1891   -1.3381
    51         H       -6.7141    4.0394   -0.9760
    52         H       -9.1030    1.4306    1.5438
    53         H       -7.4753   -0.3727    1.2227
    54         H       -9.7220    3.6264    2.2700
    55         H      -10.4151    4.8297    1.1400
    56         H      -10.6748    3.0832    0.8455
    57         H       11.2289    2.5452   -1.0330


 ENERGY OF "REORIENTED" SYSTEM WITHOUT FIELD:       75.6100452606


  NFREQ=  3  IWFLB=  0  IBET=  1  IGAM=  1
  ATOL= 0.10000D-02  BTOL= 0.10000D-02    MAXITU=  500    MAXITA=  150


 *****************************************************************
 CALCULATION OF STATIC FIELD QUANTITIES
 *****************************************************************

 +++++ ALPHA AT       0.00000 EV.

                           COMPONENTS OF ALPHA

                     *X           *Y           *Z
           *=X:     722.6450      21.7178      -7.5056
           *=Y:      21.7403     430.2921     -50.5843
           *=Z:      -7.5327     -50.5898     149.8153

  ISOTROPIC AVERAGE ALPHA =     434.25081 A.U. =     64.34933 ANG.**3

 +++++ BETA (SECOND HARMONIC GENERATION) AT       0.00000 EV.

                              COMPONENTS OF BETA
            *XX         *XY         *YY         *XZ         *YZ         *ZZ
   *=X-13241.82309 -1683.30498   353.38543    45.42788   113.11180   101.71948
   *=Y -1683.96352   353.21456   -87.47300   113.12670   518.56554   -96.97086
   *=Z    45.88457   113.18983   518.63144   101.77022   -97.02598    48.83181


 AVERAGE BETAX(SHG) VALUE AT   0.00000 EV =      -7672.0790 a.u. = -0.662823E-28 ESU
 AVERAGE BETAY(SHG) VALUE AT   0.00000 EV =      -1120.8031 a.u. = -0.968309E-29 ESU
 AVERAGE BETAZ(SHG) VALUE AT   0.00000 EV =        367.7997 a.u. =  0.317757E-29 ESU



 AVERAGE BETA (SHG) VALUE AT   0.00000 EV =       7762.2337 a.u. =  0.670612E-28 ESU
   (1 a.u. = 8.639418X10-33 esu)



 +++++ ALPHA AT       0.00000 EV.

                           COMPONENTS OF ALPHA

                     *X           *Y           *Z
           *=X:     722.6450      21.7178      -7.5056
           *=Y:      21.7403     430.2921     -50.5843
           *=Z:      -7.5327     -50.5898     149.8153

  ISOTROPIC AVERAGE ALPHA =     434.25081 A.U. =     64.34933 ANG.**3


 GAMMA (THIRD HARMONIC GENERATION) AT    0.00000 EV.


 GAMMA(X,X,X,X) =       4031693.35469
 GAMMA(Y,Y,Y,Y) =         89446.37671
 GAMMA(Z,Z,Z,Z) =          9677.29567
 GAMMA(X,X,Y,Y) =        114536.65694
 GAMMA(X,X,Z,Z) =         12142.57613
 GAMMA(Y,Y,X,X) =        114536.09481
 GAMMA(Y,Y,Z,Z) =         12184.02612
 GAMMA(Z,Z,X,X) =         12141.51543
 GAMMA(Z,Z,Y,Y) =         12184.29226


 AVERAGE GAMMA VALUE AT    0.00000 =        881708.43775 a.u. =       444090.31631 ESU (X10-39)




 **********************************************************************
 CALCULATION FOR A FREQUENCY OF    0.25000 EV  =       0.00919 A.U. 
                  WAVELENGTH OF    4959.37 NM  =    2016.38525 CM(-1)
 **********************************************************************

 +++++ ALPHA AT       0.25000 EV.

                           COMPONENTS OF ALPHA

                     *X           *Y           *Z
           *=X:     726.4032      22.1538      -7.6034
           *=Y:      22.1745     431.3807     -50.7513
           *=Z:      -7.6270     -50.7559     150.1102

  ISOTROPIC AVERAGE ALPHA =     435.96471 A.U. =     64.60330 ANG.**3

 +++++ BETA (SECOND HARMONIC GENERATION) AT       0.25000 EV.

                              COMPONENTS OF BETA
            *XX         *XY         *YY         *XZ         *YZ         *ZZ
   *=X-13925.58070 -1773.58839   372.26678    49.93006   119.02930   106.03379
   *=Y -1783.94075   351.69635  -109.41767   122.32703   539.16076  -104.31902
   *=Z    54.27798   122.34750   539.44116   101.96876  -104.82402    53.96511


 AVERAGE BETAX(SHG) VALUE AT   0.25000 EV =      -8078.2223 a.u. = -0.697911E-28 ESU
 AVERAGE BETAY(SHG) VALUE AT   0.25000 EV =      -1194.6675 a.u. = -0.103212E-28 ESU
 AVERAGE BETAZ(SHG) VALUE AT   0.25000 EV =        386.7592 a.u. =  0.334137E-29 ESU



 AVERAGE BETA (SHG) VALUE AT   0.25000 EV =       8175.2363 a.u. =  0.706293E-28 ESU
   (1 a.u. = 8.639418X10-33 esu)



 +++++ ALPHA AT       0.75000 EV.

                           COMPONENTS OF ALPHA

                     *X           *Y           *Z
           *=X:     759.1319      26.0129      -8.4540
           *=Y:      26.0372     440.5025     -52.1798
           *=Z:      -8.4796     -52.1848     152.5627

  ISOTROPIC AVERAGE ALPHA =     450.73235 A.U. =     66.79164 ANG.**3


 GAMMA (THIRD HARMONIC GENERATION) AT    0.25000 EV.


 GAMMA(X,X,X,X) =       4557308.36529
 GAMMA(Y,Y,Y,Y) =         96735.36985
 GAMMA(Z,Z,Z,Z) =         10232.79561
 GAMMA(X,X,Y,Y) =        123112.28000
 GAMMA(X,X,Z,Z) =         12305.43274
 GAMMA(Y,Y,X,X) =        130816.25957
 GAMMA(Y,Y,Z,Z) =         13354.31850
 GAMMA(Z,Z,X,X) =         14226.92612
 GAMMA(Z,Z,Y,Y) =         13323.51943


 AVERAGE GAMMA VALUE AT    0.25000 =        994283.05342 a.u. =       500790.80203 ESU (X10-39)




 **********************************************************************
 CALCULATION FOR A FREQUENCY OF    0.50000 EV  =       0.01837 A.U. 
                  WAVELENGTH OF    2479.68 NM  =    4032.77050 CM(-1)
 **********************************************************************

 +++++ ALPHA AT       0.50000 EV.

                           COMPONENTS OF ALPHA

                     *X           *Y           *Z
           *=X:     738.0981      23.5165      -7.9041
           *=Y:      23.5381     434.7106     -51.2660
           *=Z:      -7.9254     -51.2699     151.0091

  ISOTROPIC AVERAGE ALPHA =     441.27258 A.U. =     65.38985 ANG.**3

 +++++ BETA (SECOND HARMONIC GENERATION) AT       0.50000 EV.

                              COMPONENTS OF BETA
            *XX         *XY         *YY         *XZ         *YZ         *ZZ
   *=X-16401.19529 -2100.56739   440.91785    66.93315   140.27312   121.49325
   *=Y -2149.31090   340.98667  -187.38480   154.49722   609.85277  -129.97043
   *=Z    88.77171   154.74266   610.65546   101.95564  -132.31708    71.77072


 AVERAGE BETAX(SHG) VALUE AT   0.50000 EV =      -9551.0580 a.u. = -0.825156E-28 ESU
 AVERAGE BETAY(SHG) VALUE AT   0.50000 EV =      -1461.4409 a.u. = -0.126260E-28 ESU
 AVERAGE BETAZ(SHG) VALUE AT   0.50000 EV =        453.6622 a.u. =  0.391938E-29 ESU



 AVERAGE BETA (SHG) VALUE AT   0.50000 EV =       9672.8656 a.u. =  0.835679E-28 ESU
   (1 a.u. = 8.639418X10-33 esu)



 +++++ ALPHA AT       1.50000 EV.

                           COMPONENTS OF ALPHA

                     *X           *Y           *Z
           *=X:     926.4118      47.6623     -13.5257
           *=Y:      47.7027     478.8992     -58.9529
           *=Z:     -13.5724     -58.9604     162.5918

  ISOTROPIC AVERAGE ALPHA =     522.63428 A.U. =     77.44641 ANG.**3


 GAMMA (THIRD HARMONIC GENERATION) AT    0.50000 EV.


 GAMMA(X,X,X,X) =       7148837.67939
 GAMMA(Y,Y,Y,Y) =        125888.97144
 GAMMA(Z,Z,Z,Z) =         12483.69434
 GAMMA(X,X,Y,Y) =        158585.55412
 GAMMA(X,X,Z,Z) =         11565.79490
 GAMMA(Y,Y,X,X) =        207241.66739
 GAMMA(Y,Y,Z,Z) =         18184.11933
 GAMMA(Z,Z,X,X) =         23265.87726
 GAMMA(Z,Z,Y,Y) =         18102.42978


 AVERAGE GAMMA VALUE AT    0.50000 =       1544831.15759 a.u. =       778085.50769 ESU (X10-39)



 **********************
 *                    *
 * JOB ENDED NORMALLY *
 *                    *
 **********************



 TOTAL JOB TIME:            43.52 SECONDS

 == MOPAC DONE ==
