 *******************************************************************************
 ** Site#: 4824         For non-commercial use only    Version 21.013L 64BITS **
 *******************************************************************************
 ** Cite this program as: MOPAC2016, Version: 21.013L, James J. P. Stewart,   **
 ** Stewart Computational Chemistry, web: HTTP://OpenMOPAC.net. Days left:  87**
 *******************************************************************************
 **                                                                           **
 **                                MOPAC2016                                  **
 **                                                                           **
 *******************************************************************************

                              RM1 CALCULATION RESULTS

 *******************************************************************************
 *  CALCULATION DONE:                                Mon Oct 18 17:41:28 2021  *
 *  RM1        - The RM1 Hamiltonian to be used
 *  POLAR      - CALCULATE FIRST, SECOND AND THIRD-ORDER POLARIZABILITIES
 *  PRECISE    - TIGHTER CRITERIA TO BE USED
 *  XYZ        - CARTESIAN COORDINATE SYSTEM TO BE USED
 *  T=         - A TIME OF 172800.0 SECONDS REQUESTED
 *  DUMP=N     - RESTART FILE WRITTEN EVERY 7200.0 SECONDS REQUESTED
 *  GNORM      - EXIT WHEN GRADIENT NORM DROPS BELOW 0.100
 *******************************************************************************
RM1 PRECISE POLAR XYZ GNORM=0.1


   ATOM   CHEMICAL          X               Y               Z
  NUMBER   SYMBOL      (ANGSTROMS)     (ANGSTROMS)     (ANGSTROMS)
 
     1       N          0.00000000  *   0.00000000  *   0.00000000  *
     2       C          1.15703979  *   0.00000000  *   0.00000000  *
     3       C          2.57211529  *   0.03418541  *   0.00000000  *
     4       C          3.35002224  *  -1.06972041  *  -0.00088453  *
     5       C          2.89030786  *  -2.42332105  *   0.01160841  *
     6       C          3.75429443  *  -3.49963901  *  -0.02120192  *
     7       C          3.06759156  *  -4.74161828  *   0.00274562  *
     8       C          1.70331301  *  -4.56793050  *   0.05114047  *
     9       S          1.26677924  *  -2.92575623  *   0.07322636  *
    10       C          0.72411253  *  -5.60248944  *   0.08795656  *
    11       C         -0.62080554  *  -5.46119321  *  -0.12024285  *
    12       C         -1.33017407  *  -6.69306376  *   0.02231136  *
    13       C         -0.48865610  *  -7.73225893  *   0.32328057  *
    14       S          1.16514206  *  -7.22757781  *   0.43005303  *
    15       N         -0.84239338  *  -9.07008704  *   0.45408481  *
    16       C         -1.85667201  *  -9.69834979  *  -0.31258579  *
    17       C         -2.44590030  *  -9.29446044  *  -1.50307991  *
    18       C         -3.38425770  * -10.14670813  *  -2.06615786  *
    19       C         -3.73497788  * -11.37400282  *  -1.48211255  *
    20       C         -3.12290020  * -11.77415828  *  -0.29924264  *
    21       C         -2.18671081  * -10.93813391  *   0.28771501  *
    22       C         -1.38577251  * -11.06149357  *   1.48342236  *
    23       C         -0.59533848  *  -9.88963450  *   1.58508512  *
    24       C          0.26694285  *  -9.69381894  *   2.65516634  *
    25       C          0.33033481  * -10.69699150  *   3.61097358  *
    26       C         -0.43381114  * -11.87088222  *   3.52277734  *
    27       C         -1.30009328  * -12.05106549  *   2.44935490  *
    28       C         -0.27769613  * -12.89553151  *   4.61678227  *
    29       C         -1.15394776  * -14.13297800  *   4.41225454  *
    30       C         -0.66844783  * -12.25716617  *   5.95286772  *
    31       C          1.18253970  * -13.35528946  *   4.66063097  *
    32       C         -4.77327837  * -12.21378264  *  -2.18005002  *
    33       C         -6.07449310  * -11.41209764  *  -2.27969255  *
    34       C         -5.08280371  * -13.52076289  *  -1.44705056  *
    35       C         -4.26480627  * -12.56816550  *  -3.58041496  *
    36       C          3.20651896  *   1.35803793  *  -0.00786623  *
    37       O          4.40701172  *   1.59340118  *  -0.01258337  *
    38       O          2.33067083  *   2.38353771  *  -0.00905881  *
    39       H          4.44707442  *  -0.94924858  *  -0.01091610  *
    40       H          4.83970841  *  -3.42482300  *  -0.06458068  *
    41       H          3.57767989  *  -5.70152549  *  -0.02211409  *
    42       H         -1.12476763  *  -4.52624122  *  -0.35889951  *
    43       H         -2.41028540  *  -6.76865853  *  -0.08492229  *
    44       H         -2.17310545  *  -8.35486141  *  -1.98845397  *
    45       H         -3.85575439  *  -9.82668180  *  -3.00142074  *
    46       H         -3.33929040  * -12.72273325  *   0.19688628  *
    47       H          0.86638120  *  -8.78556347  *   2.74872449  *
    48       H          1.00774101  * -10.54143350  *   4.45720930  *
    49       H         -1.92137124  * -12.94027426  *   2.32273823  *
    50       H         -2.22653890  * -13.89232952  *   4.40013651  *
    51       H         -0.91855358  * -14.66636162  *   3.48026567  *
    52       H         -1.01861183  * -14.86631241  *   5.22196895  *
    53       H         -1.69372086  * -11.86122123  *   5.92986739  *
    54       H         -0.62309246  * -12.97873480  *   6.78174690  *
    55       H         -0.01463622  * -11.42301598  *   6.24198450  *
    56       H          1.34266087  * -14.14389017  *   5.41045254  *
    57       H          1.50951833  * -13.76297409  *   3.69349846  *
    58       H          1.88318560  * -12.54863659  *   4.91608911  *
    59       H         -6.43011793  * -11.08980406  *  -1.29069010  *
    60       H         -5.97894541  * -10.50487371  *  -2.89183211  *
    61       H         -6.88528067  * -11.99962012  *  -2.73495600  *
    62       H         -5.47640615  * -13.35257211  *  -0.43450928  *
    63       H         -5.84726141  * -14.11214820  *  -1.97389748  *
    64       H         -4.20315858  * -14.17449540  *  -1.36140269  *
    65       H         -4.96482218  * -13.22470270  *  -4.11773073  *
    66       H         -4.11973364  * -11.68953090  *  -4.22372213  *
    67       H         -3.29989334  * -13.09348908  *  -3.54164715  *
    68       H          2.79296534  *   3.23432171  *  -0.01452170  *
 


          CARTESIAN COORDINATES 

    NO.       ATOM           X           Y           Z

     1         N          0.0000      0.0000      0.0000
     2         C          1.1570      0.0000      0.0000
     3         C          2.5721      0.0342      0.0000
     4         C          3.3500     -1.0697     -0.0009
     5         C          2.8903     -2.4233      0.0116
     6         C          3.7543     -3.4996     -0.0212
     7         C          3.0676     -4.7416      0.0027
     8         C          1.7033     -4.5679      0.0511
     9         S          1.2668     -2.9258      0.0732
    10         C          0.7241     -5.6025      0.0880
    11         C         -0.6208     -5.4612     -0.1202
    12         C         -1.3302     -6.6931      0.0223
    13         C         -0.4887     -7.7323      0.3233
    14         S          1.1651     -7.2276      0.4301
    15         N         -0.8424     -9.0701      0.4541
    16         C         -1.8567     -9.6983     -0.3126
    17         C         -2.4459     -9.2945     -1.5031
    18         C         -3.3843    -10.1467     -2.0662
    19         C         -3.7350    -11.3740     -1.4821
    20         C         -3.1229    -11.7742     -0.2992
    21         C         -2.1867    -10.9381      0.2877
    22         C         -1.3858    -11.0615      1.4834
    23         C         -0.5953     -9.8896      1.5851
    24         C          0.2669     -9.6938      2.6552
    25         C          0.3303    -10.6970      3.6110
    26         C         -0.4338    -11.8709      3.5228
    27         C         -1.3001    -12.0511      2.4494
    28         C         -0.2777    -12.8955      4.6168
    29         C         -1.1539    -14.1330      4.4123
    30         C         -0.6684    -12.2572      5.9529
    31         C          1.1825    -13.3553      4.6606
    32         C         -4.7733    -12.2138     -2.1801
    33         C         -6.0745    -11.4121     -2.2797
    34         C         -5.0828    -13.5208     -1.4471
    35         C         -4.2648    -12.5682     -3.5804
    36         C          3.2065      1.3580     -0.0079
    37         O          4.4070      1.5934     -0.0126
    38         O          2.3307      2.3835     -0.0091
    39         H          4.4471     -0.9492     -0.0109
    40         H          4.8397     -3.4248     -0.0646
    41         H          3.5777     -5.7015     -0.0221
    42         H         -1.1248     -4.5262     -0.3589
    43         H         -2.4103     -6.7687     -0.0849
    44         H         -2.1731     -8.3549     -1.9885
    45         H         -3.8558     -9.8267     -3.0014
    46         H         -3.3393    -12.7227      0.1969
    47         H          0.8664     -8.7856      2.7487
    48         H          1.0077    -10.5414      4.4572
    49         H         -1.9214    -12.9403      2.3227
    50         H         -2.2265    -13.8923      4.4001
    51         H         -0.9186    -14.6664      3.4803
    52         H         -1.0186    -14.8663      5.2220
    53         H         -1.6937    -11.8612      5.9299
    54         H         -0.6231    -12.9787      6.7817
    55         H         -0.0146    -11.4230      6.2420
    56         H          1.3427    -14.1439      5.4105
    57         H          1.5095    -13.7630      3.6935
    58         H          1.8832    -12.5486      4.9161
    59         H         -6.4301    -11.0898     -1.2907
    60         H         -5.9789    -10.5049     -2.8918
    61         H         -6.8853    -11.9996     -2.7350
    62         H         -5.4764    -13.3526     -0.4345
    63         H         -5.8473    -14.1121     -1.9739
    64         H         -4.2032    -14.1745     -1.3614
    65         H         -4.9648    -13.2247     -4.1177
    66         H         -4.1197    -11.6895     -4.2237
    67         H         -3.2999    -13.0935     -3.5416
    68         H          2.7930      3.2343     -0.0145

  H: (RM1): G.B. ROCHA, R.O. FREIRE, A.M.SIMAS, J.J.P. STEWART, J. COMP. CHEM. 27, 1101 (2006)
  C: (RM1): G.B. ROCHA, R.O. FREIRE, A.M.SIMAS, J.J.P. STEWART, J. COMP. CHEM. 27, 1101 (2006)
  N: (RM1): G.B. ROCHA, R.O. FREIRE, A.M.SIMAS, J.J.P. STEWART, J. COMP. CHEM. 27, 1101 (2006)
  O: (RM1): G.B. ROCHA, R.O. FREIRE, A.M.SIMAS, J.J.P. STEWART, J. COMP. CHEM. 27, 1101 (2006)
  S: (RM1): G.B. ROCHA, R.O. FREIRE, A.M.SIMAS, J.J.P. STEWART, J. COMP. CHEM. 27, 1101 (2006)

           Empirical Formula: C32 H30 N2 O2 S2  =    68 atoms



      MOLECULAR POINT GROUP   :   C1  


      RHF CALCULATION, NO. OF DOUBLY OCCUPIED LEVELS = 96


          Geometry optimization using L-BFGS
 CYCLE:     1 TIME:   0.270 TIME LEFT:  2.00D  GRAD.:     2.408 HEAT:  29.17685
 CYCLE:     2 TIME:   0.133 TIME LEFT:  2.00D  GRAD.:     2.382 HEAT:  29.17679
 CYCLE:     3 TIME:   0.141 TIME LEFT:  2.00D  GRAD.:     2.614 HEAT:  29.17340
 CYCLE:     4 TIME:   0.141 TIME LEFT:  2.00D  GRAD.:     2.427 HEAT:  29.17679
 CYCLE:     5 TIME:   0.145 TIME LEFT:  2.00D  GRAD.:     2.737 HEAT:  29.17351
 CYCLE:     6 TIME:   0.137 TIME LEFT:  2.00D  GRAD.:     1.823 HEAT:  29.17202
 CYCLE:     7 TIME:   0.129 TIME LEFT:  2.00D  GRAD.:     0.979 HEAT:  29.17158
 CYCLE:     8 TIME:   0.141 TIME LEFT:  2.00D  GRAD.:     0.822 HEAT:  29.17133
 CYCLE:     9 TIME:   0.148 TIME LEFT:  2.00D  GRAD.:     1.005 HEAT:  29.17070
 CYCLE:    10 TIME:   0.137 TIME LEFT:  2.00D  GRAD.:     0.828 HEAT:  29.17024
 CYCLE:    11 TIME:   0.145 TIME LEFT:  2.00D  GRAD.:     0.649 HEAT:  29.16984
 CYCLE:    12 TIME:   0.156 TIME LEFT:  2.00D  GRAD.:     0.715 HEAT:  29.16964
 CYCLE:    13 TIME:   0.156 TIME LEFT:  2.00D  GRAD.:     0.531 HEAT:  29.16948
 CYCLE:    14 TIME:   0.160 TIME LEFT:  2.00D  GRAD.:     0.501 HEAT:  29.16920
 CYCLE:    15 TIME:   0.164 TIME LEFT:  2.00D  GRAD.:     0.530 HEAT:  29.16898
 CYCLE:    16 TIME:   0.168 TIME LEFT:  2.00D  GRAD.:     0.722 HEAT:  29.16875
 CYCLE:    17 TIME:   0.168 TIME LEFT:  2.00D  GRAD.:     0.398 HEAT:  29.16857
 CYCLE:    18 TIME:   0.160 TIME LEFT:  2.00D  GRAD.:     0.401 HEAT:  29.16843
 CYCLE:    19 TIME:   0.160 TIME LEFT:  2.00D  GRAD.:     0.483 HEAT:  29.16823
 CYCLE:    20 TIME:   0.145 TIME LEFT:  2.00D  GRAD.:     1.016 HEAT:  29.16805
 CYCLE:    21 TIME:   0.137 TIME LEFT:  2.00D  GRAD.:     0.807 HEAT:  29.16783
 CYCLE:    22 TIME:   0.148 TIME LEFT:  2.00D  GRAD.:     0.488 HEAT:  29.16766
 CYCLE:    23 TIME:   0.125 TIME LEFT:  2.00D  GRAD.:     0.444 HEAT:  29.16746
 CYCLE:    24 TIME:   0.141 TIME LEFT:  2.00D  GRAD.:     0.530 HEAT:  29.16725
 CYCLE:    25 TIME:   0.133 TIME LEFT:  2.00D  GRAD.:     0.496 HEAT:  29.16700
 CYCLE:    26 TIME:   0.113 TIME LEFT:  2.00D  GRAD.:     0.551 HEAT:  29.16687
 CYCLE:    27 TIME:   0.105 TIME LEFT:  2.00D  GRAD.:     0.401 HEAT:  29.16676
 CYCLE:    28 TIME:   0.121 TIME LEFT:  2.00D  GRAD.:     0.466 HEAT:  29.16659
 CYCLE:    29 TIME:   0.137 TIME LEFT:  2.00D  GRAD.:     0.571 HEAT:  29.16636
 CYCLE:    30 TIME:   0.121 TIME LEFT:  2.00D  GRAD.:     0.875 HEAT:  29.16613
 CYCLE:    31 TIME:   0.137 TIME LEFT:  2.00D  GRAD.:     0.478 HEAT:  29.16581
 CYCLE:    32 TIME:   0.133 TIME LEFT:  2.00D  GRAD.:     0.456 HEAT:  29.16558
 CYCLE:    33 TIME:   0.098 TIME LEFT:  2.00D  GRAD.:     0.650 HEAT:  29.16527
 CYCLE:    34 TIME:   0.109 TIME LEFT:  2.00D  GRAD.:     0.868 HEAT:  29.16493
 CYCLE:    35 TIME:   0.113 TIME LEFT:  2.00D  GRAD.:     1.125 HEAT:  29.16463
 CYCLE:    36 TIME:   0.117 TIME LEFT:  2.00D  GRAD.:     0.629 HEAT:  29.16427
 CYCLE:    37 TIME:   0.109 TIME LEFT:  2.00D  GRAD.:     0.614 HEAT:  29.16392
 CYCLE:    38 TIME:   0.113 TIME LEFT:  2.00D  GRAD.:     0.549 HEAT:  29.16369
 CYCLE:    39 TIME:   0.117 TIME LEFT:  2.00D  GRAD.:     0.641 HEAT:  29.16340
 CYCLE:    40 TIME:   0.098 TIME LEFT:  2.00D  GRAD.:     0.600 HEAT:  29.16326
 CYCLE:    41 TIME:   0.102 TIME LEFT:  2.00D  GRAD.:     0.340 HEAT:  29.16317
 CYCLE:    42 TIME:   0.113 TIME LEFT:  2.00D  GRAD.:     0.324 HEAT:  29.16303
 CYCLE:    43 TIME:   0.109 TIME LEFT:  2.00D  GRAD.:     0.353 HEAT:  29.16291
 CYCLE:    44 TIME:   0.105 TIME LEFT:  2.00D  GRAD.:     0.563 HEAT:  29.16273
 CYCLE:    45 TIME:   0.102 TIME LEFT:  2.00D  GRAD.:     0.712 HEAT:  29.16261
 CYCLE:    46 TIME:   0.094 TIME LEFT:  2.00D  GRAD.:     0.400 HEAT:  29.16248
 CYCLE:    47 TIME:   0.105 TIME LEFT:  2.00D  GRAD.:     0.470 HEAT:  29.16225
 CYCLE:    48 TIME:   0.102 TIME LEFT:  2.00D  GRAD.:     0.758 HEAT:  29.16217
 CYCLE:    49 TIME:   0.109 TIME LEFT:  2.00D  GRAD.:     0.410 HEAT:  29.16205
 CYCLE:    50 TIME:   0.098 TIME LEFT:  2.00D  GRAD.:     0.289 HEAT:  29.16198
 CYCLE:    51 TIME:   0.102 TIME LEFT:  2.00D  GRAD.:     0.383 HEAT:  29.16189
 CYCLE:    52 TIME:   0.109 TIME LEFT:  2.00D  GRAD.:     0.515 HEAT:  29.16181
 CYCLE:    53 TIME:   0.113 TIME LEFT:  2.00D  GRAD.:     0.442 HEAT:  29.16169
 CYCLE:    54 TIME:   0.105 TIME LEFT:  2.00D  GRAD.:     0.857 HEAT:  29.16165
 CYCLE:    55 TIME:   0.090 TIME LEFT:  2.00D  GRAD.:     0.315 HEAT:  29.16157
 CYCLE:    56 TIME:   0.098 TIME LEFT:  2.00D  GRAD.:     0.261 HEAT:  29.16151
 CYCLE:    57 TIME:   0.098 TIME LEFT:  2.00D  GRAD.:     0.306 HEAT:  29.16142
 CYCLE:    58 TIME:   0.129 TIME LEFT:  2.00D  GRAD.:     0.343 HEAT:  29.16130
 CYCLE:    59 TIME:   0.141 TIME LEFT:  2.00D  GRAD.:     0.679 HEAT:  29.16120
 CYCLE:    60 TIME:   0.141 TIME LEFT:  2.00D  GRAD.:     0.292 HEAT:  29.16108
 CYCLE:    61 TIME:   0.133 TIME LEFT:  2.00D  GRAD.:     0.293 HEAT:  29.16097
 CYCLE:    62 TIME:   0.129 TIME LEFT:  2.00D  GRAD.:     0.379 HEAT:  29.16084
 CYCLE:    63 TIME:   0.137 TIME LEFT:  2.00D  GRAD.:     0.663 HEAT:  29.16067
 CYCLE:    64 TIME:   0.105 TIME LEFT:  2.00D  GRAD.:     0.494 HEAT:  29.16053
 CYCLE:    65 TIME:   0.129 TIME LEFT:  2.00D  GRAD.:     0.347 HEAT:  29.16043
 CYCLE:    66 TIME:   0.137 TIME LEFT:  2.00D  GRAD.:     0.397 HEAT:  29.16032
 CYCLE:    67 TIME:   0.141 TIME LEFT:  2.00D  GRAD.:     0.486 HEAT:  29.16020
 CYCLE:    68 TIME:   0.125 TIME LEFT:  2.00D  GRAD.:     2.214 HEAT:  29.16048
 CYCLE:    69 TIME:   0.105 TIME LEFT:  2.00D  GRAD.:     0.430 HEAT:  29.16003
 CYCLE:    70 TIME:   0.129 TIME LEFT:  2.00D  GRAD.:     0.290 HEAT:  29.15995
 CYCLE:    71 TIME:   0.090 TIME LEFT:  2.00D  GRAD.:     0.283 HEAT:  29.15985
 CYCLE:    72 TIME:   0.133 TIME LEFT:  2.00D  GRAD.:     0.507 HEAT:  29.15969
 CYCLE:    73 TIME:   0.098 TIME LEFT:  2.00D  GRAD.:     0.706 HEAT:  29.15961
 CYCLE:    74 TIME:   0.098 TIME LEFT:  2.00D  GRAD.:     0.322 HEAT:  29.15952
 CYCLE:    75 TIME:   0.133 TIME LEFT:  2.00D  GRAD.:     0.413 HEAT:  29.15942
 CYCLE:    76 TIME:   0.109 TIME LEFT:  2.00D  GRAD.:     0.323 HEAT:  29.15934
 CYCLE:    77 TIME:   0.113 TIME LEFT:  2.00D  GRAD.:     0.422 HEAT:  29.15916
 CYCLE:    78 TIME:   0.098 TIME LEFT:  2.00D  GRAD.:     0.617 HEAT:  29.15905
 CYCLE:    79 TIME:   0.102 TIME LEFT:  2.00D  GRAD.:     0.366 HEAT:  29.15893
 CYCLE:    80 TIME:   0.098 TIME LEFT:  2.00D  GRAD.:     0.362 HEAT:  29.15882
 CYCLE:    81 TIME:   0.117 TIME LEFT:  2.00D  GRAD.:     0.455 HEAT:  29.15868
 CYCLE:    82 TIME:   0.109 TIME LEFT:  2.00D  GRAD.:     0.469 HEAT:  29.15848
 CYCLE:    83 TIME:   0.102 TIME LEFT:  2.00D  GRAD.:     1.266 HEAT:  29.15837
 CYCLE:    84 TIME:   0.098 TIME LEFT:  2.00D  GRAD.:     1.120 HEAT:  29.15817
 CYCLE:    85 TIME:   0.105 TIME LEFT:  2.00D  GRAD.:     0.683 HEAT:  29.15785
 CYCLE:    86 TIME:   0.117 TIME LEFT:  2.00D  GRAD.:     0.892 HEAT:  29.15780
 CYCLE:    87 TIME:   0.113 TIME LEFT:  2.00D  GRAD.:     0.634 HEAT:  29.15747
 CYCLE:    88 TIME:   0.113 TIME LEFT:  2.00D  GRAD.:     1.459 HEAT:  29.15736
 CYCLE:    89 TIME:   0.109 TIME LEFT:  2.00D  GRAD.:     0.629 HEAT:  29.15696
 CYCLE:    90 TIME:   0.117 TIME LEFT:  2.00D  GRAD.:     0.429 HEAT:  29.15658
 CYCLE:    91 TIME:   0.109 TIME LEFT:  2.00D  GRAD.:     0.407 HEAT:  29.15630
 CYCLE:    92 TIME:   0.129 TIME LEFT:  2.00D  GRAD.:     0.576 HEAT:  29.15582
 CYCLE:    93 TIME:   0.113 TIME LEFT:  2.00D  GRAD.:     1.900 HEAT:  29.15572
 CYCLE:    94 TIME:   0.117 TIME LEFT:  2.00D  GRAD.:     2.310 HEAT:  29.15615
 CYCLE:    95 TIME:   0.109 TIME LEFT:  2.00D  GRAD.:     1.244 HEAT:  29.15540
 CYCLE:    96 TIME:   0.109 TIME LEFT:  2.00D  GRAD.:     4.436 HEAT:  29.15723
 CYCLE:    97 TIME:   0.109 TIME LEFT:  2.00D  GRAD.:     0.426 HEAT:  29.15514
 CYCLE:    98 TIME:   0.133 TIME LEFT:  2.00D  GRAD.:     0.810 HEAT:  29.15539
 CYCLE:    99 TIME:   0.117 TIME LEFT:  2.00D  GRAD.:     0.439 HEAT:  29.15505
 CYCLE:   100 TIME:   0.113 TIME LEFT:  2.00D  GRAD.:     0.543 HEAT:  29.15481
 CYCLE:   101 TIME:   0.117 TIME LEFT:  2.00D  GRAD.:     0.774 HEAT:  29.15424
 CYCLE:   102 TIME:   0.133 TIME LEFT:  2.00D  GRAD.:     3.380 HEAT:  29.15472
 CYCLE:   103 TIME:   0.133 TIME LEFT:  2.00D  GRAD.:     0.698 HEAT:  29.15387
 CYCLE:   104 TIME:   0.137 TIME LEFT:  2.00D  GRAD.:     2.691 HEAT:  29.15450
 CYCLE:   105 TIME:   0.098 TIME LEFT:  2.00D  GRAD.:     0.428 HEAT:  29.15333
 CYCLE:   106 TIME:   0.137 TIME LEFT:  2.00D  GRAD.:     0.564 HEAT:  29.15314
 CYCLE:   107 TIME:   0.129 TIME LEFT:  2.00D  GRAD.:     0.534 HEAT:  29.15267
 CYCLE:   108 TIME:   0.117 TIME LEFT:  2.00D  GRAD.:     1.055 HEAT:  29.15217
 CYCLE:   109 TIME:   0.121 TIME LEFT:  2.00D  GRAD.:     0.762 HEAT:  29.15179
 CYCLE:   110 TIME:   0.117 TIME LEFT:  2.00D  GRAD.:     0.545 HEAT:  29.15153
 CYCLE:   111 TIME:   0.121 TIME LEFT:  2.00D  GRAD.:     0.578 HEAT:  29.15104
 CYCLE:   112 TIME:   0.129 TIME LEFT:  2.00D  GRAD.:     1.328 HEAT:  29.15090
 CYCLE:   113 TIME:   0.102 TIME LEFT:  2.00D  GRAD.:     0.553 HEAT:  29.15069
 CYCLE:   114 TIME:   0.145 TIME LEFT:  2.00D  GRAD.:     1.421 HEAT:  29.15062
 CYCLE:   115 TIME:   0.137 TIME LEFT:  2.00D  GRAD.:     0.391 HEAT:  29.15034
 CYCLE:   116 TIME:   0.129 TIME LEFT:  2.00D  GRAD.:     0.307 HEAT:  29.15020
 CYCLE:   117 TIME:   0.137 TIME LEFT:  2.00D  GRAD.:     0.447 HEAT:  29.15002
 CYCLE:   118 TIME:   0.160 TIME LEFT:  2.00D  GRAD.:     1.070 HEAT:  29.14964
 CYCLE:   119 TIME:   0.145 TIME LEFT:  2.00D  GRAD.:     0.773 HEAT:  29.14933
 CYCLE:   120 TIME:   0.117 TIME LEFT:  2.00D  GRAD.:     0.469 HEAT:  29.14922
 CYCLE:   121 TIME:   0.141 TIME LEFT:  2.00D  GRAD.:     1.464 HEAT:  29.14911
 CYCLE:   122 TIME:   0.129 TIME LEFT:  2.00D  GRAD.:     0.594 HEAT:  29.14891
 CYCLE:   123 TIME:   0.094 TIME LEFT:  2.00D  GRAD.:     0.336 HEAT:  29.14873
 CYCLE:   124 TIME:   0.094 TIME LEFT:  2.00D  GRAD.:     0.508 HEAT:  29.14853
 CYCLE:   125 TIME:   0.102 TIME LEFT:  2.00D  GRAD.:     0.617 HEAT:  29.14831
 CYCLE:   126 TIME:   0.117 TIME LEFT:  2.00D  GRAD.:     1.472 HEAT:  29.14830
 CYCLE:   127 TIME:   0.105 TIME LEFT:  2.00D  GRAD.:     0.409 HEAT:  29.14803
 CYCLE:   128 TIME:   0.129 TIME LEFT:  2.00D  GRAD.:     0.264 HEAT:  29.14795
 CYCLE:   129 TIME:   0.125 TIME LEFT:  2.00D  GRAD.:     0.404 HEAT:  29.14787
 CYCLE:   130 TIME:   0.121 TIME LEFT:  2.00D  GRAD.:     0.464 HEAT:  29.14775
 CYCLE:   131 TIME:   0.133 TIME LEFT:  2.00D  GRAD.:     1.276 HEAT:  29.14774
 CYCLE:   132 TIME:   0.094 TIME LEFT:  2.00D  GRAD.:     0.398 HEAT:  29.14751
 CYCLE:   133 TIME:   0.094 TIME LEFT:  2.00D  GRAD.:     0.225 HEAT:  29.14747
 CYCLE:   134 TIME:   0.102 TIME LEFT:  2.00D  GRAD.:     0.508 HEAT:  29.14739
 CYCLE:   135 TIME:   0.102 TIME LEFT:  2.00D  GRAD.:     0.348 HEAT:  29.14734
 CYCLE:   136 TIME:   0.113 TIME LEFT:  2.00D  GRAD.:     0.509 HEAT:  29.14718
 CYCLE:   137 TIME:   0.090 TIME LEFT:  2.00D  GRAD.:     0.360 HEAT:  29.14710
 CYCLE:   138 TIME:   0.113 TIME LEFT:  2.00D  GRAD.:     0.317 HEAT:  29.14699
 CYCLE:   139 TIME:   0.121 TIME LEFT:  2.00D  GRAD.:     0.323 HEAT:  29.14691
 CYCLE:   140 TIME:   0.113 TIME LEFT:  2.00D  GRAD.:     0.446 HEAT:  29.14678
 CYCLE:   141 TIME:   0.117 TIME LEFT:  2.00D  GRAD.:     0.440 HEAT:  29.14663
 CYCLE:   142 TIME:   0.129 TIME LEFT:  2.00D  GRAD.:     0.533 HEAT:  29.14651
 CYCLE:   143 TIME:   0.090 TIME LEFT:  2.00D  GRAD.:     0.281 HEAT:  29.14643
 CYCLE:   144 TIME:   0.109 TIME LEFT:  2.00D  GRAD.:     1.289 HEAT:  29.14643
 CYCLE:   145 TIME:   0.113 TIME LEFT:  2.00D  GRAD.:     0.331 HEAT:  29.14628
 CYCLE:   146 TIME:   0.105 TIME LEFT:  2.00D  GRAD.:     0.329 HEAT:  29.14618
 CYCLE:   147 TIME:   0.109 TIME LEFT:  2.00D  GRAD.:     0.563 HEAT:  29.14611
 CYCLE:   148 TIME:   0.098 TIME LEFT:  2.00D  GRAD.:     0.277 HEAT:  29.14600
 CYCLE:   149 TIME:   0.094 TIME LEFT:  2.00D  GRAD.:     0.226 HEAT:  29.14593
 CYCLE:   150 TIME:   0.094 TIME LEFT:  2.00D  GRAD.:     0.330 HEAT:  29.14585
 CYCLE:   151 TIME:   0.102 TIME LEFT:  2.00D  GRAD.:     0.349 HEAT:  29.14573
 CYCLE:   152 TIME:   0.105 TIME LEFT:  2.00D  GRAD.:     1.272 HEAT:  29.14569
 CYCLE:   153 TIME:   0.113 TIME LEFT:  2.00D  GRAD.:     0.276 HEAT:  29.14553
 CYCLE:   154 TIME:   0.102 TIME LEFT:  2.00D  GRAD.:     0.606 HEAT:  29.14550
 CYCLE:   155 TIME:   0.090 TIME LEFT:  2.00D  GRAD.:     0.307 HEAT:  29.14542
 CYCLE:   156 TIME:   0.098 TIME LEFT:  2.00D  GRAD.:     0.557 HEAT:  29.14534
 CYCLE:   157 TIME:   0.098 TIME LEFT:  2.00D  GRAD.:     0.441 HEAT:  29.14527
 CYCLE:   158 TIME:   0.121 TIME LEFT:  2.00D  GRAD.:     0.367 HEAT:  29.14517
 CYCLE:   159 TIME:   0.109 TIME LEFT:  2.00D  GRAD.:     0.327 HEAT:  29.14505
 CYCLE:   160 TIME:   0.113 TIME LEFT:  2.00D  GRAD.:     0.559 HEAT:  29.14494
 CYCLE:   161 TIME:   0.125 TIME LEFT:  2.00D  GRAD.:     0.312 HEAT:  29.14484
 CYCLE:   162 TIME:   0.109 TIME LEFT:  2.00D  GRAD.:     0.241 HEAT:  29.14477
 CYCLE:   163 TIME:   0.125 TIME LEFT:  2.00D  GRAD.:     0.428 HEAT:  29.14462
 CYCLE:   164 TIME:   0.105 TIME LEFT:  2.00D  GRAD.:     0.746 HEAT:  29.14447
 CYCLE:   165 TIME:   0.113 TIME LEFT:  2.00D  GRAD.:     0.323 HEAT:  29.14433
 CYCLE:   166 TIME:   0.129 TIME LEFT:  2.00D  GRAD.:     0.440 HEAT:  29.14421
 CYCLE:   167 TIME:   0.133 TIME LEFT:  2.00D  GRAD.:     0.489 HEAT:  29.14416
 CYCLE:   168 TIME:   0.121 TIME LEFT:  2.00D  GRAD.:     0.600 HEAT:  29.14404
 CYCLE:   169 TIME:   0.129 TIME LEFT:  2.00D  GRAD.:     1.236 HEAT:  29.14405
 CYCLE:   170 TIME:   0.125 TIME LEFT:  2.00D  GRAD.:     0.262 HEAT:  29.14390
 CYCLE:   171 TIME:   0.109 TIME LEFT:  2.00D  GRAD.:     0.445 HEAT:  29.14383
 CYCLE:   172 TIME:   0.094 TIME LEFT:  2.00D  GRAD.:     0.245 HEAT:  29.14376
 CYCLE:   173 TIME:   0.102 TIME LEFT:  2.00D  GRAD.:     0.559 HEAT:  29.14366
 CYCLE:   174 TIME:   0.102 TIME LEFT:  2.00D  GRAD.:     0.380 HEAT:  29.14359
 CYCLE:   175 TIME:   0.105 TIME LEFT:  2.00D  GRAD.:     0.229 HEAT:  29.14347
 CYCLE:   176 TIME:   0.098 TIME LEFT:  2.00D  GRAD.:     0.284 HEAT:  29.14342
 CYCLE:   177 TIME:   0.098 TIME LEFT:  2.00D  GRAD.:     0.414 HEAT:  29.14333
 CYCLE:   178 TIME:   0.117 TIME LEFT:  2.00D  GRAD.:     0.249 HEAT:  29.14326
 CYCLE:   179 TIME:   0.125 TIME LEFT:  2.00D  GRAD.:     0.228 HEAT:  29.14321
 CYCLE:   180 TIME:   0.137 TIME LEFT:  2.00D  GRAD.:     0.595 HEAT:  29.14314
 CYCLE:   181 TIME:   0.121 TIME LEFT:  2.00D  GRAD.:     0.908 HEAT:  29.14312
 CYCLE:   182 TIME:   0.109 TIME LEFT:  2.00D  GRAD.:     0.253 HEAT:  29.14302
 CYCLE:   183 TIME:   0.094 TIME LEFT:  2.00D  GRAD.:     0.178 HEAT:  29.14298
 CYCLE:   184 TIME:   0.105 TIME LEFT:  2.00D  GRAD.:     0.213 HEAT:  29.14291
 CYCLE:   185 TIME:   0.102 TIME LEFT:  2.00D  GRAD.:     0.737 HEAT:  29.14287
 CYCLE:   186 TIME:   0.098 TIME LEFT:  2.00D  GRAD.:     0.418 HEAT:  29.14279
 CYCLE:   187 TIME:   0.102 TIME LEFT:  2.00D  GRAD.:     0.204 HEAT:  29.14271
 CYCLE:   188 TIME:   0.102 TIME LEFT:  2.00D  GRAD.:     0.316 HEAT:  29.14264
 CYCLE:   189 TIME:   0.098 TIME LEFT:  2.00D  GRAD.:     0.321 HEAT:  29.14255
 CYCLE:   190 TIME:   0.102 TIME LEFT:  2.00D  GRAD.:     0.366 HEAT:  29.14240
 CYCLE:   191 TIME:   0.102 TIME LEFT:  2.00D  GRAD.:     0.681 HEAT:  29.14232
 CYCLE:   192 TIME:   0.098 TIME LEFT:  2.00D  GRAD.:     0.275 HEAT:  29.14225
 CYCLE:   193 TIME:   0.113 TIME LEFT:  2.00D  GRAD.:     0.635 HEAT:  29.14219
 CYCLE:   194 TIME:   0.102 TIME LEFT:  2.00D  GRAD.:     0.371 HEAT:  29.14212
 CYCLE:   195 TIME:   0.113 TIME LEFT:  2.00D  GRAD.:     0.363 HEAT:  29.14204
 CYCLE:   196 TIME:   0.098 TIME LEFT:  2.00D  GRAD.:     1.498 HEAT:  29.14228
 CYCLE:   197 TIME:   0.105 TIME LEFT:  2.00D  GRAD.:     0.241 HEAT:  29.14197
 CYCLE:   198 TIME:   0.102 TIME LEFT:  2.00D  GRAD.:     0.197 HEAT:  29.14194
 CYCLE:   199 TIME:   0.098 TIME LEFT:  2.00D  GRAD.:     0.707 HEAT:  29.14189
 CYCLE:   200 TIME:   0.109 TIME LEFT:  2.00D  GRAD.:     0.453 HEAT:  29.14180
 CYCLE:   201 TIME:   0.105 TIME LEFT:  2.00D  GRAD.:     0.242 HEAT:  29.14175
 CYCLE:   202 TIME:   0.117 TIME LEFT:  2.00D  GRAD.:     0.225 HEAT:  29.14171
 CYCLE:   203 TIME:   0.113 TIME LEFT:  2.00D  GRAD.:     0.402 HEAT:  29.14160
 CYCLE:   204 TIME:   0.105 TIME LEFT:  2.00D  GRAD.:     0.840 HEAT:  29.14153
 CYCLE:   205 TIME:   0.102 TIME LEFT:  2.00D  GRAD.:     0.330 HEAT:  29.14146
 CYCLE:   206 TIME:   0.133 TIME LEFT:  2.00D  GRAD.:     0.353 HEAT:  29.14139
 CYCLE:   207 TIME:   0.129 TIME LEFT:  2.00D  GRAD.:     0.283 HEAT:  29.14133
 CYCLE:   208 TIME:   0.145 TIME LEFT:  2.00D  GRAD.:     0.353 HEAT:  29.14117
 CYCLE:   209 TIME:   0.121 TIME LEFT:  2.00D  GRAD.:     1.091 HEAT:  29.14113
 CYCLE:   210 TIME:   0.098 TIME LEFT:  2.00D  GRAD.:     0.274 HEAT:  29.14103
 CYCLE:   211 TIME:   0.109 TIME LEFT:  2.00D  GRAD.:     0.626 HEAT:  29.14097
 CYCLE:   212 TIME:   0.102 TIME LEFT:  2.00D  GRAD.:     0.295 HEAT:  29.14082
 CYCLE:   213 TIME:   0.117 TIME LEFT:  2.00D  GRAD.:     0.420 HEAT:  29.14069
 CYCLE:   214 TIME:   0.105 TIME LEFT:  2.00D  GRAD.:     0.323 HEAT:  29.14060
 CYCLE:   215 TIME:   0.105 TIME LEFT:  2.00D  GRAD.:     0.713 HEAT:  29.14047
 CYCLE:   216 TIME:   0.105 TIME LEFT:  2.00D  GRAD.:     0.439 HEAT:  29.14034
 CYCLE:   217 TIME:   0.109 TIME LEFT:  2.00D  GRAD.:     0.358 HEAT:  29.14020
 CYCLE:   218 TIME:   0.109 TIME LEFT:  2.00D  GRAD.:     0.563 HEAT:  29.14013
 CYCLE:   219 TIME:   0.105 TIME LEFT:  2.00D  GRAD.:     0.270 HEAT:  29.14007
 CYCLE:   220 TIME:   0.113 TIME LEFT:  2.00D  GRAD.:     0.354 HEAT:  29.13997
 CYCLE:   221 TIME:   0.102 TIME LEFT:  2.00D  GRAD.:     0.245 HEAT:  29.13994
 CYCLE:   222 TIME:   0.105 TIME LEFT:  2.00D  GRAD.:     0.811 HEAT:  29.13986
 CYCLE:   223 TIME:   0.113 TIME LEFT:  2.00D  GRAD.:     0.772 HEAT:  29.14000
 CYCLE:   224 TIME:   0.109 TIME LEFT:  2.00D  GRAD.:     0.450 HEAT:  29.13976
 CYCLE:   225 TIME:   0.102 TIME LEFT:  2.00D  GRAD.:     0.187 HEAT:  29.13972
 CYCLE:   226 TIME:   0.098 TIME LEFT:  2.00D  GRAD.:     0.360 HEAT:  29.13967
 CYCLE:   227 TIME:   0.102 TIME LEFT:  2.00D  GRAD.:     0.327 HEAT:  29.13960
 CYCLE:   228 TIME:   0.098 TIME LEFT:  2.00D  GRAD.:     0.360 HEAT:  29.13952
 CYCLE:   229 TIME:   0.109 TIME LEFT:  2.00D  GRAD.:     0.632 HEAT:  29.13938
 CYCLE:   230 TIME:   0.117 TIME LEFT:  2.00D  GRAD.:     0.283 HEAT:  29.13921
 CYCLE:   231 TIME:   0.113 TIME LEFT:  2.00D  GRAD.:     0.304 HEAT:  29.13912
 CYCLE:   232 TIME:   0.090 TIME LEFT:  2.00D  GRAD.:     0.323 HEAT:  29.13903
 CYCLE:   233 TIME:   0.098 TIME LEFT:  2.00D  GRAD.:     0.606 HEAT:  29.13889
 CYCLE:   234 TIME:   0.098 TIME LEFT:  2.00D  GRAD.:     0.756 HEAT:  29.13885
 CYCLE:   235 TIME:   0.094 TIME LEFT:  2.00D  GRAD.:     0.340 HEAT:  29.13880
 CYCLE:   236 TIME:   0.137 TIME LEFT:  2.00D  GRAD.:     0.717 HEAT:  29.13874
 CYCLE:   237 TIME:   0.125 TIME LEFT:  2.00D  GRAD.:     0.313 HEAT:  29.13867
 CYCLE:   238 TIME:   0.105 TIME LEFT:  2.00D  GRAD.:     0.486 HEAT:  29.13859
 CYCLE:   239 TIME:   0.102 TIME LEFT:  2.00D  GRAD.:     0.322 HEAT:  29.13855
 CYCLE:   240 TIME:   0.102 TIME LEFT:  2.00D  GRAD.:     0.246 HEAT:  29.13847
 CYCLE:   241 TIME:   0.102 TIME LEFT:  2.00D  GRAD.:     0.355 HEAT:  29.13840
 CYCLE:   242 TIME:   0.102 TIME LEFT:  2.00D  GRAD.:     0.416 HEAT:  29.13831
 CYCLE:   243 TIME:   0.102 TIME LEFT:  2.00D  GRAD.:     0.288 HEAT:  29.13820
 CYCLE:   244 TIME:   0.113 TIME LEFT:  2.00D  GRAD.:     0.303 HEAT:  29.13814
 CYCLE:   245 TIME:   0.102 TIME LEFT:  2.00D  GRAD.:     0.252 HEAT:  29.13811
 CYCLE:   246 TIME:   0.117 TIME LEFT:  2.00D  GRAD.:     1.053 HEAT:  29.13811
 CYCLE:   247 TIME:   0.105 TIME LEFT:  2.00D  GRAD.:     0.258 HEAT:  29.13797
 CYCLE:   248 TIME:   0.102 TIME LEFT:  2.00D  GRAD.:     0.201 HEAT:  29.13791
 CYCLE:   249 TIME:   0.113 TIME LEFT:  2.00D  GRAD.:     0.400 HEAT:  29.13782
 CYCLE:   250 TIME:   0.109 TIME LEFT:  2.00D  GRAD.:     0.444 HEAT:  29.13764
 CYCLE:   251 TIME:   0.117 TIME LEFT:  2.00D  GRAD.:     0.775 HEAT:  29.13752
 CYCLE:   252 TIME:   0.102 TIME LEFT:  2.00D  GRAD.:     0.350 HEAT:  29.13741
 CYCLE:   253 TIME:   0.098 TIME LEFT:  2.00D  GRAD.:     0.324 HEAT:  29.13737
 CYCLE:   254 TIME:   0.109 TIME LEFT:  2.00D  GRAD.:     0.655 HEAT:  29.13725
 CYCLE:   255 TIME:   0.094 TIME LEFT:  2.00D  GRAD.:     0.687 HEAT:  29.13712
 CYCLE:   256 TIME:   0.141 TIME LEFT:  2.00D  GRAD.:     0.431 HEAT:  29.13692
 CYCLE:   257 TIME:   0.121 TIME LEFT:  2.00D  GRAD.:     0.353 HEAT:  29.13677
 CYCLE:   258 TIME:   0.141 TIME LEFT:  2.00D  GRAD.:     0.453 HEAT:  29.13662
 CYCLE:   259 TIME:   0.117 TIME LEFT:  2.00D  GRAD.:     0.478 HEAT:  29.13646
 CYCLE:   260 TIME:   0.148 TIME LEFT:  2.00D  GRAD.:     2.090 HEAT:  29.13674
 CYCLE:   261 TIME:   0.109 TIME LEFT:  2.00D  GRAD.:     0.442 HEAT:  29.13624
 CYCLE:   262 TIME:   0.145 TIME LEFT:  2.00D  GRAD.:     0.375 HEAT:  29.13614
 CYCLE:   263 TIME:   0.113 TIME LEFT:  2.00D  GRAD.:     0.396 HEAT:  29.13596
 CYCLE:   264 TIME:   0.121 TIME LEFT:  2.00D  GRAD.:     0.568 HEAT:  29.13571
 CYCLE:   265 TIME:   0.137 TIME LEFT:  2.00D  GRAD.:     1.488 HEAT:  29.13567
 CYCLE:   266 TIME:   0.129 TIME LEFT:  2.00D  GRAD.:     0.459 HEAT:  29.13546
 CYCLE:   267 TIME:   0.129 TIME LEFT:  2.00D  GRAD.:     0.635 HEAT:  29.13532
 CYCLE:   268 TIME:   0.109 TIME LEFT:  2.00D  GRAD.:     0.402 HEAT:  29.13521
 CYCLE:   269 TIME:   0.141 TIME LEFT:  2.00D  GRAD.:     0.618 HEAT:  29.13494
 CYCLE:   270 TIME:   0.129 TIME LEFT:  2.00D  GRAD.:     0.499 HEAT:  29.13480
 CYCLE:   271 TIME:   0.133 TIME LEFT:  2.00D  GRAD.:     0.477 HEAT:  29.13440
 CYCLE:   272 TIME:   0.145 TIME LEFT:  2.00D  GRAD.:     3.382 HEAT:  29.13562
 CYCLE:   273 TIME:   0.113 TIME LEFT:  2.00D  GRAD.:     0.490 HEAT:  29.13412
 CYCLE:   274 TIME:   0.137 TIME LEFT:  2.00D  GRAD.:     0.720 HEAT:  29.13410
 CYCLE:   275 TIME:   0.148 TIME LEFT:  2.00D  GRAD.:     1.081 HEAT:  29.13385
 CYCLE:   276 TIME:   0.121 TIME LEFT:  2.00D  GRAD.:     1.064 HEAT:  29.13359
 CYCLE:   277 TIME:   0.148 TIME LEFT:  2.00D  GRAD.:     0.382 HEAT:  29.13336
 CYCLE:   278 TIME:   0.145 TIME LEFT:  2.00D  GRAD.:     0.354 HEAT:  29.13323
 CYCLE:   279 TIME:   0.156 TIME LEFT:  2.00D  GRAD.:     0.563 HEAT:  29.13291
 CYCLE:   280 TIME:   0.168 TIME LEFT:  2.00D  GRAD.:     1.497 HEAT:  29.13282
 CYCLE:   281 TIME:   0.152 TIME LEFT:  2.00D  GRAD.:     0.587 HEAT:  29.13251
 CYCLE:   282 TIME:   0.160 TIME LEFT:  2.00D  GRAD.:     0.328 HEAT:  29.13231
 CYCLE:   283 TIME:   0.172 TIME LEFT:  2.00D  GRAD.:     0.455 HEAT:  29.13204
 CYCLE:   284 TIME:   0.125 TIME LEFT:  2.00D  GRAD.:     0.863 HEAT:  29.13173
 CYCLE:   285 TIME:   0.121 TIME LEFT:  2.00D  GRAD.:     0.573 HEAT:  29.13140
 CYCLE:   286 TIME:   0.109 TIME LEFT:  2.00D  GRAD.:     0.358 HEAT:  29.13128
 CYCLE:   287 TIME:   0.121 TIME LEFT:  2.00D  GRAD.:     1.421 HEAT:  29.13130
 CYCLE:   288 TIME:   0.117 TIME LEFT:  2.00D  GRAD.:     0.753 HEAT:  29.13121
 CYCLE:   289 TIME:   0.105 TIME LEFT:  2.00D  GRAD.:     0.314 HEAT:  29.13086
 CYCLE:   290 TIME:   0.102 TIME LEFT:  2.00D  GRAD.:     0.289 HEAT:  29.13072
 CYCLE:   291 TIME:   0.105 TIME LEFT:  2.00D  GRAD.:     0.656 HEAT:  29.12993
 CYCLE:   292 TIME:   0.109 TIME LEFT:  2.00D  GRAD.:     2.470 HEAT:  29.13012
 CYCLE:   293 TIME:   0.098 TIME LEFT:  2.00D  GRAD.:     0.685 HEAT:  29.12951
 CYCLE:   294 TIME:   0.109 TIME LEFT:  2.00D  GRAD.:     0.803 HEAT:  29.12925
 CYCLE:   295 TIME:   0.102 TIME LEFT:  2.00D  GRAD.:     0.537 HEAT:  29.12892
 CYCLE:   296 TIME:   0.109 TIME LEFT:  2.00D  GRAD.:     0.770 HEAT:  29.12857
 CYCLE:   297 TIME:   0.141 TIME LEFT:  2.00D  GRAD.:     0.982 HEAT:  29.12839
 CYCLE:   298 TIME:   0.125 TIME LEFT:  2.00D  GRAD.:     0.435 HEAT:  29.12818
 CYCLE:   299 TIME:   0.105 TIME LEFT:  2.00D  GRAD.:     0.355 HEAT:  29.12801
 CYCLE:   300 TIME:   0.105 TIME LEFT:  2.00D  GRAD.:     0.714 HEAT:  29.12764
 CYCLE:   301 TIME:   0.109 TIME LEFT:  2.00D  GRAD.:     0.785 HEAT:  29.12749
 CYCLE:   302 TIME:   0.102 TIME LEFT:  2.00D  GRAD.:     1.067 HEAT:  29.12715
 CYCLE:   303 TIME:   0.094 TIME LEFT:  2.00D  GRAD.:     0.858 HEAT:  29.12684
 CYCLE:   304 TIME:   0.102 TIME LEFT:  2.00D  GRAD.:     0.907 HEAT:  29.12641
 CYCLE:   305 TIME:   0.109 TIME LEFT:  2.00D  GRAD.:     0.920 HEAT:  29.12582
 CYCLE:   306 TIME:   0.102 TIME LEFT:  2.00D  GRAD.:     0.508 HEAT:  29.12537
 CYCLE:   307 TIME:   0.113 TIME LEFT:  2.00D  GRAD.:     0.734 HEAT:  29.12494
 CYCLE:   308 TIME:   0.121 TIME LEFT:  2.00D  GRAD.:     0.694 HEAT:  29.12458
 CYCLE:   309 TIME:   0.133 TIME LEFT:  2.00D  GRAD.:     0.910 HEAT:  29.12417
 CYCLE:   310 TIME:   0.137 TIME LEFT:  2.00D  GRAD.:     1.715 HEAT:  29.12427
 CYCLE:   311 TIME:   0.109 TIME LEFT:  2.00D  GRAD.:     0.488 HEAT:  29.12364
 CYCLE:   312 TIME:   0.105 TIME LEFT:  2.00D  GRAD.:     0.351 HEAT:  29.12348
 CYCLE:   313 TIME:   0.117 TIME LEFT:  2.00D  GRAD.:     0.563 HEAT:  29.12289
 CYCLE:   314 TIME:   0.109 TIME LEFT:  2.00D  GRAD.:     1.742 HEAT:  29.12278
 CYCLE:   315 TIME:   0.113 TIME LEFT:  2.00D  GRAD.:     0.558 HEAT:  29.12246
 CYCLE:   316 TIME:   0.109 TIME LEFT:  2.00D  GRAD.:     0.404 HEAT:  29.12227
 CYCLE:   317 TIME:   0.117 TIME LEFT:  2.00D  GRAD.:     0.633 HEAT:  29.12197
 CYCLE:   318 TIME:   0.109 TIME LEFT:  2.00D  GRAD.:     0.611 HEAT:  29.12168
 CYCLE:   319 TIME:   0.129 TIME LEFT:  2.00D  GRAD.:     0.883 HEAT:  29.12107
 CYCLE:   320 TIME:   0.125 TIME LEFT:  2.00D  GRAD.:     3.764 HEAT:  29.12172
 CYCLE:   321 TIME:   0.117 TIME LEFT:  2.00D  GRAD.:     0.755 HEAT:  29.12085
 CYCLE:   322 TIME:   0.133 TIME LEFT:  2.00D  GRAD.:     2.118 HEAT:  29.12094
 CYCLE:   323 TIME:   0.102 TIME LEFT:  2.00D  GRAD.:     1.769 HEAT:  29.12050
 CYCLE:   324 TIME:   0.109 TIME LEFT:  2.00D  GRAD.:     0.698 HEAT:  29.11998
 CYCLE:   325 TIME:   0.102 TIME LEFT:  2.00D  GRAD.:     0.320 HEAT:  29.11986
 CYCLE:   326 TIME:   0.117 TIME LEFT:  2.00D  GRAD.:     1.109 HEAT:  29.11966
 CYCLE:   327 TIME:   0.105 TIME LEFT:  2.00D  GRAD.:     0.449 HEAT:  29.11945
 CYCLE:   328 TIME:   0.109 TIME LEFT:  2.00D  GRAD.:     0.464 HEAT:  29.11929
 CYCLE:   329 TIME:   0.141 TIME LEFT:  2.00D  GRAD.:     0.487 HEAT:  29.11915
 CYCLE:   330 TIME:   0.160 TIME LEFT:  2.00D  GRAD.:     0.843 HEAT:  29.11875
 CYCLE:   331 TIME:   0.145 TIME LEFT:  2.00D  GRAD.:     3.382 HEAT:  29.11942
 CYCLE:   332 TIME:   0.137 TIME LEFT:  2.00D  GRAD.:     0.498 HEAT:  29.11850
 CYCLE:   333 TIME:   0.141 TIME LEFT:  2.00D  GRAD.:     0.982 HEAT:  29.11844
 CYCLE:   334 TIME:   0.133 TIME LEFT:  2.00D  GRAD.:     0.493 HEAT:  29.11809
 CYCLE:   335 TIME:   0.121 TIME LEFT:  2.00D  GRAD.:     0.546 HEAT:  29.11791
 CYCLE:   336 TIME:   0.098 TIME LEFT:  2.00D  GRAD.:     0.463 HEAT:  29.11776
 CYCLE:   337 TIME:   0.109 TIME LEFT:  2.00D  GRAD.:     0.593 HEAT:  29.11738
 CYCLE:   338 TIME:   0.113 TIME LEFT:  2.00D  GRAD.:     0.814 HEAT:  29.11699
 CYCLE:   339 TIME:   0.141 TIME LEFT:  2.00D  GRAD.:     0.549 HEAT:  29.11676
 CYCLE:   340 TIME:   0.113 TIME LEFT:  2.00D  GRAD.:     0.667 HEAT:  29.11646
 CYCLE:   341 TIME:   0.129 TIME LEFT:  2.00D  GRAD.:     0.635 HEAT:  29.11624
 CYCLE:   342 TIME:   0.141 TIME LEFT:  2.00D  GRAD.:     0.795 HEAT:  29.11586
 CYCLE:   343 TIME:   0.141 TIME LEFT:  2.00D  GRAD.:     1.043 HEAT:  29.11558
 CYCLE:   344 TIME:   0.121 TIME LEFT:  2.00D  GRAD.:     0.545 HEAT:  29.11536
 CYCLE:   345 TIME:   0.109 TIME LEFT:  2.00D  GRAD.:     0.488 HEAT:  29.11511
 CYCLE:   346 TIME:   0.105 TIME LEFT:  2.00D  GRAD.:     0.449 HEAT:  29.11495
 CYCLE:   347 TIME:   0.117 TIME LEFT:  2.00D  GRAD.:     0.657 HEAT:  29.11465
 CYCLE:   348 TIME:   0.102 TIME LEFT:  2.00D  GRAD.:     1.479 HEAT:  29.11461
 CYCLE:   349 TIME:   0.102 TIME LEFT:  2.00D  GRAD.:     0.546 HEAT:  29.11439
 CYCLE:   350 TIME:   0.113 TIME LEFT:  2.00D  GRAD.:     0.547 HEAT:  29.11420
 CYCLE:   351 TIME:   0.102 TIME LEFT:  2.00D  GRAD.:     0.394 HEAT:  29.11403
 CYCLE:   352 TIME:   0.109 TIME LEFT:  2.00D  GRAD.:     0.574 HEAT:  29.11368
 CYCLE:   353 TIME:   0.109 TIME LEFT:  2.00D  GRAD.:     0.554 HEAT:  29.11352
 CYCLE:   354 TIME:   0.102 TIME LEFT:  2.00D  GRAD.:     0.397 HEAT:  29.11335
 CYCLE:   355 TIME:   0.105 TIME LEFT:  2.00D  GRAD.:     0.444 HEAT:  29.11315
 CYCLE:   356 TIME:   0.102 TIME LEFT:  2.00D  GRAD.:     0.613 HEAT:  29.11310
 CYCLE:   357 TIME:   0.105 TIME LEFT:  2.00D  GRAD.:     0.251 HEAT:  29.11305
 CYCLE:   358 TIME:   0.105 TIME LEFT:  2.00D  GRAD.:     0.379 HEAT:  29.11297
 CYCLE:   359 TIME:   0.098 TIME LEFT:  2.00D  GRAD.:     0.267 HEAT:  29.11294
 CYCLE:   360 TIME:   0.152 TIME LEFT:  2.00D  GRAD.:     1.048 HEAT:  29.11292
 CYCLE:   361 TIME:   0.148 TIME LEFT:  2.00D  GRAD.:     0.409 HEAT:  29.11282
 CYCLE:   362 TIME:   0.145 TIME LEFT:  2.00D  GRAD.:     0.291 HEAT:  29.11275
 CYCLE:   363 TIME:   0.148 TIME LEFT:  2.00D  GRAD.:     0.243 HEAT:  29.11270
 CYCLE:   364 TIME:   0.141 TIME LEFT:  2.00D  GRAD.:     0.661 HEAT:  29.11252
 CYCLE:   365 TIME:   0.113 TIME LEFT:  2.00D  GRAD.:     0.457 HEAT:  29.11241
 CYCLE:   366 TIME:   0.102 TIME LEFT:  2.00D  GRAD.:     0.353 HEAT:  29.11224
 CYCLE:   367 TIME:   0.098 TIME LEFT:  2.00D  GRAD.:     0.393 HEAT:  29.11214
 CYCLE:   368 TIME:   0.094 TIME LEFT:  2.00D  GRAD.:     0.373 HEAT:  29.11201
 CYCLE:   369 TIME:   0.098 TIME LEFT:  2.00D  GRAD.:     0.279 HEAT:  29.11189
 CYCLE:   370 TIME:   0.105 TIME LEFT:  2.00D  GRAD.:     0.296 HEAT:  29.11179
 CYCLE:   371 TIME:   0.145 TIME LEFT:  2.00D  GRAD.:     0.383 HEAT:  29.11165
 CYCLE:   372 TIME:   0.133 TIME LEFT:  2.00D  GRAD.:     0.381 HEAT:  29.11153
 CYCLE:   373 TIME:   0.113 TIME LEFT:  2.00D  GRAD.:     1.484 HEAT:  29.11159
 CYCLE:   374 TIME:   0.117 TIME LEFT:  2.00D  GRAD.:     0.282 HEAT:  29.11137
 CYCLE:   375 TIME:   0.117 TIME LEFT:  2.00D  GRAD.:     0.632 HEAT:  29.11136
 CYCLE:   376 TIME:   0.129 TIME LEFT:  2.00D  GRAD.:     0.349 HEAT:  29.11120
 CYCLE:   377 TIME:   0.121 TIME LEFT:  2.00D  GRAD.:     0.409 HEAT:  29.11111
 CYCLE:   378 TIME:   0.156 TIME LEFT:  2.00D  GRAD.:     0.516 HEAT:  29.11100
 CYCLE:   379 TIME:   0.176 TIME LEFT:  2.00D  GRAD.:     0.373 HEAT:  29.11087
 CYCLE:   380 TIME:   0.141 TIME LEFT:  2.00D  GRAD.:     0.275 HEAT:  29.11079
 CYCLE:   381 TIME:   0.109 TIME LEFT:  2.00D  GRAD.:     0.253 HEAT:  29.11073
 CYCLE:   382 TIME:   0.137 TIME LEFT:  2.00D  GRAD.:     0.367 HEAT:  29.11063
 CYCLE:   383 TIME:   0.105 TIME LEFT:  2.00D  GRAD.:     0.512 HEAT:  29.11057
 CYCLE:   384 TIME:   0.102 TIME LEFT:  2.00D  GRAD.:     0.266 HEAT:  29.11050
 CYCLE:   385 TIME:   0.109 TIME LEFT:  2.00D  GRAD.:     0.220 HEAT:  29.11043
 CYCLE:   386 TIME:   0.113 TIME LEFT:  2.00D  GRAD.:     0.304 HEAT:  29.11038
 CYCLE:   387 TIME:   0.109 TIME LEFT:  2.00D  GRAD.:     0.252 HEAT:  29.11033
 CYCLE:   388 TIME:   0.094 TIME LEFT:  2.00D  GRAD.:     0.401 HEAT:  29.11027
 CYCLE:   389 TIME:   0.105 TIME LEFT:  2.00D  GRAD.:     0.312 HEAT:  29.11020
 CYCLE:   390 TIME:   0.098 TIME LEFT:  2.00D  GRAD.:     0.389 HEAT:  29.11011
 CYCLE:   391 TIME:   0.094 TIME LEFT:  2.00D  GRAD.:     0.507 HEAT:  29.11005
 CYCLE:   392 TIME:   0.094 TIME LEFT:  2.00D  GRAD.:     0.324 HEAT:  29.10996
 CYCLE:   393 TIME:   0.102 TIME LEFT:  2.00D  GRAD.:     0.343 HEAT:  29.10990
 CYCLE:   394 TIME:   0.094 TIME LEFT:  2.00D  GRAD.:     0.282 HEAT:  29.10983
 CYCLE:   395 TIME:   0.109 TIME LEFT:  2.00D  GRAD.:     0.239 HEAT:  29.10976
 CYCLE:   396 TIME:   0.102 TIME LEFT:  2.00D  GRAD.:     0.322 HEAT:  29.10963
 CYCLE:   397 TIME:   0.125 TIME LEFT:  2.00D  GRAD.:     0.317 HEAT:  29.10953
 CYCLE:   398 TIME:   0.102 TIME LEFT:  2.00D  GRAD.:     0.564 HEAT:  29.10942
 CYCLE:   399 TIME:   0.090 TIME LEFT:  2.00D  GRAD.:     0.407 HEAT:  29.10928
 CYCLE:   400 TIME:   0.105 TIME LEFT:  2.00D  GRAD.:     0.510 HEAT:  29.10915
 CYCLE:   401 TIME:   0.102 TIME LEFT:  2.00D  GRAD.:     1.352 HEAT:  29.10936
 CYCLE:   402 TIME:   0.105 TIME LEFT:  2.00D  GRAD.:     0.268 HEAT:  29.10903
 CYCLE:   403 TIME:   0.098 TIME LEFT:  2.00D  GRAD.:     0.216 HEAT:  29.10899
 CYCLE:   404 TIME:   0.102 TIME LEFT:  2.00D  GRAD.:     0.243 HEAT:  29.10889
 CYCLE:   405 TIME:   0.098 TIME LEFT:  2.00D  GRAD.:     0.418 HEAT:  29.10874
 CYCLE:   406 TIME:   0.105 TIME LEFT:  2.00D  GRAD.:     1.077 HEAT:  29.10873
 CYCLE:   407 TIME:   0.105 TIME LEFT:  2.00D  GRAD.:     0.300 HEAT:  29.10859
 CYCLE:   408 TIME:   0.117 TIME LEFT:  2.00D  GRAD.:     0.541 HEAT:  29.10855
 CYCLE:   409 TIME:   0.109 TIME LEFT:  2.00D  GRAD.:     0.378 HEAT:  29.10848
 CYCLE:   410 TIME:   0.098 TIME LEFT:  2.00D  GRAD.:     0.378 HEAT:  29.10840
 CYCLE:   411 TIME:   0.121 TIME LEFT:  2.00D  GRAD.:     0.368 HEAT:  29.10833
 CYCLE:   412 TIME:   0.141 TIME LEFT:  2.00D  GRAD.:     1.840 HEAT:  29.10861
 CYCLE:   413 TIME:   0.141 TIME LEFT:  2.00D  GRAD.:     0.263 HEAT:  29.10814
 CYCLE:   414 TIME:   0.102 TIME LEFT:  2.00D  GRAD.:     0.240 HEAT:  29.10810
 CYCLE:   415 TIME:   0.129 TIME LEFT:  2.00D  GRAD.:     0.376 HEAT:  29.10800
 CYCLE:   416 TIME:   0.133 TIME LEFT:  2.00D  GRAD.:     0.599 HEAT:  29.10794
 CYCLE:   417 TIME:   0.105 TIME LEFT:  2.00D  GRAD.:     0.230 HEAT:  29.10789
 CYCLE:   418 TIME:   0.105 TIME LEFT:  2.00D  GRAD.:     0.247 HEAT:  29.10785
 CYCLE:   419 TIME:   0.129 TIME LEFT:  2.00D  GRAD.:     0.245 HEAT:  29.10781
 CYCLE:   420 TIME:   0.141 TIME LEFT:  2.00D  GRAD.:     0.476 HEAT:  29.10764
 CYCLE:   421 TIME:   0.145 TIME LEFT:  2.00D  GRAD.:     0.968 HEAT:  29.10762
 CYCLE:   422 TIME:   0.129 TIME LEFT:  2.00D  GRAD.:     0.375 HEAT:  29.10748
 CYCLE:   423 TIME:   0.141 TIME LEFT:  2.00D  GRAD.:     0.247 HEAT:  29.10740
 CYCLE:   424 TIME:   0.121 TIME LEFT:  2.00D  GRAD.:     0.306 HEAT:  29.10731
 CYCLE:   425 TIME:   0.137 TIME LEFT:  2.00D  GRAD.:     0.365 HEAT:  29.10719
 CYCLE:   426 TIME:   0.109 TIME LEFT:  2.00D  GRAD.:     0.766 HEAT:  29.10708
 CYCLE:   427 TIME:   0.098 TIME LEFT:  2.00D  GRAD.:     0.327 HEAT:  29.10699
 CYCLE:   428 TIME:   0.109 TIME LEFT:  2.00D  GRAD.:     0.300 HEAT:  29.10692
 CYCLE:   429 TIME:   0.117 TIME LEFT:  2.00D  GRAD.:     0.387 HEAT:  29.10683
 CYCLE:   430 TIME:   0.141 TIME LEFT:  2.00D  GRAD.:     1.143 HEAT:  29.10693
 CYCLE:   431 TIME:   0.145 TIME LEFT:  2.00D  GRAD.:     0.276 HEAT:  29.10673
 CYCLE:   432 TIME:   0.133 TIME LEFT:  2.00D  GRAD.:     0.232 HEAT:  29.10668
 CYCLE:   433 TIME:   0.113 TIME LEFT:  2.00D  GRAD.:     0.490 HEAT:  29.10653
 CYCLE:   434 TIME:   0.141 TIME LEFT:  2.00D  GRAD.:     0.404 HEAT:  29.10643
 CYCLE:   435 TIME:   0.125 TIME LEFT:  2.00D  GRAD.:     0.487 HEAT:  29.10632
 CYCLE:   436 TIME:   0.109 TIME LEFT:  2.00D  GRAD.:     0.356 HEAT:  29.10624
 CYCLE:   437 TIME:   0.105 TIME LEFT:  2.00D  GRAD.:     0.525 HEAT:  29.10612
 CYCLE:   438 TIME:   0.098 TIME LEFT:  2.00D  GRAD.:     0.378 HEAT:  29.10602
 CYCLE:   439 TIME:   0.098 TIME LEFT:  2.00D  GRAD.:     0.404 HEAT:  29.10589
 CYCLE:   440 TIME:   0.094 TIME LEFT:  2.00D  GRAD.:     0.630 HEAT:  29.10580
 CYCLE:   441 TIME:   0.109 TIME LEFT:  2.00D  GRAD.:     0.350 HEAT:  29.10572
 CYCLE:   442 TIME:   0.094 TIME LEFT:  2.00D  GRAD.:     0.223 HEAT:  29.10566
 CYCLE:   443 TIME:   0.109 TIME LEFT:  2.00D  GRAD.:     0.205 HEAT:  29.10560
 CYCLE:   444 TIME:   0.109 TIME LEFT:  2.00D  GRAD.:     0.383 HEAT:  29.10546
 CYCLE:   445 TIME:   0.098 TIME LEFT:  2.00D  GRAD.:     0.314 HEAT:  29.10537
 CYCLE:   446 TIME:   0.105 TIME LEFT:  2.00D  GRAD.:     0.442 HEAT:  29.10525
 CYCLE:   447 TIME:   0.098 TIME LEFT:  2.00D  GRAD.:     0.330 HEAT:  29.10515
 CYCLE:   448 TIME:   0.109 TIME LEFT:  2.00D  GRAD.:     0.424 HEAT:  29.10499
 CYCLE:   449 TIME:   0.113 TIME LEFT:  2.00D  GRAD.:     1.369 HEAT:  29.10511
 CYCLE:   450 TIME:   0.109 TIME LEFT:  2.00D  GRAD.:     0.271 HEAT:  29.10487
 CYCLE:   451 TIME:   0.117 TIME LEFT:  2.00D  GRAD.:     0.394 HEAT:  29.10478
 CYCLE:   452 TIME:   0.105 TIME LEFT:  2.00D  GRAD.:     0.266 HEAT:  29.10468
 CYCLE:   453 TIME:   0.117 TIME LEFT:  2.00D  GRAD.:     0.402 HEAT:  29.10459
 CYCLE:   454 TIME:   0.102 TIME LEFT:  2.00D  GRAD.:     0.543 HEAT:  29.10455
 CYCLE:   455 TIME:   0.098 TIME LEFT:  2.00D  GRAD.:     0.242 HEAT:  29.10451
 CYCLE:   456 TIME:   0.113 TIME LEFT:  2.00D  GRAD.:     0.378 HEAT:  29.10443
 CYCLE:   457 TIME:   0.129 TIME LEFT:  2.00D  GRAD.:     0.222 HEAT:  29.10439
 CYCLE:   458 TIME:   0.137 TIME LEFT:  2.00D  GRAD.:     0.294 HEAT:  29.10430
 CYCLE:   459 TIME:   0.141 TIME LEFT:  2.00D  GRAD.:     0.338 HEAT:  29.10424
 CYCLE:   460 TIME:   0.141 TIME LEFT:  2.00D  GRAD.:     0.300 HEAT:  29.10414
 CYCLE:   461 TIME:   0.129 TIME LEFT:  2.00D  GRAD.:     0.233 HEAT:  29.10411
 CYCLE:   462 TIME:   0.113 TIME LEFT:  2.00D  GRAD.:     1.184 HEAT:  29.10415
 CYCLE:   463 TIME:   0.133 TIME LEFT:  2.00D  GRAD.:     0.228 HEAT:  29.10399
 CYCLE:   464 TIME:   0.141 TIME LEFT:  2.00D  GRAD.:     0.239 HEAT:  29.10395
 CYCLE:   465 TIME:   0.133 TIME LEFT:  2.00D  GRAD.:     0.275 HEAT:  29.10391
 CYCLE:   466 TIME:   0.129 TIME LEFT:  2.00D  GRAD.:     0.227 HEAT:  29.10387
 CYCLE:   467 TIME:   0.141 TIME LEFT:  2.00D  GRAD.:     0.273 HEAT:  29.10382
 CYCLE:   468 TIME:   0.145 TIME LEFT:  2.00D  GRAD.:     0.185 HEAT:  29.10377
 CYCLE:   469 TIME:   0.133 TIME LEFT:  2.00D  GRAD.:     0.168 HEAT:  29.10374
 CYCLE:   470 TIME:   0.141 TIME LEFT:  2.00D  GRAD.:     0.296 HEAT:  29.10363
 CYCLE:   471 TIME:   0.117 TIME LEFT:  2.00D  GRAD.:     0.630 HEAT:  29.10363
 CYCLE:   472 TIME:   0.113 TIME LEFT:  2.00D  GRAD.:     0.265 HEAT:  29.10353
 CYCLE:   473 TIME:   0.117 TIME LEFT:  2.00D  GRAD.:     0.226 HEAT:  29.10350
 CYCLE:   474 TIME:   0.105 TIME LEFT:  2.00D  GRAD.:     0.195 HEAT:  29.10347
 CYCLE:   475 TIME:   0.113 TIME LEFT:  2.00D  GRAD.:     0.227 HEAT:  29.10340
 CYCLE:   476 TIME:   0.117 TIME LEFT:  2.00D  GRAD.:     0.294 HEAT:  29.10331
 CYCLE:   477 TIME:   0.113 TIME LEFT:  2.00D  GRAD.:     0.591 HEAT:  29.10327
 CYCLE:   478 TIME:   0.113 TIME LEFT:  2.00D  GRAD.:     0.212 HEAT:  29.10322
 CYCLE:   479 TIME:   0.109 TIME LEFT:  2.00D  GRAD.:     0.809 HEAT:  29.10323
 CYCLE:   480 TIME:   0.117 TIME LEFT:  2.00D  GRAD.:     0.231 HEAT:  29.10316
 CYCLE:   481 TIME:   0.109 TIME LEFT:  2.00D  GRAD.:     0.179 HEAT:  29.10312
 CYCLE:   482 TIME:   0.105 TIME LEFT:  2.00D  GRAD.:     0.253 HEAT:  29.10306
 CYCLE:   483 TIME:   0.117 TIME LEFT:  2.00D  GRAD.:     0.490 HEAT:  29.10298
 CYCLE:   484 TIME:   0.105 TIME LEFT:  2.00D  GRAD.:     0.308 HEAT:  29.10293
 CYCLE:   485 TIME:   0.102 TIME LEFT:  2.00D  GRAD.:     0.203 HEAT:  29.10290
 CYCLE:   486 TIME:   0.105 TIME LEFT:  2.00D  GRAD.:     0.147 HEAT:  29.10285
 CYCLE:   487 TIME:   0.117 TIME LEFT:  2.00D  GRAD.:     0.369 HEAT:  29.10274
 CYCLE:   488 TIME:   0.094 TIME LEFT:  2.00D  GRAD.:     0.906 HEAT:  29.10274
 CYCLE:   489 TIME:   0.105 TIME LEFT:  2.00D  GRAD.:     0.320 HEAT:  29.10265
 CYCLE:   490 TIME:   0.109 TIME LEFT:  2.00D  GRAD.:     0.195 HEAT:  29.10258
 CYCLE:   491 TIME:   0.117 TIME LEFT:  2.00D  GRAD.:     0.185 HEAT:  29.10249
 CYCLE:   492 TIME:   0.090 TIME LEFT:  2.00D  GRAD.:     0.303 HEAT:  29.10244
 CYCLE:   493 TIME:   0.109 TIME LEFT:  2.00D  GRAD.:     0.226 HEAT:  29.10236
 CYCLE:   494 TIME:   0.090 TIME LEFT:  2.00D  GRAD.:     0.220 HEAT:  29.10233
 CYCLE:   495 TIME:   0.109 TIME LEFT:  2.00D  GRAD.:     0.225 HEAT:  29.10228
 CYCLE:   496 TIME:   0.102 TIME LEFT:  2.00D  GRAD.:     0.324 HEAT:  29.10219
 CYCLE:   497 TIME:   0.094 TIME LEFT:  2.00D  GRAD.:     1.177 HEAT:  29.10227
 CYCLE:   498 TIME:   0.113 TIME LEFT:  2.00D  GRAD.:     0.215 HEAT:  29.10214
 CYCLE:   499 TIME:   0.129 TIME LEFT:  2.00D  GRAD.:     0.170 HEAT:  29.10211
 CYCLE:   500 TIME:   0.137 TIME LEFT:  2.00D  GRAD.:     0.356 HEAT:  29.10211
 CYCLE:   501 TIME:   0.141 TIME LEFT:  2.00D  GRAD.:     0.210 HEAT:  29.10206
 CYCLE:   502 TIME:   0.129 TIME LEFT:  2.00D  GRAD.:     0.301 HEAT:  29.10203
 CYCLE:   503 TIME:   0.133 TIME LEFT:  2.00D  GRAD.:     0.141 HEAT:  29.10200
 CYCLE:   504 TIME:   0.141 TIME LEFT:  2.00D  GRAD.:     0.194 HEAT:  29.10196
 CYCLE:   505 TIME:   0.109 TIME LEFT:  2.00D  GRAD.:     0.272 HEAT:  29.10190
 CYCLE:   506 TIME:   0.094 TIME LEFT:  2.00D  GRAD.:     0.403 HEAT:  29.10187
 CYCLE:   507 TIME:   0.141 TIME LEFT:  2.00D  GRAD.:     0.232 HEAT:  29.10181
 CYCLE:   508 TIME:   0.113 TIME LEFT:  2.00D  GRAD.:     0.229 HEAT:  29.10175
 CYCLE:   509 TIME:   0.113 TIME LEFT:  2.00D  GRAD.:     0.250 HEAT:  29.10172
 CYCLE:   510 TIME:   0.105 TIME LEFT:  2.00D  GRAD.:     0.231 HEAT:  29.10168
 CYCLE:   511 TIME:   0.102 TIME LEFT:  2.00D  GRAD.:     0.383 HEAT:  29.10160
 CYCLE:   512 TIME:   0.117 TIME LEFT:  2.00D  GRAD.:     0.275 HEAT:  29.10158
 CYCLE:   513 TIME:   0.109 TIME LEFT:  2.00D  GRAD.:     0.484 HEAT:  29.10156
 CYCLE:   514 TIME:   0.113 TIME LEFT:  2.00D  GRAD.:     0.239 HEAT:  29.10152
 CYCLE:   515 TIME:   0.137 TIME LEFT:  2.00D  GRAD.:     0.217 HEAT:  29.10150
 CYCLE:   516 TIME:   0.129 TIME LEFT:  2.00D  GRAD.:     0.139 HEAT:  29.10148
 CYCLE:   517 TIME:   0.117 TIME LEFT:  2.00D  GRAD.:     0.136 HEAT:  29.10147
 CYCLE:   518 TIME:   0.133 TIME LEFT:  2.00D  GRAD.:     0.150 HEAT:  29.10144
 CYCLE:   519 TIME:   0.121 TIME LEFT:  2.00D  GRAD.:     0.299 HEAT:  29.10142
 CYCLE:   520 TIME:   0.129 TIME LEFT:  2.00D  GRAD.:     0.135 HEAT:  29.10139
 CYCLE:   521 TIME:   0.105 TIME LEFT:  2.00D  GRAD.:     0.161 HEAT:  29.10137
 CYCLE:   522 TIME:   0.098 TIME LEFT:  2.00D  GRAD.:     0.149 HEAT:  29.10135
 CYCLE:   523 TIME:   0.105 TIME LEFT:  2.00D  GRAD.:     0.287 HEAT:  29.10131
 CYCLE:   524 TIME:   0.094 TIME LEFT:  2.00D  GRAD.:     0.297 HEAT:  29.10129
 CYCLE:   525 TIME:   0.098 TIME LEFT:  2.00D  GRAD.:     0.124 HEAT:  29.10128
 CYCLE:   526 TIME:   0.105 TIME LEFT:  2.00D  GRAD.:     0.613 HEAT:  29.10129
 CYCLE:   527 TIME:   0.102 TIME LEFT:  2.00D  GRAD.:     0.158 HEAT:  29.10125
 CYCLE:   528 TIME:   0.129 TIME LEFT:  2.00D  GRAD.:     0.128 HEAT:  29.10124
 CYCLE:   529 TIME:   0.125 TIME LEFT:  2.00D  GRAD.:     0.093 HEAT:  29.10123

 -------------------------------------------------------------------------------
 RM1 PRECISE POLAR XYZ GNORM=0.1




     HERBERTS TEST WAS SATISFIED IN BFGS                      
     SCF FIELD WAS ACHIEVED                                   


                              RM1 CALCULATION
                                                       MOPAC2016 (Version: 21.013L)
                                                       Mon Oct 18 17:42:30 2021
                                                       No. of days remaining =  87




          FINAL HEAT OF FORMATION =         29.10123 KCAL/MOL =     121.75954 KJ/MOL


          TOTAL ENERGY            =      -5859.98283 EV
          ELECTRONIC ENERGY       =     -53323.11480 EV  POINT GROUP:     C1  
          CORE-CORE REPULSION     =      47463.13197 EV
          COSMO AREA              =        541.50 SQUARE ANGSTROMS
          COSMO VOLUME            =        634.28 CUBIC ANGSTROMS

          GRADIENT NORM           =          0.09278 = 0.01125 PER ATOM
          IONIZATION POTENTIAL    =          8.092380 EV
          HOMO LUMO ENERGIES (EV) =         -8.092 -1.487
          NO. OF FILLED LEVELS    =         96
          MOLECULAR WEIGHT        =        538.7212

          MOLECULAR DIMENSIONS (Angstroms)

            Atom       Atom       Distance
            H    68    H    63    19.62306
            H    60    H    56    11.54614
            H    40    H    53     7.11193


          SCF CALCULATIONS        =        530
 
          WALL-CLOCK TIME         =  1 MINUTE AND  2.012 SECONDS
          COMPUTATION TIME        = 12 MINUTES AND 20.687 SECONDS




   ATOM   CHEMICAL          X               Y               Z
  NUMBER   SYMBOL      (ANGSTROMS)     (ANGSTROMS)     (ANGSTROMS)
 
     1       N          0.08326128  *  -0.06587204  *   0.66597819  *
     2       C          1.23252302  *  -0.06897169  *   0.53302577  *
     3       C          2.63855378  *  -0.03735035  *   0.37123554  *
     4       C          3.38593436  *  -1.12556732  *   0.08826295  *
     5       C          2.89708308  *  -2.45960414  *  -0.07776452  *
     6       C          3.68911424  *  -3.48404377  *  -0.55494425  *
     7       C          2.98590965  *  -4.71603562  *  -0.63098946  *
     8       C          1.68683823  *  -4.58510591  *  -0.20096350  *
     9       S          1.32501712  *  -2.99762096  *   0.28363809  *
    10       C          0.71144165  *  -5.62383878  *  -0.13691045  *
    11       C         -0.63301262  *  -5.49550004  *  -0.34690101  *
    12       C         -1.33371590  *  -6.72929156  *  -0.16916522  *
    13       C         -0.48468957  *  -7.75280587  *   0.15990794  *
    14       S          1.16682554  *  -7.23486030  *   0.24585390  *
    15       N         -0.82599054  *  -9.09020688  *   0.33323034  *
    16       C         -1.84695151  *  -9.74340585  *  -0.40409354  *
    17       C         -2.43250994  *  -9.38841314  *  -1.61157003  *
    18       C         -3.37327206  * -10.26043170  *  -2.13982385  *
    19       C         -3.73028840  * -11.45972038  *  -1.50422065  *
    20       C         -3.12568047  * -11.80911894  *  -0.30135955  *
    21       C         -2.18664300  * -10.95282483  *   0.25021238  *
    22       C         -1.39478305  * -11.02394746  *   1.45629655  *
    23       C         -0.59460877  *  -9.85570842  *   1.50563812  *
    24       C          0.26702499  *  -9.61917317  *   2.56774819  *
    25       C          0.32149380  * -10.57916325  *   3.56749722  *
    26       C         -0.45191398  * -11.74953304  *   3.53103071  *
    27       C         -1.31829494  * -11.96992363  *   2.46557164  *
    28       C         -0.30565795  * -12.72568973  *   4.66960437  *
    29       C         -1.19017764  * -13.96476106  *   4.51780708  *
    30       C         -0.69504285  * -12.02640044  *   5.97504022  *
    31       C          1.15084137  * -13.19372468  *   4.73776658  *
    32       C         -4.76704609  * -12.32749131  *  -2.16965885  *
    33       C         -6.06762769  * -11.53051251  *  -2.30532646  *
    34       C         -5.07814380  * -13.60341480  *  -1.38478291  *
    35       C         -4.25589621  * -12.73909486  *  -3.55316331  *
    36       C          3.29733600  *   1.26684886  *   0.51562661  *
    37       O          4.49463937  *   1.49527846  *   0.41223619  *
    38       O          2.45104882  *   2.28020357  *   0.78961686  *
    39       H          4.47601910  *  -1.00765668  *  -0.03636473  *
    40       H          4.73175708  *  -3.37919017  *  -0.85040984  *
    41       H          3.43523285  *  -5.63672007  *  -0.99549632  *
    42       H         -1.14131589  *  -4.57121278  *  -0.61522694  *
    43       H         -2.41334150  *  -6.81517475  *  -0.27348408  *
    44       H         -2.15766483  *  -8.46944087  *  -2.13390133  *
    45       H         -3.83887452  *  -9.98031925  *  -3.09063953  *
    46       H         -3.35188966  * -12.73158416  *   0.23766942  *
    47       H          0.87549546  *  -8.71359849  *   2.62128079  *
    48       H          1.00066288  * -10.39211851  *   4.40598812  *
    49       H         -1.95022412  * -12.85657709  *   2.38037200  *
    50       H         -2.26115555  * -13.71787363  *   4.49170409  *
    51       H         -0.95665687  * -14.54073102  *   3.61097606  *
    52       H         -1.06284297  * -14.66292103  *   5.35929659  *
    53       H         -1.71760438  * -11.62496189  *   5.93241148  *
    54       H         -0.65598008  * -12.71000102  *   6.83584539  *
    55       H         -0.03686166  * -11.18411587  *   6.22877085  *
    56       H          1.30464215  * -13.94781414  *   5.52358376  *
    57       H          1.47700271  * -13.64792463  *   3.79124214  *
    58       H          1.85765896  * -12.38171824  *   4.95708717  *
    59       H         -6.42670583  * -11.16865916  *  -1.33131717  *
    60       H         -5.97009940  * -10.64803481  *  -2.95242981  *
    61       H         -6.87749209  * -12.13488502  *  -2.73970303  *
    62       H         -5.47729195  * -13.39458942  *  -0.38194466  *
    63       H         -5.83882262  * -14.21824990  *  -1.88983880  *
    64       H         -4.19788438  * -14.25142876  *  -1.26709809  *
    65       H         -4.95497252  * -13.41626806  *  -4.06556561  *
    66       H         -4.10853153  * -11.88789982  *  -4.23196877  *
    67       H         -3.29138555  * -13.26300987  *  -3.49141776  *
    68       H          2.92855514  *   3.11807430  *   0.87595505  *

                             CARTESIAN COORDINATES

   1    N        0.083261279    -0.065872039     0.665978187
   2    C        1.232523017    -0.068971688     0.533025771
   3    C        2.638553785    -0.037350348     0.371235537
   4    C        3.385934355    -1.125567318     0.088262950
   5    C        2.897083081    -2.459604137    -0.077764516
   6    C        3.689114238    -3.484043771    -0.554944251
   7    C        2.985909645    -4.716035616    -0.630989464
   8    C        1.686838227    -4.585105914    -0.200963503
   9    S        1.325017124    -2.997620962     0.283638089
  10    C        0.711441650    -5.623838778    -0.136910447
  11    C       -0.633012625    -5.495500039    -0.346901006
  12    C       -1.333715897    -6.729291561    -0.169165215
  13    C       -0.484689575    -7.752805871     0.159907939
  14    S        1.166825540    -7.234860303     0.245853900
  15    N       -0.825990541    -9.090206880     0.333230344
  16    C       -1.846951514    -9.743405853    -0.404093538
  17    C       -2.432509945    -9.388413139    -1.611570033
  18    C       -3.373272058   -10.260431697    -2.139823846
  19    C       -3.730288404   -11.459720379    -1.504220648
  20    C       -3.125680474   -11.809118937    -0.301359545
  21    C       -2.186643005   -10.952824830     0.250212383
  22    C       -1.394783049   -11.023947465     1.456296547
  23    C       -0.594608771    -9.855708415     1.505638116
  24    C        0.267024987    -9.619173169     2.567748194
  25    C        0.321493801   -10.579163246     3.567497216
  26    C       -0.451913979   -11.749533041     3.531030708
  27    C       -1.318294942   -11.969923633     2.465571645
  28    C       -0.305657947   -12.725689725     4.669604368
  29    C       -1.190177641   -13.964761061     4.517807081
  30    C       -0.695042850   -12.026400445     5.975040219
  31    C        1.150841368   -13.193724679     4.737766576
  32    C       -4.767046092   -12.327491305    -2.169658852
  33    C       -6.067627692   -11.530512507    -2.305326465
  34    C       -5.078143797   -13.603414802    -1.384782909
  35    C       -4.255896215   -12.739094864    -3.553163306
  36    C        3.297336000     1.266848860     0.515626610
  37    O        4.494639370     1.495278460     0.412236194
  38    O        2.451048825     2.280203570     0.789616861
  39    H        4.476019100    -1.007656675    -0.036364725
  40    H        4.731757078    -3.379190168    -0.850409842
  41    H        3.435232850    -5.636720073    -0.995496319
  42    H       -1.141315890    -4.571212776    -0.615226937
  43    H       -2.413341500    -6.815174751    -0.273484076
  44    H       -2.157664834    -8.469440865    -2.133901332
  45    H       -3.838874523    -9.980319248    -3.090639527
  46    H       -3.351889661   -12.731584158     0.237669422
  47    H        0.875495464    -8.713598487     2.621280790
  48    H        1.000662879   -10.392118509     4.405988122
  49    H       -1.950224120   -12.856577086     2.380372002
  50    H       -2.261155553   -13.717873632     4.491704087
  51    H       -0.956656868   -14.540731018     3.610976062
  52    H       -1.062842965   -14.662921031     5.359296593
  53    H       -1.717604382   -11.624961887     5.932411476
  54    H       -0.655980083   -12.710001023     6.835845388
  55    H       -0.036861664   -11.184115869     6.228770852
  56    H        1.304642151   -13.947814139     5.523583759
  57    H        1.477002714   -13.647924633     3.791242143
  58    H        1.857658957   -12.381718240     4.957087174
  59    H       -6.426705829   -11.168659164    -1.331317169
  60    H       -5.970099402   -10.648034807    -2.952429807
  61    H       -6.877492091   -12.134885015    -2.739703027
  62    H       -5.477291948   -13.394589422    -0.381944663
  63    H       -5.838822615   -14.218249900    -1.889838800
  64    H       -4.197884382   -14.251428763    -1.267098095
  65    H       -4.954972522   -13.416268063    -4.065565606
  66    H       -4.108531528   -11.887899822    -4.231968772
  67    H       -3.291385553   -13.263009873    -3.491417760
  68    H        2.928555138     3.118074302     0.875955048


           Empirical Formula: C32 H30 N2 O2 S2  =    68 atoms



      MOLECULAR POINT GROUP   :   C1  


                  EIGENVALUES  
 -39.83163 -39.14147 -37.32094 -37.04708 -36.96776 -36.47819 -35.59783 -35.29927
 -34.27312 -33.93096 -33.17670 -31.40674 -30.08150 -29.39103 -28.62866 -28.03326
 -27.10510 -27.07790 -27.04272 -27.03961 -26.45193 -25.36890 -24.00549 -23.63494
 -23.13726 -22.80203 -22.42396 -22.24442 -20.70872 -20.47088 -20.37750 -19.97436
 -19.33662 -19.16816 -18.34639 -17.97706 -17.90073 -17.54837 -17.08927 -16.75669
 -16.57509 -16.24911 -16.21176 -15.85290 -15.81038 -15.51125 -15.20713 -15.05946
 -14.91018 -14.84548 -14.83964 -14.82919 -14.68977 -14.59553 -14.48245 -14.37284
 -14.22358 -14.15283 -14.11953 -13.89219 -13.72896 -13.70108 -13.60791 -13.46274
 -13.42087 -13.27331 -13.20203 -13.03095 -12.91950 -12.70118 -12.68572 -12.48245
 -12.44658 -12.42732 -12.35952 -12.33042 -12.26295 -12.18022 -11.90514 -11.82763
 -11.77377 -11.72971 -11.67522 -11.61275 -11.50199 -11.44560 -11.41037 -11.30034
 -10.35889 -10.09877  -9.73417  -9.64762  -9.56840  -9.12262  -8.59257  -8.09238
  -1.48736  -0.51194  -0.03877   0.22092   0.34446   0.51066   0.75693   0.94996
   1.08653   1.14445   1.17885   1.29793   1.48939   1.57142   1.65505   1.87327
   2.20731   2.43183   2.85812   2.99790   3.14244   3.69926   3.73473   3.75169
   3.80932   3.84744   3.86254   3.87464   4.05509   4.07507   4.15792   4.16260
   4.17144   4.17320   4.24436   4.27291   4.35277   4.39963   4.43529   4.44469
   4.51197   4.54549   4.56146   4.59580   4.63809   4.63974   4.67582   4.67853
   4.71585   4.76473   4.78842   4.79111   4.82531   4.86668   4.89917   4.94021
   4.99280   5.01843   5.04378   5.07535   5.09320   5.12501   5.12808   5.16166
   5.20531   5.21513   5.33063   5.33271   5.37591   5.44647   5.47836   5.54668
   5.57066   5.60836   5.61086   5.62607   5.66347   5.88864   5.95757   5.98122
   6.06392   6.17574   6.19055   6.39850   6.53297   6.57456


              NET ATOMIC CHARGES AND DIPOLE CONTRIBUTIONS

  ATOM NO.   TYPE          CHARGE      No. of ELECS.   s-Pop       p-Pop
   37          O          -0.380779        6.3808     1.91043     4.47035
   36          C           0.407012        3.5930     1.17928     2.41371  
   38          O          -0.312009        6.3120     1.83997     4.47204
   68          H           0.244810        0.7552     0.75519
    2          C           0.049158        3.9508     1.19525     2.75559
    1          N          -0.147555        5.1476     1.84840     3.29915
    3          C          -0.170487        4.1705     1.14110     3.02939
    4          C           0.158021        3.8420     1.17084     2.67114
    5          C          -0.451580        4.4516     1.21899     3.23259
    6          C          -0.015439        4.0154     1.18442     2.83102
    7          C          -0.150224        4.1502     1.18266     2.96757
    8          C          -0.232217        4.2322     1.20747     3.02475
    9          S           0.584408        5.4156     1.88310     3.53249
   10          C          -0.290245        4.2902     1.19935     3.09090
   11          C          -0.061746        4.0617     1.18033     2.88141
   12          C          -0.163680        4.1637     1.18515     2.97853
   13          C          -0.117909        4.1179     1.19563     2.92228
   14          S           0.443884        5.5561     1.89230     3.66382
   15          N          -0.223047        5.2230     1.48526     3.73779
   16          C           0.107186        3.8928     1.15211     2.74070
   17          C          -0.157117        4.1571     1.17213     2.98499
   18          C          -0.066636        4.0666     1.17794     2.88869
   19          C          -0.083759        4.0838     1.17965     2.90411
   20          C          -0.047791        4.0478     1.16911     2.87869
   21          C          -0.082518        4.0825     1.15973     2.92279
   22          C          -0.081007        4.0810     1.15967     2.92133
   23          C           0.109659        3.8903     1.15185     2.73849
   24          C          -0.157972        4.1580     1.17155     2.98642
   25          C          -0.064527        4.0645     1.17767     2.88686
   26          C          -0.083880        4.0839     1.17965     2.90423
   27          C          -0.047698        4.0477     1.16917     2.87853
   28          C           0.062001        3.9380     1.16606     2.77194
   29          C          -0.188732        4.1887     1.16091     3.02783
   30          C          -0.186722        4.1867     1.16133     3.02539
   31          C          -0.186587        4.1866     1.16136     3.02523
   32          C           0.061936        3.9381     1.16608     2.77199
   33          C          -0.186593        4.1866     1.16136     3.02524
   34          C          -0.188686        4.1887     1.16091     3.02778
   35          C          -0.186585        4.1866     1.16132     3.02526
   39          H           0.131336        0.8687     0.86866
   40          H           0.126468        0.8735     0.87353
   41          H           0.139005        0.8610     0.86100
   42          H           0.132467        0.8675     0.86753
   43          H           0.145250        0.8547     0.85475
   44          H           0.123690        0.8763     0.87631
   45          H           0.107877        0.8921     0.89212
   46          H           0.115123        0.8849     0.88488
   47          H           0.121938        0.8781     0.87806
   48          H           0.108224        0.8918     0.89178
   49          H           0.115330        0.8847     0.88467
   50          H           0.062636        0.9374     0.93736
   51          H           0.062701        0.9373     0.93730
   52          H           0.062291        0.9377     0.93771
   53          H           0.065256        0.9347     0.93474
   54          H           0.060227        0.9398     0.93977
   55          H           0.060790        0.9392     0.93921
   56          H           0.060177        0.9398     0.93982
   57          H           0.065051        0.9349     0.93495
   58          H           0.060571        0.9394     0.93943
   59          H           0.064915        0.9351     0.93509
   60          H           0.060542        0.9395     0.93946
   61          H           0.060250        0.9397     0.93975
   62          H           0.062661        0.9373     0.93734
   63          H           0.062242        0.9378     0.93776
   64          H           0.062595        0.9374     0.93740
   65          H           0.060089        0.9399     0.93991
   66          H           0.060758        0.9392     0.93924
   67          H           0.065190        0.9348     0.93481
 DIPOLE           X         Y         Z       TOTAL
 POINT-CHG.    -0.151    -4.097     0.622     4.147
 HYBRID         0.829     0.717    -1.045     1.514
 SUM            0.678    -3.380    -0.423     3.474


          ATOMIC ORBITAL ELECTRON POPULATIONS

     Atom    s        px        py        pz   
    1  N   1.84840   1.11225   1.08265   1.10426
    2  C   1.19525   0.91262   0.92322   0.91975
    3  C   1.14110   0.89352   0.94420   1.19168
    4  C   1.17084   0.98978   0.87835   0.80301
    5  C   1.21899   1.04390   0.99825   1.19043
    6  C   1.18442   0.98291   0.90978   0.93833
    7  C   1.18266   0.93387   0.99256   1.04114
    8  C   1.20747   0.97475   0.99898   1.05102
    9  S   1.88310   1.00710   0.93795   1.58744
   10  C   1.19935   0.96812   0.98456   1.13821
   11  C   1.18033   0.91626   0.98200   0.98315
   12  C   1.18515   1.00261   0.91502   1.06090
   13  C   1.19563   0.97749   0.85929   1.08549
   14  S   1.89230   0.98556   0.95698   1.72129
   15  N   1.48526   1.41022   1.10375   1.22382
   16  C   1.15211   0.88634   0.92202   0.93234
   17  C   1.17213   1.00892   1.01844   0.95763
   18  C   1.17794   0.96474   0.93675   0.98720
   19  C   1.17965   0.98820   0.95930   0.95660
   20  C   1.16911   0.94840   0.98172   0.94856
   21  C   1.15973   1.00275   0.96146   0.95858
   22  C   1.15967   0.99496   0.96224   0.96413
   23  C   1.15185   0.97498   0.90959   0.85392
   24  C   1.17155   1.01836   1.01262   0.95544
   25  C   1.17767   0.97876   0.93351   0.97459
   26  C   1.17965   0.98095   0.96056   0.96271
   27  C   1.16917   0.97446   0.97726   0.92681
   28  C   1.16606   0.93607   0.91846   0.91741
   29  C   1.16091   1.00893   0.98389   1.03500
   30  C   1.16133   1.03189   1.01760   0.97590
   31  C   1.16136   0.96458   1.02694   1.03371
   32  C   1.16608   0.91810   0.92190   0.93199
   33  C   1.16136   0.97867   1.01286   1.03370
   34  C   1.16091   1.02941   0.98112   1.01725
   35  C   1.16132   1.02702   1.02894   0.96931
   36  C   1.17928   0.84235   0.84643   0.72492
   37  O   1.91043   1.16314   1.83770   1.46952
   38  O   1.83997   1.42606   1.20718   1.83880
   39  H   0.86866
   40  H   0.87353
   41  H   0.86100
   42  H   0.86753
   43  H   0.85475
   44  H   0.87631
   45  H   0.89212
   46  H   0.88488
   47  H   0.87806
   48  H   0.89178
   49  H   0.88467
   50  H   0.93736
   51  H   0.93730
   52  H   0.93771
   53  H   0.93474
   54  H   0.93977
   55  H   0.93921
   56  H   0.93982
   57  H   0.93495
   58  H   0.93943
   59  H   0.93509
   60  H   0.93946
   61  H   0.93975
   62  H   0.93734
   63  H   0.93776
   64  H   0.93740
   65  H   0.93991
   66  H   0.93924
   67  H   0.93481
   68  H   0.75519
 ******************** TDHF POLARIZABILITIES ********************



          MOLECULAR WEIGHT =  538.72



          ROTATIONAL CONSTANTS IN CM(-1)

          A =    0.00460804   B =    0.00106817   C =    0.00091490



           PRINCIPAL MOMENTS OF INERTIA IN UNITS OF 10**(-40)*GRAM-CM**2

          A =     6074.7673   B =    26206.2813   C =    30596.3783


 ROTATION MATRIX FOR ORIENTATION OF MOLECULE:

         0.403188   -0.520745   -0.752505
         0.914118    0.190768    0.357765
        -0.042750   -0.832125    0.552938


          CARTESIAN COORDINATES 

    NO.       ATOM         X         Y         Z

     1         N        6.7974    1.1614    2.4351
     2         C        7.2637    0.6729    1.4957
     3         C        7.8664    0.0814    0.3595
     4         C        7.1850   -0.2799   -0.7487
     5         C        5.7756   -0.1417   -0.9499
     6         C        5.1789   -0.3525   -2.1763
     7         C        3.7724   -0.1580   -2.1300
     8         C        3.3499    0.1856   -0.8678
     9         S        4.6345    0.2736    0.2404
    10         C        2.0044    0.4421   -0.4700
    11         C        1.5886    1.3414    0.4715
    12         C        0.1707    1.3230    0.6557
    13         C       -0.4367    0.4118   -0.1674
    14         S        0.6990   -0.4209   -1.1774
    15         N       -1.8042    0.1902   -0.2933
    16         C       -2.7815    1.2108   -0.1664
    17         C       -2.6414    2.5882   -0.2664
    18         C       -3.7953    3.3513   -0.1625
    19         C       -5.0627    2.7796    0.0285
    20         C       -5.1897    1.3971    0.1137
    21         C       -4.0520    0.6125    0.0184
    22         C       -3.8493   -0.8170    0.0639
    23         C       -2.4608   -1.0519   -0.0930
    24         C       -1.9426   -2.3393   -0.0694
    25         C       -2.8409   -3.3827    0.0989
    26         C       -4.2211   -3.1729    0.2420
    27         C       -4.7263   -1.8772    0.2260
    28         C       -5.1031   -4.3827    0.4123
    29         C       -6.5859   -4.0322    0.5507
    30         C       -4.6767   -5.1328    1.6773
    31         C       -4.9466   -5.2872   -0.8135
    32         C       -6.2455    3.7076    0.1303
    33         C       -6.0355    4.6498    1.3191
    34         C       -7.5708    2.9731    0.3419
    35         C       -6.3565    4.5142   -1.1666
    36         C        9.3180   -0.1330    0.4102
    37         O       10.0140   -0.6269   -0.4663
    38         O        9.8914    0.2730    1.5610
    39         H        7.7377   -0.7214   -1.5958
    40         H        5.7077   -0.6296   -3.0868
    41         H        3.1275   -0.2643   -2.9990
    42         H        2.2401    2.0057    1.0363
    43         H       -0.3387    1.9557    1.3797
    44         H       -1.6682    3.0550   -0.4332
    45         H       -3.6863    4.4384   -0.2377
    46         H       -6.1472    0.8904    0.2519
    47         H       -0.8718   -2.5279   -0.1737
    48         H       -2.4320   -4.3984    0.1184
    49         H       -5.7879   -1.6463    0.3372
    50         H       -6.7909   -3.4056    1.4305
    51         H       -6.9795   -3.5090   -0.3325
    52         H       -7.2087   -4.9319    0.6704
    53         H       -4.7202   -4.4883    2.5668
    54         H       -5.3226   -5.9999    1.8793
    55         H       -3.6522   -5.5260    1.6237
    56         H       -5.6075   -6.1650   -0.7645
    57         H       -5.1898   -4.7560   -1.7448
    58         H       -3.9287   -5.6828   -0.9336
    59         H       -5.8912    4.0953    2.2573
    60         H       -5.1619    5.3059    1.2036
    61         H       -6.8960    5.3177    1.4721
    62         H       -7.5837    2.3863    1.2715
    63         H       -8.4180    3.6722    0.4151
    64         H       -7.8133    2.2932   -0.4873
    65         H       -7.2355    5.1754   -1.1661
    66         H       -5.4900    5.1647   -1.3483
    67         H       -6.4492    3.8606   -2.0457
    68         H       10.8461    0.1124    1.5492


 ENERGY OF "REORIENTED" SYSTEM WITHOUT FIELD:       29.1012283018


  NFREQ=  3  IWFLB=  0  IBET=  1  IGAM=  1
  ATOL= 0.10000D-02  BTOL= 0.10000D-02    MAXITU=  500    MAXITA=  150


 *****************************************************************
 CALCULATION OF STATIC FIELD QUANTITIES
 *****************************************************************

 +++++ ALPHA AT       0.00000 EV.

                           COMPONENTS OF ALPHA

                     *X           *Y           *Z
           *=X:     597.1566     -12.0494       3.5367
           *=Y:     -12.0301     330.8602      42.4855
           *=Z:       3.5593      42.4848     233.8309

  ISOTROPIC AVERAGE ALPHA =     387.28258 A.U. =     57.38936 ANG.**3

 +++++ BETA (SECOND HARMONIC GENERATION) AT       0.00000 EV.

                              COMPONENTS OF BETA
            *XX         *XY         *YY         *XZ         *YZ         *ZZ
   *=X -9033.63971  -101.56820   705.72068  -358.40861    33.52401   106.93595
   *=Y  -102.20535   705.92126   195.45611    33.49086   -83.67819   -18.08477
   *=Z  -359.03747    33.51240   -83.63754   106.93225   -18.08725   -15.47291


 AVERAGE BETAX(SHG) VALUE AT   0.00000 EV =      -4932.5111 a.u. = -0.426140E-28 ESU
 AVERAGE BETAY(SHG) VALUE AT   0.00000 EV =         45.3535 a.u. =  0.391828E-30 ESU
 AVERAGE BETAZ(SHG) VALUE AT   0.00000 EV =       -274.6535 a.u. = -0.237285E-29 ESU



 AVERAGE BETA (SHG) VALUE AT   0.00000 EV =       4940.3600 a.u. =  0.426818E-28 ESU
   (1 a.u. = 8.639418X10-33 esu)



 +++++ ALPHA AT       0.00000 EV.

                           COMPONENTS OF ALPHA

                     *X           *Y           *Z
           *=X:     597.1566     -12.0494       3.5367
           *=Y:     -12.0301     330.8602      42.4855
           *=Z:       3.5593      42.4848     233.8309

  ISOTROPIC AVERAGE ALPHA =     387.28258 A.U. =     57.38936 ANG.**3


 GAMMA (THIRD HARMONIC GENERATION) AT    0.00000 EV.


 GAMMA(X,X,X,X) =       2564890.78056
 GAMMA(Y,Y,Y,Y) =        134019.79173
 GAMMA(Z,Z,Z,Z) =          5108.77409
 GAMMA(X,X,Y,Y) =         44182.50753
 GAMMA(X,X,Z,Z) =         -8979.35794
 GAMMA(Y,Y,X,X) =         44182.15844
 GAMMA(Y,Y,Z,Z) =          5408.79886
 GAMMA(Z,Z,X,X) =         -8980.23269
 GAMMA(Z,Z,Y,Y) =          5408.82261


 AVERAGE GAMMA VALUE AT    0.00000 =        557048.40864 a.u. =       280568.71569 ESU (X10-39)




 **********************************************************************
 CALCULATION FOR A FREQUENCY OF    0.25000 EV  =       0.00919 A.U. 
                  WAVELENGTH OF    4959.37 NM  =    2016.38525 CM(-1)
 **********************************************************************

 +++++ ALPHA AT       0.25000 EV.

                           COMPONENTS OF ALPHA

                     *X           *Y           *Z
           *=X:     599.9940     -12.0416       3.6992
           *=Y:     -12.0255     331.5111      42.5300
           *=Z:       3.7185      42.5295     234.1681

  ISOTROPIC AVERAGE ALPHA =     388.55775 A.U. =     57.57832 ANG.**3

 +++++ BETA (SECOND HARMONIC GENERATION) AT       0.25000 EV.

                              COMPONENTS OF BETA
            *XX         *XY         *YY         *XZ         *YZ         *ZZ
   *=X -9516.98773  -102.33633   730.75816  -374.62263    34.80401   110.08435
   *=Y  -114.42429   722.24811   200.07275    32.64783   -85.54881   -18.72249
   *=Z  -383.00193    32.99030   -85.22722   105.07590   -18.52741   -17.96224


 AVERAGE BETAX(SHG) VALUE AT   0.25000 EV =      -5211.0945 a.u. = -0.450208E-28 ESU
 AVERAGE BETAY(SHG) VALUE AT   0.25000 EV =         45.0688 a.u. =  0.389368E-30 ESU
 AVERAGE BETAZ(SHG) VALUE AT   0.25000 EV =       -288.4918 a.u. = -0.249240E-29 ESU



 AVERAGE BETA (SHG) VALUE AT   0.25000 EV =       5219.2686 a.u. =  0.450914E-28 ESU
   (1 a.u. = 8.639418X10-33 esu)



 +++++ ALPHA AT       0.75000 EV.

                           COMPONENTS OF ALPHA

                     *X           *Y           *Z
           *=X:     624.6127     -11.9821       5.0940
           *=Y:     -11.9645     336.8593      42.8910
           *=Z:       5.1134      42.8905     236.9396

  ISOTROPIC AVERAGE ALPHA =     399.47052 A.U. =     59.19542 ANG.**3


 GAMMA (THIRD HARMONIC GENERATION) AT    0.25000 EV.


 GAMMA(X,X,X,X) =       2904913.20562
 GAMMA(Y,Y,Y,Y) =        140545.01640
 GAMMA(Z,Z,Z,Z) =          5226.93422
 GAMMA(X,X,Y,Y) =         47292.54931
 GAMMA(X,X,Z,Z) =        -10654.13489
 GAMMA(Y,Y,X,X) =         46009.12085
 GAMMA(Y,Y,Z,Z) =          5596.05698
 GAMMA(Z,Z,X,X) =         -8481.30834
 GAMMA(Z,Z,Y,Y) =          5563.17340


 AVERAGE GAMMA VALUE AT    0.25000 =        627202.12271 a.u. =       315903.05496 ESU (X10-39)




 **********************************************************************
 CALCULATION FOR A FREQUENCY OF    0.50000 EV  =       0.01837 A.U. 
                  WAVELENGTH OF    2479.68 NM  =    4032.77050 CM(-1)
 **********************************************************************

 +++++ ALPHA AT       0.50000 EV.

                           COMPONENTS OF ALPHA

                     *X           *Y           *Z
           *=X:     608.8110     -12.0251       4.1984
           *=Y:     -12.0079     333.4853      42.6643
           *=Z:       4.2153      42.6636     235.1913

  ISOTROPIC AVERAGE ALPHA =     392.49586 A.U. =     58.16189 ANG.**3

 +++++ BETA (SECOND HARMONIC GENERATION) AT       0.50000 EV.

                              COMPONENTS OF BETA
            *XX         *XY         *YY         *XZ         *YZ         *ZZ
   *=X-11266.95857  -103.70394   818.03637  -432.24827    39.53642   121.41278
   *=Y  -159.19083   774.96235   215.03971    29.74782   -91.56271   -20.81967
   *=Z  -470.47483    31.33799   -90.15724    98.22704   -19.97969   -26.26961


 AVERAGE BETAX(SHG) VALUE AT   0.50000 EV =      -6223.0096 a.u. = -0.537632E-28 ESU
 AVERAGE BETAY(SHG) VALUE AT   0.50000 EV =         43.5483 a.u. =  0.376232E-30 ESU
 AVERAGE BETAZ(SHG) VALUE AT   0.50000 EV =       -337.4126 a.u. = -0.291505E-29 ESU



 AVERAGE BETA (SHG) VALUE AT   0.50000 EV =       6232.3023 a.u. =  0.538435E-28 ESU
   (1 a.u. = 8.639418X10-33 esu)



 +++++ ALPHA AT       1.50000 EV.

                           COMPONENTS OF ALPHA

                     *X           *Y           *Z
           *=X:     747.2355     -11.2306      12.2780
           *=Y:     -11.1922     357.1281      44.1967
           *=Z:      12.3127      44.1952     247.5457

  ISOTROPIC AVERAGE ALPHA =     450.63648 A.U. =     66.77744 ANG.**3


 GAMMA (THIRD HARMONIC GENERATION) AT    0.50000 EV.


 GAMMA(X,X,X,X) =       4563605.14603
 GAMMA(Y,Y,Y,Y) =        163530.14150
 GAMMA(Z,Z,Z,Z) =          5591.74738
 GAMMA(X,X,Y,Y) =         59932.34553
 GAMMA(X,X,Z,Z) =        -19205.31581
 GAMMA(Y,Y,X,X) =         52006.13512
 GAMMA(Y,Y,Z,Z) =          6247.46459
 GAMMA(Z,Z,X,X) =         -6146.80382
 GAMMA(Z,Z,Y,Y) =          6099.91403


 AVERAGE GAMMA VALUE AT    0.50000 =        966332.15491 a.u. =       486712.76577 ESU (X10-39)



 **********************
 *                    *
 * JOB ENDED NORMALLY *
 *                    *
 **********************



 TOTAL JOB TIME:           144.71 SECONDS

 == MOPAC DONE ==
