 *******************************************************************************
 ** Site#: 4824         For non-commercial use only    Version 21.013L 64BITS **
 *******************************************************************************
 ** Cite this program as: MOPAC2016, Version: 21.013L, James J. P. Stewart,   **
 ** Stewart Computational Chemistry, web: HTTP://OpenMOPAC.net. Days left:  87**
 *******************************************************************************
 **                                                                           **
 **                                MOPAC2016                                  **
 **                                                                           **
 *******************************************************************************

                              RM1 CALCULATION RESULTS

 *******************************************************************************
 *  CALCULATION DONE:                                Mon Oct 18 08:19:08 2021  *
 *  RM1        - The RM1 Hamiltonian to be used
 *  POLAR      - CALCULATE FIRST, SECOND AND THIRD-ORDER POLARIZABILITIES
 *  PRECISE    - TIGHTER CRITERIA TO BE USED
 *  T=         - A TIME OF 172800.0 SECONDS REQUESTED
 *  DUMP=N     - RESTART FILE WRITTEN EVERY 7200.0 SECONDS REQUESTED
 *  GNORM      - EXIT WHEN GRADIENT NORM DROPS BELOW 0.100
 *******************************************************************************
RM1 PRECISE POLAR GNORM=0.1


  ATOM    CHEMICAL      BOND LENGTH      BOND ANGLE     TWIST ANGLE 
 NUMBER    SYMBOL       (ANGSTROMS)      (DEGREES)       (DEGREES) 
   (I)                     NA:I           NB:NA:I       NC:NB:NA:I       NA    NB    NC 
     1       C          0.00000000       0.0000000       0.0000000        0     0     0
     2       C          1.54850000  *    0.0000000       0.0000000        1     0     0
     3       C          1.55270000  *  111.6626000  *    0.0000000        2     1     0
     4       C          1.55210000  *  111.9561000  * -176.8398000  *     3     2     1
     5       N          1.45680000  *  110.5893000  *  169.1233000  *     4     3     2
     6       C          1.42240000  *  125.8780000  *  112.0391000  *     5     4     3
     7       C          1.34200000  *  132.1087000  *  -17.3049000  *     6     5     4
     8       C          1.47930000  *  118.2309000  * -179.4657000  *     7     6     5
     9       C          1.35360000  *  121.4238000  *    0.7352000  *     8     7     6
    10       C          1.48150000  *  119.3423000  *   -0.3983000  *     9     8     7
    11       C          1.33900000  *  118.3532000  *   -0.7987000  *    10     9     8
    12       C          1.45620000  *  131.3563000  * -178.2872000  *    11    10     9
    13       C          1.34500000  *  107.9715000  * -179.3013000  *    12    11    10
    14       C          1.46420000  *  119.3261000  * -177.3841000  *    13    12    11
    15       C          1.34840000  *  119.0221000  *    1.8734000  *    14    13    12
    16       C          1.48740000  *  121.6943000  *    0.0000000  *    15    14    13
    17       C          1.35200000  *  118.5562000  *   -1.5363000  *    16    15    14
    18       C          1.47810000  *  119.6642000  *  177.0304000  *    16    15    14
    19       C          1.35130000  *  128.0122000  *   -3.9566000  *    18    16    17
    20       C          1.48880000  *  116.4065000  *  178.2187000  *    19    18    16
    21       C          1.34850000  *  116.3148000  *   -1.0287000  *    20    19    18
    22       S          1.82270000  *  106.2934000  *    1.7231000  *    21    20    19
    23       C          1.47110000  *  124.7553000  *  179.8027000  *    21    20    19
    24       C          1.34990000  *  125.6490000  *  154.9862000  *    23    21    20
    25       C          1.47760000  *  120.8187000  * -179.2276000  *    24    23    21
    26       O          1.23220000  *  121.2025000  *    2.6062000  *    25    24    23
    27       O          1.35610000  *  120.1291000  * -176.7729000  *    25    24    23
    28       C          1.42910000  *  121.8492000  *   -1.0186000  *    24    23    21
    29       N          1.15760000  *  179.4723000  *  179.0313000  *    28    24    23
    30       C          1.47060000  *  121.2869000  *  179.4326000  *     9     8     7
    31       C          1.34920000  *  126.6975000  *  161.5969000  *    30     9     8
    32       C          1.48390000  *  116.2771000  *  177.0772000  *    31    30     9
    33       C          1.34930000  *  116.1719000  *   -0.2892000  *    32    31    30
    34       S          1.82200000  *  126.6837000  *  -21.3557000  *    30     9     8
    35       C          1.47160000  *  126.9537000  * -178.4067000  *    33    32    31
    36       C          1.47730000  *  120.7492000  *  -10.6810000  *    35    33    32
    37       C          1.34410000  *  120.6719000  *  179.7649000  *    36    35    33
    38       C          1.46970000  *  120.6289000  *    0.1049000  *    37    36    35
    39       C          1.34750000  *  118.8757000  *   -0.1426000  *    38    37    36
    40       C          1.34830000  *  120.8396000  *  168.8203000  *    35    33    32
    41       O          1.36050000  *  117.2907000  *  179.7559000  *    38    37    36
    42       C          1.39490000  *  126.6558000  *   -5.9514000  *    41    38    39
    43       H          1.05450000  *  116.4677000  *  -23.0322000  *    23    21    20
    44       H          1.09100000  *  110.0692000  *   57.0614000  *     1     2     3
    45       H          1.09170000  *  109.7352000  *  176.7300000  *     1     2     3
    46       H          1.09130000  *  110.0783000  *  -63.4428000  *     1     2     3
    47       H          1.09210000  *  108.9536000  *  178.1839000  *     2     1    44
    48       H          1.09260000  *  108.4435000  *  -63.5298000  *     2     1    44
    49       H          1.09230000  *  108.7863000  * -177.1595000  *     3     2    47
    50       H          1.09260000  *  109.3821000  *  -58.4792000  *     3     2    47
    51       H          1.09160000  *  109.3377000  *  170.3658000  *     4     3    49
    52       H          1.09200000  *  109.5997000  *  -71.4073000  *     4     3    49
    53       H          1.04970000  *  121.3263000  *   -0.0735000  *     7     6     5
    54       H          1.05180000  *  118.4274000  * -178.8627000  *     8     7     6
    55       H          1.04930000  *  121.3365000  *  179.3629000  *    10     9     8
    56       H          1.05030000  *  120.6497000  * -178.0647000  *    14    13    12
    57       H          1.05110000  *  118.5100000  *  179.9616000  *    15    14    13
    58       H          1.04910000  *  121.3486000  *    0.3833000  *    17    16    18
    59       H          1.04850000  *  122.8724000  *   -0.9497000  *    19    18    16
    60       H          1.04960000  *  121.3991000  * -179.9258000  *    20    19    18
    61       H          0.94160000  *  121.0676000  *   -1.4781000  *    27    25    26
    62       H          1.04820000  *  122.8401000  *   -1.8254000  *    31    30     9
    63       H          1.04870000  *  120.8805000  * -178.9191000  *    32    31    30
    64       H          1.05030000  *  120.5199000  * -179.7384000  *    36    35    40
    65       H          1.05140000  *  119.6274000  * -179.9598000  *    37    36    35
    66       H          1.05070000  *  120.6869000  *   -0.4335000  *    39    38    41
    67       H          1.05100000  *  120.5849000  *   -0.4616000  *    40    35    33
    68       H          1.09040000  *  110.0146000  *   71.8745000  *    42    41    38
    69       H          1.09020000  *  108.8868000  * -168.6963000  *    42    41    38
    70       H          1.09020000  *  110.3490000  *  -49.3432000  *    42    41    38
 


          CARTESIAN COORDINATES 

    NO.       ATOM           X           Y           Z

     1         C          0.0000      0.0000      0.0000
     2         C          1.5485      0.0000      0.0000
     3         C          2.1217      1.4430      0.0000
     4         C          3.6717      1.4518     -0.0794
     5         N          4.1640      2.7989     -0.3349
     6         C          4.9050      3.6023      0.5754
     7         C          5.0830      3.5265      1.9034
     8         C          5.9250      4.5528      2.5562
     9         C          6.4938      5.5551      1.8461
    10         C          6.2762      5.6218      0.3822
    11         C          5.5310      4.6702     -0.1940
    12         C          5.1682      4.4433     -1.5859
    13         C          4.3841      3.3517     -1.6377
    14         C          3.9202      2.8630     -2.9376
    15         C          4.3226      3.4983     -4.0569
    16         C          5.2237      4.6804     -4.0034
    17         C          5.6178      5.1385     -2.7939
    18         C          5.6898      5.3025     -5.2606
    19         C          6.4662      6.3985     -5.4089
    20         C          6.8153      6.7785     -6.8054
    21         C          6.3387      5.9775     -7.7799
    22         S          5.3512      4.6914     -6.9474
    23         C          6.5663      6.1810     -9.2190
    24         C          6.5381      5.2174    -10.1639
    25         C          6.7996      5.5399    -11.5820
    26         O          7.0961      6.6834    -11.9324
    27         O          6.7036      4.5737    -12.5287
    28         C          6.2943      3.8477     -9.8372
    29         N          6.0974      2.7356     -9.5829
    30         C          7.3202      6.5808      2.5000
    31         C          8.2053      7.4050      1.9019
    32         C          8.8687      8.4030      2.7770
    33         C          8.5117      8.3844      4.0781
    34         S          7.2947      7.0376      4.2637
    35         C          8.9922      9.2825      5.1402
    36         C         10.1346     10.1888      4.9036
    37         C         10.5692     11.0118      5.8733
    38         C          9.9183     11.0259      7.1910
    39         C          8.8754     10.2012      7.4104
    40         C          8.3948      9.3054      6.3488
    41         O         10.4166     11.8817      8.1238
    42         C          9.8850     12.1372      9.3879
    43         H          6.7998      7.1631     -9.5236
    44         H         -0.3744      0.5572     -0.8600
    45         H         -0.3686     -1.0259     -0.0586
    46         H         -0.3746      0.4583      0.9168
    47         H          1.9032     -0.5339      0.8842
    48         H          1.8942     -0.5275     -0.8922
    49         H          1.7193      1.9813     -0.8611
    50         H          1.8103      1.9569      0.9126
    51         H          4.0837      1.0697      0.8565
    52         H          4.0009      0.7944     -0.8868
    53         H          4.6323      2.7680      2.4721
    54         H          6.0814      4.4860      3.5942
    55         H          6.6940      6.3906     -0.1970
    56         H          3.2827      2.0306     -3.0003
    57         H          3.9852      3.1403     -4.9858
    58         H          6.2661      5.9586     -2.7057
    59         H          6.8243      6.9563     -4.5966
    60         H          7.4149      7.6152     -7.0108
    61         H          6.8389      4.7706    -13.4395
    62         H          8.4119      7.3683      0.8750
    63         H          9.5566      9.0903      2.3843
    64         H         10.6217     10.2013      3.9732
    65         H         11.3832     11.6505      5.6869
    66         H          8.3945     10.1817      8.3444
    67         H          7.5700      8.6857      6.5494
    68         H         10.0463     11.2791     10.0410
    69         H         10.3872     13.0066      9.8127
    70         H          8.8180     12.3487      9.3147

  H: (RM1): G.B. ROCHA, R.O. FREIRE, A.M.SIMAS, J.J.P. STEWART, J. COMP. CHEM. 27, 1101 (2006)
  C: (RM1): G.B. ROCHA, R.O. FREIRE, A.M.SIMAS, J.J.P. STEWART, J. COMP. CHEM. 27, 1101 (2006)
  N: (RM1): G.B. ROCHA, R.O. FREIRE, A.M.SIMAS, J.J.P. STEWART, J. COMP. CHEM. 27, 1101 (2006)
  O: (RM1): G.B. ROCHA, R.O. FREIRE, A.M.SIMAS, J.J.P. STEWART, J. COMP. CHEM. 27, 1101 (2006)
  S: (RM1): G.B. ROCHA, R.O. FREIRE, A.M.SIMAS, J.J.P. STEWART, J. COMP. CHEM. 27, 1101 (2006)

           Empirical Formula: C35 H28 N2 O3 S2  =    70 atoms



      MOLECULAR POINT GROUP   :   C1  


      RHF CALCULATION, NO. OF DOUBLY OCCUPIED LEVELS = 104


          Geometry optimization using L-BFGS
 CYCLE:     1 TIME:   0.666 TIME LEFT:  2.00D  GRAD.:   557.049 HEAT:  113.4411
 CYCLE:     2 TIME:   1.152 TIME LEFT:  2.00D  GRAD.:   459.250 HEAT:  110.6790
 CYCLE:     3 TIME:   1.793 TIME LEFT:  2.00D  GRAD.:   479.538 HEAT:  100.7104
 CYCLE:     4 TIME:   0.283 TIME LEFT:  2.00D  GRAD.:   460.354 HEAT:  110.6788
 CYCLE:     5 TIME:   0.334 TIME LEFT:  2.00D  GRAD.:   481.905 HEAT:  100.7115
 CYCLE:     6 TIME:   0.256 TIME LEFT:  2.00D  GRAD.:   385.816 HEAT:  94.97507
 CYCLE:     7 TIME:   0.170 TIME LEFT:  2.00D  GRAD.:   417.962 HEAT:  81.76880
 CYCLE:     8 TIME:   0.234 TIME LEFT:  2.00D  GRAD.:   317.476 HEAT:  69.98555
 CYCLE:     9 TIME:   0.238 TIME LEFT:  2.00D  GRAD.:   496.144 HEAT:  56.80019
 CYCLE:    10 TIME:   0.227 TIME LEFT:  2.00D  GRAD.:   394.220 HEAT:  55.29848
 CYCLE:    11 TIME:   0.186 TIME LEFT:  2.00D  GRAD.:   115.275 HEAT:  53.33249
 CYCLE:    12 TIME:   0.225 TIME LEFT:  2.00D  GRAD.:    95.335 HEAT:  52.88560
 CYCLE:    13 TIME:   0.217 TIME LEFT:  2.00D  GRAD.:   124.336 HEAT:  50.76138
 CYCLE:    14 TIME:   0.312 TIME LEFT:  2.00D  GRAD.:   105.943 HEAT:  49.23803
 CYCLE:    15 TIME:   0.275 TIME LEFT:  2.00D  GRAD.:   138.781 HEAT:  47.44799
 CYCLE:    16 TIME:   0.326 TIME LEFT:  2.00D  GRAD.:    98.313 HEAT:  46.08502
 CYCLE:    17 TIME:   0.236 TIME LEFT:  2.00D  GRAD.:    58.351 HEAT:  45.57628
 CYCLE:    18 TIME:   0.287 TIME LEFT:  2.00D  GRAD.:    53.844 HEAT:  45.21311
 CYCLE:    19 TIME:   0.201 TIME LEFT:  2.00D  GRAD.:   205.632 HEAT:  45.16722
 CYCLE:    20 TIME:   0.219 TIME LEFT:  2.00D  GRAD.:    59.697 HEAT:  44.54930
 CYCLE:    21 TIME:   0.248 TIME LEFT:  2.00D  GRAD.:    32.590 HEAT:  44.37825
 CYCLE:    22 TIME:   0.248 TIME LEFT:  2.00D  GRAD.:    48.258 HEAT:  44.22828
 CYCLE:    23 TIME:   0.209 TIME LEFT:  2.00D  GRAD.:    41.040 HEAT:  44.07247
 CYCLE:    24 TIME:   0.197 TIME LEFT:  2.00D  GRAD.:   162.865 HEAT:  44.08323
 CYCLE:    25 TIME:   0.215 TIME LEFT:  2.00D  GRAD.:    28.515 HEAT:  43.63826
 CYCLE:    26 TIME:   0.283 TIME LEFT:  2.00D  GRAD.:    23.908 HEAT:  43.57638
 CYCLE:    27 TIME:   0.209 TIME LEFT:  2.00D  GRAD.:    25.004 HEAT:  43.43105
 CYCLE:    28 TIME:   0.211 TIME LEFT:  2.00D  GRAD.:    79.954 HEAT:  43.34936
 CYCLE:    29 TIME:   0.217 TIME LEFT:  2.00D  GRAD.:    29.378 HEAT:  43.25848
 CYCLE:    30 TIME:   0.328 TIME LEFT:  2.00D  GRAD.:    17.385 HEAT:  43.23537
 CYCLE:    31 TIME:   0.188 TIME LEFT:  2.00D  GRAD.:    13.660 HEAT:  43.21177
 CYCLE:    32 TIME:   0.229 TIME LEFT:  2.00D  GRAD.:    14.404 HEAT:  43.17189
 CYCLE:    33 TIME:   0.248 TIME LEFT:  2.00D  GRAD.:    19.445 HEAT:  43.12453
 CYCLE:    34 TIME:   0.270 TIME LEFT:  2.00D  GRAD.:    36.723 HEAT:  43.13256
 CYCLE:    35 TIME:   0.248 TIME LEFT:  2.00D  GRAD.:    11.321 HEAT:  43.09562
 CYCLE:    36 TIME:   0.264 TIME LEFT:  2.00D  GRAD.:     7.857 HEAT:  43.08825
 CYCLE:    37 TIME:   0.336 TIME LEFT:  2.00D  GRAD.:     8.858 HEAT:  43.07501
 CYCLE:    38 TIME:   0.248 TIME LEFT:  2.00D  GRAD.:    96.027 HEAT:  43.11275
 CYCLE:    39 TIME:   0.197 TIME LEFT:  2.00D  GRAD.:    19.477 HEAT:  43.03505
 CYCLE:    40 TIME:   0.229 TIME LEFT:  2.00D  GRAD.:    11.114 HEAT:  43.02646
 CYCLE:    41 TIME:   0.240 TIME LEFT:  2.00D  GRAD.:    14.264 HEAT:  43.01242
 CYCLE:    42 TIME:   0.209 TIME LEFT:  2.00D  GRAD.:    11.072 HEAT:  43.00380
 CYCLE:    43 TIME:   0.252 TIME LEFT:  2.00D  GRAD.:    20.467 HEAT:  42.98687
 CYCLE:    44 TIME:   0.197 TIME LEFT:  2.00D  GRAD.:    58.957 HEAT:  43.01257
 CYCLE:    45 TIME:   0.152 TIME LEFT:  2.00D  GRAD.:    14.995 HEAT:  42.95720
 CYCLE:    46 TIME:   0.285 TIME LEFT:  2.00D  GRAD.:     9.795 HEAT:  42.94868
 CYCLE:    47 TIME:   0.199 TIME LEFT:  2.00D  GRAD.:    12.397 HEAT:  42.92762
 CYCLE:    48 TIME:   0.246 TIME LEFT:  2.00D  GRAD.:    11.970 HEAT:  42.91603
 CYCLE:    49 TIME:   0.279 TIME LEFT:  2.00D  GRAD.:    27.773 HEAT:  42.89084
 CYCLE:    50 TIME:   0.344 TIME LEFT:  2.00D  GRAD.:    13.881 HEAT:  42.85422
 CYCLE:    51 TIME:   0.234 TIME LEFT:  2.00D  GRAD.:     9.040 HEAT:  42.84175
 CYCLE:    52 TIME:   0.207 TIME LEFT:  2.00D  GRAD.:     9.144 HEAT:  42.82106
 CYCLE:    53 TIME:   0.188 TIME LEFT:  2.00D  GRAD.:    56.862 HEAT:  42.81445
 CYCLE:    54 TIME:   0.225 TIME LEFT:  2.00D  GRAD.:    19.124 HEAT:  42.78512
 CYCLE:    55 TIME:   0.242 TIME LEFT:  2.00D  GRAD.:    15.814 HEAT:  42.76306
 CYCLE:    56 TIME:   0.189 TIME LEFT:  2.00D  GRAD.:    18.879 HEAT:  42.74647
 CYCLE:    57 TIME:   0.207 TIME LEFT:  2.00D  GRAD.:    28.258 HEAT:  42.71607
 CYCLE:    58 TIME:   0.234 TIME LEFT:  2.00D  GRAD.:    30.903 HEAT:  42.68731
 CYCLE:    59 TIME:   0.328 TIME LEFT:  2.00D  GRAD.:    13.460 HEAT:  42.64007
 CYCLE:    60 TIME:   0.324 TIME LEFT:  2.00D  GRAD.:    19.946 HEAT:  42.60682
 CYCLE:    61 TIME:   0.340 TIME LEFT:  2.00D  GRAD.:    21.346 HEAT:  42.57685
 CYCLE:    62 TIME:   0.338 TIME LEFT:  2.00D  GRAD.:    19.060 HEAT:  42.52153
 CYCLE:    63 TIME:   0.182 TIME LEFT:  2.00D  GRAD.:    24.800 HEAT:  42.48544
 CYCLE:    64 TIME:   0.201 TIME LEFT:  2.00D  GRAD.:    11.763 HEAT:  42.45810
 CYCLE:    65 TIME:   0.277 TIME LEFT:  2.00D  GRAD.:    22.821 HEAT:  42.41995
 CYCLE:    66 TIME:   0.250 TIME LEFT:  2.00D  GRAD.:    25.994 HEAT:  42.39605
 CYCLE:    67 TIME:   0.273 TIME LEFT:  2.00D  GRAD.:    80.325 HEAT:  42.40046
 CYCLE:    68 TIME:   0.320 TIME LEFT:  2.00D  GRAD.:    17.032 HEAT:  42.32008
 CYCLE:    69 TIME:   0.266 TIME LEFT:  2.00D  GRAD.:    13.995 HEAT:  42.30323
 CYCLE:    70 TIME:   0.293 TIME LEFT:  2.00D  GRAD.:    14.604 HEAT:  42.25623
 CYCLE:    71 TIME:   0.227 TIME LEFT:  2.00D  GRAD.:    34.157 HEAT:  42.20362
 CYCLE:    72 TIME:   0.250 TIME LEFT:  2.00D  GRAD.:    14.295 HEAT:  42.15357
 CYCLE:    73 TIME:   0.236 TIME LEFT:  2.00D  GRAD.:    11.826 HEAT:  42.11983
 CYCLE:    74 TIME:   0.281 TIME LEFT:  2.00D  GRAD.:    16.843 HEAT:  42.07077
 CYCLE:    75 TIME:   0.186 TIME LEFT:  2.00D  GRAD.:    59.185 HEAT:  42.06867
 CYCLE:    76 TIME:   0.352 TIME LEFT:  2.00D  GRAD.:    23.623 HEAT:  42.01024
 CYCLE:    77 TIME:   0.182 TIME LEFT:  2.00D  GRAD.:    12.945 HEAT:  41.97547
 CYCLE:    78 TIME:   0.229 TIME LEFT:  2.00D  GRAD.:    19.805 HEAT:  41.93885
 CYCLE:    79 TIME:   2.201 TIME LEFT:  2.00D  GRAD.:    20.007 HEAT:  41.89490
 CYCLE:    80 TIME:   0.182 TIME LEFT:  2.00D  GRAD.:    55.221 HEAT:  41.86222
 CYCLE:    81 TIME:   0.293 TIME LEFT:  2.00D  GRAD.:    56.726 HEAT:  41.85643
 CYCLE:    82 TIME:   0.305 TIME LEFT:  2.00D  GRAD.:    15.549 HEAT:  41.82856
 CYCLE:    83 TIME:   0.189 TIME LEFT:  2.00D  GRAD.:    12.792 HEAT:  41.82194
 CYCLE:    84 TIME:   0.180 TIME LEFT:  2.00D  GRAD.:    13.749 HEAT:  41.80635
 CYCLE:    85 TIME:   0.174 TIME LEFT:  2.00D  GRAD.:    15.904 HEAT:  41.78419
 CYCLE:    86 TIME:   0.207 TIME LEFT:  2.00D  GRAD.:    29.486 HEAT:  41.76536
 CYCLE:    87 TIME:   0.277 TIME LEFT:  2.00D  GRAD.:    17.648 HEAT:  41.73184
 CYCLE:    88 TIME:   0.164 TIME LEFT:  2.00D  GRAD.:    12.369 HEAT:  41.71624
 CYCLE:    89 TIME:   0.328 TIME LEFT:  2.00D  GRAD.:    13.992 HEAT:  41.67940
 CYCLE:    90 TIME:   0.203 TIME LEFT:  2.00D  GRAD.:    24.123 HEAT:  41.64045
 CYCLE:    91 TIME:   0.199 TIME LEFT:  2.00D  GRAD.:    29.908 HEAT:  41.60961
 CYCLE:    92 TIME:   0.336 TIME LEFT:  2.00D  GRAD.:    16.838 HEAT:  41.57101
 CYCLE:    93 TIME:   0.207 TIME LEFT:  2.00D  GRAD.:    16.020 HEAT:  41.53299
 CYCLE:    94 TIME:   0.262 TIME LEFT:  2.00D  GRAD.:    17.963 HEAT:  41.50559
 CYCLE:    95 TIME:   0.225 TIME LEFT:  2.00D  GRAD.:   106.248 HEAT:  41.48915
 CYCLE:    96 TIME:   0.256 TIME LEFT:  2.00D  GRAD.:    34.233 HEAT:  41.41595
 CYCLE:    97 TIME:   0.215 TIME LEFT:  2.00D  GRAD.:    16.525 HEAT:  41.38711
 CYCLE:    98 TIME:   0.219 TIME LEFT:  2.00D  GRAD.:    16.103 HEAT:  41.37195
 CYCLE:    99 TIME:   0.203 TIME LEFT:  2.00D  GRAD.:    13.059 HEAT:  41.35207
 CYCLE:   100 TIME:   0.242 TIME LEFT:  2.00D  GRAD.:    16.196 HEAT:  41.30659
 CYCLE:   101 TIME:   0.332 TIME LEFT:  2.00D  GRAD.:    22.620 HEAT:  41.26852
 CYCLE:   102 TIME:   0.256 TIME LEFT:  2.00D  GRAD.:    21.875 HEAT:  41.21783
 CYCLE:   103 TIME:   0.244 TIME LEFT:  2.00D  GRAD.:    15.792 HEAT:  41.18711
 CYCLE:   104 TIME:   0.230 TIME LEFT:  2.00D  GRAD.:    19.290 HEAT:  41.14397
 CYCLE:   105 TIME:   0.184 TIME LEFT:  2.00D  GRAD.:    23.335 HEAT:  41.11388
 CYCLE:   106 TIME:   0.207 TIME LEFT:  2.00D  GRAD.:    17.525 HEAT:  41.05619
 CYCLE:   107 TIME:   0.262 TIME LEFT:  2.00D  GRAD.:    22.093 HEAT:  41.03085
 CYCLE:   108 TIME:   0.174 TIME LEFT:  2.00D  GRAD.:    15.002 HEAT:  41.01159
 CYCLE:   109 TIME:   0.191 TIME LEFT:  2.00D  GRAD.:    15.677 HEAT:  40.98427
 CYCLE:   110 TIME:   0.188 TIME LEFT:  2.00D  GRAD.:    58.529 HEAT:  40.98326
 CYCLE:   111 TIME:   0.186 TIME LEFT:  2.00D  GRAD.:    15.390 HEAT:  40.95298
 CYCLE:   112 TIME:   0.186 TIME LEFT:  2.00D  GRAD.:    12.121 HEAT:  40.94003
 CYCLE:   113 TIME:   0.328 TIME LEFT:  2.00D  GRAD.:    14.489 HEAT:  40.92862
 CYCLE:   114 TIME:   0.227 TIME LEFT:  2.00D  GRAD.:    16.823 HEAT:  40.90093
 CYCLE:   115 TIME:   0.188 TIME LEFT:  2.00D  GRAD.:    18.011 HEAT:  40.85149
 CYCLE:   116 TIME:   0.291 TIME LEFT:  2.00D  GRAD.:    28.200 HEAT:  40.79853
 CYCLE:   117 TIME:   0.246 TIME LEFT:  2.00D  GRAD.:    28.412 HEAT:  40.76780
 CYCLE:   118 TIME:   0.176 TIME LEFT:  2.00D  GRAD.:    13.594 HEAT:  40.74046
 CYCLE:   119 TIME:   0.314 TIME LEFT:  2.00D  GRAD.:    15.176 HEAT:  40.72279
 CYCLE:   120 TIME:   0.193 TIME LEFT:  2.00D  GRAD.:    14.739 HEAT:  40.70040
 CYCLE:   121 TIME:   0.180 TIME LEFT:  2.00D  GRAD.:    25.269 HEAT:  40.66085
 CYCLE:   122 TIME:   0.227 TIME LEFT:  2.00D  GRAD.:    17.400 HEAT:  40.63392
 CYCLE:   123 TIME:   0.186 TIME LEFT:  2.00D  GRAD.:    12.579 HEAT:  40.61330
 CYCLE:   124 TIME:   0.217 TIME LEFT:  2.00D  GRAD.:    33.548 HEAT:  40.60139
 CYCLE:   125 TIME:   0.227 TIME LEFT:  2.00D  GRAD.:    15.282 HEAT:  40.58712
 CYCLE:   126 TIME:   0.160 TIME LEFT:  2.00D  GRAD.:    13.935 HEAT:  40.57895
 CYCLE:   127 TIME:   0.248 TIME LEFT:  2.00D  GRAD.:    10.428 HEAT:  40.54904
 CYCLE:   128 TIME:   0.176 TIME LEFT:  2.00D  GRAD.:    11.724 HEAT:  40.51591
 CYCLE:   129 TIME:   0.225 TIME LEFT:  2.00D  GRAD.:    17.647 HEAT:  40.47665
 CYCLE:   130 TIME:   0.297 TIME LEFT:  2.00D  GRAD.:    29.126 HEAT:  40.46519
 CYCLE:   131 TIME:   0.178 TIME LEFT:  2.00D  GRAD.:     8.710 HEAT:  40.43021
 CYCLE:   132 TIME:   0.168 TIME LEFT:  2.00D  GRAD.:     7.958 HEAT:  40.42000
 CYCLE:   133 TIME:   0.174 TIME LEFT:  2.00D  GRAD.:     9.331 HEAT:  40.40019
 CYCLE:   134 TIME:   0.297 TIME LEFT:  2.00D  GRAD.:    20.536 HEAT:  40.36337
 CYCLE:   135 TIME:   0.164 TIME LEFT:  2.00D  GRAD.:    21.317 HEAT:  40.34201
 CYCLE:   136 TIME:   0.176 TIME LEFT:  2.00D  GRAD.:     9.713 HEAT:  40.31909
 CYCLE:   137 TIME:   0.197 TIME LEFT:  2.00D  GRAD.:     9.255 HEAT:  40.30273
 CYCLE:   138 TIME:   0.297 TIME LEFT:  2.00D  GRAD.:    42.998 HEAT:  40.29295
 CYCLE:   139 TIME:   0.184 TIME LEFT:  2.00D  GRAD.:    16.578 HEAT:  40.27553
 CYCLE:   140 TIME:   0.205 TIME LEFT:  2.00D  GRAD.:     8.754 HEAT:  40.26392
 CYCLE:   141 TIME:   0.230 TIME LEFT:  2.00D  GRAD.:    10.034 HEAT:  40.25771
 CYCLE:   142 TIME:   0.283 TIME LEFT:  2.00D  GRAD.:     7.990 HEAT:  40.24653
 CYCLE:   143 TIME:   0.158 TIME LEFT:  2.00D  GRAD.:     6.555 HEAT:  40.23014
 CYCLE:   144 TIME:   0.211 TIME LEFT:  2.00D  GRAD.:    23.382 HEAT:  40.22016
 CYCLE:   145 TIME:   0.279 TIME LEFT:  2.00D  GRAD.:     9.024 HEAT:  40.20418
 CYCLE:   146 TIME:   0.240 TIME LEFT:  2.00D  GRAD.:     6.947 HEAT:  40.19522
 CYCLE:   147 TIME:   0.180 TIME LEFT:  2.00D  GRAD.:     6.663 HEAT:  40.18741
 CYCLE:   148 TIME:   0.264 TIME LEFT:  2.00D  GRAD.:     7.948 HEAT:  40.17787
 CYCLE:   149 TIME:   0.178 TIME LEFT:  2.00D  GRAD.:    21.386 HEAT:  40.17614
 CYCLE:   150 TIME:   0.178 TIME LEFT:  2.00D  GRAD.:     6.440 HEAT:  40.16298
 CYCLE:   151 TIME:   0.211 TIME LEFT:  2.00D  GRAD.:     6.685 HEAT:  40.15861
 CYCLE:   152 TIME:   0.225 TIME LEFT:  2.00D  GRAD.:    18.677 HEAT:  40.15497
 CYCLE:   153 TIME:   0.238 TIME LEFT:  2.00D  GRAD.:     8.111 HEAT:  40.15020
 CYCLE:   154 TIME:   0.203 TIME LEFT:  2.00D  GRAD.:     5.707 HEAT:  40.14574
 CYCLE:   155 TIME:   0.211 TIME LEFT:  2.00D  GRAD.:     7.038 HEAT:  40.13915
 CYCLE:   156 TIME:   0.172 TIME LEFT:  2.00D  GRAD.:     7.845 HEAT:  40.13065
 CYCLE:   157 TIME:   0.236 TIME LEFT:  2.00D  GRAD.:     7.435 HEAT:  40.11850
 CYCLE:   158 TIME:   0.221 TIME LEFT:  2.00D  GRAD.:    17.413 HEAT:  40.11658
 CYCLE:   159 TIME:   0.238 TIME LEFT:  2.00D  GRAD.:     6.542 HEAT:  40.10593
 CYCLE:   160 TIME:   0.225 TIME LEFT:  2.00D  GRAD.:     4.304 HEAT:  40.10278
 CYCLE:   161 TIME:   0.266 TIME LEFT:  2.00D  GRAD.:     4.851 HEAT:  40.09772
 CYCLE:   162 TIME:   0.305 TIME LEFT:  2.00D  GRAD.:     7.811 HEAT:  40.08833
 CYCLE:   163 TIME:   0.199 TIME LEFT:  2.00D  GRAD.:     5.300 HEAT:  40.08098
 CYCLE:   164 TIME:   0.176 TIME LEFT:  2.00D  GRAD.:    16.078 HEAT:  40.07781
 CYCLE:   165 TIME:   0.162 TIME LEFT:  2.00D  GRAD.:     5.933 HEAT:  40.07270
 CYCLE:   166 TIME:   0.193 TIME LEFT:  2.00D  GRAD.:     4.585 HEAT:  40.06940
 CYCLE:   167 TIME:   0.229 TIME LEFT:  2.00D  GRAD.:    11.495 HEAT:  40.06546
 CYCLE:   168 TIME:   0.188 TIME LEFT:  2.00D  GRAD.:     8.873 HEAT:  40.06194
 CYCLE:   169 TIME:   0.215 TIME LEFT:  2.00D  GRAD.:     5.735 HEAT:  40.06003
 CYCLE:   170 TIME:   0.236 TIME LEFT:  2.00D  GRAD.:     4.438 HEAT:  40.05756
 CYCLE:   171 TIME:   0.340 TIME LEFT:  2.00D  GRAD.:     5.755 HEAT:  40.05491
 CYCLE:   172 TIME:   0.273 TIME LEFT:  2.00D  GRAD.:     7.794 HEAT:  40.04888
 CYCLE:   173 TIME:   0.197 TIME LEFT:  2.00D  GRAD.:    12.271 HEAT:  40.04494
 CYCLE:   174 TIME:   0.186 TIME LEFT:  2.00D  GRAD.:     4.809 HEAT:  40.04022
 CYCLE:   175 TIME:   0.229 TIME LEFT:  2.00D  GRAD.:     3.567 HEAT:  40.03858
 CYCLE:   176 TIME:   0.289 TIME LEFT:  2.00D  GRAD.:     5.115 HEAT:  40.03643
 CYCLE:   177 TIME:   0.197 TIME LEFT:  2.00D  GRAD.:     6.588 HEAT:  40.03376
 CYCLE:   178 TIME:   0.193 TIME LEFT:  2.00D  GRAD.:     7.293 HEAT:  40.02814
 CYCLE:   179 TIME:   0.230 TIME LEFT:  2.00D  GRAD.:    15.978 HEAT:  40.02805
 CYCLE:   180 TIME:   0.180 TIME LEFT:  2.00D  GRAD.:    19.806 HEAT:  40.02914
 CYCLE:   181 TIME:   0.180 TIME LEFT:  2.00D  GRAD.:     4.861 HEAT:  40.02296
 CYCLE:   182 TIME:   0.164 TIME LEFT:  2.00D  GRAD.:     4.481 HEAT:  40.02194
 CYCLE:   183 TIME:   0.182 TIME LEFT:  2.00D  GRAD.:     6.210 HEAT:  40.02003
 CYCLE:   184 TIME:   0.182 TIME LEFT:  2.00D  GRAD.:     6.489 HEAT:  40.01647
 CYCLE:   185 TIME:   0.273 TIME LEFT:  2.00D  GRAD.:    16.517 HEAT:  40.01427
 CYCLE:   186 TIME:   0.213 TIME LEFT:  2.00D  GRAD.:     4.173 HEAT:  40.00880
 CYCLE:   187 TIME:   0.205 TIME LEFT:  2.00D  GRAD.:     3.428 HEAT:  40.00801
 CYCLE:   188 TIME:   0.258 TIME LEFT:  2.00D  GRAD.:     2.704 HEAT:  40.00521
 CYCLE:   189 TIME:   0.273 TIME LEFT:  2.00D  GRAD.:     8.265 HEAT:  40.00110
 CYCLE:   190 TIME:   0.219 TIME LEFT:  2.00D  GRAD.:    11.637 HEAT:  40.00107
 CYCLE:   191 TIME:   0.238 TIME LEFT:  2.00D  GRAD.:     2.785 HEAT:  39.99793
 CYCLE:   192 TIME:   0.303 TIME LEFT:  2.00D  GRAD.:     2.351 HEAT:  39.99713
 CYCLE:   193 TIME:   0.207 TIME LEFT:  2.00D  GRAD.:     4.081 HEAT:  39.99492
 CYCLE:   194 TIME:   0.248 TIME LEFT:  2.00D  GRAD.:     6.840 HEAT:  39.99237
 CYCLE:   195 TIME:   0.264 TIME LEFT:  2.00D  GRAD.:     9.815 HEAT:  39.99103
 CYCLE:   196 TIME:   0.189 TIME LEFT:  2.00D  GRAD.:     4.246 HEAT:  39.98935
 CYCLE:   197 TIME:   0.215 TIME LEFT:  2.00D  GRAD.:     3.567 HEAT:  39.98794
 CYCLE:   198 TIME:   0.164 TIME LEFT:  2.00D  GRAD.:     3.578 HEAT:  39.98705
 CYCLE:   199 TIME:   0.295 TIME LEFT:  2.00D  GRAD.:     5.000 HEAT:  39.98407
 CYCLE:   200 TIME:   0.195 TIME LEFT:  2.00D  GRAD.:    17.113 HEAT:  39.98489
 CYCLE:   201 TIME:   0.164 TIME LEFT:  2.00D  GRAD.:     3.838 HEAT:  39.98014
 CYCLE:   202 TIME:   0.186 TIME LEFT:  2.00D  GRAD.:     3.155 HEAT:  39.97937
 CYCLE:   203 TIME:   0.227 TIME LEFT:  2.00D  GRAD.:     3.164 HEAT:  39.97743
 CYCLE:   204 TIME:   0.170 TIME LEFT:  2.00D  GRAD.:     3.780 HEAT:  39.97516
 CYCLE:   205 TIME:   0.166 TIME LEFT:  2.00D  GRAD.:     5.319 HEAT:  39.97230
 CYCLE:   206 TIME:   0.203 TIME LEFT:  2.00D  GRAD.:     3.800 HEAT:  39.97051
 CYCLE:   207 TIME:   0.172 TIME LEFT:  2.00D  GRAD.:     4.047 HEAT:  39.96933
 CYCLE:   208 TIME:   0.260 TIME LEFT:  2.00D  GRAD.:     6.195 HEAT:  39.96719
 CYCLE:   209 TIME:   0.174 TIME LEFT:  2.00D  GRAD.:     5.759 HEAT:  39.96609
 CYCLE:   210 TIME:   0.293 TIME LEFT:  2.00D  GRAD.:     3.662 HEAT:  39.96508
 CYCLE:   211 TIME:   0.193 TIME LEFT:  2.00D  GRAD.:     6.689 HEAT:  39.96407
 CYCLE:   212 TIME:   0.164 TIME LEFT:  2.00D  GRAD.:     3.064 HEAT:  39.96295
 CYCLE:   213 TIME:   0.217 TIME LEFT:  2.00D  GRAD.:     3.787 HEAT:  39.96158
 CYCLE:   214 TIME:   0.246 TIME LEFT:  2.00D  GRAD.:     4.425 HEAT:  39.96021
 CYCLE:   215 TIME:   0.182 TIME LEFT:  2.00D  GRAD.:     2.595 HEAT:  39.95749
 CYCLE:   216 TIME:   0.213 TIME LEFT:  2.00D  GRAD.:    11.195 HEAT:  39.95694
 CYCLE:   217 TIME:   0.174 TIME LEFT:  2.00D  GRAD.:     3.331 HEAT:  39.95537
 CYCLE:   218 TIME:   0.236 TIME LEFT:  2.00D  GRAD.:     2.015 HEAT:  39.95470
 CYCLE:   219 TIME:   0.195 TIME LEFT:  2.00D  GRAD.:     3.872 HEAT:  39.95345
 CYCLE:   220 TIME:   0.191 TIME LEFT:  2.00D  GRAD.:     3.787 HEAT:  39.95230
 CYCLE:   221 TIME:   0.180 TIME LEFT:  2.00D  GRAD.:     5.160 HEAT:  39.94930
 CYCLE:   222 TIME:   0.180 TIME LEFT:  2.00D  GRAD.:     6.763 HEAT:  39.94769
 CYCLE:   223 TIME:   0.264 TIME LEFT:  2.00D  GRAD.:    10.748 HEAT:  39.94655
 CYCLE:   224 TIME:   0.242 TIME LEFT:  2.00D  GRAD.:     2.663 HEAT:  39.94412
 CYCLE:   225 TIME:   0.242 TIME LEFT:  2.00D  GRAD.:     2.556 HEAT:  39.94360
 CYCLE:   226 TIME:   0.256 TIME LEFT:  2.00D  GRAD.:     8.549 HEAT:  39.94309
 CYCLE:   227 TIME:   0.205 TIME LEFT:  2.00D  GRAD.:     4.610 HEAT:  39.94219
 CYCLE:   228 TIME:   0.213 TIME LEFT:  2.00D  GRAD.:     3.096 HEAT:  39.94105
 CYCLE:   229 TIME:   0.166 TIME LEFT:  2.00D  GRAD.:     4.415 HEAT:  39.94031
 CYCLE:   230 TIME:   0.164 TIME LEFT:  2.00D  GRAD.:    14.130 HEAT:  39.94015
 CYCLE:   231 TIME:   0.158 TIME LEFT:  2.00D  GRAD.:     4.174 HEAT:  39.93841
 CYCLE:   232 TIME:   0.299 TIME LEFT:  2.00D  GRAD.:     2.572 HEAT:  39.93790
 CYCLE:   233 TIME:   0.225 TIME LEFT:  2.00D  GRAD.:     2.706 HEAT:  39.93760
 CYCLE:   234 TIME:   0.283 TIME LEFT:  2.00D  GRAD.:     7.413 HEAT:  39.93594
 CYCLE:   235 TIME:   0.295 TIME LEFT:  2.00D  GRAD.:     5.238 HEAT:  39.93472
 CYCLE:   236 TIME:   0.189 TIME LEFT:  2.00D  GRAD.:     2.666 HEAT:  39.93321
 CYCLE:   237 TIME:   0.246 TIME LEFT:  2.00D  GRAD.:     3.328 HEAT:  39.93231
 CYCLE:   238 TIME:   0.168 TIME LEFT:  2.00D  GRAD.:     3.715 HEAT:  39.93148
 CYCLE:   239 TIME:   0.164 TIME LEFT:  2.00D  GRAD.:     5.614 HEAT:  39.92987
 CYCLE:   240 TIME:   0.262 TIME LEFT:  2.00D  GRAD.:     4.632 HEAT:  39.92804
 CYCLE:   241 TIME:   0.193 TIME LEFT:  2.00D  GRAD.:     3.033 HEAT:  39.92669
 CYCLE:   242 TIME:   0.215 TIME LEFT:  2.00D  GRAD.:     6.360 HEAT:  39.92612
 CYCLE:   243 TIME:   0.277 TIME LEFT:  2.00D  GRAD.:     3.259 HEAT:  39.92512
 CYCLE:   244 TIME:   0.184 TIME LEFT:  2.00D  GRAD.:     2.327 HEAT:  39.92436
 CYCLE:   245 TIME:   0.275 TIME LEFT:  2.00D  GRAD.:     3.064 HEAT:  39.92288
 CYCLE:   246 TIME:   0.174 TIME LEFT:  2.00D  GRAD.:    20.108 HEAT:  39.92473
 CYCLE:   247 TIME:   0.164 TIME LEFT:  2.00D  GRAD.:     8.238 HEAT:  39.92235
 CYCLE:   248 TIME:   0.162 TIME LEFT:  2.00D  GRAD.:     2.349 HEAT:  39.92142
 CYCLE:   249 TIME:   0.164 TIME LEFT:  2.00D  GRAD.:     2.689 HEAT:  39.92132
 CYCLE:   250 TIME:   0.168 TIME LEFT:  2.00D  GRAD.:     4.739 HEAT:  39.91966
 CYCLE:   251 TIME:   0.227 TIME LEFT:  2.00D  GRAD.:     2.390 HEAT:  39.91824
 CYCLE:   252 TIME:   0.154 TIME LEFT:  2.00D  GRAD.:     2.786 HEAT:  39.91744
 CYCLE:   253 TIME:   0.238 TIME LEFT:  2.00D  GRAD.:     1.693 HEAT:  39.91636
 CYCLE:   254 TIME:   0.246 TIME LEFT:  2.00D  GRAD.:     2.841 HEAT:  39.91514
 CYCLE:   255 TIME:   0.273 TIME LEFT:  2.00D  GRAD.:     4.072 HEAT:  39.91481
 CYCLE:   256 TIME:   0.193 TIME LEFT:  2.00D  GRAD.:     2.234 HEAT:  39.91407
 CYCLE:   257 TIME:   0.250 TIME LEFT:  2.00D  GRAD.:     2.671 HEAT:  39.91354
 CYCLE:   258 TIME:   0.197 TIME LEFT:  2.00D  GRAD.:     2.490 HEAT:  39.91192
 CYCLE:   259 TIME:   0.238 TIME LEFT:  2.00D  GRAD.:     2.148 HEAT:  39.91134
 CYCLE:   260 TIME:   0.373 TIME LEFT:  2.00D  GRAD.:     1.916 HEAT:  39.91088
 CYCLE:   261 TIME:   0.229 TIME LEFT:  2.00D  GRAD.:     2.288 HEAT:  39.90991
 CYCLE:   262 TIME:   0.262 TIME LEFT:  2.00D  GRAD.:    16.297 HEAT:  39.91080
 CYCLE:   263 TIME:   0.301 TIME LEFT:  2.00D  GRAD.:     3.096 HEAT:  39.90926
 CYCLE:   264 TIME:   0.180 TIME LEFT:  2.00D  GRAD.:     2.134 HEAT:  39.90896
 CYCLE:   265 TIME:   0.291 TIME LEFT:  2.00D  GRAD.:     2.378 HEAT:  39.90867
 CYCLE:   266 TIME:   0.213 TIME LEFT:  2.00D  GRAD.:     2.930 HEAT:  39.90783
 CYCLE:   267 TIME:   0.180 TIME LEFT:  2.00D  GRAD.:     6.372 HEAT:  39.90683
 CYCLE:   268 TIME:   0.160 TIME LEFT:  2.00D  GRAD.:     2.854 HEAT:  39.90614
 CYCLE:   269 TIME:   0.164 TIME LEFT:  2.00D  GRAD.:     2.241 HEAT:  39.90570
 CYCLE:   270 TIME:   0.246 TIME LEFT:  2.00D  GRAD.:     2.406 HEAT:  39.90549
 CYCLE:   271 TIME:   0.244 TIME LEFT:  2.00D  GRAD.:     2.251 HEAT:  39.90489
 CYCLE:   272 TIME:   0.219 TIME LEFT:  2.00D  GRAD.:     2.451 HEAT:  39.90421
 CYCLE:   273 TIME:   0.217 TIME LEFT:  2.00D  GRAD.:    10.291 HEAT:  39.90515
 CYCLE:   274 TIME:   0.217 TIME LEFT:  2.00D  GRAD.:     1.408 HEAT:  39.90352
 CYCLE:   275 TIME:   0.205 TIME LEFT:  2.00D  GRAD.:     1.292 HEAT:  39.90344
 CYCLE:   276 TIME:   0.246 TIME LEFT:  2.00D  GRAD.:     3.284 HEAT:  39.90337
 CYCLE:   277 TIME:   0.195 TIME LEFT:  2.00D  GRAD.:     5.044 HEAT:  39.90312
 CYCLE:   278 TIME:   0.146 TIME LEFT:  2.00D  GRAD.:     1.149 HEAT:  39.90276
 CYCLE:   279 TIME:   0.164 TIME LEFT:  2.00D  GRAD.:     1.125 HEAT:  39.90265
 CYCLE:   280 TIME:   0.189 TIME LEFT:  2.00D  GRAD.:     1.605 HEAT:  39.90235
 CYCLE:   281 TIME:   0.229 TIME LEFT:  2.00D  GRAD.:     7.744 HEAT:  39.90272
 CYCLE:   282 TIME:   0.188 TIME LEFT:  2.00D  GRAD.:     1.358 HEAT:  39.90184
 CYCLE:   283 TIME:   0.211 TIME LEFT:  2.00D  GRAD.:     1.511 HEAT:  39.90171
 CYCLE:   284 TIME:   0.213 TIME LEFT:  2.00D  GRAD.:     1.661 HEAT:  39.90138
 CYCLE:   285 TIME:   0.172 TIME LEFT:  2.00D  GRAD.:     4.513 HEAT:  39.90116
 CYCLE:   286 TIME:   0.195 TIME LEFT:  2.00D  GRAD.:     1.696 HEAT:  39.90080
 CYCLE:   287 TIME:   0.172 TIME LEFT:  2.00D  GRAD.:     2.272 HEAT:  39.90049
 CYCLE:   288 TIME:   0.162 TIME LEFT:  2.00D  GRAD.:     3.222 HEAT:  39.90024
 CYCLE:   289 TIME:   0.211 TIME LEFT:  2.00D  GRAD.:     2.560 HEAT:  39.89988
 CYCLE:   290 TIME:   0.199 TIME LEFT:  2.00D  GRAD.:     5.264 HEAT:  39.89974
 CYCLE:   291 TIME:   0.201 TIME LEFT:  2.00D  GRAD.:     2.424 HEAT:  39.89920
 CYCLE:   292 TIME:   0.174 TIME LEFT:  2.00D  GRAD.:     2.613 HEAT:  39.89898
 CYCLE:   293 TIME:   0.186 TIME LEFT:  2.00D  GRAD.:     2.474 HEAT:  39.89850
 CYCLE:   294 TIME:   0.182 TIME LEFT:  2.00D  GRAD.:     2.103 HEAT:  39.89802
 CYCLE:   295 TIME:   0.236 TIME LEFT:  2.00D  GRAD.:     4.700 HEAT:  39.89784
 CYCLE:   296 TIME:   0.135 TIME LEFT:  2.00D  GRAD.:     1.034 HEAT:  39.89737
 CYCLE:   297 TIME:   0.174 TIME LEFT:  2.00D  GRAD.:     1.472 HEAT:  39.89717
 CYCLE:   298 TIME:   0.309 TIME LEFT:  2.00D  GRAD.:     1.785 HEAT:  39.89694
 CYCLE:   299 TIME:   0.172 TIME LEFT:  2.00D  GRAD.:     4.262 HEAT:  39.89687
 CYCLE:   300 TIME:   0.184 TIME LEFT:  2.00D  GRAD.:     1.300 HEAT:  39.89641
 CYCLE:   301 TIME:   0.162 TIME LEFT:  2.00D  GRAD.:     1.024 HEAT:  39.89623
 CYCLE:   302 TIME:   0.205 TIME LEFT:  2.00D  GRAD.:     1.685 HEAT:  39.89585
 CYCLE:   303 TIME:   0.195 TIME LEFT:  2.00D  GRAD.:     6.690 HEAT:  39.89698
 CYCLE:   304 TIME:   0.180 TIME LEFT:  2.00D  GRAD.:     1.242 HEAT:  39.89556
 CYCLE:   305 TIME:   0.219 TIME LEFT:  2.00D  GRAD.:     1.106 HEAT:  39.89553
 CYCLE:   306 TIME:   0.162 TIME LEFT:  2.00D  GRAD.:     0.837 HEAT:  39.89539
 CYCLE:   307 TIME:   0.213 TIME LEFT:  2.00D  GRAD.:     1.326 HEAT:  39.89506
 CYCLE:   308 TIME:   0.238 TIME LEFT:  2.00D  GRAD.:     2.279 HEAT:  39.89484
 CYCLE:   309 TIME:   0.189 TIME LEFT:  2.00D  GRAD.:     1.350 HEAT:  39.89465
 CYCLE:   310 TIME:   0.168 TIME LEFT:  2.00D  GRAD.:     2.327 HEAT:  39.89448
 CYCLE:   311 TIME:   0.230 TIME LEFT:  2.00D  GRAD.:     2.603 HEAT:  39.89437
 CYCLE:   312 TIME:   0.225 TIME LEFT:  2.00D  GRAD.:     1.492 HEAT:  39.89414
 CYCLE:   313 TIME:   0.227 TIME LEFT:  2.00D  GRAD.:     1.352 HEAT:  39.89388
 CYCLE:   314 TIME:   0.178 TIME LEFT:  2.00D  GRAD.:     1.511 HEAT:  39.89373
 CYCLE:   315 TIME:   0.182 TIME LEFT:  2.00D  GRAD.:     1.282 HEAT:  39.89355
 CYCLE:   316 TIME:   0.234 TIME LEFT:  2.00D  GRAD.:     0.885 HEAT:  39.89342
 CYCLE:   317 TIME:   0.184 TIME LEFT:  2.00D  GRAD.:     1.162 HEAT:  39.89321
 CYCLE:   318 TIME:   0.227 TIME LEFT:  2.00D  GRAD.:     1.161 HEAT:  39.89299
 CYCLE:   319 TIME:   0.201 TIME LEFT:  2.00D  GRAD.:     1.773 HEAT:  39.89259
 CYCLE:   320 TIME:   0.236 TIME LEFT:  2.00D  GRAD.:     1.487 HEAT:  39.89214
 CYCLE:   321 TIME:   0.199 TIME LEFT:  2.00D  GRAD.:     2.026 HEAT:  39.89173
 CYCLE:   322 TIME:   0.234 TIME LEFT:  2.00D  GRAD.:     2.720 HEAT:  39.89130
 CYCLE:   323 TIME:   0.184 TIME LEFT:  2.00D  GRAD.:    11.697 HEAT:  39.89182
 CYCLE:   324 TIME:   0.307 TIME LEFT:  2.00D  GRAD.:     2.148 HEAT:  39.89052
 CYCLE:   325 TIME:   0.207 TIME LEFT:  2.00D  GRAD.:     2.827 HEAT:  39.89059
 CYCLE:   326 TIME:   0.199 TIME LEFT:  2.00D  GRAD.:     1.514 HEAT:  39.89019
 CYCLE:   327 TIME:   0.195 TIME LEFT:  2.00D  GRAD.:     1.420 HEAT:  39.88998
 CYCLE:   328 TIME:   0.229 TIME LEFT:  2.00D  GRAD.:     1.365 HEAT:  39.88974
 CYCLE:   329 TIME:   0.209 TIME LEFT:  2.00D  GRAD.:     1.975 HEAT:  39.88925
 CYCLE:   330 TIME:   0.205 TIME LEFT:  2.00D  GRAD.:     2.419 HEAT:  39.88875
 CYCLE:   331 TIME:   0.174 TIME LEFT:  2.00D  GRAD.:     2.143 HEAT:  39.88847
 CYCLE:   332 TIME:   0.266 TIME LEFT:  2.00D  GRAD.:     1.396 HEAT:  39.88822
 CYCLE:   333 TIME:   0.186 TIME LEFT:  2.00D  GRAD.:     1.969 HEAT:  39.88799
 CYCLE:   334 TIME:   0.188 TIME LEFT:  2.00D  GRAD.:     1.711 HEAT:  39.88759
 CYCLE:   335 TIME:   0.166 TIME LEFT:  2.00D  GRAD.:     4.342 HEAT:  39.88710
 CYCLE:   336 TIME:   0.123 TIME LEFT:  2.00D  GRAD.:     1.321 HEAT:  39.88663
 CYCLE:   337 TIME:   0.201 TIME LEFT:  2.00D  GRAD.:     1.162 HEAT:  39.88650
 CYCLE:   338 TIME:   0.281 TIME LEFT:  2.00D  GRAD.:     1.951 HEAT:  39.88617
 CYCLE:   339 TIME:   0.166 TIME LEFT:  2.00D  GRAD.:     5.171 HEAT:  39.88592
 CYCLE:   340 TIME:   0.250 TIME LEFT:  2.00D  GRAD.:     1.429 HEAT:  39.88559
 CYCLE:   341 TIME:   0.277 TIME LEFT:  2.00D  GRAD.:     1.990 HEAT:  39.88545
 CYCLE:   342 TIME:   0.182 TIME LEFT:  2.00D  GRAD.:     1.518 HEAT:  39.88521
 CYCLE:   343 TIME:   0.172 TIME LEFT:  2.00D  GRAD.:     1.272 HEAT:  39.88466
 CYCLE:   344 TIME:   0.342 TIME LEFT:  2.00D  GRAD.:     3.836 HEAT:  39.88445
 CYCLE:   345 TIME:   0.154 TIME LEFT:  2.00D  GRAD.:     1.666 HEAT:  39.88412
 CYCLE:   346 TIME:   0.240 TIME LEFT:  2.00D  GRAD.:     1.409 HEAT:  39.88378
 CYCLE:   347 TIME:   0.170 TIME LEFT:  2.00D  GRAD.:     2.648 HEAT:  39.88329
 CYCLE:   348 TIME:   0.211 TIME LEFT:  2.00D  GRAD.:     1.868 HEAT:  39.88295
 CYCLE:   349 TIME:   0.289 TIME LEFT:  2.00D  GRAD.:     1.333 HEAT:  39.88245
 CYCLE:   350 TIME:   0.188 TIME LEFT:  2.00D  GRAD.:     3.178 HEAT:  39.88210
 CYCLE:   351 TIME:   0.162 TIME LEFT:  2.00D  GRAD.:     2.613 HEAT:  39.88180
 CYCLE:   352 TIME:   0.164 TIME LEFT:  2.00D  GRAD.:     2.480 HEAT:  39.88140
 CYCLE:   353 TIME:   0.166 TIME LEFT:  2.00D  GRAD.:    20.624 HEAT:  39.88439
 CYCLE:   354 TIME:   0.162 TIME LEFT:  2.00D  GRAD.:     2.019 HEAT:  39.88114
 CYCLE:   355 TIME:   0.201 TIME LEFT:  2.00D  GRAD.:     1.492 HEAT:  39.88119
 CYCLE:   356 TIME:   0.217 TIME LEFT:  2.00D  GRAD.:     1.562 HEAT:  39.88086
 CYCLE:   357 TIME:   0.193 TIME LEFT:  2.00D  GRAD.:     1.752 HEAT:  39.88033
 CYCLE:   358 TIME:   0.215 TIME LEFT:  2.00D  GRAD.:     1.043 HEAT:  39.87998
 CYCLE:   359 TIME:   0.168 TIME LEFT:  2.00D  GRAD.:     1.173 HEAT:  39.87965
 CYCLE:   360 TIME:   0.207 TIME LEFT:  2.00D  GRAD.:     2.545 HEAT:  39.87936
 CYCLE:   361 TIME:   0.199 TIME LEFT:  2.00D  GRAD.:     1.366 HEAT:  39.87905
 CYCLE:   362 TIME:   0.254 TIME LEFT:  2.00D  GRAD.:     1.176 HEAT:  39.87883
 CYCLE:   363 TIME:   0.170 TIME LEFT:  2.00D  GRAD.:     1.056 HEAT:  39.87859
 CYCLE:   364 TIME:   0.178 TIME LEFT:  2.00D  GRAD.:     5.262 HEAT:  39.87861
 CYCLE:   365 TIME:   0.230 TIME LEFT:  2.00D  GRAD.:     1.226 HEAT:  39.87819
 CYCLE:   366 TIME:   0.137 TIME LEFT:  2.00D  GRAD.:     1.704 HEAT:  39.87815
 CYCLE:   367 TIME:   0.242 TIME LEFT:  2.00D  GRAD.:     1.536 HEAT:  39.87799
 CYCLE:   368 TIME:   0.221 TIME LEFT:  2.00D  GRAD.:     7.060 HEAT:  39.87795
 CYCLE:   369 TIME:   0.172 TIME LEFT:  2.00D  GRAD.:     1.536 HEAT:  39.87756
 CYCLE:   370 TIME:   0.178 TIME LEFT:  2.00D  GRAD.:     1.475 HEAT:  39.87750
 CYCLE:   371 TIME:   0.260 TIME LEFT:  2.00D  GRAD.:     1.309 HEAT:  39.87715
 CYCLE:   372 TIME:   0.195 TIME LEFT:  2.00D  GRAD.:     1.192 HEAT:  39.87678
 CYCLE:   373 TIME:   0.211 TIME LEFT:  2.00D  GRAD.:     4.760 HEAT:  39.87670
 CYCLE:   374 TIME:   0.254 TIME LEFT:  2.00D  GRAD.:     1.647 HEAT:  39.87608
 CYCLE:   375 TIME:   0.174 TIME LEFT:  2.00D  GRAD.:     1.268 HEAT:  39.87582
 CYCLE:   376 TIME:   0.244 TIME LEFT:  2.00D  GRAD.:     1.314 HEAT:  39.87558
 CYCLE:   377 TIME:   0.221 TIME LEFT:  2.00D  GRAD.:     3.768 HEAT:  39.87535
 CYCLE:   378 TIME:   0.227 TIME LEFT:  2.00D  GRAD.:     0.931 HEAT:  39.87501
 CYCLE:   379 TIME:   0.309 TIME LEFT:  2.00D  GRAD.:     1.022 HEAT:  39.87484
 CYCLE:   380 TIME:   0.178 TIME LEFT:  2.00D  GRAD.:     3.867 HEAT:  39.87474
 CYCLE:   381 TIME:   0.184 TIME LEFT:  2.00D  GRAD.:     1.292 HEAT:  39.87445
 CYCLE:   382 TIME:   0.176 TIME LEFT:  2.00D  GRAD.:     1.009 HEAT:  39.87444
 CYCLE:   383 TIME:   0.164 TIME LEFT:  2.00D  GRAD.:     0.899 HEAT:  39.87427
 CYCLE:   384 TIME:   0.168 TIME LEFT:  2.00D  GRAD.:     4.600 HEAT:  39.87423
 CYCLE:   385 TIME:   0.203 TIME LEFT:  2.00D  GRAD.:     1.227 HEAT:  39.87399
 CYCLE:   386 TIME:   0.193 TIME LEFT:  2.00D  GRAD.:     0.918 HEAT:  39.87390
 CYCLE:   387 TIME:   0.162 TIME LEFT:  2.00D  GRAD.:     1.081 HEAT:  39.87379
 CYCLE:   388 TIME:   0.166 TIME LEFT:  2.00D  GRAD.:     1.163 HEAT:  39.87361
 CYCLE:   389 TIME:   0.168 TIME LEFT:  2.00D  GRAD.:     1.879 HEAT:  39.87343
 CYCLE:   390 TIME:   0.219 TIME LEFT:  2.00D  GRAD.:     1.443 HEAT:  39.87323
 CYCLE:   391 TIME:   0.186 TIME LEFT:  2.00D  GRAD.:     0.748 HEAT:  39.87311
 CYCLE:   392 TIME:   0.223 TIME LEFT:  2.00D  GRAD.:     0.753 HEAT:  39.87302
 CYCLE:   393 TIME:   0.295 TIME LEFT:  2.00D  GRAD.:     2.826 HEAT:  39.87298
 CYCLE:   394 TIME:   0.168 TIME LEFT:  2.00D  GRAD.:     1.049 HEAT:  39.87283
 CYCLE:   395 TIME:   0.229 TIME LEFT:  2.00D  GRAD.:     0.685 HEAT:  39.87275
 CYCLE:   396 TIME:   0.193 TIME LEFT:  2.00D  GRAD.:     0.993 HEAT:  39.87269
 CYCLE:   397 TIME:   0.328 TIME LEFT:  2.00D  GRAD.:     1.486 HEAT:  39.87263
 CYCLE:   398 TIME:   0.158 TIME LEFT:  2.00D  GRAD.:     1.008 HEAT:  39.87258
 CYCLE:   399 TIME:   0.160 TIME LEFT:  2.00D  GRAD.:     0.700 HEAT:  39.87252
 CYCLE:   400 TIME:   0.172 TIME LEFT:  2.00D  GRAD.:     0.833 HEAT:  39.87247
 CYCLE:   401 TIME:   0.166 TIME LEFT:  2.00D  GRAD.:     1.046 HEAT:  39.87238
 CYCLE:   402 TIME:   0.143 TIME LEFT:  2.00D  GRAD.:     0.788 HEAT:  39.87230
 CYCLE:   403 TIME:   0.223 TIME LEFT:  2.00D  GRAD.:     0.949 HEAT:  39.87220
 CYCLE:   404 TIME:   0.201 TIME LEFT:  2.00D  GRAD.:     0.724 HEAT:  39.87209
 CYCLE:   405 TIME:   0.211 TIME LEFT:  2.00D  GRAD.:     0.720 HEAT:  39.87200
 CYCLE:   406 TIME:   0.180 TIME LEFT:  2.00D  GRAD.:     0.902 HEAT:  39.87191
 CYCLE:   407 TIME:   0.164 TIME LEFT:  2.00D  GRAD.:     1.412 HEAT:  39.87181
 CYCLE:   408 TIME:   0.158 TIME LEFT:  2.00D  GRAD.:     0.715 HEAT:  39.87170
 CYCLE:   409 TIME:   0.273 TIME LEFT:  2.00D  GRAD.:     0.661 HEAT:  39.87163
 CYCLE:   410 TIME:   0.178 TIME LEFT:  2.00D  GRAD.:     2.482 HEAT:  39.87157
 CYCLE:   411 TIME:   0.260 TIME LEFT:  2.00D  GRAD.:     0.779 HEAT:  39.87151
 CYCLE:   412 TIME:   0.160 TIME LEFT:  2.00D  GRAD.:     0.755 HEAT:  39.87147
 CYCLE:   413 TIME:   0.154 TIME LEFT:  2.00D  GRAD.:     0.938 HEAT:  39.87144
 CYCLE:   414 TIME:   0.164 TIME LEFT:  2.00D  GRAD.:     1.020 HEAT:  39.87133
 CYCLE:   415 TIME:   0.178 TIME LEFT:  2.00D  GRAD.:     2.176 HEAT:  39.87125
 CYCLE:   416 TIME:   0.209 TIME LEFT:  2.00D  GRAD.:     1.043 HEAT:  39.87109
 CYCLE:   417 TIME:   0.158 TIME LEFT:  2.00D  GRAD.:     0.639 HEAT:  39.87104
 CYCLE:   418 TIME:   0.160 TIME LEFT:  2.00D  GRAD.:     0.789 HEAT:  39.87097
 CYCLE:   419 TIME:   0.189 TIME LEFT:  2.00D  GRAD.:     0.899 HEAT:  39.87091
 CYCLE:   420 TIME:   0.293 TIME LEFT:  2.00D  GRAD.:     0.929 HEAT:  39.87079
 CYCLE:   421 TIME:   0.182 TIME LEFT:  2.00D  GRAD.:     2.023 HEAT:  39.87076
 CYCLE:   422 TIME:   0.162 TIME LEFT:  2.00D  GRAD.:     1.191 HEAT:  39.87066
 CYCLE:   423 TIME:   0.160 TIME LEFT:  2.00D  GRAD.:     0.494 HEAT:  39.87061
 CYCLE:   424 TIME:   0.229 TIME LEFT:  2.00D  GRAD.:     0.716 HEAT:  39.87058
 CYCLE:   425 TIME:   0.182 TIME LEFT:  2.00D  GRAD.:     1.015 HEAT:  39.87055
 CYCLE:   426 TIME:   0.170 TIME LEFT:  2.00D  GRAD.:     4.141 HEAT:  39.87058
 CYCLE:   427 TIME:   0.152 TIME LEFT:  2.00D  GRAD.:     1.136 HEAT:  39.87049
 CYCLE:   428 TIME:   0.162 TIME LEFT:  2.00D  GRAD.:     0.504 HEAT:  39.87045
 CYCLE:   429 TIME:   0.158 TIME LEFT:  2.00D  GRAD.:     0.518 HEAT:  39.87042
 CYCLE:   430 TIME:   0.162 TIME LEFT:  2.00D  GRAD.:     0.661 HEAT:  39.87039
 CYCLE:   431 TIME:   0.176 TIME LEFT:  2.00D  GRAD.:     1.076 HEAT:  39.87033
 CYCLE:   432 TIME:   0.174 TIME LEFT:  2.00D  GRAD.:     0.748 HEAT:  39.87025
 CYCLE:   433 TIME:   0.160 TIME LEFT:  2.00D  GRAD.:     0.508 HEAT:  39.87017
 CYCLE:   434 TIME:   0.160 TIME LEFT:  2.00D  GRAD.:     0.417 HEAT:  39.87011
 CYCLE:   435 TIME:   0.186 TIME LEFT:  2.00D  GRAD.:     0.571 HEAT:  39.87005
 CYCLE:   436 TIME:   0.160 TIME LEFT:  2.00D  GRAD.:     1.170 HEAT:  39.87006
 CYCLE:   437 TIME:   0.166 TIME LEFT:  2.00D  GRAD.:     0.450 HEAT:  39.87000
 CYCLE:   438 TIME:   0.158 TIME LEFT:  2.00D  GRAD.:     0.348 HEAT:  39.86998
 CYCLE:   439 TIME:   0.193 TIME LEFT:  2.00D  GRAD.:     0.330 HEAT:  39.86996
 CYCLE:   440 TIME:   0.174 TIME LEFT:  2.00D  GRAD.:     2.070 HEAT:  39.86994
 CYCLE:   441 TIME:   0.156 TIME LEFT:  2.00D  GRAD.:     0.471 HEAT:  39.86990
 CYCLE:   442 TIME:   0.262 TIME LEFT:  2.00D  GRAD.:     0.311 HEAT:  39.86990
 CYCLE:   443 TIME:   0.162 TIME LEFT:  2.00D  GRAD.:     0.356 HEAT:  39.86989
 CYCLE:   444 TIME:   0.164 TIME LEFT:  2.00D  GRAD.:     0.432 HEAT:  39.86987
 CYCLE:   445 TIME:   0.160 TIME LEFT:  2.00D  GRAD.:     0.783 HEAT:  39.86985
 CYCLE:   446 TIME:   0.158 TIME LEFT:  2.00D  GRAD.:     0.398 HEAT:  39.86981
 CYCLE:   447 TIME:   0.160 TIME LEFT:  2.00D  GRAD.:     0.362 HEAT:  39.86977
 CYCLE:   448 TIME:   0.162 TIME LEFT:  2.00D  GRAD.:     0.386 HEAT:  39.86974
 CYCLE:   449 TIME:   0.256 TIME LEFT:  2.00D  GRAD.:     0.577 HEAT:  39.86970
 CYCLE:   450 TIME:   0.307 TIME LEFT:  2.00D  GRAD.:     0.518 HEAT:  39.86967
 CYCLE:   451 TIME:   0.172 TIME LEFT:  2.00D  GRAD.:     0.472 HEAT:  39.86963
 CYCLE:   452 TIME:   0.248 TIME LEFT:  2.00D  GRAD.:     0.429 HEAT:  39.86960
 CYCLE:   453 TIME:   0.289 TIME LEFT:  2.00D  GRAD.:     1.406 HEAT:  39.86959
 CYCLE:   454 TIME:   0.176 TIME LEFT:  2.00D  GRAD.:     0.776 HEAT:  39.86956
 CYCLE:   455 TIME:   0.168 TIME LEFT:  2.00D  GRAD.:     0.308 HEAT:  39.86955
 CYCLE:   456 TIME:   0.238 TIME LEFT:  2.00D  GRAD.:     1.800 HEAT:  39.86959
 CYCLE:   457 TIME:   0.166 TIME LEFT:  2.00D  GRAD.:     0.309 HEAT:  39.86954
 CYCLE:   458 TIME:   0.195 TIME LEFT:  2.00D  GRAD.:     0.256 HEAT:  39.86953
 CYCLE:   459 TIME:   0.219 TIME LEFT:  2.00D  GRAD.:     0.295 HEAT:  39.86952
 CYCLE:   460 TIME:   0.180 TIME LEFT:  2.00D  GRAD.:     1.279 HEAT:  39.86950
 CYCLE:   461 TIME:   0.205 TIME LEFT:  2.00D  GRAD.:     0.510 HEAT:  39.86947
 CYCLE:   462 TIME:   0.158 TIME LEFT:  2.00D  GRAD.:     0.262 HEAT:  39.86947
 CYCLE:   463 TIME:   0.158 TIME LEFT:  2.00D  GRAD.:     0.235 HEAT:  39.86946
 CYCLE:   464 TIME:   0.141 TIME LEFT:  2.00D  GRAD.:     0.223 HEAT:  39.86944
 CYCLE:   465 TIME:   0.252 TIME LEFT:  2.00D  GRAD.:     0.275 HEAT:  39.86942
 CYCLE:   466 TIME:   0.191 TIME LEFT:  2.00D  GRAD.:     1.022 HEAT:  39.86941
 CYCLE:   467 TIME:   0.285 TIME LEFT:  2.00D  GRAD.:     0.436 HEAT:  39.86939
 CYCLE:   468 TIME:   0.158 TIME LEFT:  2.00D  GRAD.:     0.258 HEAT:  39.86939
 CYCLE:   469 TIME:   0.158 TIME LEFT:  2.00D  GRAD.:     0.249 HEAT:  39.86938
 CYCLE:   470 TIME:   0.191 TIME LEFT:  2.00D  GRAD.:     0.271 HEAT:  39.86936
 CYCLE:   471 TIME:   0.238 TIME LEFT:  2.00D  GRAD.:     1.188 HEAT:  39.86936
 CYCLE:   472 TIME:   0.160 TIME LEFT:  2.00D  GRAD.:     0.263 HEAT:  39.86934
 CYCLE:   473 TIME:   0.156 TIME LEFT:  2.00D  GRAD.:     0.205 HEAT:  39.86933
 CYCLE:   474 TIME:   0.182 TIME LEFT:  2.00D  GRAD.:     0.229 HEAT:  39.86932
 CYCLE:   475 TIME:   0.164 TIME LEFT:  2.00D  GRAD.:     0.440 HEAT:  39.86931
 CYCLE:   476 TIME:   0.162 TIME LEFT:  2.00D  GRAD.:     0.942 HEAT:  39.86930
 CYCLE:   477 TIME:   0.209 TIME LEFT:  2.00D  GRAD.:     0.228 HEAT:  39.86929
 CYCLE:   478 TIME:   0.215 TIME LEFT:  2.00D  GRAD.:     0.500 HEAT:  39.86929
 CYCLE:   479 TIME:   0.293 TIME LEFT:  2.00D  GRAD.:     0.196 HEAT:  39.86928
 CYCLE:   480 TIME:   0.154 TIME LEFT:  2.00D  GRAD.:     0.210 HEAT:  39.86927
 CYCLE:   481 TIME:   0.162 TIME LEFT:  2.00D  GRAD.:     0.653 HEAT:  39.86927
 CYCLE:   482 TIME:   0.150 TIME LEFT:  2.00D  GRAD.:     0.722 HEAT:  39.86926
 CYCLE:   483 TIME:   0.152 TIME LEFT:  2.00D  GRAD.:     0.224 HEAT:  39.86925
 CYCLE:   484 TIME:   0.150 TIME LEFT:  2.00D  GRAD.:     0.267 HEAT:  39.86925
 CYCLE:   485 TIME:   0.160 TIME LEFT:  2.00D  GRAD.:     0.393 HEAT:  39.86924
 CYCLE:   486 TIME:   0.156 TIME LEFT:  2.00D  GRAD.:     1.054 HEAT:  39.86923
 CYCLE:   487 TIME:   0.158 TIME LEFT:  2.00D  GRAD.:     0.727 HEAT:  39.86922
 CYCLE:   488 TIME:   0.174 TIME LEFT:  2.00D  GRAD.:     0.293 HEAT:  39.86920
 CYCLE:   489 TIME:   0.172 TIME LEFT:  2.00D  GRAD.:     0.328 HEAT:  39.86920
 CYCLE:   490 TIME:   0.168 TIME LEFT:  2.00D  GRAD.:     0.459 HEAT:  39.86919
 CYCLE:   491 TIME:   0.184 TIME LEFT:  2.00D  GRAD.:     0.442 HEAT:  39.86917
 CYCLE:   492 TIME:   0.160 TIME LEFT:  2.00D  GRAD.:     0.827 HEAT:  39.86917
 CYCLE:   493 TIME:   0.238 TIME LEFT:  2.00D  GRAD.:     0.494 HEAT:  39.86916
 CYCLE:   494 TIME:   0.158 TIME LEFT:  2.00D  GRAD.:     0.200 HEAT:  39.86914
 CYCLE:   495 TIME:   0.152 TIME LEFT:  2.00D  GRAD.:     0.202 HEAT:  39.86914
 CYCLE:   496 TIME:   0.162 TIME LEFT:  2.00D  GRAD.:     1.978 HEAT:  39.86924
 CYCLE:   497 TIME:   0.209 TIME LEFT:  2.00D  GRAD.:     0.236 HEAT:  39.86913
 CYCLE:   498 TIME:   0.170 TIME LEFT:  2.00D  GRAD.:     0.167 HEAT:  39.86912
 CYCLE:   499 TIME:   0.207 TIME LEFT:  2.00D  GRAD.:     0.519 HEAT:  39.86912
 CYCLE:   500 TIME:   0.154 TIME LEFT:  2.00D  GRAD.:     0.310 HEAT:  39.86911
 CYCLE:   501 TIME:   0.162 TIME LEFT:  2.00D  GRAD.:     0.210 HEAT:  39.86910
 CYCLE:   502 TIME:   0.201 TIME LEFT:  2.00D  GRAD.:     0.192 HEAT:  39.86909
 CYCLE:   503 TIME:   0.189 TIME LEFT:  2.00D  GRAD.:     0.424 HEAT:  39.86909
 CYCLE:   504 TIME:   0.150 TIME LEFT:  2.00D  GRAD.:     0.480 HEAT:  39.86909
 CYCLE:   505 TIME:   0.158 TIME LEFT:  2.00D  GRAD.:     0.254 HEAT:  39.86908
 CYCLE:   506 TIME:   0.160 TIME LEFT:  2.00D  GRAD.:     0.794 HEAT:  39.86909
 CYCLE:   507 TIME:   0.160 TIME LEFT:  2.00D  GRAD.:     0.167 HEAT:  39.86908
 CYCLE:   508 TIME:   0.158 TIME LEFT:  2.00D  GRAD.:     0.203 HEAT:  39.86908
 CYCLE:   509 TIME:   0.184 TIME LEFT:  2.00D  GRAD.:     0.232 HEAT:  39.86907
 CYCLE:   510 TIME:   0.201 TIME LEFT:  2.00D  GRAD.:     0.185 HEAT:  39.86907
 CYCLE:   511 TIME:   0.162 TIME LEFT:  2.00D  GRAD.:     0.349 HEAT:  39.86907
 CYCLE:   512 TIME:   0.148 TIME LEFT:  2.00D  GRAD.:     0.184 HEAT:  39.86907
 CYCLE:   513 TIME:   0.158 TIME LEFT:  2.00D  GRAD.:     0.212 HEAT:  39.86907
 CYCLE:   514 TIME:   0.223 TIME LEFT:  2.00D  GRAD.:     0.365 HEAT:  39.86906
 CYCLE:   515 TIME:   0.148 TIME LEFT:  2.00D  GRAD.:     0.166 HEAT:  39.86906
 CYCLE:   516 TIME:   0.152 TIME LEFT:  2.00D  GRAD.:     0.177 HEAT:  39.86906
 CYCLE:   517 TIME:   0.248 TIME LEFT:  2.00D  GRAD.:     0.242 HEAT:  39.86906
 CYCLE:   518 TIME:   0.156 TIME LEFT:  2.00D  GRAD.:     0.174 HEAT:  39.86905
 CYCLE:   519 TIME:   0.150 TIME LEFT:  2.00D  GRAD.:     0.121 HEAT:  39.86905
 CYCLE:   520 TIME:   0.152 TIME LEFT:  2.00D  GRAD.:     0.157 HEAT:  39.86905
 CYCLE:   521 TIME:   0.219 TIME LEFT:  2.00D  GRAD.:     0.221 HEAT:  39.86904
 CYCLE:   522 TIME:   0.266 TIME LEFT:  2.00D  GRAD.:     0.177 HEAT:  39.86904
 CYCLE:   523 TIME:   0.168 TIME LEFT:  2.00D  GRAD.:     0.147 HEAT:  39.86904
 CYCLE:   524 TIME:   0.158 TIME LEFT:  2.00D  GRAD.:     0.165 HEAT:  39.86904
 CYCLE:   525 TIME:   0.166 TIME LEFT:  2.00D  GRAD.:     0.167 HEAT:  39.86903
 CYCLE:   526 TIME:   0.162 TIME LEFT:  2.00D  GRAD.:     0.301 HEAT:  39.86903
 CYCLE:   527 TIME:   0.266 TIME LEFT:  2.00D  GRAD.:     0.426 HEAT:  39.86903
 CYCLE:   528 TIME:   0.158 TIME LEFT:  2.00D  GRAD.:     0.126 HEAT:  39.86903
 CYCLE:   529 TIME:   0.152 TIME LEFT:  2.00D  GRAD.:     0.172 HEAT:  39.86902
 CYCLE:   530 TIME:   0.186 TIME LEFT:  2.00D  GRAD.:     0.155 HEAT:  39.86902
 CYCLE:   531 TIME:   0.150 TIME LEFT:  2.00D  GRAD.:     0.134 HEAT:  39.86902
 CYCLE:   532 TIME:   0.207 TIME LEFT:  2.00D  GRAD.:     0.132 HEAT:  39.86902
 CYCLE:   533 TIME:   0.152 TIME LEFT:  2.00D  GRAD.:     0.202 HEAT:  39.86901
 CYCLE:   534 TIME:   0.150 TIME LEFT:  2.00D  GRAD.:     0.130 HEAT:  39.86901
 CYCLE:   535 TIME:   0.152 TIME LEFT:  2.00D  GRAD.:     0.143 HEAT:  39.86901
 CYCLE:   536 TIME:   0.150 TIME LEFT:  2.00D  GRAD.:     0.247 HEAT:  39.86901
 CYCLE:   537 TIME:   0.150 TIME LEFT:  2.00D  GRAD.:     0.158 HEAT:  39.86901
 CYCLE:   538 TIME:   0.150 TIME LEFT:  2.00D  GRAD.:     0.234 HEAT:  39.86900
 CYCLE:   539 TIME:   0.150 TIME LEFT:  2.00D  GRAD.:     0.135 HEAT:  39.86900
 CYCLE:   540 TIME:   0.152 TIME LEFT:  2.00D  GRAD.:     0.235 HEAT:  39.86900
 CYCLE:   541 TIME:   0.152 TIME LEFT:  2.00D  GRAD.:     0.413 HEAT:  39.86900
 CYCLE:   542 TIME:   0.148 TIME LEFT:  2.00D  GRAD.:     0.121 HEAT:  39.86900
 CYCLE:   543 TIME:   0.148 TIME LEFT:  2.00D  GRAD.:     0.104 HEAT:  39.86900
 CYCLE:   544 TIME:   0.227 TIME LEFT:  2.00D  GRAD.:     0.084 HEAT:  39.86899

 -------------------------------------------------------------------------------
 RM1 PRECISE POLAR GNORM=0.1




     HERBERTS TEST WAS SATISFIED IN BFGS                      
     SCF FIELD WAS ACHIEVED                                   


                              RM1 CALCULATION
                                                       MOPAC2016 (Version: 21.013L)
                                                       Mon Oct 18 08:21:07 2021
                                                       No. of days remaining =  87




          FINAL HEAT OF FORMATION =         39.86899 KCAL/MOL =     166.81187 KJ/MOL


          TOTAL ENERGY            =      -6521.53243 EV
          ELECTRONIC ENERGY       =     -57969.97065 EV  POINT GROUP:     C1  
          CORE-CORE REPULSION     =      51448.43822 EV
          COSMO AREA              =        595.21 SQUARE ANGSTROMS
          COSMO VOLUME            =        680.07 CUBIC ANGSTROMS

          GRADIENT NORM           =          0.08432 = 0.01008 PER ATOM
          IONIZATION POTENTIAL    =          8.080066 EV
          HOMO LUMO ENERGIES (EV) =         -8.080 -1.284
          NO. OF FILLED LEVELS    =        104
          MOLECULAR WEIGHT        =        588.7378

          MOLECULAR DIMENSIONS (Angstroms)

            Atom       Atom       Distance
            H    69    H    61    23.98983
            H    45    O    26    13.23744
            H    60    H    64     5.38559


          SCF CALCULATIONS        =        545
 
          WALL-CLOCK TIME         =  1 MINUTE AND 58.992 SECONDS
          COMPUTATION TIME        = 19 MINUTES AND 52.475 SECONDS




  ATOM    CHEMICAL      BOND LENGTH      BOND ANGLE     TWIST ANGLE 
 NUMBER    SYMBOL       (ANGSTROMS)      (DEGREES)       (DEGREES) 
   (I)                     NA:I           NB:NA:I       NC:NB:NA:I       NA    NB    NC 
     1       C          0.00000000       0.0000000       0.0000000        0     0     0
     2       C          1.51988384  *    0.0000000       0.0000000        1     0     0
     3       C          1.52556068  *  110.5385873  *    0.0000000        2     1     0
     4       C          1.53568264  *  110.0487597  * -179.9532814  *     3     2     1
     5       N          1.45999688  *  111.7304400  *  179.7584465  *     4     3     2
     6       C          1.41061027  *  125.3964890  *   84.8373401  *     5     4     3
     7       C          1.39294758  *  129.6752284  *   15.1834832  *     6     5     4
     8       C          1.38466271  *  117.4609897  *  177.0755339  *     7     6     5
     9       C          1.40369281  *  121.5753045  *    0.0184339  *     8     7     6
    10       C          1.39201617  *  121.0407268  *    0.1041924  *     9     8     7
    11       C          1.38418974  *  118.1755434  *    0.1557846  *    10     9     8
    12       C          1.44093811  *  132.4638311  *  179.2773050  *    11    10     9
    13       C          1.42240204  *  106.9898318  * -179.8739823  *    12    11    10
    14       C          1.39388810  *  121.3068250  *  179.1248701  *    13    12    11
    15       C          1.38378043  *  117.4554251  *    0.6290185  *    14    13    12
    16       C          1.40454931  *  121.5351871  *   -0.1411336  *    15    14    13
    17       C          1.39282662  *  121.0938637  *   -0.2435520  *    16    15    14
    18       C          1.44339519  *  119.9021080  * -179.7776308  *    16    15    14
    19       C          1.37299839  *  125.3892726  *  -39.1424703  *    18    16    17
    20       C          1.42118531  *  111.6646919  *  179.1214866  *    19    18    16
    21       C          1.37991681  *  112.1923192  *    0.3608282  *    20    19    18
    22       S          1.70217732  *  111.5620890  *   -0.5360531  *    21    20    19
    23       C          1.42939427  *  122.5205666  * -179.9818048  *    21    20    19
    24       C          1.35062531  *  125.9766804  * -170.0205724  *    23    21    20
    25       C          1.46759808  *  119.2187333  * -179.7730028  *    24    23    21
    26       O          1.22347392  *  126.6916269  *   -0.0603484  *    25    24    23
    27       O          1.34870056  *  113.9740626  *  179.9266459  *    25    24    23
    28       C          1.41547638  *  123.7779583  *    0.6696681  *    24    23    21
    29       N          1.15696158  *  178.5428550  *  178.8959758  *    28    24    23
    30       C          1.44362836  *  120.0841293  * -179.3245239  *     9     8     7
    31       C          1.36341895  *  125.8642207  *  137.2104302  *    30     9     8
    32       C          1.43429499  *  112.1123931  *  179.2024855  *    31    30     9
    33       C          1.36331316  *  112.1090354  *   -0.1448016  *    32    31    30
    34       S          1.71660239  *  122.0190613  *  -43.7646334  *    30     9     8
    35       C          1.44303373  *  125.9468295  *  179.2722561  *    33    32    31
    36       C          1.39829068  *  119.1939861  *  -42.1212347  *    35    33    32
    37       C          1.38258945  *  120.3523701  *  179.4784979  *    36    35    33
    38       C          1.40281901  *  119.0539466  *   -0.0454845  *    37    36    35
    39       C          1.39183465  *  121.2451103  *    0.0153300  *    38    37    36
    40       C          1.39111891  *  120.9067427  *  137.2732039  *    35    33    32
    41       O          1.36402318  *  113.3121921  *  179.9277890  *    38    37    36
    42       C          1.40450593  *  117.3925467  *   -0.6672697  *    41    38    39
    43       H          1.10349678  *  115.0946338  *    9.7027369  *    23    21    20
    44       H          1.09961085  *  112.3012161  *   60.2018133  *     1     2     3
    45       H          1.09970751  *  111.7789166  * -179.9742917  *     1     2     3
    46       H          1.09961153  *  112.3026701  *  -60.1483061  *     1     2     3
    47       H          1.11079468  *  110.1321613  * -177.2816540  *     2     1    44
    48       H          1.11081714  *  110.1281362  *  -62.3281277  *     2     1    44
    49       H          1.11082742  *  110.6252860  *  179.9787899  *     3     2    47
    50       H          1.11046865  *  110.6093412  *  -64.5003256  *     3     2    47
    51       H          1.11441923  *  111.1177843  *  179.4191269  *     4     3    49
    52       H          1.11533737  *  111.0096033  *  -64.0052114  *     4     3    49
    53       H          1.09153075  *  121.8531050  *   -2.8204230  *     7     6     5
    54       H          1.09517822  *  119.0887412  * -179.5361350  *     8     7     6
    55       H          1.09309800  *  121.5031858  *  179.7406261  *    10     9     8
    56       H          1.09180472  *  121.6995106  * -179.2744755  *    14    13    12
    57       H          1.09543972  *  118.9701209  * -179.5938803  *    15    14    13
    58       H          1.09325575  *  121.6708339  *   -0.9108018  *    17    16    18
    59       H          1.08715975  *  125.0888948  *   -1.6805429  *    19    18    16
    60       H          1.08862802  *  122.9340382  *  179.9437650  *    20    19    18
    61       H          0.96811906  *  111.0212964  *   -0.0091768  *    27    25    26
    62       H          1.08713604  *  125.1915581  *   -1.4212835  *    31    30     9
    63       H          1.08713246  *  122.6873536  * -179.6242760  *    32    31    30
    64       H          1.09477150  *  119.9753594  *  179.6575047  *    36    35    40
    65       H          1.09400697  *  120.6892577  *  179.8888706  *    37    36    35
    66       H          1.09178545  *  122.5150440  *    0.2013404  *    39    38    41
    67       H          1.09489396  *  120.1315051  *    0.1143528  *    40    35    33
    68       H          1.10257051  *  113.2876690  *   62.9327108  *    42    41    38
    69       H          1.10111547  *  103.4739693  * -179.6369981  *    42    41    38
    70       H          1.10256425  *  113.3318246  *  -62.1717710  *    42    41    38

                             CARTESIAN COORDINATES

   1    C        0.000000000     0.000000000     0.000000000
   2    C        1.519883842     0.000000000     0.000000000
   3    C        2.055108695     1.428590124     0.000000000
   4    C        3.590734766     1.415461740    -0.001176304
   5    N        4.142854792     2.767024275    -0.006929017
   6    C        4.356971618     3.567038913     1.134978111
   7    C        4.382463790     3.207681820     2.480532119
   8    C        4.679138918     4.198953632     3.400670630
   9    C        4.944741220     5.517842361     3.000244062
  10    C        4.917204235     5.879282933     1.656253200
  11    C        4.617059990     4.902328396     0.722735927
  12    C        4.492690686     4.933623141    -0.712483760
  13    C        4.161510996     3.614770658    -1.129827395
  14    C        3.952428576     3.311521409    -2.474166810
  15    C        4.092420019     4.339889174    -3.389432031
  16    C        4.429161788     5.642215875    -2.985317070
  17    C        4.630602837     5.948978784    -1.641708494
  18    C        4.561395367     6.689526790    -3.969717294
  19    C        4.135062209     7.985361790    -3.814230097
  20    C        4.429894655     8.775524912    -4.958119850
  21    C        5.063079920     8.048019458    -5.945025434
  22    S        5.304911541     6.430760132    -5.472376119
  23    C        5.460462842     8.625917614    -7.190532765
  24    C        5.907890485     7.951009705    -8.271502957
  25    C        6.281975001     8.697961163    -9.478138125
  26    O        6.234829311     9.910929622    -9.631021200
  27    O        6.715210258     7.920610700   -10.491561365
  28    C        6.034455336     6.542135385    -8.322765775
  29    N        6.147304848     5.392801629    -8.392457947
  30    C        5.264859740     6.522822409     3.985942842
  31    C        6.243896102     7.465421145     3.876825147
  32    C        6.293362692     8.327555923     5.022023300
  33    C        5.347710118     8.003894107     5.949173234
  34    S        4.394390884     6.662866553     5.458829590
  35    C        5.142348967     8.664072639     7.215797665
  36    C        6.252996778     9.024128978     7.985237526
  37    C        6.084281812     9.667252995     9.197458772
  38    C        4.784812848     9.953110528     9.641943938
  39    C        3.669789181     9.601451175     8.886787263
  40    C        3.860185423     8.955216574     7.670224424
  41    O        4.754497366    10.586471154    10.849625410
  42    C        3.494754470    10.924787754    11.370419635
  43    H        5.378642127     9.725089639    -7.243743369
  44    H       -0.417275702     0.505574376    -0.882847412
  45    H       -0.408020246    -1.021212949     0.000458212
  46    H       -0.417301778     0.506393668     0.882366245
  47    H        1.902204680    -0.560617764     0.879433527
  48    H        1.902139141    -0.560849335    -0.879342731
  49    H        1.673314559     1.989484915    -0.879527046
  50    H        1.672736770     1.989257554     0.878967782
  51    H        3.988225739     0.864469105     0.882191268
  52    H        3.985247497     0.865886002    -0.887913962
  53    H        4.179587354     2.186370503     2.807951911
  54    H        4.713927805     3.944119851     4.465219741
  55    H        5.118717095     6.904911107     1.336342803
  56    H        3.686555419     2.304093532    -2.800415309
  57    H        3.927137012     4.130697605    -4.451933130
  58    H        4.900036901     6.957649576    -1.317368140
  59    H        3.621713788     8.373496803    -2.938021833
  60    H        4.171315736     9.830456118    -5.031386853
  61    H        6.949813906     8.455440453   -11.263683625
  62    H        6.926180991     7.565714648     3.036412561
  63    H        7.006061885     9.143501822     5.112295906
  64    H        7.262391222     8.790629493     7.631506726
  65    H        6.949258083     9.949834997     9.804759941
  66    H        2.649672610     9.815190334     9.211861444
  67    H        2.988113217     8.682291070     7.067070615
  68    H        2.859393566    10.048075423    11.578635229
  69    H        3.735821238    11.418927735    12.324446765
  70    H        2.936696571    11.634277243    10.737297240


           Empirical Formula: C35 H28 N2 O3 S2  =    70 atoms



      MOLECULAR POINT GROUP   :   C1  


                  EIGENVALUES  
 -39.96909 -39.05590 -38.30690 -36.92608 -36.78585 -36.61151 -36.16493 -35.71873
 -35.23659 -34.85822 -34.18921 -33.14194 -31.88401 -30.95294 -30.39068 -30.09626
 -29.57315 -28.78390 -28.26016 -27.57280 -27.29480 -25.87117 -25.45018 -24.52509
 -23.74105 -23.55565 -23.14046 -22.52211 -22.36030 -21.91845 -21.75281 -21.66273
 -21.19055 -20.93992 -19.99918 -19.34004 -18.99785 -18.67145 -18.26998 -18.18260
 -17.94899 -17.64111 -17.44374 -16.90646 -16.67027 -16.43312 -16.29360 -16.21718
 -16.16177 -16.12852 -16.04352 -15.79849 -15.53136 -15.20443 -15.12642 -14.94388
 -14.85488 -14.77647 -14.67951 -14.56323 -14.55059 -14.43002 -14.38579 -14.25233
 -14.24033 -14.15169 -13.87834 -13.77043 -13.69636 -13.64469 -13.58151 -13.47179
 -13.30803 -13.21609 -13.14328 -13.02059 -12.91061 -12.88106 -12.76522 -12.65476
 -12.50835 -12.34548 -12.31067 -12.25508 -12.19572 -12.04602 -11.87617 -11.85498
 -11.65484 -11.60305 -11.52522 -11.47694 -11.27673 -11.17475 -10.60555 -10.10396
  -9.72408  -9.63841  -9.58391  -9.27043  -9.20446  -8.73572  -8.48694  -8.08007
  -1.28410  -0.30999  -0.17165   0.00269   0.36983   0.52939   0.62166   0.85608
   1.03961   1.07087   1.30394   1.37516   1.39115   1.52204   1.60481   1.68971
   1.84502   1.92777   2.30045   2.53233   2.75943   2.78956   3.01316   3.08597
   3.10383   3.30327   3.60097   3.72509   3.79195   3.82340   3.84645   3.86377
   3.92805   3.94773   3.97252   4.07144   4.09269   4.11390   4.11796   4.14762
   4.16448   4.18356   4.22195   4.30188   4.34063   4.34946   4.41365   4.51047
   4.51809   4.54115   4.58174   4.59000   4.59910   4.64900   4.68819   4.73433
   4.75458   4.79845   4.81571   4.82542   4.85459   4.86469   4.88948   4.94566
   4.98410   5.04648   5.10528   5.12420   5.15584   5.17736   5.19292   5.29052
   5.34676   5.35090   5.40962   5.42621   5.48421   5.55674   5.64582   5.68588
   5.71397   5.78469   5.88363   5.92148   5.98797   6.01498   6.05851   6.26443
   6.29125   6.38368   6.62052   6.65879


              NET ATOMIC CHARGES AND DIPOLE CONTRIBUTIONS

  ATOM NO.   TYPE          CHARGE      No. of ELECS.   s-Pop       p-Pop       
   26          O          -0.382970        6.3830     1.91042     4.47255
   25          C           0.408110        3.5919     1.17935     2.41254
   27          O          -0.312803        6.3128     1.84004     4.47277
   61          H           0.243930        0.7561     0.75607
   28          C           0.051988        3.9480     1.19500     2.75301
   29          N          -0.151066        5.1511     1.84836     3.30270
    1          C          -0.178577        4.1786     1.15553     3.02305
    2          C          -0.107731        4.1077     1.16552     2.94221
    3          C          -0.167798        4.1678     1.17979     2.98800
    4          C           0.062771        3.9372     1.15802     2.77921
    5          N          -0.284805        5.2848     1.51306     3.77175
    6          C           0.115611        3.8844     1.15283     2.73156
    7          C          -0.163125        4.1631     1.17011     2.99301
    8          C          -0.055652        4.0557     1.17695     2.87870
    9          C          -0.031644        4.0316     1.14898     2.88266
   10          C          -0.033131        4.0331     1.17023     2.86290
   11          C          -0.090863        4.0909     1.15851     2.93235
   12          C          -0.098157        4.0982     1.15908     2.93908
   13          C           0.126718        3.8733     1.15319     2.72009
   14          C          -0.168345        4.1683     1.17063     2.99772
   15          C          -0.046211        4.0462     1.17646     2.86975
   16          C          -0.064697        4.0647     1.14878     2.91592
   17          C          -0.015954        4.0160     1.16958     2.84637
   18          C          -0.257861        4.2579     1.22045     3.03741
   19          C          -0.155242        4.1552     1.18215     2.97310
   20          C          -0.012976        4.0130     1.18474     2.82823
   21          C          -0.456641        4.4566     1.21842     3.23822
   22          S           0.573788        5.4262     1.88233     3.54389
   23          C           0.163568        3.8364     1.17061     2.66582
   24          C          -0.176932        4.1769     1.14074     3.03619
   30          C          -0.279837        4.2798     1.21237     3.06747
   31          C          -0.106537        4.1065     1.18143     2.92510
   32          C          -0.108833        4.1088     1.18137     2.92746
   33          C          -0.274052        4.2741     1.21203     3.06203
   34          S           0.421209        5.5788     1.88580     3.69299
   35          C          -0.040547        4.0405     1.14870     2.89185
   36          C          -0.046597        4.0466     1.17753     2.86907
   37          C          -0.163772        4.1638     1.17713     2.98665
   38          C           0.137758        3.8622     1.17147     2.69077
   39          C          -0.215764        4.2158     1.17621     3.03956
   40          C          -0.042536        4.0425     1.17551     2.86703
   41          O          -0.228891        6.2289     1.85985     4.36904
   42          C          -0.016705        4.0167     1.16157     2.85514
   43          H           0.129608        0.8704     0.87039
   44          H           0.061609        0.9384     0.93839
   45          H           0.060289        0.9397     0.93971
   46          H           0.061421        0.9386     0.93858
   47          H           0.061026        0.9390     0.93897
   48          H           0.061338        0.9387     0.93866
   49          H           0.081184        0.9188     0.91882
   50          H           0.081695        0.9183     0.91830
   51          H           0.080005        0.9200     0.91999
   52          H           0.078607        0.9214     0.92139
   53          H           0.119521        0.8805     0.88048
   54          H           0.111451        0.8885     0.88855
   55          H           0.115812        0.8842     0.88419
   56          H           0.123031        0.8770     0.87697
   57          H           0.111288        0.8887     0.88871
   58          H           0.115460        0.8845     0.88454
   59          H           0.136735        0.8633     0.86326
   60          H           0.124013        0.8760     0.87599
   62          H           0.125959        0.8740     0.87404
   63          H           0.126414        0.8736     0.87359
   64          H           0.111898        0.8881     0.88810
   65          H           0.130188        0.8698     0.86981
   66          H           0.121503        0.8785     0.87850
   67          H           0.109391        0.8906     0.89061
   68          H           0.055043        0.9450     0.94496
   69          H           0.082001        0.9180     0.91800
   70          H           0.055311        0.9447     0.94469
 DIPOLE           X         Y         Z       TOTAL
 POINT-CHG.    -3.479    -3.677     4.489     6.766
 HYBRID         0.069     2.829    -0.438     2.864
 SUM           -3.410    -0.848     4.051     5.362


          ATOMIC ORBITAL ELECTRON POPULATIONS

     Atom    s        px        py        pz   
    1  C   1.15553   0.95694   1.03271   1.03340
    2  C   1.16552   0.96126   0.95409   1.02686
    3  C   1.17979   0.94723   0.98618   1.05459
    4  C   1.15802   0.93491   0.80525   1.03905
    5  N   1.51306   1.60316   1.10722   1.06137
    6  C   1.15283   0.98022   0.88559   0.86574
    7  C   1.17011   1.07631   1.00028   0.91642
    8  C   1.17695   0.96877   0.92320   0.98673
    9  C   1.14898   1.04156   0.92173   0.91938
   10  C   1.17023   0.96617   0.97834   0.91838
   11  C   1.15851   1.07428   0.93360   0.92447
   12  C   1.15908   1.07665   0.93368   0.92875
   13  C   1.15319   0.96708   0.88110   0.87192
   14  C   1.17063   1.07949   1.00103   0.91720
   15  C   1.17646   0.96514   0.91835   0.98625
   16  C   1.14878   1.07285   0.92126   0.92180
   17  C   1.16958   0.95611   0.97550   0.91477
   18  C   1.22045   1.03757   0.98493   1.01490
   19  C   1.18215   1.04441   0.92940   0.99929
   20  C   1.18474   0.93175   0.98460   0.91188
   21  C   1.21842   1.17564   1.04064   1.02195
   22  S   1.88233   1.52793   0.98538   1.03058
   23  C   1.17061   0.80428   0.99106   0.87049
   24  C   1.14074   1.17810   0.89002   0.96807
   25  C   1.17935   0.73341   0.84797   0.83117
   26  O   1.91042   1.50908   1.14666   1.81682
   27  O   1.84004   1.78244   1.42930   1.26103
   28  C   1.19500   0.91871   0.91232   0.92198
   29  N   1.84836   1.10394   1.11447   1.08429
   30  C   1.21237   1.03310   1.02555   1.00882
   31  C   1.18143   0.98378   0.95305   0.98828
   32  C   1.18137   0.98911   1.00189   0.93646
   33  C   1.21203   1.03601   1.02888   0.99714
   34  S   1.88580   1.33438   1.26489   1.09372
   35  C   1.14870   0.93842   1.02029   0.93314
   36  C   1.17753   0.97806   0.95420   0.93681
   37  C   1.17713   0.96155   1.04084   0.98425
   38  C   1.17147   0.93657   0.91118   0.84302
   39  C   1.17621   0.98036   1.07387   0.98533
   40  C   1.17551   0.96078   0.95788   0.94837
   41  O   1.85985   1.29947   1.73399   1.33557
   42  C   1.16157   0.86455   1.00027   0.99032
   43  H   0.87039
   44  H   0.93839
   45  H   0.93971
   46  H   0.93858
   47  H   0.93897
   48  H   0.93866
   49  H   0.91882
   50  H   0.91830
   51  H   0.91999
   52  H   0.92139
   53  H   0.88048
   54  H   0.88855
   55  H   0.88419
   56  H   0.87697
   57  H   0.88871
   58  H   0.88454
   59  H   0.86326
   60  H   0.87599
   61  H   0.75607
   62  H   0.87404
   63  H   0.87359
   64  H   0.88810
   65  H   0.86981
   66  H   0.87850
   67  H   0.89061
   68  H   0.94496
   69  H   0.91800
   70  H   0.94469
 ******************** TDHF POLARIZABILITIES ********************



          MOLECULAR WEIGHT =  588.74



          ROTATIONAL CONSTANTS IN CM(-1)

          A =    0.00309304   B =    0.00074058   C =    0.00061762



           PRINCIPAL MOMENTS OF INERTIA IN UNITS OF 10**(-40)*GRAM-CM**2

          A =     9050.2538   B =    37798.2132   C =    45323.6523


 ROTATION MATRIX FOR ORIENTATION OF MOLECULE:

         0.044635    0.350785    0.935392
        -0.109999    0.932357   -0.344399
        -0.992929   -0.087520    0.080201


          CARTESIAN COORDINATES 

    NO.       ATOM         X         Y         Z

     1         C        0.7164   -7.5869   -2.1906
     2         C        0.7842   -7.0538   -0.7689
     3         C        0.6510   -5.5341   -0.7603
     4         C        0.7221   -5.0075    0.6806
     5         N        0.6038   -3.5532    0.7311
     6         C       -0.6085   -2.8322    0.7474
     7         C       -1.9038   -3.2760    1.0030
     8         C       -2.9133   -2.3283    1.0129
     9         C       -2.6489   -0.9704    0.7750
    10         C       -1.3554   -0.5254    0.5169
    11         C       -0.3344   -1.4599    0.4978
    12         C        1.0817   -1.3487    0.2556
    13         C        1.6263   -2.6580    0.3665
    14         C        2.9852   -2.8964    0.1676
    15         C        3.7871   -1.8084   -0.1291
    16         C        3.2576   -0.5114   -0.2302
    17         C        1.8988   -0.2723   -0.0396
    18         C        4.1258    0.5976   -0.5461
    19         C        3.8098    1.6426   -1.3787
    20         C        4.8719    2.5829   -1.4668
    21         C        5.9601    2.2131   -0.7031
    22         S        5.6795    0.7487    0.1179
    23         C        7.1510    3.0003   -0.6304
    24         C        8.3185    2.6226   -0.0661
    25         C        9.4511    3.5558   -0.0702
    26         O        9.4674    4.6836   -0.5443
    27         O       10.5622    3.0717    0.5215
    28         C        8.5300    1.3579    0.5334
    29         N        8.7307    0.3320    1.0292
    30         C       -3.7239   -0.0074    0.8073
    31         C       -3.6755    1.2245    1.3897
    32         C       -4.9052    1.9454    1.2309
    33         C       -5.8324    1.2308    0.5322
    34         S       -5.2406   -0.3110    0.0630
    35         C       -7.1719    1.6634    0.2143
    36         C       -7.9259    2.3214    1.1909
    37         C       -9.2079    2.7557    0.9089
    38         C       -9.7386    2.5275   -0.3695
    39         C       -8.9999    1.8746   -1.3519
    40         C       -7.7124    1.4453   -1.0488
    41         O      -11.0088    3.0017   -0.5191
    42         C      -11.6194    2.8296   -1.7722
    43         H        7.0792    4.0010   -1.0897
    44         H        1.5188   -7.1847   -2.8258
    45         H        0.8100   -8.6822   -2.2205
    46         H       -0.2341   -7.3384   -2.6846
    47         H       -0.0103   -7.5193   -0.1477
    48         H        1.7361   -7.3656   -0.2887
    49         H        1.4455   -5.0681   -1.3811
    50         H       -0.3005   -5.2224   -1.2405
    51         H       -0.0766   -5.4591    1.3130
    52         H        1.6807   -5.3039    1.1678
    53         H       -2.1257   -4.3281    1.1912
    54         H       -3.9407   -2.6468    1.2186
    55         H       -1.1416    0.5295    0.3266
    56         H        3.4081   -3.9004    0.2397
    57         H        4.8578   -1.9684   -0.2968
    58         H        1.4778    0.7342   -0.1090
    59         H        2.8742    1.7477   -1.9223
    60         H        4.8170    3.4821   -2.0779
    61         H       11.2805    3.7202    0.4948
    62         H       -2.8216    1.6309    1.9260
    63         H       -5.0528    2.9483    1.6238
    64         H       -7.5040    2.4887    2.1872
    65         H       -9.8033    3.2694    1.6693
    66         H       -9.3917    1.6876   -2.3536
    67         H       -7.1224    0.9377   -1.8189
    68         H      -11.7580    1.7711   -2.0479
    69         H      -12.6102    3.2914   -1.6404
    70         H      -11.0937    3.3508   -2.5893


 ENERGY OF "REORIENTED" SYSTEM WITHOUT FIELD:       39.8689950376


  NFREQ=  3  IWFLB=  0  IBET=  1  IGAM=  1
  ATOL= 0.10000D-02  BTOL= 0.10000D-02    MAXITU=  500    MAXITA=  150


 *****************************************************************
 CALCULATION OF STATIC FIELD QUANTITIES
 *****************************************************************

 +++++ ALPHA AT       0.00000 EV.

                           COMPONENTS OF ALPHA

                     *X           *Y           *Z
           *=X:     711.4608      -7.4317      40.5761
           *=Y:      -7.4198     407.3490     -26.7910
           *=Z:      40.5956     -26.7969     202.6627

  ISOTROPIC AVERAGE ALPHA =     440.49082 A.U. =     65.27400 ANG.**3

 +++++ BETA (SECOND HARMONIC GENERATION) AT       0.00000 EV.

                              COMPONENTS OF BETA
            *XX         *XY         *YY         *XZ         *YZ         *ZZ
   *=X -4779.34802 -3991.93823 -1852.69719    48.95930   310.51400    15.65966
   *=Y -3992.17814 -1853.06029  -894.47567   310.52381   -34.08960   -19.95545
   *=Z    49.05327   310.55772   -34.08221    15.67316   -19.92540    67.04585


 AVERAGE BETAX(SHG) VALUE AT   0.00000 EV =      -3969.9712 a.u. = -0.342982E-28 ESU
 AVERAGE BETAY(SHG) VALUE AT   0.00000 EV =      -2943.8576 a.u. = -0.254332E-28 ESU
 AVERAGE BETAZ(SHG) VALUE AT   0.00000 EV =         49.1696 a.u. =  0.424797E-30 ESU



 AVERAGE BETA (SHG) VALUE AT   0.00000 EV =       4942.6092 a.u. =  0.427013E-28 ESU
   (1 a.u. = 8.639418X10-33 esu)



 +++++ ALPHA AT       0.00000 EV.

                           COMPONENTS OF ALPHA

                     *X           *Y           *Z
           *=X:     711.4608      -7.4317      40.5761
           *=Y:      -7.4198     407.3490     -26.7910
           *=Z:      40.5956     -26.7969     202.6627

  ISOTROPIC AVERAGE ALPHA =     440.49082 A.U. =     65.27400 ANG.**3


 GAMMA (THIRD HARMONIC GENERATION) AT    0.00000 EV.


 GAMMA(X,X,X,X) =       1920307.35383
 GAMMA(Y,Y,Y,Y) =        180406.94534
 GAMMA(Z,Z,Z,Z) =          5489.74161
 GAMMA(X,X,Y,Y) =        555048.79240
 GAMMA(X,X,Z,Z) =         14986.00207
 GAMMA(Y,Y,X,X) =        555048.87347
 GAMMA(Y,Y,Z,Z) =          8202.13870
 GAMMA(Z,Z,X,X) =         14986.03499
 GAMMA(Z,Z,Y,Y) =          8202.09486


 AVERAGE GAMMA VALUE AT    0.00000 =        652535.59545 a.u. =       328662.77171 ESU (X10-39)




 **********************************************************************
 CALCULATION FOR A FREQUENCY OF    0.25000 EV  =       0.00919 A.U. 
                  WAVELENGTH OF    4959.37 NM  =    2016.38525 CM(-1)
 **********************************************************************

 +++++ ALPHA AT       0.25000 EV.

                           COMPONENTS OF ALPHA

                     *X           *Y           *Z
           *=X:     714.6611      -7.2500      40.6727
           *=Y:      -7.2392     408.2943     -26.8564
           *=Z:      40.6943     -26.8636     202.9417

  ISOTROPIC AVERAGE ALPHA =     441.96569 A.U. =     65.49256 ANG.**3

 +++++ BETA (SECOND HARMONIC GENERATION) AT       0.25000 EV.

                              COMPONENTS OF BETA
            *XX         *XY         *YY         *XZ         *YZ         *ZZ
   *=X -5019.29041 -4176.34829 -1937.29107    53.21922   320.74580    16.80774
   *=Y -4146.64383 -1929.03271  -929.86034   319.86405   -34.43674   -20.25561
   *=Z    49.70586   321.37738   -33.38261    13.59335   -19.90037    67.24027


 AVERAGE BETAX(SHG) VALUE AT   0.25000 EV =      -4161.8467 a.u. = -0.359559E-28 ESU
 AVERAGE BETAY(SHG) VALUE AT   0.25000 EV =      -3069.7956 a.u. = -0.265212E-28 ESU
 AVERAGE BETAZ(SHG) VALUE AT   0.25000 EV =         51.1218 a.u. =  0.441663E-30 ESU



 AVERAGE BETA (SHG) VALUE AT   0.25000 EV =       5171.7720 a.u. =  0.446811E-28 ESU
   (1 a.u. = 8.639418X10-33 esu)



 +++++ ALPHA AT       0.75000 EV.

                           COMPONENTS OF ALPHA

                     *X           *Y           *Z
           *=X:     742.0572      -5.6101      41.4962
           *=Y:      -5.5990     416.2004     -27.4118
           *=Z:      41.5216     -27.4211     205.2333

  ISOTROPIC AVERAGE ALPHA =     454.49697 A.U. =     67.34950 ANG.**3


 GAMMA (THIRD HARMONIC GENERATION) AT    0.25000 EV.


 GAMMA(X,X,X,X) =       2132276.24874
 GAMMA(Y,Y,Y,Y) =        195746.61572
 GAMMA(Z,Z,Z,Z) =          5579.86567
 GAMMA(X,X,Y,Y) =        618272.60452
 GAMMA(X,X,Z,Z) =         15940.19258
 GAMMA(Y,Y,X,X) =        607405.65526
 GAMMA(Y,Y,Z,Z) =          8552.61521
 GAMMA(Z,Z,X,X) =         16305.88934
 GAMMA(Z,Z,Y,Y) =          8616.04927


 AVERAGE GAMMA VALUE AT    0.25000 =        721739.14726 a.u. =       363518.54250 ESU (X10-39)




 **********************************************************************
 CALCULATION FOR A FREQUENCY OF    0.50000 EV  =       0.01837 A.U. 
                  WAVELENGTH OF    2479.68 NM  =    4032.77050 CM(-1)
 **********************************************************************

 +++++ ALPHA AT       0.50000 EV.

                           COMPONENTS OF ALPHA

                     *X           *Y           *Z
           *=X:     724.5439      -6.6776      40.9748
           *=Y:      -6.6668     411.1817     -27.0596
           *=Z:      40.9963     -27.0671     203.7897

  ISOTROPIC AVERAGE ALPHA =     446.50509 A.U. =     66.16523 ANG.**3

 +++++ BETA (SECOND HARMONIC GENERATION) AT       0.50000 EV.

                              COMPONENTS OF BETA
            *XX         *XY         *YY         *XZ         *YZ         *ZZ
   *=X -5872.29351 -4829.20461 -2235.82568    69.46150   356.21981    20.99842
   *=Y -4678.63154 -2193.13766 -1052.23647   351.30656   -35.52798   -21.23644
   *=Z    52.46494   357.56704   -30.82516     6.48726   -19.76811    67.81231


 AVERAGE BETAX(SHG) VALUE AT   0.50000 EV =      -4841.0017 a.u. = -0.418234E-28 ESU
 AVERAGE BETAY(SHG) VALUE AT   0.50000 EV =      -3510.9046 a.u. = -0.303322E-28 ESU
 AVERAGE BETAZ(SHG) VALUE AT   0.50000 EV =         58.5888 a.u. =  0.506173E-30 ESU



 AVERAGE BETA (SHG) VALUE AT   0.50000 EV =       5980.3997 a.u. =  0.516672E-28 ESU
   (1 a.u. = 8.639418X10-33 esu)



 +++++ ALPHA AT       1.50000 EV.

                           COMPONENTS OF ALPHA

                     *X           *Y           *Z
           *=X:     869.1194       4.0800      44.9545
           *=Y:       4.1123     449.3239     -29.7481
           *=Z:      44.9891     -29.7601     213.8246

  ISOTROPIC AVERAGE ALPHA =     510.75597 A.U. =     75.68623 ANG.**3


 GAMMA (THIRD HARMONIC GENERATION) AT    0.50000 EV.


 GAMMA(X,X,X,X) =       3082950.64866
 GAMMA(Y,Y,Y,Y) =        260696.32906
 GAMMA(Z,Z,Z,Z) =          5836.05632
 GAMMA(X,X,Y,Y) =        906842.18468
 GAMMA(X,X,Z,Z) =         19701.48467
 GAMMA(Y,Y,X,X) =        829295.90606
 GAMMA(Y,Y,Z,Z) =          9832.54913
 GAMMA(Z,Z,X,X) =         21389.74787
 GAMMA(Z,Z,Y,Y) =         10154.14350


 AVERAGE GAMMA VALUE AT    0.50000 =       1029339.80999 a.u. =       518447.84766 ESU (X10-39)



 **********************
 *                    *
 * JOB ENDED NORMALLY *
 *                    *
 **********************



 TOTAL JOB TIME:           220.08 SECONDS

 == MOPAC DONE ==
