 *******************************************************************************
 ** Site#: 4824         For non-commercial use only    Version 21.013L 64BITS **
 *******************************************************************************
 ** Cite this program as: MOPAC2016, Version: 21.013L, James J. P. Stewart,   **
 ** Stewart Computational Chemistry, web: HTTP://OpenMOPAC.net. Days left:  87**
 *******************************************************************************
 **                                                                           **
 **                                MOPAC2016                                  **
 **                                                                           **
 *******************************************************************************

                              RM1 CALCULATION RESULTS

 *******************************************************************************
 *  CALCULATION DONE:                                Mon Oct 18 08:18:23 2021  *
 *  RM1        - The RM1 Hamiltonian to be used
 *  POLAR      - CALCULATE FIRST, SECOND AND THIRD-ORDER POLARIZABILITIES
 *  PRECISE    - TIGHTER CRITERIA TO BE USED
 *  T=         - A TIME OF 172800.0 SECONDS REQUESTED
 *  DUMP=N     - RESTART FILE WRITTEN EVERY 7200.0 SECONDS REQUESTED
 *  GNORM      - EXIT WHEN GRADIENT NORM DROPS BELOW 0.100
 *******************************************************************************
RM1 PRECISE POLAR GNORM=0.1


  ATOM    CHEMICAL      BOND LENGTH      BOND ANGLE     TWIST ANGLE 
 NUMBER    SYMBOL       (ANGSTROMS)      (DEGREES)       (DEGREES) 
   (I)                     NA:I           NB:NA:I       NC:NB:NA:I       NA    NB    NC 
     1       C          0.00000000       0.0000000       0.0000000        0     0     0
     2       C          1.54750000  *    0.0000000       0.0000000        1     0     0
     3       C          1.55210000  *  111.4204000  *    0.0000000        2     1     0
     4       C          1.54820000  *  111.2192000  * -179.8563000  *     3     2     1
     5       N          1.45970000  *  117.3678000  * -179.4962000  *     4     3     2
     6       C          1.42950000  *  131.5879000  *   -1.7476000  *     5     4     3
     7       C          1.34310000  *  133.6392000  *    1.5785000  *     6     5     4
     8       C          1.47660000  *  118.8862000  *  179.8921000  *     7     6     5
     9       C          1.35270000  *  121.6901000  *    0.0968000  *     8     7     6
    10       C          1.47940000  *  118.9908000  *   -0.1803000  *     9     8     7
    11       C          1.34000000  *  118.3511000  *    0.0968000  *    10     9     8
    12       C          1.45470000  *  130.6561000  * -179.9624000  *    11    10     9
    13       C          1.34410000  *  108.1405000  *  179.9852000  *    12    11    10
    14       C          1.46560000  *  119.7294000  * -179.9128000  *    13    12    11
    15       C          1.34720000  *  118.8622000  *    0.1897000  *    14    13    12
    16       C          1.48390000  *  121.1683000  *    0.0000000  *    15    14    13
    17       C          1.35020000  *  119.5463000  *   -0.1230000  *    16    15    14
    18       C          1.47570000  *  119.6418000  *  179.3074000  *    16    15    14
    19       C          1.34800000  *  121.1931000  *  -48.2502000  *    18    16    17
    20       C          1.46960000  *  120.5010000  * -179.6837000  *    19    18    16
    21       C          1.34610000  *  120.6731000  *    0.0529000  *    20    19    18
    22       C          1.47500000  *  118.9838000  *   -0.0781000  *    21    20    19
    23       C          1.34490000  *  120.3533000  *    0.0730000  *    22    21    20
    24       O          1.36040000  *  118.0612000  *  179.9995000  *    21    20    19
    25       C          1.39470000  *  126.1287000  *  179.7454000  *    24    21    20
    26       C          1.47160000  *  121.6889000  * -179.7297000  *     9     8     7
    27       C          1.35000000  *  127.9931000  *  -15.6209000  *    26     9     8
    28       C          1.48670000  *  116.0842000  * -179.7168000  *    27    26     9
    29       C          1.34850000  *  116.1615000  *    1.1159000  *    28    27    26
    30       S          1.82090000  *  106.6575000  *   -1.3742000  *    29    28    27
    31       C          1.46790000  *  124.7837000  * -177.9368000  *    29    28    27
    32       C          1.34940000  *  125.5423000  * -157.4221000  *    31    29    28
    33       C          1.47590000  *  120.5865000  *  179.7075000  *    32    31    29
    34       O          1.23230000  *  121.1968000  *    1.3559000  *    33    32    31
    35       O          1.35560000  *  119.8966000  * -178.9230000  *    33    32    31
    36       C          1.42910000  *  122.1985000  *    1.4090000  *    32    31    29
    37       N          1.15840000  *  179.3047000  *  179.6977000  *    36    32    31
    38       H          1.05390000  *  116.4003000  *   21.3438000  *    31    29    28
    39       H          1.09100000  *  110.0583000  *   60.1687000  *     1     2     3
    40       H          1.09110000  *  109.4777000  *  179.9180000  *     1     2     3
    41       H          1.09100000  *  110.0575000  *  -60.3285000  *     1     2     3
    42       H          1.09230000  *  108.8299000  * -179.0084000  *     2     1    39
    43       H          1.09230000  *  108.8294000  *  -60.6495000  *     2     1    39
    44       H          1.09180000  *  108.6538000  *  179.9474000  *     3     2    42
    45       H          1.09180000  *  108.6689000  *  -60.5623000  *     3     2    42
    46       H          1.09380000  *  107.9056000  * -177.7613000  *     4     3    44
    47       H          1.09380000  *  107.9786000  *  -61.1940000  *     4     3    44
    48       H          1.04590000  *  122.1946000  *    0.0356000  *     7     6     5
    49       H          1.05090000  *  117.9643000  * -179.3119000  *     8     7     6
    50       H          1.04970000  *  121.1619000  *  179.8526000  *    10     9     8
    51       H          1.05010000  *  120.8415000  * -179.5855000  *    14    13    12
    52       H          1.05170000  *  119.1165000  * -179.4681000  *    15    14    13
    53       H          1.05060000  *  121.1479000  *   -0.2703000  *    17    16    18
    54       H          1.05160000  *  120.4792000  *  179.2734000  *    19    18    23
    55       H          1.05150000  *  119.3398000  *  179.9816000  *    20    19    18
    56       H          1.05070000  *  120.3967000  * -179.7092000  *    22    21    20
    57       H          1.05150000  *  119.3916000  * -179.4506000  *    23    22    21
    58       H          1.09070000  *  110.1786000  *   60.6023000  *    25    24    21
    59       H          1.09060000  *  108.8940000  * -179.9917000  *    25    24    21
    60       H          1.09070000  *  110.1720000  *  -60.5919000  *    25    24    21
    61       H          1.04860000  *  122.8918000  *   -0.1775000  *    27    26     9
    62       H          1.04940000  *  121.5039000  * -178.7755000  *    28    27    26
    63       H          0.94090000  *  121.0876000  *   -0.1992000  *    35    33    34
 


          CARTESIAN COORDINATES 

    NO.       ATOM           X           Y           Z

     1         C          0.0000      0.0000      0.0000
     2         C          1.5475      0.0000      0.0000
     3         C          2.1143      1.4449      0.0000
     4         C          3.6625      1.4395     -0.0036
     5         N          4.3381      2.7334      0.0074
     6         C          3.8299      4.0693     -0.0111
     7         C          2.5919      4.5900     -0.0172
     8         C          2.4356      6.0582     -0.0355
     9         C          3.5050      6.8865     -0.0481
    10         C          4.8643      6.3027     -0.0393
    11         C          4.9836      4.9682     -0.0211
    12         C          6.1671      4.1225     -0.0081
    13         C          5.7649      2.8401      0.0090
    14         C          6.7618      1.7659      0.0269
    15         C          8.0690      2.0918      0.0295
    16         C          8.5071      3.5095      0.0148
    17         C          7.5814      4.4923     -0.0041
    18         C          9.9478      3.8285      0.0337
    19         C         10.4758      4.7242     -0.8242
    20         C         11.9140      5.0252     -0.7966
    21         C         12.7272      4.4120      0.0835
    22         C         12.1530      3.4317      1.0242
    23         C         10.8368      3.1561      0.9992
    24         O         14.0496      4.7307      0.0625
    25         C         15.0355      4.2048      0.8971
    26         C          3.3493      8.3498     -0.0604
    27         C          2.2411      9.0652     -0.3479
    28         C          2.3831     10.5438     -0.2855
    29         C          3.6087     11.0107      0.0285
    30         S          4.6659      9.5548      0.3086
    31         C          3.9496     12.4300      0.1841
    32         C          5.1867     12.9566      0.0703
    33         C          5.4047     14.4061      0.2427
    34         O          4.4724     15.1635      0.5177
    35         O          6.6501     14.9233      0.1037
    36         C          6.3272     12.1585     -0.2534
    37         N          7.2598     11.5231     -0.5152
    38         H          3.1485     13.0852      0.3832
    39         H         -0.3742      0.5098     -0.8890
    40         H         -0.3638     -1.0287     -0.0015
    41         H         -0.3742      0.5073      0.8905
    42         H          1.9001     -0.5297      0.8878
    43         H          1.9000     -0.5297     -0.8879
    44         H          1.7548      1.9611     -0.8924
    45         H          1.7587      1.9598      0.8946
    46         H          3.9989      0.8836      0.8763
    47         H          3.9962      0.8988     -0.8940
    48         H          1.7350      3.9903     -0.0073
    49         H          1.4606      6.4502     -0.0289
    50         H          5.7179      6.9136     -0.0509
    51         H          6.4672      0.7580      0.0339
    52         H          8.7878      1.3241      0.0338
    53         H          7.8632      5.5044     -0.0016
    54         H          9.8665      5.2097     -1.5305
    55         H         12.3066      5.7268     -1.4743
    56         H         12.7666      2.9434      1.7235
    57         H         10.4421      2.4612      1.6825
    58         H         15.1045      3.1245      0.7636
    59         H         15.9945      4.6551      0.6381
    60         H         14.8075      4.4331      1.9390
    61         H          1.3281      8.6206     -0.6089
    62         H          1.5712     11.1812     -0.4745
    63         H          6.8082     15.8446      0.2110

  H: (RM1): G.B. ROCHA, R.O. FREIRE, A.M.SIMAS, J.J.P. STEWART, J. COMP. CHEM. 27, 1101 (2006)
  C: (RM1): G.B. ROCHA, R.O. FREIRE, A.M.SIMAS, J.J.P. STEWART, J. COMP. CHEM. 27, 1101 (2006)
  N: (RM1): G.B. ROCHA, R.O. FREIRE, A.M.SIMAS, J.J.P. STEWART, J. COMP. CHEM. 27, 1101 (2006)
  O: (RM1): G.B. ROCHA, R.O. FREIRE, A.M.SIMAS, J.J.P. STEWART, J. COMP. CHEM. 27, 1101 (2006)
  S: (RM1): G.B. ROCHA, R.O. FREIRE, A.M.SIMAS, J.J.P. STEWART, J. COMP. CHEM. 27, 1101 (2006)

           Empirical Formula: C31 H26 N2 O3 S  =    63 atoms



      MOLECULAR POINT GROUP   :   C1  


      RHF CALCULATION, NO. OF DOUBLY OCCUPIED LEVELS = 92


          Geometry optimization using L-BFGS
 CYCLE:     1 TIME:   0.117 TIME LEFT:  2.00D  GRAD.:   499.655 HEAT:  69.59167
 CYCLE:     2 TIME:   0.090 TIME LEFT:  2.00D  GRAD.:   403.497 HEAT:  67.40066
 CYCLE:     3 TIME:   0.078 TIME LEFT:  2.00D  GRAD.:   416.647 HEAT:  60.35680
 CYCLE:     4 TIME:   0.078 TIME LEFT:  2.00D  GRAD.:   403.800 HEAT:  67.40052
 CYCLE:     5 TIME:   0.092 TIME LEFT:  2.00D  GRAD.:   417.502 HEAT:  60.35723
 CYCLE:     6 TIME:   0.094 TIME LEFT:  2.00D  GRAD.:   342.308 HEAT:  56.29200
 CYCLE:     7 TIME:   0.074 TIME LEFT:  2.00D  GRAD.:   416.699 HEAT:  47.06996
 CYCLE:     8 TIME:   0.076 TIME LEFT:  2.00D  GRAD.:   360.344 HEAT:  36.86631
 CYCLE:     9 TIME:   0.076 TIME LEFT:  2.00D  GRAD.:   411.046 HEAT:  25.01126
 CYCLE:    10 TIME:   0.072 TIME LEFT:  2.00D  GRAD.:   226.736 HEAT:  21.79991
 CYCLE:    11 TIME:   0.094 TIME LEFT:  2.00D  GRAD.:   102.154 HEAT:  20.99945
 CYCLE:    12 TIME:   0.080 TIME LEFT:  2.00D  GRAD.:    83.696 HEAT:  20.53416
 CYCLE:    13 TIME:   0.094 TIME LEFT:  2.00D  GRAD.:    88.213 HEAT:  19.61689
 CYCLE:    14 TIME:   0.092 TIME LEFT:  2.00D  GRAD.:    93.723 HEAT:  18.01462
 CYCLE:    15 TIME:   0.086 TIME LEFT:  2.00D  GRAD.:   265.068 HEAT:  17.27984
 CYCLE:    16 TIME:   0.072 TIME LEFT:  2.00D  GRAD.:   116.572 HEAT:  16.45655
 CYCLE:    17 TIME:   0.082 TIME LEFT:  2.00D  GRAD.:    63.007 HEAT:  15.93687
 CYCLE:    18 TIME:   0.074 TIME LEFT:  2.00D  GRAD.:    83.643 HEAT:  15.44585
 CYCLE:    19 TIME:   0.064 TIME LEFT:  2.00D  GRAD.:    86.369 HEAT:  14.58475
 CYCLE:    20 TIME:   0.080 TIME LEFT:  2.00D  GRAD.:   101.741 HEAT:  13.96201
 CYCLE:    21 TIME:   0.115 TIME LEFT:  2.00D  GRAD.:    94.207 HEAT:  13.70577
 CYCLE:    22 TIME:   0.072 TIME LEFT:  2.00D  GRAD.:    28.089 HEAT:  13.41160
 CYCLE:    23 TIME:   0.072 TIME LEFT:  2.00D  GRAD.:    24.795 HEAT:  13.35488
 CYCLE:    24 TIME:   0.072 TIME LEFT:  2.00D  GRAD.:    67.667 HEAT:  13.20921
 CYCLE:    25 TIME:   0.078 TIME LEFT:  2.00D  GRAD.:    76.905 HEAT:  13.10268
 CYCLE:    26 TIME:   0.062 TIME LEFT:  2.00D  GRAD.:    30.213 HEAT:  12.97594
 CYCLE:    27 TIME:   0.072 TIME LEFT:  2.00D  GRAD.:    17.444 HEAT:  12.90858
 CYCLE:    28 TIME:   0.061 TIME LEFT:  2.00D  GRAD.:    18.647 HEAT:  12.87249
 CYCLE:    29 TIME:   0.070 TIME LEFT:  2.00D  GRAD.:    52.306 HEAT:  12.77607
 CYCLE:    30 TIME:   0.074 TIME LEFT:  2.00D  GRAD.:    62.263 HEAT:  12.75366
 CYCLE:    31 TIME:   0.066 TIME LEFT:  2.00D  GRAD.:    13.695 HEAT:  12.70605
 CYCLE:    32 TIME:   0.061 TIME LEFT:  2.00D  GRAD.:    11.393 HEAT:  12.69921
 CYCLE:    33 TIME:   0.068 TIME LEFT:  2.00D  GRAD.:    13.398 HEAT:  12.68597
 CYCLE:    34 TIME:   0.068 TIME LEFT:  2.00D  GRAD.:    14.944 HEAT:  12.66373
 CYCLE:    35 TIME:   0.072 TIME LEFT:  2.00D  GRAD.:    13.173 HEAT:  12.63432
 CYCLE:    36 TIME:   0.066 TIME LEFT:  2.00D  GRAD.:    34.101 HEAT:  12.64149
 CYCLE:    37 TIME:   0.062 TIME LEFT:  2.00D  GRAD.:     7.380 HEAT:  12.60682
 CYCLE:    38 TIME:   0.066 TIME LEFT:  2.00D  GRAD.:     7.264 HEAT:  12.60094
 CYCLE:    39 TIME:   0.066 TIME LEFT:  2.00D  GRAD.:    20.595 HEAT:  12.58942
 CYCLE:    40 TIME:   0.062 TIME LEFT:  2.00D  GRAD.:    15.045 HEAT:  12.58225
 CYCLE:    41 TIME:   0.061 TIME LEFT:  2.00D  GRAD.:     7.637 HEAT:  12.57553
 CYCLE:    42 TIME:   0.062 TIME LEFT:  2.00D  GRAD.:     6.356 HEAT:  12.56937
 CYCLE:    43 TIME:   0.061 TIME LEFT:  2.00D  GRAD.:     8.438 HEAT:  12.56272
 CYCLE:    44 TIME:   0.062 TIME LEFT:  2.00D  GRAD.:     9.130 HEAT:  12.55109
 CYCLE:    45 TIME:   0.066 TIME LEFT:  2.00D  GRAD.:    17.713 HEAT:  12.53910
 CYCLE:    46 TIME:   0.070 TIME LEFT:  2.00D  GRAD.:    45.675 HEAT:  12.54853
 CYCLE:    47 TIME:   0.082 TIME LEFT:  2.00D  GRAD.:     8.145 HEAT:  12.52934
 CYCLE:    48 TIME:   0.086 TIME LEFT:  2.00D  GRAD.:     6.661 HEAT:  12.52718
 CYCLE:    49 TIME:   0.066 TIME LEFT:  2.00D  GRAD.:     6.466 HEAT:  12.52255
 CYCLE:    50 TIME:   0.062 TIME LEFT:  2.00D  GRAD.:     6.781 HEAT:  12.51609
 CYCLE:    51 TIME:   0.062 TIME LEFT:  2.00D  GRAD.:    13.644 HEAT:  12.50135
 CYCLE:    52 TIME:   0.062 TIME LEFT:  2.00D  GRAD.:    16.139 HEAT:  12.49224
 CYCLE:    53 TIME:   0.062 TIME LEFT:  2.00D  GRAD.:     9.885 HEAT:  12.48479
 CYCLE:    54 TIME:   0.066 TIME LEFT:  2.00D  GRAD.:     8.069 HEAT:  12.47691
 CYCLE:    55 TIME:   0.092 TIME LEFT:  2.00D  GRAD.:     9.645 HEAT:  12.46823
 CYCLE:    56 TIME:   0.090 TIME LEFT:  2.00D  GRAD.:    24.089 HEAT:  12.45302
 CYCLE:    57 TIME:   0.092 TIME LEFT:  2.00D  GRAD.:    12.352 HEAT:  12.43230
 CYCLE:    58 TIME:   0.078 TIME LEFT:  2.00D  GRAD.:     9.643 HEAT:  12.41572
 CYCLE:    59 TIME:   0.064 TIME LEFT:  2.00D  GRAD.:    10.849 HEAT:  12.40171
 CYCLE:    60 TIME:   0.092 TIME LEFT:  2.00D  GRAD.:    11.755 HEAT:  12.38389
 CYCLE:    61 TIME:   0.133 TIME LEFT:  2.00D  GRAD.:    49.805 HEAT:  12.39095
 CYCLE:    62 TIME:   0.072 TIME LEFT:  2.00D  GRAD.:     9.468 HEAT:  12.36411
 CYCLE:    63 TIME:   0.078 TIME LEFT:  2.00D  GRAD.:     9.199 HEAT:  12.35901
 CYCLE:    64 TIME:   0.156 TIME LEFT:  2.00D  GRAD.:    11.641 HEAT:  12.34887
 CYCLE:    65 TIME:   0.064 TIME LEFT:  2.00D  GRAD.:    14.751 HEAT:  12.32868
 CYCLE:    66 TIME:   0.064 TIME LEFT:  2.00D  GRAD.:    19.166 HEAT:  12.29892
 CYCLE:    67 TIME:   0.070 TIME LEFT:  2.00D  GRAD.:    50.286 HEAT:  12.30442
 CYCLE:    68 TIME:   0.072 TIME LEFT:  2.00D  GRAD.:    61.903 HEAT:  12.32391
 CYCLE:    69 TIME:   0.066 TIME LEFT:  2.00D  GRAD.:     9.878 HEAT:  12.25485
 CYCLE:    70 TIME:   0.078 TIME LEFT:  2.00D  GRAD.:    10.124 HEAT:  12.24686
 CYCLE:    71 TIME:   0.074 TIME LEFT:  2.00D  GRAD.:    13.144 HEAT:  12.22820
 CYCLE:    72 TIME:   0.078 TIME LEFT:  2.00D  GRAD.:    64.669 HEAT:  12.24483
 CYCLE:    73 TIME:   0.064 TIME LEFT:  2.00D  GRAD.:    20.358 HEAT:  12.18997
 CYCLE:    74 TIME:   0.102 TIME LEFT:  2.00D  GRAD.:     9.619 HEAT:  12.17385
 CYCLE:    75 TIME:   0.104 TIME LEFT:  2.00D  GRAD.:    10.572 HEAT:  12.15334
 CYCLE:    76 TIME:   0.066 TIME LEFT:  2.00D  GRAD.:    32.688 HEAT:  12.14194
 CYCLE:    77 TIME:   0.064 TIME LEFT:  2.00D  GRAD.:    15.396 HEAT:  12.12279
 CYCLE:    78 TIME:   0.061 TIME LEFT:  2.00D  GRAD.:    12.093 HEAT:  12.10570
 CYCLE:    79 TIME:   0.074 TIME LEFT:  2.00D  GRAD.:    16.328 HEAT:  12.09113
 CYCLE:    80 TIME:   0.076 TIME LEFT:  2.00D  GRAD.:    19.524 HEAT:  12.05905
 CYCLE:    81 TIME:   0.105 TIME LEFT:  2.00D  GRAD.:    22.576 HEAT:  12.01309
 CYCLE:    82 TIME:   0.131 TIME LEFT:  2.00D  GRAD.:    48.725 HEAT:  12.00892
 CYCLE:    83 TIME:   0.072 TIME LEFT:  2.00D  GRAD.:    10.106 HEAT:  11.96849
 CYCLE:    84 TIME:   0.074 TIME LEFT:  2.00D  GRAD.:    11.243 HEAT:  11.95692
 CYCLE:    85 TIME:   0.189 TIME LEFT:  2.00D  GRAD.:    15.066 HEAT:  11.91505
 CYCLE:    86 TIME:   0.066 TIME LEFT:  2.00D  GRAD.:    27.995 HEAT:  11.85952
 CYCLE:    87 TIME:   0.094 TIME LEFT:  2.00D  GRAD.:    23.140 HEAT:  11.80856
 CYCLE:    88 TIME:   0.074 TIME LEFT:  2.00D  GRAD.:    28.597 HEAT:  11.76754
 CYCLE:    89 TIME:   0.068 TIME LEFT:  2.00D  GRAD.:    25.239 HEAT:  11.71034
 CYCLE:    90 TIME:   0.062 TIME LEFT:  2.00D  GRAD.:    17.950 HEAT:  11.68148
 CYCLE:    91 TIME:   0.064 TIME LEFT:  2.00D  GRAD.:    20.340 HEAT:  11.64129
 CYCLE:    92 TIME:   0.070 TIME LEFT:  2.00D  GRAD.:    17.936 HEAT:  11.59148
 CYCLE:    93 TIME:   0.072 TIME LEFT:  2.00D  GRAD.:    19.150 HEAT:  11.50004
 CYCLE:    94 TIME:   0.064 TIME LEFT:  2.00D  GRAD.:    23.876 HEAT:  11.44444
 CYCLE:    95 TIME:   0.074 TIME LEFT:  2.00D  GRAD.:    24.054 HEAT:  11.38855
 CYCLE:    96 TIME:   0.070 TIME LEFT:  2.00D  GRAD.:    13.698 HEAT:  11.36392
 CYCLE:    97 TIME:   0.070 TIME LEFT:  2.00D  GRAD.:    11.270 HEAT:  11.34868
 CYCLE:    98 TIME:   0.070 TIME LEFT:  2.00D  GRAD.:    18.554 HEAT:  11.33330
 CYCLE:    99 TIME:   0.062 TIME LEFT:  2.00D  GRAD.:    12.088 HEAT:  11.31424
 CYCLE:   100 TIME:   0.068 TIME LEFT:  2.00D  GRAD.:    10.665 HEAT:  11.29042
 CYCLE:   101 TIME:   0.062 TIME LEFT:  2.00D  GRAD.:    12.639 HEAT:  11.26752
 CYCLE:   102 TIME:   0.064 TIME LEFT:  2.00D  GRAD.:    12.479 HEAT:  11.24821
 CYCLE:   103 TIME:   0.066 TIME LEFT:  2.00D  GRAD.:    25.866 HEAT:  11.23871
 CYCLE:   104 TIME:   0.066 TIME LEFT:  2.00D  GRAD.:    11.727 HEAT:  11.22754
 CYCLE:   105 TIME:   0.062 TIME LEFT:  2.00D  GRAD.:     8.826 HEAT:  11.21455
 CYCLE:   106 TIME:   0.062 TIME LEFT:  2.00D  GRAD.:    11.935 HEAT:  11.20327
 CYCLE:   107 TIME:   0.061 TIME LEFT:  2.00D  GRAD.:    11.525 HEAT:  11.18454
 CYCLE:   108 TIME:   0.076 TIME LEFT:  2.00D  GRAD.:    15.983 HEAT:  11.15571
 CYCLE:   109 TIME:   0.078 TIME LEFT:  2.00D  GRAD.:    17.638 HEAT:  11.14203
 CYCLE:   110 TIME:   0.092 TIME LEFT:  2.00D  GRAD.:    41.500 HEAT:  11.15541
 CYCLE:   111 TIME:   0.088 TIME LEFT:  2.00D  GRAD.:     6.163 HEAT:  11.13098
 CYCLE:   112 TIME:   0.074 TIME LEFT:  2.00D  GRAD.:     5.066 HEAT:  11.12899
 CYCLE:   113 TIME:   0.072 TIME LEFT:  2.00D  GRAD.:     6.363 HEAT:  11.12354
 CYCLE:   114 TIME:   0.088 TIME LEFT:  2.00D  GRAD.:     6.616 HEAT:  11.11595
 CYCLE:   115 TIME:   0.092 TIME LEFT:  2.00D  GRAD.:    37.316 HEAT:  11.14389
 CYCLE:   116 TIME:   0.076 TIME LEFT:  2.00D  GRAD.:     6.611 HEAT:  11.10627
 CYCLE:   117 TIME:   0.062 TIME LEFT:  2.00D  GRAD.:     5.686 HEAT:  11.10393
 CYCLE:   118 TIME:   0.082 TIME LEFT:  2.00D  GRAD.:     8.539 HEAT:  11.09953
 CYCLE:   119 TIME:   0.068 TIME LEFT:  2.00D  GRAD.:     7.293 HEAT:  11.09622
 CYCLE:   120 TIME:   0.074 TIME LEFT:  2.00D  GRAD.:     5.919 HEAT:  11.08716
 CYCLE:   121 TIME:   0.084 TIME LEFT:  2.00D  GRAD.:    14.251 HEAT:  11.07717
 CYCLE:   122 TIME:   0.092 TIME LEFT:  2.00D  GRAD.:     9.619 HEAT:  11.06782
 CYCLE:   123 TIME:   0.088 TIME LEFT:  2.00D  GRAD.:     8.441 HEAT:  11.05854
 CYCLE:   124 TIME:   0.064 TIME LEFT:  2.00D  GRAD.:    14.615 HEAT:  11.04848
 CYCLE:   125 TIME:   0.064 TIME LEFT:  2.00D  GRAD.:    15.663 HEAT:  11.03578
 CYCLE:   126 TIME:   0.064 TIME LEFT:  2.00D  GRAD.:    13.250 HEAT:  11.01358
 CYCLE:   127 TIME:   0.074 TIME LEFT:  2.00D  GRAD.:    24.426 HEAT:  10.99313
 CYCLE:   128 TIME:   0.064 TIME LEFT:  2.00D  GRAD.:    11.216 HEAT:  10.96829
 CYCLE:   129 TIME:   0.088 TIME LEFT:  2.00D  GRAD.:    12.711 HEAT:  10.95093
 CYCLE:   130 TIME:   0.094 TIME LEFT:  2.00D  GRAD.:    16.917 HEAT:  10.92419
 CYCLE:   131 TIME:   0.094 TIME LEFT:  2.00D  GRAD.:    16.625 HEAT:  10.89262
 CYCLE:   132 TIME:   0.088 TIME LEFT:  2.00D  GRAD.:    17.006 HEAT:  10.85888
 CYCLE:   133 TIME:   0.068 TIME LEFT:  2.00D  GRAD.:    18.528 HEAT:  10.82825
 CYCLE:   134 TIME:   0.084 TIME LEFT:  2.00D  GRAD.:    19.326 HEAT:  10.80260
 CYCLE:   135 TIME:   0.072 TIME LEFT:  2.00D  GRAD.:    79.524 HEAT:  10.83626
 CYCLE:   136 TIME:   0.080 TIME LEFT:  2.00D  GRAD.:   176.880 HEAT:  11.14018
 CYCLE:   137 TIME:   0.072 TIME LEFT:  2.00D  GRAD.:    63.228 HEAT:  10.72998
 CYCLE:   138 TIME:   0.074 TIME LEFT:  2.00D  GRAD.:    39.993 HEAT:  10.69151
 CYCLE:   139 TIME:   0.080 TIME LEFT:  2.00D  GRAD.:    47.290 HEAT:  10.67442
 CYCLE:   140 TIME:   0.072 TIME LEFT:  2.00D  GRAD.:    40.027 HEAT:  10.58636
 CYCLE:   141 TIME:   0.072 TIME LEFT:  2.00D  GRAD.:    15.641 HEAT:  10.57016
 CYCLE:   142 TIME:   0.078 TIME LEFT:  2.00D  GRAD.:    28.313 HEAT:  10.51733
 CYCLE:   143 TIME:   0.074 TIME LEFT:  2.00D  GRAD.:    15.481 HEAT:  10.46472
 CYCLE:   144 TIME:   0.074 TIME LEFT:  2.00D  GRAD.:    15.310 HEAT:  10.42866
 CYCLE:   145 TIME:   0.080 TIME LEFT:  2.00D  GRAD.:    35.106 HEAT:  10.40516
 CYCLE:   146 TIME:   0.074 TIME LEFT:  2.00D  GRAD.:    93.638 HEAT:  10.38970
 CYCLE:   147 TIME:   0.074 TIME LEFT:  2.00D  GRAD.:    30.825 HEAT:  10.27190
 CYCLE:   148 TIME:   0.064 TIME LEFT:  2.00D  GRAD.:    10.975 HEAT:  10.21690
 CYCLE:   149 TIME:   0.070 TIME LEFT:  2.00D  GRAD.:    20.372 HEAT:  10.15522
 CYCLE:   150 TIME:   0.072 TIME LEFT:  2.00D  GRAD.:    21.391 HEAT:  10.10059
 CYCLE:   151 TIME:   0.078 TIME LEFT:  2.00D  GRAD.:    21.053 HEAT:  10.02956
 CYCLE:   152 TIME:   0.068 TIME LEFT:  2.00D  GRAD.:    21.928 HEAT:  9.923156
 CYCLE:   153 TIME:   0.072 TIME LEFT:  2.00D  GRAD.:    38.641 HEAT:  9.760502
 CYCLE:   154 TIME:   0.080 TIME LEFT:  2.00D  GRAD.:    72.930 HEAT:  9.802410
 CYCLE:   155 TIME:   0.074 TIME LEFT:  2.00D  GRAD.:   218.385 HEAT:  10.39161
 CYCLE:   156 TIME:   0.086 TIME LEFT:  2.00D  GRAD.:   844.526 HEAT:  21.43005
 CYCLE:   157 TIME:   0.094 TIME LEFT:  2.00D  GRAD.:   405.924 HEAT:  11.98351
 CYCLE:   158 TIME:   0.080 TIME LEFT:  2.00D  GRAD.:   212.376 HEAT:  10.03562
 CYCLE:   159 TIME:   0.072 TIME LEFT:  2.00D  GRAD.:  1041.965 HEAT:  18.35658
 CYCLE:   160 TIME:   0.086 TIME LEFT:  2.00D  GRAD.:    83.713 HEAT:  9.728219
 CYCLE:   161 TIME:   0.092 TIME LEFT:  2.00D  GRAD.:   145.421 HEAT:  11.49869
 CYCLE:   162 TIME:   0.094 TIME LEFT:  2.00D  GRAD.:   137.821 HEAT:  9.809768
 CYCLE:   163 TIME:   0.082 TIME LEFT:  2.00D  GRAD.:   214.889 HEAT:  10.43111
 CYCLE:   164 TIME:   0.072 TIME LEFT:  2.00D  GRAD.:    30.787 HEAT:  9.444031
 CYCLE:   165 TIME:   0.084 TIME LEFT:  2.00D  GRAD.:    37.202 HEAT:  9.440121
 CYCLE:   166 TIME:   0.062 TIME LEFT:  2.00D  GRAD.:    44.071 HEAT:  9.336026
 CYCLE:   167 TIME:   0.080 TIME LEFT:  2.00D  GRAD.:   131.606 HEAT:  9.339338
 CYCLE:   168 TIME:   0.084 TIME LEFT:  2.00D  GRAD.:    41.328 HEAT:  9.201132
 CYCLE:   169 TIME:   0.076 TIME LEFT:  2.00D  GRAD.:    22.009 HEAT:  9.155611
 CYCLE:   170 TIME:   0.072 TIME LEFT:  2.00D  GRAD.:    23.614 HEAT:  9.103962
 CYCLE:   171 TIME:   0.066 TIME LEFT:  2.00D  GRAD.:    23.424 HEAT:  9.033002
 CYCLE:   172 TIME:   0.070 TIME LEFT:  2.00D  GRAD.:    60.956 HEAT:  8.985807
 CYCLE:   173 TIME:   0.070 TIME LEFT:  2.00D  GRAD.:    20.976 HEAT:  8.882035
 CYCLE:   174 TIME:   0.076 TIME LEFT:  2.00D  GRAD.:    19.258 HEAT:  8.850069
 CYCLE:   175 TIME:   0.064 TIME LEFT:  2.00D  GRAD.:    25.364 HEAT:  8.799535
 CYCLE:   176 TIME:   0.064 TIME LEFT:  2.00D  GRAD.:    20.439 HEAT:  8.739359
 CYCLE:   177 TIME:   0.066 TIME LEFT:  2.00D  GRAD.:    19.374 HEAT:  8.643890
 CYCLE:   178 TIME:   0.066 TIME LEFT:  2.00D  GRAD.:    69.543 HEAT:  8.587918
 CYCLE:   179 TIME:   0.068 TIME LEFT:  2.00D  GRAD.:    23.025 HEAT:  8.504279
 CYCLE:   180 TIME:   0.072 TIME LEFT:  2.00D  GRAD.:    24.446 HEAT:  8.463492
 CYCLE:   181 TIME:   0.080 TIME LEFT:  2.00D  GRAD.:    54.237 HEAT:  8.421826
 CYCLE:   182 TIME:   0.064 TIME LEFT:  2.00D  GRAD.:    26.090 HEAT:  8.375639
 CYCLE:   183 TIME:   0.064 TIME LEFT:  2.00D  GRAD.:    21.662 HEAT:  8.350592
 CYCLE:   184 TIME:   0.086 TIME LEFT:  2.00D  GRAD.:    14.246 HEAT:  8.269225
 CYCLE:   185 TIME:   0.092 TIME LEFT:  2.00D  GRAD.:    10.737 HEAT:  8.227023
 CYCLE:   186 TIME:   0.092 TIME LEFT:  2.00D  GRAD.:    20.924 HEAT:  8.202268
 CYCLE:   187 TIME:   0.092 TIME LEFT:  2.00D  GRAD.:    11.051 HEAT:  8.162592
 CYCLE:   188 TIME:   0.096 TIME LEFT:  2.00D  GRAD.:    10.570 HEAT:  8.148526
 CYCLE:   189 TIME:   0.092 TIME LEFT:  2.00D  GRAD.:     7.980 HEAT:  8.134987
 CYCLE:   190 TIME:   0.096 TIME LEFT:  2.00D  GRAD.:    10.744 HEAT:  8.113172
 CYCLE:   191 TIME:   0.092 TIME LEFT:  2.00D  GRAD.:    25.920 HEAT:  8.086977
 CYCLE:   192 TIME:   0.092 TIME LEFT:  2.00D  GRAD.:    12.406 HEAT:  8.076488
 CYCLE:   193 TIME:   0.092 TIME LEFT:  2.00D  GRAD.:     7.551 HEAT:  8.072172
 CYCLE:   194 TIME:   0.094 TIME LEFT:  2.00D  GRAD.:     6.356 HEAT:  8.066118
 CYCLE:   195 TIME:   0.090 TIME LEFT:  2.00D  GRAD.:    19.474 HEAT:  8.060938
 CYCLE:   196 TIME:   0.094 TIME LEFT:  2.00D  GRAD.:     8.656 HEAT:  8.054473
 CYCLE:   197 TIME:   0.090 TIME LEFT:  2.00D  GRAD.:     5.889 HEAT:  8.049023
 CYCLE:   198 TIME:   0.094 TIME LEFT:  2.00D  GRAD.:     8.383 HEAT:  8.039890
 CYCLE:   199 TIME:   0.094 TIME LEFT:  2.00D  GRAD.:     9.081 HEAT:  8.030085
 CYCLE:   200 TIME:   0.094 TIME LEFT:  2.00D  GRAD.:    14.443 HEAT:  8.009799
 CYCLE:   201 TIME:   0.098 TIME LEFT:  2.00D  GRAD.:    14.136 HEAT:  8.000007
 CYCLE:   202 TIME:   0.088 TIME LEFT:  2.00D  GRAD.:     6.727 HEAT:  7.988786
 CYCLE:   203 TIME:   0.080 TIME LEFT:  2.00D  GRAD.:     5.499 HEAT:  7.980151
 CYCLE:   204 TIME:   0.072 TIME LEFT:  2.00D  GRAD.:    10.560 HEAT:  7.965592
 CYCLE:   205 TIME:   0.092 TIME LEFT:  2.00D  GRAD.:    13.189 HEAT:  7.947058
 CYCLE:   206 TIME:   0.064 TIME LEFT:  2.00D  GRAD.:    26.575 HEAT:  7.936194
 CYCLE:   207 TIME:   0.080 TIME LEFT:  2.00D  GRAD.:     7.388 HEAT:  7.924161
 CYCLE:   208 TIME:   0.090 TIME LEFT:  2.00D  GRAD.:     7.544 HEAT:  7.918042
 CYCLE:   209 TIME:   0.080 TIME LEFT:  2.00D  GRAD.:     7.794 HEAT:  7.910318
 CYCLE:   210 TIME:   0.064 TIME LEFT:  2.00D  GRAD.:    15.299 HEAT:  7.891220
 CYCLE:   211 TIME:   0.076 TIME LEFT:  2.00D  GRAD.:    36.045 HEAT:  7.889361
 CYCLE:   212 TIME:   0.084 TIME LEFT:  2.00D  GRAD.:     9.157 HEAT:  7.876722
 CYCLE:   213 TIME:   0.070 TIME LEFT:  2.00D  GRAD.:     6.251 HEAT:  7.873476
 CYCLE:   214 TIME:   0.064 TIME LEFT:  2.00D  GRAD.:     8.497 HEAT:  7.866825
 CYCLE:   215 TIME:   0.064 TIME LEFT:  2.00D  GRAD.:     9.333 HEAT:  7.858319
 CYCLE:   216 TIME:   0.072 TIME LEFT:  2.00D  GRAD.:    13.535 HEAT:  7.838184
 CYCLE:   217 TIME:   0.090 TIME LEFT:  2.00D  GRAD.:    15.348 HEAT:  7.830215
 CYCLE:   218 TIME:   0.102 TIME LEFT:  2.00D  GRAD.:     6.017 HEAT:  7.819449
 CYCLE:   219 TIME:   0.104 TIME LEFT:  2.00D  GRAD.:     8.792 HEAT:  7.815117
 CYCLE:   220 TIME:   0.068 TIME LEFT:  2.00D  GRAD.:     9.384 HEAT:  7.808585
 CYCLE:   221 TIME:   0.084 TIME LEFT:  2.00D  GRAD.:    68.796 HEAT:  7.848308
 CYCLE:   222 TIME:   0.074 TIME LEFT:  2.00D  GRAD.:    11.369 HEAT:  7.797078
 CYCLE:   223 TIME:   0.062 TIME LEFT:  2.00D  GRAD.:     7.802 HEAT:  7.793355
 CYCLE:   224 TIME:   0.066 TIME LEFT:  2.00D  GRAD.:     6.667 HEAT:  7.784929
 CYCLE:   225 TIME:   0.127 TIME LEFT:  2.00D  GRAD.:    13.839 HEAT:  7.776611
 CYCLE:   226 TIME:   0.139 TIME LEFT:  2.00D  GRAD.:     9.640 HEAT:  7.767683
 CYCLE:   227 TIME:   0.064 TIME LEFT:  2.00D  GRAD.:     8.100 HEAT:  7.760591
 CYCLE:   228 TIME:   0.062 TIME LEFT:  2.00D  GRAD.:     6.569 HEAT:  7.754706
 CYCLE:   229 TIME:   0.068 TIME LEFT:  2.00D  GRAD.:     6.813 HEAT:  7.742401
 CYCLE:   230 TIME:   0.105 TIME LEFT:  2.00D  GRAD.:     6.670 HEAT:  7.726379
 CYCLE:   231 TIME:   0.123 TIME LEFT:  2.00D  GRAD.:    17.773 HEAT:  7.722235
 CYCLE:   232 TIME:   0.066 TIME LEFT:  2.00D  GRAD.:     5.101 HEAT:  7.712542
 CYCLE:   233 TIME:   0.064 TIME LEFT:  2.00D  GRAD.:     4.794 HEAT:  7.709273
 CYCLE:   234 TIME:   0.064 TIME LEFT:  2.00D  GRAD.:     5.879 HEAT:  7.702979
 CYCLE:   235 TIME:   0.064 TIME LEFT:  2.00D  GRAD.:    26.051 HEAT:  7.700559
 CYCLE:   236 TIME:   0.064 TIME LEFT:  2.00D  GRAD.:     5.898 HEAT:  7.690857
 CYCLE:   237 TIME:   0.064 TIME LEFT:  2.00D  GRAD.:     5.311 HEAT:  7.687049
 CYCLE:   238 TIME:   0.072 TIME LEFT:  2.00D  GRAD.:     6.107 HEAT:  7.682984
 CYCLE:   239 TIME:   0.062 TIME LEFT:  2.00D  GRAD.:    28.192 HEAT:  7.689646
 CYCLE:   240 TIME:   0.062 TIME LEFT:  2.00D  GRAD.:     5.445 HEAT:  7.677129
 CYCLE:   241 TIME:   0.066 TIME LEFT:  2.00D  GRAD.:     4.174 HEAT:  7.675244
 CYCLE:   242 TIME:   0.096 TIME LEFT:  2.00D  GRAD.:     5.735 HEAT:  7.670789
 CYCLE:   243 TIME:   0.094 TIME LEFT:  2.00D  GRAD.:     5.082 HEAT:  7.667090
 CYCLE:   244 TIME:   0.076 TIME LEFT:  2.00D  GRAD.:    13.079 HEAT:  7.662558
 CYCLE:   245 TIME:   0.064 TIME LEFT:  2.00D  GRAD.:     8.227 HEAT:  7.653564
 CYCLE:   246 TIME:   0.062 TIME LEFT:  2.00D  GRAD.:     7.121 HEAT:  7.644350
 CYCLE:   247 TIME:   0.066 TIME LEFT:  2.00D  GRAD.:     9.137 HEAT:  7.636399
 CYCLE:   248 TIME:   0.092 TIME LEFT:  2.00D  GRAD.:    14.097 HEAT:  7.627150
 CYCLE:   249 TIME:   0.141 TIME LEFT:  2.00D  GRAD.:     7.060 HEAT:  7.620464
 CYCLE:   250 TIME:   0.084 TIME LEFT:  2.00D  GRAD.:    20.366 HEAT:  7.620092
 CYCLE:   251 TIME:   0.074 TIME LEFT:  2.00D  GRAD.:     6.015 HEAT:  7.616600
 CYCLE:   252 TIME:   0.174 TIME LEFT:  2.00D  GRAD.:     4.771 HEAT:  7.615378
 CYCLE:   253 TIME:   0.080 TIME LEFT:  2.00D  GRAD.:     6.376 HEAT:  7.612291
 CYCLE:   254 TIME:   0.080 TIME LEFT:  2.00D  GRAD.:     8.274 HEAT:  7.605881
 CYCLE:   255 TIME:   0.072 TIME LEFT:  2.00D  GRAD.:    25.197 HEAT:  7.608684
 CYCLE:   256 TIME:   0.072 TIME LEFT:  2.00D  GRAD.:     8.479 HEAT:  7.596704
 CYCLE:   257 TIME:   0.062 TIME LEFT:  2.00D  GRAD.:     3.710 HEAT:  7.593860
 CYCLE:   258 TIME:   0.070 TIME LEFT:  2.00D  GRAD.:     7.861 HEAT:  7.592032
 CYCLE:   259 TIME:   0.062 TIME LEFT:  2.00D  GRAD.:     6.910 HEAT:  7.589631
 CYCLE:   260 TIME:   0.070 TIME LEFT:  2.00D  GRAD.:    14.321 HEAT:  7.588361
 CYCLE:   261 TIME:   0.082 TIME LEFT:  2.00D  GRAD.:    12.860 HEAT:  7.587061
 CYCLE:   262 TIME:   0.094 TIME LEFT:  2.00D  GRAD.:     4.152 HEAT:  7.581810
 CYCLE:   263 TIME:   0.088 TIME LEFT:  2.00D  GRAD.:     4.076 HEAT:  7.580449
 CYCLE:   264 TIME:   0.066 TIME LEFT:  2.00D  GRAD.:     9.532 HEAT:  7.578116
 CYCLE:   265 TIME:   0.084 TIME LEFT:  2.00D  GRAD.:    10.975 HEAT:  7.576025
 CYCLE:   266 TIME:   0.074 TIME LEFT:  2.00D  GRAD.:     4.934 HEAT:  7.573731
 CYCLE:   267 TIME:   0.080 TIME LEFT:  2.00D  GRAD.:     5.618 HEAT:  7.571217
 CYCLE:   268 TIME:   0.066 TIME LEFT:  2.00D  GRAD.:     6.489 HEAT:  7.568936
 CYCLE:   269 TIME:   0.092 TIME LEFT:  2.00D  GRAD.:     7.562 HEAT:  7.563978
 CYCLE:   270 TIME:   0.061 TIME LEFT:  2.00D  GRAD.:    11.619 HEAT:  7.559642
 CYCLE:   271 TIME:   0.088 TIME LEFT:  2.00D  GRAD.:     4.032 HEAT:  7.556073
 CYCLE:   272 TIME:   0.066 TIME LEFT:  2.00D  GRAD.:     2.754 HEAT:  7.554673
 CYCLE:   273 TIME:   0.080 TIME LEFT:  2.00D  GRAD.:     2.725 HEAT:  7.553500
 CYCLE:   274 TIME:   0.094 TIME LEFT:  2.00D  GRAD.:     4.511 HEAT:  7.550405
 CYCLE:   275 TIME:   0.080 TIME LEFT:  2.00D  GRAD.:    28.439 HEAT:  7.563463
 CYCLE:   276 TIME:   0.064 TIME LEFT:  2.00D  GRAD.:     1.978 HEAT:  7.548383
 CYCLE:   277 TIME:   0.061 TIME LEFT:  2.00D  GRAD.:     1.793 HEAT:  7.548029
 CYCLE:   278 TIME:   0.076 TIME LEFT:  2.00D  GRAD.:     2.102 HEAT:  7.547273
 CYCLE:   279 TIME:   0.078 TIME LEFT:  2.00D  GRAD.:     6.639 HEAT:  7.546488
 CYCLE:   280 TIME:   0.068 TIME LEFT:  2.00D  GRAD.:     1.970 HEAT:  7.545327
 CYCLE:   281 TIME:   0.072 TIME LEFT:  2.00D  GRAD.:     2.133 HEAT:  7.544618
 CYCLE:   282 TIME:   0.068 TIME LEFT:  2.00D  GRAD.:     2.085 HEAT:  7.543544
 CYCLE:   283 TIME:   0.076 TIME LEFT:  2.00D  GRAD.:     2.649 HEAT:  7.542046
 CYCLE:   284 TIME:   0.068 TIME LEFT:  2.00D  GRAD.:    11.456 HEAT:  7.542343
 CYCLE:   285 TIME:   0.066 TIME LEFT:  2.00D  GRAD.:     2.667 HEAT:  7.540325
 CYCLE:   286 TIME:   0.094 TIME LEFT:  2.00D  GRAD.:     2.264 HEAT:  7.539914
 CYCLE:   287 TIME:   0.090 TIME LEFT:  2.00D  GRAD.:     2.223 HEAT:  7.539336
 CYCLE:   288 TIME:   0.088 TIME LEFT:  2.00D  GRAD.:     2.036 HEAT:  7.538463
 CYCLE:   289 TIME:   0.062 TIME LEFT:  2.00D  GRAD.:     2.408 HEAT:  7.537636
 CYCLE:   290 TIME:   0.062 TIME LEFT:  2.00D  GRAD.:     1.553 HEAT:  7.536824
 CYCLE:   291 TIME:   0.068 TIME LEFT:  2.00D  GRAD.:     3.051 HEAT:  7.536412
 CYCLE:   292 TIME:   0.066 TIME LEFT:  2.00D  GRAD.:     3.012 HEAT:  7.536026
 CYCLE:   293 TIME:   0.066 TIME LEFT:  2.00D  GRAD.:     1.658 HEAT:  7.535802
 CYCLE:   294 TIME:   0.090 TIME LEFT:  2.00D  GRAD.:     1.710 HEAT:  7.535619
 CYCLE:   295 TIME:   0.090 TIME LEFT:  2.00D  GRAD.:     1.359 HEAT:  7.535288
 CYCLE:   296 TIME:   0.070 TIME LEFT:  2.00D  GRAD.:     1.505 HEAT:  7.534842
 CYCLE:   297 TIME:   0.062 TIME LEFT:  2.00D  GRAD.:     1.499 HEAT:  7.534060
 CYCLE:   298 TIME:   0.094 TIME LEFT:  2.00D  GRAD.:     7.448 HEAT:  7.534286
 CYCLE:   299 TIME:   0.062 TIME LEFT:  2.00D  GRAD.:     1.477 HEAT:  7.533632
 CYCLE:   300 TIME:   0.092 TIME LEFT:  2.00D  GRAD.:     1.088 HEAT:  7.533552
 CYCLE:   301 TIME:   0.066 TIME LEFT:  2.00D  GRAD.:     1.220 HEAT:  7.533443
 CYCLE:   302 TIME:   0.080 TIME LEFT:  2.00D  GRAD.:     1.989 HEAT:  7.532984
 CYCLE:   303 TIME:   0.080 TIME LEFT:  2.00D  GRAD.:     1.993 HEAT:  7.532460
 CYCLE:   304 TIME:   0.061 TIME LEFT:  2.00D  GRAD.:     7.214 HEAT:  7.532194
 CYCLE:   305 TIME:   0.062 TIME LEFT:  2.00D  GRAD.:     2.137 HEAT:  7.531519
 CYCLE:   306 TIME:   0.062 TIME LEFT:  2.00D  GRAD.:     0.956 HEAT:  7.531316
 CYCLE:   307 TIME:   0.061 TIME LEFT:  2.00D  GRAD.:     1.453 HEAT:  7.531168
 CYCLE:   308 TIME:   0.062 TIME LEFT:  2.00D  GRAD.:     2.716 HEAT:  7.531050
 CYCLE:   309 TIME:   0.076 TIME LEFT:  2.00D  GRAD.:     1.096 HEAT:  7.530914
 CYCLE:   310 TIME:   0.080 TIME LEFT:  2.00D  GRAD.:     0.880 HEAT:  7.530840
 CYCLE:   311 TIME:   0.074 TIME LEFT:  2.00D  GRAD.:     0.871 HEAT:  7.530752
 CYCLE:   312 TIME:   0.062 TIME LEFT:  2.00D  GRAD.:     1.340 HEAT:  7.530514
 CYCLE:   313 TIME:   0.080 TIME LEFT:  2.00D  GRAD.:     3.477 HEAT:  7.530507
 CYCLE:   314 TIME:   0.086 TIME LEFT:  2.00D  GRAD.:     0.923 HEAT:  7.530184
 CYCLE:   315 TIME:   0.066 TIME LEFT:  2.00D  GRAD.:     0.793 HEAT:  7.530102
 CYCLE:   316 TIME:   0.086 TIME LEFT:  2.00D  GRAD.:     0.900 HEAT:  7.529994
 CYCLE:   317 TIME:   0.061 TIME LEFT:  2.00D  GRAD.:     0.954 HEAT:  7.529784
 CYCLE:   318 TIME:   0.086 TIME LEFT:  2.00D  GRAD.:     1.244 HEAT:  7.529474
 CYCLE:   319 TIME:   0.080 TIME LEFT:  2.00D  GRAD.:     2.313 HEAT:  7.529302
 CYCLE:   320 TIME:   0.088 TIME LEFT:  2.00D  GRAD.:     3.561 HEAT:  7.529297
 CYCLE:   321 TIME:   0.086 TIME LEFT:  2.00D  GRAD.:     0.782 HEAT:  7.529121
 CYCLE:   322 TIME:   0.078 TIME LEFT:  2.00D  GRAD.:     0.709 HEAT:  7.529085
 CYCLE:   323 TIME:   0.088 TIME LEFT:  2.00D  GRAD.:     1.460 HEAT:  7.528993
 CYCLE:   324 TIME:   0.088 TIME LEFT:  2.00D  GRAD.:     2.576 HEAT:  7.528951
 CYCLE:   325 TIME:   0.076 TIME LEFT:  2.00D  GRAD.:     1.140 HEAT:  7.528830
 CYCLE:   326 TIME:   0.070 TIME LEFT:  2.00D  GRAD.:     0.869 HEAT:  7.528737
 CYCLE:   327 TIME:   0.066 TIME LEFT:  2.00D  GRAD.:     0.672 HEAT:  7.528666
 CYCLE:   328 TIME:   0.066 TIME LEFT:  2.00D  GRAD.:     1.833 HEAT:  7.528583
 CYCLE:   329 TIME:   0.064 TIME LEFT:  2.00D  GRAD.:     0.785 HEAT:  7.528463
 CYCLE:   330 TIME:   0.064 TIME LEFT:  2.00D  GRAD.:     0.877 HEAT:  7.528401
 CYCLE:   331 TIME:   0.070 TIME LEFT:  2.00D  GRAD.:     1.113 HEAT:  7.528139
 CYCLE:   332 TIME:   0.072 TIME LEFT:  2.00D  GRAD.:     1.181 HEAT:  7.527901
 CYCLE:   333 TIME:   0.066 TIME LEFT:  2.00D  GRAD.:     1.306 HEAT:  7.527720
 CYCLE:   334 TIME:   0.074 TIME LEFT:  2.00D  GRAD.:     2.627 HEAT:  7.527690
 CYCLE:   335 TIME:   0.074 TIME LEFT:  2.00D  GRAD.:     0.890 HEAT:  7.527596
 CYCLE:   336 TIME:   0.068 TIME LEFT:  2.00D  GRAD.:     0.608 HEAT:  7.527593
 CYCLE:   337 TIME:   0.066 TIME LEFT:  2.00D  GRAD.:     1.362 HEAT:  7.527501
 CYCLE:   338 TIME:   0.062 TIME LEFT:  2.00D  GRAD.:     1.625 HEAT:  7.527397
 CYCLE:   339 TIME:   0.062 TIME LEFT:  2.00D  GRAD.:     0.626 HEAT:  7.527330
 CYCLE:   340 TIME:   0.062 TIME LEFT:  2.00D  GRAD.:     0.857 HEAT:  7.527305
 CYCLE:   341 TIME:   0.064 TIME LEFT:  2.00D  GRAD.:     0.641 HEAT:  7.527223
 CYCLE:   342 TIME:   0.064 TIME LEFT:  2.00D  GRAD.:     1.021 HEAT:  7.527100
 CYCLE:   343 TIME:   0.062 TIME LEFT:  2.00D  GRAD.:     1.537 HEAT:  7.527029
 CYCLE:   344 TIME:   0.064 TIME LEFT:  2.00D  GRAD.:     0.652 HEAT:  7.526934
 CYCLE:   345 TIME:   0.076 TIME LEFT:  2.00D  GRAD.:     0.639 HEAT:  7.526882
 CYCLE:   346 TIME:   0.090 TIME LEFT:  2.00D  GRAD.:     0.695 HEAT:  7.526769
 CYCLE:   347 TIME:   0.076 TIME LEFT:  2.00D  GRAD.:     0.759 HEAT:  7.526582
 CYCLE:   348 TIME:   0.076 TIME LEFT:  2.00D  GRAD.:     9.453 HEAT:  7.527252
 CYCLE:   349 TIME:   0.061 TIME LEFT:  2.00D  GRAD.:     0.862 HEAT:  7.526378
 CYCLE:   350 TIME:   1.223 TIME LEFT:  2.00D  GRAD.:     0.611 HEAT:  7.526352
 CYCLE:   351 TIME:   1.729 TIME LEFT:  2.00D  GRAD.:     3.360 HEAT:  7.526476
 CYCLE:   352 TIME:   0.104 TIME LEFT:  2.00D  GRAD.:     6.301 HEAT:  7.526406
 CYCLE:   353 TIME:   0.105 TIME LEFT:  2.00D  GRAD.:     1.052 HEAT:  7.526074
 CYCLE:   354 TIME:   0.105 TIME LEFT:  2.00D  GRAD.:     0.864 HEAT:  7.526059
 CYCLE:   355 TIME:   0.094 TIME LEFT:  2.00D  GRAD.:     1.884 HEAT:  7.526047
 CYCLE:   356 TIME:   0.094 TIME LEFT:  2.00D  GRAD.:     0.785 HEAT:  7.525918
 CYCLE:   357 TIME:   0.094 TIME LEFT:  2.00D  GRAD.:     0.590 HEAT:  7.525851
 CYCLE:   358 TIME:   0.084 TIME LEFT:  2.00D  GRAD.:     1.004 HEAT:  7.525740
 CYCLE:   359 TIME:   0.082 TIME LEFT:  2.00D  GRAD.:     1.306 HEAT:  7.525645
 CYCLE:   360 TIME:   0.100 TIME LEFT:  2.00D  GRAD.:     0.797 HEAT:  7.525509
 CYCLE:   361 TIME:   0.096 TIME LEFT:  2.00D  GRAD.:     0.702 HEAT:  7.525423
 CYCLE:   362 TIME:   0.100 TIME LEFT:  2.00D  GRAD.:     0.785 HEAT:  7.525263
 CYCLE:   363 TIME:   0.096 TIME LEFT:  2.00D  GRAD.:     4.295 HEAT:  7.525338
 CYCLE:   364 TIME:   0.092 TIME LEFT:  2.00D  GRAD.:     0.972 HEAT:  7.525039
 CYCLE:   365 TIME:   0.098 TIME LEFT:  2.00D  GRAD.:     0.574 HEAT:  7.524973
 CYCLE:   366 TIME:   0.094 TIME LEFT:  2.00D  GRAD.:     1.132 HEAT:  7.524876
 CYCLE:   367 TIME:   0.096 TIME LEFT:  2.00D  GRAD.:     3.614 HEAT:  7.524905
 CYCLE:   368 TIME:   0.117 TIME LEFT:  2.00D  GRAD.:     0.807 HEAT:  7.524757
 CYCLE:   369 TIME:   0.123 TIME LEFT:  2.00D  GRAD.:     0.754 HEAT:  7.524741
 CYCLE:   370 TIME:   0.094 TIME LEFT:  2.00D  GRAD.:     0.741 HEAT:  7.524673
 CYCLE:   371 TIME:   0.096 TIME LEFT:  2.00D  GRAD.:     0.843 HEAT:  7.524513
 CYCLE:   372 TIME:   0.090 TIME LEFT:  2.00D  GRAD.:     1.766 HEAT:  7.524543
 CYCLE:   373 TIME:   0.096 TIME LEFT:  2.00D  GRAD.:     0.702 HEAT:  7.524403
 CYCLE:   374 TIME:   0.088 TIME LEFT:  2.00D  GRAD.:     0.580 HEAT:  7.524330
 CYCLE:   375 TIME:   0.107 TIME LEFT:  2.00D  GRAD.:     1.071 HEAT:  7.524215
 CYCLE:   376 TIME:   0.096 TIME LEFT:  2.00D  GRAD.:     0.801 HEAT:  7.524099
 CYCLE:   377 TIME:   0.098 TIME LEFT:  2.00D  GRAD.:     0.889 HEAT:  7.523983
 CYCLE:   378 TIME:   0.217 TIME LEFT:  2.00D  GRAD.:     4.078 HEAT:  7.524026
 CYCLE:   379 TIME:   0.098 TIME LEFT:  2.00D  GRAD.:     0.732 HEAT:  7.523837
 CYCLE:   380 TIME:   0.098 TIME LEFT:  2.00D  GRAD.:     0.567 HEAT:  7.523811
 CYCLE:   381 TIME:   0.102 TIME LEFT:  2.00D  GRAD.:     1.262 HEAT:  7.523827
 CYCLE:   382 TIME:   0.121 TIME LEFT:  2.00D  GRAD.:     2.876 HEAT:  7.523830
 CYCLE:   383 TIME:   0.199 TIME LEFT:  2.00D  GRAD.:     0.584 HEAT:  7.523749
 CYCLE:   384 TIME:   0.104 TIME LEFT:  2.00D  GRAD.:     0.710 HEAT:  7.523776
 CYCLE:   385 TIME:   0.088 TIME LEFT:  2.00D  GRAD.:     0.389 HEAT:  7.523709
 CYCLE:   386 TIME:   0.094 TIME LEFT:  2.00D  GRAD.:     0.686 HEAT:  7.523673
 CYCLE:   387 TIME:   0.090 TIME LEFT:  2.00D  GRAD.:     0.516 HEAT:  7.523627
 CYCLE:   388 TIME:   0.105 TIME LEFT:  2.00D  GRAD.:     0.704 HEAT:  7.523556
 CYCLE:   389 TIME:   0.072 TIME LEFT:  2.00D  GRAD.:     0.510 HEAT:  7.523498
 CYCLE:   390 TIME:   0.066 TIME LEFT:  2.00D  GRAD.:     0.554 HEAT:  7.523473
 CYCLE:   391 TIME:   0.088 TIME LEFT:  2.00D  GRAD.:     0.453 HEAT:  7.523406
 CYCLE:   392 TIME:   0.094 TIME LEFT:  2.00D  GRAD.:     1.539 HEAT:  7.523373
 CYCLE:   393 TIME:   0.064 TIME LEFT:  2.00D  GRAD.:     2.420 HEAT:  7.523402
 CYCLE:   394 TIME:   0.941 TIME LEFT:  2.00D  GRAD.:     0.349 HEAT:  7.523318
 CYCLE:   395 TIME:   0.404 TIME LEFT:  2.00D  GRAD.:     0.396 HEAT:  7.523309
 CYCLE:   396 TIME:   0.094 TIME LEFT:  2.00D  GRAD.:     1.060 HEAT:  7.523356
 CYCLE:   397 TIME:   0.094 TIME LEFT:  2.00D  GRAD.:     2.806 HEAT:  7.523346
 CYCLE:   398 TIME:   0.088 TIME LEFT:  2.00D  GRAD.:     2.763 HEAT:  7.523359
 CYCLE:   399 TIME:   0.090 TIME LEFT:  2.00D  GRAD.:     0.424 HEAT:  7.523266
 CYCLE:   400 TIME:   0.078 TIME LEFT:  2.00D  GRAD.:     1.415 HEAT:  7.523350
 CYCLE:   401 TIME:   0.102 TIME LEFT:  2.00D  GRAD.:     0.468 HEAT:  7.523255
 CYCLE:   402 TIME:   0.090 TIME LEFT:  2.00D  GRAD.:     0.408 HEAT:  7.523232
 CYCLE:   403 TIME:   0.088 TIME LEFT:  2.00D  GRAD.:     0.366 HEAT:  7.523220
 CYCLE:   404 TIME:   0.096 TIME LEFT:  2.00D  GRAD.:     1.638 HEAT:  7.523308
 CYCLE:   405 TIME:   0.080 TIME LEFT:  2.00D  GRAD.:     0.524 HEAT:  7.523185
 CYCLE:   406 TIME:   0.062 TIME LEFT:  2.00D  GRAD.:     0.274 HEAT:  7.523175
 CYCLE:   407 TIME:   0.076 TIME LEFT:  2.00D  GRAD.:     0.293 HEAT:  7.523161
 CYCLE:   408 TIME:   0.102 TIME LEFT:  2.00D  GRAD.:     1.913 HEAT:  7.523179
 CYCLE:   409 TIME:   0.100 TIME LEFT:  2.00D  GRAD.:     0.580 HEAT:  7.523122
 CYCLE:   410 TIME:   0.076 TIME LEFT:  2.00D  GRAD.:     0.272 HEAT:  7.523112
 CYCLE:   411 TIME:   0.074 TIME LEFT:  2.00D  GRAD.:     0.286 HEAT:  7.523101
 CYCLE:   412 TIME:   0.090 TIME LEFT:  2.00D  GRAD.:     0.977 HEAT:  7.523083
 CYCLE:   413 TIME:   0.090 TIME LEFT:  2.00D  GRAD.:     0.869 HEAT:  7.523077
 CYCLE:   414 TIME:   0.096 TIME LEFT:  2.00D  GRAD.:     0.325 HEAT:  7.523055
 CYCLE:   415 TIME:   0.098 TIME LEFT:  2.00D  GRAD.:     0.582 HEAT:  7.523054
 CYCLE:   416 TIME:   0.096 TIME LEFT:  2.00D  GRAD.:     0.349 HEAT:  7.523030
 CYCLE:   417 TIME:   0.084 TIME LEFT:  2.00D  GRAD.:     0.317 HEAT:  7.523008
 CYCLE:   418 TIME:   0.096 TIME LEFT:  2.00D  GRAD.:     0.322 HEAT:  7.522983
 CYCLE:   419 TIME:   0.197 TIME LEFT:  2.00D  GRAD.:     0.322 HEAT:  7.522945
 CYCLE:   420 TIME:   0.172 TIME LEFT:  2.00D  GRAD.:     0.989 HEAT:  7.522945
 CYCLE:   421 TIME:   0.121 TIME LEFT:  2.00D  GRAD.:     0.285 HEAT:  7.522913
 CYCLE:   422 TIME:   0.064 TIME LEFT:  2.00D  GRAD.:     0.259 HEAT:  7.522903
 CYCLE:   423 TIME:   0.080 TIME LEFT:  2.00D  GRAD.:     1.690 HEAT:  7.522902
 CYCLE:   424 TIME:   0.074 TIME LEFT:  2.00D  GRAD.:     0.437 HEAT:  7.522873
 CYCLE:   425 TIME:   0.080 TIME LEFT:  2.00D  GRAD.:     2.163 HEAT:  7.522898
 CYCLE:   426 TIME:   0.072 TIME LEFT:  2.00D  GRAD.:     0.867 HEAT:  7.522870
 CYCLE:   427 TIME:   0.076 TIME LEFT:  2.00D  GRAD.:     0.850 HEAT:  7.522852
 CYCLE:   428 TIME:   0.080 TIME LEFT:  2.00D  GRAD.:     0.383 HEAT:  7.522841
 CYCLE:   429 TIME:   0.072 TIME LEFT:  2.00D  GRAD.:     0.681 HEAT:  7.522829
 CYCLE:   430 TIME:   0.082 TIME LEFT:  2.00D  GRAD.:     0.987 HEAT:  7.522826
 CYCLE:   431 TIME:   0.082 TIME LEFT:  2.00D  GRAD.:     0.700 HEAT:  7.522809
 CYCLE:   432 TIME:   0.064 TIME LEFT:  2.00D  GRAD.:     1.874 HEAT:  7.522848
 CYCLE:   433 TIME:   0.092 TIME LEFT:  2.00D  GRAD.:     1.234 HEAT:  7.522821
 CYCLE:   434 TIME:   0.096 TIME LEFT:  2.00D  GRAD.:     0.395 HEAT:  7.522777
 CYCLE:   435 TIME:   0.088 TIME LEFT:  2.00D  GRAD.:     0.468 HEAT:  7.522773
 CYCLE:   436 TIME:   0.080 TIME LEFT:  2.00D  GRAD.:     0.870 HEAT:  7.522765
 CYCLE:   437 TIME:   0.084 TIME LEFT:  2.00D  GRAD.:     0.438 HEAT:  7.522754
 CYCLE:   438 TIME:   0.080 TIME LEFT:  2.00D  GRAD.:     0.619 HEAT:  7.522745
 CYCLE:   439 TIME:   0.100 TIME LEFT:  2.00D  GRAD.:     1.068 HEAT:  7.522734
 CYCLE:   440 TIME:   0.092 TIME LEFT:  2.00D  GRAD.:     0.902 HEAT:  7.522720
 CYCLE:   441 TIME:   0.090 TIME LEFT:  2.00D  GRAD.:     0.333 HEAT:  7.522684
 CYCLE:   442 TIME:   0.088 TIME LEFT:  2.00D  GRAD.:     0.417 HEAT:  7.522662
 CYCLE:   443 TIME:   0.080 TIME LEFT:  2.00D  GRAD.:     0.421 HEAT:  7.522638
 CYCLE:   444 TIME:   0.088 TIME LEFT:  2.00D  GRAD.:     0.960 HEAT:  7.522617
 CYCLE:   445 TIME:   0.092 TIME LEFT:  2.00D  GRAD.:     1.908 HEAT:  7.522734
 CYCLE:   446 TIME:   0.078 TIME LEFT:  2.00D  GRAD.:     0.351 HEAT:  7.522579
 CYCLE:   447 TIME:   0.082 TIME LEFT:  2.00D  GRAD.:     0.772 HEAT:  7.522585
 CYCLE:   448 TIME:   0.088 TIME LEFT:  2.00D  GRAD.:     0.366 HEAT:  7.522551
 CYCLE:   449 TIME:   0.086 TIME LEFT:  2.00D  GRAD.:     0.359 HEAT:  7.522527
 CYCLE:   450 TIME:   0.070 TIME LEFT:  2.00D  GRAD.:     0.973 HEAT:  7.522499
 CYCLE:   451 TIME:   0.088 TIME LEFT:  2.00D  GRAD.:     1.242 HEAT:  7.522474
 CYCLE:   452 TIME:   0.086 TIME LEFT:  2.00D  GRAD.:     0.579 HEAT:  7.522452
 CYCLE:   453 TIME:   0.096 TIME LEFT:  2.00D  GRAD.:     1.204 HEAT:  7.522451
 CYCLE:   454 TIME:   0.090 TIME LEFT:  2.00D  GRAD.:     0.359 HEAT:  7.522428
 CYCLE:   455 TIME:   0.088 TIME LEFT:  2.00D  GRAD.:     0.645 HEAT:  7.522426
 CYCLE:   456 TIME:   0.088 TIME LEFT:  2.00D  GRAD.:     0.353 HEAT:  7.522416
 CYCLE:   457 TIME:   0.096 TIME LEFT:  2.00D  GRAD.:     0.288 HEAT:  7.522411
 CYCLE:   458 TIME:   0.094 TIME LEFT:  2.00D  GRAD.:     0.411 HEAT:  7.522401
 CYCLE:   459 TIME:   0.090 TIME LEFT:  2.00D  GRAD.:     0.565 HEAT:  7.522380
 CYCLE:   460 TIME:   0.100 TIME LEFT:  2.00D  GRAD.:     2.419 HEAT:  7.522449
 CYCLE:   461 TIME:   0.094 TIME LEFT:  2.00D  GRAD.:     0.466 HEAT:  7.522327
 CYCLE:   462 TIME:   0.092 TIME LEFT:  2.00D  GRAD.:     0.307 HEAT:  7.522304
 CYCLE:   463 TIME:   0.090 TIME LEFT:  2.00D  GRAD.:     1.156 HEAT:  7.522314
 CYCLE:   464 TIME:   0.094 TIME LEFT:  2.00D  GRAD.:     0.493 HEAT:  7.522280
 CYCLE:   465 TIME:   0.088 TIME LEFT:  2.00D  GRAD.:     1.297 HEAT:  7.522271
 CYCLE:   466 TIME:   0.090 TIME LEFT:  2.00D  GRAD.:     0.285 HEAT:  7.522252
 CYCLE:   467 TIME:   0.088 TIME LEFT:  2.00D  GRAD.:     0.474 HEAT:  7.522250
 CYCLE:   468 TIME:   0.088 TIME LEFT:  2.00D  GRAD.:     0.367 HEAT:  7.522243
 CYCLE:   469 TIME:   0.086 TIME LEFT:  2.00D  GRAD.:     0.315 HEAT:  7.522230
 CYCLE:   470 TIME:   0.092 TIME LEFT:  2.00D  GRAD.:     1.774 HEAT:  7.522229
 CYCLE:   471 TIME:   0.090 TIME LEFT:  2.00D  GRAD.:     0.698 HEAT:  7.522197
 CYCLE:   472 TIME:   0.088 TIME LEFT:  2.00D  GRAD.:     0.307 HEAT:  7.522183
 CYCLE:   473 TIME:   0.096 TIME LEFT:  2.00D  GRAD.:     1.886 HEAT:  7.522225
 CYCLE:   474 TIME:   0.094 TIME LEFT:  2.00D  GRAD.:     0.515 HEAT:  7.522179
 CYCLE:   475 TIME:   0.094 TIME LEFT:  2.00D  GRAD.:     0.465 HEAT:  7.522158
 CYCLE:   476 TIME:   0.092 TIME LEFT:  2.00D  GRAD.:     0.640 HEAT:  7.522150
 CYCLE:   477 TIME:   0.088 TIME LEFT:  2.00D  GRAD.:     0.836 HEAT:  7.522145
 CYCLE:   478 TIME:   0.076 TIME LEFT:  2.00D  GRAD.:     0.647 HEAT:  7.522116
 CYCLE:   479 TIME:   0.090 TIME LEFT:  2.00D  GRAD.:     0.869 HEAT:  7.522083
 CYCLE:   480 TIME:   0.088 TIME LEFT:  2.00D  GRAD.:     0.696 HEAT:  7.522061
 CYCLE:   481 TIME:   0.096 TIME LEFT:  2.00D  GRAD.:     0.484 HEAT:  7.522053
 CYCLE:   482 TIME:   0.080 TIME LEFT:  2.00D  GRAD.:     1.425 HEAT:  7.522085
 CYCLE:   483 TIME:   0.084 TIME LEFT:  2.00D  GRAD.:     0.802 HEAT:  7.522045
 CYCLE:   484 TIME:   0.096 TIME LEFT:  2.00D  GRAD.:     0.326 HEAT:  7.522024
 CYCLE:   485 TIME:   0.092 TIME LEFT:  2.00D  GRAD.:     0.310 HEAT:  7.522012
 CYCLE:   486 TIME:   0.090 TIME LEFT:  2.00D  GRAD.:     1.030 HEAT:  7.521993
 CYCLE:   487 TIME:   0.068 TIME LEFT:  2.00D  GRAD.:     1.222 HEAT:  7.521950
 CYCLE:   488 TIME:   0.088 TIME LEFT:  2.00D  GRAD.:     0.344 HEAT:  7.521905
 CYCLE:   489 TIME:   0.092 TIME LEFT:  2.00D  GRAD.:     0.777 HEAT:  7.521855
 CYCLE:   490 TIME:   0.090 TIME LEFT:  2.00D  GRAD.:     0.889 HEAT:  7.521805
 CYCLE:   491 TIME:   0.090 TIME LEFT:  2.00D  GRAD.:     0.594 HEAT:  7.521748
 CYCLE:   492 TIME:   0.098 TIME LEFT:  2.00D  GRAD.:     1.117 HEAT:  7.521707
 CYCLE:   493 TIME:   0.090 TIME LEFT:  2.00D  GRAD.:     0.700 HEAT:  7.521661
 CYCLE:   494 TIME:   0.100 TIME LEFT:  2.00D  GRAD.:     0.916 HEAT:  7.521621
 CYCLE:   495 TIME:   0.080 TIME LEFT:  2.00D  GRAD.:     0.546 HEAT:  7.521577
 CYCLE:   496 TIME:   0.096 TIME LEFT:  2.00D  GRAD.:     0.773 HEAT:  7.521516
 CYCLE:   497 TIME:   0.088 TIME LEFT:  2.00D  GRAD.:     0.785 HEAT:  7.521439
 CYCLE:   498 TIME:   0.096 TIME LEFT:  2.00D  GRAD.:     1.657 HEAT:  7.521365
 CYCLE:   499 TIME:   0.072 TIME LEFT:  2.00D  GRAD.:     0.793 HEAT:  7.521253
 CYCLE:   500 TIME:   0.084 TIME LEFT:  2.00D  GRAD.:     0.768 HEAT:  7.521179
 CYCLE:   501 TIME:   0.094 TIME LEFT:  2.00D  GRAD.:     0.834 HEAT:  7.521089
 CYCLE:   502 TIME:   0.100 TIME LEFT:  2.00D  GRAD.:     5.683 HEAT:  7.521399
 CYCLE:   503 TIME:   0.096 TIME LEFT:  2.00D  GRAD.:     1.575 HEAT:  7.521062
 CYCLE:   504 TIME:   0.088 TIME LEFT:  2.00D  GRAD.:     0.560 HEAT:  7.520987
 CYCLE:   505 TIME:   0.061 TIME LEFT:  2.00D  GRAD.:     0.629 HEAT:  7.520972
 CYCLE:   506 TIME:   0.066 TIME LEFT:  2.00D  GRAD.:     0.756 HEAT:  7.520940
 CYCLE:   507 TIME:   0.061 TIME LEFT:  2.00D  GRAD.:     5.353 HEAT:  7.521170
 CYCLE:   508 TIME:   0.062 TIME LEFT:  2.00D  GRAD.:     0.436 HEAT:  7.520890
 CYCLE:   509 TIME:   0.068 TIME LEFT:  2.00D  GRAD.:     2.536 HEAT:  7.521024
 CYCLE:   510 TIME:   0.084 TIME LEFT:  2.00D  GRAD.:     0.304 HEAT:  7.520897
 CYCLE:   511 TIME:   0.088 TIME LEFT:  2.00D  GRAD.:     0.361 HEAT:  7.520883
 CYCLE:   512 TIME:   0.109 TIME LEFT:  2.00D  GRAD.:     2.611 HEAT:  7.520950
 CYCLE:   513 TIME:   0.133 TIME LEFT:  2.00D  GRAD.:     0.272 HEAT:  7.520884
 CYCLE:   514 TIME:   0.135 TIME LEFT:  2.00D  GRAD.:     3.001 HEAT:  7.520961
 CYCLE:   515 TIME:   0.125 TIME LEFT:  2.00D  GRAD.:     0.491 HEAT:  7.520903
 CYCLE:   516 TIME:   0.135 TIME LEFT:  2.00D  GRAD.:     3.770 HEAT:  7.521012
 CYCLE:   517 TIME:   0.123 TIME LEFT:  2.00D  GRAD.:     1.103 HEAT:  7.520943
 CYCLE:   518 TIME:   0.125 TIME LEFT:  2.00D  GRAD.:     4.828 HEAT:  7.521106
 CYCLE:   519 TIME:   0.107 TIME LEFT:  2.00D  GRAD.:     1.106 HEAT:  7.520884
 CYCLE:   520 TIME:   0.121 TIME LEFT:  2.00D  GRAD.:     0.961 HEAT:  7.520805
 CYCLE:   521 TIME:   0.129 TIME LEFT:  2.00D  GRAD.:     1.063 HEAT:  7.520795
 CYCLE:   522 TIME:   0.105 TIME LEFT:  2.00D  GRAD.:     5.170 HEAT:  7.520920
 CYCLE:   523 TIME:   0.117 TIME LEFT:  2.00D  GRAD.:     1.180 HEAT:  7.520762
 CYCLE:   524 TIME:   0.111 TIME LEFT:  2.00D  GRAD.:     0.619 HEAT:  7.520751
 CYCLE:   525 TIME:   0.125 TIME LEFT:  2.00D  GRAD.:     0.834 HEAT:  7.520732
 CYCLE:   526 TIME:   0.102 TIME LEFT:  2.00D  GRAD.:     0.460 HEAT:  7.520720
 CYCLE:   527 TIME:   0.139 TIME LEFT:  2.00D  GRAD.:     1.929 HEAT:  7.520754
 CYCLE:   528 TIME:   0.131 TIME LEFT:  2.00D  GRAD.:     0.448 HEAT:  7.520694
 CYCLE:   529 TIME:   0.113 TIME LEFT:  2.00D  GRAD.:     0.414 HEAT:  7.520684
 CYCLE:   530 TIME:   0.137 TIME LEFT:  2.00D  GRAD.:     2.193 HEAT:  7.520764
 CYCLE:   531 TIME:   0.113 TIME LEFT:  2.00D  GRAD.:     0.455 HEAT:  7.520603
 CYCLE:   532 TIME:   0.105 TIME LEFT:  2.00D  GRAD.:     0.280 HEAT:  7.520590
 CYCLE:   533 TIME:   0.082 TIME LEFT:  2.00D  GRAD.:     0.646 HEAT:  7.520583
 CYCLE:   534 TIME:   0.072 TIME LEFT:  2.00D  GRAD.:     0.305 HEAT:  7.520556
 CYCLE:   535 TIME:   0.074 TIME LEFT:  2.00D  GRAD.:     0.309 HEAT:  7.520538
 CYCLE:   536 TIME:   0.090 TIME LEFT:  2.00D  GRAD.:     0.601 HEAT:  7.520509
 CYCLE:   537 TIME:   0.092 TIME LEFT:  2.00D  GRAD.:     4.362 HEAT:  7.520676
 CYCLE:   538 TIME:   0.092 TIME LEFT:  2.00D  GRAD.:     0.478 HEAT:  7.520483
 CYCLE:   539 TIME:   0.078 TIME LEFT:  2.00D  GRAD.:     0.368 HEAT:  7.520475
 CYCLE:   540 TIME:   0.090 TIME LEFT:  2.00D  GRAD.:     0.368 HEAT:  7.520448
 CYCLE:   541 TIME:   0.090 TIME LEFT:  2.00D  GRAD.:     0.621 HEAT:  7.520427
 CYCLE:   542 TIME:   0.088 TIME LEFT:  2.00D  GRAD.:     0.299 HEAT:  7.520410
 CYCLE:   543 TIME:   0.059 TIME LEFT:  2.00D  GRAD.:     0.265 HEAT:  7.520392
 CYCLE:   544 TIME:   0.074 TIME LEFT:  2.00D  GRAD.:     0.357 HEAT:  7.520357
 CYCLE:   545 TIME:   0.076 TIME LEFT:  2.00D  GRAD.:     0.455 HEAT:  7.520340
 CYCLE:   546 TIME:   0.061 TIME LEFT:  2.00D  GRAD.:     0.448 HEAT:  7.520330
 CYCLE:   547 TIME:   0.078 TIME LEFT:  2.00D  GRAD.:     0.274 HEAT:  7.520311
 CYCLE:   548 TIME:   0.078 TIME LEFT:  2.00D  GRAD.:     0.346 HEAT:  7.520291
 CYCLE:   549 TIME:   0.080 TIME LEFT:  2.00D  GRAD.:     0.582 HEAT:  7.520277
 CYCLE:   550 TIME:   0.088 TIME LEFT:  2.00D  GRAD.:     0.560 HEAT:  7.520268
 CYCLE:   551 TIME:   0.072 TIME LEFT:  2.00D  GRAD.:     0.527 HEAT:  7.520235
 CYCLE:   552 TIME:   0.062 TIME LEFT:  2.00D  GRAD.:     0.760 HEAT:  7.520213
 CYCLE:   553 TIME:   0.074 TIME LEFT:  2.00D  GRAD.:     0.836 HEAT:  7.520194
 CYCLE:   554 TIME:   0.084 TIME LEFT:  2.00D  GRAD.:     0.635 HEAT:  7.520193
 CYCLE:   555 TIME:   0.061 TIME LEFT:  2.00D  GRAD.:     0.273 HEAT:  7.520186
 CYCLE:   556 TIME:   0.061 TIME LEFT:  2.00D  GRAD.:     0.314 HEAT:  7.520182
 CYCLE:   557 TIME:   0.064 TIME LEFT:  2.00D  GRAD.:     4.506 HEAT:  7.520443
 CYCLE:   558 TIME:   0.066 TIME LEFT:  2.00D  GRAD.:     0.671 HEAT:  7.520194
 CYCLE:   559 TIME:   0.070 TIME LEFT:  2.00D  GRAD.:     1.958 HEAT:  7.520202
 CYCLE:   560 TIME:   0.064 TIME LEFT:  2.00D  GRAD.:     0.548 HEAT:  7.520161
 CYCLE:   561 TIME:   0.059 TIME LEFT:  2.00D  GRAD.:     0.429 HEAT:  7.520158
 CYCLE:   562 TIME:   0.068 TIME LEFT:  2.00D  GRAD.:     1.404 HEAT:  7.520159
 CYCLE:   563 TIME:   0.074 TIME LEFT:  2.00D  GRAD.:     0.561 HEAT:  7.520146
 CYCLE:   564 TIME:   0.061 TIME LEFT:  2.00D  GRAD.:     0.257 HEAT:  7.520142
 CYCLE:   565 TIME:   0.068 TIME LEFT:  2.00D  GRAD.:     0.716 HEAT:  7.520141
 CYCLE:   566 TIME:   0.066 TIME LEFT:  2.00D  GRAD.:     0.339 HEAT:  7.520133
 CYCLE:   567 TIME:   0.070 TIME LEFT:  2.00D  GRAD.:     0.989 HEAT:  7.520133
 CYCLE:   568 TIME:   0.084 TIME LEFT:  2.00D  GRAD.:     0.298 HEAT:  7.520122
 CYCLE:   569 TIME:   0.072 TIME LEFT:  2.00D  GRAD.:     0.302 HEAT:  7.520121
 CYCLE:   570 TIME:   0.064 TIME LEFT:  2.00D  GRAD.:     0.276 HEAT:  7.520119
 CYCLE:   571 TIME:   0.076 TIME LEFT:  2.00D  GRAD.:     0.736 HEAT:  7.520112
 CYCLE:   572 TIME:   0.072 TIME LEFT:  2.00D  GRAD.:     0.510 HEAT:  7.520102
 CYCLE:   573 TIME:   0.072 TIME LEFT:  2.00D  GRAD.:     0.292 HEAT:  7.520093
 CYCLE:   574 TIME:   0.072 TIME LEFT:  2.00D  GRAD.:     0.216 HEAT:  7.520085
 CYCLE:   575 TIME:   0.072 TIME LEFT:  2.00D  GRAD.:     0.381 HEAT:  7.520077
 CYCLE:   576 TIME:   0.061 TIME LEFT:  2.00D  GRAD.:     0.437 HEAT:  7.520063
 CYCLE:   577 TIME:   0.076 TIME LEFT:  2.00D  GRAD.:     0.339 HEAT:  7.520050
 CYCLE:   578 TIME:   0.086 TIME LEFT:  2.00D  GRAD.:     0.317 HEAT:  7.520037
 CYCLE:   579 TIME:   0.088 TIME LEFT:  2.00D  GRAD.:     0.978 HEAT:  7.520038
 CYCLE:   580 TIME:   0.092 TIME LEFT:  2.00D  GRAD.:     0.318 HEAT:  7.520023
 CYCLE:   581 TIME:   0.086 TIME LEFT:  2.00D  GRAD.:     0.200 HEAT:  7.520018
 CYCLE:   582 TIME:   0.080 TIME LEFT:  2.00D  GRAD.:     0.213 HEAT:  7.520010
 CYCLE:   583 TIME:   0.061 TIME LEFT:  2.00D  GRAD.:     0.508 HEAT:  7.519998
 CYCLE:   584 TIME:   0.076 TIME LEFT:  2.00D  GRAD.:     2.729 HEAT:  7.520115
 CYCLE:   585 TIME:   0.078 TIME LEFT:  2.00D  GRAD.:     0.300 HEAT:  7.519984
 CYCLE:   586 TIME:   0.088 TIME LEFT:  2.00D  GRAD.:     0.381 HEAT:  7.519980
 CYCLE:   587 TIME:   0.066 TIME LEFT:  2.00D  GRAD.:     0.796 HEAT:  7.519974
 CYCLE:   588 TIME:   0.090 TIME LEFT:  2.00D  GRAD.:     0.331 HEAT:  7.519959
 CYCLE:   589 TIME:   0.064 TIME LEFT:  2.00D  GRAD.:     0.466 HEAT:  7.519954
 CYCLE:   590 TIME:   0.082 TIME LEFT:  2.00D  GRAD.:     0.474 HEAT:  7.519947
 CYCLE:   591 TIME:   0.076 TIME LEFT:  2.00D  GRAD.:     0.452 HEAT:  7.519940
 CYCLE:   592 TIME:   0.088 TIME LEFT:  2.00D  GRAD.:     0.538 HEAT:  7.519923
 CYCLE:   593 TIME:   0.078 TIME LEFT:  2.00D  GRAD.:     0.422 HEAT:  7.519918
 CYCLE:   594 TIME:   0.061 TIME LEFT:  2.00D  GRAD.:     0.235 HEAT:  7.519910
 CYCLE:   595 TIME:   0.080 TIME LEFT:  2.00D  GRAD.:     0.342 HEAT:  7.519909
 CYCLE:   596 TIME:   0.086 TIME LEFT:  2.00D  GRAD.:     0.568 HEAT:  7.519907
 CYCLE:   597 TIME:   0.070 TIME LEFT:  2.00D  GRAD.:     0.311 HEAT:  7.519895
 CYCLE:   598 TIME:   0.076 TIME LEFT:  2.00D  GRAD.:     0.291 HEAT:  7.519890
 CYCLE:   599 TIME:   0.062 TIME LEFT:  2.00D  GRAD.:     0.375 HEAT:  7.519882
 CYCLE:   600 TIME:   0.061 TIME LEFT:  2.00D  GRAD.:     0.330 HEAT:  7.519875
 CYCLE:   601 TIME:   0.064 TIME LEFT:  2.00D  GRAD.:     0.185 HEAT:  7.519869
 CYCLE:   602 TIME:   0.072 TIME LEFT:  2.00D  GRAD.:     0.301 HEAT:  7.519861
 CYCLE:   603 TIME:   0.072 TIME LEFT:  2.00D  GRAD.:     0.697 HEAT:  7.519864
 CYCLE:   604 TIME:   0.080 TIME LEFT:  2.00D  GRAD.:     1.271 HEAT:  7.519861
 CYCLE:   605 TIME:   0.064 TIME LEFT:  2.00D  GRAD.:     0.211 HEAT:  7.519842
 CYCLE:   606 TIME:   0.061 TIME LEFT:  2.00D  GRAD.:     0.151 HEAT:  7.519840
 CYCLE:   607 TIME:   0.070 TIME LEFT:  2.00D  GRAD.:     0.170 HEAT:  7.519838
 CYCLE:   608 TIME:   0.074 TIME LEFT:  2.00D  GRAD.:     0.300 HEAT:  7.519835
 CYCLE:   609 TIME:   0.092 TIME LEFT:  2.00D  GRAD.:     0.379 HEAT:  7.519839
 CYCLE:   610 TIME:   0.066 TIME LEFT:  2.00D  GRAD.:     0.288 HEAT:  7.519827
 CYCLE:   611 TIME:   0.078 TIME LEFT:  2.00D  GRAD.:     0.230 HEAT:  7.519820
 CYCLE:   612 TIME:   0.076 TIME LEFT:  2.00D  GRAD.:     0.496 HEAT:  7.519814
 CYCLE:   613 TIME:   0.064 TIME LEFT:  2.00D  GRAD.:     0.283 HEAT:  7.519799
 CYCLE:   614 TIME:   0.070 TIME LEFT:  2.00D  GRAD.:     0.186 HEAT:  7.519788
 CYCLE:   615 TIME:   0.070 TIME LEFT:  2.00D  GRAD.:     0.544 HEAT:  7.519779
 CYCLE:   616 TIME:   0.068 TIME LEFT:  2.00D  GRAD.:     0.384 HEAT:  7.519771
 CYCLE:   617 TIME:   0.062 TIME LEFT:  2.00D  GRAD.:     0.727 HEAT:  7.519767
 CYCLE:   618 TIME:   0.062 TIME LEFT:  2.00D  GRAD.:     0.285 HEAT:  7.519760
 CYCLE:   619 TIME:   0.076 TIME LEFT:  2.00D  GRAD.:     0.735 HEAT:  7.519766
 CYCLE:   620 TIME:   0.078 TIME LEFT:  2.00D  GRAD.:     0.192 HEAT:  7.519757
 CYCLE:   621 TIME:   0.068 TIME LEFT:  2.00D  GRAD.:     0.326 HEAT:  7.519754
 CYCLE:   622 TIME:   0.074 TIME LEFT:  2.00D  GRAD.:     0.210 HEAT:  7.519752
 CYCLE:   623 TIME:   0.074 TIME LEFT:  2.00D  GRAD.:     0.259 HEAT:  7.519761
 CYCLE:   624 TIME:   0.062 TIME LEFT:  2.00D  GRAD.:     0.183 HEAT:  7.519745
 CYCLE:   625 TIME:   0.076 TIME LEFT:  2.00D  GRAD.:     0.239 HEAT:  7.519742
 CYCLE:   626 TIME:   0.076 TIME LEFT:  2.00D  GRAD.:     2.625 HEAT:  7.519842
 CYCLE:   627 TIME:   0.074 TIME LEFT:  2.00D  GRAD.:     0.162 HEAT:  7.519734
 CYCLE:   628 TIME:   0.078 TIME LEFT:  2.00D  GRAD.:     0.432 HEAT:  7.519756
 CYCLE:   629 TIME:   0.070 TIME LEFT:  2.00D  GRAD.:     0.829 HEAT:  7.519737
 CYCLE:   630 TIME:   0.068 TIME LEFT:  2.00D  GRAD.:     0.335 HEAT:  7.519725
 CYCLE:   631 TIME:   0.061 TIME LEFT:  2.00D  GRAD.:     0.449 HEAT:  7.519730
 CYCLE:   632 TIME:   0.078 TIME LEFT:  2.00D  GRAD.:     0.151 HEAT:  7.519722
 CYCLE:   633 TIME:   0.094 TIME LEFT:  2.00D  GRAD.:     1.198 HEAT:  7.519759
 CYCLE:   634 TIME:   0.080 TIME LEFT:  2.00D  GRAD.:     0.553 HEAT:  7.519726
 CYCLE:   635 TIME:   0.094 TIME LEFT:  2.00D  GRAD.:     1.008 HEAT:  7.519723
 CYCLE:   636 TIME:   0.074 TIME LEFT:  2.00D  GRAD.:     0.218 HEAT:  7.519715
 CYCLE:   637 TIME:   0.061 TIME LEFT:  2.00D  GRAD.:     0.527 HEAT:  7.519718
 CYCLE:   638 TIME:   0.062 TIME LEFT:  2.00D  GRAD.:     0.137 HEAT:  7.519713
 CYCLE:   639 TIME:   0.062 TIME LEFT:  2.00D  GRAD.:     1.114 HEAT:  7.519727
 CYCLE:   640 TIME:   0.088 TIME LEFT:  2.00D  GRAD.:     0.297 HEAT:  7.519710
 CYCLE:   641 TIME:   0.092 TIME LEFT:  2.00D  GRAD.:     0.144 HEAT:  7.519709
 CYCLE:   642 TIME:   0.078 TIME LEFT:  2.00D  GRAD.:     0.126 HEAT:  7.519708
 CYCLE:   643 TIME:   0.088 TIME LEFT:  2.00D  GRAD.:     0.187 HEAT:  7.519707
 CYCLE:   644 TIME:   0.082 TIME LEFT:  2.00D  GRAD.:     0.317 HEAT:  7.519714
 CYCLE:   645 TIME:   0.090 TIME LEFT:  2.00D  GRAD.:     4.804 HEAT:  7.520008
 CYCLE:   646 TIME:   0.088 TIME LEFT:  2.00D  GRAD.:     0.229 HEAT:  7.519701
 CYCLE:   647 TIME:   0.096 TIME LEFT:  2.00D  GRAD.:     0.368 HEAT:  7.519712
 CYCLE:   648 TIME:   0.096 TIME LEFT:  2.00D  GRAD.:     2.831 HEAT:  7.519866
 CYCLE:   649 TIME:   0.092 TIME LEFT:  2.00D  GRAD.:     0.367 HEAT:  7.519695
 CYCLE:   650 TIME:   0.092 TIME LEFT:  2.00D  GRAD.:     0.827 HEAT:  7.519717
 CYCLE:   651 TIME:   0.090 TIME LEFT:  2.00D  GRAD.:     0.220 HEAT:  7.519690
 CYCLE:   652 TIME:   0.092 TIME LEFT:  2.00D  GRAD.:     0.274 HEAT:  7.519685
 CYCLE:   653 TIME:   0.094 TIME LEFT:  2.00D  GRAD.:     0.399 HEAT:  7.519685
 CYCLE:   654 TIME:   0.088 TIME LEFT:  2.00D  GRAD.:     0.146 HEAT:  7.519683
 CYCLE:   655 TIME:   0.092 TIME LEFT:  2.00D  GRAD.:     0.163 HEAT:  7.519685
 CYCLE:   656 TIME:   0.078 TIME LEFT:  2.00D  GRAD.:     2.684 HEAT:  7.519748
 CYCLE:   657 TIME:   0.082 TIME LEFT:  2.00D  GRAD.:     0.198 HEAT:  7.519680
 CYCLE:   658 TIME:   0.062 TIME LEFT:  2.00D  GRAD.:     0.536 HEAT:  7.519686
 CYCLE:   659 TIME:   0.061 TIME LEFT:  2.00D  GRAD.:     0.091 HEAT:  7.519679

 -------------------------------------------------------------------------------
 RM1 PRECISE POLAR GNORM=0.1




     HERBERTS TEST WAS SATISFIED IN BFGS                      
     SCF FIELD WAS ACHIEVED                                   


                              RM1 CALCULATION
                                                       MOPAC2016 (Version: 21.013L)
                                                       Mon Oct 18 08:19:21 2021
                                                       No. of days remaining =  87




          FINAL HEAT OF FORMATION =          7.51968 KCAL/MOL =      31.46234 KJ/MOL


          TOTAL ENERGY            =      -5805.11827 EV
          ELECTRONIC ENERGY       =     -49919.28075 EV  POINT GROUP:     C1  
          CORE-CORE REPULSION     =      44114.16247 EV
          COSMO AREA              =        524.57 SQUARE ANGSTROMS
          COSMO VOLUME            =        596.03 CUBIC ANGSTROMS

          GRADIENT NORM           =          0.09079 = 0.01144 PER ATOM
          IONIZATION POTENTIAL    =          8.062329 EV
          HOMO LUMO ENERGIES (EV) =         -8.062 -1.259
          NO. OF FILLED LEVELS    =         92
          MOLECULAR WEIGHT        =        506.6180

          MOLECULAR DIMENSIONS (Angstroms)

            Atom       Atom       Distance
            H    63    H    40    17.98694
            H    62    H    59    15.41586
            H    55    H    47     5.36231


          SCF CALCULATIONS        =        660
 
          WALL-CLOCK TIME         =         58.023 SECONDS
          COMPUTATION TIME        = 17 MINUTES AND 52.887 SECONDS




  ATOM    CHEMICAL      BOND LENGTH      BOND ANGLE     TWIST ANGLE 
 NUMBER    SYMBOL       (ANGSTROMS)      (DEGREES)       (DEGREES) 
   (I)                     NA:I           NB:NA:I       NC:NB:NA:I       NA    NB    NC 
     1       C          0.00000000       0.0000000       0.0000000        0     0     0
     2       C          1.51989396  *    0.0000000       0.0000000        1     0     0
     3       C          1.52548846  *  110.5493439  *    0.0000000        2     1     0
     4       C          1.53563615  *  110.0804979  * -179.8742845  *     3     2     1
     5       N          1.46016493  *  111.8284323  *  179.8107747  *     4     3     2
     6       C          1.40785981  *  125.0379911  *   82.4867972  *     5     4     3
     7       C          1.39336101  *  129.6682412  *   17.5920649  *     6     5     4
     8       C          1.38462528  *  117.5096044  *  176.7257258  *     7     6     5
     9       C          1.40362075  *  121.5390544  *   -0.1298515  *     8     7     6
    10       C          1.39320414  *  121.0814921  *    0.2631054  *     9     8     7
    11       C          1.38246194  *  118.1498560  *    0.1043821  *    10     9     8
    12       C          1.44127584  *  132.4211181  *  179.1973865  *    11    10     9
    13       C          1.42048342  *  107.0130933  * -179.9581328  *    12    11    10
    14       C          1.39209687  *  121.3979219  *  179.1123491  *    13    12    11
    15       C          1.38575510  *  117.3435583  *    0.5979952  *    14    13    12
    16       C          1.40174151  *  121.5379999  *   -0.0846019  *    15    14    13
    17       C          1.39036731  *  121.2006140  *   -0.2445806  *    16    15    14
    18       C          1.45942869  *  119.2787896  *  179.8721054  *    16    15    14
    19       C          1.39624685  *  119.8318752  *  -50.2175588  *    18    16    17
    20       C          1.38305339  *  120.3205497  *  179.9356125  *    19    18    16
    21       C          1.40269614  *  119.0134137  *   -0.0894129  *    20    19    18
    22       C          1.39162320  *  121.2724157  *    0.0504715  *    21    20    19
    23       C          1.39132482  *  118.7825369  *    0.0071200  *    22    21    20
    24       O          1.36455140  *  113.3096990  *  179.6613094  *    21    20    19
    25       C          1.40433357  *  117.3534903  *  176.6715343  *    24    21    20
    26       C          1.44365820  *  118.7039288  *  179.7357908  *     9     8     7
    27       C          1.37307606  *  125.3576035  *  -41.1919832  *    26     9     8
    28       C          1.42086028  *  111.6486249  *  179.2882057  *    27    26     9
    29       C          1.38028609  *  112.1920315  *    0.2444634  *    28    27    26
    30       S          1.70196943  *  111.5479943  *   -0.4298262  *    29    28    27
    31       C          1.42923263  *  122.4356243  * -179.9904679  *    29    28    27
    32       C          1.35068206  *  126.0577417  * -172.6154528  *    31    29    28
    33       C          1.46755356  *  119.2086635  * -179.8228897  *    32    31    29
    34       O          1.22355679  *  126.6976611  *    0.1316196  *    33    32    31
    35       O          1.34867722  *  113.9802711  * -179.8838134  *    33    32    31
    36       C          1.41539940  *  123.8014874  *    0.5112405  *    32    31    29
    37       N          1.15695438  *  178.5168400  *  178.0848413  *    36    32    31
    38       H          1.10352750  *  115.0790726  *    7.1817036  *    31    29    28
    39       H          1.09961123  *  112.2939903  *   60.2909599  *     1     2     3
    40       H          1.09969344  *  111.7924771  * -179.8731553  *     1     2     3
    41       H          1.09960512  *  112.3000796  *  -60.0391804  *     1     2     3
    42       H          1.11078692  *  110.1430694  * -177.1759063  *     2     1    39
    43       H          1.11079839  *  110.1182008  *  -62.2336503  *     2     1    39
    44       H          1.11087160  *  110.6290006  * -179.9749301  *     3     2    42
    45       H          1.11046205  *  110.6118602  *  -64.4511238  *     3     2    42
    46       H          1.11445555  *  111.1149540  *  179.5041955  *     4     3    44
    47       H          1.11515812  *  111.0143286  *  -63.9278269  *     4     3    44
    48       H          1.09154047  *  121.8039634  *   -3.1918684  *     7     6     5
    49       H          1.09507244  *  119.0389703  * -179.5124665  *     8     7     6
    50       H          1.09355390  *  121.7403853  *  179.5912403  *    10     9     8
    51       H          1.09146594  *  121.7807575  * -179.2708325  *    14    13    12
    52       H          1.09502781  *  119.1538742  * -179.4287079  *    15    14    13
    53       H          1.09323251  *  121.5246608  *   -0.6481139  *    17    16    18
    54       H          1.09470168  *  119.9968753  *  179.5682040  *    19    18    23
    55       H          1.09391433  *  120.7167736  *  179.8832408  *    20    19    18
    56       H          1.09166774  *  122.5231430  * -179.8762083  *    22    21    20
    57       H          1.09479655  *  119.3294280  * -179.3703053  *    23    22    21
    58       H          1.10258476  *  113.2050491  *   64.7020589  *    25    24    21
    59       H          1.10109981  *  103.4960489  * -177.9335586  *    25    24    21
    60       H          1.10256673  *  113.4299778  *  -60.3888249  *    25    24    21
    61       H          1.08707426  *  125.0659936  *   -1.5281686  *    27    26     9
    62       H          1.08860812  *  122.9327993  *  179.8786474  *    28    27    26
    63       H          0.96811264  *  111.0210777  *   -0.0410590  *    35    33    34

                             CARTESIAN COORDINATES

   1    C        0.000000000     0.000000000     0.000000000
   2    C        1.519893960     0.000000000     0.000000000
   3    C        2.055361654     1.428421993     0.000000000
   4    C        3.590943138     1.415857384    -0.003164589
   5    N        4.144938184     2.766838583    -0.007738892
   6    C        4.314529966     3.574759049     1.132687522
   7    C        4.331711594     3.219436924     2.479871953
   8    C        4.588312944     4.219976277     3.401969518
   9    C        4.825855454     5.544132569     3.001551126
  10    C        4.806699204     5.902937692     1.655479177
  11    C        4.544587440     4.917882343     0.721581756
  12    C        4.437009789     4.944400844    -0.715428986
  13    C        4.148797322     3.618309646    -1.135177540
  14    C        3.964643875     3.306961973    -2.479455726
  15    C        4.086216365     4.340408447    -3.394620039
  16    C        4.380933599     5.649069022    -2.987890987
  17    C        4.558446462     5.963268929    -1.645174023
  18    C        4.500552329     6.699375710    -3.994111296
  19    C        3.797076958     7.895173277    -3.836962162
  20    C        3.904064437     8.897779051    -4.783625791
  21    C        4.729636106     8.694730879    -5.899313614
  22    C        5.437050696     7.508278243    -6.068162309
  23    C        5.314245288     6.512176404    -5.104583189
  24    O        4.743498040     9.753088027    -6.760527008
  25    C        5.598468913     9.669811358    -7.871491714
  26    C        5.081294138     6.539812361     4.015218642
  27    C        4.418542815     6.642073463     5.213401109
  28    C        4.915348387     7.718144311     5.997046233
  29    C        5.935055300     8.398097450     5.362183085
  30    S        6.284091996     7.722090976     3.839721736
  31    C        6.593495353     9.519833997     5.954525653
  32    C        7.496602705    10.321891364     5.350006746
  33    C        8.084752013    11.434569895     6.104818190
  34    O        7.847755424    11.736021987     7.266734915
  35    O        8.970432381    12.167648718     5.399767862
  36    C        7.917660652    10.162415895     4.008129984
  37    N        8.279102752    10.056351567     2.914213441
  38    H        6.314969648     9.726050810     7.002223603
  39    H       -0.417147539     0.504226391    -0.883678972
  40    H       -0.408256706    -1.021100882     0.002260575
  41    H       -0.417253348     0.508079767     0.881411373
  42    H        1.902410672    -0.560829477     0.879203530
  43    H        1.901961946    -0.560793681    -0.879435936
  44    H        1.672710097     1.989837948    -0.878877476
  45    H        1.674147847     1.988812841     0.879638614
  46    H        3.989723725     0.863124765     0.878579063
  47    H        3.984543843     0.868277972    -0.891315989
  48    H        4.152238962     2.193505802     2.806545361
  49    H        4.615710668     3.966966262     4.467060565
  50    H        4.983773521     6.932418001     1.331943852
  51    H        3.731421809     2.292533537    -2.807846229
  52    H        3.937909185     4.130544828    -4.459067381
  53    H        4.796868147     6.980313145    -1.322786872
  54    H        3.150582223     8.039349458    -2.965394860
  55    H        3.354352943     9.836441878    -4.667962821
  56    H        6.086600581     7.329390887    -6.927128377
  57    H        5.874845896     5.579308067    -5.223171212
  58    H        5.322857642     8.864540797    -8.572398912
  59    H        5.458456426    10.638122358    -8.376656149
  60    H        6.661757969     9.564504821    -7.599498488
  61    H        3.603512327     5.997765206     5.533280197
  62    H        4.519713184     7.966111319     6.980434650
  63    H        9.330578603    12.888056203     5.936936206


           Empirical Formula: C31 H26 N2 O3 S  =    63 atoms



      MOLECULAR POINT GROUP   :   C1  


                  EIGENVALUES  
 -39.90333 -39.03204 -38.21850 -36.91423 -36.78398 -36.61114 -35.72016 -35.29409
 -35.14155 -34.22432 -33.11223 -31.79013 -30.71008 -30.24058 -29.98149 -29.05435
 -28.58049 -27.63917 -27.34397 -26.35582 -25.35697 -24.23123 -23.64829 -23.17111
 -22.64867 -22.29791 -22.13685 -21.75031 -21.39521 -20.94220 -20.61950 -19.93876
 -19.16409 -18.54077 -18.06328 -18.04930 -17.76056 -17.53921 -17.07681 -16.62171
 -16.49842 -16.14735 -16.13804 -16.11704 -16.05628 -16.00884 -15.74263 -15.13130
 -15.03166 -15.00745 -14.80011 -14.75102 -14.66748 -14.53068 -14.42884 -14.37688
 -14.37006 -14.18675 -14.16241 -13.99918 -13.83395 -13.68951 -13.57865 -13.48084
 -13.43493 -13.22082 -13.12836 -12.99666 -12.90308 -12.75693 -12.63170 -12.42080
 -12.32107 -12.26244 -12.21524 -12.08704 -12.03363 -11.83279 -11.67405 -11.60725
 -11.52794 -11.49349 -11.42210 -11.18242 -10.51794  -9.91331  -9.59622  -9.56325
  -9.31593  -8.90879  -8.51133  -8.06233  -1.25910  -0.10895  -0.06310   0.33209
   0.62491   0.64431   0.86551   1.07252   1.16004   1.32760   1.40495   1.56237
   1.67101   1.72375   2.32559   2.56237   2.75470   2.89917   2.99526   3.13269
   3.19785   3.33734   3.63889   3.75234   3.81129   3.84923   3.89913   3.94461
   3.97677   3.98702   4.00252   4.12390   4.17507   4.18653   4.19959   4.21648
   4.24343   4.25540   4.32234   4.37690   4.38831   4.45996   4.53201   4.55662
   4.60136   4.61678   4.66838   4.68196   4.70981   4.73207   4.81737   4.84136
   4.86155   4.87354   4.89651   4.91221   4.99144   5.05850   5.08304   5.13084
   5.16588   5.21929   5.25753   5.30761   5.34736   5.35715   5.47344   5.49716
   5.59853   5.71123   5.75309   5.79817   5.83450   5.97716   6.06063   6.13922
   6.18781   6.32205   6.35663   6.44320   6.68262   6.73595


              NET ATOMIC CHARGES AND DIPOLE CONTRIBUTIONS

  ATOM NO.   TYPE          CHARGE      No. of ELECS.   s-Pop       p-Pop
   34          O          -0.383656        6.3837     1.91043     4.47323
   33          C           0.408257        3.5917     1.17939     2.41235
   35          O          -0.312585        6.3126     1.84004     4.47254
   63          H           0.243787        0.7562     0.75621
   36          C           0.050787        3.9492     1.19501     2.75420
   37          N          -0.149437        5.1494     1.84842     3.30102
    1          C          -0.178553        4.1786     1.15554     3.02301
    2          C          -0.107332        4.1073     1.16547     2.94186
    3          C          -0.168784        4.1688     1.17989     2.98889
    4          C           0.062440        3.9376     1.15787     2.77969
    5          N          -0.285465        5.2855     1.51749     3.76798
    6          C           0.128375        3.8716     1.15341     2.71821
    7          C          -0.174626        4.1746     1.17065     3.00398
    8          C          -0.038565        4.0386     1.17616     2.86241
    9          C          -0.065615        4.0656     1.14863     2.91699
   10          C          -0.024598        4.0246     1.16969     2.85491
   11          C          -0.093164        4.0932     1.15892     2.93424
   12          C          -0.088693        4.0887     1.15855     2.93014
   13          C           0.108767        3.8912     1.15315     2.73808
   14          C          -0.164527        4.1645     1.17048     2.99405
   15          C          -0.055625        4.0556     1.17685     2.87877
   16          C          -0.059391        4.0594     1.15973     2.89966
   17          C          -0.036859        4.0369     1.16997     2.86689
   18          C          -0.074114        4.0741     1.15952     2.91460
   19          C          -0.050526        4.0505     1.17658     2.87395
   20          C          -0.162070        4.1621     1.17700     2.98507
   21          C           0.135086        3.8649     1.17128     2.69364
   22          C          -0.216560        4.2166     1.17647     3.04009
   23          C          -0.041025        4.0410     1.17507     2.86595
   24          O          -0.229848        6.2298     1.85992     4.36992
   25          C          -0.016000        4.0160     1.16137     2.85463
   26          C          -0.258698        4.2587     1.22070     3.03800
   27          C          -0.155818        4.1558     1.18192     2.97390
   28          C          -0.013373        4.0134     1.18473     2.82864
   29          C          -0.458120        4.4581     1.21857     3.23955
   30          S           0.578665        5.4213     1.88241     3.53892
   31          C           0.163594        3.8364     1.17049     2.66592
   32          C          -0.177102        4.1771     1.14065     3.03645
   38          H           0.129143        0.8709     0.87086
   39          H           0.061790        0.9382     0.93821
   40          H           0.059794        0.9402     0.94021
   41          H           0.061220        0.9388     0.93878
   42          H           0.060341        0.9397     0.93966
   43          H           0.060884        0.9391     0.93912
   44          H           0.082406        0.9176     0.91759
   45          H           0.080804        0.9192     0.91920
   46          H           0.078205        0.9218     0.92180
   47          H           0.078725        0.9213     0.92127
   48          H           0.120579        0.8794     0.87942
   49          H           0.108456        0.8915     0.89154
   50          H           0.117762        0.8822     0.88224
   51          H           0.118025        0.8820     0.88197
   52          H           0.108968        0.8910     0.89103
   53          H           0.117517        0.8825     0.88248
   54          H           0.109911        0.8901     0.89009
   55          H           0.129193        0.8708     0.87081
   56          H           0.120175        0.8798     0.87982
   57          H           0.107262        0.8927     0.89274
   58          H           0.053392        0.9466     0.94661
   59          H           0.081135        0.9189     0.91886
   60          H           0.055753        0.9442     0.94425
   61          H           0.135959        0.8640     0.86404
   62          H           0.123569        0.8764     0.87643
   
 DIPOLE           X         Y         Z       TOTAL
 POINT-CHG.    -1.670    -4.664    -2.608     5.598
 HYBRID        -1.022    -0.348     1.929     2.210
 SUM           -2.692    -5.012    -0.679     5.729


          ATOMIC ORBITAL ELECTRON POPULATIONS

     Atom    s        px        py        pz   
    1  C   1.15554   0.95730   1.03223   1.03348
    2  C   1.16547   0.96085   0.95482   1.02620
    3  C   1.17989   0.94859   0.98547   1.05484
    4  C   1.15787   0.93373   0.80795   1.03801
    5  N   1.51749   1.60674   1.10182   1.05941
    6  C   1.15341   0.96640   0.88540   0.86642
    7  C   1.17065   1.08542   1.00025   0.91831
    8  C   1.17616   0.95892   0.91962   0.98386
    9  C   1.14863   1.07567   0.92525   0.91606
   10  C   1.16969   0.95954   0.98067   0.91469
   11  C   1.15892   1.07575   0.92980   0.92869
   12  C   1.15855   1.07371   0.93308   0.92335
   13  C   1.15315   0.98616   0.88045   0.87147
   14  C   1.17048   1.07816   0.99852   0.91738
   15  C   1.17685   0.97161   0.92284   0.98433
   16  C   1.15973   1.03630   0.93297   0.93039
   17  C   1.16997   0.96999   0.97711   0.91979
   18  C   1.15952   1.00581   0.94891   0.95989
   19  C   1.17658   0.97011   0.92749   0.97635
   20  C   1.17700   1.02333   1.00923   0.95250
   21  C   1.17128   0.94016   0.86259   0.89089
   22  C   1.17647   1.05619   0.95631   1.02760
   23  C   1.17507   0.96220   0.97430   0.92945
   24  O   1.85992   1.61707   1.40072   1.35213
   25  C   1.16137   0.94324   1.03112   0.88026
   26  C   1.22070   1.02223   1.02223   0.99354
   27  C   1.18192   1.02479   1.00438   0.94473
   28  C   1.18473   0.92482   0.92514   0.97868
   29  C   1.21857   1.09940   1.07680   1.06334
   30  S   1.88241   1.28216   1.18761   1.06915
   31  C   1.17049   0.84031   0.85307   0.97254
   32  C   1.14065   1.08727   1.03156   0.91763
   33  C   1.17939   0.76424   0.80908   0.83902
   34  O   1.91043   1.62426   1.67945   1.16951
   35  O   1.84004   1.56028   1.44225   1.47002
   36  C   1.19501   0.91942   0.92170   0.91308
   37  N   1.84842   1.09386   1.09306   1.11410
   38  H   0.87086
   39  H   0.93821
   40  H   0.94021
   41  H   0.93878
   42  H   0.93966
   43  H   0.93912
   44  H   0.91759
   45  H   0.91920
   46  H   0.92180
   47  H   0.92127
   48  H   0.87942
   49  H   0.89154
   50  H   0.88224
   51  H   0.88197
   52  H   0.89103
   53  H   0.88248
   54  H   0.89009
   55  H   0.87081
   56  H   0.87982
   57  H   0.89274
   58  H   0.94661
   59  H   0.91886
   60  H   0.94425
   61  H   0.86404
   62  H   0.87643
   63  H   0.75621
 ******************** TDHF POLARIZABILITIES ********************



          MOLECULAR WEIGHT =  506.62



          ROTATIONAL CONSTANTS IN CM(-1)

          A =    0.00288668   B =    0.00158436   C =    0.00105811



           PRINCIPAL MOMENTS OF INERTIA IN UNITS OF 10**(-40)*GRAM-CM**2

          A =     9697.2291   B =    17668.1820   C =    26455.4225


 ROTATION MATRIX FOR ORIENTATION OF MOLECULE:

         0.305431    0.326293   -0.894564
         0.416729    0.798907    0.433686
         0.856182   -0.505252    0.108036


          CARTESIAN COORDINATES 

    NO.       ATOM         X         Y         Z

     1         C       -4.7566   -6.5726    1.6033
     2         C       -4.2924   -6.0766    0.2437
     3         C       -3.5336   -4.7607    0.3842
     4         C       -3.0725   -4.2681   -0.9953
     5         N       -2.3442   -3.0057   -0.9055
     6         C       -0.9793   -2.8811   -0.5836
     7         C        0.0313   -3.8401   -0.6075
     8         C        1.3161   -3.4229   -0.3035
     9         C        1.5976   -2.0852    0.0150
    10         C        0.5888   -1.1247    0.0423
    11         C       -0.7013   -1.5253   -0.2513
    12         C       -1.9535   -0.8132   -0.2988
    13         C       -2.9535   -1.7546   -0.6614
    14         C       -4.2904   -1.3842   -0.7770
    15         C       -4.6062   -0.0565   -0.5364
    16         C       -3.6226    0.8796   -0.1886
    17         C       -2.2878    0.5102   -0.0660
    18         C       -4.0099    2.2662    0.0512
    19         C       -3.5918    2.9125    1.2161
    20         C       -3.9519    4.2268    1.4530
    21         C       -4.7396    4.8976    0.5058
    22         C       -5.1625    4.2659   -0.6598
    23         C       -4.7901    2.9432   -0.8778
    24         O       -5.0316    6.1828    0.8594
    25         C       -5.7564    6.9566   -0.0616
    26         C        2.9585   -1.7186    0.3278
    27         C        3.8245   -2.4585    1.0945
    28         C        5.0956   -1.8327    1.2014
    29         C        5.1469   -0.6359    0.5155
    30         S        3.6683   -0.2929   -0.2544
    31         C        6.3226    0.1758    0.4770
    32         C        6.4151    1.4167   -0.0484
    33         C        7.7047    2.1161   -0.0104
    34         O        8.7527    1.6926    0.4578
    35         O        7.6770    3.3470   -0.5610
    36         C        5.3284    2.1046   -0.6392
    37         N        4.4580    2.6905   -1.1267
    38         H        7.2205   -0.2797    0.9287
    39         H       -5.4305   -5.8594    2.0997
    40         H       -5.3049   -7.5227    1.5260
    41         H       -3.9177   -6.7481    2.2922
    42         H       -3.6565   -6.8441   -0.2467
    43         H       -5.1623   -5.9556   -0.4363
    44         H       -4.1690   -3.9930    0.8750
    45         H       -2.6633   -4.8819    1.0633
    46         H       -2.4261   -5.0251   -1.4965
    47         H       -3.9409   -4.1284   -1.6808
    48         H       -0.1714   -4.8833   -0.8566
    49         H        2.1309   -4.1542   -0.3227
    50         H        0.7949   -0.0810    0.2954
    51         H       -5.0656   -2.1048   -1.0438
    52         H       -5.6503    0.2652   -0.6097
    53         H       -1.5151    1.2376    0.1966
    54         H       -2.9830    2.3764    1.9511
    55         H       -3.6296    4.7389    2.3643
    56         H       -5.7741    4.7689   -1.4112
    57         H       -5.1092    2.4407   -1.7967
    58         H       -6.7763    6.5774   -0.2400
    59         H       -5.8281    7.9397    0.4290
    60         H       -5.2426    7.0819   -1.0290
    61         H        3.5810   -3.4008    1.5787
    62         H        5.9201   -2.2605    1.7691
    63         H        8.5472    3.7687   -0.5127


 ENERGY OF "REORIENTED" SYSTEM WITHOUT FIELD:        7.5196789922


  NFREQ=  3  IWFLB=  0  IBET=  1  IGAM=  1
  ATOL= 0.10000D-02  BTOL= 0.10000D-02    MAXITU=  500    MAXITA=  150


 *****************************************************************
 CALCULATION OF STATIC FIELD QUANTITIES
 *****************************************************************

 +++++ ALPHA AT       0.00000 EV.

                           COMPONENTS OF ALPHA

                     *X           *Y           *Z
           *=X:     472.4394      -6.8653      56.8748
           *=Y:      -6.8548     451.7877     -11.2103
           *=Z:      56.8677     -11.2056     163.5121

  ISOTROPIC AVERAGE ALPHA =     362.57974 A.U. =     53.72877 ANG.**3

 +++++ BETA (SECOND HARMONIC GENERATION) AT       0.00000 EV.

                              COMPONENTS OF BETA
            *XX         *XY         *YY         *XZ         *YZ         *ZZ
   *=X -5915.63392 -2252.27771  -614.13814  -193.58722   -30.44991    49.47106
   *=Y -2252.33476  -614.33990    -5.81368   -30.41897    -2.04303   -34.06846
   *=Z  -193.71612   -30.43921    -2.05947    49.53907   -34.10806   -38.26170


 AVERAGE BETAX(SHG) VALUE AT   0.00000 EV =      -3888.2341 a.u. = -0.335921E-28 ESU
 AVERAGE BETAY(SHG) VALUE AT   0.00000 EV =      -1375.3232 a.u. = -0.118820E-28 ESU
 AVERAGE BETAZ(SHG) VALUE AT   0.00000 EV =       -140.3642 a.u. = -0.121267E-29 ESU



 AVERAGE BETA (SHG) VALUE AT   0.00000 EV =       4126.6912 a.u. =  0.356522E-28 ESU
   (1 a.u. = 8.639418X10-33 esu)



 +++++ ALPHA AT       0.00000 EV.

                           COMPONENTS OF ALPHA

                     *X           *Y           *Z
           *=X:     472.4394      -6.8653      56.8748
           *=Y:      -6.8548     451.7877     -11.2103
           *=Z:      56.8677     -11.2056     163.5121

  ISOTROPIC AVERAGE ALPHA =     362.57974 A.U. =     53.72877 ANG.**3


 GAMMA (THIRD HARMONIC GENERATION) AT    0.00000 EV.


 GAMMA(X,X,X,X) =       1215051.48115
 GAMMA(Y,Y,Y,Y) =        238610.85047
 GAMMA(Z,Z,Z,Z) =          4583.86021
 GAMMA(X,X,Y,Y) =        240654.87071
 GAMMA(X,X,Z,Z) =          3615.93165
 GAMMA(Y,Y,X,X) =        240654.64026
 GAMMA(Y,Y,Z,Z) =          2073.44544
 GAMMA(Z,Z,X,X) =          3615.53243
 GAMMA(Z,Z,Y,Y) =          2073.51589


 AVERAGE GAMMA VALUE AT    0.00000 =        390186.82564 a.u. =       196525.49913 ESU (X10-39)




 **********************************************************************
 CALCULATION FOR A FREQUENCY OF    0.25000 EV  =       0.00919 A.U. 
                  WAVELENGTH OF    4959.37 NM  =    2016.38525 CM(-1)
 **********************************************************************

 +++++ ALPHA AT       0.25000 EV.

                           COMPONENTS OF ALPHA

                     *X           *Y           *Z
           *=X:     474.2060      -6.6498      56.9316
           *=Y:      -6.6407     452.9696     -11.2287
           *=Z:      56.9255     -11.2250     163.7181

  ISOTROPIC AVERAGE ALPHA =     363.63120 A.U. =     53.88458 ANG.**3

 +++++ BETA (SECOND HARMONIC GENERATION) AT       0.25000 EV.

                              COMPONENTS OF BETA
            *XX         *XY         *YY         *XZ         *YZ         *ZZ
   *=X -6175.25643 -2351.09716  -637.55621  -200.98748   -30.74108    51.92170
   *=Y -2345.42794  -647.53008   -15.98374   -29.30252    -0.99666   -35.14429
   *=Z  -200.20724   -30.22812    -0.20941    50.25469   -35.44108   -38.70890


 AVERAGE BETAX(SHG) VALUE AT   0.25000 EV =      -4061.1909 a.u. = -0.350863E-28 ESU
 AVERAGE BETAY(SHG) VALUE AT   0.25000 EV =      -1440.3200 a.u. = -0.124435E-28 ESU
 AVERAGE BETAZ(SHG) VALUE AT   0.25000 EV =       -144.1023 a.u. = -0.124496E-29 ESU



 AVERAGE BETA (SHG) VALUE AT   0.25000 EV =       4311.4451 a.u. =  0.372484E-28 ESU
   (1 a.u. = 8.639418X10-33 esu)



 +++++ ALPHA AT       0.75000 EV.

                           COMPONENTS OF ALPHA

                     *X           *Y           *Z
           *=X:     489.2613      -4.7109      57.3945
           *=Y:      -4.7034     462.8164     -11.3896
           *=Z:      57.3872     -11.3875     165.3921

  ISOTROPIC AVERAGE ALPHA =     372.48992 A.U. =     55.19731 ANG.**3


 GAMMA (THIRD HARMONIC GENERATION) AT    0.25000 EV.


 GAMMA(X,X,X,X) =       1350991.08120
 GAMMA(Y,Y,Y,Y) =        253476.23386
 GAMMA(Z,Z,Z,Z) =          4692.55820
 GAMMA(X,X,Y,Y) =        263696.80119
 GAMMA(X,X,Z,Z) =          3656.83730
 GAMMA(Y,Y,X,X) =        263969.59943
 GAMMA(Y,Y,Z,Z) =          2006.21322
 GAMMA(Z,Z,X,X) =          3785.57911
 GAMMA(Z,Z,Y,Y) =          2200.18170


 AVERAGE GAMMA VALUE AT    0.25000 =        429695.01704 a.u. =       216424.60009 ESU (X10-39)




 **********************************************************************
 CALCULATION FOR A FREQUENCY OF    0.50000 EV  =       0.01837 A.U. 
                  WAVELENGTH OF    2479.68 NM  =    4032.77050 CM(-1)
 **********************************************************************

 +++++ ALPHA AT       0.50000 EV.

                           COMPONENTS OF ALPHA

                     *X           *Y           *Z
           *=X:     479.6510      -5.9716      57.1042
           *=Y:      -5.9631     456.5744     -11.2868
           *=Z:      57.0989     -11.2845     164.3392

  ISOTROPIC AVERAGE ALPHA =     366.85488 A.U. =     54.36228 ANG.**3

 +++++ BETA (SECOND HARMONIC GENERATION) AT       0.50000 EV.

                              COMPONENTS OF BETA
            *XX         *XY         *YY         *XZ         *YZ         *ZZ
   *=X -7084.40778 -2698.21872  -718.75637  -226.24817   -31.55372    60.47530
   *=Y -2670.89332  -765.16606   -51.76433   -25.45439     2.54871   -38.52256
   *=Z  -221.09366   -29.33477     6.16268    52.54117   -39.86036   -40.11481


 AVERAGE BETAX(SHG) VALUE AT   0.50000 EV =      -4667.3508 a.u. = -0.403232E-28 ESU
 AVERAGE BETAY(SHG) VALUE AT   0.50000 EV =      -1668.1734 a.u. = -0.144120E-28 ESU
 AVERAGE BETAZ(SHG) VALUE AT   0.50000 EV =       -156.5349 a.u. = -0.135237E-29 ESU



 AVERAGE BETA (SHG) VALUE AT   0.50000 EV =       4958.9787 a.u. =  0.428427E-28 ESU
   (1 a.u. = 8.639418X10-33 esu)



 +++++ ALPHA AT       1.50000 EV.

                           COMPONENTS OF ALPHA

                     *X           *Y           *Z
           *=X:     557.8267       6.4422      58.8904
           *=Y:       6.4638     503.0896     -12.0452
           *=Z:      58.8652     -12.0458     171.6022

  ISOTROPIC AVERAGE ALPHA =     410.83951 A.U. =     60.88013 ANG.**3


 GAMMA (THIRD HARMONIC GENERATION) AT    0.50000 EV.


 GAMMA(X,X,X,X) =       1959934.77599
 GAMMA(Y,Y,Y,Y) =        309599.41283
 GAMMA(Z,Z,Z,Z) =          5058.72956
 GAMMA(X,X,Y,Y) =        364511.38478
 GAMMA(X,X,Z,Z) =          3652.86980
 GAMMA(Y,Y,X,X) =        364185.93851
 GAMMA(Y,Y,Z,Z) =          1623.12585
 GAMMA(Z,Z,X,X) =          4307.73680
 GAMMA(Z,Z,Y,Y) =          2685.27332


 AVERAGE GAMMA VALUE AT    0.50000 =        603111.84949 a.u. =       303769.50083 ESU (X10-39)



 **********************
 *                    *
 * JOB ENDED NORMALLY *
 *                    *
 **********************



 TOTAL JOB TIME:           100.34 SECONDS

 == MOPAC DONE ==
