 *******************************************************************************
 ** Site#: 4824         For non-commercial use only    Version 21.013L 64BITS **
 *******************************************************************************
 ** Cite this program as: MOPAC2016, Version: 21.013L, James J. P. Stewart,   **
 ** Stewart Computational Chemistry, web: HTTP://OpenMOPAC.net. Days left:  87**
 *******************************************************************************
 **                                                                           **
 **                                MOPAC2016                                  **
 **                                                                           **
 *******************************************************************************

                              RM1 CALCULATION RESULTS

 *******************************************************************************
 *  CALCULATION DONE:                                Mon Oct 18 16:56:28 2021  *
 *  RM1        - The RM1 Hamiltonian to be used
 *  POLAR      - CALCULATE FIRST, SECOND AND THIRD-ORDER POLARIZABILITIES
 *  PRECISE    - TIGHTER CRITERIA TO BE USED
 *  XYZ        - CARTESIAN COORDINATE SYSTEM TO BE USED
 *  T=         - A TIME OF 172800.0 SECONDS REQUESTED
 *  DUMP=N     - RESTART FILE WRITTEN EVERY 7200.0 SECONDS REQUESTED
 *  GNORM      - EXIT WHEN GRADIENT NORM DROPS BELOW 0.100
 *******************************************************************************
RM1 PRECISE POLAR XYZ GNORM=0.1


   ATOM   CHEMICAL          X               Y               Z
  NUMBER   SYMBOL      (ANGSTROMS)     (ANGSTROMS)     (ANGSTROMS)
 
     1       N          0.00000000  *   0.00000000  *   0.00000000  *
     2       C          1.15648261  *   0.00000000  *   0.00000000  *
     3       C          2.58071675  *   0.00012024  *   0.00000000  *
     4       C          3.28801232  *  -1.13454628  *   0.11654522  *
     5       C          2.66370270  *  -2.43830527  *   0.29525604  *
     6       C          1.69866038  *  -2.61487970  *   1.31759432  *
     7       C          1.10646497  *  -3.83190139  *   1.49613827  *
     8       C          1.45011001  *  -4.92810504  *   0.66146245  *
     9       C          2.41438910  *  -4.75293368  *  -0.34124988  *
    10       C          3.02535329  *  -3.48605550  *  -0.51044122  *
    11       C          2.76076776  *  -5.84859293  *  -1.17617365  *
    12       C          2.16363604  *  -7.06361856  *  -1.01387281  *
    13       C          1.19112634  *  -7.23414415  *   0.01227263  *
    14       C          0.83998101  *  -6.19497833  *   0.83997956  *
    15       N          0.58311143  *  -8.50034282  *   0.16124276  *
    16       C         -0.80101220  *  -8.74652607  *   0.27815124  *
    17       C         -1.87364804  *  -7.86304956  *   0.23199842  *
    18       C         -3.14382243  *  -8.40124353  *   0.36078503  *
    19       C         -3.36806748  *  -9.77848363  *   0.52417312  *
    20       C         -2.28929888  * -10.65363170  *   0.54714885  *
    21       C         -1.00665880  * -10.14224364  *   0.42163657  *
    22       C          0.29222876  * -10.77000450  *   0.39425876  *
    23       C          1.25337533  *  -9.73890590  *   0.23702326  *
    24       C          2.61420023  * -10.02333251  *   0.21517447  *
    25       C          2.98566173  * -11.35415433  *   0.31924751  *
    26       C          2.04859541  * -12.39218405  *   0.45174314  *
    27       C          0.69248891  * -12.09333990  *   0.49712165  *
    28       C          2.57019959  * -13.80246414  *   0.54660004  *
    29       C          1.46022548  * -14.84753229  *   0.67592641  *
    30       C          3.47047373  * -13.91697361  *   1.77999175  *
    31       C          3.37055199  * -14.12269079  *  -0.71918888  *
    32       C         -4.79348707  * -10.24696261  *   0.66105615  *
    33       C         -5.42311598  *  -9.57180999  *   1.88300636  *
    34       C         -4.91419242  * -11.76071818  *   0.84802214  *
    35       C         -5.56531657  *  -9.86599233  *  -0.60534967  *
    36       C          3.21890418  *   1.28727941  *  -0.14387594  *
    37       C          4.36575634  *   1.67120055  *   0.49481180  *
    38       C          4.75811969  *   2.99849091  *   0.13348346  *
    39       C          3.88962503  *   3.55881685  *  -0.76240689  *
    40       S          2.60690934  *   2.50422545  *  -1.17130905  *
    41       C          3.98266786  *   4.86593263  *  -1.33157378  *
    42       C          3.89097545  *   5.18611146  *  -2.65834114  *
    43       C          4.04112697  *   6.59125731  *  -2.88032363  *
    44       C          4.24013126  *   7.27368293  *  -1.71055991  *
    45       S          4.23278691  *   6.24154580  *  -0.34720058  *
    46       C          4.41210902  *   8.69087237  *  -1.55636118  *
    47       C          5.10636069  *   9.44210650  *  -2.42976746  *
    48       C          5.24563374  *  10.90101408  *  -2.30024931  *
    49       O          5.51156283  *  11.69926955  *  -3.18212113  *
    50       O          5.04592135  *  11.34879549  *  -1.03994893  *
    51       C          5.77878645  *   8.89486619  *  -3.55306375  *
    52       N          6.33358812  *   8.46350324  *  -4.47127317  *
    53       H          4.38379637  *  -1.12428132  *   0.06956823  *
    54       H          3.93986095  *   9.14186387  *  -0.67125680  *
    55       H          1.44470770  *  -1.77269954  *   1.96905778  *
    56       H          0.35958523  *  -3.97441376  *   2.28368138  *
    57       H          3.77755596  *  -3.35448929  *  -1.29484919  *
    58       H          3.51032499  *  -5.70339948  *  -1.96101413  *
    59       H          2.40933605  *  -7.90117554  *  -1.67538309  *
    60       H          0.10659721  *  -6.32735493  *   1.64243139  *
    61       H         -1.72799032  *  -6.79076697  *   0.08504127  *
    62       H         -3.98936465  *  -7.70600251  *   0.32769920  *
    63       H         -2.39597439  * -11.73494648  *   0.65703706  *
    64       H          3.36430054  *  -9.23400663  *   0.13506922  *
    65       H          4.05709612  * -11.57954957  *   0.29734509  *
    66       H         -0.08531013  * -12.85110553  *   0.61363839  *
    67       H          0.85584315  * -14.71062941  *   1.58399170  *
    68       H          0.77660792  * -14.84472089  *  -0.18503185  *
    69       H          1.86579658  * -15.86911781  *   0.73572042  *
    70       H          2.93879092  * -13.63347981  *   2.69950148  *
    71       H          3.83879934  * -14.94283827  *   1.92740541  *
    72       H          4.36423209  * -13.28047199  *   1.72475467  *
    73       H          3.73782779  * -15.15947941  *  -0.72307746  *
    74       H          2.76386647  * -13.99548191  *  -1.62708520  *
    75       H          4.25878139  * -13.48811726  *  -0.84305596  *
    76       H         -4.85072823  *  -9.77408195  *   2.79949414  *
    77       H         -5.49000608  *  -8.47928313  *   1.78839245  *
    78       H         -6.45001593  *  -9.92188950  *   2.06396124  *
    79       H         -4.40147474  * -12.11528901  *   1.75354776  *
    80       H         -5.96335811  * -12.07727877  *   0.95165892  *
    81       H         -4.51354831  * -12.32464448  *  -0.00641861  *
    82       H         -6.60441933  * -10.22559181  *  -0.57806108  *
    83       H         -5.62551252  *  -8.78089328  *  -0.76642726  *
    84       H         -5.10339144  * -10.29243714  *  -1.50720022  *
    85       H          4.92478900  *   1.06445820  *   1.20330003  *
    86       H          5.64932230  *   3.47910893  *   0.53011659  *
    87       H          3.73573739  *   4.47543312  *  -3.46711326  *
    88       H          3.97490880  *   7.03553084  *  -3.87211941  *
    89       H          5.14987559  *  12.30994864  *  -0.99122933  *
 


          CARTESIAN COORDINATES 

    NO.       ATOM           X           Y           Z

     1         N          0.0000      0.0000      0.0000
     2         C          1.1565      0.0000      0.0000
     3         C          2.5807      0.0001      0.0000
     4         C          3.2880     -1.1345      0.1165
     5         C          2.6637     -2.4383      0.2953
     6         C          1.6987     -2.6149      1.3176
     7         C          1.1065     -3.8319      1.4961
     8         C          1.4501     -4.9281      0.6615
     9         C          2.4144     -4.7529     -0.3412
    10         C          3.0254     -3.4861     -0.5104
    11         C          2.7608     -5.8486     -1.1762
    12         C          2.1636     -7.0636     -1.0139
    13         C          1.1911     -7.2341      0.0123
    14         C          0.8400     -6.1950      0.8400
    15         N          0.5831     -8.5003      0.1612
    16         C         -0.8010     -8.7465      0.2782
    17         C         -1.8736     -7.8630      0.2320
    18         C         -3.1438     -8.4012      0.3608
    19         C         -3.3681     -9.7785      0.5242
    20         C         -2.2893    -10.6536      0.5471
    21         C         -1.0067    -10.1422      0.4216
    22         C          0.2922    -10.7700      0.3943
    23         C          1.2534     -9.7389      0.2370
    24         C          2.6142    -10.0233      0.2152
    25         C          2.9857    -11.3542      0.3192
    26         C          2.0486    -12.3922      0.4517
    27         C          0.6925    -12.0933      0.4971
    28         C          2.5702    -13.8025      0.5466
    29         C          1.4602    -14.8475      0.6759
    30         C          3.4705    -13.9170      1.7800
    31         C          3.3706    -14.1227     -0.7192
    32         C         -4.7935    -10.2470      0.6611
    33         C         -5.4231     -9.5718      1.8830
    34         C         -4.9142    -11.7607      0.8480
    35         C         -5.5653     -9.8660     -0.6053
    36         C          3.2189      1.2873     -0.1439
    37         C          4.3658      1.6712      0.4948
    38         C          4.7581      2.9985      0.1335
    39         C          3.8896      3.5588     -0.7624
    40         S          2.6069      2.5042     -1.1713
    41         C          3.9827      4.8659     -1.3316
    42         C          3.8910      5.1861     -2.6583
    43         C          4.0411      6.5913     -2.8803
    44         C          4.2401      7.2737     -1.7106
    45         S          4.2328      6.2415     -0.3472
    46         C          4.4121      8.6909     -1.5564
    47         C          5.1064      9.4421     -2.4298
    48         C          5.2456     10.9010     -2.3002
    49         O          5.5116     11.6993     -3.1821
    50         O          5.0459     11.3488     -1.0399
    51         C          5.7788      8.8949     -3.5531
    52         N          6.3336      8.4635     -4.4713
    53         H          4.3838     -1.1243      0.0696
    54         H          3.9399      9.1419     -0.6713
    55         H          1.4447     -1.7727      1.9691
    56         H          0.3596     -3.9744      2.2837
    57         H          3.7776     -3.3545     -1.2948
    58         H          3.5103     -5.7034     -1.9610
    59         H          2.4093     -7.9012     -1.6754
    60         H          0.1066     -6.3274      1.6424
    61         H         -1.7280     -6.7908      0.0850
    62         H         -3.9894     -7.7060      0.3277
    63         H         -2.3960    -11.7349      0.6570
    64         H          3.3643     -9.2340      0.1351
    65         H          4.0571    -11.5795      0.2973
    66         H         -0.0853    -12.8511      0.6136
    67         H          0.8558    -14.7106      1.5840
    68         H          0.7766    -14.8447     -0.1850
    69         H          1.8658    -15.8691      0.7357
    70         H          2.9388    -13.6335      2.6995
    71         H          3.8388    -14.9428      1.9274
    72         H          4.3642    -13.2805      1.7248
    73         H          3.7378    -15.1595     -0.7231
    74         H          2.7639    -13.9955     -1.6271
    75         H          4.2588    -13.4881     -0.8431
    76         H         -4.8507     -9.7741      2.7995
    77         H         -5.4900     -8.4793      1.7884
    78         H         -6.4500     -9.9219      2.0640
    79         H         -4.4015    -12.1153      1.7535
    80         H         -5.9634    -12.0773      0.9517
    81         H         -4.5135    -12.3246     -0.0064
    82         H         -6.6044    -10.2256     -0.5781
    83         H         -5.6255     -8.7809     -0.7664
    84         H         -5.1034    -10.2924     -1.5072
    85         H          4.9248      1.0645      1.2033
    86         H          5.6493      3.4791      0.5301
    87         H          3.7357      4.4754     -3.4671
    88         H          3.9749      7.0355     -3.8721
    89         H          5.1499     12.3099     -0.9912

  H: (RM1): G.B. ROCHA, R.O. FREIRE, A.M.SIMAS, J.J.P. STEWART, J. COMP. CHEM. 27, 1101 (2006)
  C: (RM1): G.B. ROCHA, R.O. FREIRE, A.M.SIMAS, J.J.P. STEWART, J. COMP. CHEM. 27, 1101 (2006)
  N: (RM1): G.B. ROCHA, R.O. FREIRE, A.M.SIMAS, J.J.P. STEWART, J. COMP. CHEM. 27, 1101 (2006)
  O: (RM1): G.B. ROCHA, R.O. FREIRE, A.M.SIMAS, J.J.P. STEWART, J. COMP. CHEM. 27, 1101 (2006)
  S: (RM1): G.B. ROCHA, R.O. FREIRE, A.M.SIMAS, J.J.P. STEWART, J. COMP. CHEM. 27, 1101 (2006)

           Empirical Formula: C45 H37 N3 O2 S2  =    89 atoms



      MOLECULAR POINT GROUP   :   C1  


      RHF CALCULATION, NO. OF DOUBLY OCCUPIED LEVELS = 128


          Geometry optimization using L-BFGS
 CYCLE:     1 TIME:   0.344 TIME LEFT:  2.00D  GRAD.:     2.610 HEAT:  111.7579
 CYCLE:     2 TIME:   0.223 TIME LEFT:  2.00D  GRAD.:     2.593 HEAT:  111.7578
 CYCLE:     3 TIME:   0.219 TIME LEFT:  2.00D  GRAD.:     3.771 HEAT:  111.7520
 CYCLE:     4 TIME:   0.172 TIME LEFT:  2.00D  GRAD.:     2.610 HEAT:  111.7578
 CYCLE:     5 TIME:   0.176 TIME LEFT:  2.00D  GRAD.:     3.878 HEAT:  111.7522
 CYCLE:     6 TIME:   0.176 TIME LEFT:  2.00D  GRAD.:     4.550 HEAT:  111.7510
 CYCLE:     7 TIME:   0.152 TIME LEFT:  2.00D  GRAD.:     1.165 HEAT:  111.7490
 CYCLE:     8 TIME:   0.156 TIME LEFT:  2.00D  GRAD.:     0.748 HEAT:  111.7488
 CYCLE:     9 TIME:   0.188 TIME LEFT:  2.00D  GRAD.:     0.724 HEAT:  111.7485
 CYCLE:    10 TIME:   0.168 TIME LEFT:  2.00D  GRAD.:     0.834 HEAT:  111.7481
 CYCLE:    11 TIME:   0.164 TIME LEFT:  2.00D  GRAD.:     1.678 HEAT:  111.7477
 CYCLE:    12 TIME:   0.172 TIME LEFT:  2.00D  GRAD.:     1.144 HEAT:  111.7473
 CYCLE:    13 TIME:   0.145 TIME LEFT:  2.00D  GRAD.:     0.531 HEAT:  111.7471
 CYCLE:    14 TIME:   0.176 TIME LEFT:  2.00D  GRAD.:     0.636 HEAT:  111.7470
 CYCLE:    15 TIME:   0.160 TIME LEFT:  2.00D  GRAD.:     0.691 HEAT:  111.7467
 CYCLE:    16 TIME:   0.168 TIME LEFT:  2.00D  GRAD.:     1.149 HEAT:  111.7466
 CYCLE:    17 TIME:   0.156 TIME LEFT:  2.00D  GRAD.:     0.364 HEAT:  111.7464
 CYCLE:    18 TIME:   0.156 TIME LEFT:  2.00D  GRAD.:     0.253 HEAT:  111.7463
 CYCLE:    19 TIME:   0.160 TIME LEFT:  2.00D  GRAD.:     0.391 HEAT:  111.7463
 CYCLE:    20 TIME:   0.156 TIME LEFT:  2.00D  GRAD.:     0.374 HEAT:  111.7462
 CYCLE:    21 TIME:   0.168 TIME LEFT:  2.00D  GRAD.:     0.750 HEAT:  111.7461
 CYCLE:    22 TIME:   0.195 TIME LEFT:  2.00D  GRAD.:     0.376 HEAT:  111.7461
 CYCLE:    23 TIME:   0.152 TIME LEFT:  2.00D  GRAD.:     0.250 HEAT:  111.7460
 CYCLE:    24 TIME:   0.148 TIME LEFT:  2.00D  GRAD.:     0.214 HEAT:  111.7460
 CYCLE:    25 TIME:   0.152 TIME LEFT:  2.00D  GRAD.:     0.391 HEAT:  111.7459
 CYCLE:    26 TIME:   0.168 TIME LEFT:  2.00D  GRAD.:     0.282 HEAT:  111.7459
 CYCLE:    27 TIME:   0.195 TIME LEFT:  2.00D  GRAD.:     0.182 HEAT:  111.7459
 CYCLE:    28 TIME:   0.176 TIME LEFT:  2.00D  GRAD.:     0.155 HEAT:  111.7458
 CYCLE:    29 TIME:   0.141 TIME LEFT:  2.00D  GRAD.:     0.185 HEAT:  111.7458
 CYCLE:    30 TIME:   0.145 TIME LEFT:  2.00D  GRAD.:     0.154 HEAT:  111.7458
 CYCLE:    31 TIME:   0.156 TIME LEFT:  2.00D  GRAD.:     0.124 HEAT:  111.7458
 CYCLE:    32 TIME:   0.141 TIME LEFT:  2.00D  GRAD.:     0.150 HEAT:  111.7458
 CYCLE:    33 TIME:   0.152 TIME LEFT:  2.00D  GRAD.:     0.264 HEAT:  111.7458
 CYCLE:    34 TIME:   0.145 TIME LEFT:  2.00D  GRAD.:     0.126 HEAT:  111.7457
 CYCLE:    35 TIME:   0.148 TIME LEFT:  2.00D  GRAD.:     0.152 HEAT:  111.7457
 CYCLE:    36 TIME:   0.141 TIME LEFT:  2.00D  GRAD.:     0.135 HEAT:  111.7457
 CYCLE:    37 TIME:   0.172 TIME LEFT:  2.00D  GRAD.:     0.297 HEAT:  111.7457
 CYCLE:    38 TIME:   0.148 TIME LEFT:  2.00D  GRAD.:     0.240 HEAT:  111.7457
 CYCLE:    39 TIME:   0.160 TIME LEFT:  2.00D  GRAD.:     0.134 HEAT:  111.7457
 CYCLE:    40 TIME:   0.164 TIME LEFT:  2.00D  GRAD.:     0.123 HEAT:  111.7457
 CYCLE:    41 TIME:   0.141 TIME LEFT:  2.00D  GRAD.:     0.116 HEAT:  111.7457
 CYCLE:    42 TIME:   0.172 TIME LEFT:  2.00D  GRAD.:     0.169 HEAT:  111.7456
 CYCLE:    43 TIME:   0.160 TIME LEFT:  2.00D  GRAD.:     0.283 HEAT:  111.7456
 CYCLE:    44 TIME:   0.164 TIME LEFT:  2.00D  GRAD.:     0.116 HEAT:  111.7456
 CYCLE:    45 TIME:   0.160 TIME LEFT:  2.00D  GRAD.:     0.197 HEAT:  111.7456
 CYCLE:    46 TIME:   0.148 TIME LEFT:  2.00D  GRAD.:     0.187 HEAT:  111.7456
 CYCLE:    47 TIME:   0.160 TIME LEFT:  2.00D  GRAD.:     0.116 HEAT:  111.7456
 CYCLE:    48 TIME:   0.152 TIME LEFT:  2.00D  GRAD.:     0.091 HEAT:  111.7456

 -------------------------------------------------------------------------------
 RM1 PRECISE POLAR XYZ GNORM=0.1




     HERBERTS TEST WAS SATISFIED IN BFGS                      
     SCF FIELD WAS ACHIEVED                                   


                              RM1 CALCULATION
                                                       MOPAC2016 (Version: 21.013L)
                                                       Mon Oct 18 16:56:36 2021
                                                       No. of days remaining =  87




          FINAL HEAT OF FORMATION =        111.74557 KCAL/MOL =     467.54347 KJ/MOL


          TOTAL ENERGY            =      -7794.53901 EV
          ELECTRONIC ENERGY       =     -77841.58154 EV  POINT GROUP:     C1  
          CORE-CORE REPULSION     =      70047.04253 EV
          COSMO AREA              =        719.54 SQUARE ANGSTROMS
          COSMO VOLUME            =        846.41 CUBIC ANGSTROMS

          GRADIENT NORM           =          0.09056 = 0.00960 PER ATOM
          IONIZATION POTENTIAL    =          7.947518 EV
          HOMO LUMO ENERGIES (EV) =         -7.948 -1.362
          NO. OF FILLED LEVELS    =        128
          MOLECULAR WEIGHT        =        715.9262

          MOLECULAR DIMENSIONS (Angstroms)

            Atom       Atom       Distance
            H    89    H    69    28.42162
            H    78    N    52    11.83900
            H    84    H    70     7.38176


          SCF CALCULATIONS        =         49
 
          WALL-CLOCK TIME         =          8.211 SECONDS
          COMPUTATION TIME        =  1 MINUTE AND 37.611 SECONDS




   ATOM   CHEMICAL          X               Y               Z
  NUMBER   SYMBOL      (ANGSTROMS)     (ANGSTROMS)     (ANGSTROMS)
 
     1       N          0.00006411  *   0.01309785  *  -0.00437092  *
     2       C          1.15646557  *   0.00004511  *   0.00134219  *
     3       C          2.58071178  *  -0.00024886  *   0.00068730  *
     4       C          3.28850498  *  -1.13462251  *   0.11683690  *
     5       C          2.66425550  *  -2.43843938  *   0.29535715  *
     6       C          1.69905175  *  -2.61492893  *   1.31755876  *
     7       C          1.10704294  *  -3.83201312  *   1.49627623  *
     8       C          1.45069576  *  -4.92823740  *   0.66162933  *
     9       C          2.41472183  *  -4.75303808  *  -0.34131508  *
    10       C          3.02599827  *  -3.48621310  *  -0.51027042  *
    11       C          2.76091256  *  -5.84872916  *  -1.17627441  *
    12       C          2.16384229  *  -7.06376491  *  -1.01377929  *
    13       C          1.19139011  *  -7.23424535  *   0.01243488  *
    14       C          0.84039680  *  -6.19503447  *   0.84009419  *
    15       N          0.58315082  *  -8.50036337  *   0.16131158  *
    16       C         -0.80099607  *  -8.74652673  *   0.27805749  *
    17       C         -1.87361316  *  -7.86302068  *   0.23233317  *
    18       C         -3.14381709  *  -8.40121253  *   0.36096150  *
    19       C         -3.36813062  *  -9.77849398  *   0.52385429  *
    20       C         -2.28936989  * -10.65365061  *   0.54678447  *
    21       C         -1.00671487  * -10.14230054  *   0.42130350  *
    22       C          0.29212156  * -10.77015190  *   0.39375158  *
    23       C          1.25334905  *  -9.73897016  *   0.23702587  *
    24       C          2.61416673  * -10.02342372  *   0.21481970  *
    25       C          2.98558518  * -11.35429498  *   0.31835467  *
    26       C          2.04851603  * -12.39229340  *   0.45111660  *
    27       C          0.69235952  * -12.09350901  *   0.49651816  *
    28       C          2.57028344  * -13.80247908  *   0.54657025  *
    29       C          1.46033348  * -14.84754200  *   0.67619068  *
    30       C          3.47047012  * -13.91655229  *   1.78004874  *
    31       C          3.37065782  * -14.12299143  *  -0.71914162  *
    32       C         -4.79351227  * -10.24696872  *   0.66115248  *
    33       C         -5.42319719  *  -9.57157555  *   1.88292180  *
    34       C         -4.91419909  * -11.76068436  *   0.84841211  *
    35       C         -5.56535793  *  -9.86626787  *  -0.60535560  *
    36       C          3.21829565  *   1.28723258  *  -0.14317349  *
    37       C          4.36588394  *   1.67096750  *   0.49437782  *
    38       C          4.75809535  *   2.99813692  *   0.13253111  *
    39       C          3.88879126  *   3.55843789  *  -0.76260380  *
    40       S          2.60572739  *   2.50403725  *  -1.17034871  *
    41       C          3.98147947  *   4.86558106  *  -1.33172850  *
    42       C          3.88939086  *   5.18586118  *  -2.65844814  *
    43       C          4.04012065  *   6.59093475  *  -2.88038326  *
    44       C          4.23983084  *   7.27314633  *  -1.71058924  *
    45       S          4.23227886  *   6.24093708  *  -0.34732813  *
    46       C          4.41251686  *   8.69015805  *  -1.55600370  *
    47       C          5.10501589  *   9.44181562  *  -2.43044434  *
    48       C          5.24437920  *  10.90067401  *  -2.30073753  *
    49       O          5.50942967  *  11.69907072  *  -3.18273970  *
    50       O          5.04595457  *  11.34812124  *  -1.04011715  *
    51       C          5.77597996  *   8.89488003  *  -3.55474323  *
    52       N          6.34088883  *   8.46018587  *  -4.46519609  *
    53       H          4.38425543  *  -1.12412305  *   0.06953874  *
    54       H          3.94226744  *   9.14071959  *  -0.66962343  *
    55       H          1.44505476  *  -1.77264431  *   1.96887751  *
    56       H          0.36034864  *  -3.97457446  *   2.28397643  *
    57       H          3.77858054  *  -3.35475172  *  -1.29432910  *
    58       H          3.50995092  *  -5.70345863  *  -1.96159344  *
    59       H          2.40897490  *  -7.90115670  *  -1.67570709  *
    60       H          0.10738481  *  -6.32746381  *   1.64286118  *
    61       H         -1.72788614  *  -6.79068805  *   0.08579290  *
    62       H         -3.98928832  *  -7.70586249  *   0.32826169  *
    63       H         -2.39604872  * -11.73492598  *   0.65702448  *
    64       H          3.36428912  *  -9.23405121  *   0.13526805  *
    65       H          4.05702768  * -11.57965292  *   0.29678331  *
    66       H         -0.08545813  * -12.85132100  *   0.61249182  *
    67       H          0.85535206  * -14.70985262  *   1.58373101  *
    68       H          0.77730541  * -14.84556655  *  -0.18523512  *
    69       H          1.86592228  * -15.86904570  *   0.73721890  *
    70       H          2.93851247  * -13.63345442  *   2.69952031  *
    71       H          3.83940544  * -14.94221601  *   1.92736163  *
    72       H          4.36385337  * -13.27950265  *   1.72499979  *
    73       H          3.73566891  * -15.16057121  *  -0.72414408  *
    74       H          2.76478254  * -13.99330246  *  -1.62722802  *
    75       H          4.26036453  * -13.49021923  *  -0.84166220  *
    76       H         -4.85208675  *  -9.77548969  *   2.79984858  *
    77       H         -5.48811139  *  -8.47886255  *   1.78907410  *
    78       H         -6.45087523  *  -9.92007288  *   2.06253697  *
    79       H         -4.40155180  * -12.11510683  *   1.75402711  *
    80       H         -5.96336894  * -12.07723405  *   0.95201004  *
    81       H         -4.51347779  * -12.32472162  *  -0.00591781  *
    82       H         -6.60408053  * -10.22701372  *  -0.57866443  *
    83       H         -5.62670007  *  -8.78114081  *  -0.76584537  *
    84       H         -5.10263849  * -10.29173574  *  -1.50725617  *
    85       H          4.92530335  *   1.06442200  *   1.20272640  *
    86       H          5.64925840  *   3.47913562  *   0.52876420  *
    87       H          3.73374036  *   4.47525432  *  -3.46719210  *
    88       H          3.97490068  *   7.03523538  *  -3.87223407  *
    89       H          5.14897610  *  12.30935356  *  -0.99129446  *

                             CARTESIAN COORDINATES

   1    N        0.000064110     0.013097850    -0.004370920
   2    C        1.156465574     0.000045109     0.001342187
   3    C        2.580711780    -0.000248864     0.000687299
   4    C        3.288504979    -1.134622511     0.116836905
   5    C        2.664255495    -2.438439380     0.295357154
   6    C        1.699051747    -2.614928932     1.317558760
   7    C        1.107042937    -3.832013119     1.496276233
   8    C        1.450695761    -4.928237399     0.661629328
   9    C        2.414721834    -4.753038078    -0.341315080
  10    C        3.025998274    -3.486213100    -0.510270416
  11    C        2.760912558    -5.848729161    -1.176274408
  12    C        2.163842291    -7.063764905    -1.013779294
  13    C        1.191390105    -7.234245346     0.012434881
  14    C        0.840396798    -6.195034467     0.840094195
  15    N        0.583150816    -8.500363367     0.161311579
  16    C       -0.800996068    -8.746526733     0.278057491
  17    C       -1.873613163    -7.863020681     0.232333169
  18    C       -3.143817087    -8.401212533     0.360961500
  19    C       -3.368130618    -9.778493984     0.523854295
  20    C       -2.289369891   -10.653650613     0.546784472
  21    C       -1.006714874   -10.142300543     0.421303501
  22    C        0.292121560   -10.770151901     0.393751584
  23    C        1.253349048    -9.738970162     0.237025865
  24    C        2.614166734   -10.023423715     0.214819696
  25    C        2.985585178   -11.354294980     0.318354669
  26    C        2.048516026   -12.392293395     0.451116599
  27    C        0.692359524   -12.093509008     0.496518159
  28    C        2.570283444   -13.802479079     0.546570252
  29    C        1.460333478   -14.847541999     0.676190680
  30    C        3.470470118   -13.916552292     1.780048743
  31    C        3.370657816   -14.122991429    -0.719141619
  32    C       -4.793512272   -10.246968716     0.661152484
  33    C       -5.423197186    -9.571575552     1.882921805
  34    C       -4.914199092   -11.760684356     0.848412110
  35    C       -5.565357927    -9.866267875    -0.605355601
  36    C        3.218295645     1.287232584    -0.143173491
  37    C        4.365883941     1.670967504     0.494377816
  38    C        4.758095353     2.998136921     0.132531111
  39    C        3.888791255     3.558437890    -0.762603801
  40    S        2.605727394     2.504037247    -1.170348709
  41    C        3.981479473     4.865581064    -1.331728496
  42    C        3.889390857     5.185861179    -2.658448137
  43    C        4.040120653     6.590934754    -2.880383264
  44    C        4.239830838     7.273146333    -1.710589244
  45    S        4.232278863     6.240937083    -0.347328131
  46    C        4.412516864     8.690158048    -1.556003699
  47    C        5.105015892     9.441815625    -2.430444338
  48    C        5.244379202    10.900674006    -2.300737526
  49    O        5.509429668    11.699070716    -3.182739697
  50    O        5.045954566    11.348121237    -1.040117154
  51    C        5.775979961     8.894880029    -3.554743232
  52    N        6.340888826     8.460185867    -4.465196087
  53    H        4.384255428    -1.124123055     0.069538737
  54    H        3.942267439     9.140719593    -0.669623426
  55    H        1.445054763    -1.772644313     1.968877505
  56    H        0.360348640    -3.974574463     2.283976429
  57    H        3.778580544    -3.354751722    -1.294329097
  58    H        3.509950919    -5.703458626    -1.961593444
  59    H        2.408974898    -7.901156698    -1.675707090
  60    H        0.107384805    -6.327463807     1.642861177
  61    H       -1.727886141    -6.790688051     0.085792898
  62    H       -3.989288317    -7.705862491     0.328261688
  63    H       -2.396048719   -11.734925978     0.657024477
  64    H        3.364289121    -9.234051215     0.135268049
  65    H        4.057027682   -11.579652924     0.296783307
  66    H       -0.085458128   -12.851321000     0.612491820
  67    H        0.855352059   -14.709852620     1.583731008
  68    H        0.777305408   -14.845566551    -0.185235117
  69    H        1.865922284   -15.869045698     0.737218897
  70    H        2.938512468   -13.633454416     2.699520311
  71    H        3.839405439   -14.942216012     1.927361633
  72    H        4.363853365   -13.279502653     1.724999791
  73    H        3.735668909   -15.160571214    -0.724144085
  74    H        2.764782543   -13.993302462    -1.627228018
  75    H        4.260364532   -13.490219233    -0.841662196
  76    H       -4.852086755    -9.775489693     2.799848576
  77    H       -5.488111390    -8.478862549     1.789074102
  78    H       -6.450875225    -9.920072878     2.062536966
  79    H       -4.401551796   -12.115106830     1.754027108
  80    H       -5.963368943   -12.077234048     0.952010038
  81    H       -4.513477786   -12.324721624    -0.005917807
  82    H       -6.604080530   -10.227013717    -0.578664428
  83    H       -5.626700074    -8.781140815    -0.765845367
  84    H       -5.102638486   -10.291735741    -1.507256174
  85    H        4.925303355     1.064421996     1.202726399
  86    H        5.649258397     3.479135620     0.528764204
  87    H        3.733740364     4.475254319    -3.467192101
  88    H        3.974900685     7.035235377    -3.872234071
  89    H        5.148976101    12.309353562    -0.991294465


           Empirical Formula: C45 H37 N3 O2 S2  =    89 atoms



      MOLECULAR POINT GROUP   :   C1  


                  EIGENVALUES  
 -39.84902 -39.29993 -38.28355 -37.39057 -37.25030 -37.21317 -36.78380 -36.50034
 -35.85777 -35.45616 -35.28621 -34.19036 -33.93583 -33.47590 -32.74696 -31.61991
 -31.11925 -30.04968 -29.40288 -29.15736 -28.70351 -27.89088 -27.70699 -27.05167
 -26.99214 -26.98444 -26.95611 -26.36569 -25.63739 -24.62554 -23.80203 -23.48830
 -23.45325 -23.11677 -23.01971 -22.62880 -22.45331 -22.09036 -21.42455 -20.51760
 -20.50066 -20.10143 -19.80371 -19.41167 -19.09921 -18.71326 -18.57930 -18.28257
 -17.90235 -17.76203 -17.60589 -17.31405 -17.10837 -16.77035 -16.56285 -16.45155
 -16.30219 -16.20677 -16.03164 -15.76908 -15.72678 -15.50123 -15.42688 -15.12692
 -15.09144 -14.94725 -14.88872 -14.87149 -14.76603 -14.73148 -14.65774 -14.61263
 -14.54845 -14.49731 -14.37318 -14.32786 -14.26702 -14.17395 -14.07821 -14.05638
 -14.04003 -13.97976 -13.84293 -13.69491 -13.66067 -13.60156 -13.50217 -13.39350
 -13.26773 -13.20540 -13.13478 -13.12172 -13.04832 -12.96207 -12.64445 -12.62198
 -12.57868 -12.57103 -12.38403 -12.37460 -12.35270 -12.28447 -12.24835 -12.12257
 -12.05859 -12.01630 -11.93591 -11.84794 -11.75144 -11.74577 -11.63054 -11.55749
 -11.42743 -11.38397 -11.34892 -11.31066 -11.05569 -10.69652 -10.25486 -10.04047
  -9.80601  -9.69990  -9.51017  -9.45747  -9.22902  -8.93827  -8.45415  -7.94752
  -1.36204  -0.96623  -0.53258  -0.24838  -0.06129   0.12505   0.32330   0.44313
   0.51146   0.88584   0.97780   1.03260   1.12017   1.14528   1.19182   1.26426
   1.37695   1.43210   1.51433   1.58968   1.61520   1.80165   2.22901   2.32337
   2.32360   2.83034   2.90649   2.99067   3.04237   3.26081   3.35340   3.43639
   3.63097   3.65490   3.82115   3.84347   3.86925   3.90858   3.93231   3.94786
   3.96554   4.01013   4.10225   4.13385   4.18096   4.20080   4.20649   4.22478
   4.24295   4.24856   4.27056   4.30459   4.31564   4.34185   4.39007   4.40072
   4.45986   4.53414   4.54375   4.57496   4.60145   4.65212   4.67358   4.68284
   4.69996   4.71870   4.72914   4.75045   4.75819   4.77795   4.81712   4.82202
   4.84681   4.86639   4.87111   4.91242   4.92991   4.97540   4.99324   5.01841
   5.04869   5.09982   5.11498   5.16539   5.17041   5.18741   5.21298   5.22436
   5.23586   5.28207   5.30144   5.31483   5.39894   5.43184   5.45051   5.51797
   5.52945   5.55832   5.57607   5.62107   5.65742   5.66425   5.69252   5.76081
   5.77469   5.84115   5.97261   6.02720   6.09510   6.11088   6.14110   6.14992
   6.19200   6.30804   6.42179   6.55262   6.75099


              NET ATOMIC CHARGES AND DIPOLE CONTRIBUTIONS

  ATOM NO.   TYPE          CHARGE      No. of ELECS.   s-Pop       p-Pop
   49          O          -0.346833        6.3468     1.90968     4.43716
   48          C           0.397503        3.6025     1.18070     2.42179  
   50          O          -0.332329        6.3323     1.83986     4.49247
   89          H           0.246755        0.7532     0.75325
   51          C           0.040783        3.9592     1.19683     2.76239
   52          N          -0.138200        5.1382     1.84813     3.29007
    1          N          -0.143510        5.1435     1.84801     3.29550
    2          C           0.015497        3.9845     1.20916     2.77534
    3          C           0.035161        3.9648     1.12471     2.84013
    4          C          -0.031889        4.0319     1.18235     2.84953
    5          C          -0.071295        4.0713     1.16156     2.90973
    6          C          -0.080975        4.0810     1.17811     2.90286
    7          C          -0.102195        4.1022     1.17989     2.92230
    8          C           0.018992        3.9810     1.15822     2.82279
    9          C          -0.049961        4.0500     1.16009     2.88987
   10          C          -0.064743        4.0647     1.17694     2.88780
   11          C          -0.068028        4.0680     1.17790     2.89013
   12          C          -0.140837        4.1408     1.18303     2.95780
   13          C           0.152648        3.8474     1.14126     2.70610
   14          C          -0.156806        4.1568     1.18165     2.97516
   15          N          -0.263350        5.2633     1.47907     3.78428
   16          C           0.117362        3.8826     1.15008     2.73256
   17          C          -0.167869        4.1679     1.17193     2.99594
   18          C          -0.060945        4.0609     1.17746     2.88348
   19          C          -0.092534        4.0925     1.17911     2.91342
   20          C          -0.043034        4.0430     1.16858     2.87446
   21          C          -0.090632        4.0906     1.15949     2.93114
   22          C          -0.089663        4.0897     1.15961     2.93005
   23          C           0.118485        3.8815     1.14981     2.73170
   24          C          -0.168866        4.1689     1.17151     2.99735
   25          C          -0.061750        4.0618     1.17721     2.88454
   26          C          -0.092929        4.0929     1.17899     2.91394
   27          C          -0.042664        4.0427     1.16864     2.87402
   28          C           0.063851        3.9361     1.16577     2.77038
   29          C          -0.188435        4.1884     1.16091     3.02752
   30          C          -0.186184        4.1862     1.16133     3.02485
   31          C          -0.186099        4.1861     1.16137     3.02473
   32          C           0.063722        3.9363     1.16579     2.77048
   33          C          -0.186282        4.1863     1.16138     3.02490
   34          C          -0.188311        4.1883     1.16092     3.02739
   35          C          -0.186392        4.1864     1.16133     3.02506
   36          C          -0.323451        4.3235     1.21310     3.11035
   37          C          -0.089071        4.0891     1.18176     2.90731
   38          C          -0.095616        4.0956     1.18223     2.91338
   39          C          -0.281990        4.2820     1.20326     3.07873
   40          S           0.515978        5.4840     1.88547     3.59855
   41          C          -0.231291        4.2313     1.20346     3.02783
   42          C          -0.124191        4.1242     1.18439     2.93980
   43          C          -0.023989        4.0240     1.18434     2.83965
   44          C          -0.410312        4.4103     1.21629     3.19403
   45          S           0.500072        5.4999     1.88518     3.61475
   46          C           0.130639        3.8694     1.17021     2.69915
   47          C          -0.126857        4.1269     1.14294     2.98392
   53          H           0.123865        0.8761     0.87614
   54          H           0.131645        0.8684     0.86835
   55          H           0.117079        0.8829     0.88292
   56          H           0.117328        0.8827     0.88267
   57          H           0.112655        0.8873     0.88734
   58          H           0.111750        0.8882     0.88825
   59          H           0.131127        0.8689     0.86887
   60          H           0.134595        0.8654     0.86541
   61          H           0.123246        0.8768     0.87675
   62          H           0.106628        0.8934     0.89337
   63          H           0.113331        0.8867     0.88667
   64          H           0.121017        0.8790     0.87898
   65          H           0.105431        0.8946     0.89457
   66          H           0.113594        0.8864     0.88641
   67          H           0.062383        0.9376     0.93762
   68          H           0.062627        0.9374     0.93737
   69          H           0.061256        0.9387     0.93874
   70          H           0.064874        0.9351     0.93513
   71          H           0.059077        0.9409     0.94092
   72          H           0.060026        0.9400     0.93997
   73          H           0.059156        0.9408     0.94084
   74          H           0.064631        0.9354     0.93537
   75          H           0.059730        0.9403     0.94027
   76          H           0.064397        0.9356     0.93560
   77          H           0.060393        0.9396     0.93961
   78          H           0.059200        0.9408     0.94080
   79          H           0.062318        0.9377     0.93768
   80          H           0.061252        0.9387     0.93875
   81          H           0.062180        0.9378     0.93782
   82          H           0.059112        0.9409     0.94089
   83          H           0.060813        0.9392     0.93919
   84          H           0.064789        0.9352     0.93521
   85          H           0.129698        0.8703     0.87030
   86          H           0.132653        0.8673     0.86735
   87          H           0.140071        0.8599     0.85993
   88          H           0.138936        0.8611     0.86106
 DIPOLE           X         Y         Z       TOTAL
 POINT-CHG.    -1.023    -2.897     4.052     5.085
 HYBRID         1.629     0.599    -0.210     1.748
 SUM            0.606    -2.298     3.842     4.518


          ATOMIC ORBITAL ELECTRON POPULATIONS

     Atom    s        px        py        pz   
    1  N   1.84801   1.11522   1.08726   1.09302
    2  C   1.20916   0.92763   0.92154   0.92617
    3  C   1.12471   0.85524   0.91968   1.06521
    4  C   1.18235   0.99710   0.91906   0.93337
    5  C   1.16156   0.98966   0.93244   0.98764
    6  C   1.17811   0.95469   0.97851   0.96966
    7  C   1.17989   0.99726   0.93410   0.99094
    8  C   1.15822   0.94719   0.93000   0.94560
    9  C   1.16009   0.97862   0.93911   0.97214
   10  C   1.17694   0.98406   0.92309   0.98065
   11  C   1.17790   0.98375   0.92851   0.97787
   12  C   1.18303   0.98882   0.98882   0.98016
   13  C   1.14126   0.94075   0.82499   0.94036
   14  C   1.18165   1.03489   0.93794   1.00233
   15  N   1.47907   1.06443   1.05003   1.66982
   16  C   1.15008   0.80473   0.93759   0.99024
   17  C   1.17193   0.92613   0.99143   1.07838
   18  C   1.17746   0.96000   0.94858   0.97491
   19  C   1.17911   0.94525   0.93501   1.03315
   20  C   1.16858   0.91012   0.98764   0.97670
   21  C   1.15949   0.93238   0.92145   1.07730
   22  C   1.15961   0.92028   0.93396   1.07580
   23  C   1.14981   0.92495   0.81635   0.99040
   24  C   1.17151   0.93737   0.97747   1.08252
   25  C   1.17721   0.98622   0.92198   0.97634
   26  C   1.17899   0.93241   0.94733   1.03420
   27  C   1.16864   0.95117   0.94666   0.97619
   28  C   1.16577   0.93474   0.90313   0.93250
   29  C   1.16091   0.99996   0.99808   1.02948
   30  C   1.16133   1.00555   1.03050   0.98880
   31  C   1.16137   1.01093   1.02762   0.98618
   32  C   1.16579   0.90659   0.93117   0.93273
   33  C   1.16138   1.01760   1.01785   0.98945
   34  C   1.16092   1.03483   0.96393   1.02863
   35  C   1.16133   1.01087   1.02866   0.98553
   36  C   1.21310   1.03019   1.00177   1.07839
   37  C   1.18176   0.95159   0.95834   0.99738
   38  C   1.18223   0.99092   0.94849   0.97398
   39  C   1.20326   1.03627   0.98225   1.06020
   40  S   1.88547   1.20290   0.99363   1.40201
   41  C   1.20346   1.08070   0.96706   0.98007
   42  C   1.18439   1.02654   0.96186   0.95139
   43  C   1.18434   0.94292   0.92893   0.96779
   44  C   1.21629   1.18607   0.99328   1.01468
   45  S   1.88518   1.71065   0.90218   1.00192
   46  C   1.17021   0.86486   0.90055   0.93375
   47  C   1.14294   1.08511   0.92124   0.97757
   48  C   1.18070   0.73526   0.87970   0.80683
   49  O   1.90968   1.41741   1.53972   1.48003
   50  O   1.83986   1.85088   1.30853   1.33306
   51  C   1.19683   0.92210   0.92340   0.91689
   52  N   1.84813   1.09565   1.09086   1.10355
   53  H   0.87614
   54  H   0.86835
   55  H   0.88292
   56  H   0.88267
   57  H   0.88734
   58  H   0.88825
   59  H   0.86887
   60  H   0.86541
   61  H   0.87675
   62  H   0.89337
   63  H   0.88667
   64  H   0.87898
   65  H   0.89457
   66  H   0.88641
   67  H   0.93762
   68  H   0.93737
   69  H   0.93874
   70  H   0.93513
   71  H   0.94092
   72  H   0.93997
   73  H   0.94084
   74  H   0.93537
   75  H   0.94027
   76  H   0.93560
   77  H   0.93961
   78  H   0.94080
   79  H   0.93768
   80  H   0.93875
   81  H   0.93782
   82  H   0.94089
   83  H   0.93919
   84  H   0.93521
   85  H   0.87030
   86  H   0.86735
   87  H   0.85993
   88  H   0.86106
   89  H   0.75325
 ******************** TDHF POLARIZABILITIES ********************



          MOLECULAR WEIGHT =  715.93



          ROTATIONAL CONSTANTS IN CM(-1)

          A =    0.00420634   B =    0.00033735   C =    0.00031947



           PRINCIPAL MOMENTS OF INERTIA IN UNITS OF 10**(-40)*GRAM-CM**2

          A =     6654.8927   B =    82979.4933   C =    87622.1839


 ROTATION MATRIX FOR ORIENTATION OF MOLECULE:

         0.256339   -0.961574    0.098316
         0.959253    0.265581    0.096435
        -0.118840    0.069590    0.990472


          CARTESIAN COORDINATES 

    NO.       ATOM         X         Y         Z

     1         N        2.1971    2.5299    0.4458
     2         C        2.4803    1.4149    0.5639
     3         C        2.8452    0.0452    0.7033
     4         C        1.9247   -0.9286    0.7785
     5         C        0.4927   -0.6621    0.7682
     6         C       -0.0454    0.2902    1.6688
     7         C       -1.3859    0.5487    1.6702
     8         C       -2.2502   -0.1310    0.7716
     9         C       -1.7158   -1.0812   -0.1101
    10         C       -0.3239   -1.3443   -0.0952
    11         C       -2.5789   -1.7632   -1.0088
    12         C       -3.9168   -1.5005   -1.0237
    13         C       -4.4516   -0.5392   -0.1193
    14         C       -3.6430    0.1319    0.7662
    15         N       -5.8397   -0.2803   -0.1537
    16         C       -6.4445    0.9934   -0.1979
    17         C       -5.8665    2.2563   -0.2635
    18         C       -6.7237    3.3437   -0.3129
    19         C       -8.1217    3.2050   -0.3064
    20         C       -8.6874    1.9368   -0.2620
    21         C       -7.8532    0.8305   -0.2109
    22         C       -8.1192   -0.5871   -0.1710
    23         C       -6.8651   -1.2484   -0.1323
    24         C       -6.7864   -2.6340   -0.0479
    25         C       -7.9802   -3.3374   -0.0372
    26         C       -9.2319   -2.7028   -0.0979
    27         C       -9.2983   -1.3162   -0.1575
    28         C      -10.4622   -3.5724   -0.0881
    29         C      -11.7646   -2.7736   -0.1696
    30         C      -10.4874   -4.3824    1.2111
    31         C      -10.4141   -4.5152   -1.2940
    32         C       -8.9528    4.4607   -0.3557
    33         C       -8.6115    5.3306    0.8576
    34         C      -10.4580    4.1878   -0.3281
    35         C       -8.6350    5.2159   -1.6493
    36         C        4.2607   -0.2359    0.7476
    37         C        4.8473   -1.1932    1.5289
    38         C        6.2639   -1.2430    1.3371
    39         C        6.6849   -0.3206    0.4190
    40         S        5.3930    0.6048   -0.2126
    41         C        8.0302   -0.1022   -0.0095
    42         C        8.4715   -0.0209   -1.3017
    43         C        9.8843    0.1919   -1.3712
    44         C       10.4509    0.2624   -0.1272
    45         S        9.2968    0.0904    1.1228
    46         C       11.8361    0.4835    0.1796
    47         C       12.8385   -0.0436   -0.5460
    48         C       14.2582    0.2188   -0.2631
    49         O       15.1969    0.1146   -1.0337
    50         O       14.4868    0.6162    1.0091
    51         C       12.6195   -0.9123   -1.6463
    52         N       12.4555   -1.6343   -2.5345
    53         H        2.2213   -1.9827    0.8404
    54         H       12.0424    1.1170    1.0547
    55         H        0.6200    0.8035    2.3701
    56         H       -1.8077    1.2837    2.3632
    57         H        0.0883   -2.0876   -0.7851
    58         H       -2.1542   -2.4995   -1.6989
    59         H       -4.5786   -2.0046   -1.7360
    60         H       -4.0534    0.8574    1.4765
    61         H       -4.7831    2.3908   -0.2909
    62         H       -6.2695    4.3391   -0.3613
    63         H       -9.7651    1.7599   -0.2676
    64         H       -5.8275   -3.1512    0.0231
    65         H       -7.9191   -4.4290    0.0250
    66         H      -10.2384   -0.7615   -0.1922
    67         H      -11.8955   -2.0921    0.6831
    68         H      -11.8354   -2.1762   -1.0898
    69         H      -12.6478   -3.4307   -0.1678
    70         H      -10.4615   -3.7317    2.0968
    71         H      -11.3943   -4.9993    1.2944
    72         H       -9.6408   -5.0761    1.3059
    73         H      -11.3152   -5.1421   -1.3631
    74         H      -10.3370   -3.9614   -2.2405
    75         H       -9.5644   -5.2112   -1.2668
    76         H       -8.7697    4.7911    1.8023
    77         H       -7.5688    5.6767    0.8637
    78         H       -9.2306    6.2387    0.9009
    79         H      -10.7742    3.6637    0.5851
    80         H      -11.0429    5.1198   -0.3591
    81         H      -10.7948    3.5932   -1.1893
    82         H       -9.2504    6.1207   -1.7598
    83         H       -7.5907    5.5519   -1.7097
    84         H       -8.8173    4.5952   -2.5382
    85         H        4.3246   -1.8429    2.2270
    86         H        6.9066   -1.9446    1.8635
    87         H        7.8460   -0.1162   -2.1866
    88         H       10.4117    0.3036   -2.3172
    89         H       15.4295    0.7758    1.1603


 ENERGY OF "REORIENTED" SYSTEM WITHOUT FIELD:      111.7455713813


  NFREQ=  3  IWFLB=  0  IBET=  1  IGAM=  1
  ATOL= 0.10000D-02  BTOL= 0.10000D-02    MAXITU=  500    MAXITA=  150


 *****************************************************************
 CALCULATION OF STATIC FIELD QUANTITIES
 *****************************************************************

 +++++ ALPHA AT       0.00000 EV.

                           COMPONENTS OF ALPHA

                     *X           *Y           *Z
           *=X:     893.5552      23.1878       1.0669
           *=Y:      23.2139     435.9366      22.5804
           *=Z:       1.0801      22.5815     290.2194

  ISOTROPIC AVERAGE ALPHA =     539.90371 A.U. =     80.00547 ANG.**3

 +++++ BETA (SECOND HARMONIC GENERATION) AT       0.00000 EV.

                              COMPONENTS OF BETA
            *XX         *XY         *YY         *XZ         *YZ         *ZZ
   *=X -7012.92411   112.39131   760.11207  -358.72898    86.84606   159.44677
   *=Y   112.00310   760.22298  -130.26115    86.79740    65.54650    73.62509
   *=Z  -359.04070    86.87758    65.61033   159.42392    73.60935   125.71835


 AVERAGE BETAX(SHG) VALUE AT   0.00000 EV =      -3655.9839 a.u. = -0.315856E-28 ESU
 AVERAGE BETAY(SHG) VALUE AT   0.00000 EV =         33.3692 a.u. =  0.288291E-30 ESU
 AVERAGE BETAZ(SHG) VALUE AT   0.00000 EV =       -100.5281 a.u. = -0.868504E-30 ESU



 AVERAGE BETA (SHG) VALUE AT   0.00000 EV =       3657.5180 a.u. =  0.315988E-28 ESU
   (1 a.u. = 8.639418X10-33 esu)



 +++++ ALPHA AT       0.00000 EV.

                           COMPONENTS OF ALPHA

                     *X           *Y           *Z
           *=X:     893.5552      23.1878       1.0669
           *=Y:      23.2139     435.9366      22.5804
           *=Z:       1.0801      22.5815     290.2194

  ISOTROPIC AVERAGE ALPHA =     539.90371 A.U. =     80.00547 ANG.**3


 GAMMA (THIRD HARMONIC GENERATION) AT    0.00000 EV.


 GAMMA(X,X,X,X) =       3582286.12260
 GAMMA(Y,Y,Y,Y) =        136131.68436
 GAMMA(Z,Z,Z,Z) =          5437.18208
 GAMMA(X,X,Y,Y) =         29641.38508
 GAMMA(X,X,Z,Z) =          9447.55288
 GAMMA(Y,Y,X,X) =         29640.87676
 GAMMA(Y,Y,Z,Z) =          6560.74608
 GAMMA(Z,Z,X,X) =          9447.02076
 GAMMA(Z,Z,Y,Y) =          6560.79570


 AVERAGE GAMMA VALUE AT    0.00000 =        763030.67326 a.u. =       384315.85605 ESU (X10-39)




 **********************************************************************
 CALCULATION FOR A FREQUENCY OF    0.25000 EV  =       0.00919 A.U. 
                  WAVELENGTH OF    4959.37 NM  =    2016.38525 CM(-1)
 **********************************************************************

 +++++ ALPHA AT       0.25000 EV.

                           COMPONENTS OF ALPHA

                     *X           *Y           *Z
           *=X:     897.4507      23.3881       1.0461
           *=Y:      23.4106     436.7579      22.5998
           *=Z:       1.0577      22.6008     290.6281

  ISOTROPIC AVERAGE ALPHA =     541.61224 A.U. =     80.25865 ANG.**3

 +++++ BETA (SECOND HARMONIC GENERATION) AT       0.25000 EV.

                              COMPONENTS OF BETA
            *XX         *XY         *YY         *XZ         *YZ         *ZZ
   *=X -7341.06904   106.09651   782.28394  -373.72482    90.47269   165.83084
   *=Y   113.45388   777.38528  -131.29321    86.62717    66.98731    74.93774
   *=Z  -367.35170    89.38966    67.90608   160.09777    74.91157   129.32248


 AVERAGE BETAX(SHG) VALUE AT   0.25000 EV =      -3840.0252 a.u. = -0.331756E-28 ESU
 AVERAGE BETAY(SHG) VALUE AT   0.25000 EV =         31.3056 a.u. =  0.270462E-30 ESU
 AVERAGE BETAZ(SHG) VALUE AT   0.25000 EV =       -104.9906 a.u. = -0.907058E-30 ESU



 AVERAGE BETA (SHG) VALUE AT   0.25000 EV =       3841.5878 a.u. =  0.331891E-28 ESU
   (1 a.u. = 8.639418X10-33 esu)



 +++++ ALPHA AT       0.75000 EV.

                           COMPONENTS OF ALPHA

                     *X           *Y           *Z
           *=X:     930.6893      25.0719       0.8456
           *=Y:      25.0980     443.5122      22.7548
           *=Z:       0.8565      22.7558     293.9822

  ISOTROPIC AVERAGE ALPHA =     556.06124 A.U. =     82.39977 ANG.**3


 GAMMA (THIRD HARMONIC GENERATION) AT    0.25000 EV.


 GAMMA(X,X,X,X) =       3957710.57743
 GAMMA(Y,Y,Y,Y) =        142649.98114
 GAMMA(Z,Z,Z,Z) =          5579.09908
 GAMMA(X,X,Y,Y) =         30946.39039
 GAMMA(X,X,Z,Z) =          9419.52839
 GAMMA(Y,Y,X,X) =         31512.66470
 GAMMA(Y,Y,Z,Z) =          6769.66926
 GAMMA(Z,Z,X,X) =         11914.83355
 GAMMA(Z,Z,Y,Y) =          6765.27433


 AVERAGE GAMMA VALUE AT    0.25000 =        840653.60366 a.u. =       423412.21743 ESU (X10-39)




 **********************************************************************
 CALCULATION FOR A FREQUENCY OF    0.50000 EV  =       0.01837 A.U. 
                  WAVELENGTH OF    2479.68 NM  =    4032.77050 CM(-1)
 **********************************************************************

 +++++ ALPHA AT       0.50000 EV.

                           COMPONENTS OF ALPHA

                     *X           *Y           *Z
           *=X:     909.4615      23.9934       0.9750
           *=Y:      24.0182     439.2490      22.6565
           *=Z:       0.9865      22.6575     291.8656

  ISOTROPIC AVERAGE ALPHA =     546.85869 A.U. =     81.03610 ANG.**3

 +++++ BETA (SECOND HARMONIC GENERATION) AT       0.50000 EV.

                              COMPONENTS OF BETA
            *XX         *XY         *YY         *XZ         *YZ         *ZZ
   *=X -8490.43770    81.67461   856.94311  -425.74878   103.29900   188.30707
   *=Y   115.10646   832.84480  -133.99907    85.23853    71.61836    79.29050
   *=Z  -395.24149    97.93493    75.77387   161.35148    79.12240   141.20249


 AVERAGE BETAX(SHG) VALUE AT   0.50000 EV =      -4487.5341 a.u. = -0.387697E-28 ESU
 AVERAGE BETAY(SHG) VALUE AT   0.50000 EV =         22.7988 a.u. =  0.196968E-30 ESU
 AVERAGE BETAZ(SHG) VALUE AT   0.50000 EV =       -120.8242 a.u. = -0.104385E-29 ESU



 AVERAGE BETA (SHG) VALUE AT   0.50000 EV =       4489.2182 a.u. =  0.387842E-28 ESU
   (1 a.u. = 8.639418X10-33 esu)



 +++++ ALPHA AT       1.50000 EV.

                           COMPONENTS OF ALPHA

                     *X           *Y           *Z
           *=X:    1082.1885      32.9736      -0.1769
           *=Y:      33.0199     469.3410      23.3994
           *=Z:      -0.1578      23.4013     306.8262

  ISOTROPIC AVERAGE ALPHA =     619.45190 A.U. =     91.79330 ANG.**3


 GAMMA (THIRD HARMONIC GENERATION) AT    0.50000 EV.


 GAMMA(X,X,X,X) =       5596957.91928
 GAMMA(Y,Y,Y,Y) =        165499.35695
 GAMMA(Z,Z,Z,Z) =          6065.88692
 GAMMA(X,X,Y,Y) =         34925.82489
 GAMMA(X,X,Z,Z) =          8151.04385
 GAMMA(Y,Y,X,X) =         38367.57429
 GAMMA(Y,Y,Z,Z) =          7465.96269
 GAMMA(Z,Z,X,X) =         22758.32033
 GAMMA(Z,Z,Y,Y) =          7499.69574


 AVERAGE GAMMA VALUE AT    0.50000 =       1177538.31699 a.u. =       593091.02791 ESU (X10-39)



 **********************
 *                    *
 * JOB ENDED NORMALLY *
 *                    *
 **********************



 TOTAL JOB TIME:           204.24 SECONDS

 == MOPAC DONE ==
