 *******************************************************************************
 ** Site#: 4824         For non-commercial use only    Version 21.013L 64BITS **
 *******************************************************************************
 ** Cite this program as: MOPAC2016, Version: 21.013L, James J. P. Stewart,   **
 ** Stewart Computational Chemistry, web: HTTP://OpenMOPAC.net. Days left:  87**
 *******************************************************************************
 **                                                                           **
 **                                MOPAC2016                                  **
 **                                                                           **
 *******************************************************************************

                              RM1 CALCULATION RESULTS

 *******************************************************************************
 *  CALCULATION DONE:                                Mon Oct 18 16:32:13 2021  *
 *  RM1        - The RM1 Hamiltonian to be used
 *  POLAR      - CALCULATE FIRST, SECOND AND THIRD-ORDER POLARIZABILITIES
 *  PRECISE    - TIGHTER CRITERIA TO BE USED
 *  XYZ        - CARTESIAN COORDINATE SYSTEM TO BE USED
 *  T=         - A TIME OF 172800.0 SECONDS REQUESTED
 *  DUMP=N     - RESTART FILE WRITTEN EVERY 7200.0 SECONDS REQUESTED
 *  GNORM      - EXIT WHEN GRADIENT NORM DROPS BELOW 0.100
 *******************************************************************************
RM1 PRECISE POLAR XYZ GNORM=0.1


   ATOM   CHEMICAL          X               Y               Z
  NUMBER   SYMBOL      (ANGSTROMS)     (ANGSTROMS)     (ANGSTROMS)
 
     1       C          0.00000000  *   0.00000000  *   0.00000000  *
     2       C          1.52009613  *   0.00000000  *   0.00000000  *
     3       C          2.06186519  *   1.42715586  *   0.00000000  *
     4       C          3.58866655  *   1.42782849  *  -0.00491775  *
     5       C          4.12762752  *   2.85373033  *   0.05029019  *
     6       C          5.64660541  *   2.92509567  *  -0.09489856  *
     7       C          6.22965604  *   2.87354204  *  -1.51518843  *
     8       C          5.25286403  *   3.08437070  *  -2.67886746  *
     9       C          4.65272145  *   4.48531187  *  -2.75181326  *
    10       C          3.48953775  *   4.50960386  *  -3.74436201  *
    11       C          2.91545797  *   5.91842885  *  -3.86921763  *
    12       C          1.74433529  *   5.94455309  *  -4.84804278  *
    13       C          1.17681707  *   7.34943493  *  -4.96980508  *
    14       C          7.38316133  *   3.85035523  *  -1.64007986  *
    15       C          7.38763965  *   5.20677308  *  -1.41429009  *
    16       C          8.57912076  *   5.90870843  *  -1.67507430  *
    17       C          9.74330985  *   5.25791160  *  -2.08474235  *
    18       C          9.74066940  *   3.87189181  *  -2.24155053  *
    19       C          8.56471339  *   3.18519057  *  -2.02539136  *
    20       C          8.28627482  *   1.76280373  *  -2.10569334  *
    21       C          6.93222228  *   1.55306558  *  -1.77622679  *
    22       C          6.40729842  *   0.28180220  *  -1.75824107  *
    23       C          7.25153415  *  -0.78723826  *  -2.08439079  *
    24       C          8.58344073  *  -0.57714232  *  -2.42629643  *
    25       C          9.11772791  *   0.71123988  *  -2.43093795  *
    26       C          6.72629561  *  -2.14639554  *  -2.09358358  *
    27       C          6.10661901  *  -2.69053558  *  -1.03520533  *
    28       C          5.59055245  *  -4.03919891  *  -1.05690856  *
    29       C          6.18225739  *  -5.10077031  *  -1.68366679  *
    30       C          5.41715996  *  -6.30040517  *  -1.53895529  *
    31       C          4.27947349  *  -6.09383057  *  -0.80641965  *
    32       S          4.12522863  *  -4.46837456  *  -0.29432558  *
    33       C          3.29598147  *  -7.07250401  *  -0.47174855  *
    34       C          2.60344267  *  -7.15468867  *   0.71264629  *
    35       C          1.69711603  *  -8.24896404  *   0.71293675  *
    36       C          1.73729611  *  -8.95982966  *  -0.46942832  *
    37       S          2.85582599  *  -8.29557423  *  -1.56368392  *
    38       C          0.91261132  * -10.10554505  *  -0.70268645  *
    39       C          0.95436936  * -10.90434024  *  -1.79026504  *
    40       C          0.03345485  * -12.04483058  *  -1.87810622  *
    41       O         -0.80631199  * -12.37003925  *  -1.05040612  *
    42       O          0.17027565  * -12.77243574  *  -3.00496426  *
    43       C          1.84784874  * -10.71501604  *  -2.87191559  *
    44       N          2.56731696  * -10.58330104  *  -3.76832933  *
    45       C          5.95031032  *  -1.97817983  *   0.18778836  *
    46       N          5.81692323  *  -1.41242508  *   1.18760424  *
    47       N          8.57277525  *   7.31369597  *  -1.52579402  *
    48       C          7.63044358  *   8.18921527  *  -2.10668837  *
    49       C          6.49775553  *   7.91165551  *  -2.86446747  *
    50       C          5.75619453  *   8.99389079  *  -3.31156730  *
    51       C          6.10863919  *  10.32336767  *  -3.02811660  *
    52       C          7.25158248  *  10.58801896  *  -2.28333999  *
    53       C          8.01509696  *   9.52550373  *  -1.82627584  *
    54       C          9.23769555  *   9.46682766  *  -1.06167880  *
    55       C          9.56491449  *   8.09461189  *  -0.89788510  *
    56       C         10.68156389  *   7.70564375  *  -0.17062526  *
    57       C         11.47967328  *   8.70866950  *   0.36379615  *
    58       C         11.18572701  *  10.06726046  *   0.19714040  *
    59       C         10.04889654  *  10.44527388  *  -0.51600129  *
    60       C         12.05201790  *  11.15824404  *   0.77153974  *
    61       C         11.22051086  *  11.97797596  *   1.76245283  *
    62       C         13.28215192  *  10.63146648  *   1.51278756  *
    63       C         12.54194870  *  12.05501996  *  -0.36947980  *
    64       C          5.22006677  *  11.41595012  *  -3.56347062  *
    65       C          5.22329484  *  11.34964471  *  -5.09321816  *
    66       C          5.67475193  *  12.81718004  *  -3.15047590  *
    67       C          3.79833604  *  11.21014700  *  -3.03226727  *
    68       H          6.86450975  *  -2.71111387  *  -3.02358004  *
    69       H          0.18823185  * -10.33180933  *   0.09865072  *
    70       H         -0.40955331  *  -1.02058371  *   0.00319579  *
    71       H         -0.41664735  *   0.50922853  *   0.88107053  *
    72       H         -0.41739592  *   0.50388820  *  -0.88376724  *
    73       H          1.90256931  *  -0.56103144  *   0.87894833  *
    74       H          1.90207153  *  -0.56104932  *  -0.87905990  *
    75       H          1.67056362  *   1.98564332  *  -0.87683977  *
    76       H          1.67812567  *   1.98304160  *   0.88145885  *
    77       H          3.98071151  *   0.83963201  *   0.85303114  *
    78       H          3.97220616  *   0.89152956  *  -0.90149735  *
    79       H          3.61959603  *   3.51187923  *  -0.68698370  *
    80       H          3.84452974  *   3.30369880  *   1.02913117  *
    81       H          5.98619062  *   3.85837357  *   0.40727562  *
    82       H          6.11408462  *   2.12416456  *   0.51927259  *
    83       H          5.77587109  *   2.86522686  *  -3.63682640  *
    84       H          4.45285816  *   2.31547487  *  -2.63062641  *
    85       H          4.30210572  *   4.80952331  *  -1.74682209  *
    86       H          5.41849703  *   5.23575177  *  -3.05525181  *
    87       H          3.82174097  *   4.13800792  *  -4.73674456  *
    88       H          2.69540451  *   3.79954305  *  -3.42885489  *
    89       H          2.59368797  *   6.29517895  *  -2.87530909  *
    90       H          3.70384254  *   6.62890136  *  -4.19759584  *
    91       H          2.06174072  *   5.57188809  *  -5.84494886  *
    92       H          0.95022239  *   5.23820695  *  -4.52521939  *
    93       H          1.92424882  *   8.07191013  *  -5.32867706  *
    94       H          0.33482010  *   7.39101487  *  -5.67595877  *
    95       H          0.80168616  *   7.73217926  *  -4.00970370  *
    96       H          6.50935134  *   5.72797623  *  -1.02059677  *
    97       H         10.65627907  *   5.82328736  *  -2.29734523  *
    98       H         10.65203478  *   3.34723766  *  -2.53965662  *
    99       H          5.35234847  *   0.11473337  *  -1.50679797  *
   100       H          9.22238773  *  -1.42661046  *  -2.68587961  *
   101       H         10.16627016  *   0.87991001  *  -2.68722060  *
   102       H          7.12690102  *  -5.06798121  *  -2.22156217  *
   103       H          5.73044113  *  -7.25240698  *  -1.96190735  *
   104       H          2.72670098  *  -6.48268083  *   1.55878772  *
   105       H          1.05652739  *  -8.48527790  *   1.56107282  *
   106       H         -0.45501351  * -13.51167982  *  -3.01976159  *
   107       H          6.19907019  *   6.88540666  *  -3.11190050  *
   108       H          4.86461225  *   8.78029070  *  -3.91083034  *
   109       H          7.58782126  *  11.59766880  *  -2.03790181  *
   110       H         10.92005618  *   6.65232592  *  -0.00814029  *
   111       H         12.35635727  *   8.38348452  *   0.93116963  *
   112       H          9.77082655  *  11.49270642  *  -0.66014013  *
   113       H         10.36917355  *  12.48999102  *   1.29332961  *
   114       H         10.80642921  *  11.34944084  *   2.56373673  *
   115       H         11.81620268  *  12.76436355  *   2.24875887  *
   116       H         13.94658467  *  10.04481154  *   0.86243644  *
   117       H         13.89893258  *  11.45019388  *   1.91410895  *
   118       H         13.01844187  *  10.00423979  *   2.37632771  *
   119       H         11.72782217  *  12.57625605  *  -0.89151557  *
   120       H         13.22307028  *  12.84151627  *  -0.01261586  *
   121       H         13.08805616  *  11.48129257  *  -1.13177788  *
   122       H          6.23926622  *  11.44359129  *  -5.50260032  *
   123       H          4.81232674  *  10.40970591  *  -5.48651498  *
   124       H          4.62257694  *  12.15455993  *  -5.54149656  *
   125       H          6.67592085  *  13.06560565  *  -3.53065189  *
   126       H          5.00354668  *  13.59681656  *  -3.54200085  *
   127       H          5.68852284  *  12.94987736  *  -2.05927225  *
   128       H          3.12015684  *  12.01761092  *  -3.34522818  *
   129       H          3.33519442  *  10.27700920  *  -3.38181402  *
   130       H          3.77510610  *  11.18135087  *  -1.93360478  *
 


          CARTESIAN COORDINATES 

    NO.       ATOM           X           Y           Z

     1         C          0.0000      0.0000      0.0000
     2         C          1.5201      0.0000      0.0000
     3         C          2.0619      1.4272      0.0000
     4         C          3.5887      1.4278     -0.0049
     5         C          4.1276      2.8537      0.0503
     6         C          5.6466      2.9251     -0.0949
     7         C          6.2297      2.8735     -1.5152
     8         C          5.2529      3.0844     -2.6789
     9         C          4.6527      4.4853     -2.7518
    10         C          3.4895      4.5096     -3.7444
    11         C          2.9155      5.9184     -3.8692
    12         C          1.7443      5.9446     -4.8480
    13         C          1.1768      7.3494     -4.9698
    14         C          7.3832      3.8504     -1.6401
    15         C          7.3876      5.2068     -1.4143
    16         C          8.5791      5.9087     -1.6751
    17         C          9.7433      5.2579     -2.0847
    18         C          9.7407      3.8719     -2.2416
    19         C          8.5647      3.1852     -2.0254
    20         C          8.2863      1.7628     -2.1057
    21         C          6.9322      1.5531     -1.7762
    22         C          6.4073      0.2818     -1.7582
    23         C          7.2515     -0.7872     -2.0844
    24         C          8.5834     -0.5771     -2.4263
    25         C          9.1177      0.7112     -2.4309
    26         C          6.7263     -2.1464     -2.0936
    27         C          6.1066     -2.6905     -1.0352
    28         C          5.5906     -4.0392     -1.0569
    29         C          6.1823     -5.1008     -1.6837
    30         C          5.4172     -6.3004     -1.5390
    31         C          4.2795     -6.0938     -0.8064
    32         S          4.1252     -4.4684     -0.2943
    33         C          3.2960     -7.0725     -0.4717
    34         C          2.6034     -7.1547      0.7126
    35         C          1.6971     -8.2490      0.7129
    36         C          1.7373     -8.9598     -0.4694
    37         S          2.8558     -8.2956     -1.5637
    38         C          0.9126    -10.1055     -0.7027
    39         C          0.9544    -10.9043     -1.7903
    40         C          0.0335    -12.0448     -1.8781
    41         O         -0.8063    -12.3700     -1.0504
    42         O          0.1703    -12.7724     -3.0050
    43         C          1.8478    -10.7150     -2.8719
    44         N          2.5673    -10.5833     -3.7683
    45         C          5.9503     -1.9782      0.1878
    46         N          5.8169     -1.4124      1.1876
    47         N          8.5728      7.3137     -1.5258
    48         C          7.6304      8.1892     -2.1067
    49         C          6.4978      7.9117     -2.8645
    50         C          5.7562      8.9939     -3.3116
    51         C          6.1086     10.3234     -3.0281
    52         C          7.2516     10.5880     -2.2833
    53         C          8.0151      9.5255     -1.8263
    54         C          9.2377      9.4668     -1.0617
    55         C          9.5649      8.0946     -0.8979
    56         C         10.6816      7.7056     -0.1706
    57         C         11.4797      8.7087      0.3638
    58         C         11.1857     10.0673      0.1971
    59         C         10.0489     10.4453     -0.5160
    60         C         12.0520     11.1582      0.7715
    61         C         11.2205     11.9780      1.7625
    62         C         13.2822     10.6315      1.5128
    63         C         12.5419     12.0550     -0.3695
    64         C          5.2201     11.4160     -3.5635
    65         C          5.2233     11.3496     -5.0932
    66         C          5.6748     12.8172     -3.1505
    67         C          3.7983     11.2101     -3.0323
    68         H          6.8645     -2.7111     -3.0236
    69         H          0.1882    -10.3318      0.0987
    70         H         -0.4096     -1.0206      0.0032
    71         H         -0.4166      0.5092      0.8811
    72         H         -0.4174      0.5039     -0.8838
    73         H          1.9026     -0.5610      0.8789
    74         H          1.9021     -0.5610     -0.8791
    75         H          1.6706      1.9856     -0.8768
    76         H          1.6781      1.9830      0.8815
    77         H          3.9807      0.8396      0.8530
    78         H          3.9722      0.8915     -0.9015
    79         H          3.6196      3.5119     -0.6870
    80         H          3.8445      3.3037      1.0291
    81         H          5.9862      3.8584      0.4073
    82         H          6.1141      2.1242      0.5193
    83         H          5.7759      2.8652     -3.6368
    84         H          4.4529      2.3155     -2.6306
    85         H          4.3021      4.8095     -1.7468
    86         H          5.4185      5.2358     -3.0553
    87         H          3.8217      4.1380     -4.7367
    88         H          2.6954      3.7995     -3.4289
    89         H          2.5937      6.2952     -2.8753
    90         H          3.7038      6.6289     -4.1976
    91         H          2.0617      5.5719     -5.8449
    92         H          0.9502      5.2382     -4.5252
    93         H          1.9242      8.0719     -5.3287
    94         H          0.3348      7.3910     -5.6760
    95         H          0.8017      7.7322     -4.0097
    96         H          6.5094      5.7280     -1.0206
    97         H         10.6563      5.8233     -2.2973
    98         H         10.6520      3.3472     -2.5397
    99         H          5.3523      0.1147     -1.5068
   100         H          9.2224     -1.4266     -2.6859
   101         H         10.1663      0.8799     -2.6872
   102         H          7.1269     -5.0680     -2.2216
   103         H          5.7304     -7.2524     -1.9619
   104         H          2.7267     -6.4827      1.5588
   105         H          1.0565     -8.4853      1.5611
   106         H         -0.4550    -13.5117     -3.0198
   107         H          6.1991      6.8854     -3.1119
   108         H          4.8646      8.7803     -3.9108
   109         H          7.5878     11.5977     -2.0379
   110         H         10.9201      6.6523     -0.0081
   111         H         12.3564      8.3835      0.9312
   112         H          9.7708     11.4927     -0.6601
   113         H         10.3692     12.4900      1.2933
   114         H         10.8064     11.3494      2.5637
   115         H         11.8162     12.7644      2.2488
   116         H         13.9466     10.0448      0.8624
   117         H         13.8989     11.4502      1.9141
   118         H         13.0184     10.0042      2.3763
   119         H         11.7278     12.5763     -0.8915
   120         H         13.2231     12.8415     -0.0126
   121         H         13.0881     11.4813     -1.1318
   122         H          6.2393     11.4436     -5.5026
   123         H          4.8123     10.4097     -5.4865
   124         H          4.6226     12.1546     -5.5415
   125         H          6.6759     13.0656     -3.5307
   126         H          5.0035     13.5968     -3.5420
   127         H          5.6885     12.9499     -2.0593
   128         H          3.1202     12.0176     -3.3452
   129         H          3.3352     10.2770     -3.3818
   130         H          3.7751     11.1814     -1.9336

  H: (RM1): G.B. ROCHA, R.O. FREIRE, A.M.SIMAS, J.J.P. STEWART, J. COMP. CHEM. 27, 1101 (2006)
  C: (RM1): G.B. ROCHA, R.O. FREIRE, A.M.SIMAS, J.J.P. STEWART, J. COMP. CHEM. 27, 1101 (2006)
  N: (RM1): G.B. ROCHA, R.O. FREIRE, A.M.SIMAS, J.J.P. STEWART, J. COMP. CHEM. 27, 1101 (2006)
  O: (RM1): G.B. ROCHA, R.O. FREIRE, A.M.SIMAS, J.J.P. STEWART, J. COMP. CHEM. 27, 1101 (2006)
  S: (RM1): G.B. ROCHA, R.O. FREIRE, A.M.SIMAS, J.J.P. STEWART, J. COMP. CHEM. 27, 1101 (2006)

           Empirical Formula: C60 H63 N3 O2 S2  =   130 atoms



      MOLECULAR POINT GROUP   :   C1  


      RHF CALCULATION, NO. OF DOUBLY OCCUPIED LEVELS = 171


          Geometry optimization using L-BFGS
 CYCLE:     1 TIME:   0.656 TIME LEFT:  2.00D  GRAD.:     2.555 HEAT:  65.60110
 CYCLE:     2 TIME:   0.297 TIME LEFT:  2.00D  GRAD.:     2.532 HEAT:  65.60104
 CYCLE:     3 TIME:   0.363 TIME LEFT:  2.00D  GRAD.:     3.011 HEAT:  65.59612
 CYCLE:     4 TIME:   0.332 TIME LEFT:  2.00D  GRAD.:     2.697 HEAT:  65.60108
 CYCLE:     5 TIME:   0.355 TIME LEFT:  2.00D  GRAD.:     3.437 HEAT:  65.59660
 CYCLE:     6 TIME:   0.352 TIME LEFT:  2.00D  GRAD.:     1.949 HEAT:  65.59399
 CYCLE:     7 TIME:   0.344 TIME LEFT:  2.00D  GRAD.:     1.522 HEAT:  65.59352
 CYCLE:     8 TIME:   0.305 TIME LEFT:  2.00D  GRAD.:     0.898 HEAT:  65.59325
 CYCLE:     9 TIME:   0.332 TIME LEFT:  2.00D  GRAD.:     1.103 HEAT:  65.59285
 CYCLE:    10 TIME:   0.297 TIME LEFT:  2.00D  GRAD.:     0.892 HEAT:  65.59259
 CYCLE:    11 TIME:   0.336 TIME LEFT:  2.00D  GRAD.:     0.695 HEAT:  65.59196
 CYCLE:    12 TIME:   0.312 TIME LEFT:  2.00D  GRAD.:     1.457 HEAT:  65.59189
 CYCLE:    13 TIME:   0.285 TIME LEFT:  2.00D  GRAD.:     0.578 HEAT:  65.59168
 CYCLE:    14 TIME:   0.297 TIME LEFT:  2.00D  GRAD.:     0.426 HEAT:  65.59158
 CYCLE:    15 TIME:   0.301 TIME LEFT:  2.00D  GRAD.:     0.482 HEAT:  65.59145
 CYCLE:    16 TIME:   0.305 TIME LEFT:  2.00D  GRAD.:     0.559 HEAT:  65.59133
 CYCLE:    17 TIME:   0.316 TIME LEFT:  2.00D  GRAD.:     2.107 HEAT:  65.59162
 CYCLE:    18 TIME:   0.285 TIME LEFT:  2.00D  GRAD.:     0.316 HEAT:  65.59120
 CYCLE:    19 TIME:   0.285 TIME LEFT:  2.00D  GRAD.:     0.276 HEAT:  65.59117
 CYCLE:    20 TIME:   0.301 TIME LEFT:  2.00D  GRAD.:     0.285 HEAT:  65.59109
 CYCLE:    21 TIME:   0.301 TIME LEFT:  2.00D  GRAD.:     0.348 HEAT:  65.59099
 CYCLE:    22 TIME:   0.305 TIME LEFT:  2.00D  GRAD.:     0.932 HEAT:  65.59102
 CYCLE:    23 TIME:   0.289 TIME LEFT:  2.00D  GRAD.:     0.222 HEAT:  65.59091
 CYCLE:    24 TIME:   0.285 TIME LEFT:  2.00D  GRAD.:     0.168 HEAT:  65.59088
 CYCLE:    25 TIME:   0.297 TIME LEFT:  2.00D  GRAD.:     0.283 HEAT:  65.59085
 CYCLE:    26 TIME:   0.293 TIME LEFT:  2.00D  GRAD.:     0.286 HEAT:  65.59082
 CYCLE:    27 TIME:   0.289 TIME LEFT:  2.00D  GRAD.:     0.157 HEAT:  65.59081
 CYCLE:    28 TIME:   0.285 TIME LEFT:  2.00D  GRAD.:     0.135 HEAT:  65.59079
 CYCLE:    29 TIME:   0.293 TIME LEFT:  2.00D  GRAD.:     0.264 HEAT:  65.59076
 CYCLE:    30 TIME:   0.297 TIME LEFT:  2.00D  GRAD.:     0.330 HEAT:  65.59074
 CYCLE:    31 TIME:   0.285 TIME LEFT:  2.00D  GRAD.:     0.151 HEAT:  65.59072
 CYCLE:    32 TIME:   0.293 TIME LEFT:  2.00D  GRAD.:     0.146 HEAT:  65.59071
 CYCLE:    33 TIME:   0.301 TIME LEFT:  2.00D  GRAD.:     0.149 HEAT:  65.59069
 CYCLE:    34 TIME:   0.297 TIME LEFT:  2.00D  GRAD.:     0.395 HEAT:  65.59067
 CYCLE:    35 TIME:   0.293 TIME LEFT:  2.00D  GRAD.:     0.144 HEAT:  65.59065
 CYCLE:    36 TIME:   0.324 TIME LEFT:  2.00D  GRAD.:     0.144 HEAT:  65.59063
 CYCLE:    37 TIME:   0.312 TIME LEFT:  2.00D  GRAD.:     0.159 HEAT:  65.59062
 CYCLE:    38 TIME:   0.336 TIME LEFT:  2.00D  GRAD.:     0.198 HEAT:  65.59059
 CYCLE:    39 TIME:   0.316 TIME LEFT:  2.00D  GRAD.:     0.440 HEAT:  65.59058
 CYCLE:    40 TIME:   0.301 TIME LEFT:  2.00D  GRAD.:     0.126 HEAT:  65.59056
 CYCLE:    41 TIME:   0.312 TIME LEFT:  2.00D  GRAD.:     0.165 HEAT:  65.59056
 CYCLE:    42 TIME:   0.289 TIME LEFT:  2.00D  GRAD.:     0.175 HEAT:  65.59054
 CYCLE:    43 TIME:   0.289 TIME LEFT:  2.00D  GRAD.:     0.124 HEAT:  65.59053
 CYCLE:    44 TIME:   0.328 TIME LEFT:  2.00D  GRAD.:     0.230 HEAT:  65.59051
 CYCLE:    45 TIME:   0.336 TIME LEFT:  2.00D  GRAD.:     0.210 HEAT:  65.59049
 CYCLE:    46 TIME:   0.363 TIME LEFT:  2.00D  GRAD.:     0.120 HEAT:  65.59048
 CYCLE:    47 TIME:   0.383 TIME LEFT:  2.00D  GRAD.:     0.102 HEAT:  65.59046
 CYCLE:    48 TIME:   0.320 TIME LEFT:  2.00D  GRAD.:     0.159 HEAT:  65.59044
 CYCLE:    49 TIME:   0.320 TIME LEFT:  2.00D  GRAD.:     0.403 HEAT:  65.59042
 CYCLE:    50 TIME:   0.309 TIME LEFT:  2.00D  GRAD.:     0.181 HEAT:  65.59039
 CYCLE:    51 TIME:   0.312 TIME LEFT:  2.00D  GRAD.:     0.149 HEAT:  65.59037
 CYCLE:    52 TIME:   0.305 TIME LEFT:  2.00D  GRAD.:     0.127 HEAT:  65.59035
 CYCLE:    53 TIME:   0.336 TIME LEFT:  2.00D  GRAD.:     0.135 HEAT:  65.59033
 CYCLE:    54 TIME:   0.367 TIME LEFT:  2.00D  GRAD.:     0.869 HEAT:  65.59041
 CYCLE:    55 TIME:   0.324 TIME LEFT:  2.00D  GRAD.:     0.108 HEAT:  65.59031
 CYCLE:    56 TIME:   0.324 TIME LEFT:  2.00D  GRAD.:     0.107 HEAT:  65.59030
 CYCLE:    57 TIME:   0.312 TIME LEFT:  2.00D  GRAD.:     0.233 HEAT:  65.59028
 CYCLE:    58 TIME:   0.305 TIME LEFT:  2.00D  GRAD.:     0.381 HEAT:  65.59028
 CYCLE:    59 TIME:   0.305 TIME LEFT:  2.00D  GRAD.:     0.092 HEAT:  65.59026

 -------------------------------------------------------------------------------
 RM1 PRECISE POLAR XYZ GNORM=0.1




     HERBERTS TEST WAS SATISFIED IN BFGS                      
     SCF FIELD WAS ACHIEVED                                   


                              RM1 CALCULATION
                                                       MOPAC2016 (Version: 21.013L)
                                                       Mon Oct 18 16:32:32 2021
                                                       No. of days remaining =  87




          FINAL HEAT OF FORMATION =         65.59026 KCAL/MOL =     274.42966 KJ/MOL


          TOTAL ENERGY            =     -10045.42905 EV
          ELECTRONIC ENERGY       =    -128913.37954 EV  POINT GROUP:     C1  
          CORE-CORE REPULSION     =     118867.95049 EV
          COSMO AREA              =        913.65 SQUARE ANGSTROMS
          COSMO VOLUME            =       1170.19 CUBIC ANGSTROMS

          GRADIENT NORM           =          0.09167 = 0.00804 PER ATOM
          IONIZATION POTENTIAL    =          7.867966 EV
          HOMO LUMO ENERGIES (EV) =         -7.868 -1.585
          NO. OF FILLED LEVELS    =        171
          MOLECULAR WEIGHT        =        922.2966

          MOLECULAR DIMENSIONS (Angstroms)

            Atom       Atom       Distance
            H   120    H   106    29.84358
            H    94    H   100    12.41248
            H   122    H    71     7.58960


          SCF CALCULATIONS        =         60
 
          WALL-CLOCK TIME         =         19.090 SECONDS
          COMPUTATION TIME        =  3 MINUTES AND 31.302 SECONDS




   ATOM   CHEMICAL          X               Y               Z
  NUMBER   SYMBOL      (ANGSTROMS)     (ANGSTROMS)     (ANGSTROMS)
 
     1       C         -0.00045565  *   0.00054268  *  -0.00057798  *
     2       C          1.51958703  *  -0.00077462  *   0.00201397  *
     3       C          2.06208545  *   1.42618026  *   0.00208128  *
     4       C          3.58897777  *   1.42683643  *  -0.00565917  *
     5       C          4.12737328  *   2.85300978  *   0.04930139  *
     6       C          5.64633073  *   2.92550736  *  -0.09566849  *
     7       C          6.22962725  *   2.87387693  *  -1.51589006  *
     8       C          5.25298360  *   3.08491789  *  -2.67946341  *
     9       C          4.65198694  *   4.48552042  *  -2.75161310  *
    10       C          3.48900090  *   4.50968292  *  -3.74447104  *
    11       C          2.91514819  *   5.91877003  *  -3.86959164  *
    12       C          1.74385300  *   5.94464754  *  -4.84822165  *
    13       C          1.17647380  *   7.34956863  *  -4.97047521  *
    14       C          7.38308769  *   3.85060348  *  -1.64039093  *
    15       C          7.38770995  *   5.20694324  *  -1.41434457  *
    16       C          8.57917899  *   5.90898834  *  -1.67518547  *
    17       C          9.74354242  *   5.25834531  *  -2.08489051  *
    18       C          9.74089876  *   3.87236266  *  -2.24187390  *
    19       C          8.56501560  *   3.18544302  *  -2.02586932  *
    20       C          8.28661060  *   1.76327214  *  -2.10638075  *
    21       C          6.93271085  *   1.55321992  *  -1.77663628  *
    22       C          6.40832237  *   0.28177264  *  -1.75789371  *
    23       C          7.25255575  *  -0.78722275  *  -2.08420727  *
    24       C          8.58446687  *  -0.57697743  *  -2.42634859  *
    25       C          9.11838002  *   0.71180685  *  -2.43114480  *
    26       C          6.72763659  *  -2.14647358  *  -2.09354386  *
    27       C          6.10447256  *  -2.68974044  *  -1.03671445  *
    28       C          5.58850407  *  -4.03825496  *  -1.05836497  *
    29       C          6.18120421  *  -5.10032693  *  -1.68345678  *
    30       C          5.41622938  *  -6.29991565  *  -1.53822029  *
    31       C          4.27770377  *  -6.09293645  *  -0.80718061  *
    32       S          4.12238700  *  -4.46690849  *  -0.29687751  *
    33       C          3.29440785  *  -7.07182485  *  -0.47229787  *
    34       C          2.60425741  *  -7.15590549  *   0.71331975  *
    35       C          1.69781341  *  -8.25006164  *   0.71364947  *
    36       C          1.73510564  *  -8.95875167  *  -0.47011354  *
    37       S          2.85223519  *  -8.29330951  *  -1.56520932  *
    38       C          0.91051917  * -10.10447210  *  -0.70359396  *
    39       C          0.95396201  * -10.90442111  *  -1.79026896  *
    40       C          0.03341953  * -12.04524337  *  -1.87815717  *
    41       O         -0.80576572  * -12.37114715  *  -1.05015322  *
    42       O          0.16998370  * -12.77238403  *  -3.00536021  *
    43       C          1.84872511  * -10.71616955  *  -2.87105231  *
    44       N          2.57036532  * -10.58634993  *  -3.76599565  *
    45       C          5.94627906  *  -1.97682444  *   0.18581287  *
    46       N          5.82812143  *  -1.41653351  *   1.19059985  *
    47       N          8.57269716  *   7.31387230  *  -1.52577104  *
    48       C          7.63015366  *   8.18928804  *  -2.10638153  *
    49       C          6.49783034  *   7.91162400  *  -2.86459182  *
    50       C          5.75624964  *   8.99387033  *  -3.31174150  *
    51       C          6.10859122  *  10.32328162  *  -3.02783462  *
    52       C          7.25127575  *  10.58801518  *  -2.28282516  *
    53       C          8.01489217  *   9.52554152  *  -1.82592388  *
    54       C          9.23788685  *   9.46691806  *  -1.06201943  *
    55       C          9.56502312  *   8.09479912  *  -0.89814175  *
    56       C         10.68170018  *   7.70578583  *  -0.17088396  *
    57       C         11.47947712  *   8.70882376  *   0.36398095  *
    58       C         11.18551988  *  10.06738539  *   0.19740172  *
    59       C         10.04906058  *  10.44528746  *  -0.51624994  *
    60       C         12.05206183  *  11.15822841  *   0.77174670  *
    61       C         11.22074702  *  11.97830274  *   1.76253930  *
    62       C         13.28210381  *  10.63129909  *   1.51307405  *
    63       C         12.54209938  *  12.05486269  *  -0.36932125  *
    64       C          5.22022289  *  11.41593175  *  -3.56332444  *
    65       C          5.22322261  *  11.34935647  *  -5.09305658  *
    66       C          5.67511404  *  12.81723376  *  -3.15068917  *
    67       C          3.79853746  *  11.21034298  *  -3.03196086  *
    68       H          6.86971395  *  -2.71239159  *  -3.02222380  *
    69       H          0.18483791  * -10.32992297  *   0.09667603  *
    70       H         -0.41085494  *  -1.01964638  *   0.00017652  *
    71       H         -0.41811605  *   0.50841282  *   0.88073924  *
    72       H         -0.41602347  *   0.50626317  *  -0.88410581  *
    73       H          1.89994518  *  -0.56162147  *   0.88195943  *
    74       H          1.90258980  *  -0.56270712  *  -0.87603898  *
    75       H          1.66960962  *   1.98551425  *  -0.87363462  *
    76       H          1.67966678  *   1.98143685  *   0.88454922  *
    77       H          3.98245718  *   0.83813540  *   0.85116743  *
    78       H          3.97096785  *   0.89131525  *  -0.90338360  *
    79       H          3.61937417  *   3.51052883  *  -0.68865557  *
    80       H          3.84350537  *   3.30319104  *   1.02789019  *
    81       H          5.98519484  *   3.85930982  *   0.40616243  *
    82       H          6.11446128  *   2.12516276  *   0.51895488  *
    83       H          5.77642528  *   2.86690624  *  -3.63745237  *
    84       H          4.45356957  *   2.31542079  *  -2.63184733  *
    85       H          4.30052550  *   4.80858047  *  -1.74659963  *
    86       H          5.41746785  *   5.23668746  *  -3.05373440  *
    87       H          3.82117265  *   4.13786861  *  -4.73674431  *
    88       H          2.69492379  *   3.79977814  *  -3.42881961  *
    89       H          2.59377800  *   6.29569724  *  -2.87561200  *
    90       H          3.70366447  *   6.62871220  *  -4.19831097  *
    91       H          2.06122716  *   5.57186547  *  -5.84509911  *
    92       H          0.94987144  *   5.23859695  *  -4.52494004  *
    93       H          1.92416657  *   8.07206075  *  -5.32873536  *
    94       H          0.33486537  *   7.39103206  *  -5.67698602  *
    95       H          0.80084543  *   7.73254639  *  -4.01059279  *
    96       H          6.50947716  *   5.72847915  *  -1.02080786  *
    97       H         10.65644892  *   5.82389974  *  -2.29707022  *
    98       H         10.65214017  *   3.34756152  *  -2.54011234  *
    99       H          5.35355772  *   0.11433217  *  -1.50610844  *
   100       H          9.22361839  *  -1.42641801  *  -2.68562270  *
   101       H         10.16684674  *   0.88071287  *  -2.68770192  *
   102       H          7.12649071  *  -5.06778014  *  -2.22017394  *
   103       H          5.73006494  *  -7.25237481  *  -1.95970316  *
   104       H          2.72920423  *  -6.48534405  *   1.56033073  *
   105       H          1.05904906  *  -8.48805316  *   1.56268041  *
   106       H         -0.45495630  * -13.51184774  *  -3.01994116  *
   107       H          6.19932617  *   6.88544858  *  -3.11217655  *
   108       H          4.86493552  *   8.78015117  *  -3.91130857  *
   109       H          7.58732586  *  11.59767125  *  -2.03713995  *
   110       H         10.92015702  *   6.65244669  *  -0.00850774  *
   111       H         12.35600133  *   8.38367419  *   0.93160500  *
   112       H          9.77110405  *  11.49273752  *  -0.66047073  *
   113       H         10.36849230  *  12.48902104  *   1.29371267  *
   114       H         10.80805368  *  11.35030188  *   2.56494575  *
   115       H         11.81616338  *  12.76579859  *   2.24737165  *
   116       H         13.94670610  *  10.04485928  *   0.86267614  *
   117       H         13.89877245  *  11.44997184  *   1.91470713  *
   118       H         13.01831693  *  10.00382585  *   2.37642035  *
   119       H         11.72797374  *  12.57535919  *  -0.89205357  *
   120       H         13.22244821  *  12.84193914  *  -0.01231949  *
   121       H         13.08911363  *  11.48123943  *  -1.13102061  *
   122       H          6.23905876  *  11.44391931  *  -5.50262064  *
   123       H          4.81280526  *  10.40910949  *  -5.48616321  *
   124       H          4.62189777  *  12.15380642  *  -5.54135970  *
   125       H          6.67656020  *  13.06522139  *  -3.53044593  *
   126       H          5.00430029  *  13.59686137  *  -3.54291736  *
   127       H          5.68833418  *  12.95041888  *  -2.05952414  *
   128       H          3.12031285  *  12.01756057  *  -3.34541273  *
   129       H          3.33552885  *  10.27693731  *  -3.38091752  *
   130       H          3.77532229  *  11.18229856  *  -1.93328788  *

                             CARTESIAN COORDINATES

   1    C       -0.000455650     0.000542685    -0.000577978
   2    C        1.519587025    -0.000774616     0.002013966
   3    C        2.062085447     1.426180260     0.002081277
   4    C        3.588977765     1.426836427    -0.005659165
   5    C        4.127373279     2.853009776     0.049301390
   6    C        5.646330725     2.925507356    -0.095668493
   7    C        6.229627252     2.873876934    -1.515890057
   8    C        5.252983596     3.084917890    -2.679463414
   9    C        4.651986938     4.485520423    -2.751613102
  10    C        3.489000902     4.509682919    -3.744471042
  11    C        2.915148186     5.918770031    -3.869591641
  12    C        1.743853001     5.944647542    -4.848221647
  13    C        1.176473796     7.349568628    -4.970475209
  14    C        7.383087691     3.850603479    -1.640390926
  15    C        7.387709947     5.206943244    -1.414344568
  16    C        8.579178987     5.908988336    -1.675185471
  17    C        9.743542419     5.258345306    -2.084890509
  18    C        9.740898757     3.872362665    -2.241873897
  19    C        8.565015599     3.185443018    -2.025869316
  20    C        8.286610598     1.763272144    -2.106380755
  21    C        6.932710853     1.553219917    -1.776636278
  22    C        6.408322366     0.281772640    -1.757893706
  23    C        7.252555754    -0.787222754    -2.084207274
  24    C        8.584466865    -0.576977429    -2.426348590
  25    C        9.118380022     0.711806851    -2.431144797
  26    C        6.727636587    -2.146473577    -2.093543863
  27    C        6.104472556    -2.689740439    -1.036714450
  28    C        5.588504069    -4.038254956    -1.058364971
  29    C        6.181204208    -5.100326926    -1.683456780
  30    C        5.416229380    -6.299915655    -1.538220286
  31    C        4.277703769    -6.092936453    -0.807180609
  32    S        4.122387000    -4.466908493    -0.296877508
  33    C        3.294407848    -7.071824853    -0.472297874
  34    C        2.604257411    -7.155905493     0.713319749
  35    C        1.697813408    -8.250061638     0.713649475
  36    C        1.735105642    -8.958751667    -0.470113541
  37    S        2.852235194    -8.293309505    -1.565209319
  38    C        0.910519167   -10.104472103    -0.703593964
  39    C        0.953962008   -10.904421108    -1.790268963
  40    C        0.033419532   -12.045243374    -1.878157171
  41    O       -0.805765719   -12.371147150    -1.050153223
  42    O        0.169983703   -12.772384031    -3.005360214
  43    C        1.848725112   -10.716169549    -2.871052311
  44    N        2.570365324   -10.586349934    -3.765995648
  45    C        5.946279056    -1.976824444     0.185812873
  46    N        5.828121434    -1.416533510     1.190599854
  47    N        8.572697163     7.313872299    -1.525771040
  48    C        7.630153661     8.189288044    -2.106381528
  49    C        6.497830342     7.911624000    -2.864591822
  50    C        5.756249643     8.993870330    -3.311741498
  51    C        6.108591219    10.323281624    -3.027834622
  52    C        7.251275748    10.588015182    -2.282825156
  53    C        8.014892167     9.525541519    -1.825923878
  54    C        9.237886848     9.466918059    -1.062019429
  55    C        9.565023115     8.094799119    -0.898141750
  56    C       10.681700183     7.705785834    -0.170883958
  57    C       11.479477125     8.708823762     0.363980948
  58    C       11.185519878    10.067385385     0.197401720
  59    C       10.049060580    10.445287464    -0.516249935
  60    C       12.052061834    11.158228413     0.771746699
  61    C       11.220747020    11.978302736     1.762539304
  62    C       13.282103809    10.631299085     1.513074051
  63    C       12.542099385    12.054862687    -0.369321254
  64    C        5.220222894    11.415931746    -3.563324438
  65    C        5.223222615    11.349356471    -5.093056579
  66    C        5.675114041    12.817233760    -3.150689175
  67    C        3.798537459    11.210342983    -3.031960858
  68    H        6.869713945    -2.712391588    -3.022223802
  69    H        0.184837905   -10.329922970     0.096676032
  70    H       -0.410854935    -1.019646380     0.000176522
  71    H       -0.418116047     0.508412823     0.880739238
  72    H       -0.416023465     0.506263167    -0.884105806
  73    H        1.899945179    -0.561621473     0.881959430
  74    H        1.902589799    -0.562707122    -0.876038982
  75    H        1.669609623     1.985514246    -0.873634624
  76    H        1.679666783     1.981436848     0.884549217
  77    H        3.982457182     0.838135405     0.851167431
  78    H        3.970967853     0.891315246    -0.903383605
  79    H        3.619374169     3.510528826    -0.688655574
  80    H        3.843505367     3.303191043     1.027890194
  81    H        5.985194837     3.859309819     0.406162428
  82    H        6.114461276     2.125162761     0.518954879
  83    H        5.776425282     2.866906238    -3.637452369
  84    H        4.453569570     2.315420791    -2.631847327
  85    H        4.300525495     4.808580474    -1.746599635
  86    H        5.417467852     5.236687455    -3.053734403
  87    H        3.821172651     4.137868609    -4.736744310
  88    H        2.694923787     3.799778144    -3.428819614
  89    H        2.593778002     6.295697236    -2.875612003
  90    H        3.703664472     6.628712202    -4.198310972
  91    H        2.061227162     5.571865466    -5.845099114
  92    H        0.949871440     5.238596955    -4.524940044
  93    H        1.924166575     8.072060748    -5.328735363
  94    H        0.334865366     7.391032057    -5.676986022
  95    H        0.800845431     7.732546395    -4.010592788
  96    H        6.509477164     5.728479153    -1.020807859
  97    H       10.656448921     5.823899741    -2.297070220
  98    H       10.652140165     3.347561519    -2.540112341
  99    H        5.353557719     0.114332172    -1.506108439
 100    H        9.223618387    -1.426418009    -2.685622699
 101    H       10.166846741     0.880712872    -2.687701920
 102    H        7.126490714    -5.067780142    -2.220173945
 103    H        5.730064938    -7.252374813    -1.959703160
 104    H        2.729204226    -6.485344054     1.560330730
 105    H        1.059049058    -8.488053155     1.562680412
 106    H       -0.454956301   -13.511847737    -3.019941157
 107    H        6.199326167     6.885448580    -3.112176555
 108    H        4.864935520     8.780151165    -3.911308572
 109    H        7.587325861    11.597671250    -2.037139948
 110    H       10.920157020     6.652446687    -0.008507742
 111    H       12.356001329     8.383674192     0.931605001
 112    H        9.771104050    11.492737518    -0.660470730
 113    H       10.368492295    12.489021042     1.293712667
 114    H       10.808053676    11.350301877     2.564945752
 115    H       11.816163376    12.765798591     2.247371653
 116    H       13.946706102    10.044859285     0.862676145
 117    H       13.898772453    11.449971843     1.914707134
 118    H       13.018316928    10.003825854     2.376420346
 119    H       11.727973739    12.575359187    -0.892053572
 120    H       13.222448214    12.841939141    -0.012319487
 121    H       13.089113633    11.481239431    -1.131020613
 122    H        6.239058759    11.443919306    -5.502620638
 123    H        4.812805258    10.409109488    -5.486163206
 124    H        4.621897772    12.153806424    -5.541359699
 125    H        6.676560200    13.065221387    -3.530445935
 126    H        5.004300293    13.596861372    -3.542917363
 127    H        5.688334181    12.950418881    -2.059524140
 128    H        3.120312854    12.017560572    -3.345412726
 129    H        3.335528848    10.276937306    -3.380917522
 130    H        3.775322285    11.182298563    -1.933287882


           Empirical Formula: C60 H63 N3 O2 S2  =   130 atoms



      MOLECULAR POINT GROUP   :   C1  


                  EIGENVALUES  
 -39.87992 -39.19209 -39.18275 -37.56230 -37.19104 -37.04190 -36.97030 -36.63204
 -36.38273 -36.06727 -35.84305 -35.38511 -35.32772 -34.56406 -34.17039 -33.77444
 -33.57558 -33.08772 -31.95853 -31.84866 -31.15975 -30.71591 -29.95336 -29.71298
 -29.22887 -28.75686 -28.62936 -27.94537 -27.83826 -27.55420 -26.96411 -26.95914
 -26.94349 -26.83619 -26.37058 -25.90836 -25.45358 -24.60752 -23.98010 -23.87766
 -23.72115 -23.42985 -23.15061 -22.69371 -22.54868 -22.45973 -22.14500 -21.53277
 -21.47833 -21.15067 -21.14128 -20.95986 -20.68478 -20.52009 -20.43906 -20.26962
 -19.79629 -19.63009 -19.18932 -19.01802 -18.45060 -18.10594 -17.86712 -17.74013
 -17.64306 -17.56325 -17.07150 -17.02529 -16.87793 -16.66092 -16.55888 -16.38069
 -16.29961 -16.01108 -15.90040 -15.79486 -15.71802 -15.60519 -15.50590 -15.45030
 -15.27293 -15.17785 -15.12966 -15.03527 -14.92330 -14.89670 -14.87911 -14.81357
 -14.75110 -14.74614 -14.68160 -14.67182 -14.62821 -14.59890 -14.53654 -14.46550
 -14.33645 -14.31774 -14.30889 -14.20849 -14.16075 -14.10530 -14.03970 -13.99051
 -13.94732 -13.89028 -13.85132 -13.71646 -13.69232 -13.61087 -13.52231 -13.48254
 -13.37183 -13.31229 -13.26444 -13.21086 -13.17352 -13.12591 -13.10068 -13.05825
 -12.97257 -12.83250 -12.77205 -12.71308 -12.63928 -12.60173 -12.56851 -12.51454
 -12.46950 -12.35756 -12.33176 -12.27635 -12.25131 -12.23550 -12.18151 -12.07222
 -12.04708 -11.96922 -11.95207 -11.92649 -11.80528 -11.78616 -11.76155 -11.72892
 -11.71745 -11.64209 -11.62149 -11.57079 -11.55698 -11.49295 -11.42526 -11.31637
 -11.28931 -11.28182 -11.17867 -11.14180 -11.07912 -11.02142 -10.80098 -10.35931
 -10.23438  -9.91441  -9.81023  -9.79169  -9.69527  -9.62398  -9.40842  -9.12341
  -8.79294  -8.43630  -7.86797  -1.58521  -0.84818  -0.45157  -0.01600   0.14439
   0.19955   0.35239   0.38553   0.46995   0.62673   0.83113   0.91143   1.07498
   1.11531   1.24174   1.25447   1.29973   1.39712   1.50952   1.54762   1.61761
   1.69657   2.15027   2.27829   2.36832   2.47578   2.93332   2.96211   3.04205
   3.08193   3.29253   3.42552   3.43773   3.54409   3.61720   3.66988   3.74708
   3.78627   3.81751   3.83588   3.86293   3.87521   3.92455   3.93097   3.96640
   3.98252   3.99860   4.00064   4.01494   4.05555   4.09339   4.10816   4.11732
   4.17517   4.18727   4.21876   4.24458   4.25915   4.27031   4.28061   4.30636
   4.31309   4.34496   4.34966   4.37608   4.38566   4.40177   4.42209   4.43049
   4.45247   4.48308   4.50962   4.53488   4.57237   4.57606   4.62011   4.64339
   4.67771   4.69050   4.70119   4.71346   4.72192   4.74364   4.74521   4.74775
   4.76869   4.76994   4.80047   4.81535   4.82661   4.84668   4.86462   4.86986
   4.88239   4.89273   4.92328   4.96340   4.98830   4.99599   5.00870   5.02104
   5.03713   5.04619   5.05622   5.06825   5.08509   5.09182   5.11118   5.14122
   5.14558   5.16089   5.17759   5.20673   5.20725   5.22287   5.22442   5.22823
   5.23867   5.26262   5.27722   5.29014   5.29333   5.31635   5.32833   5.33754
   5.37203   5.38750   5.42756   5.45344   5.45522   5.48071   5.49454   5.52451
   5.54781   5.55294   5.55728   5.59034   5.61374   5.63303   5.65651   5.66991
   5.67835   5.68527   5.70343   5.74443   5.79695   5.81526   5.91389   6.00269
   6.06986   6.09132   6.12263   6.12493   6.14417   6.16891   6.22759   6.34363
   6.52489   6.58800   6.80916


              NET ATOMIC CHARGES AND DIPOLE CONTRIBUTIONS

  ATOM NO.   TYPE          CHARGE      No. of ELECS.   s-Pop       p-Pop
   41          O          -0.379489        6.3795     1.91042     4.46907
   40          C           0.406665        3.5933     1.17918     2.41416
   42          O          -0.311968        6.3120     1.83994     4.47203
  106          H           0.245248        0.7548     0.75475
   43          C           0.048632        3.9514     1.19541     2.75596
   44          N          -0.147093        5.1471     1.84843     3.29867
    1          C          -0.177036        4.1770     1.15576     3.02127
    2          C          -0.112985        4.1130     1.16688     2.94611
    3          C          -0.122036        4.1220     1.17070     2.95134
    4          C          -0.130500        4.1305     1.17275     2.95775
    5          C          -0.125770        4.1258     1.17104     2.95473
    6          C          -0.126590        4.1266     1.17257     2.95402
    7          C           0.065437        3.9346     1.17144     2.76312
    8          C          -0.119734        4.1197     1.17226     2.94747
    9          C          -0.132115        4.1321     1.17398     2.95813
   10          C          -0.125180        4.1252     1.17149     2.95369
   11          C          -0.124291        4.1243     1.17104     2.95325
   12          C          -0.112465        4.1125     1.16677     2.94570
   13          C          -0.177502        4.1775     1.15583     3.02168
   14          C          -0.028380        4.0284     1.18628     2.84210
   15          C          -0.144878        4.1449     1.17750     2.96738
   16          C           0.149516        3.8505     1.14306     2.70742
   17          C          -0.159329        4.1593     1.18199     2.97734
   18          C          -0.051723        4.0517     1.17122     2.88050
   19          C          -0.063831        4.0638     1.16310     2.90073
   20          C          -0.004643        4.0046     1.16265     2.84199
   21          C          -0.071383        4.0714     1.18894     2.88244
   22          C          -0.080608        4.0806     1.17523     2.90538
   23          C          -0.070087        4.0701     1.16232     2.90777
   24          C          -0.083856        4.0839     1.17704     2.90682
   25          C          -0.096868        4.0969     1.17306     2.92381
   26          C          -0.026213        4.0262     1.18291     2.84330
   27          C           0.028491        3.9715     1.12477     2.84674
   28          C          -0.316126        4.3161     1.21277     3.10336
   29          C          -0.088811        4.0888     1.18154     2.90727
   30          C          -0.094272        4.0943     1.18293     2.91135
   31          C          -0.279728        4.2797     1.20263     3.07710
   32          S           0.507395        5.4926     1.88520     3.60740
   33          C          -0.245025        4.2450     1.20781     3.03721
   34          C          -0.142822        4.1428     1.18290     2.95992
   35          C          -0.017564        4.0176     1.18484     2.83272
   36          C          -0.449256        4.4493     1.21942     3.22983
   37          S           0.591039        5.4090     1.88295     3.52601
   38          C           0.156335        3.8437     1.17096     2.67270
   39          C          -0.168917        4.1689     1.14124     3.02768
   45          C           0.018767        3.9812     1.20901     2.77223
   46          N          -0.147680        5.1477     1.84781     3.29987
   47          N          -0.263187        5.2632     1.48078     3.78241
   48          C           0.121254        3.8787     1.15015     2.72859
   49          C          -0.174209        4.1742     1.17418     3.00003
   50          C          -0.061949        4.0619     1.17744     2.88451
   51          C          -0.094459        4.0945     1.17889     2.91557
   52          C          -0.041790        4.0418     1.16853     2.87326
   53          C          -0.091842        4.0918     1.15961     2.93223
   54          C          -0.088488        4.0885     1.15926     2.92923
   55          C           0.119305        3.8807     1.14990     2.73080
   56          C          -0.170413        4.1704     1.17205     2.99836
   57          C          -0.059318        4.0593     1.17560     2.88372
   58          C          -0.093132        4.0931     1.17894     2.91419
   59          C          -0.045773        4.0458     1.17007     2.87571
   60          C           0.063846        3.9362     1.16584     2.77031
   61          C          -0.186230        4.1862     1.16145     3.02478
   62          C          -0.187781        4.1878     1.16080     3.02698
   63          C          -0.186205        4.1862     1.16151     3.02469
   64          C           0.064178        3.9358     1.16572     2.77010
   65          C          -0.186128        4.1861     1.16133     3.02480
   66          C          -0.188329        4.1883     1.16090     3.02743
   67          C          -0.186371        4.1864     1.16146     3.02491
   68          H           0.123978        0.8760     0.87602
   69          H           0.132165        0.8678     0.86784
   70          H           0.054504        0.9455     0.94550
   71          H           0.058625        0.9414     0.94138
   72          H           0.057052        0.9429     0.94295
   73          H           0.063232        0.9368     0.93677
   74          H           0.055784        0.9442     0.94422
   75          H           0.059969        0.9400     0.94003
   76          H           0.063753        0.9362     0.93625
   77          H           0.076680        0.9233     0.92332
   78          H           0.058454        0.9415     0.94155
   79          H           0.073476        0.9265     0.92652
   80          H           0.060729        0.9393     0.93927
   81          H           0.069350        0.9306     0.93065
   82          H           0.083114        0.9169     0.91689
   83          H           0.071183        0.9288     0.92882
   84          H           0.074345        0.9257     0.92566
   85          H           0.070997        0.9290     0.92900
   86          H           0.069898        0.9301     0.93010
   87          H           0.063162        0.9368     0.93684
   88          H           0.062446        0.9376     0.93755
   89          H           0.063456        0.9365     0.93654
   90          H           0.061635        0.9384     0.93836
   91          H           0.060297        0.9397     0.93970
   92          H           0.060171        0.9398     0.93983
   93          H           0.056971        0.9430     0.94303
   94          H           0.056517        0.9435     0.94348
   95          H           0.058054        0.9419     0.94195
   96          H           0.137732        0.8623     0.86227
   97          H           0.129876        0.8701     0.87012
   98          H           0.112617        0.8874     0.88738
   99          H           0.127384        0.8726     0.87262
  100          H           0.109184        0.8908     0.89082
  101          H           0.115485        0.8845     0.88452
  102          H           0.130262        0.8697     0.86974
  103          H           0.134577        0.8654     0.86542
  104          H           0.139957        0.8600     0.86004
  105          H           0.127868        0.8721     0.87213
  107          H           0.126409        0.8736     0.87359
  108          H           0.105301        0.8947     0.89470
  109          H           0.113153        0.8868     0.88685
  110          H           0.122246        0.8778     0.87775
  111          H           0.106967        0.8930     0.89303
  112          H           0.111649        0.8884     0.88835
  113          H           0.060363        0.9396     0.93964
  114          H           0.064903        0.9351     0.93510
  115          H           0.058691        0.9413     0.94131
  116          H           0.062013        0.9380     0.93799
  117          H           0.061032        0.9390     0.93897
  118          H           0.062356        0.9376     0.93764
  119          H           0.060215        0.9398     0.93978
  120          H           0.058744        0.9413     0.94126
  121          H           0.064356        0.9356     0.93564
  122          H           0.064829        0.9352     0.93517
  123          H           0.060127        0.9399     0.93987
  124          H           0.058750        0.9412     0.94125
  125          H           0.062124        0.9379     0.93788
  126          H           0.061014        0.9390     0.93899
  127          H           0.062759        0.9372     0.93724
  128          H           0.058926        0.9411     0.94107
  129          H           0.059569        0.9404     0.94043
  130          H           0.064816        0.9352     0.93518
 DIPOLE           X         Y         Z       TOTAL
 POINT-CHG.     0.213     2.664    -0.989     2.850
 HYBRID         0.209    -1.430     0.573     1.554
 SUM            0.422     1.234    -0.416     1.369


          ATOMIC ORBITAL ELECTRON POPULATIONS

     Atom    s        px        py        pz   
    1  C   1.15576   0.96545   1.02667   1.02915
    2  C   1.16688   0.95191   0.96870   1.02550
    3  C   1.17070   0.95403   0.96849   1.02882
    4  C   1.17275   0.95544   0.96897   1.03334
    5  C   1.17104   0.94742   0.97310   1.03421
    6  C   1.17257   0.96338   1.04951   0.94113
    7  C   1.17144   0.92300   0.89004   0.95008
    8  C   1.17226   0.99150   0.98009   0.97588
    9  C   1.17398   0.98448   0.96846   1.00518
   10  C   1.17149   0.98042   0.97307   1.00019
   11  C   1.17104   0.98246   0.96834   1.00244
   12  C   1.16677   0.98016   0.96687   0.99867
   13  C   1.15583   1.01833   0.97518   1.02816
   14  C   1.18628   0.94633   0.93434   0.96144
   15  C   1.17750   0.98887   0.94512   1.03338
   16  C   1.14306   0.94148   0.79088   0.97505
   17  C   1.18199   0.99007   0.95765   1.02962
   18  C   1.17122   0.96759   0.93697   0.97594
   19  C   1.16310   0.94367   0.93003   1.02703
   20  C   1.16265   0.93959   0.92286   0.97953
   21  C   1.18894   0.94595   0.94692   0.98957
   22  C   1.17523   0.99433   0.92105   0.99000
   23  C   1.16232   0.95008   0.92464   1.03305
   24  C   1.17704   0.94541   0.97054   0.99086
   25  C   1.17306   0.99083   0.92852   1.00446
   26  C   1.18291   0.92238   0.95188   0.96903
   27  C   1.12477   1.03921   0.90961   0.89791
   28  C   1.21277   1.03630   0.97358   1.09347
   29  C   1.18154   0.99758   0.91367   0.99602
   30  C   1.18293   0.93475   0.99007   0.98653
   31  C   1.20263   0.99974   0.99385   1.08352
   32  S   1.88520   1.14243   0.95369   1.51128
   33  C   1.20781   1.01448   1.01866   1.00407
   34  C   1.18290   0.98327   1.00096   0.97569
   35  C   1.18484   0.95766   0.92466   0.95040
   36  C   1.21942   1.11592   1.06751   1.04640
   37  S   1.88295   1.28858   1.16059   1.07684
   38  C   1.17096   0.89109   0.85671   0.92491
   39  C   1.14124   1.03327   1.02299   0.97142
   40  C   1.17918   0.80664   0.81350   0.79402
   41  O   1.91042   1.33139   1.67954   1.45814
   42  O   1.83994   1.61556   1.43041   1.42607
   43  C   1.19541   0.91763   0.92221   0.91612
   44  N   1.84843   1.11102   1.09249   1.09516
   45  C   1.20901   0.92507   0.92085   0.92630
   46  N   1.84781   1.09346   1.09837   1.10804
   47  N   1.48078   1.23812   1.04350   1.50079
   48  C   1.15015   0.90401   0.87255   0.95204
   49  C   1.17418   0.96931   0.99969   1.03103
   50  C   1.17744   0.98305   0.92216   0.97931
   51  C   1.17889   0.96701   0.94161   1.00695
   52  C   1.16853   0.93712   0.97566   0.96048
   53  C   1.15961   0.96820   0.92798   1.03605
   54  C   1.15926   0.96778   0.92679   1.03465
   55  C   1.14990   0.89387   0.88538   0.95156
   56  C   1.17205   0.96923   0.99905   1.03008
   57  C   1.17560   0.98323   0.92200   0.97849
   58  C   1.17894   0.96801   0.93778   1.00839
   59  C   1.17007   0.93680   0.97925   0.95966
   60  C   1.16584   0.92122   0.92135   0.92774
   61  C   1.16145   1.01072   1.00912   1.00495
   62  C   1.16080   0.98491   1.02886   1.01320
   63  C   1.16151   1.02621   1.00458   0.99390
   64  C   1.16572   0.92491   0.91469   0.93050
   65  C   1.16133   1.03429   1.03135   0.95916
   66  C   1.16090   1.02868   0.97135   1.02740
   67  C   1.16146   0.96722   1.03003   1.02766
   68  H   0.87602
   69  H   0.86784
   70  H   0.94550
   71  H   0.94138
   72  H   0.94295
   73  H   0.93677
   74  H   0.94422
   75  H   0.94003
   76  H   0.93625
   77  H   0.92332
   78  H   0.94155
   79  H   0.92652
   80  H   0.93927
   81  H   0.93065
   82  H   0.91689
   83  H   0.92882
   84  H   0.92566
   85  H   0.92900
   86  H   0.93010
   87  H   0.93684
   88  H   0.93755
   89  H   0.93654
   90  H   0.93836
   91  H   0.93970
   92  H   0.93983
   93  H   0.94303
   94  H   0.94348
   95  H   0.94195
   96  H   0.86227
   97  H   0.87012
   98  H   0.88738
   99  H   0.87262
  100  H   0.89082
  101  H   0.88452
  102  H   0.86974
  103  H   0.86542
  104  H   0.86004
  105  H   0.87213
  106  H   0.75475
  107  H   0.87359
  108  H   0.89470
  109  H   0.88685
  110  H   0.87775
  111  H   0.89303
  112  H   0.88835
  113  H   0.93964
  114  H   0.93510
  115  H   0.94131
  116  H   0.93799
  117  H   0.93897
  118  H   0.93764
  119  H   0.93978
  120  H   0.94126
  121  H   0.93564
  122  H   0.93517
  123  H   0.93987
  124  H   0.94125
  125  H   0.93788
  126  H   0.93899
  127  H   0.93724
  128  H   0.94107
  129  H   0.94043
  130  H   0.93518
 ******************** TDHF POLARIZABILITIES ********************



          MOLECULAR WEIGHT =  922.30



          ROTATIONAL CONSTANTS IN CM(-1)

          A =    0.00216295   B =    0.00028795   C =    0.00026709



           PRINCIPAL MOMENTS OF INERTIA IN UNITS OF 10**(-40)*GRAM-CM**2

          A =    12941.9654   B =    97213.5257   C =   104806.5257


 ROTATION MATRIX FOR ORIENTATION OF MOLECULE:

         0.323196   -0.878687   -0.351360
         0.946255    0.295323    0.131859
        -0.012098   -0.375092    0.926909


          CARTESIAN COORDINATES 

    NO.       ATOM         X         Y         Z

     1         C       -3.3883    3.9153    3.1615
     2         C       -2.8983    2.5783    2.6296
     3         C       -1.3727    2.5230    2.6272
     4         C       -0.8785    1.1844    2.0836
     5         C        0.6444    1.1119    2.1335
     6         C        1.2057   -0.1470    1.4750
     7         C        1.3625   -0.1421   -0.0532
     8         C        1.2606    1.2149   -0.7608
     9         C        2.3926    2.1836   -0.4318
    10         C        2.0516    3.5851   -0.9403
    11         C        3.2010    4.5524   -0.6688
    12         C        2.8588    5.9563   -1.1609
    13         C        4.0063    6.9156   -0.8897
    14         C        2.6610   -0.8205   -0.4451
    15         C        3.9432   -0.5088   -0.0584
    16         C        4.9958   -1.2505   -0.6262
    17         C        4.7614   -2.3121   -1.5009
    18         C        3.4509   -2.6602   -1.8282
    19         C        2.4183   -1.9109   -1.3054
    20         C        0.9836   -2.0560   -1.4697
    21         C        0.3432   -1.0521   -0.7161
    22         C       -1.0296   -0.9738   -0.6821
    23         C       -1.7643   -1.9089   -1.4222
    24         C       -1.1308   -2.8889   -2.1795
    25         C        0.2614   -2.9756   -2.2016
    26         C       -3.2201   -1.8456   -1.4256
    27         C       -3.9483   -1.8549   -0.2987
    28         C       -5.3909   -1.7917   -0.3153
    29         C       -6.1967   -2.3916   -1.2430
    30         C       -7.5808   -2.1282   -0.9978
    31         C       -7.7618   -1.3409    0.1072
    32         S       -6.2795   -0.9156    0.8492
    33         C       -9.0099   -0.8916    0.6340
    34         C       -9.3269   -0.7547    1.9644
    35         C      -10.6552   -0.2815    2.1389
    36         C      -11.2994   -0.0795    0.9351
    37         S      -10.2955   -0.4538   -0.3847
    38         C      -12.6473    0.3943    0.8573
    39         C      -13.3770    0.5275   -0.2707
    40         C      -14.7530    1.0324   -0.1791
    41         O      -15.3426    1.3629    0.8402
    42         O      -15.3833    1.1204   -1.3678
    43         C      -12.8966    0.2022   -1.5620
    44         N      -12.5297   -0.0578   -2.6280
    45         C       -3.3397   -1.9639    0.9841
    46         N       -2.8598   -2.0715    2.0308
    47         N        6.3213   -0.8860   -0.3002
    48         C        6.8520    0.4185   -0.3917
    49         C        6.2325    1.6159   -0.7333
    50         C        7.0223    2.7549   -0.7445
    51         C        8.3907    2.7314   -0.4298
    52         C        9.0015    1.5260   -0.1059
    53         C        8.2374    0.3699   -0.0908
    54         C        8.5680   -1.0086    0.1799
    55         C        7.3733   -1.7627    0.0359
    56         C        7.3574   -3.1316    0.2663
    57         C        8.5578   -3.7370    0.6141
    58         C        9.7504   -3.0150    0.7421
    59         C        9.7493   -1.6371    0.5297
    60         C       11.0557   -3.6697    1.1138
    61         C       11.5511   -3.0687    2.4324
    62         C       10.9457   -5.1842    1.2993
    63         C       12.0764   -3.4075    0.0022
    64         C        9.1440    4.0355   -0.4700
    65         C        9.1005    4.5870   -1.8977
    66         C       10.6120    3.8949   -0.0626
    67         C        8.4836    5.0247    0.4950
    68         H       -3.6984   -1.7893   -2.4109
    69         H      -13.1048    0.6652    1.8243
    70         H       -4.4863    3.9743    3.1718
    71         H       -3.0533    4.1017    4.1921
    72         H       -3.0333    4.7612    2.5552
    73         H       -3.3167    1.7484    3.2377
    74         H       -3.2956    2.4051    1.6071
    75         H       -0.9597    3.3615    2.0272
    76         H       -0.9815    2.6920    3.6528
    77         H       -1.3187    0.3434    2.6620
    78         H       -1.2509    1.0273    1.0467
    79         H        1.1113    2.0292    1.7146
    80         H        0.9668    1.1272    3.1996
    81         H        2.1927   -0.3572    1.9442
    82         H        0.5922   -1.0253    1.7746
    83         H        1.2351    1.0499   -1.8614
    84         H        0.2736    1.6722   -0.5372
    85         H        2.5725    2.2109    0.6659
    86         H        3.3545    1.8462   -0.8817
    87         H        1.8191    3.5556   -2.0257
    88         H        1.1194    3.9548   -0.4623
    89         H        3.4418    4.5733    0.4151
    90         H        4.1316    4.1925   -1.1569
    91         H        2.6207    5.9413   -2.2456
    92         H        1.9301    6.3242   -0.6754
    93         H        4.9359    6.6064   -1.3892
    94         H        3.7821    7.9324   -1.2434
    95         H        4.2357    6.9987    0.1825
    96         H        4.1481    0.2693    0.6838
    97         H        5.5942   -2.8676   -1.9437
    98         H        3.2525   -3.5040   -2.4940
    99         H       -1.5320   -0.1909   -0.1002
   100         H       -1.7249   -3.6041   -2.7564
   101         H        0.7631   -3.7508   -2.7856
   102         H       -5.8539   -3.0113   -2.0683
   103         H       -8.3756   -2.5272   -1.6243
   104         H       -8.6622   -0.9842    2.7940
   105         H      -11.0971   -0.1089    3.1189
   106         H      -16.2848    1.4567   -1.2592
   107         H        5.1680    1.6680   -0.9932
   108         H        6.5393    3.6998   -1.0153
   109         H       10.0626    1.4368    0.1369
   110         H        6.4357   -3.7131    0.1942
   111         H        8.5266   -4.8161    0.7893
   112         H       10.6524   -1.0294    0.6318
   113         H       11.7646   -1.9931    2.3646
   114         H       10.8137   -3.1925    3.2384
   115         H       12.4828   -3.5412    2.7764
   116         H       10.6134   -5.6974    0.3856
   117         H       11.9148   -5.6349    1.5628
   118         H       10.2562   -5.4615    2.1095
   119         H       12.3121   -2.3423   -0.1276
   120         H       13.0367   -3.9068    0.1978
   121         H       11.7196   -3.7718   -0.9717
   122         H        9.5232    3.8760   -2.6218
   123         H        8.0829    4.8174   -2.2419
   124         H        9.6728    5.5211   -1.9959
   125         H       11.1749    3.2306   -0.7337
   126         H       11.1377    4.8617   -0.0876
   127         H       10.7291    3.5133    0.9618
   128         H        9.0320    5.9766    0.5492
   129         H        7.4549    5.2868    0.2111
   130         H        8.4362    4.6247    1.5178


 ENERGY OF "REORIENTED" SYSTEM WITHOUT FIELD:       65.5902705446


  NFREQ=  3  IWFLB=  0  IBET=  1  IGAM=  1
  ATOL= 0.10000D-02  BTOL= 0.10000D-02    MAXITU=  500    MAXITA=  150


 *****************************************************************
 CALCULATION OF STATIC FIELD QUANTITIES
 *****************************************************************

 +++++ ALPHA AT       0.00000 EV.

                           COMPONENTS OF ALPHA

                     *X           *Y           *Z
           *=X:    1024.4034     -62.7589      35.0369
           *=Y:     -62.7711     516.2455      43.1024
           *=Z:      35.0129      43.1013     448.1633

  ISOTROPIC AVERAGE ALPHA =     662.93742 A.U. =     98.23719 ANG.**3

 +++++ BETA (SECOND HARMONIC GENERATION) AT       0.00000 EV.

                              COMPONENTS OF BETA
            *XX         *XY         *YY         *XZ         *YZ         *ZZ
   *=X  8385.70796  -343.60838  -245.64167   266.99337   186.92842  -123.86381
   *=Y  -343.69264  -245.59287  -439.53215   186.97556    18.95496   162.87214
   *=Z   266.88116   186.97268    19.04941  -123.90960   162.87371    36.22406


 AVERAGE BETAX(SHG) VALUE AT   0.00000 EV =       4809.7227 a.u. =  0.415532E-28 ESU
 AVERAGE BETAY(SHG) VALUE AT   0.00000 EV =       -372.1773 a.u. = -0.321539E-29 ESU
 AVERAGE BETAZ(SHG) VALUE AT   0.00000 EV =        193.2999 a.u. =  0.167000E-29 ESU



 AVERAGE BETA (SHG) VALUE AT   0.00000 EV =       4827.9719 a.u. =  0.417109E-28 ESU
   (1 a.u. = 8.639418X10-33 esu)



 +++++ ALPHA AT       0.00000 EV.

                           COMPONENTS OF ALPHA

                     *X           *Y           *Z
           *=X:    1024.4034     -62.7589      35.0369
           *=Y:     -62.7711     516.2455      43.1024
           *=Z:      35.0129      43.1013     448.1633

  ISOTROPIC AVERAGE ALPHA =     662.93742 A.U. =     98.23719 ANG.**3


 GAMMA (THIRD HARMONIC GENERATION) AT    0.00000 EV.


 GAMMA(X,X,X,X) =       4100790.97840
 GAMMA(Y,Y,Y,Y) =        139490.91549
 GAMMA(Z,Z,Z,Z) =         11634.64607
 GAMMA(X,X,Y,Y) =        143258.51100
 GAMMA(X,X,Z,Z) =          5806.77906
 GAMMA(Y,Y,X,X) =        143258.29328
 GAMMA(Y,Y,Z,Z) =          8631.09044
 GAMMA(Z,Z,X,X) =          5806.13115
 GAMMA(Z,Z,Y,Y) =          8631.04537


 AVERAGE GAMMA VALUE AT    0.00000 =        913461.67805 a.u. =       460083.47905 ESU (X10-39)




 **********************************************************************
 CALCULATION FOR A FREQUENCY OF    0.25000 EV  =       0.00919 A.U. 
                  WAVELENGTH OF    4959.37 NM  =    2016.38525 CM(-1)
 **********************************************************************

 +++++ ALPHA AT       0.25000 EV.

                           COMPONENTS OF ALPHA

                     *X           *Y           *Z
           *=X:    1028.8994     -63.0820      35.0869
           *=Y:     -63.0928     517.1723      43.0987
           *=Z:      35.0662      43.0978     448.7539

  ISOTROPIC AVERAGE ALPHA =     664.94188 A.U. =     98.53422 ANG.**3

 +++++ BETA (SECOND HARMONIC GENERATION) AT       0.25000 EV.

                              COMPONENTS OF BETA
            *XX         *XY         *YY         *XZ         *YZ         *ZZ
   *=X  8805.14192  -374.74061  -247.62831   276.20549   193.19193  -126.42880
   *=Y  -362.30510  -244.90725  -452.44426   192.46798    19.02681   165.67623
   *=Z   278.18550   191.70245    19.24591  -121.95058   164.63208    39.11805


 AVERAGE BETAX(SHG) VALUE AT   0.25000 EV =       5061.5306 a.u. =  0.437287E-28 ESU
 AVERAGE BETAY(SHG) VALUE AT   0.25000 EV =       -394.8357 a.u. = -0.341115E-29 ESU
 AVERAGE BETAZ(SHG) VALUE AT   0.25000 EV =        201.0500 a.u. =  0.173696E-29 ESU



 AVERAGE BETA (SHG) VALUE AT   0.25000 EV =       5080.8866 a.u. =  0.438959E-28 ESU
   (1 a.u. = 8.639418X10-33 esu)



 +++++ ALPHA AT       0.75000 EV.

                           COMPONENTS OF ALPHA

                     *X           *Y           *Z
           *=X:    1067.6143     -65.8635      35.5047
           *=Y:     -65.8776     524.8109      43.0531
           *=Z:      35.4874      43.0523     453.5859

  ISOTROPIC AVERAGE ALPHA =     682.00369 A.U. =    101.06252 ANG.**3


 GAMMA (THIRD HARMONIC GENERATION) AT    0.25000 EV.


 GAMMA(X,X,X,X) =       4565284.45903
 GAMMA(Y,Y,Y,Y) =        146089.12171
 GAMMA(Z,Z,Z,Z) =         11931.96484
 GAMMA(X,X,Y,Y) =        156689.75943
 GAMMA(X,X,Z,Z) =          5252.69219
 GAMMA(Y,Y,X,X) =        155894.30748
 GAMMA(Y,Y,Z,Z) =          8882.48838
 GAMMA(Z,Z,X,X) =          8532.35320
 GAMMA(Z,Z,Y,Y) =          8977.56692


 AVERAGE GAMMA VALUE AT    0.25000 =       1013506.94264 a.u. =       510473.30327 ESU (X10-39)




 **********************************************************************
 CALCULATION FOR A FREQUENCY OF    0.50000 EV  =       0.01837 A.U. 
                  WAVELENGTH OF    2479.68 NM  =    4032.77050 CM(-1)
 **********************************************************************

 +++++ ALPHA AT       0.50000 EV.

                           COMPONENTS OF ALPHA

                     *X           *Y           *Z
           *=X:    1042.8161     -64.0809      35.2426
           *=Y:     -64.0912     519.9881      43.0852
           *=Z:      35.2256      43.0844     450.5415

  ISOTROPIC AVERAGE ALPHA =     671.11523 A.U. =     99.44902 ANG.**3

 +++++ BETA (SECOND HARMONIC GENERATION) AT       0.50000 EV.

                              COMPONENTS OF BETA
            *XX         *XY         *YY         *XZ         *YZ         *ZZ
   *=X 10299.13569  -489.95781  -252.11819   307.93827   214.70742  -135.29900
   *=Y  -430.26962  -239.03577  -495.52887   210.46884    19.27195   174.91790
   *=Z   315.86902   207.02159    19.95831  -114.79227   170.20161    48.80289


 AVERAGE BETAX(SHG) VALUE AT   0.50000 EV =       5960.4668 a.u. =  0.514950E-28 ESU
 AVERAGE BETAY(SHG) VALUE AT   0.50000 EV =       -476.2901 a.u. = -0.411487E-29 ESU
 AVERAGE BETAZ(SHG) VALUE AT   0.50000 EV =        227.3313 a.u. =  0.196401E-29 ESU



 AVERAGE BETA (SHG) VALUE AT   0.50000 EV =       5983.7861 a.u. =  0.516964E-28 ESU
   (1 a.u. = 8.639418X10-33 esu)



 +++++ ALPHA AT       1.50000 EV.

                           COMPONENTS OF ALPHA

                     *X           *Y           *Z
           *=X:    1253.3485     -79.4900      36.7330
           *=Y:     -79.5188     554.3628      42.6097
           *=Z:      36.6901      42.6076     471.7664

  ISOTROPIC AVERAGE ALPHA =     759.82589 A.U. =    112.59458 ANG.**3


 GAMMA (THIRD HARMONIC GENERATION) AT    0.50000 EV.


 GAMMA(X,X,X,X) =       6692763.68799
 GAMMA(Y,Y,Y,Y) =        169744.88156
 GAMMA(Z,Z,Z,Z) =         12934.33859
 GAMMA(X,X,Y,Y) =        216552.77489
 GAMMA(X,X,Z,Z) =          1646.81276
 GAMMA(Y,Y,X,X) =        209727.63525
 GAMMA(Y,Y,Z,Z) =          9634.11920
 GAMMA(Z,Z,X,X) =         19983.59053
 GAMMA(Z,Z,Y,Y) =         10201.83328


 AVERAGE GAMMA VALUE AT    0.50000 =       1468637.93481 a.u. =       739709.24752 ESU (X10-39)



 **********************
 *                    *
 * JOB ENDED NORMALLY *
 *                    *
 **********************



 TOTAL JOB TIME:           879.24 SECONDS

 == MOPAC DONE ==
