 *******************************************************************************
 ** Site#: 37966        For non-commercial use only           Version 21.186W **
 *******************************************************************************
 ** Cite this program as: MOPAC2016, Version: 21.186W, James J. P. Stewart,   **
 ** Stewart Computational Chemistry, web: HTTP://OpenMOPAC.net. Days left: 254**
 *******************************************************************************
 **                                                                           **
 **                                MOPAC2016                                  **
 **                                                                           **
 *******************************************************************************

                              RM1 CALCULATION RESULTS

 *******************************************************************************
 *  CALCULATION DONE:                                Sun Oct 24 21:34:45 2021  *
 *  RM1        - The RM1 Hamiltonian to be used
 *  POLAR      - CALCULATE FIRST, SECOND AND THIRD-ORDER POLARIZABILITIES
 *  PRECISE    - TIGHTER CRITERIA TO BE USED
 *  T=         - A TIME OF 172800.0 SECONDS REQUESTED
 *  DUMP=N     - RESTART FILE WRITTEN EVERY 7200.0 SECONDS REQUESTED
 *  GNORM      - EXIT WHEN GRADIENT NORM DROPS BELOW 0.100
 *******************************************************************************
RM1 PRECISE POLAR GNORM=0.1


  ATOM    CHEMICAL      BOND LENGTH      BOND ANGLE     TWIST ANGLE 
 NUMBER    SYMBOL       (ANGSTROMS)      (DEGREES)       (DEGREES) 
   (I)                     NA:I           NB:NA:I       NC:NB:NA:I       NA    NB    NC 
     1       C          0.00000000       0.0000000       0.0000000        0     0     0
     2       C          1.52001171  *    0.0000000       0.0000000        1     0     0
     3       C          1.52666467  *  110.7720251  *    0.0000000        2     1     0
     4       C          1.52689193  *  110.8093992  * -179.9750166  *     3     2     1
     5       C          1.52707216  *  110.7431483  * -179.9699034  *     4     3     2
     6       C          1.52710018  *  110.7412715  * -179.9601491  *     5     4     3
     7       C          1.52710779  *  110.7216741  * -179.9819606  *     6     5     4
     8       C          1.52705389  *  110.7106750  * -179.9883306  *     7     6     5
     9       C          1.52545540  *  110.6465788  *  179.8898512  *     8     7     6
    10       C          1.53103726  *  109.9464173  *  179.6306373  *     9     8     7
    11       O          1.41169551  *  110.6408747  *  171.9051662  *    10     9     8
    12       C          1.36716333  *  113.6351156  *   70.2204421  *    11    10     9
    13       C          1.37142046  *  119.3569387  * -104.0747037  *    12    11    10
    14       C          1.41327777  *  119.5214626  * -174.2382263  *    13    12    11
    15       C          1.41902527  *  121.3560928  *  179.6960278  *    14    13    12
    16       S          1.71219978  *  126.6100420  *   -0.2687618  *    15    14    13
    17       C          1.72597184  *   91.6483437  * -179.8176420  *    16    15    14
    18       C          1.36059797  *  112.8194152  *   -0.2471189  *    17    16    15
    19       C          1.43494334  *  111.4665831  *    0.2376825  *    18    17    16
    20       C          1.41182817  *  128.2149821  *  179.7122015  *    19    18    17
    21       C          1.39165742  *  119.5410598  * -179.8329399  *    20    19    18
    22       C          1.42099105  *  121.7000411  *    0.0094677  *    21    20    19
    23       C          1.41352590  *  120.9106825  *  179.9463783  *    22    21    20
    24       C          1.37473281  *  119.3297367  * -179.7774340  *    23    22    21
    25       O          1.35762861  *  126.3637896  * -179.0333094  *    24    23    22
    26       C          1.41645327  *  117.1293698  *  -13.4017532  *    25    24    23
    27       C          1.53334531  *  104.2707353  * -171.5258530  *    26    25    24
    28       C          1.52618008  *  109.5921750  * -179.3368747  *    27    26    25
    29       C          1.52710597  *  110.4620964  * -179.9667376  *    28    27    26
    30       C          1.52712202  *  110.6791023  * -179.9823801  *    29    28    27
    31       C          1.52709404  *  110.7050801  * -179.9917505  *    30    29    28
    32       C          1.52706478  *  110.7305628  * -179.9830040  *    31    30    29
    33       C          1.52688250  *  110.7412279  * -179.9985761  *    32    31    30
    34       C          1.52666325  *  110.8056052  * -179.9936009  *    33    32    31
    35       C          1.52000692  *  110.7705804  * -179.9994172  *    34    33    32
    36       S          1.69967210  *  111.7129422  *  179.9811318  *    21    20    19
    37       C          1.71404679  *   92.1925468  *   -0.0301494  *    36    21    20
    38       C          1.42704268  *  128.3272380  *    0.0813753  *    20    19    18
    39       C          1.43315732  *  125.3714926  * -179.8975807  *    37    36    21
    40       C          1.34860519  *  125.9116209  *  178.8732814  *    39    37    38
    41       C          1.46965511  *  123.2521666  * -179.9885614  *    40    39    37
    42       O          1.22023049  *  127.1951567  *  179.5493261  *    41    40    39
    43       O          1.35338800  *  114.0449449  *   -0.4464673  *    41    40    39
    44       C          1.41844015  *  123.4108933  *   -0.0247482  *    40    39    37
    45       N          1.15679968  *  178.4868352  * -179.9067821  *    44    40    39
    46       C          1.44388934  *  121.2258799  * -179.4229161  *    17    16    15
    47       C          1.40329387  *  118.5819691  *  -43.8805538  *    46    17    18
    48       C          1.38503210  *  121.5237461  *  179.7037368  *    47    46    17
    49       C          1.39285365  *  117.4641859  *   -0.0607677  *    48    47    46
    50       C          1.42243629  *  121.2621318  *   -0.5242588  *    49    48    47
    51       C          1.38297622  *  120.4950142  *    0.8464920  *    50    49    48
    52       C          1.44113309  *  107.0287805  * -178.9539073  *    50    49    48
    53       C          1.38515823  *  132.6451901  *   -0.0321394  *    52    50    51
    54       C          1.38701883  *  118.3126095  * -179.3174631  *    53    52    50
    55       C          1.39833459  *  121.0753660  *   -0.0252027  *    54    53    52
    56       C          1.38655690  *  121.7477520  *   -0.2192342  *    55    54    53
    57       C          1.39209914  *  117.2200923  *   -0.0137295  *    56    55    54
    58       N          1.40962297  *  129.5570092  *  176.5961682  *    49    48    47
    59       C          1.46018713  *  124.3450047  *   18.3800024  *    58    49    48
    60       C          1.53586521  *  111.8802115  *   76.7747865  *    59    58    49
    61       C          1.52583467  *  110.0364326  * -179.9554850  *    60    59    58
    62       C          1.52714118  *  110.5511632  * -179.9808947  *    61    60    59
    63       C          1.52712939  *  110.6984422  * -179.9785847  *    62    61    60
    64       C          1.52709358  *  110.7037818  * -179.9831531  *    63    62    61
    65       C          1.52706851  *  110.7346130  * -179.9910425  *    64    63    62
    66       C          1.52687565  *  110.7362764  * -179.9926815  *    65    64    63
    67       C          1.52666856  *  110.8059987  * -179.9979361  *    66    65    64
    68       C          1.51999583  *  110.7638511  * -179.9977477  *    67    66    65
    69       H          1.09964656  *  111.8569096  * -179.9817666  *     1     2     3
    70       H          1.09957056  *  112.2887138  *  -60.1258276  *     1     2     3
    71       H          1.09957749  *  112.2861572  *   60.1695342  *     1     2     3
    72       H          1.11062480  *  110.1289482  *   62.4459594  *     2     1    70
    73       H          1.11061883  *  110.1300691  *  177.2991347  *     2     1    70
    74       H          1.11054987  *  110.2116456  * -179.8091941  *     3     2    72
    75       H          1.11054795  *  110.2117625  *  -64.8230595  *     3     2    72
    76       H          1.11058201  *  110.3085068  * -179.9260861  *     4     3    74
    77       H          1.11056954  *  110.3131160  *  -64.8079803  *     4     3    74
    78       H          1.11059321  *  110.3126911  * -179.9578139  *     5     4    76
    79       H          1.11056631  *  110.3238030  *  -64.8267423  *     5     4    76
    80       H          1.11058407  *  110.3166580  * -179.9691611  *     6     5    78
    81       H          1.11058365  *  110.3248738  * -179.9700255  *     6     5    79
    82       H          1.11058747  *  110.3455067  *  179.9986789  *     7     6    80
    83       H          1.11058668  *  110.3380435  *  -64.8313164  *     7     6    80
    84       H          1.11075497  *  110.3443825  *  179.8563534  *     8     7    82
    85       H          1.11074481  *  110.3344650  *  -64.9001027  *     8     7    82
    86       H          1.11042765  *  110.7942118  *  179.3618708  *     9     8    84
    87       H          1.11041641  *  110.6627098  *  -64.9763236  *     9     8    84
    88       H          1.11218300  *  111.4882082  *  176.1271785  *    10     9    86
    89       H          1.11099948  *  112.2940871  * -179.1855987  *    10     9    87
    90       H          1.09493836  *  120.0980576  *  179.4618036  *    13    12    24
    91       H          1.08652830  *  125.3999842  *   -1.3629068  *    18    17    46
    92       H          1.09262344  *  118.4934115  *    0.2276709  *    23    22    21
    93       H          1.11349815  *  111.8759889  *  -51.0909591  *    26    25    24
    94       H          1.11343070  *  110.8629722  *   68.5148588  *    26    25    24
    95       H          1.11052910  *  110.3909729  * -177.7723637  *    27    26    93
    96       H          1.11059098  *  110.3149352  *  177.8695084  *    27    26    94
    97       H          1.11073702  *  110.4245327  * -179.7536193  *    28    27    95
    98       H          1.11074671  *  110.4442492  *  179.7424839  *    28    27    96
    99       H          1.11060959  *  110.3229168  * -179.9322668  *    29    28    97
   100       H          1.11061922  *  110.3219722  *  179.9934101  *    29    28    98
   101       H          1.11059067  *  110.3360000  * -179.9764370  *    30    29    99
   102       H          1.11059753  *  110.3425585  *  179.9908343  *    30    29   100
   103       H          1.11058651  *  110.3308025  * -179.9853979  *    31    30   101
   104       H          1.11058332  *  110.3369508  *  -64.8390487  *    31    30   101
   105       H          1.11057906  *  110.3340967  *  179.9998114  *    32    31   103
   106       H          1.11058241  *  110.3357327  * -179.9871538  *    32    31   104
   107       H          1.11055158  *  110.4075036  *  179.9563874  *    33    32   105
   108       H          1.11054865  *  110.4092765  *  -64.8251888  *    33    32   105
   109       H          1.11062415  *  110.5223956  *  179.8417441  *    34    33   107
   110       H          1.11062294  *  110.5228151  * -179.8387635  *    34    33   108
   111       H          1.09965074  *  111.8521102  *   57.4278731  *    35    34   109
   112       H          1.09957038  *  112.2897166  *   62.4233075  *    35    34   110
   113       H          1.09957033  *  112.2899639  * -177.2731732  *    35    34   110
   114       H          1.08839578  *  122.8729475  *   -0.0140745  *    38    20    19
   115       H          1.10218044  *  114.4383445  *   -1.0947673  *    39    37    38
   116       H          0.96780864  *  110.9532358  *    0.0661245  *    43    41    42
   117       H          1.09500497  *  119.3159462  *  179.8737653  *    47    46    51
   118       H          1.09149819  *  120.7689380  *  179.8652873  *    48    47    46
   119       H          1.09327766  *  120.2250088  *   -0.2843406  *    51    50    52
   120       H          1.09283044  *  120.3223119  *    0.6465741  *    53    52    50
   121       H          1.09351277  *  119.6604797  *  179.9361833  *    54    53    52
   122       H          1.09472136  *  119.0707649  *  179.7447229  *    55    54    53
   123       H          1.09122990  *  120.8826186  *  179.9852184  *    56    55    54
   124       H          1.11468050  *  108.7475498  * -160.1531481  *    59    58    49
   125       H          1.11483818  *  108.7190144  *  -46.2560932  *    59    58    49
   126       H          1.11068581  *  110.2599428  * -179.2593555  *    60    59   124
   127       H          1.11065074  *  110.2711980  *  -64.1354601  *    60    59   124
   128       H          1.11075132  *  110.4034141  * -179.8010598  *    61    60   126
   129       H          1.11074808  *  110.4117351  *  -64.4821969  *    61    60   126
   130       H          1.11059981  *  110.3194916  * -179.9356857  *    62    61   128
   131       H          1.11060986  *  110.3208303  * -179.9995800  *    62    61   129
   132       H          1.11059183  *  110.3405080  * -179.9883870  *    63    62   130
   133       H          1.11058634  *  110.3459837  * -179.9896522  *    63    62   131
   134       H          1.11058882  *  110.3307036  * -179.9855382  *    64    63   132
   135       H          1.11058903  *  110.3345257  *  -64.8448449  *    64    63   132
   136       H          1.11058228  *  110.3362715  *  179.9929778  *    65    64   134
   137       H          1.11057786  *  110.3398540  * -179.9805334  *    65    64   135
   138       H          1.11055603  *  110.4090261  *  179.9586900  *    66    65   136
   139       H          1.11055512  *  110.4118690  *  -64.8266100  *    66    65   136
   140       H          1.11062227  *  110.5251767  *  179.8357423  *    67    66   138
   141       H          1.11062296  *  110.5248308  * -179.8288038  *    67    66   139
   142       H          1.09965556  *  111.8492537  *   57.4299250  *    68    67   140
   143       H          1.09957193  *  112.2928468  *  177.2760537  *    68    67   140
   144       H          1.09957304  *  112.2923593  *  -62.4153969  *    68    67   140
 


          CARTESIAN COORDINATES 

    NO.       ATOM           X           Y           Z

     1         C          0.0000      0.0000      0.0000
     2         C          1.5200      0.0000      0.0000
     3         C          2.0614      1.4274      0.0000
     4         C          3.5883      1.4284     -0.0006
     5         C          4.1283      2.8569      0.0001
     6         C          5.6554      2.8578     -0.0015
     7         C          6.1948      4.2865     -0.0003
     8         C          7.7219      4.2871     -0.0022
     9         C          8.2591      5.7148     -0.0037
    10         C          9.7900      5.6968      0.0036
    11         O         10.3040      6.9982     -0.1837
    12         C         10.1051      7.8253      0.8866
    13         C          9.1264      8.7839      0.8228
    14         C          8.9979      9.7190      1.8747
    15         C          8.0034     10.7308      1.8457
    16         S          6.8513     10.9951      0.6070
    17         C          6.1776     12.3408      1.4520
    18         C          6.7983     12.5834      2.6383
    19         C          7.8632     11.6510      2.8741
    20         C          8.7349     11.5829      3.9825
    21         C          9.7159     10.5967      4.0244
    22         C          9.8673      9.6491      2.9764
    23         C         10.8703      8.6549      3.0356
    24         C         10.9907      7.7573      2.0013
    25         O         11.8853      6.7395      1.9188
    26         C         12.9629      6.7506      2.8381
    27         C         13.8854      5.6261      2.3527
    28         C         15.0937      5.5197      3.2790
    29         C         16.0273      4.4049      2.8127
    30         C         17.2382      4.2938      3.7366
    31         C         18.1723      3.1792      3.2707
    32         C         19.3832      3.0673      4.1944
    33         C         20.3174      1.9529      3.7287
    34         C         21.5285      1.8397      4.6514
    35         C         22.4579      0.7302      4.1871
    36         S         10.6494     10.6980      5.4412
    37         C          9.7610     12.0496      6.0085
    38         C          8.7672     12.4225      5.1360
    39         C          9.9978     12.7396      7.2421
    40         C         10.9357     12.4230      8.1581
    41         C         11.1277     13.1731      9.4072
    42         O         11.9441     12.9469     10.2855
    43         O         10.2842     14.2209      9.5565
    44         C         11.8332     11.3342      8.0128
    45         N         12.5776     10.4535      7.9213
    46         C          5.0602     13.0798      0.9133
    47         C          4.0018     13.4164      1.7709
    48         C          2.9031     14.1291      1.3202
    49         C          2.8864     14.5032     -0.0214
    50         C          3.9620     14.1755     -0.8926
    51         C          5.0486     13.4577     -0.4269
    52         C          3.6407     14.7254     -2.1853
    53         C          4.3090     14.7230     -3.3986
    54         C          3.7204     15.3697     -4.4752
    55         C          2.4836     16.0090     -4.3448
    56         C          1.7920     16.0217     -3.1431
    57         C          2.3797     15.3688     -2.0632
    58         N          1.8828     15.1667     -0.7559
    59         C          0.7958     15.9359     -0.1568
    60         C          1.2708     17.3116      0.3338
    61         C          0.1048     18.0775      0.9517
    62         C          0.5643     19.4484      1.4435
    63         C         -0.6003     20.2178      2.0632
    64         C         -0.1410     21.5888      2.5545
    65         C         -1.3049     22.3587      3.1745
    66         C         -0.8458     23.7295      3.6657
    67         C         -2.0083     24.5006      4.2859
    68         C         -1.5502     25.8651      4.7745
    69         H         -0.4094     -1.0206      0.0003
    70         H         -0.4170      0.5068      0.8822
    71         H         -0.4170      0.5061     -0.8826
    72         H          1.9022     -0.5614      0.8788
    73         H          1.9022     -0.5614     -0.8787
    74         H          1.6735      1.9849     -0.8786
    75         H          1.6742      1.9847      0.8791
    76         H          3.9745      0.8694      0.8779
    77         H          3.9739      0.8705     -0.8801
    78         H          3.7413      3.4158     -0.8781
    79         H          3.7430      3.4144      0.8799
    80         H          6.0422      2.2984      0.8765
    81         H          6.0405      2.3007     -0.8816
    82         H          5.8080      4.8460     -0.8782
    83         H          5.8099      4.8436      0.8799
    84         H          8.1094      3.7298      0.8770
    85         H          8.1070      3.7293     -0.8821
    86         H          7.8854      6.2757     -0.8862
    87         H          7.8747      6.2791      0.8719
    88         H         10.1872      5.1996      0.9158
    89         H         10.2093      5.1514     -0.8688
    90         H          8.4586      8.8300     -0.0437
    91         H          6.5452     13.3830      3.3291
    92         H         11.5265      8.6279      3.9088
    93         H         13.4901      7.7313      2.8476
    94         H         12.6021      6.5606      3.8742
    95         H         13.3333      4.6634      2.3111
    96         H         14.2039      5.8137      1.3054
    97         H         15.6380      6.4872      3.3188
    98         H         14.7662      5.3368      4.3245
    99         H         15.4829      3.4377      2.7717
   100         H         16.3546      4.5878      1.7673
   101         H         17.7823      5.2611      3.7778
   102         H         16.9107      4.1109      4.7819
   103         H         17.6283      2.2119      3.2292
   104         H         18.5002      3.3620      2.2255
   105         H         19.9274      4.0345      4.2361
   106         H         19.0556      2.8842      5.2396
   107         H         19.7748      0.9848      3.6873
   108         H         20.6468      2.1350      2.6839
   109         H         22.0767      2.8046      4.6944
   110         H         21.2049      1.6546      5.6976
   111         H         23.3374      0.6330      4.8400
   112         H         21.9630     -0.2517      4.1774
   113         H         22.8385      0.9032      3.1701
   114         H          8.0775     13.2517      5.2826
   115         H          9.3314     13.5994      7.4189
   116         H         10.4498     14.6824     10.3909
   117         H          4.0405     13.1023      2.8192
   118         H          2.0856     14.3825      1.9976
   119         H          5.8727     13.2079     -1.1004
   120         H          5.2755     14.2220     -3.4951
   121         H          4.2292     15.3823     -5.4430
   122         H          2.0510     16.5130     -5.2150
   123         H          0.8277     16.5252     -3.0572
   124         H         -0.0250     16.0382     -0.9041
   125         H          0.3556     15.3427      0.6782
   126         H          2.0968     17.1943      1.0670
   127         H          1.7181     17.8859     -0.5050
   128         H         -0.7193     18.1886      0.2153
   129         H         -0.3403     17.4973      1.7878
   130         H          1.3890     19.3377      2.1790
   131         H          1.0093     20.0287      0.6076
   132         H         -1.4250     20.3282      1.3276
   133         H         -1.0451     19.6375      2.8991
   134         H          0.6839     21.4786      3.2900
   135         H          0.3037     22.1693      1.7187
   136         H         -2.1299     22.4690      2.4393
   137         H         -1.7497     21.7786      4.0107
   138         H         -0.0213     23.6210      4.4017
   139         H         -0.4016     24.3114      2.8306
   140         H         -2.8350     24.6148      3.5531
   141         H         -2.4546     23.9246      5.1241
   142         H         -2.3747     26.4365      5.2251
   143         H         -0.7633     25.7919      5.5390
   144         H         -1.1453     26.4849      3.9615

  H: (RM1): G.B. ROCHA, R.O. FREIRE, A.M.SIMAS, J.J.P. STEWART, J. COMP. CHEM. 27, 1101 (2006)
  C: (RM1): G.B. ROCHA, R.O. FREIRE, A.M.SIMAS, J.J.P. STEWART, J. COMP. CHEM. 27, 1101 (2006)
  N: (RM1): G.B. ROCHA, R.O. FREIRE, A.M.SIMAS, J.J.P. STEWART, J. COMP. CHEM. 27, 1101 (2006)
  O: (RM1): G.B. ROCHA, R.O. FREIRE, A.M.SIMAS, J.J.P. STEWART, J. COMP. CHEM. 27, 1101 (2006)
  S: (RM1): G.B. ROCHA, R.O. FREIRE, A.M.SIMAS, J.J.P. STEWART, J. COMP. CHEM. 27, 1101 (2006)

           Empirical Formula: C60 H76 N2 O4 S2  =   144 atoms



      MOLECULAR POINT GROUP   :   C1  


      RHF CALCULATION, NO. OF DOUBLY OCCUPIED LEVELS = 181


          Geometry optimization using L-BFGS
 CYCLE:     1 TIME:   0.617 TIME LEFT:  2.00D  GRAD.:     0.203 HEAT: -125.5309
 CYCLE:     2 TIME:   0.258 TIME LEFT:  2.00D  GRAD.:     0.194 HEAT: -125.5309
 CYCLE:     3 TIME:   0.234 TIME LEFT:  2.00D  GRAD.:     0.133 HEAT: -125.5309
 CYCLE:     4 TIME:   0.234 TIME LEFT:  2.00D  GRAD.:     0.209 HEAT: -125.5309
 CYCLE:     5 TIME:   0.250 TIME LEFT:  2.00D  GRAD.:     0.152 HEAT: -125.5309
 CYCLE:     6 TIME:   0.242 TIME LEFT:  2.00D  GRAD.:     0.106 HEAT: -125.5309
 CYCLE:     7 TIME:   0.258 TIME LEFT:  2.00D  GRAD.:     0.256 HEAT: -125.5309
 CYCLE:     8 TIME:   0.234 TIME LEFT:  2.00D  GRAD.:     0.474 HEAT: -125.5309
 CYCLE:     9 TIME:   0.289 TIME LEFT:  2.00D  GRAD.:     0.361 HEAT: -125.5309
 CYCLE:    10 TIME:   0.234 TIME LEFT:  2.00D  GRAD.:     0.277 HEAT: -125.5309
 CYCLE:    11 TIME:   0.250 TIME LEFT:  2.00D  GRAD.:     0.207 HEAT: -125.5309
 CYCLE:    12 TIME:   0.219 TIME LEFT:  2.00D  GRAD.:     0.624 HEAT: -125.5309
 CYCLE:    13 TIME:   0.227 TIME LEFT:  2.00D  GRAD.:     0.197 HEAT: -125.5309
 CYCLE:    14 TIME:   0.250 TIME LEFT:  2.00D  GRAD.:     0.164 HEAT: -125.5309
 CYCLE:    15 TIME:   0.234 TIME LEFT:  2.00D  GRAD.:     0.134 HEAT: -125.5309
 CYCLE:    16 TIME:   0.234 TIME LEFT:  2.00D  GRAD.:     0.148 HEAT: -125.5309
 CYCLE:    17 TIME:   0.234 TIME LEFT:  2.00D  GRAD.:     0.740 HEAT: -125.5309
 CYCLE:    18 TIME:   0.227 TIME LEFT:  2.00D  GRAD.:     0.206 HEAT: -125.5309
 CYCLE:    19 TIME:   0.219 TIME LEFT:  2.00D  GRAD.:     0.112 HEAT: -125.5309
 CYCLE:    20 TIME:   0.266 TIME LEFT:  2.00D  GRAD.:     0.101 HEAT: -125.5309
 CYCLE:    21 TIME:   0.289 TIME LEFT:  2.00D  GRAD.:     0.094 HEAT: -125.5309

 -------------------------------------------------------------------------------
 RM1 PRECISE POLAR GNORM=0.1




     HERBERTS TEST WAS SATISFIED IN BFGS                      
     SCF FIELD WAS ACHIEVED                                   


                              RM1 CALCULATION
                                                       MOPAC2016 (Version: 21.186W)
                                                       Sun Oct 24 21:34:51 2021
                                                       No. of days remaining = 254




          FINAL HEAT OF FORMATION =       -125.53091 KCAL/MOL =    -525.22134 KJ/MOL


          TOTAL ENERGY            =     -10657.83568 EV
          ELECTRONIC ENERGY       =    -127669.35336 EV  POINT GROUP:     C1  
          CORE-CORE REPULSION     =     117011.51768 EV
          COSMO AREA              =       1075.55 SQUARE ANGSTROMS
          COSMO VOLUME            =       1219.67 CUBIC ANGSTROMS

          GRADIENT NORM           =          0.09416 = 0.00785 PER ATOM
          IONIZATION POTENTIAL    =          8.079838 EV
          HOMO LUMO ENERGIES (EV) =         -8.080 -1.458
          NO. OF FILLED LEVELS    =        181
          MOLECULAR WEIGHT        =        953.3914

          MOLECULAR DIMENSIONS (Angstroms)

            Atom       Atom       Distance
            H   142    H   111    36.42885
            H   116    H    69    21.44180
            H    70    H   121    12.26506


          SCF CALCULATIONS        =         22
 
          WALL-CLOCK TIME         =          5.773 SECONDS
          COMPUTATION TIME        =         11.375 SECONDS




  ATOM    CHEMICAL      BOND LENGTH      BOND ANGLE     TWIST ANGLE 
 NUMBER    SYMBOL       (ANGSTROMS)      (DEGREES)       (DEGREES) 
   (I)                     NA:I           NB:NA:I       NC:NB:NA:I       NA    NB    NC 
     1       C          0.00000000       0.0000000       0.0000000        0     0     0
     2       C          1.52000189  *    0.0000000       0.0000000        1     0     0
     3       C          1.52665810  *  110.7729648  *    0.0000000        2     1     0
     4       C          1.52687025  *  110.8087807  * -179.9734727  *     3     2     1
     5       C          1.52705984  *  110.7470469  * -179.9712055  *     4     3     2
     6       C          1.52708968  *  110.7405536  * -179.9612466  *     5     4     3
     7       C          1.52709941  *  110.7229905  * -179.9761021  *     6     5     4
     8       C          1.52704248  *  110.7096323  * -179.9881372  *     7     6     5
     9       C          1.52544896  *  110.6480821  *  179.8919168  *     8     7     6
    10       C          1.53106613  *  109.9460248  *  179.6293579  *     9     8     7
    11       O          1.41169595  *  110.6349286  *  171.9078755  *    10     9     8
    12       C          1.36716527  *  113.6353361  *   70.2221064  *    11    10     9
    13       C          1.37140993  *  119.3524062  * -104.0744364  *    12    11    10
    14       C          1.41327889  *  119.5232362  * -174.2364245  *    13    12    11
    15       C          1.41901803  *  121.3552901  *  179.6977117  *    14    13    12
    16       S          1.71219507  *  126.6079959  *   -0.2686264  *    15    14    13
    17       C          1.72593660  *   91.6467732  * -179.8169129  *    16    15    14
    18       C          1.36059732  *  112.8227393  *   -0.2479592  *    17    16    15
    19       C          1.43494582  *  111.4640537  *    0.2363053  *    18    17    16
    20       C          1.41181899  *  128.2164450  *  179.7109176  *    19    18    17
    21       C          1.39167383  *  119.5405030  * -179.8320731  *    20    19    18
    22       C          1.42098049  *  121.7006762  *    0.0126222  *    21    20    19
    23       C          1.41354162  *  120.9112587  *  179.9449372  *    22    21    20
    24       C          1.37473211  *  119.3293629  * -179.7761130  *    23    22    21
    25       O          1.35763020  *  126.3669022  * -179.0343773  *    24    23    22
    26       C          1.41645398  *  117.1258535  *  -13.4103502  *    25    24    23
    27       C          1.53335130  *  104.2719031  * -171.5228987  *    26    25    24
    28       C          1.52616114  *  109.5903531  * -179.3377771  *    27    26    25
    29       C          1.52712451  *  110.4641344  * -179.9658220  *    28    27    26
    30       C          1.52711905  *  110.6761832  * -179.9825469  *    29    28    27
    31       C          1.52709717  *  110.7056180  * -179.9904095  *    30    29    28
    32       C          1.52706457  *  110.7299595  * -179.9835702  *    31    30    29
    33       C          1.52688033  *  110.7412309  * -179.9970029  *    32    31    30
    34       C          1.52666247  *  110.8053147  * -179.9935791  *    33    32    31
    35       C          1.52000472  *  110.7705656  * -179.9991632  *    34    33    32
    36       S          1.69966071  *  111.7110895  *  179.9797042  *    21    20    19
    37       C          1.71408141  *   92.1936388  *   -0.0303296  *    36    21    20
    38       C          1.42704261  *  128.3263213  *    0.0802210  *    20    19    18
    39       C          1.43315744  *  125.3704707  * -179.8991577  *    37    36    21
    40       C          1.34860849  *  125.9084764  *  178.8746046  *    39    37    38
    41       C          1.46965332  *  123.2516522  * -179.9888749  *    40    39    37
    42       O          1.22023021  *  127.1953206  *  179.5483739  *    41    40    39
    43       O          1.35338730  *  114.0445271  *   -0.4473351  *    41    40    39
    44       C          1.41843947  *  123.4106573  *   -0.0249833  *    40    39    37
    45       N          1.15680053  *  178.4828109  * -179.9067397  *    44    40    39
    46       C          1.44389100  *  121.2275768  * -179.4261069  *    17    16    15
    47       C          1.40329380  *  118.5823468  *  -43.8804511  *    46    17    18
    48       C          1.38502622  *  121.5259708  *  179.7084467  *    47    46    17
    49       C          1.39285843  *  117.4624500  *   -0.0607739  *    48    47    46
    50       C          1.42243439  *  121.2622617  *   -0.5243379  *    49    48    47
    51       C          1.38298787  *  120.4964760  *    0.8448628  *    50    49    48
    52       C          1.44113031  *  107.0290224  * -178.9548453  *    50    49    48
    53       C          1.38515819  *  132.6447097  *   -0.0309796  *    52    50    51
    54       C          1.38702040  *  118.3130446  * -179.3175769  *    53    52    50
    55       C          1.39833852  *  121.0741663  *   -0.0276338  *    54    53    52
    56       C          1.38655786  *  121.7484894  *   -0.2196989  *    55    54    53
    57       C          1.39209563  *  117.2208886  *   -0.0111188  *    56    55    54
    58       N          1.40962299  *  129.5563820  *  176.5922128  *    49    48    47
    59       C          1.46018551  *  124.3471759  *   18.3784720  *    58    49    48
    60       C          1.53587182  *  111.8794092  *   76.7729220  *    59    58    49
    61       C          1.52582865  *  110.0367740  * -179.9563522  *    60    59    58
    62       C          1.52715116  *  110.5509178  * -179.9813257  *    61    60    59
    63       C          1.52712518  *  110.6971676  * -179.9763876  *    62    61    60
    64       C          1.52710148  *  110.7029702  * -179.9844471  *    63    62    61
    65       C          1.52706667  *  110.7343843  * -179.9902416  *    64    63    62
    66       C          1.52688162  *  110.7361378  * -179.9930935  *    65    64    63
    67       C          1.52666733  *  110.8057452  * -179.9970860  *    66    65    64
    68       C          1.51999414  *  110.7639845  * -179.9973709  *    67    66    65
    69       H          1.09964803  *  111.8563413  * -179.9804373  *     1     2     3
    70       H          1.09956948  *  112.2893879  *  -60.1282080  *     1     2     3
    71       H          1.09957230  *  112.2876771  *   60.1700663  *     1     2     3
    72       H          1.11062093  *  110.1290360  *   62.4456073  *     2     1    70
    73       H          1.11062298  *  110.1303498  *  177.2990846  *     2     1    70
    74       H          1.11054897  *  110.2127046  * -179.8102305  *     3     2    72
    75       H          1.11055235  *  110.2109549  *  -64.8237705  *     3     2    72
    76       H          1.11057678  *  110.3127652  * -179.9259418  *     4     3    74
    77       H          1.11058230  *  110.3127769  *  -64.8078660  *     4     3    74
    78       H          1.11057962  *  110.3152649  * -179.9569247  *     5     4    76
    79       H          1.11057966  *  110.3247603  *  -64.8275584  *     5     4    76
    80       H          1.11058193  *  110.3221052  * -179.9733199  *     6     5    78
    81       H          1.11058792  *  110.3206477  * -179.9727601  *     6     5    79
    82       H          1.11057862  *  110.3451675  *  179.9978631  *     7     6    80
    83       H          1.11059432  *  110.3382808  *  -64.8321038  *     7     6    80
    84       H          1.11075438  *  110.3469570  *  179.8566520  *     8     7    82
    85       H          1.11075451  *  110.3346410  *  -64.9021326  *     8     7    82
    86       H          1.11041701  *  110.7888529  *  179.3618814  *     9     8    84
    87       H          1.11042394  *  110.6669511  *  -64.9736741  *     9     8    84
    88       H          1.11218113  *  111.4872826  *  176.1277397  *    10     9    86
    89       H          1.11099481  *  112.2911868  * -179.1882564  *    10     9    87
    90       H          1.09494768  *  120.0980929  *  179.4604455  *    13    12    24
    91       H          1.08653297  *  125.3985473  *   -1.3599019  *    18    17    46
    92       H          1.09261675  *  118.4936879  *    0.2267677  *    23    22    21
    93       H          1.11350044  *  111.8749664  *  -51.0898285  *    26    25    24
    94       H          1.11342896  *  110.8632412  *   68.5173051  *    26    25    24
    95       H          1.11053129  *  110.3916159  * -177.7704448  *    27    26    93
    96       H          1.11058817  *  110.3151627  *  177.8684477  *    27    26    94
    97       H          1.11074331  *  110.4274668  * -179.7559606  *    28    27    95
    98       H          1.11074373  *  110.4470690  *  179.7442295  *    28    27    96
    99       H          1.11061115  *  110.3240774  * -179.9348816  *    29    28    97
   100       H          1.11061215  *  110.3205332  *  179.9955167  *    29    28    98
   101       H          1.11059532  *  110.3373575  * -179.9765759  *    30    29    99
   102       H          1.11059444  *  110.3418257  *  179.9897505  *    30    29   100
   103       H          1.11058721  *  110.3320881  * -179.9856390  *    31    30   101
   104       H          1.11058317  *  110.3347716  *  -64.8388881  *    31    30   101
   105       H          1.11058132  *  110.3341066  * -179.9993107  *    32    31   103
   106       H          1.11058457  *  110.3355236  * -179.9895018  *    32    31   104
   107       H          1.11054844  *  110.4079612  *  179.9565281  *    33    32   105
   108       H          1.11055164  *  110.4084909  *  -64.8256141  *    33    32   105
   109       H          1.11062134  *  110.5222797  *  179.8416508  *    34    33   107
   110       H          1.11062503  *  110.5229790  * -179.8389184  *    34    33   108
   111       H          1.09965175  *  111.8524553  *   57.4278130  *    35    34   109
   112       H          1.09957004  *  112.2904566  *   62.4229513  *    35    34   110
   113       H          1.09957096  *  112.2904760  * -177.2728329  *    35    34   110
   114       H          1.08839855  *  122.8728869  *   -0.0105410  *    38    20    19
   115       H          1.10217431  *  114.4379645  *   -1.0920917  *    39    37    38
   116       H          0.96780793  *  110.9538650  *    0.0661888  *    43    41    42
   117       H          1.09500940  *  119.3169577  *  179.8757934  *    47    46    51
   118       H          1.09149757  *  120.7678034  *  179.8644107  *    48    47    46
   119       H          1.09327520  *  120.2241989  *   -0.2814966  *    51    50    52
   120       H          1.09282808  *  120.3224561  *    0.6448454  *    53    52    50
   121       H          1.09350890  *  119.6591799  *  179.9324266  *    54    53    52
   122       H          1.09472464  *  119.0715222  *  179.7456646  *    55    54    53
   123       H          1.09123450  *  120.8828494  *  179.9878569  *    56    55    54
   124       H          1.11467999  *  108.7481134  * -160.1546470  *    59    58    49
   125       H          1.11484016  *  108.7195333  *  -46.2564385  *    59    58    49
   126       H          1.11068308  *  110.2589287  * -179.2588035  *    60    59   124
   127       H          1.11065314  *  110.2709224  *  -64.1350809  *    60    59   124
   128       H          1.11075226  *  110.4039307  * -179.8009600  *    61    60   126
   129       H          1.11074878  *  110.4131872  *  -64.4824329  *    61    60   126
   130       H          1.11060158  *  110.3214451  * -179.9364176  *    62    61   128
   131       H          1.11060753  *  110.3172242  *  179.9991635  *    62    61   129
   132       H          1.11058844  *  110.3405749  * -179.9889858  *    63    62   130
   133       H          1.11058689  *  110.3458701  * -179.9884115  *    63    62   131
   134       H          1.11058726  *  110.3319940  * -179.9860938  *    64    63   132
   135       H          1.11058839  *  110.3315291  *  -64.8448854  *    64    63   132
   136       H          1.11057937  *  110.3364345  *  179.9937653  *    65    64   134
   137       H          1.11057981  *  110.3399645  * -179.9813678  *    65    64   135
   138       H          1.11055351  *  110.4092652  *  179.9579534  *    66    65   136
   139       H          1.11055465  *  110.4096859  *  -64.8266158  *    66    65   136
   140       H          1.11062116  *  110.5245983  *  179.8366260  *    67    66   138
   141       H          1.11062346  *  110.5251252  * -179.8302812  *    67    66   139
   142       H          1.09965613  *  111.8497169  *   57.4298639  *    68    67   140
   143       H          1.09957209  *  112.2934192  *  177.2759181  *    68    67   140
   144       H          1.09957334  *  112.2927427  *  -62.4152257  *    68    67   140

                             CARTESIAN COORDINATES

   1    C        0.000000000     0.000000000     0.000000000
   2    C        1.520001889     0.000000000     0.000000000
   3    C        2.061455340     1.427414835     0.000000000
   4    C        3.588325146     1.428369343    -0.000660813
   5    C        4.128382694     2.856742228     0.000057621
   6    C        5.655471307     2.857524570    -0.001569349
   7    C        6.195105602     4.286099285    -0.000254540
   8    C        7.722146808     4.286525985    -0.002177667
   9    C        8.259661184     5.714136206    -0.003554308
  10    C        9.790599901     5.695819170     0.003837022
  11    O       10.304614385     6.997227581    -0.183274455
  12    C       10.105867747     7.824190959     0.887133052
  13    C        9.127202406     8.782795444     0.823440131
  14    C        8.998711412     9.717844163     1.875357991
  15    C        8.004244538    10.729681382     1.846491728
  16    S        6.852200413    10.994005709     0.607726637
  17    C        6.178520526    12.339673547     1.452824632
  18    C        6.799119909    12.582255784     2.639094133
  19    C        7.864014810    11.649806220     2.874903706
  20    C        8.735746491    11.581604934     3.983355477
  21    C        9.716665419    10.595295956     4.025172924
  22    C        9.868038179     9.647816933     2.977053022
  23    C       10.871058902     8.653559595     3.036228156
  24    C       10.991469844     7.756113459     2.001829779
  25    O       11.886075739     6.738268272     1.919178542
  26    C       12.963679533     6.749331147     2.838411682
  27    C       13.886267414     5.624938479     2.352882141
  28    C       15.094606368     5.518644918     3.279049766
  29    C       16.028348491     4.403862609     2.812685820
  30    C       17.239240498     4.292961612     3.736554909
  31    C       18.173568164     3.178511083     3.270660517
  32    C       19.384443728     3.066857734     4.194370474
  33    C       20.318860858     1.952673826     3.728728554
  34    C       21.529942177     1.839660207     4.651338044
  35    C       22.459593757     0.730324707     4.187078375
  36    S       10.650135829    10.696572346     5.441937760
  37    C        9.761844113    12.048281836     6.009295112
  38    C        8.768014499    12.421223645     5.136806741
  39    C        9.998725323    12.738144250     7.242955270
  40    C       10.936602711    12.421431321     8.158828502
  41    C       11.128760273    13.171454773     9.407996690
  42    O       11.945176585    12.945122330    10.286176512
  43    O       10.285331977    14.219298633     9.557359146
  44    C       11.834058181    11.332674436     8.013388950
  45    N       12.578417829    10.451917180     7.921831083
  46    C        5.061214419    13.078746675     0.914104682
  47    C        4.002753621    13.415373055     1.771762484
  48    C        2.904064347    14.128128767     1.321031078
  49    C        2.887341665    14.502149644    -0.020566227
  50    C        3.962985626    14.174436212    -0.891722681
  51    C        5.049542386    13.456643817    -0.426079124
  52    C        3.641642637    14.724334191    -2.184474572
  53    C        4.309954006    14.721834648    -3.397741594
  54    C        3.721295014    15.368487767    -4.474377990
  55    C        2.484493099    16.007764240    -4.344004558
  56    C        1.792866782    16.020511352    -3.142325217
  57    C        2.380618980    15.367680920    -2.062376136
  58    N        1.883705647    15.165657618    -0.755078920
  59    C        0.796655029    15.934799673    -0.156010325
  60    C        1.271630450    17.310489850     0.334680152
  61    C        0.105515132    18.076385718     0.952524516
  62    C        0.564980840    19.447238185     1.444302353
  63    C       -0.599625185    20.216554360     2.063944782
  64    C       -0.140401852    21.587545419     2.555408287
  65    C       -1.304400030    22.357380607     3.175403962
  66    C       -0.845323450    23.728251197     3.666657449
  67    C       -2.007869172    24.499282555     4.286908384
  68    C       -1.549848584    25.863774060     4.775541435
  69    H       -0.409377707    -1.020605482     0.000348468
  70    H       -0.417049979     0.506731944     0.882238686
  71    H       -0.417020670     0.506094769    -0.882621718
  72    H        1.902206045    -0.561420111     0.878752695
  73    H        1.902230661    -0.561399437    -0.878757790
  74    H        1.673503202     1.984953711    -0.878613998
  75    H        1.674266535     1.984631371     0.879159308
  76    H        3.974585643     0.869340807     0.877787085
  77    H        3.973826235     0.870480669    -0.880173286
  78    H        3.741337518     3.415739774    -0.878068150
  79    H        3.743238184     3.414321462     0.879919132
  80    H        6.042395798     2.298092588     0.876335833
  81    H        6.040497172     2.300335324    -0.881740212
  82    H        5.808356893     4.845748811    -0.878094342
  83    H        5.810327672     4.843258267     0.880051974
  84    H        8.109624038     3.729119833     0.876989591
  85    H        8.107184938     3.728664511    -0.882127545
  86    H        7.885959655     6.275113729    -0.885981257
  87    H        7.875425224     6.278417114     0.872225974
  88    H       10.187666292     5.198534449     0.915973560
  89    H       10.209737277     5.150412549    -0.868610656
  90    H        8.459392403     8.828992337    -0.043050533
  91    H        6.546029501    13.381837372     3.329867914
  92    H       11.527254466     8.626450855     3.909431376
  93    H       13.490857868     7.730084190     2.847882424
  94    H       12.603006426     6.559358576     3.874533967
  95    H       13.334223656     4.662233779     2.311323884
  96    H       14.204588855     5.812556945     1.305563251
  97    H       15.638849841     6.486098408     3.318842904
  98    H       14.767234974     5.335679344     4.324565521
  99    H       15.484030909     3.436651838     2.771712517
 100    H       16.355523418     4.586909049     1.767262499
 101    H       17.783195344     5.260348915     3.777748438
 102    H       16.911808394     4.110106183     4.781912318
 103    H       17.629681335     2.211107514     3.229170704
 104    H       18.501378879     3.361456368     2.225449473
 105    H       19.928523854     4.034137123     4.236062944
 106    H       19.056909021     2.883719253     5.239635701
 107    H       19.776489728     0.984464499     3.687230556
 108    H       20.648179833     2.134818022     2.683885286
 109    H       22.077984727     2.804685178     4.694418443
 110    H       21.206474229     1.654511229     5.697558049
 111    H       23.339101554     0.633298229     4.839984087
 112    H       21.964923326    -0.251643770     4.177416184
 113    H       22.840142675     0.903384908     3.170078385
 114    H        8.078338971    13.250353845     5.283442974
 115    H        9.332244495    13.597974217     7.419827942
 116    H       10.450988778    14.680719505    10.391805545
 117    H        4.041453067    13.101311479     2.820053127
 118    H        2.086590925    14.381442006     1.998479642
 119    H        5.873678448    13.206884742    -1.099630029
 120    H        5.276396536    14.220888724    -3.494257068
 121    H        4.230205410    15.381094331    -5.442165673
 122    H        2.051866058    16.511758962    -5.214202929
 123    H        0.828542130    16.523986095    -3.056395644
 124    H       -0.024088666    16.037023397    -0.903299811
 125    H        0.356456537    15.341569541     0.678957872
 126    H        2.097624532    17.193150833     1.067880149
 127    H        1.718939651    17.884840523    -0.504120291
 128    H       -0.718498298    18.187404719     0.216014351
 129    H       -0.339552843    17.496126234     1.788572535
 130    H        1.389670792    19.336618365     2.179887567
 131    H        1.010028171    20.027516742     0.608444257
 132    H       -1.424309365    20.326930144     1.328336279
 133    H       -1.044470466    19.636311934     2.899908090
 134    H        0.684462103    21.477437181     3.290853516
 135    H        0.304285565    22.168045556     1.719537920
 136    H       -2.129386089    22.467746804     2.440146297
 137    H       -1.749116449    21.777304273     4.011541672
 138    H       -0.020781844    23.619735107     4.402649641
 139    H       -0.401136969    24.310131782     2.831525737
 140    H       -2.834535488    24.613406092     3.554052343
 141    H       -2.454179179    23.923181329     5.125000998
 142    H       -2.374344209    26.435055914     5.226193871
 143    H       -0.762984954    25.790515563     5.540092029
 144    H       -1.144971159    26.483640478     3.962582997


           Empirical Formula: C60 H76 N2 O4 S2  =   144 atoms



      MOLECULAR POINT GROUP   :   C1  


                  EIGENVALUES  
 -39.84733 -39.15119 -39.05039 -37.89952 -37.44436 -36.96027 -36.57572 -36.32954
 -36.17230 -36.06317 -35.74224 -35.51080 -35.25959 -34.85721 -34.59994 -34.47682
 -34.32095 -33.21095 -32.73930 -32.38638 -32.20475 -31.48839 -30.95893 -30.60566
 -30.00448 -29.88417 -29.51999 -29.46664 -28.66038 -28.08693 -27.89821 -27.12297
 -26.87343 -26.66096 -26.19311 -25.22129 -24.82984 -24.58383 -24.27720 -23.94262
 -23.31834 -23.15481 -23.02544 -22.65418 -22.47389 -22.30988 -21.72470 -21.61340
 -21.59604 -21.55292 -21.41489 -21.33822 -21.17317 -21.01122 -20.94326 -20.86309
 -20.79901 -20.75148 -20.69618 -20.63229 -20.19035 -19.23460 -18.65500 -18.52560
 -18.29125 -18.19929 -17.97707 -17.78647 -17.42093 -17.28190 -16.96647 -16.86817
 -16.70315 -16.65519 -16.52204 -16.42548 -16.33284 -16.25157 -16.12967 -16.01180
 -15.97967 -15.94453 -15.72852 -15.60957 -15.51131 -15.46336 -15.29851 -15.18116
 -15.05876 -15.00004 -14.93879 -14.91065 -14.86513 -14.85712 -14.81584 -14.75975
 -14.67618 -14.66198 -14.61274 -14.58630 -14.54671 -14.52065 -14.45262 -14.41930
 -14.25616 -14.23668 -14.19796 -14.01206 -13.99682 -13.87164 -13.84429 -13.78076
 -13.76158 -13.67848 -13.59332 -13.55629 -13.51938 -13.41616 -13.36437 -13.30734
 -13.14948 -13.13030 -13.09576 -12.99693 -12.95908 -12.86350 -12.83189 -12.76110
 -12.73086 -12.66595 -12.58624 -12.53746 -12.52538 -12.50983 -12.46684 -12.45673
 -12.39824 -12.29264 -12.23500 -12.16178 -12.14890 -12.08105 -11.98560 -11.97633
 -11.97472 -11.93423 -11.91216 -11.88506 -11.80289 -11.77391 -11.72173 -11.69205
 -11.63215 -11.61325 -11.52484 -11.49865 -11.41354 -11.39861 -11.36621 -11.30843
 -11.25803 -11.22617 -11.21384 -11.20713 -11.17767 -11.08332 -11.04670 -11.04191
 -10.97424 -10.94663 -10.80615 -10.55502 -10.38070 -10.15330  -9.96166  -9.61072
  -9.36022  -8.66725  -8.59749  -8.48380  -8.07984  -1.45765  -0.65616  -0.27978
  -0.07037   0.18761   0.65722   0.73245   0.75352   0.89020   1.00804   1.07247
   1.25826   1.29728   1.34076   1.50676   1.59995   1.72394   2.07232   2.37562
   2.43408   2.47643   2.82869   2.89437   2.89947   3.14558   3.16878   3.35587
   3.45354   3.57475   3.66728   3.69221   3.70674   3.73308   3.75344   3.80632
   3.81108   3.82853   3.86264   3.90883   3.91113   3.91891   3.92931   3.98561
   3.99721   4.01952   4.02630   4.05900   4.06506   4.07497   4.07958   4.11821
   4.18350   4.19070   4.20336   4.21699   4.22554   4.24209   4.24517   4.25947
   4.26981   4.27786   4.29893   4.31201   4.33864   4.37785   4.38809   4.39570
   4.40709   4.41575   4.44218   4.46952   4.50266   4.50393   4.50567   4.54274
   4.55488   4.55996   4.57052   4.59838   4.60680   4.63176   4.65055   4.66814
   4.69646   4.72795   4.73558   4.74556   4.75397   4.77082   4.78165   4.81168
   4.81600   4.83109   4.86033   4.87815   4.89197   4.92476   4.92708   4.92906
   4.93491   4.94474   4.95615   4.95781   4.98237   4.98946   4.99884   5.00933
   5.01882   5.02699   5.06098   5.08708   5.09930   5.10322   5.11119   5.12231
   5.12806   5.16175   5.17255   5.17666   5.18673   5.21570   5.21781   5.22734
   5.25950   5.26605   5.26839   5.27484   5.27742   5.29776   5.32097   5.32227
   5.32892   5.35510   5.36680   5.38680   5.38779   5.39057   5.40793   5.41049
   5.41151   5.42549   5.46634   5.48045   5.48182   5.52462   5.55576   5.56519
   5.57050   5.57765   5.62134   5.64276   5.66080   5.66387   5.70975   5.74024
   5.79796   5.83038   5.86677   5.90787   6.02978   6.09988   6.22025   6.25248
   6.38389   6.47605   6.55607   6.60640


              NET ATOMIC CHARGES AND DIPOLE CONTRIBUTIONS

  ATOM NO.   TYPE          CHARGE      No. of ELECS.   s-Pop       p-Pop
   42          O          -0.354329        6.3543     1.90994     4.44439
   41          C           0.402977        3.5970     1.17965     2.41737  
   43          O          -0.336442        6.3364     1.83956     4.49688
  116          H           0.246666        0.7533     0.75333
   44          C           0.041140        3.9589     1.19731     2.76155
   45          N          -0.140621        5.1406     1.84814     3.29248
    1          C          -0.176948        4.1769     1.15574     3.02121
    2          C          -0.112414        4.1124     1.16681     2.94560
    3          C          -0.122773        4.1228     1.17074     2.95203
    4          C          -0.123578        4.1236     1.17073     2.95285
    5          C          -0.123290        4.1233     1.17072     2.95257
    6          C          -0.123397        4.1234     1.17075     2.95265
    7          C          -0.123503        4.1235     1.17073     2.95277
    8          C          -0.116115        4.1161     1.16883     2.94729
    9          C          -0.174051        4.1741     1.17880     2.99525
   10          C           0.035411        3.9646     1.17970     2.78489
   11          O          -0.232918        6.2329     1.86531     4.36761
   12          C           0.064290        3.9357     1.16507     2.77064
   13          C          -0.110697        4.1107     1.17963     2.93107
   14          C           0.021623        3.9784     1.14641     2.83196
   15          C          -0.285431        4.2854     1.21252     3.07291
   16          S           0.431602        5.5684     1.88747     3.68093
   17          C          -0.243462        4.2435     1.21383     3.02963
   18          C          -0.111638        4.1116     1.17620     2.93544
   19          C          -0.002373        4.0024     1.15307     2.84930
   20          C          -0.033427        4.0334     1.15398     2.87945
   21          C          -0.292181        4.2922     1.21871     3.07347
   22          C           0.060512        3.9395     1.14396     2.79553
   23          C          -0.215995        4.2160     1.17456     3.04144
   24          C           0.119715        3.8803     1.17107     2.70922
   25          O          -0.228332        6.2283     1.85941     4.36893
   26          C           0.031609        3.9684     1.18192     2.78647
   27          C          -0.137396        4.1374     1.17319     2.96420
   28          C          -0.123629        4.1236     1.17001     2.95362
   29          C          -0.121855        4.1219     1.17053     2.95132
   30          C          -0.124173        4.1242     1.17081     2.95336
   31          C          -0.122868        4.1229     1.17068     2.95219
   32          C          -0.123913        4.1239     1.17075     2.95317
   33          C          -0.122566        4.1226     1.17073     2.95184
   34          C          -0.112578        4.1126     1.16682     2.94576
   35          C          -0.176877        4.1769     1.15574     3.02114
   36          S           0.539321        5.4607     1.88468     3.57600
   37          C          -0.417189        4.4172     1.21950     3.19769
   38          C          -0.010066        4.0101     1.18161     2.82846
   39          C           0.152227        3.8478     1.17030     2.67747
   40          C          -0.157961        4.1580     1.14172     3.01625
   46          C          -0.055118        4.0551     1.14908     2.90604
   47          C          -0.046104        4.0461     1.17650     2.86961
   48          C          -0.171229        4.1712     1.17054     3.00068
   49          C           0.120844        3.8792     1.15348     2.72568
   50          C          -0.090750        4.0908     1.15892     2.93183
   51          C          -0.029889        4.0299     1.16937     2.86052
   52          C          -0.092102        4.0921     1.15908     2.93302
   53          C          -0.034658        4.0347     1.16962     2.86504
   54          C          -0.156860        4.1569     1.17827     2.97859
   55          C          -0.053130        4.0531     1.17655     2.87658
   56          C          -0.167679        4.1677     1.17062     2.99706
   57          C           0.113910        3.8861     1.15343     2.73266
   58          N          -0.286763        5.2868     1.51995     3.76681
   59          C           0.062452        3.9375     1.15779     2.77975
   60          C          -0.169535        4.1695     1.17990     2.98963
   61          C          -0.118727        4.1187     1.16951     2.94922
   62          C          -0.123371        4.1234     1.17070     2.95267
   63          C          -0.123461        4.1235     1.17077     2.95269
   64          C          -0.123344        4.1233     1.17072     2.95263
   65          C          -0.123542        4.1235     1.17072     2.95282
   66          C          -0.122856        4.1229     1.17075     2.95211
   67          C          -0.112299        4.1123     1.16679     2.94551
   68          C          -0.177237        4.1772     1.15574     3.02150
   69          H           0.055372        0.9446     0.94463
   70          H           0.057397        0.9426     0.94260
   71          H           0.057432        0.9426     0.94257
   72          H           0.059588        0.9404     0.94041
   73          H           0.059589        0.9404     0.94041
   74          H           0.062074        0.9379     0.93793
   75          H           0.062023        0.9380     0.93798
   76          H           0.061627        0.9384     0.93837
   77          H           0.061626        0.9384     0.93837
   78          H           0.062195        0.9378     0.93780
   79          H           0.062200        0.9378     0.93780
   80          H           0.062014        0.9380     0.93799
   81          H           0.062026        0.9380     0.93797
   82          H           0.063481        0.9365     0.93652
   83          H           0.063589        0.9364     0.93641
   84          H           0.062684        0.9373     0.93732
   85          H           0.062930        0.9371     0.93707
   86          H           0.078110        0.9219     0.92189
   87          H           0.074381        0.9256     0.92562
   88          H           0.070565        0.9294     0.92944
   89          H           0.082840        0.9172     0.91716
   90          H           0.133205        0.8668     0.86679
   91          H           0.129716        0.8703     0.87028
   92          H           0.131338        0.8687     0.86866
   93          H           0.064056        0.9359     0.93594
   94          H           0.059706        0.9403     0.94029
   95          H           0.079051        0.9209     0.92095
   96          H           0.083408        0.9166     0.91659
   97          H           0.065507        0.9345     0.93449
   98          H           0.065385        0.9346     0.93461
   99          H           0.063200        0.9368     0.93680
  100          H           0.064111        0.9359     0.93589
  101          H           0.063280        0.9367     0.93672
  102          H           0.063263        0.9367     0.93674
  103          H           0.061687        0.9383     0.93831
  104          H           0.061973        0.9380     0.93803
  105          H           0.062258        0.9377     0.93774
  106          H           0.062249        0.9378     0.93775
  107          H           0.061735        0.9383     0.93827
  108          H           0.061845        0.9382     0.93815
  109          H           0.059904        0.9401     0.94010
  110          H           0.059895        0.9401     0.94010
  111          H           0.055447        0.9446     0.94455
  112          H           0.057260        0.9427     0.94274
  113          H           0.057311        0.9427     0.94269
  114          H           0.127947        0.8721     0.87205
  115          H           0.128684        0.8713     0.87132
  117          H           0.107917        0.8921     0.89208
  118          H           0.119498        0.8805     0.88050
  119          H           0.116693        0.8833     0.88331
  120          H           0.108620        0.8914     0.89138
  121          H           0.109178        0.8908     0.89082
  122          H           0.101500        0.8985     0.89850
  123          H           0.117228        0.8828     0.88277
  124          H           0.079017        0.9210     0.92098
  125          H           0.077674        0.9223     0.92233
  126          H           0.080283        0.9197     0.91972
  127          H           0.081661        0.9183     0.91834
  128          H           0.062799        0.9372     0.93720
  129          H           0.062258        0.9377     0.93774
  130          H           0.064437        0.9356     0.93556
  131          H           0.065132        0.9349     0.93487
  132          H           0.062320        0.9377     0.93768
  133          H           0.062003        0.9380     0.93800
  134          H           0.062416        0.9376     0.93758
  135          H           0.062792        0.9372     0.93721
  136          H           0.061827        0.9382     0.93817
  137          H           0.061641        0.9384     0.93836
  138          H           0.062193        0.9378     0.93781
  139          H           0.062396        0.9376     0.93760
  140          H           0.059697        0.9403     0.94030
  141          H           0.059585        0.9404     0.94041
  142          H           0.055964        0.9440     0.94404
  143          H           0.057671        0.9423     0.94233
  144          H           0.057777        0.9422     0.94222
 DIPOLE           X         Y         Z       TOTAL
 POINT-CHG.    -4.157    -0.012    -3.617     5.511
 HYBRID        -1.430     2.633     1.977     3.590
 SUM           -5.587     2.621    -1.640     6.386


          ATOMIC ORBITAL ELECTRON POPULATIONS

     Atom    s        px        py        pz   
    1  C   1.15574   0.96543   1.02722   1.02856
    2  C   1.16681   0.95199   0.96776   1.02585
    3  C   1.17074   0.95377   0.96907   1.02919
    4  C   1.17073   0.95634   0.96806   1.02845
    5  C   1.17072   0.95367   0.96974   1.02916
    6  C   1.17075   0.95695   0.96684   1.02886
    7  C   1.17073   0.95072   0.97128   1.03077
    8  C   1.16883   0.96002   0.95822   1.02905
    9  C   1.17880   0.96459   0.98433   1.04633
   10  C   1.17970   0.92667   0.82794   1.03027
   11  O   1.86531   1.78850   1.22464   1.35446
   12  C   1.16507   0.94764   0.94459   0.87841
   13  C   1.17963   0.98486   0.95708   0.98913
   14  C   1.14641   0.94576   0.94310   0.94310
   15  C   1.21252   1.03635   1.02199   1.01456
   16  S   1.88747   1.25539   1.25284   1.17269
   17  C   1.21383   1.01656   1.01625   0.99682
   18  C   1.17620   0.96482   1.00016   0.97045
   19  C   1.15307   0.95988   0.95463   0.93478
   20  C   1.15398   0.96883   0.95965   0.95097
   21  C   1.21871   1.03053   1.01886   1.02408
   22  C   1.14396   0.94647   0.93003   0.91903
   23  C   1.17456   1.03587   1.00116   1.00441
   24  C   1.17107   0.89382   0.88352   0.93188
   25  O   1.85941   1.35758   1.44029   1.57105
   26  C   1.18192   0.86514   0.99924   0.92209
   27  C   1.17319   0.96358   0.99004   1.01058
   28  C   1.17001   0.96084   0.99981   0.99296
   29  C   1.17053   0.96500   0.98871   0.99761
   30  C   1.17081   0.96366   0.99470   0.99500
   31  C   1.17068   0.96517   0.99108   0.99594
   32  C   1.17075   0.96453   0.99338   0.99525
   33  C   1.17073   0.96469   0.99160   0.99555
   34  C   1.16682   0.96408   0.98898   0.99270
   35  C   1.15574   1.00265   0.99551   1.02298
   36  S   1.88468   1.28459   1.21959   1.07181
   37  C   1.21950   1.08370   1.08653   1.02747
   38  C   1.18161   0.94523   0.96767   0.91556
   39  C   1.17030   0.88958   0.92050   0.86739
   40  C   1.14172   1.03330   0.99566   0.98728
   41  C   1.17965   0.78178   0.78308   0.85252
   42  O   1.90994   1.35768   1.69754   1.38917
   43  O   1.83956   1.59664   1.43478   1.46546
   44  C   1.19731   0.91888   0.91757   0.92510
   45  N   1.84814   1.09556   1.11182   1.08510
   46  C   1.14908   0.94215   1.02420   0.93969
   47  C   1.17650   0.92859   0.95802   0.98300
   48  C   1.17054   1.00778   1.04972   0.94318
   49  C   1.15348   0.86308   0.94546   0.91713
   50  C   1.15892   0.95726   1.04125   0.93332
   51  C   1.16937   0.96381   0.95568   0.94103
   52  C   1.15908   0.95537   1.03802   0.93963
   53  C   1.16962   0.97857   0.96718   0.91929
   54  C   1.17827   0.97233   1.01739   0.98886
   55  C   1.17655   0.94636   0.96973   0.96048
   56  C   1.17062   1.01218   1.05045   0.93444
   57  C   1.15343   0.92138   0.97024   0.84104
   58  N   1.51995   1.22818   1.45506   1.08356
   59  C   1.15779   0.87458   0.91579   0.98938
   60  C   1.17990   0.99558   0.96135   1.03271
   61  C   1.16951   0.97275   0.96606   1.01041
   62  C   1.17070   0.98328   0.95499   1.01439
   63  C   1.17077   0.97819   0.96297   1.01154
   64  C   1.17072   0.98178   0.95840   1.01244
   65  C   1.17072   0.97929   0.96214   1.01140
   66  C   1.17075   0.98106   0.95885   1.01219
   67  C   1.16679   0.97746   0.95874   1.00930
   68  C   1.15574   1.02347   0.97631   1.02171
   69  H   0.94463
   70  H   0.94260
   71  H   0.94257
   72  H   0.94041
   73  H   0.94041
   74  H   0.93793
   75  H   0.93798
   76  H   0.93837
   77  H   0.93837
   78  H   0.93780
   79  H   0.93780
   80  H   0.93799
   81  H   0.93797
   82  H   0.93652
   83  H   0.93641
   84  H   0.93732
   85  H   0.93707
   86  H   0.92189
   87  H   0.92562
   88  H   0.92944
   89  H   0.91716
   90  H   0.86679
   91  H   0.87028
   92  H   0.86866
   93  H   0.93594
   94  H   0.94029
   95  H   0.92095
   96  H   0.91659
   97  H   0.93449
   98  H   0.93461
   99  H   0.93680
  100  H   0.93589
  101  H   0.93672
  102  H   0.93674
  103  H   0.93831
  104  H   0.93803
  105  H   0.93774
  106  H   0.93775
  107  H   0.93827
  108  H   0.93815
  109  H   0.94010
  110  H   0.94010
  111  H   0.94455
  112  H   0.94274
  113  H   0.94269
  114  H   0.87205
  115  H   0.87132
  116  H   0.75333
  117  H   0.89208
  118  H   0.88050
  119  H   0.88331
  120  H   0.89138
  121  H   0.89082
  122  H   0.89850
  123  H   0.88277
  124  H   0.92098
  125  H   0.92233
  126  H   0.91972
  127  H   0.91834
  128  H   0.93720
  129  H   0.93774
  130  H   0.93556
  131  H   0.93487
  132  H   0.93768
  133  H   0.93800
  134  H   0.93758
  135  H   0.93721
  136  H   0.93817
  137  H   0.93836
  138  H   0.93781
  139  H   0.93760
  140  H   0.94030
  141  H   0.94041
  142  H   0.94404
  143  H   0.94233
  144  H   0.94222
 ******************** TDHF POLARIZABILITIES ********************



          MOLECULAR WEIGHT =  953.39



          ROTATIONAL CONSTANTS IN CM(-1)

          A =    0.00076270   B =    0.00027189   C =    0.00022309



           PRINCIPAL MOMENTS OF INERTIA IN UNITS OF 10**(-40)*GRAM-CM**2

          A =    36701.9866   B =   102956.4308   C =   125479.1907


 ROTATION MATRIX FOR ORIENTATION OF MOLECULE:

         0.683484    0.549022   -0.481067
        -0.723242    0.598567   -0.344438
         0.098847    0.583346    0.806187


          CARTESIAN COORDINATES 

    NO.       ATOM         X         Y         Z

     1         C        2.3446  -11.9013    5.5289
     2         C        3.3835  -11.0668    4.7977
     3         C        2.7212   -9.9151    4.0455
     4         C        3.7640   -9.0766    3.3101
     5         C        3.1002   -7.9247    2.5589
     6         C        4.1432   -7.0868    1.8227
     7         C        3.4789   -5.9346    1.0721
     8         C        4.5221   -5.0971    0.3358
     9         C        3.8569   -3.9483   -0.4156
    10         C        4.9172   -3.1144   -1.1398
    11         O        4.3088   -2.1624   -1.9862
    12         C        3.6807   -1.1521   -1.3125
    13         C        2.3122   -1.1528   -1.2232
    14         C        1.6521   -0.0500   -0.6354
    15         C        0.2377   -0.0072   -0.5288
    16         S       -0.8633   -1.2041   -1.0643
    17         C       -2.2135   -0.2755   -0.5224
    18         C       -1.8475    0.9024    0.0518
    19         C       -0.4219    1.0665    0.0508
    20         C        0.3328    2.1509    0.5486
    21         C        1.7207    2.1235    0.4501
    22         C        2.4058    1.0280   -0.1413
    23         C        3.8163    1.0181   -0.2337
    24         C        4.4454   -0.0564   -0.8164
    25         O        5.7848   -0.2227   -0.9628
    26         C        6.6042    0.9118   -0.7440
    27         C        8.0000    0.4620   -1.1919
    28         C        8.9943    1.6021   -0.9899
    29         C       10.3927    1.1754   -1.4311
    30         C       11.3918    2.3128   -1.2306
    31         C       12.7904    1.8869   -1.6719
    32         C       13.7901    3.0237   -1.4712
    33         C       15.1885    2.5982   -1.9124
    34         C       16.1892    3.7336   -1.7123
    35         C       17.5810    3.3092   -2.1517
    36         S        2.4255    3.5230    1.1084
    37         C        0.8968    4.1754    1.5275
    38         C       -0.1384    3.3440    1.1738
    39         C        0.6817    5.4380    2.1705
    40         C        1.6424    6.2976    2.5668
    41         C        1.3547    7.5808    3.2231
    42         O        2.1632    8.4058    3.6162
    43         O        0.0352    7.8321    3.3883
    44         C        3.0288    6.0538    2.3928
    45         N        4.1655    5.8819    2.2643
    46         C       -3.5649   -0.7608   -0.6738
    47         C       -4.4470   -0.6401    0.4109
    48         C       -5.7580   -1.0796    0.3306
    49         C       -6.1726   -1.6475   -0.8718
    50         C       -5.2865   -1.7613   -1.9787
    51         C       -3.9787   -1.3228   -1.8788
    52         C       -6.0316   -2.3627   -3.0557
    53         C       -5.6929   -2.7051   -4.3545
    54         C       -6.6694   -3.2692   -5.1620
    55         C       -7.9642   -3.4896   -4.6821
    56         C       -8.3273   -3.1607   -3.3850
    57         C       -7.3467   -2.5987   -2.5722
    58         N       -7.4110   -2.2299   -1.2097
    59         C       -8.6510   -2.0168   -0.4687
    60         C       -9.2729   -0.6464   -0.7754
    61         C      -10.5627   -0.4678    0.0198
    62         C      -11.1916    0.8919   -0.2769
    63         C      -12.4827    1.0745    0.5179
    64         C      -13.1118    2.4339    0.2210
    65         C      -14.4029    2.6173    1.0156
    66         C      -15.0320    3.9765    0.7186
    67         C      -16.3229    4.1616    1.5124
    68         C      -16.9484    5.5148    1.2160
    69         H        2.8030  -12.7367    6.0776
    70         H        1.7803  -11.3123    6.2662
    71         H        1.6063  -12.3422    4.8436
    72         H        4.1376  -10.6803    5.5156
    73         H        3.9639  -11.7056    4.0987
    74         H        1.9660  -10.3069    3.3318
    75         H        2.1405   -9.2813    4.7486
    76         H        4.5192   -8.6867    4.0251
    77         H        4.3441   -9.7120    2.6078
    78         H        2.3445   -8.3149    1.8447
    79         H        2.5206   -7.2891    3.2615
    80         H        4.8990   -6.6971    2.5370
    81         H        4.7223   -7.7224    1.1198
    82         H        2.7231   -6.3241    0.3577
    83         H        2.9000   -5.2989    1.7750
    84         H        5.2770   -4.7052    1.0502
    85         H        5.1018   -5.7330   -0.3667
    86         H        3.1085   -4.3325   -1.1404
    87         H        3.2727   -3.3106    0.2809
    88         H        5.6384   -2.6620   -0.4242
    89         H        5.5119   -3.7197   -1.8569
    90         H        1.7367   -1.9972   -1.6164
    91         H       -2.5305    1.6450    0.4551
    92         H        4.3707    1.8715    0.1640
    93         H        6.2562    1.7938   -1.3277
    94         H        6.5975    1.2045    0.3303
    95         H        8.3149   -0.4415   -0.6283
    96         H        7.9784    0.1382   -2.2540
    97         H        8.6705    2.5032   -1.5529
    98         H        9.0062    1.9227    0.0734
    99         H       10.7161    0.2737   -0.8692
   100         H       10.3806    0.8548   -2.4944
   101         H       11.0680    3.2145   -1.7923
   102         H       11.4036    2.6334   -0.1674
   103         H       13.1142    0.9850   -1.1104
   104         H       12.7788    1.5667   -2.7352
   105         H       13.4665    3.9257   -2.0325
   106         H       13.8020    3.3440   -0.4079
   107         H       15.5140    1.6967   -1.3514
   108         H       15.1786    2.2785   -2.9759
   109         H       15.8701    4.6373   -2.2736
   110         H       16.2054    4.0555   -0.6494
   111         H       18.3169    4.1149   -2.0150
   112         H       17.9522    2.4442   -1.5833
   113         H       17.6154    3.0285   -3.2142
   114         H       -1.1950    3.5472    1.3382
   115         H       -0.3782    5.6900    2.3376
   116         H       -0.1028    8.6860    3.8224
   117         H       -4.0898   -0.1953    1.3456
   118         H       -6.4330   -0.9816    1.1827
   119         H       -3.3013   -1.4127   -2.7322
   120         H       -4.6796   -2.5306   -4.7247
   121         H       -6.4263   -3.5468   -6.1914
   122         H       -8.7104   -3.9330   -5.3491
   123         H       -9.3421   -3.3386   -3.0252
   124         H       -9.3598   -2.8422   -0.7115
   125         H       -8.4403   -2.1265    0.6205
   126         H       -8.5510    0.1646   -0.5413
   127         H       -9.4654   -0.5463   -1.8647
   128         H      -11.2790   -1.2833   -0.2158
   129         H      -10.3646   -0.5717    1.1078
   130         H      -10.4752    1.7076   -0.0425
   131         H      -11.3897    0.9960   -1.3647
   132         H      -13.1989    0.2587    0.2836
   133         H      -12.2844    0.9706    1.6057
   134         H      -12.3957    3.2499    0.4550
   135         H      -13.3103    2.5379   -0.8668
   136         H      -15.1192    1.8016    0.7817
   137         H      -14.2046    2.5137    2.1034
   138         H      -14.3172    4.7936    0.9527
   139         H      -15.2318    4.0815   -0.3687
   140         H      -17.0429    3.3485    1.2799
   141         H      -16.1285    4.0606    2.6012
   142         H      -17.8806    5.6670    1.7791
   143         H      -16.2821    6.3490    1.4790
   144         H      -17.2004    5.6339    0.1523


 ENERGY OF "REORIENTED" SYSTEM WITHOUT FIELD:     -125.5309128327


  NFREQ=  3  IWFLB=  0  IBET=  1  IGAM=  1
  ATOL= 0.10000D-02  BTOL= 0.10000D-02    MAXITU=  500    MAXITA=  150


 *****************************************************************
 CALCULATION OF STATIC FIELD QUANTITIES
 *****************************************************************

 +++++ ALPHA AT       0.00000 EV.

                           COMPONENTS OF ALPHA

                     *X           *Y           *Z
           *=X:     845.9788      99.9104      26.9942
           *=Y:      99.9090     630.1205     185.0915
           *=Z:      27.0054     185.1050     467.9524

  ISOTROPIC AVERAGE ALPHA =     648.01724 A.U. =     96.02625 ANG.**3

 +++++ BETA (SECOND HARMONIC GENERATION) AT       0.00000 EV.

                              COMPONENTS OF BETA
            *XX         *XY         *YY         *XZ         *YZ         *ZZ
   *=X -1724.23690 -1269.35075  -414.42361 -1029.57579  -266.16364    23.62819
   *=Y -1269.21808  -413.89898 -4012.90061  -265.96780 -1904.45513  -746.68654
   *=Z -1029.45545  -265.93340 -1904.76403    23.66492  -746.84643   -46.91344


 AVERAGE BETAX(SHG) VALUE AT   0.00000 EV =      -1268.7948 a.u. = -0.109616E-28 ESU
 AVERAGE BETAY(SHG) VALUE AT   0.00000 EV =      -3617.4002 a.u. = -0.312522E-28 ESU
 AVERAGE BETAZ(SHG) VALUE AT   0.00000 EV =      -1788.6043 a.u. = -0.154525E-28 ESU



 AVERAGE BETA (SHG) VALUE AT   0.00000 EV =       4230.1926 a.u. =  0.365464E-28 ESU
   (1 a.u. = 8.639418X10-33 esu)



 +++++ ALPHA AT       0.00000 EV.

                           COMPONENTS OF ALPHA

                     *X           *Y           *Z
           *=X:     845.9788      99.9104      26.9942
           *=Y:      99.9089     630.1205     185.0915
           *=Z:      27.0054     185.1050     467.9524

  ISOTROPIC AVERAGE ALPHA =     648.01724 A.U. =     96.02625 ANG.**3


 GAMMA (THIRD HARMONIC GENERATION) AT    0.00000 EV.


 GAMMA(X,X,X,X) =       1399478.69000
 GAMMA(Y,Y,Y,Y) =        842613.85775
 GAMMA(Z,Z,Z,Z) =         91655.78758
 GAMMA(X,X,Y,Y) =        166793.59722
 GAMMA(X,X,Z,Z) =         71755.11588
 GAMMA(Y,Y,X,X) =        166793.90619
 GAMMA(Y,Y,Z,Z) =        206313.31367
 GAMMA(Z,Z,X,X) =         71754.95887
 GAMMA(Z,Z,Y,Y) =        206313.83065


 AVERAGE GAMMA VALUE AT    0.00000 =        644694.61156 a.u. =       324713.50133 ESU (X10-39)




 **********************************************************************
 CALCULATION FOR A FREQUENCY OF    0.25000 EV  =       0.00919 A.U. 
                  WAVELENGTH OF    4959.37 NM  =    2016.38525 CM(-1)
 **********************************************************************

 +++++ ALPHA AT       0.25000 EV.

                           COMPONENTS OF ALPHA

                     *X           *Y           *Z
           *=X:     848.2399     100.5293      27.3279
           *=Y:     100.5265     631.8881     185.8858
           *=Z:      27.3379     185.8990     468.7836

  ISOTROPIC AVERAGE ALPHA =     649.63719 A.U. =     96.26630 ANG.**3

 +++++ BETA (SECOND HARMONIC GENERATION) AT       0.25000 EV.

                              COMPONENTS OF BETA
            *XX         *XY         *YY         *XZ         *YZ         *ZZ
   *=X -1794.96988 -1317.65770  -462.37408 -1066.32867  -290.71099    19.20552
   *=Y -1313.55600  -441.79224 -4204.36038  -283.50840 -1995.52290  -785.27507
   *=Z -1062.28857  -282.40851 -1995.56197    17.64073  -787.06346   -59.33094


 AVERAGE BETAX(SHG) VALUE AT   0.25000 EV =      -1335.2762 a.u. = -0.115360E-28 ESU
 AVERAGE BETAY(SHG) VALUE AT   0.25000 EV =      -3784.2709 a.u. = -0.326939E-28 ESU
 AVERAGE BETAZ(SHG) VALUE AT   0.25000 EV =      -1871.9093 a.u. = -0.161722E-28 ESU



 AVERAGE BETA (SHG) VALUE AT   0.25000 EV =       4428.0598 a.u. =  0.382559E-28 ESU
   (1 a.u. = 8.639418X10-33 esu)



 +++++ ALPHA AT       0.75000 EV.

                           COMPONENTS OF ALPHA

                     *X           *Y           *Z
           *=X:     867.2617     105.8655      30.2035
           *=Y:     105.8626     646.8698     192.6510
           *=Z:      30.2109     192.6615     475.7009

  ISOTROPIC AVERAGE ALPHA =     663.27745 A.U. =     98.28758 ANG.**3


 GAMMA (THIRD HARMONIC GENERATION) AT    0.25000 EV.


 GAMMA(X,X,X,X) =       1523345.03476
 GAMMA(Y,Y,Y,Y) =        934505.59266
 GAMMA(Z,Z,Z,Z) =         98780.76371
 GAMMA(X,X,Y,Y) =        183278.92475
 GAMMA(X,X,Z,Z) =         77852.01680
 GAMMA(Y,Y,X,X) =        185045.64327
 GAMMA(Y,Y,Z,Z) =        228258.29110
 GAMMA(Z,Z,X,X) =         78526.88973
 GAMMA(Z,Z,Y,Y) =        227903.67542


 AVERAGE GAMMA VALUE AT    0.25000 =        707499.36644 a.u. =       356346.38842 ESU (X10-39)




 **********************************************************************
 CALCULATION FOR A FREQUENCY OF    0.50000 EV  =       0.01837 A.U. 
                  WAVELENGTH OF    2479.68 NM  =    4032.77050 CM(-1)
 **********************************************************************

 +++++ ALPHA AT       0.50000 EV.

                           COMPONENTS OF ALPHA

                     *X           *Y           *Z
           *=X:     855.1720     102.4444      28.3604
           *=Y:     102.4409     637.3219     188.3335
           *=Z:      28.3688     188.3455     471.3198

  ISOTROPIC AVERAGE ALPHA =     654.60458 A.U. =     97.00239 ANG.**3

 +++++ BETA (SECOND HARMONIC GENERATION) AT       0.50000 EV.

                              COMPONENTS OF BETA
            *XX         *XY         *YY         *XZ         *YZ         *ZZ
   *=X -2033.96060 -1483.39072  -643.48545 -1192.56643  -382.39008     1.46062
   *=Y -1461.45070  -540.82187 -4881.01394  -346.32354 -2317.37979  -922.00338
   *=Z -1171.71087  -340.33970 -2316.04304    -4.85601  -929.94886  -105.23600


 AVERAGE BETAX(SHG) VALUE AT   0.50000 EV =      -1567.0525 a.u. = -0.135384E-28 ESU
 AVERAGE BETAY(SHG) VALUE AT   0.50000 EV =      -4370.6350 a.u. = -0.377597E-28 ESU
 AVERAGE BETAZ(SHG) VALUE AT   0.50000 EV =      -2164.6709 a.u. = -0.187015E-28 ESU



 AVERAGE BETA (SHG) VALUE AT   0.50000 EV =       5122.8804 a.u. =  0.442587E-28 ESU
   (1 a.u. = 8.639418X10-33 esu)



 +++++ ALPHA AT       1.50000 EV.

                           COMPONENTS OF ALPHA

                     *X           *Y           *Z
           *=X:     948.5325     132.1396      44.2003
           *=Y:     132.1324     713.9278     223.4081
           *=Z:      44.2120     223.4257     503.8934

  ISOTROPIC AVERAGE ALPHA =     722.11788 A.U. =    107.00683 ANG.**3


 GAMMA (THIRD HARMONIC GENERATION) AT    0.50000 EV.


 GAMMA(X,X,X,X) =       2049484.90051
 GAMMA(Y,Y,Y,Y) =       1349472.17948
 GAMMA(Z,Z,Z,Z) =        128577.95010
 GAMMA(X,X,Y,Y) =        252187.75353
 GAMMA(X,X,Z,Z) =        102889.91332
 GAMMA(Y,Y,X,X) =        268582.77151
 GAMMA(Y,Y,Z,Z) =        326792.27199
 GAMMA(Z,Z,X,X) =        107919.61424
 GAMMA(Z,Z,Y,Y) =        324340.02816


 AVERAGE GAMMA VALUE AT    0.50000 =        982049.47657 a.u. =       494629.11322 ESU (X10-39)



 **********************
 *                    *
 * JOB ENDED NORMALLY *
 *                    *
 **********************



 TOTAL JOB TIME:           572.91 SECONDS

 == MOPAC DONE ==
