 *******************************************************************************
 ** Site#: 4824         For non-commercial use only    Version 21.013L 64BITS **
 *******************************************************************************
 ** Cite this program as: MOPAC2016, Version: 21.013L, James J. P. Stewart,   **
 ** Stewart Computational Chemistry, web: HTTP://OpenMOPAC.net. Days left:  85**
 *******************************************************************************
 **                                                                           **
 **                                MOPAC2016                                  **
 **                                                                           **
 *******************************************************************************

                              RM1 CALCULATION RESULTS

 *******************************************************************************
 *  CALCULATION DONE:                                Wed Oct 20 23:28:43 2021  *
 *  RM1        - The RM1 Hamiltonian to be used
 *  POLAR      - CALCULATE FIRST, SECOND AND THIRD-ORDER POLARIZABILITIES
 *  PRECISE    - TIGHTER CRITERIA TO BE USED
 *  XYZ        - CARTESIAN COORDINATE SYSTEM TO BE USED
 *  T=         - A TIME OF 172800.0 SECONDS REQUESTED
 *  DUMP=N     - RESTART FILE WRITTEN EVERY 7200.0 SECONDS REQUESTED
 *  GNORM      - EXIT WHEN GRADIENT NORM DROPS BELOW 0.100
 *******************************************************************************
RM1 PRECISE POLAR XYZ GNORM=0.1


   ATOM   CHEMICAL          X               Y               Z
  NUMBER   SYMBOL      (ANGSTROMS)     (ANGSTROMS)     (ANGSTROMS)
 
     1       N         -0.40559742  *  -0.44936238  *   0.07916861  *
     2       C          0.73144388  *  -0.25993329  *   0.16845685  *
     3       C          2.12437667  *  -0.00978732  *   0.26413141  *
     4       C          3.04596497  *  -0.98393301  *   0.16767642  *
     5       C          2.69870140  *  -2.38636833  *   0.00659448  *
     6       C          3.36944224  *  -3.14194658  *  -0.95597060  *
     7       C          3.06157712  *  -4.48105036  *  -1.13128839  *
     8       C          2.07485882  *  -5.06737699  *  -0.32857981  *
     9       C          1.40964914  *  -4.31881656  *   0.64807502  *
    10       C          1.72946713  *  -2.97879870  *   0.81291595  *
    11       N          1.75535034  *  -6.42885217  *  -0.50553319  *
    12       C          1.48989530  *  -7.06427504  *  -1.73869838  *
    13       C          1.44941864  *  -6.53985410  *  -3.02509641  *
    14       C          1.14404571  *  -7.41380798  *  -4.05676979  *
    15       C          0.87307745  *  -8.77437850  *  -3.83900136  *
    16       C          0.89104660  *  -9.28121632  *  -2.54506353  *
    17       C          1.19428135  *  -8.42923593  *  -1.49453478  *
    18       C          1.27441501  *  -8.63596019  *  -0.06827440  *
    19       C          1.61922852  *  -7.39194802  *   0.51834671  *
    20       C          1.81288337  *  -7.27448372  *   1.88952772  *
    21       C          1.61980710  *  -8.41240165  *   2.65736505  *
    22       C          1.25478209  *  -9.64781420  *   2.09855548  *
    23       C          1.08953248  *  -9.75880004  *   0.72304169  *
    24       C          1.06041999  * -10.81327735  *   3.03357040  *
    25       C          0.67420997  * -12.10583899  *   2.31178599  *
    26       C          2.36752871  * -11.06966957  *   3.78895208  *
    27       C         -0.05920767  * -10.47330839  *   4.02143450  *
    28       C          0.56039560  *  -9.62998349  *  -5.03918967  *
    29       C          1.74533410  *  -9.58025984  *  -6.00813229  *
    30       C          0.30750101  * -11.09635173  *  -4.68343689  *
    31       C         -0.69850688  *  -9.08620772  *  -5.72035253  *
    32       C          2.55380298  *   1.38487181  *   0.44565747  *
    33       O          3.70670726  *   1.78940020  *   0.48625121  *
    34       O          1.53569136  *   2.25766525  *   0.57761894  *
    35       H          4.12042556  *  -0.74763669  *   0.19987861  *
    36       H          4.14135956  *  -2.67722220  *  -1.57866595  *
    37       H          3.60272975  *  -5.07334539  *  -1.87675812  *
    38       H          0.62492470  *  -4.77071295  *   1.26444716  *
    39       H          1.22011706  *  -2.39757898  *   1.58925117  *
    40       H          1.63031652  *  -5.48114021  *  -3.22148471  *
    41       H          1.11515115  *  -7.00211862  *  -5.07123625  *
    42       H          0.67373292  * -10.32462282  *  -2.30652668  *
    43       H          2.11973996  *  -6.33290602  *   2.34920786  *
    44       H          1.76674663  *  -8.31907072  *   3.73863182  *
    45       H          0.82080026  * -10.69266040  *   0.22455244  *
    46       H         -0.27384569  * -12.01521354  *   1.76260767  *
    47       H          1.44378062  * -12.43689276  *   1.59990109  *
    48       H          0.53559558  * -12.94092018  *   3.01543369  *
    49       H          2.66669083  * -10.23267969  *   4.43470685  *
    50       H          2.29714917  * -11.94795698  *   4.44737118  *
    51       H          3.20563682  * -11.25246282  *   3.10145905  *
    52       H         -0.99846488  * -10.23035758  *   3.50436880  *
    53       H         -0.27638427  * -11.31003505  *   4.70151553  *
    54       H          0.17640771  *  -9.61475715  *   4.66514429  *
    55       H          1.93299331  *  -8.57632295  *  -6.41303916  *
    56       H          2.67855729  *  -9.90537106  *  -5.52660886  *
    57       H          1.59192466  * -10.23254211  *  -6.88040376  *
    58       H         -0.55704055  * -11.22591378  *  -4.01678290  *
    59       H          0.09095604  * -11.70187686  *  -5.57684977  *
    60       H          1.17572476  * -11.56855249  *  -4.20202479  *
    61       H         -1.55425950  *  -9.05737862  *  -5.03081267  *
    62       H         -0.57448231  *  -8.06641415  *  -6.10974483  *
    63       H         -1.00097187  *  -9.70324418  *  -6.57916265  *
    64       H          1.86385006  *   3.16176824  *   0.69074789  *
 


          CARTESIAN COORDINATES 

    NO.       ATOM           X           Y           Z

     1         N         -0.4056     -0.4494      0.0792
     2         C          0.7314     -0.2599      0.1685
     3         C          2.1244     -0.0098      0.2641
     4         C          3.0460     -0.9839      0.1677
     5         C          2.6987     -2.3864      0.0066
     6         C          3.3694     -3.1419     -0.9560
     7         C          3.0616     -4.4811     -1.1313
     8         C          2.0749     -5.0674     -0.3286
     9         C          1.4096     -4.3188      0.6481
    10         C          1.7295     -2.9788      0.8129
    11         N          1.7554     -6.4289     -0.5055
    12         C          1.4899     -7.0643     -1.7387
    13         C          1.4494     -6.5399     -3.0251
    14         C          1.1440     -7.4138     -4.0568
    15         C          0.8731     -8.7744     -3.8390
    16         C          0.8910     -9.2812     -2.5451
    17         C          1.1943     -8.4292     -1.4945
    18         C          1.2744     -8.6360     -0.0683
    19         C          1.6192     -7.3919      0.5183
    20         C          1.8129     -7.2745      1.8895
    21         C          1.6198     -8.4124      2.6574
    22         C          1.2548     -9.6478      2.0986
    23         C          1.0895     -9.7588      0.7230
    24         C          1.0604    -10.8133      3.0336
    25         C          0.6742    -12.1058      2.3118
    26         C          2.3675    -11.0697      3.7890
    27         C         -0.0592    -10.4733      4.0214
    28         C          0.5604     -9.6300     -5.0392
    29         C          1.7453     -9.5803     -6.0081
    30         C          0.3075    -11.0964     -4.6834
    31         C         -0.6985     -9.0862     -5.7204
    32         C          2.5538      1.3849      0.4457
    33         O          3.7067      1.7894      0.4863
    34         O          1.5357      2.2577      0.5776
    35         H          4.1204     -0.7476      0.1999
    36         H          4.1414     -2.6772     -1.5787
    37         H          3.6027     -5.0733     -1.8768
    38         H          0.6249     -4.7707      1.2644
    39         H          1.2201     -2.3976      1.5893
    40         H          1.6303     -5.4811     -3.2215
    41         H          1.1152     -7.0021     -5.0712
    42         H          0.6737    -10.3246     -2.3065
    43         H          2.1197     -6.3329      2.3492
    44         H          1.7667     -8.3191      3.7386
    45         H          0.8208    -10.6927      0.2246
    46         H         -0.2738    -12.0152      1.7626
    47         H          1.4438    -12.4369      1.5999
    48         H          0.5356    -12.9409      3.0154
    49         H          2.6667    -10.2327      4.4347
    50         H          2.2971    -11.9480      4.4474
    51         H          3.2056    -11.2525      3.1015
    52         H         -0.9985    -10.2304      3.5044
    53         H         -0.2764    -11.3100      4.7015
    54         H          0.1764     -9.6148      4.6651
    55         H          1.9330     -8.5763     -6.4130
    56         H          2.6786     -9.9054     -5.5266
    57         H          1.5919    -10.2325     -6.8804
    58         H         -0.5570    -11.2259     -4.0168
    59         H          0.0910    -11.7019     -5.5768
    60         H          1.1757    -11.5686     -4.2020
    61         H         -1.5543     -9.0574     -5.0308
    62         H         -0.5745     -8.0664     -6.1097
    63         H         -1.0010     -9.7032     -6.5792
    64         H          1.8639      3.1618      0.6907

  H: (RM1): G.B. ROCHA, R.O. FREIRE, A.M.SIMAS, J.J.P. STEWART, J. COMP. CHEM. 27, 1101 (2006)
  C: (RM1): G.B. ROCHA, R.O. FREIRE, A.M.SIMAS, J.J.P. STEWART, J. COMP. CHEM. 27, 1101 (2006)
  N: (RM1): G.B. ROCHA, R.O. FREIRE, A.M.SIMAS, J.J.P. STEWART, J. COMP. CHEM. 27, 1101 (2006)
  O: (RM1): G.B. ROCHA, R.O. FREIRE, A.M.SIMAS, J.J.P. STEWART, J. COMP. CHEM. 27, 1101 (2006)

           Empirical Formula: C30 H30 N2 O2  =    64 atoms



      MOLECULAR POINT GROUP   :   C1  


      RHF CALCULATION, NO. OF DOUBLY OCCUPIED LEVELS = 86


          Geometry optimization using L-BFGS
 CYCLE:     1 TIME:   0.164 TIME LEFT:  2.00D  GRAD.:     0.102 HEAT: -15.27928
 CYCLE:     2 TIME:   0.086 TIME LEFT:  2.00D  GRAD.:     0.096 HEAT: -15.27928

 -------------------------------------------------------------------------------
 RM1 PRECISE POLAR XYZ GNORM=0.1




     HERBERTS TEST WAS SATISFIED IN BFGS                      
     SCF FIELD WAS ACHIEVED                                   


                              RM1 CALCULATION
                                                       MOPAC2016 (Version: 21.013L)
                                                       Wed Oct 20 23:28:43 2021
                                                       No. of days remaining =  85




          FINAL HEAT OF FORMATION =        -15.27928 KCAL/MOL =     -63.92852 KJ/MOL


          TOTAL ENERGY            =      -5234.82063 EV
          ELECTRONIC ENERGY       =     -46721.36589 EV  POINT GROUP:     C1  
          CORE-CORE REPULSION     =      41486.54526 EV
          COSMO AREA              =        481.68 SQUARE ANGSTROMS
          COSMO VOLUME            =        560.77 CUBIC ANGSTROMS

          GRADIENT NORM           =          0.09650 = 0.01206 PER ATOM
          IONIZATION POTENTIAL    =          8.096838 EV
          HOMO LUMO ENERGIES (EV) =         -8.097 -1.057
          NO. OF FILLED LEVELS    =         86
          MOLECULAR WEIGHT        =        450.5792

          MOLECULAR DIMENSIONS (Angstroms)

            Atom       Atom       Distance
            H    64    H    48    16.32376
            H    57    H    54    11.59149
            H    51    H    61     5.86759


          SCF CALCULATIONS        =          3
 
          WALL-CLOCK TIME         =          0.383 SECONDS
          COMPUTATION TIME        =          3.808 SECONDS




   ATOM   CHEMICAL          X               Y               Z
  NUMBER   SYMBOL      (ANGSTROMS)     (ANGSTROMS)     (ANGSTROMS)
 
     1       N         -0.40559742  *  -0.44936241  *   0.07916854  *
     2       C          0.73144381  *  -0.25993324  *   0.16845691  *
     3       C          2.12437658  *  -0.00978732  *   0.26413145  *
     4       C          3.04596503  *  -0.98393310  *   0.16767651  *
     5       C          2.69870138  *  -2.38636829  *   0.00659450  *
     6       C          3.36944224  *  -3.14194661  *  -0.95597056  *
     7       C          3.06157702  *  -4.48105033  *  -1.13128840  *
     8       C          2.07485883  *  -5.06737701  *  -0.32857981  *
     9       C          1.40964916  *  -4.31881656  *   0.64807498  *
    10       C          1.72946721  *  -2.97879877  *   0.81291604  *
    11       N          1.75535036  *  -6.42885224  *  -0.50553300  *
    12       C          1.48989540  *  -7.06427512  *  -1.73869832  *
    13       C          1.44941873  *  -6.53985411  *  -3.02509635  *
    14       C          1.14404577  *  -7.41380787  *  -4.05676973  *
    15       C          0.87307744  *  -8.77437858  *  -3.83900143  *
    16       C          0.89104662  *  -9.28121630  *  -2.54506365  *
    17       C          1.19428125  *  -8.42923585  *  -1.49453475  *
    18       C          1.27441502  *  -8.63596016  *  -0.06827446  *
    19       C          1.61922845  *  -7.39194801  *   0.51834658  *
    20       C          1.81288342  *  -7.27448374  *   1.88952783  *
    21       C          1.61980713  *  -8.41240138  *   2.65736496  *
    22       C          1.25478213  *  -9.64781413  *   2.09855532  *
    23       C          1.08953246  *  -9.75880015  *   0.72304169  *
    24       C          1.06042005  * -10.81327723  *   3.03357036  *
    25       C          0.67420998  * -12.10583897  *   2.31178605  *
    26       C          2.36752876  * -11.06966959  *   3.78895200  *
    27       C         -0.05920766  * -10.47330840  *   4.02143450  *
    28       C          0.56039557  *  -9.62998354  *  -5.03918971  *
    29       C          1.74533410  *  -9.58025989  *  -6.00813228  *
    30       C          0.30750105  * -11.09635179  *  -4.68343682  *
    31       C         -0.69850692  *  -9.08620766  *  -5.72035257  *
    32       C          2.55380319  *   1.38487183  *   0.44565752  *
    33       O          3.70670713  *   1.78939995  *   0.48625124  *
    34       O          1.53569137  *   2.25766528  *   0.57761881  *
    35       H          4.12042558  *  -0.74763671  *   0.19987856  *
    36       H          4.14135948  *  -2.67722218  *  -1.57866598  *
    37       H          3.60272969  *  -5.07334534  *  -1.87675813  *
    38       H          0.62492475  *  -4.77071295  *   1.26444709  *
    39       H          1.22011711  *  -2.39757907  *   1.58925121  *
    40       H          1.63031657  *  -5.48114010  *  -3.22148473  *
    41       H          1.11515115  *  -7.00211859  *  -5.07123621  *
    42       H          0.67373279  * -10.32462277  *  -2.30652670  *
    43       H          2.11973979  *  -6.33290587  *   2.34920786  *
    44       H          1.76674637  *  -8.31907068  *   3.73863177  *
    45       H          0.82080019  * -10.69266053  *   0.22455241  *
    46       H         -0.27384570  * -12.01521344  *   1.76260777  *
    47       H          1.44378048  * -12.43689282  *   1.59990101  *
    48       H          0.53559555  * -12.94092018  *   3.01543385  *
    49       H          2.66669093  * -10.23267970  *   4.43470671  *
    50       H          2.29714924  * -11.94795693  *   4.44737121  *
    51       H          3.20563695  * -11.25246279  *   3.10145910  *
    52       H         -0.99846483  * -10.23035755  *   3.50436872  *
    53       H         -0.27638422  * -11.31003517  *   4.70151552  *
    54       H          0.17640771  *  -9.61475710  *   4.66514429  *
    55       H          1.93299331  *  -8.57632298  *  -6.41303913  *
    56       H          2.67855732  *  -9.90537113  *  -5.52660887  *
    57       H          1.59192462  * -10.23254215  *  -6.88040370  *
    58       H         -0.55704048  * -11.22591381  *  -4.01678287  *
    59       H          0.09095608  * -11.70187688  *  -5.57684968  *
    60       H          1.17572485  * -11.56855253  *  -4.20202481  *
    61       H         -1.55425958  *  -9.05737861  *  -5.03081270  *
    62       H         -0.57448229  *  -8.06641409  *  -6.10974491  *
    63       H         -1.00097188  *  -9.70324418  *  -6.57916265  *
    64       H          1.86385007  *   3.16176823  *   0.69074800  *

                             CARTESIAN COORDINATES

   1    N       -0.405597421    -0.449362412     0.079168544
   2    C        0.731443815    -0.259933244     0.168456909
   3    C        2.124376582    -0.009787321     0.264131445
   4    C        3.045965026    -0.983933104     0.167676515
   5    C        2.698701378    -2.386368291     0.006594496
   6    C        3.369442244    -3.141946611    -0.955970559
   7    C        3.061577024    -4.481050332    -1.131288396
   8    C        2.074858827    -5.067377005    -0.328579809
   9    C        1.409649156    -4.318816559     0.648074982
  10    C        1.729467207    -2.978798770     0.812916039
  11    N        1.755350358    -6.428852242    -0.505533004
  12    C        1.489895399    -7.064275123    -1.738698323
  13    C        1.449418733    -6.539854109    -3.025096352
  14    C        1.144045772    -7.413807866    -4.056769731
  15    C        0.873077438    -8.774378576    -3.839001427
  16    C        0.891046625    -9.281216300    -2.545063646
  17    C        1.194281251    -8.429235852    -1.494534750
  18    C        1.274415016    -8.635960163    -0.068274463
  19    C        1.619228449    -7.391948015     0.518346578
  20    C        1.812883421    -7.274483735     1.889527830
  21    C        1.619807128    -8.412401383     2.657364960
  22    C        1.254782135    -9.647814132     2.098555315
  23    C        1.089532462    -9.758800153     0.723041695
  24    C        1.060420046   -10.813277235     3.033570355
  25    C        0.674209977   -12.105838972     2.311786052
  26    C        2.367528760   -11.069669591     3.788952003
  27    C       -0.059207661   -10.473308396     4.021434505
  28    C        0.560395566    -9.629983536    -5.039189712
  29    C        1.745334101    -9.580259891    -6.008132276
  30    C        0.307501050   -11.096351786    -4.683436825
  31    C       -0.698506921    -9.086207662    -5.720352569
  32    C        2.553803187     1.384871830     0.445657520
  33    O        3.706707128     1.789399949     0.486251241
  34    O        1.535691366     2.257665279     0.577618814
  35    H        4.120425579    -0.747636714     0.199878564
  36    H        4.141359475    -2.677222177    -1.578665976
  37    H        3.602729689    -5.073345342    -1.876758129
  38    H        0.624924747    -4.770712954     1.264447089
  39    H        1.220117107    -2.397579067     1.589251207
  40    H        1.630316575    -5.481140103    -3.221484734
  41    H        1.115151148    -7.002118587    -5.071236211
  42    H        0.673732790   -10.324622769    -2.306526698
  43    H        2.119739793    -6.332905871     2.349207857
  44    H        1.766746365    -8.319070678     3.738631766
  45    H        0.820800188   -10.692660529     0.224552407
  46    H       -0.273845702   -12.015213443     1.762607765
  47    H        1.443780484   -12.436892820     1.599901014
  48    H        0.535595551   -12.940920181     3.015433852
  49    H        2.666690927   -10.232679700     4.434706708
  50    H        2.297149244   -11.947956931     4.447371214
  51    H        3.205636951   -11.252462790     3.101459101
  52    H       -0.998464833   -10.230357552     3.504368721
  53    H       -0.276384223   -11.310035167     4.701515517
  54    H        0.176407705    -9.614757099     4.665144289
  55    H        1.932993308    -8.576322977    -6.413039134
  56    H        2.678557319    -9.905371134    -5.526608867
  57    H        1.591924624   -10.232542145    -6.880403696
  58    H       -0.557040484   -11.225913808    -4.016782866
  59    H        0.090956079   -11.701876880    -5.576849683
  60    H        1.175724849   -11.568552532    -4.202024809
  61    H       -1.554259579    -9.057378606    -5.030812698
  62    H       -0.574482294    -8.066414092    -6.109744911
  63    H       -1.000971884    -9.703244176    -6.579162653
  64    H        1.863850072     3.161768226     0.690747999


           Empirical Formula: C30 H30 N2 O2  =    64 atoms



      MOLECULAR POINT GROUP   :   C1  


                  EIGENVALUES  
 -39.97095 -39.30296 -37.83954 -37.29327 -36.99667 -36.53763 -35.52810 -34.37230
 -34.27560 -33.08638 -31.36549 -30.54529 -29.79421 -29.31082 -27.99806 -27.74778
 -27.05844 -27.02576 -27.01798 -26.43649 -25.36765 -23.47878 -23.41179 -22.69385
 -22.55067 -22.18364 -21.41824 -20.59910 -19.88878 -19.41189 -19.16394 -18.51973
 -18.27722 -17.80496 -17.24254 -16.77029 -16.50278 -16.34655 -16.11588 -15.91264
 -15.81556 -15.43502 -15.21904 -15.14561 -14.97611 -14.88365 -14.82075 -14.80980
 -14.77300 -14.52511 -14.41012 -14.31194 -14.14465 -14.08483 -13.90369 -13.69806
 -13.64083 -13.44893 -13.23431 -13.18945 -13.12881 -13.02824 -12.67915 -12.67282
 -12.61339 -12.53994 -12.45074 -12.42635 -12.33980 -12.31076 -12.21137 -12.03824
 -11.80797 -11.79825 -11.71464 -11.69728 -11.61069 -11.46219 -11.38440 -11.14749
 -10.34615 -10.19872  -9.77233  -9.55141  -8.55709  -8.09684  -1.05701  -0.10659
   0.04249   0.16390   0.35034   1.03726   1.12988   1.16822   1.45727   1.49272
   2.07144   2.23648   2.42409   2.86047   2.87977   3.16640   3.46927   3.60005
   3.72679   3.74015   3.78081   3.83858   3.86518   3.88626   4.05021   4.09674
   4.17697   4.18554   4.19505   4.23779   4.25640   4.28532   4.39688   4.45481
   4.46733   4.56013   4.57282   4.57950   4.63708   4.65453   4.66325   4.69038
   4.69872   4.73458   4.79057   4.80491   4.81144   4.89362   4.91158   4.93541
   4.99538   5.03441   5.08824   5.11770   5.12703   5.14288   5.15007   5.20117
   5.22970   5.27574   5.34874   5.35141   5.46763   5.49506   5.55487   5.56647
   5.59870   5.62396   5.63301   5.66932   5.68946   5.92815   5.99388   6.00807
   6.09140   6.14393   6.20741   6.44162   6.44266   6.60329


              NET ATOMIC CHARGES AND DIPOLE CONTRIBUTIONS

  ATOM NO.   TYPE          CHARGE      No. of ELECS.   s-Pop       p-Pop       
   33          O          -0.373250        6.3732     1.91034     4.46291
   32          C           0.398882        3.6011     1.18106     2.42005
   34          O          -0.309686        6.3097     1.83983     4.46985
   64          H           0.246100        0.7539     0.75390
    2          C           0.044496        3.9555     1.19549     2.76001
    1          N          -0.139312        5.1393     1.84806     3.29125
    3          C          -0.126338        4.1263     1.14304     2.98330
    4          C           0.085051        3.9149     1.18612     2.72883
    5          C          -0.137308        4.1373     1.16313     2.97417
    6          C          -0.033168        4.0332     1.17595     2.85722
    7          C          -0.166300        4.1663     1.18310     2.98320
    8          C           0.181608        3.8184     1.14247     2.67592
    9          C          -0.163629        4.1636     1.18376     2.97986
   10          C          -0.027644        4.0276     1.17721     2.85044
   11          N          -0.266715        5.2667     1.47948     3.78723
   12          C           0.116419        3.8836     1.14990     2.73368
   13          C          -0.166919        4.1669     1.17167     2.99525
   14          C          -0.061175        4.0612     1.17758     2.88359
   15          C          -0.089103        4.0891     1.17941     2.90970
   16          C          -0.043528        4.0435     1.16889     2.87464
   17          C          -0.087299        4.0873     1.15955     2.92774
   18          C          -0.086894        4.0869     1.15960     2.92729
   19          C           0.116385        3.8836     1.14986     2.73375
   20          C          -0.167798        4.1678     1.17150     2.99630
   21          C          -0.061175        4.0612     1.17751     2.88367
   22          C          -0.089279        4.0893     1.17938     2.90990
   23          C          -0.043369        4.0434     1.16893     2.87444
   24          C           0.063043        3.9370     1.16590     2.77106
   25          C          -0.188726        4.1887     1.16092     3.02781
   26          C          -0.186543        4.1865     1.16134     3.02520
   27          C          -0.186580        4.1866     1.16136     3.02522
   28          C           0.062968        3.9370     1.16590     2.77113
   29          C          -0.186409        4.1864     1.16138     3.02503
   30          C          -0.188669        4.1887     1.16091     3.02776
   31          C          -0.186781        4.1868     1.16132     3.02546
   35          H           0.137153        0.8628     0.86285
   36          H           0.113689        0.8863     0.88631
   37          H           0.136447        0.8636     0.86355
   38          H           0.139048        0.8610     0.86095
   39          H           0.120520        0.8795     0.87948
   40          H           0.121813        0.8782     0.87819
   41          H           0.107195        0.8928     0.89281
   42          H           0.114563        0.8854     0.88544
   43          H           0.120837        0.8792     0.87916
   44          H           0.106917        0.8931     0.89308
   45          H           0.114665        0.8853     0.88533
   46          H           0.062840        0.9372     0.93716
   47          H           0.062421        0.9376     0.93758
   48          H           0.062039        0.9380     0.93796
   49          H           0.060221        0.9398     0.93978
   50          H           0.059969        0.9400     0.94003
   51          H           0.064862        0.9351     0.93514
   52          H           0.065244        0.9348     0.93476
   53          H           0.059950        0.9401     0.94005
   54          H           0.060319        0.9397     0.93968
   55          H           0.060056        0.9399     0.93994
   56          H           0.064464        0.9355     0.93554
   57          H           0.059999        0.9400     0.94000
   58          H           0.062606        0.9374     0.93739
   59          H           0.062022        0.9380     0.93798
   60          H           0.062489        0.9375     0.93751
   61          H           0.065566        0.9344     0.93443
   62          H           0.060857        0.9391     0.93914
   63          H           0.059875        0.9401     0.94013
 DIPOLE           X         Y         Z       TOTAL
 POINT-CHG.     1.215    -2.888    -0.154     3.137
 HYBRID         0.723     0.906     0.119     1.165
 SUM            1.937    -1.982    -0.036     2.772


          ATOMIC ORBITAL ELECTRON POPULATIONS

     Atom    s        px        py        pz   
    1  N   1.84806   1.10887   1.08791   1.09446
    2  C   1.19549   0.91255   0.92253   0.92493
    3  C   1.14304   0.89565   0.93190   1.15575
    4  C   1.18612   0.99211   0.91869   0.81804
    5  C   1.16313   1.01911   0.93700   1.01806
    6  C   1.17595   0.96657   0.93509   0.95556
    7  C   1.18310   0.98577   0.96651   1.03092
    8  C   1.14247   0.92354   0.80257   0.94980
    9  C   1.18376   1.01242   0.95081   1.01663
   10  C   1.17721   0.93541   0.94778   0.96725
   11  N   1.47948   1.64297   1.07042   1.07385
   12  C   1.14990   0.98547   0.90607   0.84214
   13  C   1.17167   1.07613   1.00067   0.91845
   14  C   1.17758   0.97163   0.93219   0.97977
   15  C   1.17941   1.02549   0.94284   0.94137
   16  C   1.16889   0.97515   0.98489   0.91460
   17  C   1.15955   1.06701   0.93219   0.92855
   18  C   1.15960   1.06676   0.93611   0.92442
   19  C   1.14986   0.98943   0.86284   0.88149
   20  C   1.17150   1.07373   1.00041   0.92216
   21  C   1.17751   0.97342   0.92190   0.98835
   22  C   1.17938   1.02439   0.94868   0.93683
   23  C   1.16893   0.97656   0.96974   0.92814
   24  C   1.16590   0.93307   0.91170   0.92629
   25  C   1.16092   1.02559   0.97997   1.02224
   26  C   1.16134   0.98162   1.03052   1.01307
   27  C   1.16136   0.99706   1.02872   0.99945
   28  C   1.16590   0.93227   0.92227   0.91659
   29  C   1.16138   0.99188   1.03274   1.00041
   30  C   1.16091   1.02799   0.96592   1.03386
   31  C   1.16132   0.98568   1.02317   1.01661
   32  C   1.18106   0.83321   0.86078   0.72606
   33  O   1.91034   1.22249   1.78365   1.45677
   34  O   1.83983   1.39359   1.22338   1.85288
   35  H   0.86285
   36  H   0.88631
   37  H   0.86355
   38  H   0.86095
   39  H   0.87948
   40  H   0.87819
   41  H   0.89281
   42  H   0.88544
   43  H   0.87916
   44  H   0.89308
   45  H   0.88533
   46  H   0.93716
   47  H   0.93758
   48  H   0.93796
   49  H   0.93978
   50  H   0.94003
   51  H   0.93514
   52  H   0.93476
   53  H   0.94005
   54  H   0.93968
   55  H   0.93994
   56  H   0.93554
   57  H   0.94000
   58  H   0.93739
   59  H   0.93798
   60  H   0.93751
   61  H   0.93443
   62  H   0.93914
   63  H   0.94013
   64  H   0.75390
 ******************** TDHF POLARIZABILITIES ********************



          MOLECULAR WEIGHT =  450.58



          ROTATIONAL CONSTANTS IN CM(-1)

          A =    0.00481084   B =    0.00192602   C =    0.00146348



           PRINCIPAL MOMENTS OF INERTIA IN UNITS OF 10**(-40)*GRAM-CM**2

          A =     5818.6871   B =    14533.9844   C =    19127.5707


 ROTATION MATRIX FOR ORIENTATION OF MOLECULE:

         0.122475   -0.057190   -0.990822
         0.985855    0.122097    0.114814
         0.114410   -0.990869    0.071335


          CARTESIAN COORDINATES 

    NO.       ATOM         X         Y         Z

     1         N        5.3949    0.2412    2.5708
     2         C        5.7311    0.1109    1.4723
     3         C        6.1593   -0.0330    0.1277
     4         C        5.3007   -0.1091   -0.9042
     5         C        3.8572   -0.1009   -0.7326
     6         C        3.0843    0.7223   -1.5526
     7         C        1.7064    0.7501   -1.4138
     8         C        1.0993   -0.0604   -0.4462
     9         C        1.8676   -0.8987    0.3685
    10         C        3.2467   -0.9167    0.2172
    11         N       -0.3022   -0.0331   -0.2986
    12         C       -1.1023    1.1264   -0.1965
    13         C       -0.7374    2.4674   -0.1879
    14         C       -1.7544    3.4005   -0.0593
    15         C       -3.1040    3.0341    0.0685
    16         C       -3.4535    1.6890    0.0848
    17         C       -2.4562    0.7348   -0.0429
    18         C       -2.4870   -0.7083   -0.0443
    19         C       -1.1513   -1.1574   -0.2013
    20         C       -0.8549   -2.5128   -0.2818
    21         C       -1.9125   -3.4015   -0.1664
    22         C       -3.2391   -2.9778    0.0136
    23         C       -3.5261   -1.6189    0.0664
    24         C       -4.3049   -4.0354    0.1390
    25         C       -5.7090   -3.4560    0.3218
    26         C       -4.3111   -4.8900   -1.1316
    27         C       -3.9938   -4.9087    1.3579
    28         C       -4.1231    4.1367    0.1945
    29         C       -4.0399    5.0351   -1.0430
    30         C       -5.5590    3.6196    0.3020
    31         C       -3.8192    4.9500    1.4556
    32         C        7.6076   -0.0672   -0.1247
    33         O        8.1522   -0.1240   -1.2177
    34         O        8.3584   -0.0332    0.9937
    35         H        5.6690   -0.1736   -1.9394
    36         H        3.5658    1.3519   -2.3085
    37         H        1.1035    1.3855   -2.0712
    38         H        1.3965   -1.5198    1.1381
    39         H        3.8461   -1.5859    0.8440
    40         H        0.3060    2.7810   -0.2596
    41         H       -1.4682    4.4576   -0.0558
    42         H       -4.4814    1.3377    0.1973
    43         H        0.1636   -2.8709   -0.4450
    44         H       -1.6788   -4.4699   -0.2241
    45         H       -4.5367   -1.2236    0.1899
    46         H       -5.7986   -2.8465    1.2324
    47         H       -6.0226   -2.8350   -0.5295
    48         H       -6.4688   -4.2472    0.4135
    49         H       -3.3754   -5.4447   -1.2859
    50         H       -5.1103   -5.6456   -1.1158
    51         H       -4.4673   -4.2790   -2.0321
    52         H       -3.9285   -4.3130    2.2795
    53         H       -4.7675   -5.6723    1.5255
    54         H       -3.0449   -5.4552    1.2689
    55         H       -3.0735    5.5482   -1.1426
    56         H       -4.1910    4.4649   -1.9707
    57         H       -4.8015    5.8285   -1.0281
    58         H       -5.7164    2.9927    1.1913
    59         H       -6.2847    4.4433    0.3833
    60         H       -5.8632    3.0353   -0.5781
    61         H       -3.8167    4.3192    2.3560
    62         H       -2.8432    5.4533    1.4221
    63         H       -4.5628    5.7430    1.6232
    64         H        9.3029   -0.0536    0.7804


 ENERGY OF "REORIENTED" SYSTEM WITHOUT FIELD:      -15.2792835222


  NFREQ=  3  IWFLB=  0  IBET=  1  IGAM=  1
  ATOL= 0.10000D-02  BTOL= 0.10000D-02    MAXITU=  500    MAXITA=  150


 *****************************************************************
 CALCULATION OF STATIC FIELD QUANTITIES
 *****************************************************************

 +++++ ALPHA AT       0.00000 EV.

                           COMPONENTS OF ALPHA

                     *X           *Y           *Z
           *=X:     432.6315       0.1318      -5.0240
           *=Y:       0.1330     311.0811     -13.9101
           *=Z:      -5.0106     -13.9098     178.3627

  ISOTROPIC AVERAGE ALPHA =     307.35842 A.U. =     45.54582 ANG.**3

 +++++ BETA (SECOND HARMONIC GENERATION) AT       0.00000 EV.

                              COMPONENTS OF BETA
            *XX         *XY         *YY         *XZ         *YZ         *ZZ
   *=X -4603.25540    36.64580   739.74826    60.66099   -14.32613   148.93757
   *=Y    36.61455   739.84504   -18.99100   -14.31306   -41.92779    -7.99027
   *=Z    60.30750   -14.29670   -41.85167   148.93533    -8.00320    60.47477


 AVERAGE BETAX(SHG) VALUE AT   0.00000 EV =      -2228.7039 a.u. = -0.192547E-28 ESU
 AVERAGE BETAY(SHG) VALUE AT   0.00000 EV =          5.7873 a.u. =  0.499989E-31 ESU
 AVERAGE BETAZ(SHG) VALUE AT   0.00000 EV =         47.4693 a.u. =  0.410107E-30 ESU



 AVERAGE BETA (SHG) VALUE AT   0.00000 EV =       2229.2169 a.u. =  0.192591E-28 ESU
   (1 a.u. = 8.639418X10-33 esu)



 +++++ ALPHA AT       0.00000 EV.

                           COMPONENTS OF ALPHA

                     *X           *Y           *Z
           *=X:     432.6315       0.1318      -5.0240
           *=Y:       0.1330     311.0811     -13.9101
           *=Z:      -5.0106     -13.9098     178.3627

  ISOTROPIC AVERAGE ALPHA =     307.35842 A.U. =     45.54582 ANG.**3


 GAMMA (THIRD HARMONIC GENERATION) AT    0.00000 EV.


 GAMMA(X,X,X,X) =        933258.32203
 GAMMA(Y,Y,Y,Y) =        140239.84302
 GAMMA(Z,Z,Z,Z) =          8418.51153
 GAMMA(X,X,Y,Y) =         34180.03005
 GAMMA(X,X,Z,Z) =         -4953.61473
 GAMMA(Y,Y,X,X) =         34179.71814
 GAMMA(Y,Y,Z,Z) =          4665.70613
 GAMMA(Z,Z,X,X) =         -4953.81766
 GAMMA(Z,Z,Y,Y) =          4665.72214


 AVERAGE GAMMA VALUE AT    0.00000 =        229940.08413 a.u. =       115813.98150 ESU (X10-39)




 **********************************************************************
 CALCULATION FOR A FREQUENCY OF    0.25000 EV  =       0.00919 A.U. 
                  WAVELENGTH OF    4959.37 NM  =    2016.38525 CM(-1)
 **********************************************************************

 +++++ ALPHA AT       0.25000 EV.

                           COMPONENTS OF ALPHA

                     *X           *Y           *Z
           *=X:     433.9240       0.1507      -4.9607
           *=Y:       0.1517     311.7162     -13.9191
           *=Z:      -4.9455     -13.9186     178.5403

  ISOTROPIC AVERAGE ALPHA =     308.06017 A.U. =     45.64981 ANG.**3

 +++++ BETA (SECOND HARMONIC GENERATION) AT       0.25000 EV.

                              COMPONENTS OF BETA
            *XX         *XY         *YY         *XZ         *YZ         *ZZ
   *=X -4789.60003    37.64434   761.26030    60.57287   -15.24950   152.13126
   *=Y    35.99101   756.69899   -19.26963   -14.05892   -42.73293    -8.06215
   *=Z    52.12182   -14.08967   -42.15996   149.76257    -8.22231    61.54134


 AVERAGE BETAX(SHG) VALUE AT   0.25000 EV =      -2328.4971 a.u. = -0.201169E-28 ESU
 AVERAGE BETAY(SHG) VALUE AT   0.25000 EV =          5.7928 a.u. =  0.500465E-31 ESU
 AVERAGE BETAZ(SHG) VALUE AT   0.25000 EV =         46.0531 a.u. =  0.397872E-30 ESU



 AVERAGE BETA (SHG) VALUE AT   0.25000 EV =       2328.9597 a.u. =  0.201209E-28 ESU
   (1 a.u. = 8.639418X10-33 esu)



 +++++ ALPHA AT       0.75000 EV.

                           COMPONENTS OF ALPHA

                     *X           *Y           *Z
           *=X:     444.7784       0.3088      -4.4024
           *=Y:       0.3101     316.9402     -13.9885
           *=Z:      -4.3887     -13.9882     179.9874

  ISOTROPIC AVERAGE ALPHA =     313.90200 A.U. =     46.51548 ANG.**3


 GAMMA (THIRD HARMONIC GENERATION) AT    0.25000 EV.


 GAMMA(X,X,X,X) =       1029730.12516
 GAMMA(Y,Y,Y,Y) =        147113.74454
 GAMMA(Z,Z,Z,Z) =          8632.01486
 GAMMA(X,X,Y,Y) =         36031.20614
 GAMMA(X,X,Z,Z) =         -5547.97894
 GAMMA(Y,Y,X,X) =         35339.97074
 GAMMA(Y,Y,Z,Z) =          4821.58372
 GAMMA(Z,Z,X,X) =         -5039.59167
 GAMMA(Z,Z,Y,Y) =          4747.69185


 AVERAGE GAMMA VALUE AT    0.25000 =        251165.75328 a.u. =       126504.71975 ESU (X10-39)




 **********************************************************************
 CALCULATION FOR A FREQUENCY OF    0.50000 EV  =       0.01837 A.U. 
                  WAVELENGTH OF    2479.68 NM  =    4032.77050 CM(-1)
 **********************************************************************

 +++++ ALPHA AT       0.50000 EV.

                           COMPONENTS OF ALPHA

                     *X           *Y           *Z
           *=X:     437.8766       0.2081      -4.7560
           *=Y:       0.2091     313.6443     -13.9454
           *=Z:      -4.7451     -13.9452     179.0784

  ISOTROPIC AVERAGE ALPHA =     310.19978 A.U. =     45.96686 ANG.**3

 +++++ BETA (SECOND HARMONIC GENERATION) AT       0.50000 EV.

                              COMPONENTS OF BETA
            *XX         *XY         *YY         *XZ         *YZ         *ZZ
   *=X -5429.80735    40.99072   833.34299    59.76021   -18.50773   162.86064
   *=Y    33.42994   811.16979   -20.11964   -13.14904   -45.26320    -8.28774
   *=Z    22.20999   -13.33643   -42.87296   152.14501    -8.96014    65.01323


 AVERAGE BETAX(SHG) VALUE AT   0.50000 EV =      -2673.3178 a.u. = -0.230959E-28 ESU
 AVERAGE BETAY(SHG) VALUE AT   0.50000 EV =          5.7689 a.u. =  0.498398E-31 ESU
 AVERAGE BETAZ(SHG) VALUE AT   0.50000 EV =         40.6742 a.u. =  0.351401E-30 ESU



 AVERAGE BETA (SHG) VALUE AT   0.50000 EV =       2673.6334 a.u. =  0.230986E-28 ESU
   (1 a.u. = 8.639418X10-33 esu)



 +++++ ALPHA AT       1.50000 EV.

                           COMPONENTS OF ALPHA

                     *X           *Y           *Z
           *=X:     490.8052       0.9977      -1.8607
           *=Y:       1.0003     336.7916     -14.1818
           *=Z:      -1.8422     -14.1817     185.2298

  ISOTROPIC AVERAGE ALPHA =     337.60884 A.U. =     50.02847 ANG.**3


 GAMMA (THIRD HARMONIC GENERATION) AT    0.50000 EV.


 GAMMA(X,X,X,X) =       1438618.12776
 GAMMA(Y,Y,Y,Y) =        171266.29687
 GAMMA(Z,Z,Z,Z) =          9350.24896
 GAMMA(X,X,Y,Y) =         42835.13135
 GAMMA(X,X,Z,Z) =         -8113.99001
 GAMMA(Y,Y,X,X) =         39117.72594
 GAMMA(Y,Y,Z,Z) =          5362.29547
 GAMMA(Z,Z,X,X) =         -5222.96239
 GAMMA(Z,Z,Y,Y) =          5009.43911


 AVERAGE GAMMA VALUE AT    0.50000 =        339644.46261 a.u. =       171068.81411 ESU (X10-39)



 **********************
 *                    *
 * JOB ENDED NORMALLY *
 *                    *
 **********************



 TOTAL JOB TIME:            46.96 SECONDS

 == MOPAC DONE ==
