 *******************************************************************************
 ** Site#: 4824         For non-commercial use only    Version 21.013L 64BITS **
 *******************************************************************************
 ** Cite this program as: MOPAC2016, Version: 21.013L, James J. P. Stewart,   **
 ** Stewart Computational Chemistry, web: HTTP://OpenMOPAC.net. Days left:  87**
 *******************************************************************************
 **                                                                           **
 **                                MOPAC2016                                  **
 **                                                                           **
 *******************************************************************************

                              RM1 CALCULATION RESULTS

 *******************************************************************************
 *  CALCULATION DONE:                                Mon Oct 18 16:07:13 2021  *
 *  RM1        - The RM1 Hamiltonian to be used
 *  POLAR      - CALCULATE FIRST, SECOND AND THIRD-ORDER POLARIZABILITIES
 *  PRECISE    - TIGHTER CRITERIA TO BE USED
 *  XYZ        - CARTESIAN COORDINATE SYSTEM TO BE USED
 *  T=         - A TIME OF 172800.0 SECONDS REQUESTED
 *  DUMP=N     - RESTART FILE WRITTEN EVERY 7200.0 SECONDS REQUESTED
 *  GNORM      - EXIT WHEN GRADIENT NORM DROPS BELOW 0.100
 *******************************************************************************
RM1 PRECISE POLAR XYZ GNORM=0.1


   ATOM   CHEMICAL          X               Y               Z
  NUMBER   SYMBOL      (ANGSTROMS)     (ANGSTROMS)     (ANGSTROMS)
 
     1       N          0.00000000  *   0.00000000  *   0.00000000  *
     2       C          1.15616012  *   0.00000000  *   0.00000000  *
     3       C          2.57459505  *   0.00006906  *   0.00000000  *
     4       C          3.30116792  *  -1.13025683  *  -0.04425419  *
     5       C          2.70295621  *  -2.45566880  *  -0.05025350  *
     6       C          3.16181083  *  -3.39952342  *  -0.96962022  *
     7       C          2.60479871  *  -4.66893518  *  -0.99240083  *
     8       C          1.60154142  *  -5.00551164  *  -0.08410368  *
     9       C          1.15645222  *  -4.06761114  *   0.84446541  *
    10       C          1.70460311  *  -2.79151698  *   0.86080976  *
    11       C          1.02143498  *  -6.34562378  *  -0.10492822  *
    12       C          0.91734552  *  -7.06531171  *   1.08711489  *
    13       C          0.34115018  *  -8.32880348  *   1.10799429  *
    14       C         -0.11189855  *  -8.84920978  *  -0.09587384  *
    15       C          0.04337549  *  -8.15418415  *  -1.32371275  *
    16       C          0.57849208  *  -6.87879236  *  -1.31357724  *
    17       C         -0.53119849  *  -8.98700321  *  -2.35705863  *
    18       C         -0.58601406  *  -8.93500902  *  -3.74539944  *
    19       N          0.05373878  *  -8.03393338  *  -4.64326305  *
    20       C          1.44515949  *  -7.59743493  *  -4.43107991  *
    21       C          2.44960502  *  -8.73014031  *  -4.62109781  *
    22       C         -0.27408641  *  -8.49333436  *  -5.95738844  *
    23       C         -1.18556129  *  -9.57620247  *  -5.88187795  *
    24       C         -1.41576999  *  -9.83611739  *  -4.47955421  *
    25       C         -2.20291146  * -10.74080175  *  -3.77706235  *
    26       C         -2.03250063  * -10.92285888  *  -2.37199678  *
    27       C         -1.15493564  * -10.08616541  *  -1.69673215  *
    28       N         -0.87803019  * -10.04029694  *  -0.29356978  *
    29       C         -0.40015636  * -11.25228702  *   0.40060222  *
    30       C          1.03127428  * -11.62325918  *   0.02420436  *
    31       C         -2.95911040  * -11.95410514  *  -1.96226520  *
    32       C         -3.29152099  * -12.51808191  *  -0.74203126  *
    33       C         -4.27236153  * -13.50072183  *  -0.69672163  *
    34       C         -4.92551451  * -13.92023872  *  -1.85431810  *
    35       C         -4.63179450  * -13.35473717  *  -3.08835819  *
    36       C         -3.65706239  * -12.36699421  *  -3.12530558  *
    37       N         -3.16831012  * -11.66563592  *  -4.27468645  *
    38       C         -4.19248705  * -11.22444871  *  -5.24274307  *
    39       C         -5.21183983  * -10.27103864  *  -4.62668412  *
    40       C         -1.60144751  * -10.18911051  *  -7.05302367  *
    41       C         -1.15844215  *  -9.69066123  *  -8.27050588  *
    42       C         -0.29978222  *  -8.59329294  *  -8.32949225  *
    43       C          0.16252810  *  -7.98118293  *  -7.17272488  *
    44       C          3.25505840  *   1.30323572  *   0.02174796  *
    45       O          4.46238274  *   1.49255062  *  -0.01585231  *
    46       O          2.41778147  *   2.35678866  *   0.09276975  *
    47       H          4.40027026  *  -1.09150415  *  -0.08587093  *
    48       H          3.95404051  *  -3.13695055  *  -1.67783168  *
    49       H          2.96229259  *  -5.40888513  *  -1.71503536  *
    50       H          0.36333377  *  -4.32769564  *   1.55288292  *
    51       H          1.35896601  *  -2.06406897  *   1.60247161  *
    52       H          1.29204113  *  -6.63183347  *   2.01968500  *
    53       H          0.23632129  *  -8.87662162  *   2.04687719  *
    54       H          0.63538597  *  -6.29287704  *  -2.23783202  *
    55       H          1.65367226  *  -6.75466961  *  -5.13022798  *
    56       H          1.54120433  *  -7.14973165  *  -3.41608322  *
    57       H          2.41783819  *  -9.15313003  *  -5.63595519  *
    58       H          3.47885790  *  -8.38174270  *  -4.45307981  *
    59       H          2.27617874  *  -9.56200658  *  -3.92302382  *
    60       H         -0.49361138  * -11.07537165  *   1.49681716  *
    61       H         -1.09355896  * -12.09656674  *   0.17818993  *
    62       H          1.75234310  * -10.83288520  *   0.27914765  *
    63       H          1.35690200  * -12.53225530  *   0.55050866  *
    64       H          1.14136600  * -11.82190516  *  -1.05177811  *
    65       H         -2.79557350  * -12.19244024  *   0.17768193  *
    66       H         -4.53829171  * -13.95198960  *   0.26351997  *
    67       H         -5.68737246  * -14.70290501  *  -1.78955466  *
    68       H         -5.15149876  * -13.68652897  *  -3.98941712  *
    69       H         -3.69194720  * -10.75008721  *  -6.11737096  *
    70       H         -4.68908626  * -12.13325830  *  -5.65414762  *
    71       H         -4.74359079  *  -9.35612040  *  -4.23516556  *
    72       H         -5.95808603  *  -9.95384550  *  -5.36945400  *
    73       H         -5.76615173  * -10.72758758  *  -3.79359173  *
    74       H         -2.26668525  * -11.05823448  *  -7.01980875  *
    75       H         -1.48624381  * -10.16653669  *  -9.19918738  *
    76       H          0.02221062  *  -8.21375075  *  -9.30393551  *
    77       H          0.84079319  *  -7.12765083  *  -7.23049867  *
    78       H          2.90809326  *   3.19179287  *   0.10240240  *
 


          CARTESIAN COORDINATES 

    NO.       ATOM           X           Y           Z

     1         N          0.0000      0.0000      0.0000
     2         C          1.1562      0.0000      0.0000
     3         C          2.5746      0.0001      0.0000
     4         C          3.3012     -1.1303     -0.0443
     5         C          2.7030     -2.4557     -0.0503
     6         C          3.1618     -3.3995     -0.9696
     7         C          2.6048     -4.6689     -0.9924
     8         C          1.6015     -5.0055     -0.0841
     9         C          1.1565     -4.0676      0.8445
    10         C          1.7046     -2.7915      0.8608
    11         C          1.0214     -6.3456     -0.1049
    12         C          0.9173     -7.0653      1.0871
    13         C          0.3412     -8.3288      1.1080
    14         C         -0.1119     -8.8492     -0.0959
    15         C          0.0434     -8.1542     -1.3237
    16         C          0.5785     -6.8788     -1.3136
    17         C         -0.5312     -8.9870     -2.3571
    18         C         -0.5860     -8.9350     -3.7454
    19         N          0.0537     -8.0339     -4.6433
    20         C          1.4452     -7.5974     -4.4311
    21         C          2.4496     -8.7301     -4.6211
    22         C         -0.2741     -8.4933     -5.9574
    23         C         -1.1856     -9.5762     -5.8819
    24         C         -1.4158     -9.8361     -4.4796
    25         C         -2.2029    -10.7408     -3.7771
    26         C         -2.0325    -10.9229     -2.3720
    27         C         -1.1549    -10.0862     -1.6967
    28         N         -0.8780    -10.0403     -0.2936
    29         C         -0.4002    -11.2523      0.4006
    30         C          1.0313    -11.6233      0.0242
    31         C         -2.9591    -11.9541     -1.9623
    32         C         -3.2915    -12.5181     -0.7420
    33         C         -4.2724    -13.5007     -0.6967
    34         C         -4.9255    -13.9202     -1.8543
    35         C         -4.6318    -13.3547     -3.0884
    36         C         -3.6571    -12.3670     -3.1253
    37         N         -3.1683    -11.6656     -4.2747
    38         C         -4.1925    -11.2244     -5.2427
    39         C         -5.2118    -10.2710     -4.6267
    40         C         -1.6014    -10.1891     -7.0530
    41         C         -1.1584     -9.6907     -8.2705
    42         C         -0.2998     -8.5933     -8.3295
    43         C          0.1625     -7.9812     -7.1727
    44         C          3.2551      1.3032      0.0217
    45         O          4.4624      1.4926     -0.0159
    46         O          2.4178      2.3568      0.0928
    47         H          4.4003     -1.0915     -0.0859
    48         H          3.9540     -3.1370     -1.6778
    49         H          2.9623     -5.4089     -1.7150
    50         H          0.3633     -4.3277      1.5529
    51         H          1.3590     -2.0641      1.6025
    52         H          1.2920     -6.6318      2.0197
    53         H          0.2363     -8.8766      2.0469
    54         H          0.6354     -6.2929     -2.2378
    55         H          1.6537     -6.7547     -5.1302
    56         H          1.5412     -7.1497     -3.4161
    57         H          2.4178     -9.1531     -5.6360
    58         H          3.4789     -8.3817     -4.4531
    59         H          2.2762     -9.5620     -3.9230
    60         H         -0.4936    -11.0754      1.4968
    61         H         -1.0936    -12.0966      0.1782
    62         H          1.7523    -10.8329      0.2791
    63         H          1.3569    -12.5323      0.5505
    64         H          1.1414    -11.8219     -1.0518
    65         H         -2.7956    -12.1924      0.1777
    66         H         -4.5383    -13.9520      0.2635
    67         H         -5.6874    -14.7029     -1.7896
    68         H         -5.1515    -13.6865     -3.9894
    69         H         -3.6919    -10.7501     -6.1174
    70         H         -4.6891    -12.1333     -5.6541
    71         H         -4.7436     -9.3561     -4.2352
    72         H         -5.9581     -9.9538     -5.3695
    73         H         -5.7662    -10.7276     -3.7936
    74         H         -2.2667    -11.0582     -7.0198
    75         H         -1.4862    -10.1665     -9.1992
    76         H          0.0222     -8.2138     -9.3039
    77         H          0.8408     -7.1277     -7.2305
    78         H          2.9081      3.1918      0.1024

  H: (RM1): G.B. ROCHA, R.O. FREIRE, A.M.SIMAS, J.J.P. STEWART, J. COMP. CHEM. 27, 1101 (2006)
  C: (RM1): G.B. ROCHA, R.O. FREIRE, A.M.SIMAS, J.J.P. STEWART, J. COMP. CHEM. 27, 1101 (2006)
  N: (RM1): G.B. ROCHA, R.O. FREIRE, A.M.SIMAS, J.J.P. STEWART, J. COMP. CHEM. 27, 1101 (2006)
  O: (RM1): G.B. ROCHA, R.O. FREIRE, A.M.SIMAS, J.J.P. STEWART, J. COMP. CHEM. 27, 1101 (2006)

           Empirical Formula: C40 H32 N4 O2  =    78 atoms



      MOLECULAR POINT GROUP   :   C1  


      RHF CALCULATION, NO. OF DOUBLY OCCUPIED LEVELS = 112


          Geometry optimization using L-BFGS
 CYCLE:     1 TIME:   0.289 TIME LEFT:  2.00D  GRAD.:     2.440 HEAT:  77.79157
 CYCLE:     2 TIME:   0.152 TIME LEFT:  2.00D  GRAD.:     2.423 HEAT:  77.79151
 CYCLE:     3 TIME:   0.184 TIME LEFT:  2.00D  GRAD.:     4.365 HEAT:  77.78822
 CYCLE:     4 TIME:   0.184 TIME LEFT:  2.00D  GRAD.:     2.547 HEAT:  77.79154
 CYCLE:     5 TIME:   0.188 TIME LEFT:  2.00D  GRAD.:     4.737 HEAT:  77.78883
 CYCLE:     6 TIME:   0.168 TIME LEFT:  2.00D  GRAD.:     1.948 HEAT:  77.78509
 CYCLE:     7 TIME:   0.168 TIME LEFT:  2.00D  GRAD.:     0.907 HEAT:  77.78449
 CYCLE:     8 TIME:   0.129 TIME LEFT:  2.00D  GRAD.:     0.703 HEAT:  77.78421
 CYCLE:     9 TIME:   0.156 TIME LEFT:  2.00D  GRAD.:     0.973 HEAT:  77.78380
 CYCLE:    10 TIME:   0.145 TIME LEFT:  2.00D  GRAD.:     1.101 HEAT:  77.78344
 CYCLE:    11 TIME:   0.141 TIME LEFT:  2.00D  GRAD.:     0.824 HEAT:  77.78310
 CYCLE:    12 TIME:   0.148 TIME LEFT:  2.00D  GRAD.:     0.634 HEAT:  77.78264
 CYCLE:    13 TIME:   0.141 TIME LEFT:  2.00D  GRAD.:     1.101 HEAT:  77.78228
 CYCLE:    14 TIME:   0.141 TIME LEFT:  2.00D  GRAD.:     0.720 HEAT:  77.78202
 CYCLE:    15 TIME:   0.152 TIME LEFT:  2.00D  GRAD.:     0.442 HEAT:  77.78189
 CYCLE:    16 TIME:   0.121 TIME LEFT:  2.00D  GRAD.:     0.367 HEAT:  77.78175
 CYCLE:    17 TIME:   0.121 TIME LEFT:  2.00D  GRAD.:     0.402 HEAT:  77.78165
 CYCLE:    18 TIME:   0.125 TIME LEFT:  2.00D  GRAD.:     0.429 HEAT:  77.78152
 CYCLE:    19 TIME:   0.125 TIME LEFT:  2.00D  GRAD.:     0.410 HEAT:  77.78141
 CYCLE:    20 TIME:   0.137 TIME LEFT:  2.00D  GRAD.:     0.269 HEAT:  77.78133
 CYCLE:    21 TIME:   0.145 TIME LEFT:  2.00D  GRAD.:     0.255 HEAT:  77.78127
 CYCLE:    22 TIME:   0.156 TIME LEFT:  2.00D  GRAD.:     0.259 HEAT:  77.78123
 CYCLE:    23 TIME:   0.152 TIME LEFT:  2.00D  GRAD.:     0.254 HEAT:  77.78118
 CYCLE:    24 TIME:   0.180 TIME LEFT:  2.00D  GRAD.:     0.396 HEAT:  77.78116
 CYCLE:    25 TIME:   0.180 TIME LEFT:  2.00D  GRAD.:     0.176 HEAT:  77.78114
 CYCLE:    26 TIME:   0.141 TIME LEFT:  2.00D  GRAD.:     0.143 HEAT:  77.78113
 CYCLE:    27 TIME:   0.184 TIME LEFT:  2.00D  GRAD.:     0.166 HEAT:  77.78111
 CYCLE:    28 TIME:   0.191 TIME LEFT:  2.00D  GRAD.:     0.193 HEAT:  77.78109
 CYCLE:    29 TIME:   0.176 TIME LEFT:  2.00D  GRAD.:     0.348 HEAT:  77.78107
 CYCLE:    30 TIME:   0.133 TIME LEFT:  2.00D  GRAD.:     0.115 HEAT:  77.78106
 CYCLE:    31 TIME:   0.125 TIME LEFT:  2.00D  GRAD.:     0.134 HEAT:  77.78105
 CYCLE:    32 TIME:   0.148 TIME LEFT:  2.00D  GRAD.:     0.125 HEAT:  77.78103
 CYCLE:    33 TIME:   0.160 TIME LEFT:  2.00D  GRAD.:     0.182 HEAT:  77.78101
 CYCLE:    34 TIME:   0.164 TIME LEFT:  2.00D  GRAD.:     0.255 HEAT:  77.78099
 CYCLE:    35 TIME:   0.133 TIME LEFT:  2.00D  GRAD.:     0.164 HEAT:  77.78097
 CYCLE:    36 TIME:   0.164 TIME LEFT:  2.00D  GRAD.:     0.164 HEAT:  77.78094
 CYCLE:    37 TIME:   0.152 TIME LEFT:  2.00D  GRAD.:     0.213 HEAT:  77.78091
 CYCLE:    38 TIME:   0.125 TIME LEFT:  2.00D  GRAD.:     0.271 HEAT:  77.78087
 CYCLE:    39 TIME:   0.133 TIME LEFT:  2.00D  GRAD.:     0.282 HEAT:  77.78082
 CYCLE:    40 TIME:   0.137 TIME LEFT:  2.00D  GRAD.:     0.253 HEAT:  77.78079
 CYCLE:    41 TIME:   0.129 TIME LEFT:  2.00D  GRAD.:     0.156 HEAT:  77.78077
 CYCLE:    42 TIME:   0.125 TIME LEFT:  2.00D  GRAD.:     0.194 HEAT:  77.78074
 CYCLE:    43 TIME:   0.129 TIME LEFT:  2.00D  GRAD.:     0.255 HEAT:  77.78073
 CYCLE:    44 TIME:   0.133 TIME LEFT:  2.00D  GRAD.:     0.162 HEAT:  77.78068
 CYCLE:    45 TIME:   0.133 TIME LEFT:  2.00D  GRAD.:     0.254 HEAT:  77.78064
 CYCLE:    46 TIME:   0.121 TIME LEFT:  2.00D  GRAD.:     0.194 HEAT:  77.78059
 CYCLE:    47 TIME:   0.129 TIME LEFT:  2.00D  GRAD.:     0.198 HEAT:  77.78055
 CYCLE:    48 TIME:   0.125 TIME LEFT:  2.00D  GRAD.:     0.215 HEAT:  77.78050
 CYCLE:    49 TIME:   0.117 TIME LEFT:  2.00D  GRAD.:     0.261 HEAT:  77.78047
 CYCLE:    50 TIME:   0.113 TIME LEFT:  2.00D  GRAD.:     0.198 HEAT:  77.78045
 CYCLE:    51 TIME:   0.117 TIME LEFT:  2.00D  GRAD.:     0.166 HEAT:  77.78042
 CYCLE:    52 TIME:   0.133 TIME LEFT:  2.00D  GRAD.:     0.232 HEAT:  77.78040
 CYCLE:    53 TIME:   0.145 TIME LEFT:  2.00D  GRAD.:     0.486 HEAT:  77.78038
 CYCLE:    54 TIME:   0.152 TIME LEFT:  2.00D  GRAD.:     0.210 HEAT:  77.78034
 CYCLE:    55 TIME:   0.160 TIME LEFT:  2.00D  GRAD.:     0.134 HEAT:  77.78031
 CYCLE:    56 TIME:   0.148 TIME LEFT:  2.00D  GRAD.:     0.212 HEAT:  77.78029
 CYCLE:    57 TIME:   0.137 TIME LEFT:  2.00D  GRAD.:     0.204 HEAT:  77.78026
 CYCLE:    58 TIME:   0.148 TIME LEFT:  2.00D  GRAD.:     0.272 HEAT:  77.78023
 CYCLE:    59 TIME:   0.141 TIME LEFT:  2.00D  GRAD.:     0.143 HEAT:  77.78020
 CYCLE:    60 TIME:   0.137 TIME LEFT:  2.00D  GRAD.:     0.107 HEAT:  77.78019
 CYCLE:    61 TIME:   0.145 TIME LEFT:  2.00D  GRAD.:     0.186 HEAT:  77.78017
 CYCLE:    62 TIME:   0.117 TIME LEFT:  2.00D  GRAD.:     0.148 HEAT:  77.78016
 CYCLE:    63 TIME:   0.125 TIME LEFT:  2.00D  GRAD.:     0.202 HEAT:  77.78014
 CYCLE:    64 TIME:   0.117 TIME LEFT:  2.00D  GRAD.:     0.172 HEAT:  77.78012
 CYCLE:    65 TIME:   0.125 TIME LEFT:  2.00D  GRAD.:     0.155 HEAT:  77.78010
 CYCLE:    66 TIME:   0.129 TIME LEFT:  2.00D  GRAD.:     0.174 HEAT:  77.78008
 CYCLE:    67 TIME:   0.117 TIME LEFT:  2.00D  GRAD.:     0.178 HEAT:  77.78006
 CYCLE:    68 TIME:   0.156 TIME LEFT:  2.00D  GRAD.:     0.128 HEAT:  77.78004
 CYCLE:    69 TIME:   0.125 TIME LEFT:  2.00D  GRAD.:     0.131 HEAT:  77.78002
 CYCLE:    70 TIME:   0.121 TIME LEFT:  2.00D  GRAD.:     0.223 HEAT:  77.78000
 CYCLE:    71 TIME:   0.121 TIME LEFT:  2.00D  GRAD.:     0.144 HEAT:  77.77999
 CYCLE:    72 TIME:   0.160 TIME LEFT:  2.00D  GRAD.:     0.116 HEAT:  77.77997
 CYCLE:    73 TIME:   0.160 TIME LEFT:  2.00D  GRAD.:     0.163 HEAT:  77.77995
 CYCLE:    74 TIME:   0.164 TIME LEFT:  2.00D  GRAD.:     0.162 HEAT:  77.77993
 CYCLE:    75 TIME:   0.160 TIME LEFT:  2.00D  GRAD.:     0.132 HEAT:  77.77991
 CYCLE:    76 TIME:   0.141 TIME LEFT:  2.00D  GRAD.:     0.105 HEAT:  77.77991
 CYCLE:    77 TIME:   0.164 TIME LEFT:  2.00D  GRAD.:     0.315 HEAT:  77.77989
 CYCLE:    78 TIME:   0.164 TIME LEFT:  2.00D  GRAD.:     0.201 HEAT:  77.77989
 CYCLE:    79 TIME:   0.156 TIME LEFT:  2.00D  GRAD.:     0.143 HEAT:  77.77987
 CYCLE:    80 TIME:   0.160 TIME LEFT:  2.00D  GRAD.:     0.284 HEAT:  77.77986
 CYCLE:    81 TIME:   0.168 TIME LEFT:  2.00D  GRAD.:     0.102 HEAT:  77.77984
 CYCLE:    82 TIME:   0.164 TIME LEFT:  2.00D  GRAD.:     0.091 HEAT:  77.77982

 -------------------------------------------------------------------------------
 RM1 PRECISE POLAR XYZ GNORM=0.1




     HERBERTS TEST WAS SATISFIED IN BFGS                      
     SCF FIELD WAS ACHIEVED                                   


                              RM1 CALCULATION
                                                       MOPAC2016 (Version: 21.013L)
                                                       Mon Oct 18 16:07:25 2021
                                                       No. of days remaining =  87




          FINAL HEAT OF FORMATION =         77.77982 KCAL/MOL =     325.43078 KJ/MOL


          TOTAL ENERGY            =      -6931.97928 EV
          ELECTRONIC ENERGY       =     -72569.48938 EV  POINT GROUP:     C1  
          CORE-CORE REPULSION     =      65637.51010 EV
          COSMO AREA              =        570.42 SQUARE ANGSTROMS
          COSMO VOLUME            =        709.25 CUBIC ANGSTROMS

          GRADIENT NORM           =          0.09100 = 0.01030 PER ATOM
          IONIZATION POTENTIAL    =          7.865179 EV
          HOMO LUMO ENERGIES (EV) =         -7.865 -0.948
          NO. OF FILLED LEVELS    =        112
          MOLECULAR WEIGHT        =        600.7184

          MOLECULAR DIMENSIONS (Angstroms)

            Atom       Atom       Distance
            H    78    H    67    19.94151
            H    76    H    53    11.35747
            H    58    H    72     7.80207


          SCF CALCULATIONS        =         83
 
          WALL-CLOCK TIME         =         12.211 SECONDS
          COMPUTATION TIME        =  2 MINUTES AND 25.024 SECONDS




   ATOM   CHEMICAL          X               Y               Z
  NUMBER   SYMBOL      (ANGSTROMS)     (ANGSTROMS)     (ANGSTROMS)
 
     1       N         -0.00050685  *   0.01385534  *  -0.01136109  *
     2       C          1.15550869  *  -0.00091648  *  -0.00016815  *
     3       C          2.57395497  *  -0.00121786  *  -0.00109090  *
     4       C          3.30112352  *  -1.13106917  *  -0.04818804  *
     5       C          2.70329068  *  -2.45656381  *  -0.05319062  *
     6       C          3.16400723  *  -3.40177282  *  -0.97029044  *
     7       C          2.60733306  *  -4.67130533  *  -0.99192435  *
     8       C          1.60239330  *  -5.00648346  *  -0.08496749  *
     9       C          1.15559458  *  -4.06739435  *   0.84152471  *
    10       C          1.70361431  *  -2.79123884  *   0.85684928  *
    11       C          1.02233627  *  -6.34658416  *  -0.10527374  *
    12       C          0.91891531  *  -7.06657283  *   1.08654610  *
    13       C          0.34300084  *  -8.33022163  *   1.10703963  *
    14       C         -0.10993687  *  -8.85060139  *  -0.09692469  *
    15       C          0.04436459  *  -8.15477589  *  -1.32456558  *
    16       C          0.57855618  *  -6.87909493  *  -1.31388704  *
    17       C         -0.53003488  *  -8.98743867  *  -2.35807290  *
    18       C         -0.58611202  *  -8.93438287  *  -3.74641792  *
    19       N          0.05424728  *  -8.03435731  *  -4.64452420  *
    20       C          1.44452828  *  -7.59492322  *  -4.43193500  *
    21       C          2.44974977  *  -8.72894866  *  -4.60980900  *
    22       C         -0.27380230  *  -8.49341702  *  -5.95848751  *
    23       C         -1.18623005  *  -9.57549545  *  -5.88270745  *
    24       C         -1.41634220  *  -9.83514398  *  -4.48047170  *
    25       C         -2.20281703  * -10.74048009  *  -3.77802900  *
    26       C         -2.03218078  * -10.92266484  *  -2.37312029  *
    27       C         -1.15391285  * -10.08655454  *  -1.69791040  *
    28       N         -0.87645160  * -10.04127642  *  -0.29494958  *
    29       C         -0.40016289  * -11.25369789  *   0.39935729  *
    30       C          1.03195620  * -11.62458976  *   0.02551308  *
    31       C         -2.95884848  * -11.95377970  *  -1.96317417  *
    32       C         -3.29188534  * -12.51706327  *  -0.74278616  *
    33       C         -4.27183506  * -13.50058494  *  -0.69752947  *
    34       C         -4.92401852  * -13.92105053  *  -1.85532701  *
    35       C         -4.63024016  * -13.35567852  *  -3.08943916  *
    36       C         -3.65642182  * -12.36704624  *  -3.12620890  *
    37       N         -3.16802960  * -11.66549542  *  -4.27582415  *
    38       C         -4.19333345  * -11.22272298  *  -5.24211788  *
    39       C         -5.21298938  * -10.27137384  *  -4.62336814  *
    40       C         -1.60361986  * -10.18771979  *  -7.05370374  *
    41       C         -1.16047966  *  -9.68980408  *  -8.27131523  *
    42       C         -0.30044796  *  -8.59349004  *  -8.33062963  *
    43       C          0.16290513  *  -7.98176279  *  -7.17403068  *
    44       C          3.25376986  *   1.30225067  *   0.02126196  *
    45       O          4.46058097  *   1.49249401  *  -0.02680823  *
    46       O          2.41655888  *   2.35479460  *   0.10657706  *
    47       H          4.40007126  *  -1.09167771  *  -0.09302703  *
    48       H          3.95726856  *  -3.14021241  *  -1.67773608  *
    49       H          2.96601228  *  -5.41245186  *  -1.71275106  *
    50       H          0.36133719  *  -4.32664603  *   1.54895003  *
    51       H          1.35673259  *  -2.06270818  *   1.59688364  *
    52       H          1.29320863  *  -6.63277707  *   2.01911691  *
    53       H          0.23806779  *  -8.87833170  *   2.04574154  *
    54       H          0.63387669  *  -6.29209519  *  -2.23755087  *
    55       H          1.65524099  *  -6.75790495  *  -5.13731644  *
    56       H          1.53719452  *  -7.13839765  *  -3.42054776  *
    57       H          2.42066796  *  -9.15984396  *  -5.62143627  *
    58       H          3.47851490  *  -8.37917480  *  -4.44174482  *
    59       H          2.27428462  *  -9.55527658  *  -3.90569164  *
    60       H         -0.49559884  * -11.07704640  *   1.49546221  *
    61       H         -1.09321379  * -12.09788033  *   0.17548439  *
    62       H          1.75315310  * -10.83681228  *   0.28800007  *
    63       H          1.35443443  * -12.53737821  *   0.54712097  *
    64       H          1.14553605  * -11.81646493  *  -1.05133271  *
    65       H         -2.79675042  * -12.19056559  *   0.17707026  *
    66       H         -4.53797251  * -13.95154664  *   0.26278345  *
    67       H         -5.68511085  * -14.70447753  *  -1.79071861  *
    68       H         -5.14943479  * -13.68802535  *  -3.99058488  *
    69       H         -3.69399961  * -10.74617460  *  -6.11627439  *
    70       H         -4.68957148  * -12.13114296  *  -5.65485895  *
    71       H         -4.74435734  *  -9.36019418  *  -4.22365460  *
    72       H         -5.95565100  *  -9.94745921  *  -5.36683485  *
    73       H         -5.77147913  * -10.73265086  *  -3.79568981  *
    74       H         -2.27009393  * -11.05588753  *  -7.02009705  *
    75       H         -1.48900410  * -10.16539402  *  -9.19987744  *
    76       H          0.02165118  *  -8.21441795  *  -9.30521601  *
    77       H          0.84197149  *  -7.12889407  *  -7.23224510  *
    78       H          2.90645241  *   3.19002873  *   0.11595882  *

                             CARTESIAN COORDINATES

   1    N       -0.000506851     0.013855343    -0.011361093
   2    C        1.155508687    -0.000916480    -0.000168146
   3    C        2.573954970    -0.001217855    -0.001090902
   4    C        3.301123524    -1.131069174    -0.048188041
   5    C        2.703290685    -2.456563807    -0.053190622
   6    C        3.164007228    -3.401772816    -0.970290444
   7    C        2.607333058    -4.671305332    -0.991924347
   8    C        1.602393296    -5.006483463    -0.084967488
   9    C        1.155594576    -4.067394354     0.841524707
  10    C        1.703614314    -2.791238841     0.856849276
  11    C        1.022336274    -6.346584157    -0.105273741
  12    C        0.918915314    -7.066572833     1.086546100
  13    C        0.343000844    -8.330221629     1.107039626
  14    C       -0.109936871    -8.850601389    -0.096924691
  15    C        0.044364586    -8.154775886    -1.324565584
  16    C        0.578556181    -6.879094930    -1.313887040
  17    C       -0.530034881    -8.987438666    -2.358072901
  18    C       -0.586112024    -8.934382869    -3.746417923
  19    N        0.054247279    -8.034357312    -4.644524202
  20    C        1.444528279    -7.594923218    -4.431935003
  21    C        2.449749775    -8.728948663    -4.609808999
  22    C       -0.273802305    -8.493417020    -5.958487508
  23    C       -1.186230046    -9.575495447    -5.882707453
  24    C       -1.416342202    -9.835143975    -4.480471699
  25    C       -2.202817032   -10.740480091    -3.778028995
  26    C       -2.032180776   -10.922664842    -2.373120289
  27    C       -1.153912850   -10.086554538    -1.697910398
  28    N       -0.876451602   -10.041276425    -0.294949582
  29    C       -0.400162892   -11.253697895     0.399357292
  30    C        1.031956202   -11.624589761     0.025513077
  31    C       -2.958848479   -11.953779697    -1.963174175
  32    C       -3.291885336   -12.517063275    -0.742786158
  33    C       -4.271835059   -13.500584939    -0.697529466
  34    C       -4.924018525   -13.921050526    -1.855327012
  35    C       -4.630240156   -13.355678516    -3.089439165
  36    C       -3.656421818   -12.367046239    -3.126208896
  37    N       -3.168029602   -11.665495421    -4.275824154
  38    C       -4.193333455   -11.222722984    -5.242117877
  39    C       -5.212989385   -10.271373840    -4.623368141
  40    C       -1.603619860   -10.187719795    -7.053703745
  41    C       -1.160479656    -9.689804084    -8.271315226
  42    C       -0.300447964    -8.593490041    -8.330629630
  43    C        0.162905129    -7.981762793    -7.174030681
  44    C        3.253769862     1.302250667     0.021261964
  45    O        4.460580968     1.492494014    -0.026808232
  46    O        2.416558878     2.354794601     0.106577065
  47    H        4.400071262    -1.091677708    -0.093027027
  48    H        3.957268555    -3.140212410    -1.677736081
  49    H        2.966012284    -5.412451855    -1.712751061
  50    H        0.361337191    -4.326646028     1.548950025
  51    H        1.356732591    -2.062708184     1.596883642
  52    H        1.293208634    -6.632777071     2.019116915
  53    H        0.238067788    -8.878331698     2.045741536
  54    H        0.633876689    -6.292095190    -2.237550869
  55    H        1.655240986    -6.757904950    -5.137316442
  56    H        1.537194520    -7.138397650    -3.420547761
  57    H        2.420667956    -9.159843961    -5.621436266
  58    H        3.478514903    -8.379174803    -4.441744819
  59    H        2.274284621    -9.555276575    -3.905691636
  60    H       -0.495598838   -11.077046401     1.495462215
  61    H       -1.093213788   -12.097880327     0.175484386
  62    H        1.753153098   -10.836812280     0.288000066
  63    H        1.354434428   -12.537378215     0.547120967
  64    H        1.145536049   -11.816464925    -1.051332709
  65    H       -2.796750416   -12.190565589     0.177070257
  66    H       -4.537972512   -13.951546636     0.262783455
  67    H       -5.685110852   -14.704477532    -1.790718608
  68    H       -5.149434793   -13.688025351    -3.990584880
  69    H       -3.693999613   -10.746174603    -6.116274387
  70    H       -4.689571477   -12.131142964    -5.654858952
  71    H       -4.744357344    -9.360194181    -4.223654596
  72    H       -5.955651003    -9.947459207    -5.366834853
  73    H       -5.771479126   -10.732650861    -3.795689809
  74    H       -2.270093926   -11.055887529    -7.020097047
  75    H       -1.489004105   -10.165394025    -9.199877442
  76    H        0.021651178    -8.214417955    -9.305216008
  77    H        0.841971494    -7.128894068    -7.232245096
  78    H        2.906452413     3.190028731     0.115958819


           Empirical Formula: C40 H32 N4 O2  =    78 atoms



      MOLECULAR POINT GROUP   :   C1  


                  EIGENVALUES  
 -40.28336 -39.25025 -39.18043 -39.12411 -37.87639 -36.83369 -35.83475 -35.74011
 -35.61017 -35.40348 -34.42851 -33.56543 -32.65001 -32.53843 -31.01996 -30.40961
 -30.35878 -30.05170 -29.90947 -29.42936 -28.85130 -28.48817 -27.88576 -26.94793
 -26.91704 -25.29363 -24.32243 -24.09192 -24.04406 -23.17632 -22.88519 -22.65872
 -22.55653 -22.07539 -21.89379 -21.37391 -21.16528 -20.76989 -19.98974 -19.96121
 -19.31446 -18.45646 -18.22995 -17.97239 -17.63226 -17.53288 -17.39139 -17.05544
 -16.71990 -16.49496 -16.39401 -16.28064 -16.13130 -15.99424 -15.94673 -15.72408
 -15.57051 -15.48349 -15.45298 -15.15193 -15.06857 -15.01907 -14.99001 -14.85119
 -14.63175 -14.55401 -14.51533 -14.47667 -14.29150 -14.25082 -14.22684 -14.17572
 -14.09412 -13.90011 -13.77723 -13.63142 -13.54469 -13.50816 -13.39761 -13.36428
 -13.33065 -13.12297 -12.88037 -12.72949 -12.68357 -12.58227 -12.52976 -12.48902
 -12.41719 -12.38739 -12.36269 -12.14382 -12.10292 -12.08027 -11.83207 -11.73481
 -11.72300 -11.62524 -11.54888 -11.51051 -11.17397 -10.68551 -10.38030 -10.36437
  -9.95470  -9.74928  -9.31304  -9.17321  -9.05249  -8.70756  -7.89916  -7.86518
  -0.94782  -0.25941  -0.22207   0.10184   0.26564   0.41161   0.62632   0.64645
   0.69328   1.14024   1.19808   1.26929   1.57833   1.88789   2.04301   2.12853
   2.16250   2.36965   2.58875   2.76629   2.95496   2.98615   3.10379   3.23667
   3.50434   3.54572   3.58900   3.63633   3.74340   3.76333   3.77582   3.84805
   3.89400   3.95290   3.97837   4.04717   4.08065   4.09632   4.13226   4.14319
   4.15980   4.20971   4.22763   4.25879   4.29227   4.32673   4.32962   4.37650
   4.40347   4.41882   4.45673   4.48192   4.52525   4.56717   4.60180   4.61497
   4.63277   4.66804   4.67227   4.70120   4.73539   4.76513   4.81757   4.84213
   4.86153   4.88525   4.90259   4.95624   4.96097   4.99777   5.01752   5.11409
   5.13986   5.15899   5.22151   5.25093   5.26534   5.28827   5.33286   5.33511
   5.37882   5.42264   5.50869   5.52447   5.61565   5.67982   5.78527   5.81165
   5.85129   5.90221   5.92110   5.93670   5.94561   5.98353   6.02721   6.09301
   6.20734   6.23080   6.27757   6.31051   6.37579   6.42561   6.43867   6.50839


              NET ATOMIC CHARGES AND DIPOLE CONTRIBUTIONS

  ATOM NO.   TYPE          CHARGE      No. of ELECS.   s-Pop       p-Pop
   45          O          -0.374911        6.3749     1.91034     4.46458
   44          C           0.399165        3.6008     1.18134     2.41949 
   46          O          -0.309877        6.3099     1.83987     4.47001
   78          H           0.245440        0.7546     0.75456
    2          C           0.045653        3.9543     1.19528     2.75907
    1          N          -0.140103        5.1401     1.84802     3.29208
    3          C          -0.127282        4.1273     1.14279     2.98449
    4          C           0.083624        3.9164     1.18699     2.72939
    5          C          -0.116761        4.1168     1.16283     2.95393
    6          C          -0.060993        4.0610     1.17685     2.88415
    7          C          -0.123232        4.1232     1.17941     2.94382
    8          C           0.027838        3.9722     1.16300     2.80916
    9          C          -0.115712        4.1157     1.18093     2.93478
   10          C          -0.054572        4.0546     1.17858     2.87599
   11          C          -0.071114        4.0711     1.16006     2.91105
   12          C          -0.074280        4.0743     1.17592     2.89836
   13          C          -0.131277        4.1313     1.17084     2.96044
   14          C           0.064567        3.9354     1.16150     2.77393
   15          C          -0.028383        4.0284     1.15689     2.87149
   16          C          -0.070872        4.0709     1.17133     2.89954
   17          C          -0.180847        4.1808     1.15395     3.02690
   18          C           0.192208        3.8078     1.14876     2.65903
   19          N          -0.267046        5.2670     1.57857     3.68847
   20          C           0.043712        3.9563     1.15945     2.79683
   21          C          -0.227099        4.2271     1.16414     3.06296
   22          C           0.061238        3.9388     1.15956     2.77921
   23          C          -0.029620        4.0296     1.15583     2.87379
   24          C          -0.172866        4.1729     1.15360     3.01927
   25          C           0.190593        3.8094     1.15031     2.65909
   26          C          -0.168350        4.1684     1.15369     3.01466
   27          C           0.185484        3.8145     1.15039     2.66413
   28          N          -0.268230        5.2682     1.59324     3.67499
   29          C           0.043200        3.9568     1.16074     2.79606
   30          C          -0.228036        4.2280     1.16438     3.06365
   31          C          -0.028257        4.0283     1.15597     2.87228
   32          C          -0.078792        4.0788     1.17206     2.90673
   33          C          -0.129482        4.1295     1.17754     2.95194
   34          C          -0.082975        4.0830     1.17679     2.90618
   35          C          -0.130954        4.1310     1.17086     2.96010
   36          C           0.058497        3.9415     1.16076     2.78074
   37          N          -0.267493        5.2675     1.59008     3.67741
   38          C           0.042294        3.9577     1.16062     2.79708
   39          C          -0.228496        4.2285     1.16422     3.06428
   40          C          -0.078733        4.0787     1.17227     2.90646
   41          C          -0.130446        4.1304     1.17752     2.95293
   42          C          -0.081443        4.0814     1.17671     2.90473
   43          C          -0.134332        4.1343     1.17069     2.96364
   47          H           0.136187        0.8638     0.86381
   48          H           0.110504        0.8895     0.88950
   49          H           0.116177        0.8838     0.88382
   50          H           0.124272        0.8757     0.87573
   51          H           0.118617        0.8814     0.88138
   52          H           0.110012        0.8900     0.88999
   53          H           0.119319        0.8807     0.88068
   54          H           0.123092        0.8769     0.87691
   55          H           0.077262        0.9227     0.92274
   56          H           0.087650        0.9124     0.91235
   57          H           0.079084        0.9209     0.92092
   58          H           0.069280        0.9307     0.93072
   59          H           0.079743        0.9203     0.92026
   60          H           0.077151        0.9228     0.92285
   61          H           0.092357        0.9076     0.90764
   62          H           0.075777        0.9242     0.92422
   63          H           0.071836        0.9282     0.92816
   64          H           0.079783        0.9202     0.92022
   65          H           0.113927        0.8861     0.88607
   66          H           0.105758        0.8942     0.89424
   67          H           0.103658        0.8963     0.89634
   68          H           0.116678        0.8833     0.88332
   69          H           0.091068        0.9089     0.90893
   70          H           0.076233        0.9238     0.92377
   71          H           0.082861        0.9171     0.91714
   72          H           0.071014        0.9290     0.92899
   73          H           0.078028        0.9220     0.92197
   74          H           0.115824        0.8842     0.88418
   75          H           0.106307        0.8937     0.89369
   76          H           0.103722        0.8963     0.89628
   77          H           0.116174        0.8838     0.88383
 DIPOLE           X         Y         Z       TOTAL
 POINT-CHG.     1.139    -4.098    -0.282     4.263
 HYBRID         1.105     0.491    -0.020     1.209
 SUM            2.244    -3.607    -0.302     4.259


          ATOMIC ORBITAL ELECTRON POPULATIONS

     Atom    s        px        py        pz   
    1  N   1.84802   1.11237   1.08461   1.09510
    2  C   1.19528   0.91194   0.92244   0.92469
    3  C   1.14279   0.88944   0.93398   1.16107
    4  C   1.18699   1.00027   0.91385   0.81526
    5  C   1.16283   1.00473   0.93834   1.01086
    6  C   1.17685   0.98135   0.93255   0.97025
    7  C   1.17941   0.97894   0.96840   0.99648
    8  C   1.16300   0.94014   0.92999   0.93902
    9  C   1.18093   1.00233   0.93981   0.99264
   10  C   1.17858   0.93630   0.96975   0.96994
   11  C   1.16006   1.02771   0.94096   0.94238
   12  C   1.17592   0.98583   0.94468   0.96785
   13  C   1.17084   1.02829   0.96951   0.96264
   14  C   1.16150   0.94120   0.88917   0.94355
   15  C   1.15689   1.01034   0.94683   0.91432
   16  C   1.17133   0.98426   0.94366   0.97162
   17  C   1.15395   1.10963   1.00517   0.91210
   18  C   1.14876   0.92344   0.85474   0.88086
   19  N   1.57857   1.20738   1.42755   1.05353
   20  C   1.15945   0.79631   0.96092   1.03960
   21  C   1.16414   1.00251   1.00601   1.05444
   22  C   1.15956   0.98509   0.94023   0.85388
   23  C   1.15583   1.00082   0.95883   0.91415
   24  C   1.15360   1.06123   1.02731   0.93072
   25  C   1.15031   0.90409   0.85959   0.89541
   26  C   1.15369   1.03978   1.04106   0.93383
   27  C   1.15039   0.92495   0.92564   0.81353
   28  N   1.59324   1.45955   1.07589   1.13956
   29  C   1.16074   0.95042   0.87653   0.96912
   30  C   1.16438   0.97427   1.04039   1.04900
   31  C   1.15597   0.97444   0.96849   0.92935
   32  C   1.17206   0.97601   0.96810   0.96261
   33  C   1.17754   0.98135   0.99032   0.98027
   34  C   1.17679   0.98916   0.98758   0.92945
   35  C   1.17086   0.99592   0.98003   0.98414
   36  C   1.16076   0.96134   0.96225   0.85715
   37  N   1.59008   1.20406   1.28999   1.18336
   38  C   1.16062   0.89404   0.98904   0.91400
   39  C   1.16422   1.00842   1.01999   1.03587
   40  C   1.17227   0.99725   0.98822   0.92099
   41  C   1.17752   0.99793   0.98100   0.97400
   42  C   1.17671   0.97165   0.96164   0.97144
   43  C   1.17069   1.03248   1.01315   0.91800
   44  C   1.18134   0.84622   0.84994   0.72333
   45  O   1.91034   1.15532   1.85764   1.45161
   46  O   1.83987   1.42201   1.18589   1.86211
   47  H   0.86381
   48  H   0.88950
   49  H   0.88382
   50  H   0.87573
   51  H   0.88138
   52  H   0.88999
   53  H   0.88068
   54  H   0.87691
   55  H   0.92274
   56  H   0.91235
   57  H   0.92092
   58  H   0.93072
   59  H   0.92026
   60  H   0.92285
   61  H   0.90764
   62  H   0.92422
   63  H   0.92816
   64  H   0.92022
   65  H   0.88607
   66  H   0.89424
   67  H   0.89634
   68  H   0.88332
   69  H   0.90893
   70  H   0.92377
   71  H   0.91714
   72  H   0.92899
   73  H   0.92197
   74  H   0.88418
   75  H   0.89369
   76  H   0.89628
   77  H   0.88383
   78  H   0.75456
 ******************** TDHF POLARIZABILITIES ********************



          MOLECULAR WEIGHT =  600.72



          ROTATIONAL CONSTANTS IN CM(-1)

          A =    0.00399836   B =    0.00101506   C =    0.00089850



           PRINCIPAL MOMENTS OF INERTIA IN UNITS OF 10**(-40)*GRAM-CM**2

          A =     7001.0583   B =    27577.5289   C =    31155.1073


 ROTATION MATRIX FOR ORIENTATION OF MOLECULE:

         0.420974    0.113924   -0.899890
         0.860076    0.265060    0.435905
         0.288185   -0.957478    0.013600


          CARTESIAN COORDINATES 

    NO.       ATOM         X         Y         Z

     1         N        7.1532   -0.0829    3.0803
     2         C        7.6304    0.0342    2.0337
     3         C        8.2270    0.1966    0.7571
     4         C        7.5478    0.0250   -0.3904
     5         C        6.1547   -0.3896   -0.4303
     6         C        5.2714    0.2904   -1.2694
     7         C        3.9389   -0.0888   -1.3221
     8         C        3.4889   -1.1605   -0.5516
     9         C        4.3755   -1.8496    0.2725
    10         C        5.7082   -1.4635    0.3358
    11         C        2.0863   -1.5623   -0.6140
    12         C        1.7670   -2.9061   -0.8186
    13         C        0.4436   -3.3263   -0.8509
    14         C       -0.5416   -2.3630   -0.6865
    15         C       -0.2320   -0.9856   -0.5387
    16         C        1.0932   -0.5968   -0.4632
    17         C       -1.4878   -0.2822   -0.3988
    18         C       -1.8658    1.0548   -0.3441
    19         N       -1.0810    2.2262   -0.5403
    20         C       -0.0565    2.2976   -1.5969
    21         C       -0.6599    2.2818   -2.9983
    22         C       -1.9926    3.3253   -0.4630
    23         C       -3.2855    2.8620   -0.1126
    24         C       -3.2016    1.4243    0.0004
    25         C       -4.1089    0.4222    0.3230
    26         C       -3.7889   -0.9518    0.1092
    27         C       -2.5055   -1.2767   -0.3075
    28         N       -1.9454   -2.5764   -0.5184
    29         C       -2.5876   -3.5082   -1.4661
    30         C       -2.4114   -3.0855   -2.9216
    31         C       -4.9477   -1.7232    0.4992
    32         C       -5.2207   -3.0790    0.5699
    33         C       -6.4661   -3.4946    1.0237
    34         C       -7.4359   -2.5718    1.4115
    35         C       -7.1816   -1.2069    1.3768
    36         C       -5.9320   -0.7987    0.9309
    37         N       -5.4543    0.5437    0.7816
    38         C       -5.7836    1.4694    1.8841
    39         C       -5.2163    1.0130    3.2248
    40         C       -4.3253    3.7733   -0.0198
    41         C       -4.0614    5.1216   -0.2181
    42         C       -2.7735    5.5670   -0.5149
    43         C       -1.7190    4.6745   -0.6495
    44         C        9.6407    0.5981    0.7138
    45         O       10.2985    0.8321   -0.2899
    46         O       10.2181    0.7001    1.9272
    47         H        8.0314    0.2036   -1.3628
    48         H        5.6264    1.1275   -1.8788
    49         H        3.2447    0.4458   -1.9778
    50         H        4.0221   -2.6861    0.8838
    51         H        6.4021   -2.0185    0.9756
    52         H        2.5664   -3.6414   -0.9536
    53         H        0.1986   -4.3823   -0.9826
    54         H        1.3552    0.4495   -0.2697
    55         H        0.5488    3.2188   -1.4313
    56         H        0.6666    1.4607   -1.4676
    57         H       -1.3343    3.1329   -3.1737
    58         H        0.1224    2.3308   -3.7693
    59         H       -1.2416    1.3686   -3.1910
    60         H       -2.1599   -4.5218   -1.2883
    61         H       -3.6699   -3.5966   -1.2134
    62         H       -1.3546   -3.0458   -3.2236
    63         H       -2.9104   -3.7901   -3.6026
    64         H       -2.8390   -2.0923   -3.1221
    65         H       -4.4663   -3.8168    0.2792
    66         H       -6.6892   -4.5640    1.0796
    67         H       -8.4115   -2.9280    1.7558
    68         H       -7.9457   -0.4913    1.6869
    69         H       -5.4154    2.4896    1.6306
    70         H       -6.8927    1.5673    1.9291
    71         H       -4.1201    0.9252    3.2057
    72         H       -5.4646    1.7261    4.0242
    73         H       -5.6096    0.0346    3.5376
    74         H       -5.3428    3.4351    0.2020
    75         H       -4.8763    5.8472   -0.1424
    76         H       -2.5927    6.6373   -0.6528
    77         H       -0.7164    5.0337   -0.8896
    78         H       11.1454    0.9683    1.8506


 ENERGY OF "REORIENTED" SYSTEM WITHOUT FIELD:       77.7798252365


  NFREQ=  3  IWFLB=  0  IBET=  1  IGAM=  1
  ATOL= 0.10000D-02  BTOL= 0.10000D-02    MAXITU=  500    MAXITA=  150


 *****************************************************************
 CALCULATION OF STATIC FIELD QUANTITIES
 *****************************************************************

 +++++ ALPHA AT       0.00000 EV.

                           COMPONENTS OF ALPHA

                     *X           *Y           *Z
           *=X:     636.9270      33.5812     -46.2604
           *=Y:      33.5965     467.7391     -13.5110
           *=Z:     -46.2467     -13.5118     217.9856

  ISOTROPIC AVERAGE ALPHA =     440.88391 A.U. =     65.33225 ANG.**3

 +++++ BETA (SECOND HARMONIC GENERATION) AT       0.00000 EV.

                              COMPONENTS OF BETA
            *XX         *XY         *YY         *XZ         *YZ         *ZZ
   *=X -4378.49687  -257.17443   800.08967  -127.58716  -173.76129    26.37469
   *=Y  -257.32836   799.96460  -251.23305  -173.80377  -193.19511    45.70355
   *=Z  -127.85366  -173.89345  -193.11303    26.34925    45.68544   138.08832


 AVERAGE BETAX(SHG) VALUE AT   0.00000 EV =      -2131.2797 a.u. = -0.184130E-28 ESU
 AVERAGE BETAY(SHG) VALUE AT   0.00000 EV =       -277.6604 a.u. = -0.239882E-29 ESU
 AVERAGE BETAZ(SHG) VALUE AT   0.00000 EV =       -109.6533 a.u. = -0.947340E-30 ESU



 AVERAGE BETA (SHG) VALUE AT   0.00000 EV =       2152.0856 a.u. =  0.185928E-28 ESU
   (1 a.u. = 8.639418X10-33 esu)



 +++++ ALPHA AT       0.00000 EV.

                           COMPONENTS OF ALPHA

                     *X           *Y           *Z
           *=X:     636.9270      33.5812     -46.2604
           *=Y:      33.5965     467.7391     -13.5110
           *=Z:     -46.2467     -13.5118     217.9856

  ISOTROPIC AVERAGE ALPHA =     440.88391 A.U. =     65.33225 ANG.**3


 GAMMA (THIRD HARMONIC GENERATION) AT    0.00000 EV.


 GAMMA(X,X,X,X) =       1080024.47613
 GAMMA(Y,Y,Y,Y) =        229896.20245
 GAMMA(Z,Z,Z,Z) =         19988.05263
 GAMMA(X,X,Y,Y) =        110285.32154
 GAMMA(X,X,Z,Z) =         31688.27583
 GAMMA(Y,Y,X,X) =        110285.32834
 GAMMA(Y,Y,Z,Z) =         16204.24886
 GAMMA(Z,Z,X,X) =         31688.23023
 GAMMA(Z,Z,Y,Y) =         16204.27527


 AVERAGE GAMMA VALUE AT    0.00000 =        329252.88226 a.u. =       165834.88415 ESU (X10-39)




 **********************************************************************
 CALCULATION FOR A FREQUENCY OF    0.25000 EV  =       0.00919 A.U. 
                  WAVELENGTH OF    4959.37 NM  =    2016.38525 CM(-1)
 **********************************************************************

 +++++ ALPHA AT       0.25000 EV.

                           COMPONENTS OF ALPHA

                     *X           *Y           *Z
           *=X:     638.8685      33.6932     -46.3002
           *=Y:      33.7059     468.7881     -13.5281
           *=Z:     -46.2889     -13.5288     218.2763

  ISOTROPIC AVERAGE ALPHA =     441.97765 A.U. =     65.49433 ANG.**3

 +++++ BETA (SECOND HARMONIC GENERATION) AT       0.25000 EV.

                              COMPONENTS OF BETA
            *XX         *XY         *YY         *XZ         *YZ         *ZZ
   *=X -4520.36772  -267.01956   817.30197  -137.43684  -179.29896    25.63255
   *=Y  -264.08748   812.87381  -258.99324  -178.71038  -196.51623    46.95211
   *=Z  -144.66354  -180.63836  -195.76133    23.89444    46.29149   139.50533


 AVERAGE BETAX(SHG) VALUE AT   0.25000 EV =      -2208.9264 a.u. = -0.190838E-28 ESU
 AVERAGE BETAY(SHG) VALUE AT   0.25000 EV =       -287.1142 a.u. = -0.248050E-29 ESU
 AVERAGE BETAZ(SHG) VALUE AT   0.25000 EV =       -117.9630 a.u. = -0.101913E-29 ESU



 AVERAGE BETA (SHG) VALUE AT   0.25000 EV =       2230.6290 a.u. =  0.192713E-28 ESU
   (1 a.u. = 8.639418X10-33 esu)



 +++++ ALPHA AT       0.75000 EV.

                           COMPONENTS OF ALPHA

                     *X           *Y           *Z
           *=X:     655.0762      34.6066     -46.6379
           *=Y:      34.6145     477.4673     -13.6724
           *=Z:     -46.6244     -13.6719     220.6551

  ISOTROPIC AVERAGE ALPHA =     451.06620 A.U. =     66.84111 ANG.**3


 GAMMA (THIRD HARMONIC GENERATION) AT    0.25000 EV.


 GAMMA(X,X,X,X) =       1167469.02543
 GAMMA(Y,Y,Y,Y) =        244825.59966
 GAMMA(Z,Z,Z,Z) =         20562.21503
 GAMMA(X,X,Y,Y) =        117912.20339
 GAMMA(X,X,Z,Z) =         33933.95759
 GAMMA(Y,Y,X,X) =        118168.87609
 GAMMA(Y,Y,Z,Z) =         17117.53843
 GAMMA(Z,Z,X,X) =         34296.65500
 GAMMA(Z,Z,Y,Y) =         16957.98777


 AVERAGE GAMMA VALUE AT    0.25000 =        354248.81168 a.u. =       178424.59037 ESU (X10-39)




 **********************************************************************
 CALCULATION FOR A FREQUENCY OF    0.50000 EV  =       0.01837 A.U. 
                  WAVELENGTH OF    2479.68 NM  =    4032.77050 CM(-1)
 **********************************************************************

 +++++ ALPHA AT       0.50000 EV.

                           COMPONENTS OF ALPHA

                     *X           *Y           *Z
           *=X:     644.7959      34.0296     -46.4276
           *=Y:      34.0383     471.9810     -13.5815
           *=Z:     -46.4167     -13.5815     219.1556

  ISOTROPIC AVERAGE ALPHA =     445.31087 A.U. =     65.98826 ANG.**3

 +++++ BETA (SECOND HARMONIC GENERATION) AT       0.50000 EV.

                              COMPONENTS OF BETA
            *XX         *XY         *YY         *XZ         *YZ         *ZZ
   *=X -4995.41920  -301.03540   873.49937  -171.43770  -197.60927    23.04113
   *=Y  -286.02058   853.62225  -284.67986  -194.94232  -207.17434    51.09083
   *=Z  -203.03118  -203.51856  -203.89876    15.33663    48.22148   143.87738


 AVERAGE BETAX(SHG) VALUE AT   0.50000 EV =      -2470.3599 a.u. = -0.213425E-28 ESU
 AVERAGE BETAY(SHG) VALUE AT   0.50000 EV =       -318.9194 a.u. = -0.275528E-29 ESU
 AVERAGE BETAZ(SHG) VALUE AT   0.50000 EV =       -146.5044 a.u. = -0.126571E-29 ESU



 AVERAGE BETA (SHG) VALUE AT   0.50000 EV =       2495.1655 a.u. =  0.215568E-28 ESU
   (1 a.u. = 8.639418X10-33 esu)



 +++++ ALPHA AT       1.50000 EV.

                           COMPONENTS OF ALPHA

                     *X           *Y           *Z
           *=X:     721.3957      38.3178     -47.5577
           *=Y:      38.3249     511.3901     -14.1961
           *=Z:     -47.5372     -14.1940     229.6553

  ISOTROPIC AVERAGE ALPHA =     487.48036 A.U. =     72.23714 ANG.**3


 GAMMA (THIRD HARMONIC GENERATION) AT    0.50000 EV.


 GAMMA(X,X,X,X) =       1511609.05081
 GAMMA(Y,Y,Y,Y) =        300086.41323
 GAMMA(Z,Z,Z,Z) =         22561.79549
 GAMMA(X,X,Y,Y) =        146757.23081
 GAMMA(X,X,Z,Z) =         42516.93001
 GAMMA(Y,Y,X,X) =        148169.98519
 GAMMA(Y,Y,Z,Z) =         20536.50308
 GAMMA(Z,Z,X,X) =         44594.46886
 GAMMA(Z,Z,Y,Y) =         19736.47618


 AVERAGE GAMMA VALUE AT    0.50000 =        451313.77073 a.u. =       227313.32334 ESU (X10-39)



 **********************
 *                    *
 * JOB ENDED NORMALLY *
 *                    *
 **********************



 TOTAL JOB TIME:           137.60 SECONDS

 == MOPAC DONE ==
