 *******************************************************************************
 ** Site#: 4824         For non-commercial use only    Version 21.013L 64BITS **
 *******************************************************************************
 ** Cite this program as: MOPAC2016, Version: 21.013L, James J. P. Stewart,   **
 ** Stewart Computational Chemistry, web: HTTP://OpenMOPAC.net. Days left:  89**
 *******************************************************************************
 **                                                                           **
 **                                MOPAC2016                                  **
 **                                                                           **
 *******************************************************************************

                              RM1 CALCULATION RESULTS

 *******************************************************************************
 *  CALCULATION DONE:                                Sat Oct 16 16:31:39 2021  *
 *  RM1        - The RM1 Hamiltonian to be used
 *  POLAR      - CALCULATE FIRST, SECOND AND THIRD-ORDER POLARIZABILITIES
 *  PRECISE    - TIGHTER CRITERIA TO BE USED
 *  T=         - A TIME OF 172800.0 SECONDS REQUESTED
 *  DUMP=N     - RESTART FILE WRITTEN EVERY 7200.0 SECONDS REQUESTED
 *  GNORM      - EXIT WHEN GRADIENT NORM DROPS BELOW 0.100
 *******************************************************************************
RM1 PRECISE POLAR GNORM=0.1


  ATOM    CHEMICAL      BOND LENGTH      BOND ANGLE     TWIST ANGLE 
 NUMBER    SYMBOL       (ANGSTROMS)      (DEGREES)       (DEGREES) 
   (I)                     NA:I           NB:NA:I       NC:NB:NA:I       NA    NB    NC 
     1       C          0.00000000       0.0000000       0.0000000        0     0     0
     2       C          1.54780000  *    0.0000000       0.0000000        1     0     0
     3       C          1.55090000  *  111.3027000  *    0.0000000        2     1     0
     4       C          1.55230000  *  111.6674000  *  179.0448000  *     3     2     1
     5       C          1.55110000  *  110.6801000  * -176.6107000  *     4     3     2
     6       C          1.55220000  *  112.0550000  *  177.4771000  *     5     4     3
     7       C          1.55210000  *  110.2911000  * -174.9106000  *     6     5     4
     8       C          1.55090000  *  112.2442000  *  174.5734000  *     7     6     5
     9       N          1.46320000  *  115.6054000  *  168.3251000  *     8     7     6
    10       C          1.42630000  *  128.3922000  *   14.4069000  *     9     8     7
    11       C          1.34200000  *  132.0303000  *   29.0390000  *    10     9     8
    12       C          1.47320000  *  118.6041000  *  179.2751000  *    11    10     9
    13       C          1.35220000  *  121.4704000  *   -1.8478000  *    12    11    10
    14       C          1.48200000  *  119.4718000  *   -0.8389000  *    13    12    11
    15       C          1.34140000  *  118.0253000  *    1.6130000  *    14    13    12
    16       C          1.45710000  *  131.5399000  * -176.4373000  *    15    14    13
    17       C          1.34610000  *  108.0245000  *  177.3265000  *    16    15    14
    18       C          1.46530000  *  120.0496000  * -176.5473000  *    17    16    15
    19       C          1.34610000  *  118.7759000  *   -0.2960000  *    18    17    16
    20       C          1.48130000  *  120.9185000  *   -0.4832000  *    19    18    17
    21       C          1.34920000  *  120.1843000  *    0.3590000  *    20    19    18
    22       C          1.47050000  *  118.9716000  * -177.4576000  *    20    19    18
    23       C          1.34810000  *  122.8182000  *  111.9675000  *    22    20    21
    24       C          1.47280000  *  120.4859000  *  175.9085000  *    23    22    20
    25       O          1.23210000  *  120.2134000  *  166.7605000  *    24    23    22
    26       O          1.35550000  *  120.1133000  *  -21.3180000  *    24    23    22
    27       C          1.43000000  *  120.7496000  *   -3.8042000  *    23    22    20
    28       N          1.15820000  *  179.9447000  *   -0.4120000  *    27    23    22
    29       C          1.47670000  *  119.7363000  * -179.1126000  *    13    12    11
    30       C          1.47580000  *  120.1848000  *  -45.8286000  *    29    13    12
    31       C          1.34440000  *  120.5034000  *  176.6674000  *    30    29    13
    32       C          1.47140000  *  120.5855000  *    0.3174000  *    31    30    29
    33       C          1.34810000  *  118.9466000  *    0.8611000  *    32    31    30
    34       C          1.34770000  *  120.9879000  *  131.9842000  *    29    13    12
    35       O          1.36140000  *  117.2682000  * -179.1594000  *    32    31    30
    36       C          1.39520000  *  126.8157000  *   -3.6704000  *    35    32    33
    37       H          1.05270000  *  117.6944000  *  -69.7118000  *    22    20    21
    38       H          1.09100000  *  110.0547000  *   60.6722000  *     1     2     3
    39       H          1.09100000  *  109.5166000  * -179.5274000  *     1     2     3
    40       H          1.09120000  *  110.0477000  *  -59.7872000  *     1     2     3
    41       H          1.09240000  *  108.7943000  * -178.6735000  *     2     1    38
    42       H          1.09220000  *  108.9719000  *  -60.1872000  *     2     1    38
    43       H          1.09260000  *  109.2288000  *  179.5691000  *     3     2    41
    44       H          1.09280000  *  108.9204000  *  179.0492000  *     3     2    42
    45       H          1.09250000  *  109.1812000  * -177.2939000  *     4     3    43
    46       H          1.09220000  *  109.4387000  *  -58.1590000  *     4     3    43
    47       H          1.09260000  *  109.2586000  *  178.3728000  *     5     4    45
    48       H          1.09290000  *  108.7163000  *  177.7392000  *     5     4    46
    49       H          1.09240000  *  109.2898000  * -176.0324000  *     6     5    47
    50       H          1.09210000  *  109.4982000  *  -56.7186000  *     6     5    47
    51       H          1.09210000  *  109.0398000  *  176.0481000  *     7     6    49
    52       H          1.09030000  *  107.7284000  *  175.4121000  *     7     6    50
    53       H          1.09250000  *  108.9660000  *  169.2123000  *     8     7    51
    54       H          1.09350000  *  107.3909000  *  166.4845000  *     8     7    52
    55       H          1.04690000  *  121.8425000  *    0.1828000  *    11    10     9
    56       H          1.05180000  *  118.3924000  *  178.8869000  *    12    11    10
    57       H          1.05010000  *  121.0714000  * -177.2062000  *    14    13    12
    58       H          1.05010000  *  120.8742000  *  178.6711000  *    18    17    16
    59       H          1.05180000  *  119.3786000  *  179.6352000  *    19    18    17
    60       H          1.05060000  *  121.0650000  *   -1.5229000  *    21    20    22
    61       H          0.94060000  *  121.1786000  *   -1.3576000  *    26    24    25
    62       H          1.05150000  *  120.1328000  *  178.6164000  *    30    29    34
    63       H          1.05150000  *  119.6984000  * -179.8545000  *    31    30    29
    64       H          1.05050000  *  120.6938000  *   -0.1225000  *    33    32    35
    65       H          1.05150000  *  120.3919000  *  178.6571000  *    34    29    30
    66       H          1.09060000  *  110.0786000  *   65.2397000  *    36    35    32
    67       H          1.09070000  *  108.8633000  * -175.3860000  *    36    35    32
    68       H          1.09070000  *  110.3062000  *  -56.0052000  *    36    35    32
 


          CARTESIAN COORDINATES 

    NO.       ATOM           X           Y           Z

     1         C          0.0000      0.0000      0.0000
     2         C          1.5478      0.0000      0.0000
     3         C          2.1112      1.4449      0.0000
     4         C          3.6633      1.4549      0.0240
     5         C          4.2005      2.9075      0.1094
     6         C          5.7495      2.9517      0.1986
     7         C          6.2350      4.4106      0.4108
     8         C          7.7665      4.4922      0.6409
     9         N          8.3439      5.8354      0.5840
    10         C          7.6699      7.0917      0.6245
    11         C          6.5174      7.4750      1.1953
    12         C          6.0980      8.8811      1.0626
    13         C          6.8640      9.7881      0.4153
    14         C          8.1637      9.3674     -0.1593
    15         C          8.5177      8.0790     -0.0409
    16         C          9.7318      7.3712     -0.4260
    17         C          9.6095      6.0898     -0.0323
    18         C         10.7211      5.1544     -0.2227
    19         C         11.8522      5.6011     -0.7998
    20         C         11.9744      7.0082     -1.2465
    21         C         10.9484      7.8667     -1.0724
    22         C         13.2081      7.4362     -1.9227
    23         C         14.3882      7.5566     -1.2823
    24         C         15.6107      7.9026     -2.0273
    25         O         16.6274      8.2493     -1.4237
    26         O         15.6769      7.6861     -3.3638
    27         C         14.4791      7.3456      0.1291
    28         N         14.5515      7.1745      1.2723
    29         C          6.4157     11.1920      0.3220
    30         C          5.0215     11.5027     -0.0490
    31         C          4.5886     12.7753     -0.0710
    32         C          5.4980     13.8814      0.2674
    33         C          6.7781     13.6003      0.5832
    34         C          7.2515     12.2081      0.6141
    35         O          4.9841     15.1418      0.2405
    36         C          5.6422     16.3207      0.5921
    37         H         13.1579      7.6284     -2.9565
    38         H         -0.3741      0.5020     -0.8935
    39         H         -0.3645     -1.0283      0.0085
    40         H         -0.3741      0.5158      0.8858
    41         H          1.8997     -0.5273      0.8896
    42         H          1.9029     -0.5298     -0.8866
    43         H          1.7636      1.9667     -0.8948
    44         H          1.7367      1.9713      0.8814
    45         H          4.0125      0.8919      0.8928
    46         H          4.0439      0.9793     -0.8825
    47         H          3.8764      3.4640     -0.7732
    48         H          3.7807      3.3850      0.9983
    49         H          6.0802      2.3377      1.0394
    50         H          6.1793      2.5535     -0.7230
    51         H          5.9645      5.0068     -0.4634
    52         H          5.7258      4.8054      1.2903
    53         H          8.0027      4.0587      1.6155
    54         H          8.2456      3.8800     -0.1282
    55         H          5.9218      6.8078      1.7395
    56         H          5.1855      9.1738      1.4960
    57         H          8.7982     10.0600     -0.6288
    58         H         10.6474      4.1573      0.0983
    59         H         12.6583      4.9392     -0.9359
    60         H         11.0160      8.8647     -1.3937
    61         H         16.4786      7.8141     -3.8387
    62         H          4.3574     10.7277     -0.3020
    63         H          3.5920     12.9820     -0.3349
    64         H          7.4514     14.3689      0.8270
    65         H          8.2441     12.0145      0.9019
    66         H          6.4631     16.5120     -0.0999
    67         H          4.9343     17.1488      0.5398
    68         H          6.0274     16.2500      1.6101

  H: (RM1): G.B. ROCHA, R.O. FREIRE, A.M.SIMAS, J.J.P. STEWART, J. COMP. CHEM. 27, 1101 (2006)
  C: (RM1): G.B. ROCHA, R.O. FREIRE, A.M.SIMAS, J.J.P. STEWART, J. COMP. CHEM. 27, 1101 (2006)
  N: (RM1): G.B. ROCHA, R.O. FREIRE, A.M.SIMAS, J.J.P. STEWART, J. COMP. CHEM. 27, 1101 (2006)
  O: (RM1): G.B. ROCHA, R.O. FREIRE, A.M.SIMAS, J.J.P. STEWART, J. COMP. CHEM. 27, 1101 (2006)

           Empirical Formula: C31 H32 N2 O3  =    68 atoms



      MOLECULAR POINT GROUP   :   C1  


      RHF CALCULATION, NO. OF DOUBLY OCCUPIED LEVELS = 92


          Geometry optimization using L-BFGS
 CYCLE:     1 TIME:   0.383 TIME LEFT:  2.00D  GRAD.:   465.516 HEAT:  9.102551
 CYCLE:     2 TIME:   0.223 TIME LEFT:  2.00D  GRAD.:   373.579 HEAT:  7.196674
 CYCLE:     3 TIME:   0.203 TIME LEFT:  2.00D  GRAD.:   308.852 HEAT:  1.611500
 CYCLE:     4 TIME:   0.152 TIME LEFT:  2.00D  GRAD.:   374.059 HEAT:  7.196516
 CYCLE:     5 TIME:   0.160 TIME LEFT:  2.00D  GRAD.:   309.872 HEAT:  1.612702
 CYCLE:     6 TIME:   0.172 TIME LEFT:  2.00D  GRAD.:   271.536 HEAT: -1.252568
 CYCLE:     7 TIME:   0.203 TIME LEFT:  2.00D  GRAD.:   523.680 HEAT: -19.89624
 CYCLE:     8 TIME:   0.230 TIME LEFT:  2.00D  GRAD.:   227.409 HEAT: -29.87187
 CYCLE:     9 TIME:   0.234 TIME LEFT:  2.00D  GRAD.:   102.811 HEAT: -31.90879
 CYCLE:    10 TIME:   0.223 TIME LEFT:  2.00D  GRAD.:   110.370 HEAT: -32.95705
 CYCLE:    11 TIME:   0.188 TIME LEFT:  2.00D  GRAD.:   125.512 HEAT: -33.86749
 CYCLE:    12 TIME:   0.250 TIME LEFT:  2.00D  GRAD.:   102.728 HEAT: -35.17853
 CYCLE:    13 TIME:   0.246 TIME LEFT:  2.00D  GRAD.:    86.687 HEAT: -36.62031
 CYCLE:    14 TIME:   0.246 TIME LEFT:  2.00D  GRAD.:    99.794 HEAT: -37.54266
 CYCLE:    15 TIME:   0.211 TIME LEFT:  2.00D  GRAD.:    77.739 HEAT: -38.25292
 CYCLE:    16 TIME:   0.188 TIME LEFT:  2.00D  GRAD.:    66.118 HEAT: -38.76428
 CYCLE:    17 TIME:   0.223 TIME LEFT:  2.00D  GRAD.:    49.589 HEAT: -39.34528
 CYCLE:    18 TIME:   0.199 TIME LEFT:  2.00D  GRAD.:    52.386 HEAT: -39.70363
 CYCLE:    19 TIME:   0.230 TIME LEFT:  2.00D  GRAD.:   253.157 HEAT: -39.60867
 CYCLE:    20 TIME:   0.188 TIME LEFT:  2.00D  GRAD.:    47.653 HEAT: -39.98257
 CYCLE:    21 TIME:   0.184 TIME LEFT:  2.00D  GRAD.:    27.487 HEAT: -40.03011
 CYCLE:    22 TIME:   0.219 TIME LEFT:  2.00D  GRAD.:    40.997 HEAT: -40.09263
 CYCLE:    23 TIME:   0.152 TIME LEFT:  2.00D  GRAD.:    50.565 HEAT: -40.16955
 CYCLE:    24 TIME:   0.137 TIME LEFT:  2.00D  GRAD.:    48.876 HEAT: -40.30795
 CYCLE:    25 TIME:   0.297 TIME LEFT:  2.00D  GRAD.:   184.523 HEAT: -38.85777
 CYCLE:    26 TIME:   0.273 TIME LEFT:  2.00D  GRAD.:    25.862 HEAT: -40.44450
 CYCLE:    27 TIME:   0.230 TIME LEFT:  2.00D  GRAD.:    17.263 HEAT: -40.49653
 CYCLE:    28 TIME:   0.320 TIME LEFT:  2.00D  GRAD.:    24.876 HEAT: -40.56533
 CYCLE:    29 TIME:   0.320 TIME LEFT:  2.00D  GRAD.:    24.902 HEAT: -40.62130
 CYCLE:    30 TIME:   0.199 TIME LEFT:  2.00D  GRAD.:   108.228 HEAT: -40.43319
 CYCLE:    31 TIME:   0.172 TIME LEFT:  2.00D  GRAD.:    16.019 HEAT: -40.67679
 CYCLE:    32 TIME:   0.113 TIME LEFT:  2.00D  GRAD.:    12.562 HEAT: -40.69179
 CYCLE:    33 TIME:   0.180 TIME LEFT:  2.00D  GRAD.:    21.967 HEAT: -40.73346
 CYCLE:    34 TIME:   0.121 TIME LEFT:  2.00D  GRAD.:    56.156 HEAT: -40.75015
 CYCLE:    35 TIME:   0.098 TIME LEFT:  2.00D  GRAD.:    19.619 HEAT: -40.77544
 CYCLE:    36 TIME:   0.148 TIME LEFT:  2.00D  GRAD.:    10.072 HEAT: -40.78546
 CYCLE:    37 TIME:   0.102 TIME LEFT:  2.00D  GRAD.:    14.129 HEAT: -40.79163
 CYCLE:    38 TIME:   0.184 TIME LEFT:  2.00D  GRAD.:    18.299 HEAT: -40.80338
 CYCLE:    39 TIME:   0.184 TIME LEFT:  2.00D  GRAD.:    20.926 HEAT: -40.83776
 CYCLE:    40 TIME:   0.246 TIME LEFT:  2.00D  GRAD.:    23.728 HEAT: -40.89570
 CYCLE:    41 TIME:   0.191 TIME LEFT:  2.00D  GRAD.:    32.211 HEAT: -40.92255
 CYCLE:    42 TIME:   0.125 TIME LEFT:  2.00D  GRAD.:    16.693 HEAT: -40.97079
 CYCLE:    43 TIME:   0.145 TIME LEFT:  2.00D  GRAD.:    13.976 HEAT: -40.98902
 CYCLE:    44 TIME:   0.148 TIME LEFT:  2.00D  GRAD.:    12.397 HEAT: -41.01509
 CYCLE:    45 TIME:   0.152 TIME LEFT:  2.00D  GRAD.:    24.785 HEAT: -41.06332
 CYCLE:    46 TIME:   0.238 TIME LEFT:  2.00D  GRAD.:    19.012 HEAT: -41.10656
 CYCLE:    47 TIME:   0.188 TIME LEFT:  2.00D  GRAD.:    11.671 HEAT: -41.13299
 CYCLE:    48 TIME:   0.242 TIME LEFT:  2.00D  GRAD.:    18.774 HEAT: -41.15500
 CYCLE:    49 TIME:   0.152 TIME LEFT:  2.00D  GRAD.:    30.924 HEAT: -41.16071
 CYCLE:    50 TIME:   0.199 TIME LEFT:  2.00D  GRAD.:    10.219 HEAT: -41.18153
 CYCLE:    51 TIME:   0.125 TIME LEFT:  2.00D  GRAD.:    24.530 HEAT: -41.21376
 CYCLE:    52 TIME:   0.133 TIME LEFT:  2.00D  GRAD.:    29.322 HEAT: -41.24235
 CYCLE:    53 TIME:   0.137 TIME LEFT:  2.00D  GRAD.:    32.191 HEAT: -41.30522
 CYCLE:    54 TIME:   0.102 TIME LEFT:  2.00D  GRAD.:    34.161 HEAT: -41.36988
 CYCLE:    55 TIME:   0.160 TIME LEFT:  2.00D  GRAD.:    20.514 HEAT: -41.44227
 CYCLE:    56 TIME:   0.168 TIME LEFT:  2.00D  GRAD.:    15.643 HEAT: -41.49854
 CYCLE:    57 TIME:   0.227 TIME LEFT:  2.00D  GRAD.:    33.271 HEAT: -41.55990
 CYCLE:    58 TIME:   0.203 TIME LEFT:  2.00D  GRAD.:    34.497 HEAT: -41.70993
 CYCLE:    59 TIME:   0.152 TIME LEFT:  2.00D  GRAD.:    85.129 HEAT: -41.61689
 CYCLE:    60 TIME:   0.234 TIME LEFT:  2.00D  GRAD.:    23.619 HEAT: -41.82556
 CYCLE:    61 TIME:   0.188 TIME LEFT:  2.00D  GRAD.:    15.980 HEAT: -41.87415
 CYCLE:    62 TIME:   0.172 TIME LEFT:  2.00D  GRAD.:    27.245 HEAT: -41.94790
 CYCLE:    63 TIME:   0.207 TIME LEFT:  2.00D  GRAD.:   108.141 HEAT: -41.91652
 CYCLE:    64 TIME:   0.203 TIME LEFT:  2.00D  GRAD.:    22.982 HEAT: -42.01523
 CYCLE:    65 TIME:   0.219 TIME LEFT:  2.00D  GRAD.:    15.977 HEAT: -42.02644
 CYCLE:    66 TIME:   0.172 TIME LEFT:  2.00D  GRAD.:    15.658 HEAT: -42.06186
 CYCLE:    67 TIME:   0.164 TIME LEFT:  2.00D  GRAD.:    22.896 HEAT: -42.15450
 CYCLE:    68 TIME:   0.199 TIME LEFT:  2.00D  GRAD.:    40.438 HEAT: -42.20446
 CYCLE:    69 TIME:   0.102 TIME LEFT:  2.00D  GRAD.:    21.368 HEAT: -42.27409
 CYCLE:    70 TIME:   0.129 TIME LEFT:  2.00D  GRAD.:    14.757 HEAT: -42.34805
 CYCLE:    71 TIME:   0.098 TIME LEFT:  2.00D  GRAD.:    17.102 HEAT: -42.40005
 CYCLE:    72 TIME:   0.145 TIME LEFT:  2.00D  GRAD.:    18.586 HEAT: -42.50084
 CYCLE:    73 TIME:   0.113 TIME LEFT:  2.00D  GRAD.:    17.323 HEAT: -42.64303
 CYCLE:    74 TIME:   0.215 TIME LEFT:  2.00D  GRAD.:    32.818 HEAT: -42.72487
 CYCLE:    75 TIME:   0.207 TIME LEFT:  2.00D  GRAD.:    32.720 HEAT: -42.84684
 CYCLE:    76 TIME:   0.125 TIME LEFT:  2.00D  GRAD.:    13.068 HEAT: -42.93297
 CYCLE:    77 TIME:   0.203 TIME LEFT:  2.00D  GRAD.:    39.409 HEAT: -42.97606
 CYCLE:    78 TIME:   0.207 TIME LEFT:  2.00D  GRAD.:    55.772 HEAT: -43.00234
 CYCLE:    79 TIME:   0.199 TIME LEFT:  2.00D  GRAD.:    19.749 HEAT: -43.04278
 CYCLE:    80 TIME:   0.145 TIME LEFT:  2.00D  GRAD.:    23.329 HEAT: -43.08863
 CYCLE:    81 TIME:   0.148 TIME LEFT:  2.00D  GRAD.:    41.541 HEAT: -43.12034
 CYCLE:    82 TIME:   0.266 TIME LEFT:  2.00D  GRAD.:    36.474 HEAT: -43.16198
 CYCLE:    83 TIME:   0.164 TIME LEFT:  2.00D  GRAD.:    21.728 HEAT: -43.27370
 CYCLE:    84 TIME:   0.211 TIME LEFT:  2.00D  GRAD.:    38.774 HEAT: -43.41148
 CYCLE:    85 TIME:   0.152 TIME LEFT:  2.00D  GRAD.:    50.578 HEAT: -43.47672
 CYCLE:    86 TIME:   0.188 TIME LEFT:  2.00D  GRAD.:    36.085 HEAT: -43.56317
 CYCLE:    87 TIME:   0.242 TIME LEFT:  2.00D  GRAD.:    48.431 HEAT: -43.71596
 CYCLE:    88 TIME:   0.148 TIME LEFT:  2.00D  GRAD.:    54.870 HEAT: -43.80261
 CYCLE:    89 TIME:   0.180 TIME LEFT:  2.00D  GRAD.:    36.712 HEAT: -43.94542
 CYCLE:    90 TIME:   0.164 TIME LEFT:  2.00D  GRAD.:    43.861 HEAT: -44.07932
 CYCLE:    91 TIME:   0.215 TIME LEFT:  2.00D  GRAD.:    20.028 HEAT: -44.12021
 CYCLE:    92 TIME:   0.148 TIME LEFT:  2.00D  GRAD.:    17.102 HEAT: -44.14780
 CYCLE:    93 TIME:   0.215 TIME LEFT:  2.00D  GRAD.:   119.848 HEAT: -44.12337
 CYCLE:    94 TIME:   0.113 TIME LEFT:  2.00D  GRAD.:    28.971 HEAT: -44.23486
 CYCLE:    95 TIME:   0.176 TIME LEFT:  2.00D  GRAD.:    16.764 HEAT: -44.25469
 CYCLE:    96 TIME:   0.176 TIME LEFT:  2.00D  GRAD.:    18.791 HEAT: -44.28269
 CYCLE:    97 TIME:   0.129 TIME LEFT:  2.00D  GRAD.:    19.010 HEAT: -44.31182
 CYCLE:    98 TIME:   0.160 TIME LEFT:  2.00D  GRAD.:    29.488 HEAT: -44.38099
 CYCLE:    99 TIME:   0.152 TIME LEFT:  2.00D  GRAD.:    25.500 HEAT: -44.44110
 CYCLE:   100 TIME:   0.223 TIME LEFT:  2.00D  GRAD.:    14.339 HEAT: -44.49456
 CYCLE:   101 TIME:   0.258 TIME LEFT:  2.00D  GRAD.:    14.306 HEAT: -44.54522
 CYCLE:   102 TIME:   0.156 TIME LEFT:  2.00D  GRAD.:    22.903 HEAT: -44.58848
 CYCLE:   103 TIME:   0.227 TIME LEFT:  2.00D  GRAD.:    21.908 HEAT: -44.62673
 CYCLE:   104 TIME:   0.281 TIME LEFT:  2.00D  GRAD.:    13.278 HEAT: -44.65586
 CYCLE:   105 TIME:   0.180 TIME LEFT:  2.00D  GRAD.:    11.616 HEAT: -44.67397
 CYCLE:   106 TIME:   0.152 TIME LEFT:  2.00D  GRAD.:    11.957 HEAT: -44.70567
 CYCLE:   107 TIME:   0.188 TIME LEFT:  2.00D  GRAD.:    20.779 HEAT: -44.72927
 CYCLE:   108 TIME:   0.258 TIME LEFT:  2.00D  GRAD.:    70.910 HEAT: -44.70523
 CYCLE:   109 TIME:   0.188 TIME LEFT:  2.00D  GRAD.:    10.476 HEAT: -44.74569
 CYCLE:   110 TIME:   0.227 TIME LEFT:  2.00D  GRAD.:     8.293 HEAT: -44.74862
 CYCLE:   111 TIME:   0.266 TIME LEFT:  2.00D  GRAD.:     7.329 HEAT: -44.75945
 CYCLE:   112 TIME:   0.238 TIME LEFT:  2.00D  GRAD.:     8.179 HEAT: -44.76795
 CYCLE:   113 TIME:   0.145 TIME LEFT:  2.00D  GRAD.:    11.139 HEAT: -44.79216
 CYCLE:   114 TIME:   0.191 TIME LEFT:  2.00D  GRAD.:    27.486 HEAT: -44.80105
 CYCLE:   115 TIME:   0.242 TIME LEFT:  2.00D  GRAD.:    13.139 HEAT: -44.82192
 CYCLE:   116 TIME:   0.176 TIME LEFT:  2.00D  GRAD.:     8.000 HEAT: -44.83253
 CYCLE:   117 TIME:   0.215 TIME LEFT:  2.00D  GRAD.:    10.198 HEAT: -44.84217
 CYCLE:   118 TIME:   0.172 TIME LEFT:  2.00D  GRAD.:    11.351 HEAT: -44.85008
 CYCLE:   119 TIME:   0.152 TIME LEFT:  2.00D  GRAD.:     8.224 HEAT: -44.86075
 CYCLE:   120 TIME:   0.129 TIME LEFT:  2.00D  GRAD.:    18.907 HEAT: -44.87451
 CYCLE:   121 TIME:   0.223 TIME LEFT:  2.00D  GRAD.:    15.850 HEAT: -44.88191
 CYCLE:   122 TIME:   0.109 TIME LEFT:  2.00D  GRAD.:     5.860 HEAT: -44.88662
 CYCLE:   123 TIME:   0.145 TIME LEFT:  2.00D  GRAD.:     5.718 HEAT: -44.89024
 CYCLE:   124 TIME:   0.105 TIME LEFT:  2.00D  GRAD.:    16.935 HEAT: -44.89524
 CYCLE:   125 TIME:   0.102 TIME LEFT:  2.00D  GRAD.:     9.222 HEAT: -44.90093
 CYCLE:   126 TIME:   0.141 TIME LEFT:  2.00D  GRAD.:     6.480 HEAT: -44.90603
 CYCLE:   127 TIME:   0.102 TIME LEFT:  2.00D  GRAD.:     6.303 HEAT: -44.91466
 CYCLE:   128 TIME:   0.102 TIME LEFT:  2.00D  GRAD.:     7.584 HEAT: -44.92008
 CYCLE:   129 TIME:   0.203 TIME LEFT:  2.00D  GRAD.:     7.862 HEAT: -44.92816
 CYCLE:   130 TIME:   0.148 TIME LEFT:  2.00D  GRAD.:    38.984 HEAT: -44.89846
 CYCLE:   131 TIME:   0.250 TIME LEFT:  2.00D  GRAD.:     4.296 HEAT: -44.93425
 CYCLE:   132 TIME:   0.191 TIME LEFT:  2.00D  GRAD.:     3.654 HEAT: -44.93554
 CYCLE:   133 TIME:   0.211 TIME LEFT:  2.00D  GRAD.:     5.635 HEAT: -44.93981
 CYCLE:   134 TIME:   0.207 TIME LEFT:  2.00D  GRAD.:    11.972 HEAT: -44.94355
 CYCLE:   135 TIME:   0.145 TIME LEFT:  2.00D  GRAD.:     6.472 HEAT: -44.94711
 CYCLE:   136 TIME:   0.176 TIME LEFT:  2.00D  GRAD.:     4.205 HEAT: -44.95015
 CYCLE:   137 TIME:   0.125 TIME LEFT:  2.00D  GRAD.:    12.548 HEAT: -44.95136
 CYCLE:   138 TIME:   0.125 TIME LEFT:  2.00D  GRAD.:    15.291 HEAT: -44.95249
 CYCLE:   139 TIME:   0.113 TIME LEFT:  2.00D  GRAD.:     5.759 HEAT: -44.95488
 CYCLE:   140 TIME:   0.113 TIME LEFT:  2.00D  GRAD.:     3.395 HEAT: -44.95577
 CYCLE:   141 TIME:   0.125 TIME LEFT:  2.00D  GRAD.:     6.199 HEAT: -44.95736
 CYCLE:   142 TIME:   0.141 TIME LEFT:  2.00D  GRAD.:     6.593 HEAT: -44.95894
 CYCLE:   143 TIME:   0.133 TIME LEFT:  2.00D  GRAD.:     7.808 HEAT: -44.96377
 CYCLE:   144 TIME:   0.105 TIME LEFT:  2.00D  GRAD.:     8.537 HEAT: -44.96971
 CYCLE:   145 TIME:   0.125 TIME LEFT:  2.00D  GRAD.:    13.353 HEAT: -44.96902
 CYCLE:   146 TIME:   0.191 TIME LEFT:  2.00D  GRAD.:     4.133 HEAT: -44.97518
 CYCLE:   147 TIME:   0.105 TIME LEFT:  2.00D  GRAD.:     3.372 HEAT: -44.97693
 CYCLE:   148 TIME:   0.117 TIME LEFT:  2.00D  GRAD.:     7.334 HEAT: -44.98286
 CYCLE:   149 TIME:   0.117 TIME LEFT:  2.00D  GRAD.:    11.440 HEAT: -44.98673
 CYCLE:   150 TIME:   0.109 TIME LEFT:  2.00D  GRAD.:     4.575 HEAT: -44.98953
 CYCLE:   151 TIME:   0.125 TIME LEFT:  2.00D  GRAD.:     3.642 HEAT: -44.99068
 CYCLE:   152 TIME:   0.105 TIME LEFT:  2.00D  GRAD.:     3.896 HEAT: -44.99347
 CYCLE:   153 TIME:   0.098 TIME LEFT:  2.00D  GRAD.:     9.744 HEAT: -44.99665
 CYCLE:   154 TIME:   0.094 TIME LEFT:  2.00D  GRAD.:    10.592 HEAT: -44.99907
 CYCLE:   155 TIME:   0.109 TIME LEFT:  2.00D  GRAD.:     5.150 HEAT: -45.00099
 CYCLE:   156 TIME:   0.145 TIME LEFT:  2.00D  GRAD.:     5.099 HEAT: -45.00148
 CYCLE:   157 TIME:   0.090 TIME LEFT:  2.00D  GRAD.:     3.591 HEAT: -45.00400
 CYCLE:   158 TIME:   0.109 TIME LEFT:  2.00D  GRAD.:     3.752 HEAT: -45.00810
 CYCLE:   159 TIME:   0.082 TIME LEFT:  2.00D  GRAD.:    13.085 HEAT: -45.00813
 CYCLE:   160 TIME:   0.098 TIME LEFT:  2.00D  GRAD.:     3.677 HEAT: -45.01289
 CYCLE:   161 TIME:   0.102 TIME LEFT:  2.00D  GRAD.:     2.806 HEAT: -45.01466
 CYCLE:   162 TIME:   0.070 TIME LEFT:  2.00D  GRAD.:     3.506 HEAT: -45.01658
 CYCLE:   163 TIME:   0.094 TIME LEFT:  2.00D  GRAD.:     8.272 HEAT: -45.01952
 CYCLE:   164 TIME:   0.094 TIME LEFT:  2.00D  GRAD.:     3.692 HEAT: -45.02286
 CYCLE:   165 TIME:   0.094 TIME LEFT:  2.00D  GRAD.:     3.444 HEAT: -45.02484
 CYCLE:   166 TIME:   0.074 TIME LEFT:  2.00D  GRAD.:     4.469 HEAT: -45.02953
 CYCLE:   167 TIME:   0.094 TIME LEFT:  2.00D  GRAD.:     8.387 HEAT: -45.03541
 CYCLE:   168 TIME:   0.082 TIME LEFT:  2.00D  GRAD.:    47.770 HEAT: -45.02333
 CYCLE:   169 TIME:   0.086 TIME LEFT:  2.00D  GRAD.:     5.966 HEAT: -45.03981
 CYCLE:   170 TIME:   0.070 TIME LEFT:  2.00D  GRAD.:     4.896 HEAT: -45.04078
 CYCLE:   171 TIME:   0.066 TIME LEFT:  2.00D  GRAD.:     4.002 HEAT: -45.04394
 CYCLE:   172 TIME:   0.078 TIME LEFT:  2.00D  GRAD.:     6.431 HEAT: -45.04713
 CYCLE:   173 TIME:   0.078 TIME LEFT:  2.00D  GRAD.:     5.258 HEAT: -45.05116
 CYCLE:   174 TIME:   0.094 TIME LEFT:  2.00D  GRAD.:    18.774 HEAT: -45.04649
 CYCLE:   175 TIME:   0.066 TIME LEFT:  2.00D  GRAD.:     3.460 HEAT: -45.05603
 CYCLE:   176 TIME:   0.066 TIME LEFT:  2.00D  GRAD.:     2.623 HEAT: -45.05724
 CYCLE:   177 TIME:   0.066 TIME LEFT:  2.00D  GRAD.:     7.115 HEAT: -45.06079
 CYCLE:   178 TIME:   0.074 TIME LEFT:  2.00D  GRAD.:    10.813 HEAT: -45.06229
 CYCLE:   179 TIME:   0.082 TIME LEFT:  2.00D  GRAD.:     4.105 HEAT: -45.06507
 CYCLE:   180 TIME:   0.078 TIME LEFT:  2.00D  GRAD.:     4.763 HEAT: -45.06705
 CYCLE:   181 TIME:   0.082 TIME LEFT:  2.00D  GRAD.:     4.312 HEAT: -45.06855
 CYCLE:   182 TIME:   0.074 TIME LEFT:  2.00D  GRAD.:     9.482 HEAT: -45.07286
 CYCLE:   183 TIME:   0.098 TIME LEFT:  2.00D  GRAD.:     8.365 HEAT: -45.07536
 CYCLE:   184 TIME:   0.098 TIME LEFT:  2.00D  GRAD.:     3.620 HEAT: -45.07710
 CYCLE:   185 TIME:   0.086 TIME LEFT:  2.00D  GRAD.:     4.083 HEAT: -45.07780
 CYCLE:   186 TIME:   0.086 TIME LEFT:  2.00D  GRAD.:     4.683 HEAT: -45.07991
 CYCLE:   187 TIME:   0.082 TIME LEFT:  2.00D  GRAD.:     4.707 HEAT: -45.08406
 CYCLE:   188 TIME:   0.094 TIME LEFT:  2.00D  GRAD.:    10.116 HEAT: -45.08422
 CYCLE:   189 TIME:   0.078 TIME LEFT:  2.00D  GRAD.:     3.270 HEAT: -45.08719
 CYCLE:   190 TIME:   0.098 TIME LEFT:  2.00D  GRAD.:     2.510 HEAT: -45.08842
 CYCLE:   191 TIME:   0.082 TIME LEFT:  2.00D  GRAD.:     3.543 HEAT: -45.09077
 CYCLE:   192 TIME:   0.074 TIME LEFT:  2.00D  GRAD.:     6.078 HEAT: -45.09230
 CYCLE:   193 TIME:   0.098 TIME LEFT:  2.00D  GRAD.:     2.940 HEAT: -45.09372
 CYCLE:   194 TIME:   0.086 TIME LEFT:  2.00D  GRAD.:     2.920 HEAT: -45.09479
 CYCLE:   195 TIME:   0.094 TIME LEFT:  2.00D  GRAD.:     8.342 HEAT: -45.09589
 CYCLE:   196 TIME:   0.086 TIME LEFT:  2.00D  GRAD.:     3.143 HEAT: -45.09714
 CYCLE:   197 TIME:   0.070 TIME LEFT:  2.00D  GRAD.:     3.167 HEAT: -45.09766
 CYCLE:   198 TIME:   0.066 TIME LEFT:  2.00D  GRAD.:     2.660 HEAT: -45.09821
 CYCLE:   199 TIME:   0.070 TIME LEFT:  2.00D  GRAD.:     3.766 HEAT: -45.09909
 CYCLE:   200 TIME:   0.070 TIME LEFT:  2.00D  GRAD.:    10.990 HEAT: -45.09877
 CYCLE:   201 TIME:   0.074 TIME LEFT:  2.00D  GRAD.:     2.034 HEAT: -45.10065
 CYCLE:   202 TIME:   0.066 TIME LEFT:  2.00D  GRAD.:     2.011 HEAT: -45.10112
 CYCLE:   203 TIME:   0.098 TIME LEFT:  2.00D  GRAD.:     2.811 HEAT: -45.10209
 CYCLE:   204 TIME:   0.094 TIME LEFT:  2.00D  GRAD.:     9.230 HEAT: -45.10112
 CYCLE:   205 TIME:   0.086 TIME LEFT:  2.00D  GRAD.:     2.275 HEAT: -45.10303
 CYCLE:   206 TIME:   0.090 TIME LEFT:  2.00D  GRAD.:     1.429 HEAT: -45.10334
 CYCLE:   207 TIME:   0.086 TIME LEFT:  2.00D  GRAD.:     3.506 HEAT: -45.10382
 CYCLE:   208 TIME:   0.066 TIME LEFT:  2.00D  GRAD.:     3.141 HEAT: -45.10409
 CYCLE:   209 TIME:   0.074 TIME LEFT:  2.00D  GRAD.:     2.729 HEAT: -45.10444
 CYCLE:   210 TIME:   0.098 TIME LEFT:  2.00D  GRAD.:     5.097 HEAT: -45.10520
 CYCLE:   211 TIME:   0.066 TIME LEFT:  2.00D  GRAD.:     2.996 HEAT: -45.10580
 CYCLE:   212 TIME:   0.086 TIME LEFT:  2.00D  GRAD.:     2.000 HEAT: -45.10611
 CYCLE:   213 TIME:   0.078 TIME LEFT:  2.00D  GRAD.:     2.586 HEAT: -45.10663
 CYCLE:   214 TIME:   0.082 TIME LEFT:  2.00D  GRAD.:     3.871 HEAT: -45.10781
 CYCLE:   215 TIME:   0.086 TIME LEFT:  2.00D  GRAD.:     5.119 HEAT: -45.10831
 CYCLE:   216 TIME:   0.062 TIME LEFT:  2.00D  GRAD.:     3.475 HEAT: -45.10863
 CYCLE:   217 TIME:   0.074 TIME LEFT:  2.00D  GRAD.:     2.188 HEAT: -45.10881
 CYCLE:   218 TIME:   0.082 TIME LEFT:  2.00D  GRAD.:     1.391 HEAT: -45.10902
 CYCLE:   219 TIME:   0.094 TIME LEFT:  2.00D  GRAD.:     1.352 HEAT: -45.10935
 CYCLE:   220 TIME:   0.070 TIME LEFT:  2.00D  GRAD.:     1.788 HEAT: -45.10982
 CYCLE:   221 TIME:   0.066 TIME LEFT:  2.00D  GRAD.:     2.714 HEAT: -45.11002
 CYCLE:   222 TIME:   0.066 TIME LEFT:  2.00D  GRAD.:     0.958 HEAT: -45.11024
 CYCLE:   223 TIME:   0.082 TIME LEFT:  2.00D  GRAD.:     1.710 HEAT: -45.11047
 CYCLE:   224 TIME:   0.098 TIME LEFT:  2.00D  GRAD.:     1.613 HEAT: -45.11062
 CYCLE:   225 TIME:   0.094 TIME LEFT:  2.00D  GRAD.:     4.318 HEAT: -45.11097
 CYCLE:   226 TIME:   0.090 TIME LEFT:  2.00D  GRAD.:     1.801 HEAT: -45.11132
 CYCLE:   227 TIME:   0.098 TIME LEFT:  2.00D  GRAD.:     1.451 HEAT: -45.11148
 CYCLE:   228 TIME:   0.102 TIME LEFT:  2.00D  GRAD.:     1.490 HEAT: -45.11166
 CYCLE:   229 TIME:   0.098 TIME LEFT:  2.00D  GRAD.:     1.598 HEAT: -45.11210
 CYCLE:   230 TIME:   0.094 TIME LEFT:  2.00D  GRAD.:     2.275 HEAT: -45.11235
 CYCLE:   231 TIME:   0.066 TIME LEFT:  2.00D  GRAD.:     2.401 HEAT: -45.11252
 CYCLE:   232 TIME:   0.070 TIME LEFT:  2.00D  GRAD.:     1.381 HEAT: -45.11264
 CYCLE:   233 TIME:   0.070 TIME LEFT:  2.00D  GRAD.:     0.979 HEAT: -45.11280
 CYCLE:   234 TIME:   0.074 TIME LEFT:  2.00D  GRAD.:     1.867 HEAT: -45.11308
 CYCLE:   235 TIME:   0.082 TIME LEFT:  2.00D  GRAD.:     1.753 HEAT: -45.11332
 CYCLE:   236 TIME:   0.082 TIME LEFT:  2.00D  GRAD.:     5.751 HEAT: -45.11334
 CYCLE:   237 TIME:   0.066 TIME LEFT:  2.00D  GRAD.:     1.223 HEAT: -45.11376
 CYCLE:   238 TIME:   0.062 TIME LEFT:  2.00D  GRAD.:     1.109 HEAT: -45.11386
 CYCLE:   239 TIME:   0.070 TIME LEFT:  2.00D  GRAD.:     2.756 HEAT: -45.11401
 CYCLE:   240 TIME:   0.094 TIME LEFT:  2.00D  GRAD.:     2.651 HEAT: -45.11418
 CYCLE:   241 TIME:   0.094 TIME LEFT:  2.00D  GRAD.:     3.173 HEAT: -45.11440
 CYCLE:   242 TIME:   0.094 TIME LEFT:  2.00D  GRAD.:     1.536 HEAT: -45.11480
 CYCLE:   243 TIME:   0.098 TIME LEFT:  2.00D  GRAD.:     0.996 HEAT: -45.11509
 CYCLE:   244 TIME:   0.098 TIME LEFT:  2.00D  GRAD.:     1.071 HEAT: -45.11530
 CYCLE:   245 TIME:   0.070 TIME LEFT:  2.00D  GRAD.:     7.702 HEAT: -45.11486
 CYCLE:   246 TIME:   0.078 TIME LEFT:  2.00D  GRAD.:     5.590 HEAT: -45.11473
 CYCLE:   247 TIME:   0.078 TIME LEFT:  2.00D  GRAD.:     2.107 HEAT: -45.11555
 CYCLE:   248 TIME:   0.070 TIME LEFT:  2.00D  GRAD.:     1.124 HEAT: -45.11562
 CYCLE:   249 TIME:   0.066 TIME LEFT:  2.00D  GRAD.:     2.018 HEAT: -45.11566
 CYCLE:   250 TIME:   0.074 TIME LEFT:  2.00D  GRAD.:     2.191 HEAT: -45.11579
 CYCLE:   251 TIME:   0.074 TIME LEFT:  2.00D  GRAD.:     3.441 HEAT: -45.11576
 CYCLE:   252 TIME:   0.070 TIME LEFT:  2.00D  GRAD.:     1.327 HEAT: -45.11598
 CYCLE:   253 TIME:   0.070 TIME LEFT:  2.00D  GRAD.:     6.556 HEAT: -45.11554
 CYCLE:   254 TIME:   0.070 TIME LEFT:  2.00D  GRAD.:     0.909 HEAT: -45.11609
 CYCLE:   255 TIME:   0.074 TIME LEFT:  2.00D  GRAD.:     0.877 HEAT: -45.11610
 CYCLE:   256 TIME:   0.070 TIME LEFT:  2.00D  GRAD.:     1.203 HEAT: -45.11628
 CYCLE:   257 TIME:   0.070 TIME LEFT:  2.00D  GRAD.:     1.870 HEAT: -45.11673
 CYCLE:   258 TIME:   0.062 TIME LEFT:  2.00D  GRAD.:     1.774 HEAT: -45.11690
 CYCLE:   259 TIME:   0.062 TIME LEFT:  2.00D  GRAD.:     0.932 HEAT: -45.11706
 CYCLE:   260 TIME:   0.066 TIME LEFT:  2.00D  GRAD.:     1.011 HEAT: -45.11723
 CYCLE:   261 TIME:   0.066 TIME LEFT:  2.00D  GRAD.:     2.789 HEAT: -45.11737
 CYCLE:   262 TIME:   0.074 TIME LEFT:  2.00D  GRAD.:     1.647 HEAT: -45.11749
 CYCLE:   263 TIME:   0.102 TIME LEFT:  2.00D  GRAD.:     1.001 HEAT: -45.11758
 CYCLE:   264 TIME:   0.086 TIME LEFT:  2.00D  GRAD.:     0.862 HEAT: -45.11765
 CYCLE:   265 TIME:   0.062 TIME LEFT:  2.00D  GRAD.:     1.089 HEAT: -45.11775
 CYCLE:   266 TIME:   0.066 TIME LEFT:  2.00D  GRAD.:     1.304 HEAT: -45.11790
 CYCLE:   267 TIME:   0.070 TIME LEFT:  2.00D  GRAD.:     4.116 HEAT: -45.11786
 CYCLE:   268 TIME:   0.062 TIME LEFT:  2.00D  GRAD.:     0.751 HEAT: -45.11802
 CYCLE:   269 TIME:   0.066 TIME LEFT:  2.00D  GRAD.:     0.559 HEAT: -45.11804
 CYCLE:   270 TIME:   0.078 TIME LEFT:  2.00D  GRAD.:     0.965 HEAT: -45.11809
 CYCLE:   271 TIME:   0.070 TIME LEFT:  2.00D  GRAD.:     1.058 HEAT: -45.11814
 CYCLE:   272 TIME:   0.094 TIME LEFT:  2.00D  GRAD.:     0.729 HEAT: -45.11829
 CYCLE:   273 TIME:   0.074 TIME LEFT:  2.00D  GRAD.:     1.066 HEAT: -45.11842
 CYCLE:   274 TIME:   0.078 TIME LEFT:  2.00D  GRAD.:     0.851 HEAT: -45.11850
 CYCLE:   275 TIME:   0.086 TIME LEFT:  2.00D  GRAD.:     2.771 HEAT: -45.11854
 CYCLE:   276 TIME:   0.078 TIME LEFT:  2.00D  GRAD.:     0.669 HEAT: -45.11863
 CYCLE:   277 TIME:   0.078 TIME LEFT:  2.00D  GRAD.:     0.655 HEAT: -45.11866
 CYCLE:   278 TIME:   0.090 TIME LEFT:  2.00D  GRAD.:     0.670 HEAT: -45.11870
 CYCLE:   279 TIME:   0.102 TIME LEFT:  2.00D  GRAD.:     0.629 HEAT: -45.11877
 CYCLE:   280 TIME:   0.090 TIME LEFT:  2.00D  GRAD.:     0.716 HEAT: -45.11883
 CYCLE:   281 TIME:   0.090 TIME LEFT:  2.00D  GRAD.:     0.789 HEAT: -45.11891
 CYCLE:   282 TIME:   0.070 TIME LEFT:  2.00D  GRAD.:     1.068 HEAT: -45.11900
 CYCLE:   283 TIME:   0.094 TIME LEFT:  2.00D  GRAD.:     3.473 HEAT: -45.11895
 CYCLE:   284 TIME:   0.070 TIME LEFT:  2.00D  GRAD.:     0.769 HEAT: -45.11907
 CYCLE:   285 TIME:   0.098 TIME LEFT:  2.00D  GRAD.:     0.515 HEAT: -45.11907
 CYCLE:   286 TIME:   0.098 TIME LEFT:  2.00D  GRAD.:     0.456 HEAT: -45.11910
 CYCLE:   287 TIME:   0.082 TIME LEFT:  2.00D  GRAD.:     0.694 HEAT: -45.11919
 CYCLE:   288 TIME:   0.082 TIME LEFT:  2.00D  GRAD.:     6.624 HEAT: -45.11825
 CYCLE:   289 TIME:   0.094 TIME LEFT:  2.00D  GRAD.:     0.671 HEAT: -45.11928
 CYCLE:   290 TIME:   0.066 TIME LEFT:  2.00D  GRAD.:     0.549 HEAT: -45.11929
 CYCLE:   291 TIME:   0.066 TIME LEFT:  2.00D  GRAD.:     0.556 HEAT: -45.11937
 CYCLE:   292 TIME:   0.078 TIME LEFT:  2.00D  GRAD.:     2.728 HEAT: -45.11932
 CYCLE:   293 TIME:   0.090 TIME LEFT:  2.00D  GRAD.:     0.500 HEAT: -45.11940
 CYCLE:   294 TIME:   0.066 TIME LEFT:  2.00D  GRAD.:     0.457 HEAT: -45.11941
 CYCLE:   295 TIME:   0.066 TIME LEFT:  2.00D  GRAD.:     0.527 HEAT: -45.11946
 CYCLE:   296 TIME:   0.074 TIME LEFT:  2.00D  GRAD.:     1.056 HEAT: -45.11954
 CYCLE:   297 TIME:   0.066 TIME LEFT:  2.00D  GRAD.:     4.748 HEAT: -45.11936
 CYCLE:   298 TIME:   0.062 TIME LEFT:  2.00D  GRAD.:     0.456 HEAT: -45.11957
 CYCLE:   299 TIME:   0.062 TIME LEFT:  2.00D  GRAD.:     0.436 HEAT: -45.11957
 CYCLE:   300 TIME:   0.066 TIME LEFT:  2.00D  GRAD.:     0.546 HEAT: -45.11961
 CYCLE:   301 TIME:   0.066 TIME LEFT:  2.00D  GRAD.:     0.429 HEAT: -45.11967
 CYCLE:   302 TIME:   0.074 TIME LEFT:  2.00D  GRAD.:     0.601 HEAT: -45.11977
 CYCLE:   303 TIME:   0.074 TIME LEFT:  2.00D  GRAD.:     0.811 HEAT: -45.11985
 CYCLE:   304 TIME:   0.066 TIME LEFT:  2.00D  GRAD.:     2.381 HEAT: -45.11978
 CYCLE:   305 TIME:   0.070 TIME LEFT:  2.00D  GRAD.:     0.391 HEAT: -45.11989
 CYCLE:   306 TIME:   0.098 TIME LEFT:  2.00D  GRAD.:     0.430 HEAT: -45.11990
 CYCLE:   307 TIME:   0.066 TIME LEFT:  2.00D  GRAD.:     0.483 HEAT: -45.11996
 CYCLE:   308 TIME:   0.078 TIME LEFT:  2.00D  GRAD.:     1.174 HEAT: -45.12000
 CYCLE:   309 TIME:   0.094 TIME LEFT:  2.00D  GRAD.:     1.207 HEAT: -45.12002
 CYCLE:   310 TIME:   0.090 TIME LEFT:  2.00D  GRAD.:     0.521 HEAT: -45.12006
 CYCLE:   311 TIME:   0.078 TIME LEFT:  2.00D  GRAD.:     0.516 HEAT: -45.12009
 CYCLE:   312 TIME:   0.074 TIME LEFT:  2.00D  GRAD.:     0.658 HEAT: -45.12011
 CYCLE:   313 TIME:   0.082 TIME LEFT:  2.00D  GRAD.:     2.414 HEAT: -45.12008
 CYCLE:   314 TIME:   0.070 TIME LEFT:  2.00D  GRAD.:     0.611 HEAT: -45.12014
 CYCLE:   315 TIME:   0.090 TIME LEFT:  2.00D  GRAD.:     0.342 HEAT: -45.12015
 CYCLE:   316 TIME:   0.078 TIME LEFT:  2.00D  GRAD.:     0.339 HEAT: -45.12017
 CYCLE:   317 TIME:   0.094 TIME LEFT:  2.00D  GRAD.:     0.614 HEAT: -45.12020
 CYCLE:   318 TIME:   0.074 TIME LEFT:  2.00D  GRAD.:     2.211 HEAT: -45.12010
 CYCLE:   319 TIME:   0.066 TIME LEFT:  2.00D  GRAD.:     1.722 HEAT: -45.12018
 CYCLE:   320 TIME:   0.066 TIME LEFT:  2.00D  GRAD.:     5.398 HEAT: -45.11957
 CYCLE:   321 TIME:   0.066 TIME LEFT:  2.00D  GRAD.:     2.903 HEAT: -45.11997
 CYCLE:   322 TIME:   0.090 TIME LEFT:  2.00D  GRAD.:     0.875 HEAT: -45.12026
 CYCLE:   323 TIME:   0.066 TIME LEFT:  2.00D  GRAD.:    13.950 HEAT: -45.11809
 CYCLE:   324 TIME:   0.078 TIME LEFT:  2.00D  GRAD.:     0.572 HEAT: -45.12026
 CYCLE:   325 TIME:   0.070 TIME LEFT:  2.00D  GRAD.:     2.360 HEAT: -45.12006
 CYCLE:   326 TIME:   0.082 TIME LEFT:  2.00D  GRAD.:     2.325 HEAT: -45.12008
 CYCLE:   327 TIME:   0.078 TIME LEFT:  2.00D  GRAD.:     1.945 HEAT: -45.12024
 CYCLE:   328 TIME:   0.062 TIME LEFT:  2.00D  GRAD.:     3.129 HEAT: -45.12022
 CYCLE:   329 TIME:   0.070 TIME LEFT:  2.00D  GRAD.:     0.261 HEAT: -45.12033
 CYCLE:   330 TIME:   0.066 TIME LEFT:  2.00D  GRAD.:     0.372 HEAT: -45.12032
 CYCLE:   331 TIME:   0.082 TIME LEFT:  2.00D  GRAD.:     0.293 HEAT: -45.12034
 CYCLE:   332 TIME:   0.082 TIME LEFT:  2.00D  GRAD.:     1.065 HEAT: -45.12035
 CYCLE:   333 TIME:   0.074 TIME LEFT:  2.00D  GRAD.:     0.704 HEAT: -45.12038
 CYCLE:   334 TIME:   0.062 TIME LEFT:  2.00D  GRAD.:     0.252 HEAT: -45.12042
 CYCLE:   335 TIME:   0.094 TIME LEFT:  2.00D  GRAD.:     0.431 HEAT: -45.12046
 CYCLE:   336 TIME:   0.086 TIME LEFT:  2.00D  GRAD.:     0.781 HEAT: -45.12051
 CYCLE:   337 TIME:   0.066 TIME LEFT:  2.00D  GRAD.:     4.271 HEAT: -45.12040
 CYCLE:   338 TIME:   0.066 TIME LEFT:  2.00D  GRAD.:     0.729 HEAT: -45.12056
 CYCLE:   339 TIME:   0.066 TIME LEFT:  2.00D  GRAD.:     0.387 HEAT: -45.12057
 CYCLE:   340 TIME:   0.082 TIME LEFT:  2.00D  GRAD.:     1.932 HEAT: -45.12054
 CYCLE:   341 TIME:   0.152 TIME LEFT:  2.00D  GRAD.:     0.498 HEAT: -45.12058
 CYCLE:   342 TIME:   0.094 TIME LEFT:  2.00D  GRAD.:     0.350 HEAT: -45.12059
 CYCLE:   343 TIME:   0.062 TIME LEFT:  2.00D  GRAD.:     1.619 HEAT: -45.12057
 CYCLE:   344 TIME:   0.078 TIME LEFT:  2.00D  GRAD.:     0.526 HEAT: -45.12060
 CYCLE:   345 TIME:   0.074 TIME LEFT:  2.00D  GRAD.:     0.288 HEAT: -45.12061
 CYCLE:   346 TIME:   0.098 TIME LEFT:  2.00D  GRAD.:     0.711 HEAT: -45.12061
 CYCLE:   347 TIME:   0.078 TIME LEFT:  2.00D  GRAD.:     0.401 HEAT: -45.12063
 CYCLE:   348 TIME:   0.184 TIME LEFT:  2.00D  GRAD.:     1.115 HEAT: -45.12064
 CYCLE:   349 TIME:   0.062 TIME LEFT:  2.00D  GRAD.:     0.564 HEAT: -45.12065
 CYCLE:   350 TIME:   0.082 TIME LEFT:  2.00D  GRAD.:     0.252 HEAT: -45.12068
 CYCLE:   351 TIME:   0.074 TIME LEFT:  2.00D  GRAD.:     0.343 HEAT: -45.12068
 CYCLE:   352 TIME:   0.070 TIME LEFT:  2.00D  GRAD.:     0.576 HEAT: -45.12070
 CYCLE:   353 TIME:   0.098 TIME LEFT:  2.00D  GRAD.:     0.269 HEAT: -45.12073
 CYCLE:   354 TIME:   0.098 TIME LEFT:  2.00D  GRAD.:     0.761 HEAT: -45.12075
 CYCLE:   355 TIME:   0.117 TIME LEFT:  2.00D  GRAD.:     4.738 HEAT: -45.12062
 CYCLE:   356 TIME:   0.090 TIME LEFT:  2.00D  GRAD.:     0.470 HEAT: -45.12076
 CYCLE:   357 TIME:   0.074 TIME LEFT:  2.00D  GRAD.:     0.451 HEAT: -45.12077
 CYCLE:   358 TIME:   0.082 TIME LEFT:  2.00D  GRAD.:     2.458 HEAT: -45.12037
 CYCLE:   359 TIME:   0.082 TIME LEFT:  2.00D  GRAD.:     0.336 HEAT: -45.12080
 CYCLE:   360 TIME:   0.094 TIME LEFT:  2.00D  GRAD.:     0.237 HEAT: -45.12081
 CYCLE:   361 TIME:   0.082 TIME LEFT:  2.00D  GRAD.:     0.253 HEAT: -45.12083
 CYCLE:   362 TIME:   0.074 TIME LEFT:  2.00D  GRAD.:     0.498 HEAT: -45.12085
 CYCLE:   363 TIME:   0.090 TIME LEFT:  2.00D  GRAD.:     0.276 HEAT: -45.12087
 CYCLE:   364 TIME:   0.090 TIME LEFT:  2.00D  GRAD.:     0.247 HEAT: -45.12089
 CYCLE:   365 TIME:   0.094 TIME LEFT:  2.00D  GRAD.:     0.489 HEAT: -45.12091
 CYCLE:   366 TIME:   0.082 TIME LEFT:  2.00D  GRAD.:     0.681 HEAT: -45.12093
 CYCLE:   367 TIME:   0.078 TIME LEFT:  2.00D  GRAD.:     0.325 HEAT: -45.12095
 CYCLE:   368 TIME:   0.125 TIME LEFT:  2.00D  GRAD.:     0.380 HEAT: -45.12096
 CYCLE:   369 TIME:   0.074 TIME LEFT:  2.00D  GRAD.:     0.756 HEAT: -45.12097
 CYCLE:   370 TIME:   0.074 TIME LEFT:  2.00D  GRAD.:     0.518 HEAT: -45.12099
 CYCLE:   371 TIME:   0.062 TIME LEFT:  2.00D  GRAD.:     0.305 HEAT: -45.12101
 CYCLE:   372 TIME:   0.066 TIME LEFT:  2.00D  GRAD.:     0.310 HEAT: -45.12103
 CYCLE:   373 TIME:   0.070 TIME LEFT:  2.00D  GRAD.:     0.398 HEAT: -45.12106
 CYCLE:   374 TIME:   0.082 TIME LEFT:  2.00D  GRAD.:     0.486 HEAT: -45.12108
 CYCLE:   375 TIME:   0.094 TIME LEFT:  2.00D  GRAD.:     0.468 HEAT: -45.12110
 CYCLE:   376 TIME:   0.176 TIME LEFT:  2.00D  GRAD.:     0.269 HEAT: -45.12112
 CYCLE:   377 TIME:   0.082 TIME LEFT:  2.00D  GRAD.:     0.370 HEAT: -45.12114
 CYCLE:   378 TIME:   0.070 TIME LEFT:  2.00D  GRAD.:     0.510 HEAT: -45.12117
 CYCLE:   379 TIME:   0.078 TIME LEFT:  2.00D  GRAD.:     0.636 HEAT: -45.12120
 CYCLE:   380 TIME:   0.070 TIME LEFT:  2.00D  GRAD.:     0.462 HEAT: -45.12123
 CYCLE:   381 TIME:   0.078 TIME LEFT:  2.00D  GRAD.:     0.860 HEAT: -45.12123
 CYCLE:   382 TIME:   0.082 TIME LEFT:  2.00D  GRAD.:     1.333 HEAT: -45.12123
 CYCLE:   383 TIME:   0.090 TIME LEFT:  2.00D  GRAD.:     0.212 HEAT: -45.12125
 CYCLE:   384 TIME:   0.090 TIME LEFT:  2.00D  GRAD.:     0.372 HEAT: -45.12125
 CYCLE:   385 TIME:   0.082 TIME LEFT:  2.00D  GRAD.:     0.298 HEAT: -45.12126
 CYCLE:   386 TIME:   0.074 TIME LEFT:  2.00D  GRAD.:     0.217 HEAT: -45.12128
 CYCLE:   387 TIME:   0.070 TIME LEFT:  2.00D  GRAD.:     1.136 HEAT: -45.12128
 CYCLE:   388 TIME:   0.074 TIME LEFT:  2.00D  GRAD.:     0.336 HEAT: -45.12130
 CYCLE:   389 TIME:   0.070 TIME LEFT:  2.00D  GRAD.:     0.208 HEAT: -45.12131
 CYCLE:   390 TIME:   0.090 TIME LEFT:  2.00D  GRAD.:     0.245 HEAT: -45.12132
 CYCLE:   391 TIME:   0.074 TIME LEFT:  2.00D  GRAD.:     0.377 HEAT: -45.12133
 CYCLE:   392 TIME:   0.066 TIME LEFT:  2.00D  GRAD.:     0.543 HEAT: -45.12134
 CYCLE:   393 TIME:   0.062 TIME LEFT:  2.00D  GRAD.:     0.228 HEAT: -45.12135
 CYCLE:   394 TIME:   0.086 TIME LEFT:  2.00D  GRAD.:     0.263 HEAT: -45.12136
 CYCLE:   395 TIME:   0.066 TIME LEFT:  2.00D  GRAD.:     0.357 HEAT: -45.12137
 CYCLE:   396 TIME:   0.062 TIME LEFT:  2.00D  GRAD.:     0.255 HEAT: -45.12138
 CYCLE:   397 TIME:   0.062 TIME LEFT:  2.00D  GRAD.:     0.736 HEAT: -45.12138
 CYCLE:   398 TIME:   0.062 TIME LEFT:  2.00D  GRAD.:     0.291 HEAT: -45.12139
 CYCLE:   399 TIME:   0.062 TIME LEFT:  2.00D  GRAD.:     0.286 HEAT: -45.12140
 CYCLE:   400 TIME:   0.066 TIME LEFT:  2.00D  GRAD.:     0.353 HEAT: -45.12140
 CYCLE:   401 TIME:   0.062 TIME LEFT:  2.00D  GRAD.:     0.223 HEAT: -45.12141
 CYCLE:   402 TIME:   0.066 TIME LEFT:  2.00D  GRAD.:     0.234 HEAT: -45.12143
 CYCLE:   403 TIME:   0.062 TIME LEFT:  2.00D  GRAD.:     0.639 HEAT: -45.12143
 CYCLE:   404 TIME:   0.062 TIME LEFT:  2.00D  GRAD.:     0.387 HEAT: -45.12144
 CYCLE:   405 TIME:   0.062 TIME LEFT:  2.00D  GRAD.:     0.278 HEAT: -45.12145
 CYCLE:   406 TIME:   0.066 TIME LEFT:  2.00D  GRAD.:     0.277 HEAT: -45.12146
 CYCLE:   407 TIME:   0.066 TIME LEFT:  2.00D  GRAD.:     0.381 HEAT: -45.12147
 CYCLE:   408 TIME:   0.066 TIME LEFT:  2.00D  GRAD.:     0.220 HEAT: -45.12149
 CYCLE:   409 TIME:   0.062 TIME LEFT:  2.00D  GRAD.:     0.319 HEAT: -45.12149
 CYCLE:   410 TIME:   0.070 TIME LEFT:  2.00D  GRAD.:     0.368 HEAT: -45.12150
 CYCLE:   411 TIME:   0.066 TIME LEFT:  2.00D  GRAD.:     0.362 HEAT: -45.12151
 CYCLE:   412 TIME:   0.094 TIME LEFT:  2.00D  GRAD.:     4.328 HEAT: -45.12140
 CYCLE:   413 TIME:   0.086 TIME LEFT:  2.00D  GRAD.:     0.386 HEAT: -45.12152
 CYCLE:   414 TIME:   0.078 TIME LEFT:  2.00D  GRAD.:     0.381 HEAT: -45.12153
 CYCLE:   415 TIME:   0.062 TIME LEFT:  2.00D  GRAD.:     0.238 HEAT: -45.12154
 CYCLE:   416 TIME:   0.062 TIME LEFT:  2.00D  GRAD.:     0.246 HEAT: -45.12154
 CYCLE:   417 TIME:   0.078 TIME LEFT:  2.00D  GRAD.:     0.288 HEAT: -45.12156
 CYCLE:   418 TIME:   0.094 TIME LEFT:  2.00D  GRAD.:     1.296 HEAT: -45.12154
 CYCLE:   419 TIME:   0.062 TIME LEFT:  2.00D  GRAD.:     0.194 HEAT: -45.12157
 CYCLE:   420 TIME:   0.062 TIME LEFT:  2.00D  GRAD.:     0.177 HEAT: -45.12157
 CYCLE:   421 TIME:   0.074 TIME LEFT:  2.00D  GRAD.:     0.169 HEAT: -45.12158
 CYCLE:   422 TIME:   0.074 TIME LEFT:  2.00D  GRAD.:     0.298 HEAT: -45.12160
 CYCLE:   423 TIME:   0.066 TIME LEFT:  2.00D  GRAD.:     1.102 HEAT: -45.12159
 CYCLE:   424 TIME:   0.066 TIME LEFT:  2.00D  GRAD.:     0.262 HEAT: -45.12160
 CYCLE:   425 TIME:   0.062 TIME LEFT:  2.00D  GRAD.:     0.212 HEAT: -45.12161
 CYCLE:   426 TIME:   0.078 TIME LEFT:  2.00D  GRAD.:     0.608 HEAT: -45.12161
 CYCLE:   427 TIME:   0.062 TIME LEFT:  2.00D  GRAD.:     0.730 HEAT: -45.12162
 CYCLE:   428 TIME:   0.086 TIME LEFT:  2.00D  GRAD.:     2.184 HEAT: -45.12159
 CYCLE:   429 TIME:   0.090 TIME LEFT:  2.00D  GRAD.:     0.237 HEAT: -45.12163
 CYCLE:   430 TIME:   0.090 TIME LEFT:  2.00D  GRAD.:     0.226 HEAT: -45.12164
 CYCLE:   431 TIME:   0.082 TIME LEFT:  2.00D  GRAD.:     0.194 HEAT: -45.12165
 CYCLE:   432 TIME:   0.082 TIME LEFT:  2.00D  GRAD.:     0.272 HEAT: -45.12167
 CYCLE:   433 TIME:   0.094 TIME LEFT:  2.00D  GRAD.:     1.001 HEAT: -45.12167
 CYCLE:   434 TIME:   0.090 TIME LEFT:  2.00D  GRAD.:     0.372 HEAT: -45.12168
 CYCLE:   435 TIME:   0.094 TIME LEFT:  2.00D  GRAD.:     0.223 HEAT: -45.12169
 CYCLE:   436 TIME:   0.094 TIME LEFT:  2.00D  GRAD.:     0.219 HEAT: -45.12170
 CYCLE:   437 TIME:   0.082 TIME LEFT:  2.00D  GRAD.:     0.399 HEAT: -45.12173
 CYCLE:   438 TIME:   0.094 TIME LEFT:  2.00D  GRAD.:     1.146 HEAT: -45.12173
 CYCLE:   439 TIME:   0.062 TIME LEFT:  2.00D  GRAD.:     0.453 HEAT: -45.12176
 CYCLE:   440 TIME:   0.082 TIME LEFT:  2.00D  GRAD.:     0.219 HEAT: -45.12177
 CYCLE:   441 TIME:   0.094 TIME LEFT:  2.00D  GRAD.:     0.247 HEAT: -45.12177
 CYCLE:   442 TIME:   0.078 TIME LEFT:  2.00D  GRAD.:     0.594 HEAT: -45.12177
 CYCLE:   443 TIME:   0.078 TIME LEFT:  2.00D  GRAD.:     0.211 HEAT: -45.12178
 CYCLE:   444 TIME:   0.074 TIME LEFT:  2.00D  GRAD.:     0.320 HEAT: -45.12179
 CYCLE:   445 TIME:   0.094 TIME LEFT:  2.00D  GRAD.:     0.296 HEAT: -45.12180
 CYCLE:   446 TIME:   0.105 TIME LEFT:  2.00D  GRAD.:     0.313 HEAT: -45.12181
 CYCLE:   447 TIME:   0.094 TIME LEFT:  2.00D  GRAD.:     0.328 HEAT: -45.12183
 CYCLE:   448 TIME:   0.070 TIME LEFT:  2.00D  GRAD.:     0.209 HEAT: -45.12184
 CYCLE:   449 TIME:   0.086 TIME LEFT:  2.00D  GRAD.:     0.214 HEAT: -45.12184
 CYCLE:   450 TIME:   0.078 TIME LEFT:  2.00D  GRAD.:     0.375 HEAT: -45.12186
 CYCLE:   451 TIME:   0.078 TIME LEFT:  2.00D  GRAD.:     0.278 HEAT: -45.12187
 CYCLE:   452 TIME:   0.062 TIME LEFT:  2.00D  GRAD.:     0.243 HEAT: -45.12188
 CYCLE:   453 TIME:   0.066 TIME LEFT:  2.00D  GRAD.:     0.364 HEAT: -45.12188
 CYCLE:   454 TIME:   0.062 TIME LEFT:  2.00D  GRAD.:     0.416 HEAT: -45.12189
 CYCLE:   455 TIME:   0.066 TIME LEFT:  2.00D  GRAD.:     0.205 HEAT: -45.12191
 CYCLE:   456 TIME:   0.062 TIME LEFT:  2.00D  GRAD.:     0.766 HEAT: -45.12192
 CYCLE:   457 TIME:   0.070 TIME LEFT:  2.00D  GRAD.:     0.452 HEAT: -45.12192
 CYCLE:   458 TIME:   0.062 TIME LEFT:  2.00D  GRAD.:     0.241 HEAT: -45.12193
 CYCLE:   459 TIME:   0.066 TIME LEFT:  2.00D  GRAD.:     0.753 HEAT: -45.12192
 CYCLE:   460 TIME:   0.090 TIME LEFT:  2.00D  GRAD.:     0.173 HEAT: -45.12193
 CYCLE:   461 TIME:   0.090 TIME LEFT:  2.00D  GRAD.:     0.164 HEAT: -45.12193
 CYCLE:   462 TIME:   0.090 TIME LEFT:  2.00D  GRAD.:     0.233 HEAT: -45.12194
 CYCLE:   463 TIME:   0.090 TIME LEFT:  2.00D  GRAD.:     0.490 HEAT: -45.12195
 CYCLE:   464 TIME:   0.062 TIME LEFT:  2.00D  GRAD.:     0.442 HEAT: -45.12196
 CYCLE:   465 TIME:   0.074 TIME LEFT:  2.00D  GRAD.:     0.992 HEAT: -45.12195
 CYCLE:   466 TIME:   0.082 TIME LEFT:  2.00D  GRAD.:     0.211 HEAT: -45.12197
 CYCLE:   467 TIME:   0.094 TIME LEFT:  2.00D  GRAD.:     0.213 HEAT: -45.12198
 CYCLE:   468 TIME:   0.078 TIME LEFT:  2.00D  GRAD.:     0.396 HEAT: -45.12199
 CYCLE:   469 TIME:   0.078 TIME LEFT:  2.00D  GRAD.:     0.303 HEAT: -45.12199
 CYCLE:   470 TIME:   0.070 TIME LEFT:  2.00D  GRAD.:     0.409 HEAT: -45.12201
 CYCLE:   471 TIME:   0.070 TIME LEFT:  2.00D  GRAD.:     0.480 HEAT: -45.12201
 CYCLE:   472 TIME:   0.070 TIME LEFT:  2.00D  GRAD.:     0.189 HEAT: -45.12201
 CYCLE:   473 TIME:   0.070 TIME LEFT:  2.00D  GRAD.:     0.173 HEAT: -45.12201
 CYCLE:   474 TIME:   0.074 TIME LEFT:  2.00D  GRAD.:     0.588 HEAT: -45.12202
 CYCLE:   475 TIME:   0.078 TIME LEFT:  2.00D  GRAD.:     0.348 HEAT: -45.12202
 CYCLE:   476 TIME:   0.062 TIME LEFT:  2.00D  GRAD.:     0.196 HEAT: -45.12203
 CYCLE:   477 TIME:   0.062 TIME LEFT:  2.00D  GRAD.:     0.256 HEAT: -45.12203
 CYCLE:   478 TIME:   0.066 TIME LEFT:  2.00D  GRAD.:     0.223 HEAT: -45.12204
 CYCLE:   479 TIME:   0.090 TIME LEFT:  2.00D  GRAD.:     0.365 HEAT: -45.12205
 CYCLE:   480 TIME:   0.070 TIME LEFT:  2.00D  GRAD.:     0.266 HEAT: -45.12206
 CYCLE:   481 TIME:   0.086 TIME LEFT:  2.00D  GRAD.:     0.507 HEAT: -45.12207
 CYCLE:   482 TIME:   0.094 TIME LEFT:  2.00D  GRAD.:     0.423 HEAT: -45.12208
 CYCLE:   483 TIME:   0.070 TIME LEFT:  2.00D  GRAD.:     0.306 HEAT: -45.12209
 CYCLE:   484 TIME:   0.078 TIME LEFT:  2.00D  GRAD.:     1.346 HEAT: -45.12207
 CYCLE:   485 TIME:   0.082 TIME LEFT:  2.00D  GRAD.:     0.709 HEAT: -45.12209
 CYCLE:   486 TIME:   0.070 TIME LEFT:  2.00D  GRAD.:     0.188 HEAT: -45.12210
 CYCLE:   487 TIME:   0.066 TIME LEFT:  2.00D  GRAD.:     0.327 HEAT: -45.12210
 CYCLE:   488 TIME:   0.488 TIME LEFT:  2.00D  GRAD.:     0.188 HEAT: -45.12211
 CYCLE:   489 TIME:   3.262 TIME LEFT:  2.00D  GRAD.:     0.701 HEAT: -45.12211
 CYCLE:   490 TIME:   0.062 TIME LEFT:  2.00D  GRAD.:     0.223 HEAT: -45.12212
 CYCLE:   491 TIME:   0.066 TIME LEFT:  2.00D  GRAD.:     0.303 HEAT: -45.12212
 CYCLE:   492 TIME:   0.062 TIME LEFT:  2.00D  GRAD.:     0.388 HEAT: -45.12213
 CYCLE:   493 TIME:   0.066 TIME LEFT:  2.00D  GRAD.:     0.779 HEAT: -45.12214
 CYCLE:   494 TIME:   0.078 TIME LEFT:  2.00D  GRAD.:     1.533 HEAT: -45.12211
 CYCLE:   495 TIME:   0.094 TIME LEFT:  2.00D  GRAD.:     0.193 HEAT: -45.12215
 CYCLE:   496 TIME:   0.094 TIME LEFT:  2.00D  GRAD.:     0.167 HEAT: -45.12215
 CYCLE:   497 TIME:   0.086 TIME LEFT:  2.00D  GRAD.:     0.460 HEAT: -45.12216
 CYCLE:   498 TIME:   0.062 TIME LEFT:  2.00D  GRAD.:     0.353 HEAT: -45.12217
 CYCLE:   499 TIME:   0.066 TIME LEFT:  2.00D  GRAD.:     0.268 HEAT: -45.12218
 CYCLE:   500 TIME:   0.066 TIME LEFT:  2.00D  GRAD.:     1.506 HEAT: -45.12215
 CYCLE:   501 TIME:   0.074 TIME LEFT:  2.00D  GRAD.:     0.210 HEAT: -45.12218
 CYCLE:   502 TIME:   0.062 TIME LEFT:  2.00D  GRAD.:     0.178 HEAT: -45.12219
 CYCLE:   503 TIME:   0.074 TIME LEFT:  2.00D  GRAD.:     0.159 HEAT: -45.12219
 CYCLE:   504 TIME:   0.098 TIME LEFT:  2.00D  GRAD.:     0.440 HEAT: -45.12219
 CYCLE:   505 TIME:   0.082 TIME LEFT:  2.00D  GRAD.:     0.151 HEAT: -45.12220
 CYCLE:   506 TIME:   0.094 TIME LEFT:  2.00D  GRAD.:     0.823 HEAT: -45.12219
 CYCLE:   507 TIME:   8.875 TIME LEFT:  2.00D  GRAD.:     0.173 HEAT: -45.12220
 CYCLE:   508 TIME:   0.109 TIME LEFT:  2.00D  GRAD.:     0.129 HEAT: -45.12220
 CYCLE:   509 TIME:   0.098 TIME LEFT:  2.00D  GRAD.:     0.325 HEAT: -45.12221
 CYCLE:   510 TIME:   0.078 TIME LEFT:  2.00D  GRAD.:     0.211 HEAT: -45.12221
 CYCLE:   511 TIME:   0.078 TIME LEFT:  2.00D  GRAD.:     0.235 HEAT: -45.12220
 CYCLE:   512 TIME:   0.066 TIME LEFT:  2.00D  GRAD.:     0.172 HEAT: -45.12222
 CYCLE:   513 TIME:   0.066 TIME LEFT:  2.00D  GRAD.:     0.712 HEAT: -45.12221
 CYCLE:   514 TIME:   0.070 TIME LEFT:  2.00D  GRAD.:     0.206 HEAT: -45.12222
 CYCLE:   515 TIME:   0.074 TIME LEFT:  2.00D  GRAD.:     0.106 HEAT: -45.12222
 CYCLE:   516 TIME:   0.062 TIME LEFT:  2.00D  GRAD.:     0.163 HEAT: -45.12223
 CYCLE:   517 TIME:   0.066 TIME LEFT:  2.00D  GRAD.:     0.108 HEAT: -45.12223
 CYCLE:   518 TIME:   0.062 TIME LEFT:  2.00D  GRAD.:     0.226 HEAT: -45.12223
 CYCLE:   519 TIME:   0.062 TIME LEFT:  2.00D  GRAD.:     0.347 HEAT: -45.12223
 CYCLE:   520 TIME:   0.062 TIME LEFT:  2.00D  GRAD.:     0.131 HEAT: -45.12224
 CYCLE:   521 TIME:   0.070 TIME LEFT:  2.00D  GRAD.:     0.167 HEAT: -45.12224
 CYCLE:   522 TIME:   0.070 TIME LEFT:  2.00D  GRAD.:     0.857 HEAT: -45.12223
 CYCLE:   523 TIME:   0.062 TIME LEFT:  2.00D  GRAD.:     0.222 HEAT: -45.12224
 CYCLE:   524 TIME:   0.070 TIME LEFT:  2.00D  GRAD.:     0.167 HEAT: -45.12224
 CYCLE:   525 TIME:   0.121 TIME LEFT:  2.00D  GRAD.:     0.694 HEAT: -45.12224
 CYCLE:   526 TIME:   0.102 TIME LEFT:  2.00D  GRAD.:     0.216 HEAT: -45.12225
 CYCLE:   527 TIME:   0.098 TIME LEFT:  2.00D  GRAD.:     0.180 HEAT: -45.12225
 CYCLE:   528 TIME:   0.066 TIME LEFT:  2.00D  GRAD.:     0.182 HEAT: -45.12225
 CYCLE:   529 TIME:   0.070 TIME LEFT:  2.00D  GRAD.:     0.259 HEAT: -45.12225
 CYCLE:   530 TIME:   0.086 TIME LEFT:  2.00D  GRAD.:     0.248 HEAT: -45.12225
 CYCLE:   531 TIME:   0.082 TIME LEFT:  2.00D  GRAD.:     0.528 HEAT: -45.12225
 CYCLE:   532 TIME:   0.074 TIME LEFT:  2.00D  GRAD.:     0.187 HEAT: -45.12226
 CYCLE:   533 TIME:   0.086 TIME LEFT:  2.00D  GRAD.:     0.138 HEAT: -45.12226
 CYCLE:   534 TIME:   0.059 TIME LEFT:  2.00D  GRAD.:     0.163 HEAT: -45.12226
 CYCLE:   535 TIME:   0.086 TIME LEFT:  2.00D  GRAD.:     0.314 HEAT: -45.12226
 CYCLE:   536 TIME:   0.078 TIME LEFT:  2.00D  GRAD.:     0.162 HEAT: -45.12227
 CYCLE:   537 TIME:   0.086 TIME LEFT:  2.00D  GRAD.:     0.144 HEAT: -45.12227
 CYCLE:   538 TIME:   0.090 TIME LEFT:  2.00D  GRAD.:     0.159 HEAT: -45.12227
 CYCLE:   539 TIME:   0.066 TIME LEFT:  2.00D  GRAD.:     0.242 HEAT: -45.12228
 CYCLE:   540 TIME:   0.066 TIME LEFT:  2.00D  GRAD.:     0.346 HEAT: -45.12228
 CYCLE:   541 TIME:   0.062 TIME LEFT:  2.00D  GRAD.:     0.155 HEAT: -45.12228
 CYCLE:   542 TIME:   0.074 TIME LEFT:  2.00D  GRAD.:     0.145 HEAT: -45.12228
 CYCLE:   543 TIME:   0.074 TIME LEFT:  2.00D  GRAD.:     0.226 HEAT: -45.12229
 CYCLE:   544 TIME:   0.062 TIME LEFT:  2.00D  GRAD.:     0.159 HEAT: -45.12229
 CYCLE:   545 TIME:   0.066 TIME LEFT:  2.00D  GRAD.:     0.228 HEAT: -45.12230
 CYCLE:   546 TIME:   0.098 TIME LEFT:  2.00D  GRAD.:     0.235 HEAT: -45.12231
 CYCLE:   547 TIME:   0.156 TIME LEFT:  2.00D  GRAD.:     0.210 HEAT: -45.12231
 CYCLE:   548 TIME:   0.070 TIME LEFT:  2.00D  GRAD.:     0.244 HEAT: -45.12232
 CYCLE:   549 TIME:   0.066 TIME LEFT:  2.00D  GRAD.:     0.667 HEAT: -45.12232
 CYCLE:   550 TIME:   0.066 TIME LEFT:  2.00D  GRAD.:     6.018 HEAT: -45.12186
 CYCLE:   551 TIME:   0.066 TIME LEFT:  2.00D  GRAD.:     4.508 HEAT: -45.12207
 CYCLE:   552 TIME:   0.066 TIME LEFT:  2.00D  GRAD.:     8.412 HEAT: -45.12138
 CYCLE:   553 TIME:   0.074 TIME LEFT:  2.00D  GRAD.:     3.670 HEAT: -45.12214
 CYCLE:   554 TIME:   0.074 TIME LEFT:  2.00D  GRAD.:     1.968 HEAT: -45.12228
 CYCLE:   555 TIME:   0.074 TIME LEFT:  2.00D  GRAD.:     3.767 HEAT: -45.12219
 CYCLE:   556 TIME:   0.098 TIME LEFT:  2.00D  GRAD.:    19.354 HEAT: -45.11827
 CYCLE:   557 TIME:   0.109 TIME LEFT:  2.00D  GRAD.:     0.464 HEAT: -45.12231
 CYCLE:   558 TIME:   0.082 TIME LEFT:  2.00D  GRAD.:     0.406 HEAT: -45.12234
 CYCLE:   559 TIME:   0.082 TIME LEFT:  2.00D  GRAD.:    41.894 HEAT: -45.10627
 CYCLE:   560 TIME:   0.066 TIME LEFT:  2.00D  GRAD.:     0.536 HEAT: -45.12232
 CYCLE:   561 TIME:   0.070 TIME LEFT:  2.00D  GRAD.:     1.004 HEAT: -45.12228
 CYCLE:   562 TIME:   0.121 TIME LEFT:  2.00D  GRAD.:     0.869 HEAT: -45.12233
 CYCLE:   563 TIME:   0.121 TIME LEFT:  2.00D  GRAD.:     4.821 HEAT: -45.12204
 CYCLE:   564 TIME:   0.078 TIME LEFT:  2.00D  GRAD.:     0.549 HEAT: -45.12234
 CYCLE:   565 TIME:   0.168 TIME LEFT:  2.00D  GRAD.:     1.479 HEAT: -45.12232
 CYCLE:   566 TIME:   0.062 TIME LEFT:  2.00D  GRAD.:     0.255 HEAT: -45.12235
 CYCLE:   567 TIME:   0.078 TIME LEFT:  2.00D  GRAD.:     0.208 HEAT: -45.12235
 CYCLE:   568 TIME:   0.059 TIME LEFT:  2.00D  GRAD.:     0.234 HEAT: -45.12235
 CYCLE:   569 TIME:   0.078 TIME LEFT:  2.00D  GRAD.:     0.178 HEAT: -45.12236
 CYCLE:   570 TIME:   0.059 TIME LEFT:  2.00D  GRAD.:     0.277 HEAT: -45.12236
 CYCLE:   571 TIME:   0.062 TIME LEFT:  2.00D  GRAD.:     0.320 HEAT: -45.12236
 CYCLE:   572 TIME:   0.082 TIME LEFT:  2.00D  GRAD.:     0.611 HEAT: -45.12236
 CYCLE:   573 TIME:   0.078 TIME LEFT:  2.00D  GRAD.:     0.174 HEAT: -45.12237
 CYCLE:   574 TIME:   0.090 TIME LEFT:  2.00D  GRAD.:     0.159 HEAT: -45.12237
 CYCLE:   575 TIME:   0.094 TIME LEFT:  2.00D  GRAD.:     0.138 HEAT: -45.12237
 CYCLE:   576 TIME:   0.090 TIME LEFT:  2.00D  GRAD.:     0.144 HEAT: -45.12237
 CYCLE:   577 TIME:   0.152 TIME LEFT:  2.00D  GRAD.:     0.149 HEAT: -45.12238
 CYCLE:   578 TIME:   0.090 TIME LEFT:  2.00D  GRAD.:     0.164 HEAT: -45.12238
 CYCLE:   579 TIME:   0.090 TIME LEFT:  2.00D  GRAD.:     1.226 HEAT: -45.12237
 CYCLE:   580 TIME:   0.113 TIME LEFT:  2.00D  GRAD.:     2.750 HEAT: -45.12231
 CYCLE:   581 TIME:   0.090 TIME LEFT:  2.00D  GRAD.:     0.703 HEAT: -45.12238
 CYCLE:   582 TIME:   0.078 TIME LEFT:  2.00D  GRAD.:     0.217 HEAT: -45.12238
 CYCLE:   583 TIME:   0.070 TIME LEFT:  2.00D  GRAD.:     0.428 HEAT: -45.12239
 CYCLE:   584 TIME:   0.078 TIME LEFT:  2.00D  GRAD.:     0.449 HEAT: -45.12238
 CYCLE:   585 TIME:   0.094 TIME LEFT:  2.00D  GRAD.:     1.141 HEAT: -45.12237
 CYCLE:   586 TIME:   0.090 TIME LEFT:  2.00D  GRAD.:     0.968 HEAT: -45.12238
 CYCLE:   587 TIME:   0.148 TIME LEFT:  2.00D  GRAD.:     1.640 HEAT: -45.12238
 CYCLE:   588 TIME:   0.172 TIME LEFT:  2.00D  GRAD.:     6.216 HEAT: -45.12211
 CYCLE:   589 TIME:   0.113 TIME LEFT:  2.00D  GRAD.:     0.186 HEAT: -45.12240
 CYCLE:   590 TIME:   0.078 TIME LEFT:  2.00D  GRAD.:     0.342 HEAT: -45.12239
 CYCLE:   591 TIME:   0.078 TIME LEFT:  2.00D  GRAD.:     0.163 HEAT: -45.12240
 CYCLE:   592 TIME:   0.078 TIME LEFT:  2.00D  GRAD.:     0.273 HEAT: -45.12240
 CYCLE:   593 TIME:   0.062 TIME LEFT:  2.00D  GRAD.:     0.233 HEAT: -45.12240
 CYCLE:   594 TIME:   0.062 TIME LEFT:  2.00D  GRAD.:     0.426 HEAT: -45.12240
 CYCLE:   595 TIME:   0.062 TIME LEFT:  2.00D  GRAD.:     0.087 HEAT: -45.12240

 -------------------------------------------------------------------------------
 RM1 PRECISE POLAR GNORM=0.1




     HERBERTS TEST WAS SATISFIED IN BFGS                      
     SCF FIELD WAS ACHIEVED                                   


                              RM1 CALCULATION
                                                       MOPAC2016 (Version: 21.013L)
                                                       Sat Oct 16 16:32:54 2021
                                                       No. of days remaining =  89




          FINAL HEAT OF FORMATION =        -45.12240 KCAL/MOL =    -188.79213 KJ/MOL


          TOTAL ENERGY            =      -5704.45575 EV
          ELECTRONIC ENERGY       =     -49090.32101 EV  POINT GROUP:     C1  
          CORE-CORE REPULSION     =      43385.86526 EV
          COSMO AREA              =        537.03 SQUARE ANGSTROMS
          COSMO VOLUME            =        605.61 CUBIC ANGSTROMS

          GRADIENT NORM           =          0.08727 = 0.01058 PER ATOM
          IONIZATION POTENTIAL    =          8.221137 EV
          HOMO LUMO ENERGIES (EV) =         -8.221 -0.790
          NO. OF FILLED LEVELS    =         92
          MOLECULAR WEIGHT        =        480.6054

          MOLECULAR DIMENSIONS (Angstroms)

            Atom       Atom       Distance
            H    67    H    39    19.86667
            H    63    O    25    13.71172
            H    61    H    53     5.89594


          SCF CALCULATIONS        =        596
 
          WALL-CLOCK TIME         =  1 MINUTE AND 15.184 SECONDS
          COMPUTATION TIME        = 18 MINUTES AND  2.162 SECONDS




  ATOM    CHEMICAL      BOND LENGTH      BOND ANGLE     TWIST ANGLE 
 NUMBER    SYMBOL       (ANGSTROMS)      (DEGREES)       (DEGREES) 
   (I)                     NA:I           NB:NA:I       NC:NB:NA:I       NA    NB    NC 
     1       C          0.00000000       0.0000000       0.0000000        0     0     0
     2       C          1.51998027  *    0.0000000       0.0000000        1     0     0
     3       C          1.52666838  *  110.7499854  *    0.0000000        2     1     0
     4       C          1.52688981  *  110.7905815  *  179.9562488  *     3     2     1
     5       C          1.52710100  *  110.6979413  *  179.9397367  *     4     3     2
     6       C          1.52715874  *  110.6848919  * -179.9921404  *     5     4     3
     7       C          1.52600198  *  110.5300173  * -179.9528209  *     6     5     4
     8       C          1.53600315  *  109.9536293  *  179.9689060  *     7     6     5
     9       N          1.45978856  *  111.5518652  * -179.6191422  *     8     7     6
    10       C          1.41140743  *  124.7609542  *   76.7913998  *     9     8     7
    11       C          1.39236634  *  129.5168393  *   10.8804100  *    10     9     8
    12       C          1.38542712  *  117.3136521  *  177.7882900  *    11    10     9
    13       C          1.40221081  *  121.5275305  *    0.0065183  *    12    11    10
    14       C          1.38997357  *  121.2182734  *    0.1983947  *    13    12    11
    15       C          1.38490885  *  118.1205062  *    0.0508880  *    14    13    12
    16       C          1.44076344  *  132.6509708  *  179.3239854  *    15    14    13
    17       C          1.42549860  *  107.0480172  * -179.7621587  *    16    15    14
    18       C          1.39474021  *  121.2122279  *  178.8156139  *    17    16    15
    19       C          1.38383053  *  117.5372813  *    1.4224928  *    18    17    16
    20       C          1.40296613  *  121.4507736  *   -0.2989484  *    19    18    17
    21       C          1.39376855  *  121.1765749  *   -1.2684704  *    20    19    18
    22       C          1.45238786  *  120.2345707  *  179.9497057  *    20    19    18
    23       C          1.34444868  *  122.9588232  *  134.5487536  *    22    20    21
    24       C          1.46981154  *  123.2723598  *  179.4001822  *    23    22    20
    25       O          1.21944372  *  127.5417444  *  160.7391136  *    24    23    22
    26       O          1.35305613  *  113.3902821  *  -19.4751862  *    24    23    22
    27       C          1.41963078  *  122.5995418  *   -2.6837286  *    23    22    20
    28       N          1.15624685  *  179.3988515  * -179.3225628  *    27    23    22
    29       C          1.45944849  *  119.2727797  * -179.7820541  *    13    12    11
    30       C          1.39613594  *  119.9518182  *  -50.4945463  *    29    13    12
    31       C          1.38304598  *  120.3111724  * -179.9468694  *    30    29    13
    32       C          1.40278876  *  119.0238656  *   -0.0882151  *    31    30    29
    33       C          1.39168049  *  121.2656929  *    0.1027320  *    32    31    30
    34       C          1.38944322  *  120.0126435  *  129.5699592  *    29    13    12
    35       O          1.36434525  *  113.2956174  *  179.9937711  *    32    31    30
    36       C          1.40443745  *  117.3795281  *   -0.9122659  *    35    32    33
    37       H          1.09939850  *  115.9752862  *  -44.6513090  *    22    20    21
    38       H          1.09957569  *  112.2969610  *   60.1292084  *     1     2     3
    39       H          1.09966198  *  111.8401096  *  179.9680325  *     1     2     3
    40       H          1.09957489  *  112.2964955  *  -60.1911191  *     1     2     3
    41       H          1.11062987  *  110.1301180  * -177.3060341  *     2     1    38
    42       H          1.11062437  *  110.1341280  *  -62.4419804  *     2     1    38
    43       H          1.11056641  *  110.2056187  * -179.8816022  *     3     2    41
    44       H          1.11056044  *  110.2171968  *  179.7919038  *     3     2    42
    45       H          1.11058172  *  110.3116247  *  179.9995948  *     4     3    43
    46       H          1.11060143  *  110.3111911  *  -64.8632217  *     4     3    43
    47       H          1.11060727  *  110.3327243  * -179.9991775  *     5     4    45
    48       H          1.11060708  *  110.3472062  *  179.9938902  *     5     4    46
    49       H          1.11075165  *  110.3107002  * -179.9535456  *     6     5    47
    50       H          1.11077449  *  110.3043185  *  -64.7474044  *     6     5    47
    51       H          1.11043681  *  110.7026417  *  179.8616619  *     7     6    49
    52       H          1.11086856  *  110.7497474  * -179.7977390  *     7     6    50
    53       H          1.11544534  *  111.0073358  *  179.2854742  *     8     7    51
    54       H          1.11459149  *  111.1353466  * -179.3385455  *     8     7    52
    55       H          1.09162673  *  121.7508602  *   -2.2147970  *    11    10     9
    56       H          1.09510664  *  119.1653351  * -179.3990685  *    12    11    10
    57       H          1.09298143  *  121.5123071  *  179.4819298  *    14    13    12
    58       H          1.09177951  *  121.8218225  * -178.7306678  *    18    17    16
    59       H          1.09562716  *  118.8436618  * -178.8187851  *    19    18    17
    60       H          1.09366432  *  121.4852961  *   -0.2115576  *    21    20    22
    61       H          0.96773257  *  111.0467846  *   -0.0147532  *    26    24    25
    62       H          1.09466032  *  120.0235920  *  179.3626792  *    30    29    34
    63       H          1.09392227  *  120.7161261  *  179.8296206  *    31    30    29
    64       H          1.09172392  *  122.5371750  *    0.2165219  *    33    32    35
    65       H          1.09487912  *  120.0637254  *  179.4809695  *    34    29    30
    66       H          1.10256968  *  113.2832403  *   63.0894438  *    36    35    32
    67       H          1.10111101  *  103.4837135  * -179.4829799  *    36    35    32
    68       H          1.10256877  *  113.3432137  *  -62.0075143  *    36    35    32

                             CARTESIAN COORDINATES

   1    C        0.000000000     0.000000000     0.000000000
   2    C        1.519980269     0.000000000     0.000000000
   3    C        2.060864830     1.427641493     0.000000000
   4    C        3.587753871     1.428723498     0.001090015
   5    C        4.126483100     2.857641282    -0.000414394
   6    C        5.653641405     2.858375406     0.000480288
   7    C        6.188120577     4.287715791     0.000149600
   8    C        7.724052326     4.273002832     0.001839919
   9    N        8.273267049     5.625507576     0.010599638
  10    C        8.329237383     6.463986790     1.144570912
  11    C        8.093172379     6.161077384     2.482929319
  12    C        8.266563240     7.180003817     3.405497923
  13    C        8.663521370     8.465922900     3.011757494
  14    C        8.895428950     8.770786611     1.675604994
  15    C        8.722474422     7.766809076     0.737474752
  16    C        8.859747437     7.736467140    -0.696413244
  17    C        8.543101371     6.412263144    -1.118628005
  18    C        8.558957045     6.060734923    -2.468248971
  19    C        8.922634368     7.036746888    -3.379361691
  20    C        9.257690075     8.335088996    -2.966615515
  21    C        9.211599931     8.699203421    -1.622038571
  22    C        9.636678237     9.338777396    -3.945598700
  23    C       10.516370111     9.100877276    -4.934076309
  24    C       10.895199326    10.107407381    -5.935940343
  25    O       11.884779259    10.110751096    -6.648515508
  26    O       10.006311510    11.122137696    -6.040638574
  27    C       11.193993436     7.861162065    -5.072944499
  28    N       11.751691815     6.855782013    -5.195786880
  29    C        8.836016404     9.501315269     4.025758483
  30    C        7.824742918     9.738794863     4.958563361
  31    C        7.979907246    10.718865347     5.921995798
  32    C        9.166671768    11.466365833     5.947477123
  33    C       10.182626757    11.240367085     5.023607754
  34    C       10.005351455    10.250925596     4.061707765
  35    O        9.195643976    12.399005504     6.942857356
  36    C       10.353670572    13.185277662     7.057727033
  37    H        9.169195915    10.326851810    -3.827928444
  38    H       -0.417186808     0.506691940    -0.882204704
  39    H       -0.409093747    -1.020734266    -0.000569506
  40    H       -0.417178239     0.505739701     0.882753994
  41    H        1.902207191    -0.561281812     0.878842426
  42    H        1.902278280    -0.561363275    -0.878752520
  43    H        1.673798243     1.984473131    -0.879474696
  44    H        1.672525442     1.985178351     0.878458681
  45    H        3.973032373     0.871532921     0.881141656
  46    H        3.974288020     0.869333086    -0.877038251
  47    H        3.740957631     3.414485234    -0.880609502
  48    H        3.739841238     3.417038532     0.877669244
  49    H        6.038947983     2.300692101     0.880421988
  50    H        6.039870741     2.300158788    -0.878747255
  51    H        5.807639908     4.848893914    -0.879272649
  52    H        5.808070881     4.850214566     0.879459739
  53    H        8.117694788     3.722484942     0.888515711
  54    H        8.121654994     3.721901955    -0.881627190
  55    H        7.783702555     5.163465344     2.800179315
  56    H        8.098704352     6.972554064     4.467593277
  57    H        9.196886914     9.773613641     1.362444578
  58    H        8.298427334     5.055166643    -2.804313251
  59    H        8.923437303     6.789469222    -4.446719164
  60    H        9.456344532     9.714175075    -1.296409538
  61    H       10.286845082    11.762231228    -6.710031964
  62    H        6.899269075     9.155223221     4.923584366
  63    H        7.190690802    10.912390240     6.654355999
  64    H       11.114864289    11.808514518     5.025278606
  65    H       10.802228468    10.059336858     3.335731828
  66    H       10.539264859    13.819351947     6.175024104
  67    H       10.137580524    13.836295239     7.919078677
  68    H       11.260317861    12.598041434     7.278639244


           Empirical Formula: C31 H32 N2 O3  =    68 atoms



      MOLECULAR POINT GROUP   :   C1  


                  EIGENVALUES  
 -40.07043 -39.12496 -38.32680 -37.18190 -36.83183 -36.44886 -35.96386 -35.26713
 -35.12852 -34.09808 -33.06856 -31.92502 -30.74950 -30.59366 -29.96588 -29.46686
 -28.50930 -27.80413 -27.33138 -26.38310 -25.25049 -24.27395 -23.58124 -22.86624
 -22.63406 -22.33586 -22.05714 -21.48732 -21.22464 -21.01583 -20.89955 -20.64531
 -18.70341 -18.47336 -18.43980 -18.20110 -17.88635 -17.25264 -16.75000 -16.69292
 -16.61449 -16.22458 -16.20179 -16.06147 -15.88035 -15.75823 -15.70433 -15.14070
 -15.09282 -14.99568 -14.93253 -14.77985 -14.72207 -14.59375 -14.54916 -14.44551
 -14.31692 -14.24064 -14.15600 -14.00845 -13.74915 -13.65698 -13.39793 -13.33007
 -13.24290 -13.22738 -13.04749 -12.96210 -12.86090 -12.74543 -12.55829 -12.42450
 -12.38607 -12.29854 -12.21574 -12.17103 -12.06962 -11.97167 -11.77233 -11.70980
 -11.67700 -11.57928 -11.47860 -11.37331 -11.15779 -10.92078 -10.60684  -9.83511
  -9.70443  -9.04064  -8.71333  -8.22114  -0.78961  -0.22443   0.08127   0.51422
   0.53197   0.89827   1.04356   1.29251   1.46506   1.58669   2.41290   2.47075
   2.61471   2.79535   2.84726   3.03224   3.07683   3.25073   3.48820   3.54870
   3.61186   3.66165   3.81874   3.85124   3.87411   3.90920   3.95034   4.02697
   4.05378   4.09109   4.09507   4.12991   4.13583   4.17712   4.19549   4.22279
   4.25689   4.33788   4.38938   4.40476   4.50133   4.50683   4.52245   4.59285
   4.60416   4.62707   4.68146   4.70160   4.72045   4.73263   4.78162   4.79749
   4.85628   4.87798   4.95191   4.97089   4.97247   5.02261   5.05733   5.08987
   5.11608   5.15117   5.17702   5.20171   5.22364   5.28429   5.30411   5.30903
   5.44201   5.49341   5.52284   5.57688   5.61868   5.65939   5.71302   5.83320
   5.91357   6.01578   6.07553   6.22582   6.32577   6.36486   6.59335   6.62925


              NET ATOMIC CHARGES AND DIPOLE CONTRIBUTIONS

  ATOM NO.   TYPE          CHARGE      No. of ELECS.   s-Pop       p-Pop       
   25          O          -0.352190        6.3522     1.90969     4.44250
   24          C           0.398801        3.6012     1.18127     2.41993
   26          O          -0.333872        6.3339     1.84006     4.49382
   61          H           0.244741        0.7553     0.75526
   27          C           0.044004        3.9560     1.19688     2.75911
   28          N          -0.143123        5.1431     1.84798     3.29514
    1          C          -0.177462        4.1775     1.15572     3.02174
    2          C          -0.112289        4.1123     1.16677     2.94552
    3          C          -0.122823        4.1228     1.17073     2.95210
    4          C          -0.123905        4.1239     1.17075     2.95316
    5          C          -0.122939        4.1229     1.17065     2.95229
    6          C          -0.119886        4.1199     1.16968     2.95021
    7          C          -0.166568        4.1666     1.17956     2.98701
    8          C           0.063361        3.9366     1.15819     2.77845
    9          N          -0.285446        5.2854     1.50738     3.77807
   10          C           0.109065        3.8909     1.15250     2.73844
   11          C          -0.161837        4.1618     1.17074     2.99110
   12          C          -0.055428        4.0554     1.17707     2.87836
   13          C          -0.056481        4.0565     1.15971     2.89677
   14          C          -0.040913        4.0409     1.16941     2.87151
   15          C          -0.085098        4.0851     1.15771     2.92739
   16          C          -0.112324        4.1123     1.15918     2.95314
   17          C           0.152731        3.8473     1.15310     2.69417
   18          C          -0.184096        4.1841     1.17155     3.01255
   19          C          -0.006757        4.0068     1.17519     2.83157
   20          C          -0.177517        4.1775     1.16245     3.01506
   21          C           0.011561        3.9884     1.16745     2.82099
   22          C           0.105813        3.8942     1.18317     2.71102
   23          C          -0.139685        4.1397     1.14263     2.99706
   29          C          -0.076100        4.0761     1.15956     2.91654
   30          C          -0.050333        4.0503     1.17634     2.87399
   31          C          -0.163081        4.1631     1.17703     2.98605
   32          C           0.135844        3.8642     1.17134     2.69281
   33          C          -0.216869        4.2169     1.17663     3.04024
   34          C          -0.040705        4.0407     1.17536     2.86535
   35          O          -0.229699        6.2297     1.85989     4.36981
   36          C          -0.016438        4.0164     1.16149     2.85495
   37          H           0.127753        0.8722     0.87225
   38          H           0.058091        0.9419     0.94191
   39          H           0.056631        0.9434     0.94337
   40          H           0.057935        0.9421     0.94207
   41          H           0.059880        0.9401     0.94012
   42          H           0.060133        0.9399     0.93987
   43          H           0.062948        0.9371     0.93705
   44          H           0.062743        0.9373     0.93726
   45          H           0.062325        0.9377     0.93768
   46          H           0.062711        0.9373     0.93729
   47          H           0.064897        0.9351     0.93510
   48          H           0.064620        0.9354     0.93538
   49          H           0.063390        0.9366     0.93661
   50          H           0.063906        0.9361     0.93609
   51          H           0.080458        0.9195     0.91954
   52          H           0.081104        0.9189     0.91890
   53          H           0.079736        0.9203     0.92026
   54          H           0.081305        0.9187     0.91869
   55          H           0.119663        0.8803     0.88034
   56          H           0.110887        0.8891     0.88911
   57          H           0.114578        0.8854     0.88542
   58          H           0.126858        0.8731     0.87314
   59          H           0.114024        0.8860     0.88598
   60          H           0.111747        0.8883     0.88825
   62          H           0.109474        0.8905     0.89053
   63          H           0.129271        0.8707     0.87073
   64          H           0.121035        0.8790     0.87896
   65          H           0.108113        0.8919     0.89189
   66          H           0.054644        0.9454     0.94536
   67          H           0.081746        0.9183     0.91825
   68          H           0.055340        0.9447     0.94466
 DIPOLE           X         Y         Z       TOTAL
 POINT-CHG.    -3.973    -0.326     3.976     5.630
 HYBRID         0.144     0.707    -0.498     0.877
 SUM           -3.830     0.382     3.478     5.187


          ATOMIC ORBITAL ELECTRON POPULATIONS

     Atom    s        px        py        pz   
    1  C   1.15572   0.96395   1.02858   1.02921
    2  C   1.16677   0.95350   0.96571   1.02631
    3  C   1.17073   0.95049   0.97150   1.03011
    4  C   1.17075   0.95989   0.96384   1.02942
    5  C   1.17065   0.94535   0.97467   1.03227
    6  C   1.16968   0.96608   0.95406   1.03008
    7  C   1.17956   0.94672   0.98673   1.05356
    8  C   1.15819   0.93575   0.80203   1.04067
    9  N   1.50738   1.59802   1.11697   1.06308
   10  C   1.15250   0.98664   0.88251   0.86928
   11  C   1.17074   1.07224   1.00190   0.91697
   12  C   1.17707   0.96914   0.92421   0.98501
   13  C   1.15971   1.02994   0.93690   0.92993
   14  C   1.16941   0.97571   0.97514   0.92065
   15  C   1.15771   1.06751   0.93775   0.92212
   16  C   1.15918   1.08415   0.93772   0.93127
   17  C   1.15310   0.94311   0.88489   0.86617
   18  C   1.17155   1.08688   1.00827   0.91740
   19  C   1.17519   0.93661   0.90810   0.98686
   20  C   1.16245   1.11635   0.95519   0.94352
   21  C   1.16745   0.93503   0.97414   0.91181
   22  C   1.18317   0.85705   0.98006   0.87392
   23  C   1.14263   1.05729   0.91530   1.02447
   24  C   1.18127   0.80569   0.80325   0.81099
   25  O   1.90969   1.28067   1.75926   1.40257
   26  O   1.84006   1.52210   1.36194   1.60978
   27  C   1.19688   0.91982   0.91552   0.92378
   28  N   1.84798   1.09503   1.11237   1.08775
   29  C   1.15956   0.95893   0.98240   0.97521
   30  C   1.17634   0.97509   0.96212   0.93678
   31  C   1.17703   0.97854   0.98927   1.01824
   32  C   1.17134   0.93722   0.88275   0.87284
   33  C   1.17663   1.00132   1.03958   0.99933
   34  C   1.17536   0.96184   0.93833   0.96518
   35  O   1.85989   1.39137   1.47662   1.50182
   36  C   1.16149   0.88719   0.94535   1.02242
   37  H   0.87225
   38  H   0.94191
   39  H   0.94337
   40  H   0.94207
   41  H   0.94012
   42  H   0.93987
   43  H   0.93705
   44  H   0.93726
   45  H   0.93768
   46  H   0.93729
   47  H   0.93510
   48  H   0.93538
   49  H   0.93661
   50  H   0.93609
   51  H   0.91954
   52  H   0.91890
   53  H   0.92026
   54  H   0.91869
   55  H   0.88034
   56  H   0.88911
   57  H   0.88542
   58  H   0.87314
   59  H   0.88598
   60  H   0.88825
   61  H   0.75526
   62  H   0.89053
   63  H   0.87073
   64  H   0.87896
   65  H   0.89189
   66  H   0.94536
   67  H   0.91825
   68  H   0.94466
 ******************** TDHF POLARIZABILITIES ********************



          MOLECULAR WEIGHT =  480.61



          ROTATIONAL CONSTANTS IN CM(-1)

          A =    0.00216011   B =    0.00175974   C =    0.00101866



           PRINCIPAL MOMENTS OF INERTIA IN UNITS OF 10**(-40)*GRAM-CM**2

          A =    12958.9435   B =    15907.3657   C =    27480.0473


 ROTATION MATRIX FOR ORIENTATION OF MOLECULE:

         0.543755   -0.351727    0.761983
         0.784769   -0.108688   -0.610185
         0.297437    0.929771    0.216925


          CARTESIAN COORDINATES 

    NO.       ATOM         X         Y         Z

     1         C      -10.1920    3.4947   -1.7192
     2         C       -9.3655    2.9601   -0.5610
     3         C       -7.9510    2.6147   -1.0200
     4         C       -7.1196    2.0785    0.1431
     5         C       -5.7057    1.7324   -0.3187
     6         C       -4.8745    1.1960    0.8448
     7         C       -3.4623    0.8523    0.3798
     8         C       -2.6381    0.3153    1.5595
     9         N       -1.2755   -0.0168    1.1546
    10         C       -0.2498    0.9267    0.9316
    11         C       -0.2178    2.2871    1.2269
    12         C        0.9506    2.9731    0.9374
    13         C        2.0584    2.3276    0.3698
    14         C        2.0264    0.9706    0.0707
    15         C        0.8654    0.2683    0.3480
    16         C        0.4897   -1.1099    0.1600
    17         C       -0.8472   -1.2471    0.6352
    18         C       -1.5159   -2.4693    0.5690
    19         C       -0.8232   -3.5505    0.0529
    20         C        0.5007   -3.4257   -0.3945
    21         C        1.1613   -2.1989   -0.3601
    22         C        1.2032   -4.5783   -0.9305
    23         C        1.2008   -5.7809   -0.3294
    24         C        1.8987   -6.9550   -0.8723
    25         O        2.2275   -7.9660   -0.2748
    26         O        2.1806   -6.8500   -2.1915
    27         C        0.5551   -6.0136    0.9132
    28         N        0.0328   -6.2147    1.9250
    29         C        3.2664    3.0972    0.0894
    30         C        3.1803    4.2944   -0.6237
    31         C        4.3204    5.0291   -0.8945
    32         C        5.5599    4.5541   -0.4408
    33         C        5.6602    3.3623    0.2708
    34         C        4.5012    2.6379    0.5308
    35         O        6.6036    5.3680   -0.7719
    36         C        7.8845    4.9820   -0.3443
    37         H        1.7594   -4.4118   -1.8641
    38         H      -10.2836    2.7661   -2.5376
    39         H      -11.2157    3.7490   -1.4082
    40         H       -9.7594    4.4072   -2.1542
    41         H       -9.3367    3.7038    0.2634
    42         H       -9.8595    2.0696   -0.1178
    43         H       -7.9861    1.8726   -1.8455
    44         H       -7.4634    3.5075   -1.4655
    45         H       -7.0856    2.8218    0.9675
    46         H       -7.6096    1.1869    0.5884
    47         H       -5.7402    0.9890   -1.1431
    48         H       -5.2158    2.6240   -0.7641
    49         H       -4.8409    1.9392    1.6695
    50         H       -5.3641    0.3033    1.2889
    51         H       -3.4903    0.1075   -0.4433
    52         H       -2.9659    1.7424   -0.0623
    53         H       -2.5924    1.0610    2.3877
    54         H       -3.1172   -0.5861    2.0071
    55         H       -1.0746    2.7993    1.6686
    56         H        1.0124    4.0422    1.1665
    57         H        2.8841    0.4644   -0.3795
    58         H       -2.5467   -2.5809    0.9112
    59         H       -1.3343   -4.5163   -0.0271
    60         H        2.1877   -2.0925   -0.7223
    61         H        2.6363   -7.6406   -2.5135
    62         H        2.2087    4.6508   -0.9804
    63         H        4.2609    5.9665   -1.4551
    64         H        6.6134    2.9742    0.6349
    65         H        4.5682    1.7034    1.0975
    66         H        8.2205    4.0271   -0.7813
    67         H        8.5341    5.7882   -0.7194
    68         H        7.9823    4.9324    0.7528


 ENERGY OF "REORIENTED" SYSTEM WITHOUT FIELD:      -45.1224004255


  NFREQ=  3  IWFLB=  0  IBET=  1  IGAM=  1
  ATOL= 0.10000D-02  BTOL= 0.10000D-02    MAXITU=  500    MAXITA=  150


 *****************************************************************
 CALCULATION OF STATIC FIELD QUANTITIES
 *****************************************************************

 +++++ ALPHA AT       0.00000 EV.

                           COMPONENTS OF ALPHA

                     *X           *Y           *Z
           *=X:     354.6310      37.7225     -47.7207
           *=Y:      37.7147     446.7233     -12.4638
           *=Z:     -47.7253     -12.4719     176.7191

  ISOTROPIC AVERAGE ALPHA =     326.02448 A.U. =     48.31184 ANG.**3

 +++++ BETA (SECOND HARMONIC GENERATION) AT       0.00000 EV.

                              COMPONENTS OF BETA
            *XX         *XY         *YY         *XZ         *YZ         *ZZ
   *=X   126.36678    87.25480 -1153.98271   -71.27699  -133.83513     1.30489
   *=Y    87.32228 -1154.33096  2957.86439  -133.92419   860.31605    62.94816
   *=Z   -71.24936  -133.76698   860.12543     1.32452    62.87015   -32.83624


 AVERAGE BETAX(SHG) VALUE AT   0.00000 EV =       -615.9181 a.u. = -0.532117E-29 ESU
 AVERAGE BETAY(SHG) VALUE AT   0.00000 EV =       1864.8227 a.u. =  0.161110E-28 ESU
 AVERAGE BETAZ(SHG) VALUE AT   0.00000 EV =        453.6891 a.u. =  0.391961E-29 ESU



 AVERAGE BETA (SHG) VALUE AT   0.00000 EV =       2015.6271 a.u. =  0.174138E-28 ESU
   (1 a.u. = 8.639418X10-33 esu)



 +++++ ALPHA AT       0.00000 EV.

                           COMPONENTS OF ALPHA

                     *X           *Y           *Z
           *=X:     354.6310      37.7225     -47.7207
           *=Y:      37.7147     446.7233     -12.4638
           *=Z:     -47.7253     -12.4719     176.7191

  ISOTROPIC AVERAGE ALPHA =     326.02448 A.U. =     48.31184 ANG.**3


 GAMMA (THIRD HARMONIC GENERATION) AT    0.00000 EV.


 GAMMA(X,X,X,X) =        160582.83327
 GAMMA(Y,Y,Y,Y) =        568917.08017
 GAMMA(Z,Z,Z,Z) =          6454.02361
 GAMMA(X,X,Y,Y) =        135596.26967
 GAMMA(X,X,Z,Z) =          7793.09427
 GAMMA(Y,Y,X,X) =        135596.43334
 GAMMA(Y,Y,Z,Z) =         18683.76994
 GAMMA(Z,Z,X,X) =          7793.04414
 GAMMA(Z,Z,Y,Y) =         18684.02309


 AVERAGE GAMMA VALUE AT    0.00000 =        212020.11430 a.u. =       106788.22567 ESU (X10-39)




 **********************************************************************
 CALCULATION FOR A FREQUENCY OF    0.25000 EV  =       0.00919 A.U. 
                  WAVELENGTH OF    4959.37 NM  =    2016.38525 CM(-1)
 **********************************************************************

 +++++ ALPHA AT       0.25000 EV.

                           COMPONENTS OF ALPHA

                     *X           *Y           *Z
           *=X:     355.3288      37.9192     -47.8069
           *=Y:      37.9126     448.0854     -12.4797
           *=Z:     -47.8122     -12.4887     176.8893

  ISOTROPIC AVERAGE ALPHA =     326.76783 A.U. =     48.42200 ANG.**3

 +++++ BETA (SECOND HARMONIC GENERATION) AT       0.25000 EV.

                              COMPONENTS OF BETA
            *XX         *XY         *YY         *XZ         *YZ         *ZZ
   *=X   129.49657    87.24284 -1179.42623   -72.77575  -135.14079     1.30986
   *=Y    85.07449 -1194.03111  3076.57485  -137.01781   886.54030    64.49288
   *=Z   -72.48886  -134.82943   874.29787     1.65150    63.35139   -32.98819


 AVERAGE BETAX(SHG) VALUE AT   0.25000 EV =       -634.8772 a.u. = -0.548497E-29 ESU
 AVERAGE BETAY(SHG) VALUE AT   0.25000 EV =       1936.0961 a.u. =  0.167267E-28 ESU
 AVERAGE BETAZ(SHG) VALUE AT   0.25000 EV =        466.0747 a.u. =  0.402661E-29 ESU



 AVERAGE BETA (SHG) VALUE AT   0.25000 EV =       2090.1585 a.u. =  0.180578E-28 ESU
   (1 a.u. = 8.639418X10-33 esu)



 +++++ ALPHA AT       0.75000 EV.

                           COMPONENTS OF ALPHA

                     *X           *Y           *Z
           *=X:     361.0779      39.5702     -48.5241
           *=Y:      39.5628     459.4895     -12.6185
           *=Z:     -48.5284     -12.6266     178.2746

  ISOTROPIC AVERAGE ALPHA =     332.94734 A.U. =     49.33770 ANG.**3


 GAMMA (THIRD HARMONIC GENERATION) AT    0.25000 EV.


 GAMMA(X,X,X,X) =        168935.45969
 GAMMA(Y,Y,Y,Y) =        622510.77902
 GAMMA(Z,Z,Z,Z) =          6573.01128
 GAMMA(X,X,Y,Y) =        143844.95001
 GAMMA(X,X,Z,Z) =          8072.28813
 GAMMA(Y,Y,X,X) =        145786.75191
 GAMMA(Y,Y,Z,Z) =         20223.07910
 GAMMA(Z,Z,X,X) =          8076.78671
 GAMMA(Z,Z,Y,Y) =         19522.88918


 AVERAGE GAMMA VALUE AT    0.25000 =        228709.19900 a.u. =       115194.02127 ESU (X10-39)




 **********************************************************************
 CALCULATION FOR A FREQUENCY OF    0.50000 EV  =       0.01837 A.U. 
                  WAVELENGTH OF    2479.68 NM  =    4032.77050 CM(-1)
 **********************************************************************

 +++++ ALPHA AT       0.50000 EV.

                           COMPONENTS OF ALPHA

                     *X           *Y           *Z
           *=X:     357.4482      38.5205     -48.0709
           *=Y:      38.5160     452.2493     -12.5305
           *=Z:     -48.0763     -12.5392     177.4042

  ISOTROPIC AVERAGE ALPHA =     329.03393 A.U. =     48.75780 ANG.**3

 +++++ BETA (SECOND HARMONIC GENERATION) AT       0.50000 EV.

                              COMPONENTS OF BETA
            *XX         *XY         *YY         *XZ         *YZ         *ZZ
   *=X   139.77862    86.59691 -1260.52352   -77.76375  -138.78911     1.38743
   *=Y    76.52919 -1328.56753  3480.66463  -147.33194   974.76473    69.67586
   *=Z   -76.53077  -137.85902   919.00025     2.77170    64.69713   -33.46656


 AVERAGE BETAX(SHG) VALUE AT   0.50000 EV =       -698.2784 a.u. = -0.603272E-29 ESU
 AVERAGE BETAY(SHG) VALUE AT   0.50000 EV =       2178.1574 a.u. =  0.188180E-28 ESU
 AVERAGE BETAZ(SHG) VALUE AT   0.50000 EV =        507.2144 a.u. =  0.438204E-29 ESU



 AVERAGE BETA (SHG) VALUE AT   0.50000 EV =       2342.9103 a.u. =  0.202414E-28 ESU
   (1 a.u. = 8.639418X10-33 esu)



 +++++ ALPHA AT       1.50000 EV.

                           COMPONENTS OF ALPHA

                     *X           *Y           *Z
           *=X:     383.3587      46.5363     -51.2995
           *=Y:      46.5244     506.8107     -13.1726
           *=Z:     -51.3061     -13.1880     183.2634

  ISOTROPIC AVERAGE ALPHA =     357.81094 A.U. =     53.02211 ANG.**3


 GAMMA (THIRD HARMONIC GENERATION) AT    0.50000 EV.


 GAMMA(X,X,X,X) =        199939.76173
 GAMMA(Y,Y,Y,Y) =        841546.68862
 GAMMA(Z,Z,Z,Z) =          6954.94177
 GAMMA(X,X,Y,Y) =        174109.22428
 GAMMA(X,X,Z,Z) =          9050.89004
 GAMMA(Y,Y,X,X) =        186467.49551
 GAMMA(Y,Y,Z,Z) =         26438.31338
 GAMMA(Z,Z,X,X) =          9096.16173
 GAMMA(Z,Z,Y,Y) =         22412.64805


 AVERAGE GAMMA VALUE AT    0.50000 =        295203.22503 a.u. =       148685.08451 ESU (X10-39)



 **********************
 *                    *
 * JOB ENDED NORMALLY *
 *                    *
 **********************



 TOTAL JOB TIME:           128.29 SECONDS

 == MOPAC DONE ==
