 *******************************************************************************
 ** Site#: 4824         For non-commercial use only    Version 21.013L 64BITS **
 *******************************************************************************
 ** Cite this program as: MOPAC2016, Version: 21.013L, James J. P. Stewart,   **
 ** Stewart Computational Chemistry, web: HTTP://OpenMOPAC.net. Days left:  89**
 *******************************************************************************
 **                                                                           **
 **                                MOPAC2016                                  **
 **                                                                           **
 *******************************************************************************

                              RM1 CALCULATION RESULTS

 *******************************************************************************
 *  CALCULATION DONE:                                Sat Oct 16 16:36:08 2021  *
 *  RM1        - The RM1 Hamiltonian to be used
 *  POLAR      - CALCULATE FIRST, SECOND AND THIRD-ORDER POLARIZABILITIES
 *  PRECISE    - TIGHTER CRITERIA TO BE USED
 *  T=         - A TIME OF 172800.0 SECONDS REQUESTED
 *  DUMP=N     - RESTART FILE WRITTEN EVERY 7200.0 SECONDS REQUESTED
 *  GNORM      - EXIT WHEN GRADIENT NORM DROPS BELOW 0.100
 *******************************************************************************
RM1 PRECISE POLAR GNORM=0.1


  ATOM    CHEMICAL      BOND LENGTH      BOND ANGLE     TWIST ANGLE 
 NUMBER    SYMBOL       (ANGSTROMS)      (DEGREES)       (DEGREES) 
   (I)                     NA:I           NB:NA:I       NC:NB:NA:I       NA    NB    NC 
     1       C          0.00000000       0.0000000       0.0000000        0     0     0
     2       C          1.54750000  *    0.0000000       0.0000000        1     0     0
     3       C          1.55210000  *  111.5060000  *    0.0000000        2     1     0
     4       C          1.55170000  *  111.1601000  * -177.5075000  *     3     2     1
     5       C          1.55270000  *  111.8365000  * -179.9981000  *     4     3     2
     6       C          1.55200000  *  110.7987000  * -176.2216000  *     5     4     3
     7       C          1.55340000  *  111.9640000  *  179.2518000  *     6     5     4
     8       C          1.54960000  *  110.5475000  * -175.1367000  *     7     6     5
     9       N          1.46210000  *  117.9998000  * -172.1670000  *     8     7     6
    10       C          1.43760000  *  130.1168000  *  -24.8794000  *     9     8     7
    11       C          1.34490000  *  132.0135000  *   19.5067000  *    10     9     8
    12       C          1.47720000  *  119.2565000  *  177.1856000  *    11    10     9
    13       C          1.35040000  *  121.3872000  *    0.5813000  *    12    11    10
    14       C          1.47520000  *  119.4309000  *   -1.2141000  *    13    12    11
    15       C          1.34000000  *  118.2920000  *    1.0904000  *    14    13    12
    16       C          1.45290000  *  129.7997000  * -178.5069000  *    15    14    13
    17       C          1.43310000  *  120.8871000  *  174.1053000  *     9     8     7
    18       C          1.34450000  *  129.9074000  * -179.7612000  *    17     9    10
    19       C          1.47610000  *  118.6765000  *  179.5162000  *    18    17     9
    20       C          1.34870000  *  120.7703000  *   -0.4012000  *    19    18    17
    21       C          1.34110000  *  131.1351000  *   -2.4496000  *    16    15    14
    22       C          1.47370000  *  120.0176000  * -176.5588000  *    13    12    11
    23       C          1.34900000  *  124.2467000  * -132.0044000  *    22    13    12
    24       C          1.47470000  *  120.3427000  * -178.7567000  *    23    22    13
    25       O          1.23230000  *  120.2376000  * -172.3710000  *    24    23    22
    26       O          1.35560000  *  120.7058000  *    8.7845000  *    24    23    22
    27       C          1.43050000  *  121.2883000  *    2.9354000  *    23    22    13
    28       N          1.15800000  *  179.9860000  *  179.6833000  *    27    23    22
    29       H          1.05310000  *  117.0748000  *   47.7477000  *    22    13    12
    30       H          1.09110000  *  110.0049000  *   60.9219000  *     1     2     3
    31       H          1.09130000  *  109.5004000  * -179.3567000  *     1     2     3
    32       H          1.09090000  *  110.0552000  *  -59.5363000  *     1     2     3
    33       H          1.09250000  *  108.9126000  * -178.2230000  *     2     1    30
    34       H          1.09250000  *  108.7452000  *  179.6415000  *     2     1    32
    35       H          1.09250000  *  109.1275000  * -177.6789000  *     3     2    33
    36       H          1.09240000  *  109.2132000  *  -58.7968000  *     3     2    33
    37       H          1.09260000  *  109.2204000  * -179.5164000  *     4     3    35
    38       H          1.09270000  *  108.8649000  * -179.8651000  *     4     3    36
    39       H          1.09240000  *  109.2180000  * -176.9868000  *     5     4    37
    40       H          1.09240000  *  109.4086000  *  -57.8982000  *     5     4    37
    41       H          1.09280000  *  109.1624000  * -179.9633000  *     6     5    39
    42       H          1.09280000  *  108.8012000  *  179.5017000  *     6     5    40
    43       H          1.09130000  *  108.5057000  * -176.5152000  *     7     6    41
    44       H          1.09170000  *  109.0544000  *  -56.8886000  *     7     6    41
    45       H          1.09400000  *  107.1767000  * -170.3974000  *     8     7    43
    46       H          1.09350000  *  108.1663000  *  -54.1512000  *     8     7    43
    47       H          1.04600000  *  121.9894000  *   -0.7564000  *    11    10     9
    48       H          1.05210000  *  118.7760000  * -178.6219000  *    12    11    10
    49       H          1.04980000  *  120.9287000  * -177.4219000  *    14    13    12
    50       H          1.04950000  *  121.3643000  *   -0.4582000  *    18    17     9
    51       H          1.05170000  *  119.5195000  *  179.6980000  *    19    18    17
    52       H          1.05100000  *  119.8786000  * -179.6426000  *    20    19    18
    53       H          1.04990000  *  121.5287000  *    0.0965000  *    21    16    15
    54       H          0.94070000  *  121.1423000  *   -1.7034000  *    26    24    25
 


          CARTESIAN COORDINATES 

    NO.       ATOM           X           Y           Z

     1         C          0.0000      0.0000      0.0000
     2         C          1.5475      0.0000      0.0000
     3         C          2.1165      1.4440      0.0000
     4         C          3.6669      1.4352     -0.0629
     5         C          4.2531      2.8730     -0.0637
     6         C          5.7966      2.8387     -0.2224
     7         C          6.4101      4.2656     -0.2453
     8         C          7.9325      4.1986     -0.5266
     9         N          8.7068      5.4335     -0.4115
    10         C          8.2899      6.8035     -0.5385
    11         C          7.0812      7.3877     -0.4581
    12         C          6.9803      8.8568     -0.5752
    13         C          8.0743      9.6235     -0.7727
    14         C          9.4024      8.9858     -0.8472
    15         C          9.4738      7.6523     -0.7369
    16         C         10.6351      6.7792     -0.7450
    17         C         10.1346      5.4208     -0.5343
    18         C         10.9949      4.3885     -0.4904
    19         C         12.4361      4.6600     -0.6581
    20         C         12.8827      5.9166     -0.8595
    21         C         11.9393      7.0473     -0.9055
    22         C          7.9490     11.0914     -0.8093
    23         C          8.4934     11.8762     -1.7619
    24         C          8.3366     13.3412     -1.6995
    25         O          8.7108     14.0460     -2.6386
    26         O          7.8026     13.9342     -0.6037
    27         C          9.2019     11.3156     -2.8710
    28         N          9.7756     10.8620     -3.7688
    29         H          7.3929     11.5444     -0.0383
    30         H         -0.3733      0.4983     -0.8960
    31         H         -0.3643     -1.0286      0.0115
    32         H         -0.3741      0.5195      0.8833
    33         H          1.9016     -0.5301      0.8872
    34         H          1.8986     -0.5301     -0.8884
    35         H          1.7264      1.9825     -0.8669
    36         H          1.7941      1.9575      0.9088
    37         H          4.0587      0.8896      0.7988
    38         H          3.9805      0.9223     -0.9754
    39         H          3.8213      3.4369     -0.8936
    40         H          3.9952      3.3706      0.8740
    41         H          6.2300      2.2742      0.6068
    42         H          6.0432      2.3314     -1.1584
    43         H          5.9250      4.8386     -1.0374
    44         H          6.2342      4.7448      0.7197
    45         H          8.3602      3.4809      0.1797
    46         H          8.0756      3.8054     -1.5368
    47         H          6.2098      6.8363     -0.2832
    48         H          6.0337      9.3079     -0.4892
    49         H         10.2723      9.5626     -0.9598
    50         H         10.6608      3.4049     -0.3410
    51         H         13.1213      3.8629     -0.6213
    52         H         13.9114      6.0932     -0.9828
    53         H         12.2837      8.0275     -1.0567
    54         H          7.7361     14.8704     -0.5408

  H: (RM1): G.B. ROCHA, R.O. FREIRE, A.M.SIMAS, J.J.P. STEWART, J. COMP. CHEM. 27, 1101 (2006)
  C: (RM1): G.B. ROCHA, R.O. FREIRE, A.M.SIMAS, J.J.P. STEWART, J. COMP. CHEM. 27, 1101 (2006)
  N: (RM1): G.B. ROCHA, R.O. FREIRE, A.M.SIMAS, J.J.P. STEWART, J. COMP. CHEM. 27, 1101 (2006)
  O: (RM1): G.B. ROCHA, R.O. FREIRE, A.M.SIMAS, J.J.P. STEWART, J. COMP. CHEM. 27, 1101 (2006)

           Empirical Formula: C24 H26 N2 O2  =    54 atoms



      MOLECULAR POINT GROUP   :   C1  


      RHF CALCULATION, NO. OF DOUBLY OCCUPIED LEVELS = 72


          Geometry optimization using L-BFGS
 CYCLE:     1 TIME:   0.113 TIME LEFT:  2.00D  GRAD.:   660.483 HEAT:  8.300675
 CYCLE:     2 TIME:   0.086 TIME LEFT:  2.00D  GRAD.:   347.444 HEAT:  6.674494
 CYCLE:     3 TIME:   0.086 TIME LEFT:  2.00D  GRAD.:   210.021 HEAT:  6.203792
 CYCLE:     4 TIME:   0.066 TIME LEFT:  2.00D  GRAD.:   348.263 HEAT:  6.674516
 CYCLE:     5 TIME:   0.094 TIME LEFT:  2.00D  GRAD.:   209.756 HEAT:  6.203981
 CYCLE:     6 TIME:   0.098 TIME LEFT:  2.00D  GRAD.:   209.999 HEAT:  6.203950
 CYCLE:     7 TIME:   0.098 TIME LEFT:  2.00D  GRAD.:   236.106 HEAT:  5.454094
 CYCLE:     8 TIME:   0.105 TIME LEFT:  2.00D  GRAD.:   468.362 HEAT:  3.461432
 CYCLE:     9 TIME:   0.102 TIME LEFT:  2.00D  GRAD.:   674.824 HEAT: 0.3073778
 CYCLE:    10 TIME:   0.113 TIME LEFT:  2.00D  GRAD.:   881.525 HEAT: -5.855291
 CYCLE:    11 TIME:   0.105 TIME LEFT:  2.00D  GRAD.:   635.964 HEAT: -12.61564
 CYCLE:    12 TIME:   0.094 TIME LEFT:  2.00D  GRAD.:   327.639 HEAT: -16.21554
 CYCLE:    13 TIME:   0.094 TIME LEFT:  2.00D  GRAD.:   180.149 HEAT: -17.37697
 CYCLE:    14 TIME:   0.086 TIME LEFT:  2.00D  GRAD.:   291.017 HEAT: -17.86447
 CYCLE:    15 TIME:   0.074 TIME LEFT:  2.00D  GRAD.:   333.384 HEAT: -18.59786
 CYCLE:    16 TIME:   0.086 TIME LEFT:  2.00D  GRAD.:   212.668 HEAT: -19.64045
 CYCLE:    17 TIME:   0.098 TIME LEFT:  2.00D  GRAD.:    46.634 HEAT: -20.05300
 CYCLE:    18 TIME:   0.090 TIME LEFT:  2.00D  GRAD.:    85.323 HEAT: -20.14633
 CYCLE:    19 TIME:   0.086 TIME LEFT:  2.00D  GRAD.:   136.091 HEAT: -20.24246
 CYCLE:    20 TIME:   0.082 TIME LEFT:  2.00D  GRAD.:   206.251 HEAT: -20.47575
 CYCLE:    21 TIME:   0.086 TIME LEFT:  2.00D  GRAD.:   257.270 HEAT: -20.91595
 CYCLE:    22 TIME:   0.086 TIME LEFT:  2.00D  GRAD.:   246.873 HEAT: -21.56751
 CYCLE:    23 TIME:   0.098 TIME LEFT:  2.00D  GRAD.:   119.528 HEAT: -21.89085
 CYCLE:    24 TIME:   0.066 TIME LEFT:  2.00D  GRAD.:   165.506 HEAT: -22.46963
 CYCLE:    25 TIME:   0.078 TIME LEFT:  2.00D  GRAD.:   105.830 HEAT: -22.86133
 CYCLE:    26 TIME:   0.094 TIME LEFT:  2.00D  GRAD.:    45.309 HEAT: -23.00417
 CYCLE:    27 TIME:   0.078 TIME LEFT:  2.00D  GRAD.:    95.474 HEAT: -23.12758
 CYCLE:    28 TIME:   0.090 TIME LEFT:  2.00D  GRAD.:    70.870 HEAT: -23.22156
 CYCLE:    29 TIME:   0.098 TIME LEFT:  2.00D  GRAD.:    46.059 HEAT: -23.37914
 CYCLE:    30 TIME:   0.082 TIME LEFT:  2.00D  GRAD.:    59.270 HEAT: -23.46992
 CYCLE:    31 TIME:   0.094 TIME LEFT:  2.00D  GRAD.:    45.173 HEAT: -23.62637
 CYCLE:    32 TIME:   0.102 TIME LEFT:  2.00D  GRAD.:   237.860 HEAT: -23.50049
 CYCLE:    33 TIME:   0.078 TIME LEFT:  2.00D  GRAD.:    46.200 HEAT: -23.78004
 CYCLE:    34 TIME:   0.098 TIME LEFT:  2.00D  GRAD.:    24.061 HEAT: -23.80533
 CYCLE:    35 TIME:   0.082 TIME LEFT:  2.00D  GRAD.:    28.509 HEAT: -23.83085
 CYCLE:    36 TIME:   0.094 TIME LEFT:  2.00D  GRAD.:    32.244 HEAT: -23.85787
 CYCLE:    37 TIME:   0.098 TIME LEFT:  2.00D  GRAD.:    23.257 HEAT: -23.93345
 CYCLE:    38 TIME:   0.078 TIME LEFT:  2.00D  GRAD.:    81.870 HEAT: -23.85194
 CYCLE:    39 TIME:   0.090 TIME LEFT:  2.00D  GRAD.:    35.844 HEAT: -23.97787
 CYCLE:    40 TIME:   0.086 TIME LEFT:  2.00D  GRAD.:    23.954 HEAT: -24.00289
 CYCLE:    41 TIME:   0.086 TIME LEFT:  2.00D  GRAD.:    17.183 HEAT: -24.02556
 CYCLE:    42 TIME:   0.090 TIME LEFT:  2.00D  GRAD.:    16.153 HEAT: -24.05279
 CYCLE:    43 TIME:   0.090 TIME LEFT:  2.00D  GRAD.:    70.309 HEAT: -24.04888
 CYCLE:    44 TIME:   0.086 TIME LEFT:  2.00D  GRAD.:    13.320 HEAT: -24.12869
 CYCLE:    45 TIME:   0.066 TIME LEFT:  2.00D  GRAD.:    12.247 HEAT: -24.13738
 CYCLE:    46 TIME:   0.070 TIME LEFT:  2.00D  GRAD.:    25.431 HEAT: -24.15850
 CYCLE:    47 TIME:   0.086 TIME LEFT:  2.00D  GRAD.:    39.283 HEAT: -24.17656
 CYCLE:    48 TIME:   0.078 TIME LEFT:  2.00D  GRAD.:    24.893 HEAT: -24.19893
 CYCLE:    49 TIME:   0.062 TIME LEFT:  2.00D  GRAD.:    29.802 HEAT: -24.21507
 CYCLE:    50 TIME:   0.062 TIME LEFT:  2.00D  GRAD.:    27.382 HEAT: -24.23797
 CYCLE:    51 TIME:   0.062 TIME LEFT:  2.00D  GRAD.:    19.652 HEAT: -24.26652
 CYCLE:    52 TIME:   0.062 TIME LEFT:  2.00D  GRAD.:    15.584 HEAT: -24.29928
 CYCLE:    53 TIME:   0.066 TIME LEFT:  2.00D  GRAD.:    86.019 HEAT: -24.26455
 CYCLE:    54 TIME:   0.074 TIME LEFT:  2.00D  GRAD.:    17.586 HEAT: -24.31651
 CYCLE:    55 TIME:   0.070 TIME LEFT:  2.00D  GRAD.:    46.939 HEAT: -24.33906
 CYCLE:    56 TIME:   0.086 TIME LEFT:  2.00D  GRAD.:    22.252 HEAT: -24.36528
 CYCLE:    57 TIME:   0.105 TIME LEFT:  2.00D  GRAD.:    14.878 HEAT: -24.38724
 CYCLE:    58 TIME:   0.098 TIME LEFT:  2.00D  GRAD.:    27.390 HEAT: -24.41084
 CYCLE:    59 TIME:   0.102 TIME LEFT:  2.00D  GRAD.:    40.973 HEAT: -24.44810
 CYCLE:    60 TIME:   0.109 TIME LEFT:  2.00D  GRAD.:    37.389 HEAT: -24.50421
 CYCLE:    61 TIME:   0.102 TIME LEFT:  2.00D  GRAD.:   258.433 HEAT: -24.32683
 CYCLE:    62 TIME:   0.109 TIME LEFT:  2.00D  GRAD.:   142.487 HEAT: -24.42716
 CYCLE:    63 TIME:   0.098 TIME LEFT:  2.00D  GRAD.:    21.951 HEAT: -24.56107
 CYCLE:    64 TIME:   0.086 TIME LEFT:  2.00D  GRAD.:    20.696 HEAT: -24.57017
 CYCLE:    65 TIME:   0.074 TIME LEFT:  2.00D  GRAD.:    19.383 HEAT: -24.60911
 CYCLE:    66 TIME:   0.098 TIME LEFT:  2.00D  GRAD.:    21.049 HEAT: -24.65157
 CYCLE:    67 TIME:   0.094 TIME LEFT:  2.00D  GRAD.:    59.071 HEAT: -24.66721
 CYCLE:    68 TIME:   0.094 TIME LEFT:  2.00D  GRAD.:    28.911 HEAT: -24.73252
 CYCLE:    69 TIME:   0.090 TIME LEFT:  2.00D  GRAD.:    13.868 HEAT: -24.75930
 CYCLE:    70 TIME:   0.074 TIME LEFT:  2.00D  GRAD.:    10.835 HEAT: -24.76993
 CYCLE:    71 TIME:   0.090 TIME LEFT:  2.00D  GRAD.:    12.523 HEAT: -24.78381
 CYCLE:    72 TIME:   0.102 TIME LEFT:  2.00D  GRAD.:    38.372 HEAT: -24.82379
 CYCLE:    73 TIME:   0.098 TIME LEFT:  2.00D  GRAD.:    19.334 HEAT: -24.85509
 CYCLE:    74 TIME:   0.102 TIME LEFT:  2.00D  GRAD.:    13.162 HEAT: -24.88067
 CYCLE:    75 TIME:   0.098 TIME LEFT:  2.00D  GRAD.:    12.103 HEAT: -24.89727
 CYCLE:    76 TIME:   0.082 TIME LEFT:  2.00D  GRAD.:    10.279 HEAT: -24.93124
 CYCLE:    77 TIME:   0.102 TIME LEFT:  2.00D  GRAD.:    42.230 HEAT: -24.96565
 CYCLE:    78 TIME:   0.090 TIME LEFT:  2.00D  GRAD.:    18.616 HEAT: -24.99635
 CYCLE:    79 TIME:   0.109 TIME LEFT:  2.00D  GRAD.:     9.198 HEAT: -25.01003
 CYCLE:    80 TIME:   0.094 TIME LEFT:  2.00D  GRAD.:     9.854 HEAT: -25.01965
 CYCLE:    81 TIME:   0.105 TIME LEFT:  2.00D  GRAD.:     9.703 HEAT: -25.03673
 CYCLE:    82 TIME:   0.086 TIME LEFT:  2.00D  GRAD.:   114.926 HEAT: -24.97692
 CYCLE:    83 TIME:   0.094 TIME LEFT:  2.00D  GRAD.:    35.176 HEAT: -25.05074
 CYCLE:    84 TIME:   0.098 TIME LEFT:  2.00D  GRAD.:    10.653 HEAT: -25.07050
 CYCLE:    85 TIME:   0.098 TIME LEFT:  2.00D  GRAD.:    13.469 HEAT: -25.07445
 CYCLE:    86 TIME:   0.094 TIME LEFT:  2.00D  GRAD.:    31.034 HEAT: -25.09200
 CYCLE:    87 TIME:   0.082 TIME LEFT:  2.00D  GRAD.:    18.786 HEAT: -25.10978
 CYCLE:    88 TIME:   0.078 TIME LEFT:  2.00D  GRAD.:    10.127 HEAT: -25.12040
 CYCLE:    89 TIME:   0.082 TIME LEFT:  2.00D  GRAD.:     9.727 HEAT: -25.12916
 CYCLE:    90 TIME:   0.086 TIME LEFT:  2.00D  GRAD.:    14.931 HEAT: -25.13936
 CYCLE:    91 TIME:   0.074 TIME LEFT:  2.00D  GRAD.:    43.531 HEAT: -25.15052
 CYCLE:    92 TIME:   0.059 TIME LEFT:  2.00D  GRAD.:    18.004 HEAT: -25.16716
 CYCLE:    93 TIME:   0.070 TIME LEFT:  2.00D  GRAD.:    14.171 HEAT: -25.17616
 CYCLE:    94 TIME:   0.066 TIME LEFT:  2.00D  GRAD.:    12.385 HEAT: -25.18369
 CYCLE:    95 TIME:   0.074 TIME LEFT:  2.00D  GRAD.:    15.336 HEAT: -25.19427
 CYCLE:    96 TIME:   0.070 TIME LEFT:  2.00D  GRAD.:    16.408 HEAT: -25.20826
 CYCLE:    97 TIME:   0.086 TIME LEFT:  2.00D  GRAD.:    13.996 HEAT: -25.22907
 CYCLE:    98 TIME:   0.086 TIME LEFT:  2.00D  GRAD.:    14.727 HEAT: -25.24974
 CYCLE:    99 TIME:   0.090 TIME LEFT:  2.00D  GRAD.:    78.277 HEAT: -25.22999
 CYCLE:   100 TIME:   0.086 TIME LEFT:  2.00D  GRAD.:    13.104 HEAT: -25.27849
 CYCLE:   101 TIME:   0.078 TIME LEFT:  2.00D  GRAD.:     9.694 HEAT: -25.28673
 CYCLE:   102 TIME:   0.074 TIME LEFT:  2.00D  GRAD.:    22.476 HEAT: -25.29978
 CYCLE:   103 TIME:   0.062 TIME LEFT:  2.00D  GRAD.:    20.206 HEAT: -25.31424
 CYCLE:   104 TIME:   0.074 TIME LEFT:  2.00D  GRAD.:    14.827 HEAT: -25.32767
 CYCLE:   105 TIME:   0.074 TIME LEFT:  2.00D  GRAD.:    45.155 HEAT: -25.33894
 CYCLE:   106 TIME:   0.070 TIME LEFT:  2.00D  GRAD.:    13.610 HEAT: -25.37188
 CYCLE:   107 TIME:   0.070 TIME LEFT:  2.00D  GRAD.:    25.304 HEAT: -25.40009
 CYCLE:   108 TIME:   0.066 TIME LEFT:  2.00D  GRAD.:    25.967 HEAT: -25.42053
 CYCLE:   109 TIME:   0.090 TIME LEFT:  2.00D  GRAD.:    23.299 HEAT: -25.46521
 CYCLE:   110 TIME:   0.074 TIME LEFT:  2.00D  GRAD.:    17.885 HEAT: -25.52309
 CYCLE:   111 TIME:   0.074 TIME LEFT:  2.00D  GRAD.:    27.181 HEAT: -25.57930
 CYCLE:   112 TIME:   0.094 TIME LEFT:  2.00D  GRAD.:    36.111 HEAT: -25.67352
 CYCLE:   113 TIME:   0.086 TIME LEFT:  2.00D  GRAD.:   140.872 HEAT: -25.74196
 CYCLE:   114 TIME:   0.082 TIME LEFT:  2.00D  GRAD.:   114.844 HEAT: -25.69456
 CYCLE:   115 TIME:   0.094 TIME LEFT:  2.00D  GRAD.:    24.484 HEAT: -25.88452
 CYCLE:   116 TIME:   0.082 TIME LEFT:  2.00D  GRAD.:    64.470 HEAT: -25.92257
 CYCLE:   117 TIME:   0.082 TIME LEFT:  2.00D  GRAD.:    43.988 HEAT: -25.97080
 CYCLE:   118 TIME:   0.094 TIME LEFT:  2.00D  GRAD.:    31.554 HEAT: -26.04747
 CYCLE:   119 TIME:   0.082 TIME LEFT:  2.00D  GRAD.:    87.003 HEAT: -26.12337
 CYCLE:   120 TIME:   0.074 TIME LEFT:  2.00D  GRAD.:    71.359 HEAT: -26.19498
 CYCLE:   121 TIME:   0.086 TIME LEFT:  2.00D  GRAD.:   148.520 HEAT: -26.01648
 CYCLE:   122 TIME:   0.074 TIME LEFT:  2.00D  GRAD.:    24.969 HEAT: -26.35650
 CYCLE:   123 TIME:   0.066 TIME LEFT:  2.00D  GRAD.:    22.283 HEAT: -26.38316
 CYCLE:   124 TIME:   0.070 TIME LEFT:  2.00D  GRAD.:    30.045 HEAT: -26.42495
 CYCLE:   125 TIME:   0.059 TIME LEFT:  2.00D  GRAD.:    19.774 HEAT: -26.46570
 CYCLE:   126 TIME:   0.094 TIME LEFT:  2.00D  GRAD.:    18.855 HEAT: -26.57375
 CYCLE:   127 TIME:   0.094 TIME LEFT:  2.00D  GRAD.:    65.514 HEAT: -26.59900
 CYCLE:   128 TIME:   0.082 TIME LEFT:  2.00D  GRAD.:    30.223 HEAT: -26.66151
 CYCLE:   129 TIME:   0.066 TIME LEFT:  2.00D  GRAD.:    66.903 HEAT: -26.73180
 CYCLE:   130 TIME:   0.070 TIME LEFT:  2.00D  GRAD.:   147.945 HEAT: -26.72768
 CYCLE:   131 TIME:   0.070 TIME LEFT:  2.00D  GRAD.:    52.681 HEAT: -26.81160
 CYCLE:   132 TIME:   0.086 TIME LEFT:  2.00D  GRAD.:    34.550 HEAT: -26.87281
 CYCLE:   133 TIME:   0.078 TIME LEFT:  2.00D  GRAD.:   118.327 HEAT: -26.88331
 CYCLE:   134 TIME:   0.074 TIME LEFT:  2.00D  GRAD.:    43.637 HEAT: -26.85325
 CYCLE:   135 TIME:   0.086 TIME LEFT:  2.00D  GRAD.:   441.242 HEAT: -24.45076
 CYCLE:   136 TIME:   0.090 TIME LEFT:  2.00D  GRAD.:   410.070 HEAT: -26.31016
 CYCLE:   137 TIME:   0.074 TIME LEFT:  2.00D  GRAD.:   223.524 HEAT: -25.95392
 CYCLE:   138 TIME:   0.074 TIME LEFT:  2.00D  GRAD.:   141.359 HEAT: -26.79838
 CYCLE:   139 TIME:   0.082 TIME LEFT:  2.00D  GRAD.:   268.431 HEAT: -26.54480
 CYCLE:   140 TIME:   0.082 TIME LEFT:  2.00D  GRAD.:    40.141 HEAT: -27.14514
 CYCLE:   141 TIME:   0.062 TIME LEFT:  2.00D  GRAD.:    25.929 HEAT: -27.17979
 CYCLE:   142 TIME:   0.066 TIME LEFT:  2.00D  GRAD.:    38.941 HEAT: -27.25088
 CYCLE:   143 TIME:   0.066 TIME LEFT:  2.00D  GRAD.:    57.836 HEAT: -27.31141
 CYCLE:   144 TIME:   0.062 TIME LEFT:  2.00D  GRAD.:    32.502 HEAT: -27.40903
 CYCLE:   145 TIME:   0.066 TIME LEFT:  2.00D  GRAD.:    89.716 HEAT: -27.43957
 CYCLE:   146 TIME:   0.062 TIME LEFT:  2.00D  GRAD.:    52.259 HEAT: -27.49863
 CYCLE:   147 TIME:   0.062 TIME LEFT:  2.00D  GRAD.:    42.218 HEAT: -27.53426
 CYCLE:   148 TIME:   0.066 TIME LEFT:  2.00D  GRAD.:    25.861 HEAT: -27.65771
 CYCLE:   149 TIME:   0.062 TIME LEFT:  2.00D  GRAD.:    20.496 HEAT: -27.72735
 CYCLE:   150 TIME:   0.066 TIME LEFT:  2.00D  GRAD.:    46.877 HEAT: -27.76113
 CYCLE:   151 TIME:   0.066 TIME LEFT:  2.00D  GRAD.:    39.059 HEAT: -27.82590
 CYCLE:   152 TIME:   0.078 TIME LEFT:  2.00D  GRAD.:    20.570 HEAT: -27.84979
 CYCLE:   153 TIME:   0.066 TIME LEFT:  2.00D  GRAD.:    11.813 HEAT: -27.87225
 CYCLE:   154 TIME:   0.066 TIME LEFT:  2.00D  GRAD.:    19.876 HEAT: -27.90379
 CYCLE:   155 TIME:   0.059 TIME LEFT:  2.00D  GRAD.:    21.221 HEAT: -27.93766
 CYCLE:   156 TIME:   0.066 TIME LEFT:  2.00D  GRAD.:    55.322 HEAT: -27.96090
 CYCLE:   157 TIME:   0.070 TIME LEFT:  2.00D  GRAD.:    13.277 HEAT: -27.99832
 CYCLE:   158 TIME:   0.062 TIME LEFT:  2.00D  GRAD.:    12.020 HEAT: -28.00822
 CYCLE:   159 TIME:   0.059 TIME LEFT:  2.00D  GRAD.:    36.074 HEAT: -28.02010
 CYCLE:   160 TIME:   0.070 TIME LEFT:  2.00D  GRAD.:    21.421 HEAT: -28.03982
 CYCLE:   161 TIME:   0.062 TIME LEFT:  2.00D  GRAD.:    13.727 HEAT: -28.05259
 CYCLE:   162 TIME:   0.086 TIME LEFT:  2.00D  GRAD.:    10.947 HEAT: -28.06834
 CYCLE:   163 TIME:   0.082 TIME LEFT:  2.00D  GRAD.:    13.754 HEAT: -28.08254
 CYCLE:   164 TIME:   0.090 TIME LEFT:  2.00D  GRAD.:    17.948 HEAT: -28.11049
 CYCLE:   165 TIME:   0.086 TIME LEFT:  2.00D  GRAD.:    58.811 HEAT: -28.08533
 CYCLE:   166 TIME:   0.070 TIME LEFT:  2.00D  GRAD.:     8.949 HEAT: -28.12980
 CYCLE:   167 TIME:   0.066 TIME LEFT:  2.00D  GRAD.:     7.853 HEAT: -28.13449
 CYCLE:   168 TIME:   0.090 TIME LEFT:  2.00D  GRAD.:     9.285 HEAT: -28.14935
 CYCLE:   169 TIME:   0.082 TIME LEFT:  2.00D  GRAD.:    27.081 HEAT: -28.15596
 CYCLE:   170 TIME:   0.074 TIME LEFT:  2.00D  GRAD.:     7.168 HEAT: -28.17646
 CYCLE:   171 TIME:   0.059 TIME LEFT:  2.00D  GRAD.:     6.353 HEAT: -28.18226
 CYCLE:   172 TIME:   0.059 TIME LEFT:  2.00D  GRAD.:    34.640 HEAT: -28.18443
 CYCLE:   173 TIME:   0.062 TIME LEFT:  2.00D  GRAD.:     8.759 HEAT: -28.18886
 CYCLE:   174 TIME:   0.086 TIME LEFT:  2.00D  GRAD.:     7.973 HEAT: -28.18988
 CYCLE:   175 TIME:   0.090 TIME LEFT:  2.00D  GRAD.:     8.668 HEAT: -28.19467
 CYCLE:   176 TIME:   0.102 TIME LEFT:  2.00D  GRAD.:    12.342 HEAT: -28.20290
 CYCLE:   177 TIME:   0.109 TIME LEFT:  2.00D  GRAD.:    28.153 HEAT: -28.20084
 CYCLE:   178 TIME:   0.113 TIME LEFT:  2.00D  GRAD.:    10.835 HEAT: -28.21792
 CYCLE:   179 TIME:   0.066 TIME LEFT:  2.00D  GRAD.:     5.740 HEAT: -28.22137
 CYCLE:   180 TIME:   0.062 TIME LEFT:  2.00D  GRAD.:    12.694 HEAT: -28.22554
 CYCLE:   181 TIME:   0.066 TIME LEFT:  2.00D  GRAD.:    13.246 HEAT: -28.23014
 CYCLE:   182 TIME:   0.078 TIME LEFT:  2.00D  GRAD.:    12.095 HEAT: -28.24009
 CYCLE:   183 TIME:   0.086 TIME LEFT:  2.00D  GRAD.:     8.139 HEAT: -28.25188
 CYCLE:   184 TIME:   0.086 TIME LEFT:  2.00D  GRAD.:     5.106 HEAT: -28.25891
 CYCLE:   185 TIME:   0.082 TIME LEFT:  2.00D  GRAD.:     7.578 HEAT: -28.26512
 CYCLE:   186 TIME:   0.070 TIME LEFT:  2.00D  GRAD.:   110.954 HEAT: -28.23671
 CYCLE:   187 TIME:   0.078 TIME LEFT:  2.00D  GRAD.:    10.430 HEAT: -28.27554
 CYCLE:   188 TIME:   0.062 TIME LEFT:  2.00D  GRAD.:     6.796 HEAT: -28.27789
 CYCLE:   189 TIME:   0.062 TIME LEFT:  2.00D  GRAD.:     7.333 HEAT: -28.28239
 CYCLE:   190 TIME:   0.074 TIME LEFT:  2.00D  GRAD.:     7.586 HEAT: -28.28629
 CYCLE:   191 TIME:   0.066 TIME LEFT:  2.00D  GRAD.:    15.542 HEAT: -28.29393
 CYCLE:   192 TIME:   0.078 TIME LEFT:  2.00D  GRAD.:    11.422 HEAT: -28.30198
 CYCLE:   193 TIME:   0.062 TIME LEFT:  2.00D  GRAD.:     5.574 HEAT: -28.30595
 CYCLE:   194 TIME:   0.078 TIME LEFT:  2.00D  GRAD.:     8.218 HEAT: -28.30946
 CYCLE:   195 TIME:   0.078 TIME LEFT:  2.00D  GRAD.:     8.602 HEAT: -28.31430
 CYCLE:   196 TIME:   0.078 TIME LEFT:  2.00D  GRAD.:    13.754 HEAT: -28.32116
 CYCLE:   197 TIME:   0.070 TIME LEFT:  2.00D  GRAD.:    14.767 HEAT: -28.32774
 CYCLE:   198 TIME:   0.070 TIME LEFT:  2.00D  GRAD.:     4.842 HEAT: -28.33393
 CYCLE:   199 TIME:   0.070 TIME LEFT:  2.00D  GRAD.:     3.854 HEAT: -28.33625
 CYCLE:   200 TIME:   0.066 TIME LEFT:  2.00D  GRAD.:    15.503 HEAT: -28.33900
 CYCLE:   201 TIME:   0.070 TIME LEFT:  2.00D  GRAD.:     6.515 HEAT: -28.34280
 CYCLE:   202 TIME:   0.078 TIME LEFT:  2.00D  GRAD.:     4.421 HEAT: -28.34546
 CYCLE:   203 TIME:   0.062 TIME LEFT:  2.00D  GRAD.:     4.996 HEAT: -28.34900
 CYCLE:   204 TIME:   0.090 TIME LEFT:  2.00D  GRAD.:     8.302 HEAT: -28.35379
 CYCLE:   205 TIME:   0.066 TIME LEFT:  2.00D  GRAD.:    13.938 HEAT: -28.35989
 CYCLE:   206 TIME:   0.066 TIME LEFT:  2.00D  GRAD.:    27.072 HEAT: -28.35717
 CYCLE:   207 TIME:   0.074 TIME LEFT:  2.00D  GRAD.:     4.635 HEAT: -28.36305
 CYCLE:   208 TIME:   0.062 TIME LEFT:  2.00D  GRAD.:     4.115 HEAT: -28.36351
 CYCLE:   209 TIME:   0.070 TIME LEFT:  2.00D  GRAD.:     5.647 HEAT: -28.36578
 CYCLE:   210 TIME:   0.062 TIME LEFT:  2.00D  GRAD.:     6.594 HEAT: -28.36851
 CYCLE:   211 TIME:   0.082 TIME LEFT:  2.00D  GRAD.:    11.714 HEAT: -28.37337
 CYCLE:   212 TIME:   0.070 TIME LEFT:  2.00D  GRAD.:     6.424 HEAT: -28.37679
 CYCLE:   213 TIME:   0.062 TIME LEFT:  2.00D  GRAD.:     3.409 HEAT: -28.37867
 CYCLE:   214 TIME:   0.074 TIME LEFT:  2.00D  GRAD.:     9.212 HEAT: -28.38015
 CYCLE:   215 TIME:   0.074 TIME LEFT:  2.00D  GRAD.:    15.589 HEAT: -28.37984
 CYCLE:   216 TIME:   0.086 TIME LEFT:  2.00D  GRAD.:     4.620 HEAT: -28.38120
 CYCLE:   217 TIME:   0.082 TIME LEFT:  2.00D  GRAD.:     3.907 HEAT: -28.38164
 CYCLE:   218 TIME:   0.086 TIME LEFT:  2.00D  GRAD.:     6.669 HEAT: -28.38351
 CYCLE:   219 TIME:   0.090 TIME LEFT:  2.00D  GRAD.:     6.130 HEAT: -28.38473
 CYCLE:   220 TIME:   0.082 TIME LEFT:  2.00D  GRAD.:     8.560 HEAT: -28.38623
 CYCLE:   221 TIME:   0.066 TIME LEFT:  2.00D  GRAD.:    27.245 HEAT: -28.38261
 CYCLE:   222 TIME:   0.066 TIME LEFT:  2.00D  GRAD.:     2.749 HEAT: -28.38764
 CYCLE:   223 TIME:   0.066 TIME LEFT:  2.00D  GRAD.:     2.449 HEAT: -28.38788
 CYCLE:   224 TIME:   0.066 TIME LEFT:  2.00D  GRAD.:     4.223 HEAT: -28.38864
 CYCLE:   225 TIME:   0.062 TIME LEFT:  2.00D  GRAD.:     5.746 HEAT: -28.38960
 CYCLE:   226 TIME:   0.082 TIME LEFT:  2.00D  GRAD.:     7.593 HEAT: -28.39197
 CYCLE:   227 TIME:   0.082 TIME LEFT:  2.00D  GRAD.:    41.431 HEAT: -28.37285
 CYCLE:   228 TIME:   0.074 TIME LEFT:  2.00D  GRAD.:     4.057 HEAT: -28.39387
 CYCLE:   229 TIME:   0.070 TIME LEFT:  2.00D  GRAD.:     2.930 HEAT: -28.39434
 CYCLE:   230 TIME:   0.062 TIME LEFT:  2.00D  GRAD.:     2.909 HEAT: -28.39481
 CYCLE:   231 TIME:   0.059 TIME LEFT:  2.00D  GRAD.:     6.294 HEAT: -28.39522
 CYCLE:   232 TIME:   0.070 TIME LEFT:  2.00D  GRAD.:     6.010 HEAT: -28.39585
 CYCLE:   233 TIME:   0.066 TIME LEFT:  2.00D  GRAD.:     2.630 HEAT: -28.39845
 CYCLE:   234 TIME:   0.062 TIME LEFT:  2.00D  GRAD.:     5.296 HEAT: -28.40017
 CYCLE:   235 TIME:   0.066 TIME LEFT:  2.00D  GRAD.:    42.786 HEAT: -28.38914
 CYCLE:   236 TIME:   0.070 TIME LEFT:  2.00D  GRAD.:     2.924 HEAT: -28.40154
 CYCLE:   237 TIME:   0.082 TIME LEFT:  2.00D  GRAD.:     2.492 HEAT: -28.40220
 CYCLE:   238 TIME:   0.070 TIME LEFT:  2.00D  GRAD.:     5.022 HEAT: -28.40532
 CYCLE:   239 TIME:   0.062 TIME LEFT:  2.00D  GRAD.:     2.626 HEAT: -28.40654
 CYCLE:   240 TIME:   0.090 TIME LEFT:  2.00D  GRAD.:     3.374 HEAT: -28.40807
 CYCLE:   241 TIME:   0.090 TIME LEFT:  2.00D  GRAD.:     5.038 HEAT: -28.40933
 CYCLE:   242 TIME:   0.090 TIME LEFT:  2.00D  GRAD.:     9.774 HEAT: -28.40991
 CYCLE:   243 TIME:   0.086 TIME LEFT:  2.00D  GRAD.:     2.575 HEAT: -28.41114
 CYCLE:   244 TIME:   0.090 TIME LEFT:  2.00D  GRAD.:     2.004 HEAT: -28.41144
 CYCLE:   245 TIME:   0.086 TIME LEFT:  2.00D  GRAD.:     3.826 HEAT: -28.41203
 CYCLE:   246 TIME:   0.086 TIME LEFT:  2.00D  GRAD.:     6.137 HEAT: -28.41232
 CYCLE:   247 TIME:   0.086 TIME LEFT:  2.00D  GRAD.:     2.679 HEAT: -28.41307
 CYCLE:   248 TIME:   0.086 TIME LEFT:  2.00D  GRAD.:     1.672 HEAT: -28.41351
 CYCLE:   249 TIME:   0.094 TIME LEFT:  2.00D  GRAD.:     6.709 HEAT: -28.41419
 CYCLE:   250 TIME:   0.082 TIME LEFT:  2.00D  GRAD.:     4.546 HEAT: -28.41460
 CYCLE:   251 TIME:   0.086 TIME LEFT:  2.00D  GRAD.:     3.323 HEAT: -28.41528
 CYCLE:   252 TIME:   0.078 TIME LEFT:  2.00D  GRAD.:     4.201 HEAT: -28.41606
 CYCLE:   253 TIME:   0.062 TIME LEFT:  2.00D  GRAD.:     2.760 HEAT: -28.41651
 CYCLE:   254 TIME:   0.086 TIME LEFT:  2.00D  GRAD.:     2.922 HEAT: -28.41685
 CYCLE:   255 TIME:   0.086 TIME LEFT:  2.00D  GRAD.:     6.133 HEAT: -28.41800
 CYCLE:   256 TIME:   0.074 TIME LEFT:  2.00D  GRAD.:    11.358 HEAT: -28.41801
 CYCLE:   257 TIME:   0.062 TIME LEFT:  2.00D  GRAD.:     2.586 HEAT: -28.41891
 CYCLE:   258 TIME:   0.062 TIME LEFT:  2.00D  GRAD.:     2.487 HEAT: -28.41917
 CYCLE:   259 TIME:   0.066 TIME LEFT:  2.00D  GRAD.:     2.152 HEAT: -28.41989
 CYCLE:   260 TIME:   0.066 TIME LEFT:  2.00D  GRAD.:     1.413 HEAT: -28.42067
 CYCLE:   261 TIME:   0.066 TIME LEFT:  2.00D  GRAD.:     7.056 HEAT: -28.42123
 CYCLE:   262 TIME:   0.070 TIME LEFT:  2.00D  GRAD.:     3.734 HEAT: -28.42195
 CYCLE:   263 TIME:   0.066 TIME LEFT:  2.00D  GRAD.:     2.131 HEAT: -28.42220
 CYCLE:   264 TIME:   0.074 TIME LEFT:  2.00D  GRAD.:     2.513 HEAT: -28.42239
 CYCLE:   265 TIME:   0.066 TIME LEFT:  2.00D  GRAD.:     3.550 HEAT: -28.42301
 CYCLE:   266 TIME:   0.078 TIME LEFT:  2.00D  GRAD.:     2.683 HEAT: -28.42369
 CYCLE:   267 TIME:   0.074 TIME LEFT:  2.00D  GRAD.:    10.032 HEAT: -28.42380
 CYCLE:   268 TIME:   0.066 TIME LEFT:  2.00D  GRAD.:     2.326 HEAT: -28.42450
 CYCLE:   269 TIME:   0.078 TIME LEFT:  2.00D  GRAD.:     1.825 HEAT: -28.42466
 CYCLE:   270 TIME:   0.082 TIME LEFT:  2.00D  GRAD.:     3.425 HEAT: -28.42486
 CYCLE:   271 TIME:   0.090 TIME LEFT:  2.00D  GRAD.:     2.398 HEAT: -28.42510
 CYCLE:   272 TIME:   0.086 TIME LEFT:  2.00D  GRAD.:     8.993 HEAT: -28.42519
 CYCLE:   273 TIME:   0.086 TIME LEFT:  2.00D  GRAD.:     2.631 HEAT: -28.42567
 CYCLE:   274 TIME:   0.090 TIME LEFT:  2.00D  GRAD.:     2.033 HEAT: -28.42581
 CYCLE:   275 TIME:   0.090 TIME LEFT:  2.00D  GRAD.:     2.745 HEAT: -28.42598
 CYCLE:   276 TIME:   0.090 TIME LEFT:  2.00D  GRAD.:     2.656 HEAT: -28.42640
 CYCLE:   277 TIME:   0.078 TIME LEFT:  2.00D  GRAD.:     6.623 HEAT: -28.42633
 CYCLE:   278 TIME:   0.070 TIME LEFT:  2.00D  GRAD.:     5.664 HEAT: -28.42644
 CYCLE:   279 TIME:   0.066 TIME LEFT:  2.00D  GRAD.:     9.440 HEAT: -28.42681
 CYCLE:   280 TIME:   0.062 TIME LEFT:  2.00D  GRAD.:     2.334 HEAT: -28.42819
 CYCLE:   281 TIME:   0.066 TIME LEFT:  2.00D  GRAD.:     1.445 HEAT: -28.42847
 CYCLE:   282 TIME:   0.062 TIME LEFT:  2.00D  GRAD.:     1.896 HEAT: -28.42871
 CYCLE:   283 TIME:   0.062 TIME LEFT:  2.00D  GRAD.:     9.082 HEAT: -28.42855
 CYCLE:   284 TIME:   0.059 TIME LEFT:  2.00D  GRAD.:     1.838 HEAT: -28.42932
 CYCLE:   285 TIME:   0.070 TIME LEFT:  2.00D  GRAD.:     1.770 HEAT: -28.42956
 CYCLE:   286 TIME:   0.066 TIME LEFT:  2.00D  GRAD.:     2.004 HEAT: -28.42999
 CYCLE:   287 TIME:   0.070 TIME LEFT:  2.00D  GRAD.:    27.102 HEAT: -28.42781
 CYCLE:   288 TIME:   0.066 TIME LEFT:  2.00D  GRAD.:     2.708 HEAT: -28.43023
 CYCLE:   289 TIME:   0.062 TIME LEFT:  2.00D  GRAD.:     1.689 HEAT: -28.43027
 CYCLE:   290 TIME:   0.059 TIME LEFT:  2.00D  GRAD.:     1.385 HEAT: -28.43070
 CYCLE:   291 TIME:   0.062 TIME LEFT:  2.00D  GRAD.:     1.461 HEAT: -28.43150
 CYCLE:   292 TIME:   0.062 TIME LEFT:  2.00D  GRAD.:     2.455 HEAT: -28.43238
 CYCLE:   293 TIME:   0.070 TIME LEFT:  2.00D  GRAD.:     2.759 HEAT: -28.43298
 CYCLE:   294 TIME:   0.082 TIME LEFT:  2.00D  GRAD.:     3.591 HEAT: -28.43318
 CYCLE:   295 TIME:   0.070 TIME LEFT:  2.00D  GRAD.:     1.421 HEAT: -28.43352
 CYCLE:   296 TIME:   0.066 TIME LEFT:  2.00D  GRAD.:     1.383 HEAT: -28.43372
 CYCLE:   297 TIME:   0.078 TIME LEFT:  2.00D  GRAD.:     2.624 HEAT: -28.43416
 CYCLE:   298 TIME:   0.086 TIME LEFT:  2.00D  GRAD.:     4.388 HEAT: -28.43445
 CYCLE:   299 TIME:   0.090 TIME LEFT:  2.00D  GRAD.:     2.012 HEAT: -28.43476
 CYCLE:   300 TIME:   0.074 TIME LEFT:  2.00D  GRAD.:     2.256 HEAT: -28.43488
 CYCLE:   301 TIME:   0.078 TIME LEFT:  2.00D  GRAD.:     1.542 HEAT: -28.43505
 CYCLE:   302 TIME:   0.062 TIME LEFT:  2.00D  GRAD.:     2.939 HEAT: -28.43525
 CYCLE:   303 TIME:   0.070 TIME LEFT:  2.00D  GRAD.:     9.276 HEAT: -28.43508
 CYCLE:   304 TIME:   0.066 TIME LEFT:  2.00D  GRAD.:     1.301 HEAT: -28.43544
 CYCLE:   305 TIME:   0.062 TIME LEFT:  2.00D  GRAD.:     1.125 HEAT: -28.43550
 CYCLE:   306 TIME:   0.066 TIME LEFT:  2.00D  GRAD.:     0.932 HEAT: -28.43558
 CYCLE:   307 TIME:   0.070 TIME LEFT:  2.00D  GRAD.:     1.186 HEAT: -28.43581
 CYCLE:   308 TIME:   0.066 TIME LEFT:  2.00D  GRAD.:     1.281 HEAT: -28.43611
 CYCLE:   309 TIME:   0.066 TIME LEFT:  2.00D  GRAD.:     3.400 HEAT: -28.43655
 CYCLE:   310 TIME:   0.059 TIME LEFT:  2.00D  GRAD.:     1.384 HEAT: -28.43676
 CYCLE:   311 TIME:   0.070 TIME LEFT:  2.00D  GRAD.:     1.437 HEAT: -28.43691
 CYCLE:   312 TIME:   0.062 TIME LEFT:  2.00D  GRAD.:     1.542 HEAT: -28.43708
 CYCLE:   313 TIME:   0.070 TIME LEFT:  2.00D  GRAD.:     2.457 HEAT: -28.43728
 CYCLE:   314 TIME:   0.074 TIME LEFT:  2.00D  GRAD.:     1.681 HEAT: -28.43751
 CYCLE:   315 TIME:   0.070 TIME LEFT:  2.00D  GRAD.:     1.412 HEAT: -28.43763
 CYCLE:   316 TIME:   0.078 TIME LEFT:  2.00D  GRAD.:     1.028 HEAT: -28.43778
 CYCLE:   317 TIME:   0.066 TIME LEFT:  2.00D  GRAD.:    14.137 HEAT: -28.43723
 CYCLE:   318 TIME:   0.074 TIME LEFT:  2.00D  GRAD.:     1.447 HEAT: -28.43786
 CYCLE:   319 TIME:   0.070 TIME LEFT:  2.00D  GRAD.:     0.955 HEAT: -28.43785
 CYCLE:   320 TIME:   0.070 TIME LEFT:  2.00D  GRAD.:     0.830 HEAT: -28.43792
 CYCLE:   321 TIME:   0.078 TIME LEFT:  2.00D  GRAD.:     1.720 HEAT: -28.43806
 CYCLE:   322 TIME:   0.090 TIME LEFT:  2.00D  GRAD.:     2.427 HEAT: -28.43818
 CYCLE:   323 TIME:   0.082 TIME LEFT:  2.00D  GRAD.:     1.902 HEAT: -28.43825
 CYCLE:   324 TIME:   0.086 TIME LEFT:  2.00D  GRAD.:     0.986 HEAT: -28.43831
 CYCLE:   325 TIME:   0.090 TIME LEFT:  2.00D  GRAD.:     1.109 HEAT: -28.43833
 CYCLE:   326 TIME:   0.074 TIME LEFT:  2.00D  GRAD.:     0.841 HEAT: -28.43843
 CYCLE:   327 TIME:   0.066 TIME LEFT:  2.00D  GRAD.:     2.098 HEAT: -28.43852
 CYCLE:   328 TIME:   0.062 TIME LEFT:  2.00D  GRAD.:     1.414 HEAT: -28.43858
 CYCLE:   329 TIME:   0.062 TIME LEFT:  2.00D  GRAD.:     1.011 HEAT: -28.43866
 CYCLE:   330 TIME:   0.062 TIME LEFT:  2.00D  GRAD.:     0.809 HEAT: -28.43873
 CYCLE:   331 TIME:   0.062 TIME LEFT:  2.00D  GRAD.:     1.856 HEAT: -28.43876
 CYCLE:   332 TIME:   0.082 TIME LEFT:  2.00D  GRAD.:     0.664 HEAT: -28.43879
 CYCLE:   333 TIME:   0.059 TIME LEFT:  2.00D  GRAD.:     0.936 HEAT: -28.43881
 CYCLE:   334 TIME:   0.086 TIME LEFT:  2.00D  GRAD.:     1.208 HEAT: -28.43886
 CYCLE:   335 TIME:   0.078 TIME LEFT:  2.00D  GRAD.:     1.482 HEAT: -28.43894
 CYCLE:   336 TIME:   0.086 TIME LEFT:  2.00D  GRAD.:     0.805 HEAT: -28.43900
 CYCLE:   337 TIME:   0.066 TIME LEFT:  2.00D  GRAD.:     0.649 HEAT: -28.43907
 CYCLE:   338 TIME:   0.074 TIME LEFT:  2.00D  GRAD.:     1.477 HEAT: -28.43913
 CYCLE:   339 TIME:   0.062 TIME LEFT:  2.00D  GRAD.:     0.752 HEAT: -28.43917
 CYCLE:   340 TIME:   0.062 TIME LEFT:  2.00D  GRAD.:     0.613 HEAT: -28.43921
 CYCLE:   341 TIME:   0.066 TIME LEFT:  2.00D  GRAD.:     2.691 HEAT: -28.43924
 CYCLE:   342 TIME:   0.062 TIME LEFT:  2.00D  GRAD.:     0.863 HEAT: -28.43929
 CYCLE:   343 TIME:   0.066 TIME LEFT:  2.00D  GRAD.:     0.877 HEAT: -28.43929
 CYCLE:   344 TIME:   0.062 TIME LEFT:  2.00D  GRAD.:     0.804 HEAT: -28.43932
 CYCLE:   345 TIME:   0.066 TIME LEFT:  2.00D  GRAD.:     1.024 HEAT: -28.43934
 CYCLE:   346 TIME:   0.066 TIME LEFT:  2.00D  GRAD.:     1.163 HEAT: -28.43937
 CYCLE:   347 TIME:   0.074 TIME LEFT:  2.00D  GRAD.:     0.849 HEAT: -28.43947
 CYCLE:   348 TIME:   0.078 TIME LEFT:  2.00D  GRAD.:     1.884 HEAT: -28.43963
 CYCLE:   349 TIME:   0.078 TIME LEFT:  2.00D  GRAD.:     0.533 HEAT: -28.43971
 CYCLE:   350 TIME:   0.066 TIME LEFT:  2.00D  GRAD.:     0.577 HEAT: -28.43974
 CYCLE:   351 TIME:   0.062 TIME LEFT:  2.00D  GRAD.:     0.782 HEAT: -28.43980
 CYCLE:   352 TIME:   0.090 TIME LEFT:  2.00D  GRAD.:     5.554 HEAT: -28.43961
 CYCLE:   353 TIME:   0.082 TIME LEFT:  2.00D  GRAD.:     1.009 HEAT: -28.43991
 CYCLE:   354 TIME:   0.094 TIME LEFT:  2.00D  GRAD.:     0.471 HEAT: -28.43995
 CYCLE:   355 TIME:   0.086 TIME LEFT:  2.00D  GRAD.:     1.177 HEAT: -28.44000
 CYCLE:   356 TIME:   0.094 TIME LEFT:  2.00D  GRAD.:     0.569 HEAT: -28.44002
 CYCLE:   357 TIME:   0.070 TIME LEFT:  2.00D  GRAD.:     0.610 HEAT: -28.44003
 CYCLE:   358 TIME:   0.090 TIME LEFT:  2.00D  GRAD.:     0.841 HEAT: -28.44009
 CYCLE:   359 TIME:   0.090 TIME LEFT:  2.00D  GRAD.:     1.277 HEAT: -28.44016
 CYCLE:   360 TIME:   0.098 TIME LEFT:  2.00D  GRAD.:     0.813 HEAT: -28.44024
 CYCLE:   361 TIME:   0.094 TIME LEFT:  2.00D  GRAD.:     0.637 HEAT: -28.44029
 CYCLE:   362 TIME:   0.090 TIME LEFT:  2.00D  GRAD.:     3.205 HEAT: -28.44030
 CYCLE:   363 TIME:   0.082 TIME LEFT:  2.00D  GRAD.:     0.766 HEAT: -28.44037
 CYCLE:   364 TIME:   0.090 TIME LEFT:  2.00D  GRAD.:     0.737 HEAT: -28.44039
 CYCLE:   365 TIME:   0.086 TIME LEFT:  2.00D  GRAD.:     1.053 HEAT: -28.44047
 CYCLE:   366 TIME:   0.078 TIME LEFT:  2.00D  GRAD.:     0.762 HEAT: -28.44057
 CYCLE:   367 TIME:   0.062 TIME LEFT:  2.00D  GRAD.:     0.814 HEAT: -28.44061
 CYCLE:   368 TIME:   0.070 TIME LEFT:  2.00D  GRAD.:     1.747 HEAT: -28.44066
 CYCLE:   369 TIME:   0.090 TIME LEFT:  2.00D  GRAD.:     0.892 HEAT: -28.44071
 CYCLE:   370 TIME:   0.086 TIME LEFT:  2.00D  GRAD.:     0.439 HEAT: -28.44075
 CYCLE:   371 TIME:   0.086 TIME LEFT:  2.00D  GRAD.:     0.658 HEAT: -28.44078
 CYCLE:   372 TIME:   0.090 TIME LEFT:  2.00D  GRAD.:     1.166 HEAT: -28.44084
 CYCLE:   373 TIME:   0.086 TIME LEFT:  2.00D  GRAD.:     2.752 HEAT: -28.44086
 CYCLE:   374 TIME:   0.090 TIME LEFT:  2.00D  GRAD.:     1.061 HEAT: -28.44097
 CYCLE:   375 TIME:   0.098 TIME LEFT:  2.00D  GRAD.:     0.464 HEAT: -28.44102
 CYCLE:   376 TIME:   0.113 TIME LEFT:  2.00D  GRAD.:     2.410 HEAT: -28.44104
 CYCLE:   377 TIME:   0.117 TIME LEFT:  2.00D  GRAD.:     1.286 HEAT: -28.44107
 CYCLE:   378 TIME:   0.094 TIME LEFT:  2.00D  GRAD.:     0.654 HEAT: -28.44109
 CYCLE:   379 TIME:   0.086 TIME LEFT:  2.00D  GRAD.:     0.494 HEAT: -28.44111
 CYCLE:   380 TIME:   0.102 TIME LEFT:  2.00D  GRAD.:     0.531 HEAT: -28.44114
 CYCLE:   381 TIME:   0.105 TIME LEFT:  2.00D  GRAD.:     0.949 HEAT: -28.44120
 CYCLE:   382 TIME:   0.082 TIME LEFT:  2.00D  GRAD.:     1.355 HEAT: -28.44130
 CYCLE:   383 TIME:   0.086 TIME LEFT:  2.00D  GRAD.:     0.934 HEAT: -28.44135
 CYCLE:   384 TIME:   0.074 TIME LEFT:  2.00D  GRAD.:     1.277 HEAT: -28.44140
 CYCLE:   385 TIME:   0.098 TIME LEFT:  2.00D  GRAD.:     1.012 HEAT: -28.44146
 CYCLE:   386 TIME:   0.070 TIME LEFT:  2.00D  GRAD.:     0.625 HEAT: -28.44153
 CYCLE:   387 TIME:   0.102 TIME LEFT:  2.00D  GRAD.:     4.492 HEAT: -28.44139
 CYCLE:   388 TIME:   0.066 TIME LEFT:  2.00D  GRAD.:     0.703 HEAT: -28.44159
 CYCLE:   389 TIME:   0.094 TIME LEFT:  2.00D  GRAD.:     0.930 HEAT: -28.44161
 CYCLE:   390 TIME:   0.105 TIME LEFT:  2.00D  GRAD.:     3.837 HEAT: -28.44162
 CYCLE:   391 TIME:   0.094 TIME LEFT:  2.00D  GRAD.:     1.483 HEAT: -28.44168
 CYCLE:   392 TIME:   0.078 TIME LEFT:  2.00D  GRAD.:     0.779 HEAT: -28.44171
 CYCLE:   393 TIME:   0.094 TIME LEFT:  2.00D  GRAD.:     0.936 HEAT: -28.44172
 CYCLE:   394 TIME:   0.105 TIME LEFT:  2.00D  GRAD.:     2.088 HEAT: -28.44165
 CYCLE:   395 TIME:   0.070 TIME LEFT:  2.00D  GRAD.:     0.881 HEAT: -28.44178
 CYCLE:   396 TIME:   0.074 TIME LEFT:  2.00D  GRAD.:     0.540 HEAT: -28.44183
 CYCLE:   397 TIME:   0.082 TIME LEFT:  2.00D  GRAD.:     0.842 HEAT: -28.44197
 CYCLE:   398 TIME:   0.109 TIME LEFT:  2.00D  GRAD.:     5.910 HEAT: -28.44186
 CYCLE:   399 TIME:   0.086 TIME LEFT:  2.00D  GRAD.:     1.286 HEAT: -28.44210
 CYCLE:   400 TIME:   0.098 TIME LEFT:  2.00D  GRAD.:     1.208 HEAT: -28.44214
 CYCLE:   401 TIME:   0.113 TIME LEFT:  2.00D  GRAD.:     2.999 HEAT: -28.44222
 CYCLE:   402 TIME:   0.094 TIME LEFT:  2.00D  GRAD.:     0.615 HEAT: -28.44229
 CYCLE:   403 TIME:   0.105 TIME LEFT:  2.00D  GRAD.:     1.049 HEAT: -28.44233
 CYCLE:   404 TIME:   0.113 TIME LEFT:  2.00D  GRAD.:     1.954 HEAT: -28.44239
 CYCLE:   405 TIME:   0.090 TIME LEFT:  2.00D  GRAD.:     1.050 HEAT: -28.44246
 CYCLE:   406 TIME:   0.078 TIME LEFT:  2.00D  GRAD.:     2.203 HEAT: -28.44253
 CYCLE:   407 TIME:   0.086 TIME LEFT:  2.00D  GRAD.:     0.662 HEAT: -28.44259
 CYCLE:   408 TIME:   0.070 TIME LEFT:  2.00D  GRAD.:     1.206 HEAT: -28.44262
 CYCLE:   409 TIME:   0.086 TIME LEFT:  2.00D  GRAD.:     1.712 HEAT: -28.44266
 CYCLE:   410 TIME:   0.090 TIME LEFT:  2.00D  GRAD.:     2.034 HEAT: -28.44275
 CYCLE:   411 TIME:   0.082 TIME LEFT:  2.00D  GRAD.:     2.279 HEAT: -28.44289
 CYCLE:   412 TIME:   0.078 TIME LEFT:  2.00D  GRAD.:    22.213 HEAT: -28.43812
 CYCLE:   413 TIME:   0.082 TIME LEFT:  2.00D  GRAD.:     1.004 HEAT: -28.44297
 CYCLE:   414 TIME:   0.070 TIME LEFT:  2.00D  GRAD.:     0.615 HEAT: -28.44299
 CYCLE:   415 TIME:   0.070 TIME LEFT:  2.00D  GRAD.:     1.075 HEAT: -28.44303
 CYCLE:   416 TIME:   0.094 TIME LEFT:  2.00D  GRAD.:     1.177 HEAT: -28.44306
 CYCLE:   417 TIME:   0.090 TIME LEFT:  2.00D  GRAD.:     6.112 HEAT: -28.44273
 CYCLE:   418 TIME:   0.070 TIME LEFT:  2.00D  GRAD.:     2.052 HEAT: -28.44308
 CYCLE:   419 TIME:   0.082 TIME LEFT:  2.00D  GRAD.:     0.737 HEAT: -28.44313
 CYCLE:   420 TIME:   0.082 TIME LEFT:  2.00D  GRAD.:     2.182 HEAT: -28.44313
 CYCLE:   421 TIME:   0.074 TIME LEFT:  2.00D  GRAD.:    12.358 HEAT: -28.44277
 CYCLE:   422 TIME:   0.086 TIME LEFT:  2.00D  GRAD.:     0.940 HEAT: -28.44329
 CYCLE:   423 TIME:   0.074 TIME LEFT:  2.00D  GRAD.:     0.652 HEAT: -28.44331
 CYCLE:   424 TIME:   0.090 TIME LEFT:  2.00D  GRAD.:     0.584 HEAT: -28.44338
 CYCLE:   425 TIME:   0.086 TIME LEFT:  2.00D  GRAD.:     1.596 HEAT: -28.44343
 CYCLE:   426 TIME:   0.105 TIME LEFT:  2.00D  GRAD.:     1.388 HEAT: -28.44354
 CYCLE:   427 TIME:   0.098 TIME LEFT:  2.00D  GRAD.:     1.531 HEAT: -28.44354
 CYCLE:   428 TIME:   0.105 TIME LEFT:  2.00D  GRAD.:     0.473 HEAT: -28.44357
 CYCLE:   429 TIME:   0.094 TIME LEFT:  2.00D  GRAD.:     0.446 HEAT: -28.44359
 CYCLE:   430 TIME:   0.074 TIME LEFT:  2.00D  GRAD.:     0.613 HEAT: -28.44362
 CYCLE:   431 TIME:   0.082 TIME LEFT:  2.00D  GRAD.:     0.602 HEAT: -28.44367
 CYCLE:   432 TIME:   0.074 TIME LEFT:  2.00D  GRAD.:     2.815 HEAT: -28.44358
 CYCLE:   433 TIME:   0.094 TIME LEFT:  2.00D  GRAD.:     2.070 HEAT: -28.44373
 CYCLE:   434 TIME:   0.094 TIME LEFT:  2.00D  GRAD.:     0.635 HEAT: -28.44382
 CYCLE:   435 TIME:   0.094 TIME LEFT:  2.00D  GRAD.:     0.564 HEAT: -28.44385
 CYCLE:   436 TIME:   0.109 TIME LEFT:  2.00D  GRAD.:     0.989 HEAT: -28.44390
 CYCLE:   437 TIME:   0.098 TIME LEFT:  2.00D  GRAD.:     7.717 HEAT: -28.44371
 CYCLE:   438 TIME:   0.102 TIME LEFT:  2.00D  GRAD.:     0.540 HEAT: -28.44396
 CYCLE:   439 TIME:   0.105 TIME LEFT:  2.00D  GRAD.:     0.377 HEAT: -28.44395
 CYCLE:   440 TIME:   0.078 TIME LEFT:  2.00D  GRAD.:     2.896 HEAT: -28.44379
 CYCLE:   441 TIME:   0.086 TIME LEFT:  2.00D  GRAD.:     0.878 HEAT: -28.44404
 CYCLE:   442 TIME:   0.082 TIME LEFT:  2.00D  GRAD.:     0.509 HEAT: -28.44407
 CYCLE:   443 TIME:   0.086 TIME LEFT:  2.00D  GRAD.:     0.533 HEAT: -28.44408
 CYCLE:   444 TIME:   0.070 TIME LEFT:  2.00D  GRAD.:     0.972 HEAT: -28.44418
 CYCLE:   445 TIME:   0.098 TIME LEFT:  2.00D  GRAD.:     1.016 HEAT: -28.44428
 CYCLE:   446 TIME:   0.102 TIME LEFT:  2.00D  GRAD.:     1.356 HEAT: -28.44438
 CYCLE:   447 TIME:   0.098 TIME LEFT:  2.00D  GRAD.:     2.700 HEAT: -28.44457
 CYCLE:   448 TIME:   0.082 TIME LEFT:  2.00D  GRAD.:     0.838 HEAT: -28.44464
 CYCLE:   449 TIME:   0.090 TIME LEFT:  2.00D  GRAD.:     1.570 HEAT: -28.44465
 CYCLE:   450 TIME:   0.094 TIME LEFT:  2.00D  GRAD.:     0.620 HEAT: -28.44468
 CYCLE:   451 TIME:   0.094 TIME LEFT:  2.00D  GRAD.:     0.506 HEAT: -28.44470
 CYCLE:   452 TIME:   0.090 TIME LEFT:  2.00D  GRAD.:     9.478 HEAT: -28.44438
 CYCLE:   453 TIME:   0.086 TIME LEFT:  2.00D  GRAD.:     0.949 HEAT: -28.44474
 CYCLE:   454 TIME:   0.098 TIME LEFT:  2.00D  GRAD.:     0.700 HEAT: -28.44475
 CYCLE:   455 TIME:   0.090 TIME LEFT:  2.00D  GRAD.:     0.613 HEAT: -28.44480
 CYCLE:   456 TIME:   0.086 TIME LEFT:  2.00D  GRAD.:     0.855 HEAT: -28.44491
 CYCLE:   457 TIME:   0.098 TIME LEFT:  2.00D  GRAD.:     3.513 HEAT: -28.44484
 CYCLE:   458 TIME:   0.086 TIME LEFT:  2.00D  GRAD.:     0.800 HEAT: -28.44497
 CYCLE:   459 TIME:   0.078 TIME LEFT:  2.00D  GRAD.:     0.504 HEAT: -28.44500
 CYCLE:   460 TIME:   0.086 TIME LEFT:  2.00D  GRAD.:     0.463 HEAT: -28.44504
 CYCLE:   461 TIME:   0.090 TIME LEFT:  2.00D  GRAD.:     0.783 HEAT: -28.44509
 CYCLE:   462 TIME:   0.086 TIME LEFT:  2.00D  GRAD.:     4.529 HEAT: -28.44494
 CYCLE:   463 TIME:   0.621 TIME LEFT:  2.00D  GRAD.:     0.534 HEAT: -28.44514
 CYCLE:   464 TIME:   0.082 TIME LEFT:  2.00D  GRAD.:     0.368 HEAT: -28.44516
 CYCLE:   465 TIME:   0.082 TIME LEFT:  2.00D  GRAD.:     0.909 HEAT: -28.44520
 CYCLE:   466 TIME:   0.090 TIME LEFT:  2.00D  GRAD.:     2.352 HEAT: -28.44519
 CYCLE:   467 TIME:   0.086 TIME LEFT:  2.00D  GRAD.:     0.759 HEAT: -28.44522
 CYCLE:   468 TIME:   0.074 TIME LEFT:  2.00D  GRAD.:     0.470 HEAT: -28.44524
 CYCLE:   469 TIME:   0.090 TIME LEFT:  2.00D  GRAD.:     0.440 HEAT: -28.44526
 CYCLE:   470 TIME:   0.062 TIME LEFT:  2.00D  GRAD.:     1.179 HEAT: -28.44532
 CYCLE:   471 TIME:   0.070 TIME LEFT:  2.00D  GRAD.:     1.163 HEAT: -28.44534
 CYCLE:   472 TIME:   0.086 TIME LEFT:  2.00D  GRAD.:     0.399 HEAT: -28.44536
 CYCLE:   473 TIME:   0.074 TIME LEFT:  2.00D  GRAD.:     0.634 HEAT: -28.44537
 CYCLE:   474 TIME:   0.086 TIME LEFT:  2.00D  GRAD.:     3.292 HEAT: -28.44534
 CYCLE:   475 TIME:   0.098 TIME LEFT:  2.00D  GRAD.:     0.496 HEAT: -28.44540
 CYCLE:   476 TIME:   0.066 TIME LEFT:  2.00D  GRAD.:     0.663 HEAT: -28.44542
 CYCLE:   477 TIME:   0.062 TIME LEFT:  2.00D  GRAD.:     0.946 HEAT: -28.44544
 CYCLE:   478 TIME:   0.070 TIME LEFT:  2.00D  GRAD.:     1.501 HEAT: -28.44549
 CYCLE:   479 TIME:   0.082 TIME LEFT:  2.00D  GRAD.:     0.595 HEAT: -28.44551
 CYCLE:   480 TIME:   0.086 TIME LEFT:  2.00D  GRAD.:     0.789 HEAT: -28.44552
 CYCLE:   481 TIME:   0.066 TIME LEFT:  2.00D  GRAD.:     2.415 HEAT: -28.44557
 CYCLE:   482 TIME:   0.082 TIME LEFT:  2.00D  GRAD.:     3.005 HEAT: -28.44559
 CYCLE:   483 TIME:   0.066 TIME LEFT:  2.00D  GRAD.:     0.402 HEAT: -28.44563
 CYCLE:   484 TIME:   0.066 TIME LEFT:  2.00D  GRAD.:     0.893 HEAT: -28.44568
 CYCLE:   485 TIME:   0.062 TIME LEFT:  2.00D  GRAD.:     4.297 HEAT: -28.44557
 CYCLE:   486 TIME:   0.062 TIME LEFT:  2.00D  GRAD.:     2.014 HEAT: -28.44568
 CYCLE:   487 TIME:   0.062 TIME LEFT:  2.00D  GRAD.:     0.653 HEAT: -28.44578
 CYCLE:   488 TIME:   0.066 TIME LEFT:  2.00D  GRAD.:     0.621 HEAT: -28.44580
 CYCLE:   489 TIME:   0.062 TIME LEFT:  2.00D  GRAD.:     0.967 HEAT: -28.44584
 CYCLE:   490 TIME:   0.062 TIME LEFT:  2.00D  GRAD.:     2.175 HEAT: -28.44589
 CYCLE:   491 TIME:   0.059 TIME LEFT:  2.00D  GRAD.:     0.881 HEAT: -28.44595
 CYCLE:   492 TIME:   0.062 TIME LEFT:  2.00D  GRAD.:     0.553 HEAT: -28.44598
 CYCLE:   493 TIME:   0.059 TIME LEFT:  2.00D  GRAD.:     0.661 HEAT: -28.44600
 CYCLE:   494 TIME:   0.062 TIME LEFT:  2.00D  GRAD.:     7.461 HEAT: -28.44590
 CYCLE:   495 TIME:   0.059 TIME LEFT:  2.00D  GRAD.:     1.313 HEAT: -28.44606
 CYCLE:   496 TIME:   0.062 TIME LEFT:  2.00D  GRAD.:     0.776 HEAT: -28.44608
 CYCLE:   497 TIME:   0.059 TIME LEFT:  2.00D  GRAD.:     0.918 HEAT: -28.44611
 CYCLE:   498 TIME:   0.066 TIME LEFT:  2.00D  GRAD.:     0.843 HEAT: -28.44614
 CYCLE:   499 TIME:   0.066 TIME LEFT:  2.00D  GRAD.:     0.802 HEAT: -28.44622
 CYCLE:   500 TIME:   0.078 TIME LEFT:  2.00D  GRAD.:     0.693 HEAT: -28.44633
 CYCLE:   501 TIME:   0.082 TIME LEFT:  2.00D  GRAD.:     1.653 HEAT: -28.44635
 CYCLE:   502 TIME:   0.070 TIME LEFT:  2.00D  GRAD.:     2.856 HEAT: -28.44627
 CYCLE:   503 TIME:   0.059 TIME LEFT:  2.00D  GRAD.:     0.862 HEAT: -28.44650
 CYCLE:   504 TIME:   0.059 TIME LEFT:  2.00D  GRAD.:     0.577 HEAT: -28.44654
 CYCLE:   505 TIME:   0.066 TIME LEFT:  2.00D  GRAD.:     0.687 HEAT: -28.44659
 CYCLE:   506 TIME:   0.070 TIME LEFT:  2.00D  GRAD.:     2.464 HEAT: -28.44659
 CYCLE:   507 TIME:   0.059 TIME LEFT:  2.00D  GRAD.:     0.663 HEAT: -28.44667
 CYCLE:   508 TIME:   0.062 TIME LEFT:  2.00D  GRAD.:     0.585 HEAT: -28.44670
 CYCLE:   509 TIME:   0.066 TIME LEFT:  2.00D  GRAD.:     1.802 HEAT: -28.44674
 CYCLE:   510 TIME:   0.059 TIME LEFT:  2.00D  GRAD.:     3.166 HEAT: -28.44675
 CYCLE:   511 TIME:   0.059 TIME LEFT:  2.00D  GRAD.:     0.927 HEAT: -28.44679
 CYCLE:   512 TIME:   0.062 TIME LEFT:  2.00D  GRAD.:     0.556 HEAT: -28.44680
 CYCLE:   513 TIME:   0.059 TIME LEFT:  2.00D  GRAD.:     0.594 HEAT: -28.44681
 CYCLE:   514 TIME:   0.066 TIME LEFT:  2.00D  GRAD.:     0.786 HEAT: -28.44683
 CYCLE:   515 TIME:   0.062 TIME LEFT:  2.00D  GRAD.:     1.078 HEAT: -28.44688
 CYCLE:   516 TIME:   0.066 TIME LEFT:  2.00D  GRAD.:     1.530 HEAT: -28.44698
 CYCLE:   517 TIME:   0.062 TIME LEFT:  2.00D  GRAD.:     0.945 HEAT: -28.44705
 CYCLE:   518 TIME:   0.062 TIME LEFT:  2.00D  GRAD.:     0.724 HEAT: -28.44712
 CYCLE:   519 TIME:   0.059 TIME LEFT:  2.00D  GRAD.:     0.551 HEAT: -28.44717
 CYCLE:   520 TIME:   0.059 TIME LEFT:  2.00D  GRAD.:     0.860 HEAT: -28.44722
 CYCLE:   521 TIME:   0.070 TIME LEFT:  2.00D  GRAD.:     1.805 HEAT: -28.44728
 CYCLE:   522 TIME:   0.066 TIME LEFT:  2.00D  GRAD.:     1.126 HEAT: -28.44732
 CYCLE:   523 TIME:   0.062 TIME LEFT:  2.00D  GRAD.:     0.864 HEAT: -28.44734
 CYCLE:   524 TIME:   0.070 TIME LEFT:  2.00D  GRAD.:     0.516 HEAT: -28.44735
 CYCLE:   525 TIME:   0.059 TIME LEFT:  2.00D  GRAD.:     0.630 HEAT: -28.44736
 CYCLE:   526 TIME:   0.062 TIME LEFT:  2.00D  GRAD.:     0.648 HEAT: -28.44739
 CYCLE:   527 TIME:   0.059 TIME LEFT:  2.00D  GRAD.:     3.737 HEAT: -28.44724
 CYCLE:   528 TIME:   0.059 TIME LEFT:  2.00D  GRAD.:     0.826 HEAT: -28.44747
 CYCLE:   529 TIME:   0.062 TIME LEFT:  2.00D  GRAD.:     0.628 HEAT: -28.44749
 CYCLE:   530 TIME:   0.062 TIME LEFT:  2.00D  GRAD.:     1.106 HEAT: -28.44751
 CYCLE:   531 TIME:   0.059 TIME LEFT:  2.00D  GRAD.:     0.681 HEAT: -28.44754
 CYCLE:   532 TIME:   0.059 TIME LEFT:  2.00D  GRAD.:     0.740 HEAT: -28.44757
 CYCLE:   533 TIME:   0.059 TIME LEFT:  2.00D  GRAD.:     0.983 HEAT: -28.44760
 CYCLE:   534 TIME:   0.062 TIME LEFT:  2.00D  GRAD.:     0.656 HEAT: -28.44764
 CYCLE:   535 TIME:   0.066 TIME LEFT:  2.00D  GRAD.:     0.713 HEAT: -28.44768
 CYCLE:   536 TIME:   0.062 TIME LEFT:  2.00D  GRAD.:     0.519 HEAT: -28.44773
 CYCLE:   537 TIME:   0.070 TIME LEFT:  2.00D  GRAD.:     3.330 HEAT: -28.44775
 CYCLE:   538 TIME:   0.062 TIME LEFT:  2.00D  GRAD.:     0.994 HEAT: -28.44781
 CYCLE:   539 TIME:   0.086 TIME LEFT:  2.00D  GRAD.:     0.632 HEAT: -28.44782
 CYCLE:   540 TIME:   0.066 TIME LEFT:  2.00D  GRAD.:     0.780 HEAT: -28.44784
 CYCLE:   541 TIME:   0.062 TIME LEFT:  2.00D  GRAD.:     0.667 HEAT: -28.44788
 CYCLE:   542 TIME:   0.070 TIME LEFT:  2.00D  GRAD.:     2.724 HEAT: -28.44796
 CYCLE:   543 TIME:   0.059 TIME LEFT:  2.00D  GRAD.:     1.717 HEAT: -28.44804
 CYCLE:   544 TIME:   0.074 TIME LEFT:  2.00D  GRAD.:     1.009 HEAT: -28.44813
 CYCLE:   545 TIME:   0.062 TIME LEFT:  2.00D  GRAD.:     0.900 HEAT: -28.44819
 CYCLE:   546 TIME:   0.074 TIME LEFT:  2.00D  GRAD.:     1.083 HEAT: -28.44828
 CYCLE:   547 TIME:   0.086 TIME LEFT:  2.00D  GRAD.:     1.000 HEAT: -28.44837
 CYCLE:   548 TIME:   0.070 TIME LEFT:  2.00D  GRAD.:     1.185 HEAT: -28.44847
 CYCLE:   549 TIME:   0.070 TIME LEFT:  2.00D  GRAD.:     2.835 HEAT: -28.44855
 CYCLE:   550 TIME:   0.062 TIME LEFT:  2.00D  GRAD.:     1.167 HEAT: -28.44869
 CYCLE:   551 TIME:   0.078 TIME LEFT:  2.00D  GRAD.:     0.733 HEAT: -28.44880
 CYCLE:   552 TIME:   0.062 TIME LEFT:  2.00D  GRAD.:     2.643 HEAT: -28.44885
 CYCLE:   553 TIME:   0.059 TIME LEFT:  2.00D  GRAD.:     1.785 HEAT: -28.44893
 CYCLE:   554 TIME:   0.062 TIME LEFT:  2.00D  GRAD.:     1.975 HEAT: -28.44900
 CYCLE:   555 TIME:   0.066 TIME LEFT:  2.00D  GRAD.:     0.891 HEAT: -28.44914
 CYCLE:   556 TIME:   0.066 TIME LEFT:  2.00D  GRAD.:     1.196 HEAT: -28.44920
 CYCLE:   557 TIME:   0.059 TIME LEFT:  2.00D  GRAD.:     3.417 HEAT: -28.44921
 CYCLE:   558 TIME:   0.066 TIME LEFT:  2.00D  GRAD.:     1.222 HEAT: -28.44929
 CYCLE:   559 TIME:   0.078 TIME LEFT:  2.00D  GRAD.:     0.521 HEAT: -28.44931
 CYCLE:   560 TIME:   0.094 TIME LEFT:  2.00D  GRAD.:     0.545 HEAT: -28.44936
 CYCLE:   561 TIME:   0.109 TIME LEFT:  2.00D  GRAD.:     0.579 HEAT: -28.44953
 CYCLE:   562 TIME:   0.117 TIME LEFT:  2.00D  GRAD.:     1.379 HEAT: -28.44958
 CYCLE:   563 TIME:   0.098 TIME LEFT:  2.00D  GRAD.:     7.421 HEAT: -28.44901
 CYCLE:   564 TIME:   0.082 TIME LEFT:  2.00D  GRAD.:     0.678 HEAT: -28.44970
 CYCLE:   565 TIME:   0.062 TIME LEFT:  2.00D  GRAD.:     0.708 HEAT: -28.44972
 CYCLE:   566 TIME:   0.086 TIME LEFT:  2.00D  GRAD.:     5.593 HEAT: -28.44967
 CYCLE:   567 TIME:   0.082 TIME LEFT:  2.00D  GRAD.:     0.688 HEAT: -28.44981
 CYCLE:   568 TIME:   0.062 TIME LEFT:  2.00D  GRAD.:     0.575 HEAT: -28.44982
 CYCLE:   569 TIME:   0.078 TIME LEFT:  2.00D  GRAD.:     0.679 HEAT: -28.44984
 CYCLE:   570 TIME:   0.086 TIME LEFT:  2.00D  GRAD.:     0.780 HEAT: -28.44990
 CYCLE:   571 TIME:   0.086 TIME LEFT:  2.00D  GRAD.:     3.677 HEAT: -28.44987
 CYCLE:   572 TIME:   0.086 TIME LEFT:  2.00D  GRAD.:     0.756 HEAT: -28.44996
 CYCLE:   573 TIME:   0.086 TIME LEFT:  2.00D  GRAD.:     0.766 HEAT: -28.44999
 CYCLE:   574 TIME:   0.086 TIME LEFT:  2.00D  GRAD.:     1.115 HEAT: -28.45004
 CYCLE:   575 TIME:   0.086 TIME LEFT:  2.00D  GRAD.:     1.080 HEAT: -28.45009
 CYCLE:   576 TIME:   0.086 TIME LEFT:  2.00D  GRAD.:     2.452 HEAT: -28.44994
 CYCLE:   577 TIME:   0.086 TIME LEFT:  2.00D  GRAD.:     2.682 HEAT: -28.45017
 CYCLE:   578 TIME:   0.086 TIME LEFT:  2.00D  GRAD.:     0.639 HEAT: -28.45027
 CYCLE:   579 TIME:   0.082 TIME LEFT:  2.00D  GRAD.:     0.401 HEAT: -28.45029
 CYCLE:   580 TIME:   0.082 TIME LEFT:  2.00D  GRAD.:     0.847 HEAT: -28.45032
 CYCLE:   581 TIME:   0.062 TIME LEFT:  2.00D  GRAD.:     1.204 HEAT: -28.45036
 CYCLE:   582 TIME:   0.062 TIME LEFT:  2.00D  GRAD.:     4.402 HEAT: -28.45031
 CYCLE:   583 TIME:   0.066 TIME LEFT:  2.00D  GRAD.:     0.645 HEAT: -28.45041
 CYCLE:   584 TIME:   0.066 TIME LEFT:  2.00D  GRAD.:     0.581 HEAT: -28.45043
 CYCLE:   585 TIME:   0.059 TIME LEFT:  2.00D  GRAD.:     0.700 HEAT: -28.45045
 CYCLE:   586 TIME:   0.066 TIME LEFT:  2.00D  GRAD.:     2.272 HEAT: -28.45049
 CYCLE:   587 TIME:   0.059 TIME LEFT:  2.00D  GRAD.:     1.092 HEAT: -28.45051
 CYCLE:   588 TIME:   0.062 TIME LEFT:  2.00D  GRAD.:     1.574 HEAT: -28.45053
 CYCLE:   589 TIME:   0.070 TIME LEFT:  2.00D  GRAD.:     0.728 HEAT: -28.45057
 CYCLE:   590 TIME:   0.070 TIME LEFT:  2.00D  GRAD.:     0.805 HEAT: -28.45059
 CYCLE:   591 TIME:   0.059 TIME LEFT:  2.00D  GRAD.:     0.755 HEAT: -28.45064
 CYCLE:   592 TIME:   0.062 TIME LEFT:  2.00D  GRAD.:     0.765 HEAT: -28.45072
 CYCLE:   593 TIME:   0.066 TIME LEFT:  2.00D  GRAD.:     6.063 HEAT: -28.45003
 CYCLE:   594 TIME:   0.062 TIME LEFT:  2.00D  GRAD.:     0.797 HEAT: -28.45081
 CYCLE:   595 TIME:   0.066 TIME LEFT:  2.00D  GRAD.:     0.405 HEAT: -28.45082
 CYCLE:   596 TIME:   0.066 TIME LEFT:  2.00D  GRAD.:     0.668 HEAT: -28.45084
 CYCLE:   597 TIME:   0.062 TIME LEFT:  2.00D  GRAD.:     1.160 HEAT: -28.45087
 CYCLE:   598 TIME:   0.070 TIME LEFT:  2.00D  GRAD.:     0.685 HEAT: -28.45094
 CYCLE:   599 TIME:   0.066 TIME LEFT:  2.00D  GRAD.:     2.407 HEAT: -28.45095
 CYCLE:   600 TIME:   0.062 TIME LEFT:  2.00D  GRAD.:     0.760 HEAT: -28.45101
 CYCLE:   601 TIME:   0.082 TIME LEFT:  2.00D  GRAD.:     0.580 HEAT: -28.45103
 CYCLE:   602 TIME:   0.066 TIME LEFT:  2.00D  GRAD.:     0.930 HEAT: -28.45105
 CYCLE:   603 TIME:   0.066 TIME LEFT:  2.00D  GRAD.:     2.454 HEAT: -28.45108
 CYCLE:   604 TIME:   0.059 TIME LEFT:  2.00D  GRAD.:     0.746 HEAT: -28.45110
 CYCLE:   605 TIME:   0.062 TIME LEFT:  2.00D  GRAD.:     0.550 HEAT: -28.45112
 CYCLE:   606 TIME:   0.059 TIME LEFT:  2.00D  GRAD.:     1.013 HEAT: -28.45115
 CYCLE:   607 TIME:   0.070 TIME LEFT:  2.00D  GRAD.:     1.748 HEAT: -28.45126
 CYCLE:   608 TIME:   0.062 TIME LEFT:  2.00D  GRAD.:     0.886 HEAT: -28.45132
 CYCLE:   609 TIME:   0.062 TIME LEFT:  2.00D  GRAD.:     0.621 HEAT: -28.45136
 CYCLE:   610 TIME:   0.070 TIME LEFT:  2.00D  GRAD.:     1.572 HEAT: -28.45139
 CYCLE:   611 TIME:   0.086 TIME LEFT:  2.00D  GRAD.:     1.526 HEAT: -28.45142
 CYCLE:   612 TIME:   0.086 TIME LEFT:  2.00D  GRAD.:     1.160 HEAT: -28.45148
 CYCLE:   613 TIME:   0.062 TIME LEFT:  2.00D  GRAD.:     0.881 HEAT: -28.45155
 CYCLE:   614 TIME:   0.059 TIME LEFT:  2.00D  GRAD.:     0.812 HEAT: -28.45158
 CYCLE:   615 TIME:   0.062 TIME LEFT:  2.00D  GRAD.:     1.033 HEAT: -28.45162
 CYCLE:   616 TIME:   0.059 TIME LEFT:  2.00D  GRAD.:     0.700 HEAT: -28.45164
 CYCLE:   617 TIME:   0.066 TIME LEFT:  2.00D  GRAD.:     1.820 HEAT: -28.45165
 CYCLE:   618 TIME:   0.062 TIME LEFT:  2.00D  GRAD.:     0.753 HEAT: -28.45167
 CYCLE:   619 TIME:   0.062 TIME LEFT:  2.00D  GRAD.:     0.469 HEAT: -28.45168
 CYCLE:   620 TIME:   0.070 TIME LEFT:  2.00D  GRAD.:     0.926 HEAT: -28.45169
 CYCLE:   621 TIME:   0.059 TIME LEFT:  2.00D  GRAD.:     1.659 HEAT: -28.45173
 CYCLE:   622 TIME:   0.070 TIME LEFT:  2.00D  GRAD.:     0.535 HEAT: -28.45180
 CYCLE:   623 TIME:   0.066 TIME LEFT:  2.00D  GRAD.:     0.518 HEAT: -28.45184
 CYCLE:   624 TIME:   0.059 TIME LEFT:  2.00D  GRAD.:     1.990 HEAT: -28.45185
 CYCLE:   625 TIME:   0.059 TIME LEFT:  2.00D  GRAD.:     0.911 HEAT: -28.45189
 CYCLE:   626 TIME:   0.066 TIME LEFT:  2.00D  GRAD.:     0.762 HEAT: -28.45192
 CYCLE:   627 TIME:   0.066 TIME LEFT:  2.00D  GRAD.:     0.776 HEAT: -28.45196
 CYCLE:   628 TIME:   0.070 TIME LEFT:  2.00D  GRAD.:     1.480 HEAT: -28.45202
 CYCLE:   629 TIME:   0.059 TIME LEFT:  2.00D  GRAD.:     0.812 HEAT: -28.45206
 CYCLE:   630 TIME:   0.074 TIME LEFT:  2.00D  GRAD.:     0.587 HEAT: -28.45209
 CYCLE:   631 TIME:   0.078 TIME LEFT:  2.00D  GRAD.:     3.796 HEAT: -28.45202
 CYCLE:   632 TIME:   0.066 TIME LEFT:  2.00D  GRAD.:     0.393 HEAT: -28.45212
 CYCLE:   633 TIME:   0.070 TIME LEFT:  2.00D  GRAD.:     0.960 HEAT: -28.45207
 CYCLE:   634 TIME:   0.066 TIME LEFT:  2.00D  GRAD.:     0.672 HEAT: -28.45214
 CYCLE:   635 TIME:   0.062 TIME LEFT:  2.00D  GRAD.:     1.272 HEAT: -28.45218
 CYCLE:   636 TIME:   0.066 TIME LEFT:  2.00D  GRAD.:     0.627 HEAT: -28.45220
 CYCLE:   637 TIME:   0.086 TIME LEFT:  2.00D  GRAD.:     0.823 HEAT: -28.45221
 CYCLE:   638 TIME:   0.082 TIME LEFT:  2.00D  GRAD.:     0.534 HEAT: -28.45223
 CYCLE:   639 TIME:   0.078 TIME LEFT:  2.00D  GRAD.:     0.712 HEAT: -28.45226
 CYCLE:   640 TIME:   0.082 TIME LEFT:  2.00D  GRAD.:     1.555 HEAT: -28.45228
 CYCLE:   641 TIME:   0.082 TIME LEFT:  2.00D  GRAD.:     0.689 HEAT: -28.45230
 CYCLE:   642 TIME:   0.059 TIME LEFT:  2.00D  GRAD.:     0.583 HEAT: -28.45231
 CYCLE:   643 TIME:   0.066 TIME LEFT:  2.00D  GRAD.:     0.405 HEAT: -28.45232
 CYCLE:   644 TIME:   0.066 TIME LEFT:  2.00D  GRAD.:     0.666 HEAT: -28.45235
 CYCLE:   645 TIME:   0.062 TIME LEFT:  2.00D  GRAD.:     0.806 HEAT: -28.45235
 CYCLE:   646 TIME:   0.062 TIME LEFT:  2.00D  GRAD.:     0.603 HEAT: -28.45239
 CYCLE:   647 TIME:   0.059 TIME LEFT:  2.00D  GRAD.:     0.373 HEAT: -28.45240
 CYCLE:   648 TIME:   0.062 TIME LEFT:  2.00D  GRAD.:     0.971 HEAT: -28.45240
 CYCLE:   649 TIME:   0.082 TIME LEFT:  2.00D  GRAD.:     0.487 HEAT: -28.45242
 CYCLE:   650 TIME:   0.086 TIME LEFT:  2.00D  GRAD.:     0.580 HEAT: -28.45243
 CYCLE:   651 TIME:   0.086 TIME LEFT:  2.00D  GRAD.:     0.314 HEAT: -28.45245
 CYCLE:   652 TIME:   0.078 TIME LEFT:  2.00D  GRAD.:     0.698 HEAT: -28.45245
 CYCLE:   653 TIME:   0.062 TIME LEFT:  2.00D  GRAD.:     0.391 HEAT: -28.45246
 CYCLE:   654 TIME:   0.082 TIME LEFT:  2.00D  GRAD.:     0.416 HEAT: -28.45247
 CYCLE:   655 TIME:   0.066 TIME LEFT:  2.00D  GRAD.:     0.838 HEAT: -28.45248
 CYCLE:   656 TIME:   0.082 TIME LEFT:  2.00D  GRAD.:     1.042 HEAT: -28.45251
 CYCLE:   657 TIME:   0.086 TIME LEFT:  2.00D  GRAD.:     0.753 HEAT: -28.45253
 CYCLE:   658 TIME:   0.062 TIME LEFT:  2.00D  GRAD.:     0.417 HEAT: -28.45256
 CYCLE:   659 TIME:   0.062 TIME LEFT:  2.00D  GRAD.:     0.300 HEAT: -28.45259
 CYCLE:   660 TIME:   0.066 TIME LEFT:  2.00D  GRAD.:     1.403 HEAT: -28.45261
 CYCLE:   661 TIME:   0.066 TIME LEFT:  2.00D  GRAD.:     0.536 HEAT: -28.45263
 CYCLE:   662 TIME:   0.078 TIME LEFT:  2.00D  GRAD.:     1.366 HEAT: -28.45263
 CYCLE:   663 TIME:   0.059 TIME LEFT:  2.00D  GRAD.:     0.286 HEAT: -28.45265
 CYCLE:   664 TIME:   0.062 TIME LEFT:  2.00D  GRAD.:     0.440 HEAT: -28.45266
 CYCLE:   665 TIME:   0.059 TIME LEFT:  2.00D  GRAD.:     1.375 HEAT: -28.45267
 CYCLE:   666 TIME:   0.062 TIME LEFT:  2.00D  GRAD.:     0.562 HEAT: -28.45269
 CYCLE:   667 TIME:   0.074 TIME LEFT:  2.00D  GRAD.:     0.375 HEAT: -28.45272
 CYCLE:   668 TIME:   0.070 TIME LEFT:  2.00D  GRAD.:     1.319 HEAT: -28.45273
 CYCLE:   669 TIME:   0.086 TIME LEFT:  2.00D  GRAD.:     1.069 HEAT: -28.45275
 CYCLE:   670 TIME:   0.086 TIME LEFT:  2.00D  GRAD.:     1.427 HEAT: -28.45274
 CYCLE:   671 TIME:   0.082 TIME LEFT:  2.00D  GRAD.:     2.285 HEAT: -28.45274
 CYCLE:   672 TIME:   0.086 TIME LEFT:  2.00D  GRAD.:     0.342 HEAT: -28.45278
 CYCLE:   673 TIME:   0.082 TIME LEFT:  2.00D  GRAD.:     0.304 HEAT: -28.45279
 CYCLE:   674 TIME:   0.090 TIME LEFT:  2.00D  GRAD.:     0.568 HEAT: -28.45281
 CYCLE:   675 TIME:   0.082 TIME LEFT:  2.00D  GRAD.:     1.083 HEAT: -28.45282
 CYCLE:   676 TIME:   0.082 TIME LEFT:  2.00D  GRAD.:     0.411 HEAT: -28.45283
 CYCLE:   677 TIME:   0.086 TIME LEFT:  2.00D  GRAD.:     0.341 HEAT: -28.45283
 CYCLE:   678 TIME:   0.082 TIME LEFT:  2.00D  GRAD.:     0.436 HEAT: -28.45284
 CYCLE:   679 TIME:   0.082 TIME LEFT:  2.00D  GRAD.:     0.236 HEAT: -28.45285
 CYCLE:   680 TIME:   0.086 TIME LEFT:  2.00D  GRAD.:     0.570 HEAT: -28.45286
 CYCLE:   681 TIME:   0.086 TIME LEFT:  2.00D  GRAD.:     1.451 HEAT: -28.45286
 CYCLE:   682 TIME:   0.082 TIME LEFT:  2.00D  GRAD.:     0.457 HEAT: -28.45289
 CYCLE:   683 TIME:   0.082 TIME LEFT:  2.00D  GRAD.:     0.354 HEAT: -28.45290
 CYCLE:   684 TIME:   0.082 TIME LEFT:  2.00D  GRAD.:     0.429 HEAT: -28.45292
 CYCLE:   685 TIME:   0.086 TIME LEFT:  2.00D  GRAD.:     0.865 HEAT: -28.45292
 CYCLE:   686 TIME:   0.078 TIME LEFT:  2.00D  GRAD.:     0.473 HEAT: -28.45294
 CYCLE:   687 TIME:   0.082 TIME LEFT:  2.00D  GRAD.:     0.278 HEAT: -28.45294
 CYCLE:   688 TIME:   0.086 TIME LEFT:  2.00D  GRAD.:     1.613 HEAT: -28.45288
 CYCLE:   689 TIME:   0.078 TIME LEFT:  2.00D  GRAD.:     0.237 HEAT: -28.45296
 CYCLE:   690 TIME:   0.082 TIME LEFT:  2.00D  GRAD.:     0.452 HEAT: -28.45297
 CYCLE:   691 TIME:   0.078 TIME LEFT:  2.00D  GRAD.:     0.461 HEAT: -28.45297
 CYCLE:   692 TIME:   0.074 TIME LEFT:  2.00D  GRAD.:     2.938 HEAT: -28.45293
 CYCLE:   693 TIME:   0.070 TIME LEFT:  2.00D  GRAD.:     0.252 HEAT: -28.45298
 CYCLE:   694 TIME:   0.070 TIME LEFT:  2.00D  GRAD.:     0.254 HEAT: -28.45298
 CYCLE:   695 TIME:   0.082 TIME LEFT:  2.00D  GRAD.:     2.444 HEAT: -28.45296
 CYCLE:   696 TIME:   0.074 TIME LEFT:  2.00D  GRAD.:     0.536 HEAT: -28.45300
 CYCLE:   697 TIME:   0.082 TIME LEFT:  2.00D  GRAD.:     0.335 HEAT: -28.45300
 CYCLE:   698 TIME:   0.066 TIME LEFT:  2.00D  GRAD.:     0.344 HEAT: -28.45301
 CYCLE:   699 TIME:   0.070 TIME LEFT:  2.00D  GRAD.:     0.305 HEAT: -28.45301
 CYCLE:   700 TIME:   0.070 TIME LEFT:  2.00D  GRAD.:     0.267 HEAT: -28.45302
 CYCLE:   701 TIME:   0.082 TIME LEFT:  2.00D  GRAD.:     0.197 HEAT: -28.45303
 CYCLE:   702 TIME:   0.082 TIME LEFT:  2.00D  GRAD.:     0.898 HEAT: -28.45300
 CYCLE:   703 TIME:   0.074 TIME LEFT:  2.00D  GRAD.:     0.188 HEAT: -28.45305
 CYCLE:   704 TIME:   0.082 TIME LEFT:  2.00D  GRAD.:     0.253 HEAT: -28.45306
 CYCLE:   705 TIME:   0.078 TIME LEFT:  2.00D  GRAD.:     0.160 HEAT: -28.45306
 CYCLE:   706 TIME:   0.066 TIME LEFT:  2.00D  GRAD.:     1.383 HEAT: -28.45305
 CYCLE:   707 TIME:   0.059 TIME LEFT:  2.00D  GRAD.:     0.177 HEAT: -28.45307
 CYCLE:   708 TIME:   0.070 TIME LEFT:  2.00D  GRAD.:     0.197 HEAT: -28.45307
 CYCLE:   709 TIME:   0.062 TIME LEFT:  2.00D  GRAD.:     1.584 HEAT: -28.45307
 CYCLE:   710 TIME:   0.059 TIME LEFT:  2.00D  GRAD.:     2.502 HEAT: -28.45304
 CYCLE:   711 TIME:   0.074 TIME LEFT:  2.00D  GRAD.:     0.186 HEAT: -28.45308
 CYCLE:   712 TIME:   0.059 TIME LEFT:  2.00D  GRAD.:     0.472 HEAT: -28.45308
 CYCLE:   713 TIME:   0.062 TIME LEFT:  2.00D  GRAD.:     0.292 HEAT: -28.45309
 CYCLE:   714 TIME:   0.074 TIME LEFT:  2.00D  GRAD.:     0.187 HEAT: -28.45309
 CYCLE:   715 TIME:   0.074 TIME LEFT:  2.00D  GRAD.:     0.111 HEAT: -28.45310
 CYCLE:   716 TIME:   0.059 TIME LEFT:  2.00D  GRAD.:     0.131 HEAT: -28.45310
 CYCLE:   717 TIME:   0.082 TIME LEFT:  2.00D  GRAD.:     0.310 HEAT: -28.45310
 CYCLE:   718 TIME:   0.086 TIME LEFT:  2.00D  GRAD.:     0.352 HEAT: -28.45311
 CYCLE:   719 TIME:   0.086 TIME LEFT:  2.00D  GRAD.:     0.221 HEAT: -28.45311
 CYCLE:   720 TIME:   0.082 TIME LEFT:  2.00D  GRAD.:     4.099 HEAT: -28.45305
 CYCLE:   721 TIME:   0.070 TIME LEFT:  2.00D  GRAD.:     0.188 HEAT: -28.45312
 CYCLE:   722 TIME:   0.066 TIME LEFT:  2.00D  GRAD.:     0.102 HEAT: -28.45311
 CYCLE:   723 TIME:   0.070 TIME LEFT:  2.00D  GRAD.:     0.202 HEAT: -28.45312
 CYCLE:   724 TIME:   0.062 TIME LEFT:  2.00D  GRAD.:     0.351 HEAT: -28.45312
 CYCLE:   725 TIME:   0.078 TIME LEFT:  2.00D  GRAD.:     0.777 HEAT: -28.45312
 CYCLE:   726 TIME:   0.078 TIME LEFT:  2.00D  GRAD.:     0.116 HEAT: -28.45313
 CYCLE:   727 TIME:   0.059 TIME LEFT:  2.00D  GRAD.:     0.132 HEAT: -28.45313
 CYCLE:   728 TIME:   0.070 TIME LEFT:  2.00D  GRAD.:     0.340 HEAT: -28.45313
 CYCLE:   729 TIME:   0.062 TIME LEFT:  2.00D  GRAD.:     0.096 HEAT: -28.45313

 -------------------------------------------------------------------------------
 RM1 PRECISE POLAR GNORM=0.1




     HERBERTS TEST WAS SATISFIED IN BFGS                      
     SCF FIELD WAS ACHIEVED                                   


                              RM1 CALCULATION
                                                       MOPAC2016 (Version: 21.013L)
                                                       Sat Oct 16 16:37:05 2021
                                                       No. of days remaining =  89




          FINAL HEAT OF FORMATION =        -28.45313 KCAL/MOL =    -119.04791 KJ/MOL


          TOTAL ENERGY            =      -4426.84471 EV
          ELECTRONIC ENERGY       =     -34369.71642 EV  POINT GROUP:     C1  
          CORE-CORE REPULSION     =      29942.87171 EV
          COSMO AREA              =        429.71 SQUARE ANGSTROMS
          COSMO VOLUME            =        479.20 CUBIC ANGSTROMS

          GRADIENT NORM           =          0.09592 = 0.01305 PER ATOM
          IONIZATION POTENTIAL    =          8.374120 EV
          HOMO LUMO ENERGIES (EV) =         -8.374 -0.774
          NO. OF FILLED LEVELS    =         72
          MOLECULAR WEIGHT        =        374.4816

          MOLECULAR DIMENSIONS (Angstroms)

            Atom       Atom       Distance
            H    31    O    25    18.14920
            H    54    H    51     9.74492
            H    52    H    46     4.56015


          SCF CALCULATIONS        =        730
 
          WALL-CLOCK TIME         =         56.793 SECONDS
          COMPUTATION TIME        = 11 MINUTES AND  9.717 SECONDS




  ATOM    CHEMICAL      BOND LENGTH      BOND ANGLE     TWIST ANGLE 
 NUMBER    SYMBOL       (ANGSTROMS)      (DEGREES)       (DEGREES) 
   (I)                     NA:I           NB:NA:I       NC:NB:NA:I       NA    NB    NC 
     1       C          0.00000000       0.0000000       0.0000000        0     0     0
     2       C          1.51997831  *    0.0000000       0.0000000        1     0     0
     3       C          1.52667495  *  110.7475278  *    0.0000000        2     1     0
     4       C          1.52688584  *  110.7899839  *  179.9483566  *     3     2     1
     5       C          1.52708600  *  110.6969613  *  179.9154075  *     4     3     2
     6       C          1.52716221  *  110.6914142  *  179.9678699  *     5     4     3
     7       C          1.52597540  *  110.5316669  *  179.8897801  *     6     5     4
     8       C          1.53607809  *  109.9674364  * -179.9404194  *     7     6     5
     9       N          1.45958563  *  111.5938749  *  179.8252558  *     8     7     6
    10       C          1.40225030  *  124.9247697  *  -77.0574872  *     9     8     7
    11       C          1.39578077  *  129.5898342  *  -11.4867452  *    10     9     8
    12       C          1.38211734  *  117.3691422  * -177.8487108  *    11    10     9
    13       C          1.40544366  *  121.5996486  *    0.7383228  *    12    11    10
    14       C          1.39207101  *  121.1607066  *   -1.4545239  *    13    12    11
    15       C          1.38278580  *  118.0937965  *    0.7276354  *    14    13    12
    16       C          1.44053940  *  132.5491188  * -179.4837255  *    15    14    13
    17       C          1.41261573  *  125.6458002  *   86.4219315  *     9     8     7
    18       C          1.39221268  *  129.6504980  *  177.9537614  *    17     9    10
    19       C          1.38623816  *  117.1551935  *  177.4882456  *    18    17     9
    20       C          1.39887525  *  121.7641446  *   -0.0319586  *    19    18    17
    21       C          1.38588067  *  132.6452280  *    0.0124566  *    16    15    14
    22       C          1.45184133  *  118.2434728  * -179.9652811  *    13    12    11
    23       C          1.34453713  *  123.1435344  * -136.0304330  *    22    13    12
    24       C          1.46988834  *  123.2016603  * -179.2721807  *    23    22    13
    25       O          1.21944505  *  127.5541397  * -160.2332199  *    24    23    22
    26       O          1.35314795  *  113.3970340  *   19.9789917  *    24    23    22
    27       C          1.41939510  *  122.7496912  *    2.8390544  *    23    22    13
    28       N          1.15625375  *  179.2193798  *  177.1278155  *    27    23    22
    29       H          1.09953579  *  115.9476898  *   43.3192340  *    22    13    12
    30       H          1.09957423  *  112.2962832  *   60.1414306  *     1     2     3
    31       H          1.09965954  *  111.8418274  *  179.9822414  *     1     2     3
    32       H          1.09957580  *  112.2963742  *  -60.1778726  *     1     2     3
    33       H          1.11062723  *  110.1308849  * -177.2945244  *     2     1    30
    34       H          1.11062680  *  110.1327231  *  177.2531700  *     2     1    32
    35       H          1.11055892  *  110.2132096  * -179.8774922  *     3     2    33
    36       H          1.11056857  *  110.2142411  *  -64.8820965  *     3     2    33
    37       H          1.11059315  *  110.3050745  *  179.9458064  *     4     3    35
    38       H          1.11058899  *  110.3145347  *  179.8582892  *     4     3    36
    39       H          1.11059413  *  110.3420749  *  179.9986739  *     5     4    37
    40       H          1.11062312  *  110.3462348  *  -64.8339170  *     5     4    37
    41       H          1.11074421  *  110.2967830  *  179.8389337  *     6     5    39
    42       H          1.11075853  *  110.3096960  *  179.8974041  *     6     5    40
    43       H          1.11077526  *  110.7411523  *  179.8565444  *     7     6    41
    44       H          1.11050041  *  110.7142878  *  -64.4685576  *     7     6    41
    45       H          1.11452375  *  111.1037626  *  179.3577705  *     8     7    43
    46       H          1.11539167  *  111.0078849  *  -64.0977370  *     8     7    43
    47       H          1.09164121  *  121.6460967  *    2.3392168  *    11    10     9
    48       H          1.09544637  *  119.1383368  * -179.8725915  *    12    11    10
    49       H          1.09389697  *  121.9776526  * -177.7630488  *    14    13    12
    50       H          1.09120860  *  121.9703853  *   -2.5047646  *    18    17     9
    51       H          1.09478416  *  119.1822901  * -179.9738353  *    19    18    17
    52       H          1.09369171  *  119.2402261  * -179.6788162  *    20    19    18
    53       H          1.09302982  *  120.3310164  *   -0.6029995  *    21    16    15
    54       H          0.96770470  *  111.0439484  *   -0.0716688  *    26    24    25

                             CARTESIAN COORDINATES

   1    C        0.000000000     0.000000000     0.000000000
   2    C        1.519978313     0.000000000     0.000000000
   3    C        2.060803966     1.427670834     0.000000000
   4    C        3.587688849     1.428802458     0.001286644
   5    C        4.126342663     2.857731864    -0.000824698
   6    C        5.653503125     2.858717358     0.001263598
   7    C        6.187785753     4.288094607    -0.003603676
   8    C        7.723798608     4.273953756    -0.002945323
   9    N        8.273437224     5.626067455    -0.011671116
  10    C        8.337607843     6.459313284    -1.137677082
  11    C        8.121279984     6.155355095    -2.482673603
  12    C        8.297535692     7.173568243    -3.400510328
  13    C        8.694206188     8.462173408    -3.003747009
  14    C        8.896976010     8.772215528    -1.661875193
  15    C        8.711813266     7.770410652    -0.726889455
  16    C        8.823244762     7.745462752     0.709116952
  17    C        8.516654830     6.423227410     1.128883315
  18    C        8.521537688     6.069450405     2.475387730
  19    C        8.848450772     7.059841558     3.388574144
  20    C        9.161937595     8.361322145     2.982709305
  21    C        9.153329462     8.715553277     1.642194495
  22    C        8.856795987     9.477147620    -4.029044608
  23    C        9.899548822    10.325171415    -4.065131478
  24    C       10.057507868    11.363325535    -5.093653078
  25    O       11.081678778    11.942627663    -5.413854923
  26    O        8.901363268    11.676266077    -5.723261897
  27    C       10.969511920    10.266548349    -3.134312085
  28    N       11.848300485    10.230518019    -2.383742167
  29    H        8.072971571     9.512775537    -4.799323057
  30    H       -0.417174218     0.506505524    -0.882315879
  31    H       -0.409123444    -1.020719847    -0.000316368
  32    H       -0.417176429     0.505944633     0.882638541
  33    H        1.902218287    -0.561266800     0.878843009
  34    H        1.902251591    -0.561335326    -0.878784205
  35    H        1.673738339     1.984621339    -0.879390384
  36    H        1.672390282     1.985155636     0.878469156
  37    H        3.972756144     0.872266475     0.881859198
  38    H        3.974410816     0.868794862    -0.876349681
  39    H        3.741247883     3.414186799    -0.881437682
  40    H        3.739142814     3.417669657     0.876688640
  41    H        6.037952686     2.304526742     0.883773649
  42    H        6.040602781     2.297110281    -0.875398170
  43    H        5.808639725     4.846773036    -0.885617492
  44    H        5.806290629     4.853015884     0.873058505
  45    H        8.119686628     3.726231933     0.883303325
  46    H        8.118958225     3.719970677    -0.886715766
  47    H        7.821567673     5.155712481    -2.802935548
  48    H        8.133359982     6.967538437    -4.463807466
  49    H        9.170761056     9.779596237    -1.335016771
  50    H        8.279989889     5.058654278     2.808076876
  51    H        8.862903218     6.817849656     4.456180531
  52    H        9.419106454     9.109185663     3.738173329
  53    H        9.402104556     9.729809597     1.319534845
  54    H        9.043342863    12.364223312    -6.388851132


           Empirical Formula: C24 H26 N2 O2  =    54 atoms



      MOLECULAR POINT GROUP   :   C1  


                  EIGENVALUES  
 -40.02864 -39.10940 -37.12847 -36.47189 -36.26223 -35.60766 -35.25084 -34.11324
 -33.06100 -31.90738 -30.64812 -29.77852 -28.90858 -28.10455 -27.18064 -25.32540
 -24.24041 -23.44957 -22.79691 -22.31706 -21.83966 -21.49468 -21.05141 -21.01185
 -20.84615 -18.51782 -18.40707 -18.17368 -17.68615 -17.41673 -16.65294 -16.45172
 -16.17964 -16.04085 -15.82017 -15.75362 -15.24173 -15.15573 -14.98017 -14.84716
 -14.78572 -14.68392 -14.52867 -14.38183 -14.27634 -14.16205 -13.81254 -13.65404
 -13.38041 -13.32866 -13.28994 -13.12786 -12.96150 -12.85673 -12.71496 -12.42095
 -12.39722 -12.32592 -12.21086 -12.11967 -12.02585 -11.82977 -11.72461 -11.57124
 -11.52347 -11.39736 -11.18378 -10.90354 -10.59188  -9.74501  -8.75545  -8.37412
  -0.77447  -0.17903   0.27986   0.84858   1.00192   1.30870   1.49059   1.60323
   2.43215   2.48832   2.65658   3.01799   3.09055   3.24613   3.48098   3.54865
   3.63414   3.64933   3.84723   3.86405   3.88627   3.96303   4.02789   4.10960
   4.15089   4.16673   4.20802   4.22729   4.25702   4.36139   4.38377   4.43252
   4.48307   4.51414   4.58948   4.64728   4.70267   4.70707   4.75260   4.79238
   4.81288   4.85206   4.87025   4.94654   4.95270   5.03399   5.03825   5.12375
   5.13702   5.15261   5.17603   5.18251   5.27927   5.30199   5.41682   5.42578
   5.51408   5.55234   5.73888   5.81519   5.91701   5.94412   6.25997   6.36332
   6.38408   6.60725


              NET ATOMIC CHARGES AND DIPOLE CONTRIBUTIONS

  ATOM NO.   TYPE          CHARGE      No. of ELECS.   s-Pop       p-Pop
   25          O          -0.352252        6.3523     1.90968     4.44257
   24          C           0.398841        3.6012     1.18137     2.41979
   26          O          -0.334170        6.3342     1.84008     4.49409
   54          H           0.244559        0.7554     0.75544
   27          C           0.042463        3.9575     1.19689     2.76065
   28          N          -0.141458        5.1415     1.84805     3.29341
    1          C          -0.177521        4.1775     1.15572     3.02180
    2          C          -0.112230        4.1122     1.16677     2.94546
    3          C          -0.122899        4.1229     1.17073     2.95217
    4          C          -0.123800        4.1238     1.17074     2.95306
    5          C          -0.123094        4.1231     1.17066     2.95243
    6          C          -0.119589        4.1196     1.16965     2.94994
    7          C          -0.167120        4.1671     1.17966     2.98746
    8          C           0.063647        3.9364     1.15793     2.77842
    9          N          -0.285761        5.2858     1.50854     3.77722
   10          C           0.148472        3.8515     1.15309     2.69844
   11          C          -0.186734        4.1867     1.17090     3.01583
   12          C          -0.014044        4.0140     1.17388     2.84016
   13          C          -0.178126        4.1781     1.16228     3.01585
   14          C           0.019751        3.9802     1.16900     2.81125
   15          C          -0.109029        4.1090     1.15963     2.94940
   16          C          -0.086140        4.0861     1.15824     2.92790
   17          C           0.112716        3.8873     1.15276     2.73452
   18          C          -0.165598        4.1656     1.17046     2.99513
   19          C          -0.052569        4.0526     1.17687     2.87570
   20          C          -0.152372        4.1524     1.17874     2.97363
   21          C          -0.032306        4.0323     1.17024     2.86207
   22          C           0.106073        3.8939     1.18293     2.71100
   23          C          -0.140533        4.1405     1.14248     2.99806
   29          H           0.126993        0.8730     0.87301
   30          H           0.057997        0.9420     0.94200
   31          H           0.056682        0.9433     0.94332
   32          H           0.058160        0.9418     0.94184
   33          H           0.060006        0.9400     0.93999
   34          H           0.059831        0.9402     0.94017
   35          H           0.062744        0.9373     0.93726
   36          H           0.063082        0.9369     0.93692
   37          H           0.062499        0.9375     0.93750
   38          H           0.062165        0.9378     0.93783
   39          H           0.064407        0.9356     0.93559
   40          H           0.065253        0.9347     0.93475
   41          H           0.063624        0.9364     0.93638
   42          H           0.062816        0.9372     0.93718
   43          H           0.079526        0.9205     0.92047
   44          H           0.082164        0.9178     0.91784
   45          H           0.081322        0.9187     0.91868
   46          H           0.077806        0.9222     0.92219
   47          H           0.124211        0.8758     0.87579
   48          H           0.104550        0.8955     0.89545
   49          H           0.120486        0.8795     0.87951
   50          H           0.117684        0.8823     0.88232
   51          H           0.102922        0.8971     0.89708
   52          H           0.111201        0.8888     0.88880
   53          H           0.112691        0.8873     0.88731
 DIPOLE           X         Y         Z       TOTAL
 POINT-CHG.    -5.161    -4.281     1.186     6.810
 HYBRID        -0.453     0.154    -0.777     0.912
 SUM           -5.614    -4.127     0.409     6.980


          ATOMIC ORBITAL ELECTRON POPULATIONS

     Atom    s        px        py        pz   
    1  C   1.15572   0.96385   1.02865   1.02930
    2  C   1.16677   0.95360   0.96567   1.02619
    3  C   1.17073   0.95044   0.97151   1.03022
    4  C   1.17074   0.95995   0.96393   1.02919
    5  C   1.17066   0.94550   0.97452   1.03241
    6  C   1.16965   0.96593   0.95447   1.02955
    7  C   1.17966   0.94756   0.98626   1.05364
    8  C   1.15793   0.93502   0.80384   1.03957
    9  N   1.50854   1.60017   1.11450   1.06255
   10  C   1.15309   0.94791   0.88187   0.86866
   11  C   1.17090   1.09186   1.00451   0.91947
   12  C   1.17388   0.94269   0.91754   0.97993
   13  C   1.16228   1.11804   0.95444   0.94337
   14  C   1.16900   0.92488   0.97782   0.90854
   15  C   1.15963   1.08139   0.93547   0.93254
   16  C   1.15824   1.07065   0.93668   0.92058
   17  C   1.15276   0.98359   0.88614   0.86480
   18  C   1.17046   1.07711   1.00148   0.91654
   19  C   1.17687   0.96329   0.93165   0.98076
   20  C   1.17874   1.04001   0.96952   0.96411
   21  C   1.17024   0.96069   0.97528   0.92609
   22  C   1.18293   0.91141   0.86779   0.93181
   23  C   1.14248   0.97177   1.03665   0.98963
   24  C   1.18137   0.81493   0.80768   0.79718
   25  O   1.90968   1.34646   1.48518   1.61093
   26  O   1.84008   1.38204   1.58394   1.52812
   27  C   1.19689   0.91689   0.92480   0.91895
   28  N   1.84805   1.09804   1.08848   1.10688
   29  H   0.87301
   30  H   0.94200
   31  H   0.94332
   32  H   0.94184
   33  H   0.93999
   34  H   0.94017
   35  H   0.93726
   36  H   0.93692
   37  H   0.93750
   38  H   0.93783
   39  H   0.93559
   40  H   0.93475
   41  H   0.93638
   42  H   0.93718
   43  H   0.92047
   44  H   0.91784
   45  H   0.91868
   46  H   0.92219
   47  H   0.87579
   48  H   0.89545
   49  H   0.87951
   50  H   0.88232
   51  H   0.89708
   52  H   0.88880
   53  H   0.88731
   54  H   0.75544
 ******************** TDHF POLARIZABILITIES ********************



          MOLECULAR WEIGHT =  374.48



          ROTATIONAL CONSTANTS IN CM(-1)

          A =    0.00857175   B =    0.00198116   C =    0.00167651



           PRINCIPAL MOMENTS OF INERTIA IN UNITS OF 10**(-40)*GRAM-CM**2

          A =     3265.7016   B =    14129.5114   C =    16697.0854


 ROTATION MATRIX FOR ORIENTATION OF MOLECULE:

         0.588796   -0.413590   -0.694451
         0.740701   -0.067824    0.668402
        -0.323545   -0.907934    0.266412


          CARTESIAN COORDINATES 

    NO.       ATOM         X         Y         Z

     1         C       -9.7374    2.5776    1.1326
     2         C       -8.8425    1.9489    0.0770
     3         C       -7.4666    1.6284    0.6557
     4         C       -6.5671    0.9956   -0.4036
     5         C       -5.1909    0.6779    0.1769
     6         C       -4.2916    0.0443   -0.8824
     7         C       -2.9167   -0.2692   -0.2993
     8         C       -2.0230   -0.9041   -1.3753
     9         N       -0.6951   -1.2152   -0.8556
    10         C        0.3242   -0.2760   -0.6432
    11         C        0.4069    1.0553   -1.0544
    12         C        1.5618    1.7467   -0.7408
    13         C        2.6215    1.1350   -0.0492
    14         C        2.5364   -0.1882    0.3747
    15         C        1.3828   -0.8926    0.0827
    16         C        0.9653   -2.2408    0.3713
    17         C       -0.3304   -2.4055   -0.1878
    18         C       -1.0252   -3.6060   -0.0689
    19         C       -0.3946   -4.6375    0.6093
    20         C        0.8853   -4.4869    1.1534
    21         C        1.5763   -3.2903    1.0390
    22         C        3.8007    1.9298    0.2431
    23         C        5.0545    1.4738    0.0762
    24         C        6.2492    2.2719    0.3864
    25         O        7.3850    2.0997   -0.0230
    26         O        6.0040    3.3004    1.2307
    27         C        5.3399    0.1901   -0.4581
    28         N        5.5878   -0.8524   -0.8925
    29         H        3.6148    2.9509    0.6060
    30         H       -9.3224    3.5168    1.5258
    31         H      -10.7343    2.8163    0.7343
    32         H       -9.8939    1.9144    1.9956
    33         H       -9.3175    1.0310   -0.3295
    34         H       -8.7488    2.6268   -0.7978
    35         H       -6.9974    2.5491    1.0625
    36         H       -7.5665    0.9536    1.5321
    37         H       -7.0375    0.0746   -0.8084
    38         H       -6.4703    1.6705   -1.2802
    39         H       -4.7205    1.5989    0.5817
    40         H       -5.2880    0.0033    1.0539
    41         H       -4.7613   -0.8784   -1.2847
    42         H       -4.1960    0.7182   -1.7602
    43         H       -2.4408    0.6505    0.1024
    44         H       -3.0065   -0.9457    0.5767
    45         H       -2.4824   -1.8354   -1.7802
    46         H       -1.9147   -0.2276   -2.2555
    47         H       -0.4064    1.5378   -1.5998
    48         H        1.6566    2.7939   -1.0477
    49         H        3.3380   -0.6666    0.9450
    50         H       -2.0238   -3.7396   -0.4882
    51         H       -0.9108   -5.5964    0.7220
    52         H        1.3462   -5.3299    1.6759
    53         H        2.5784   -3.1690    1.4582
    54         H        6.8125    3.7994    1.4146


 ENERGY OF "REORIENTED" SYSTEM WITHOUT FIELD:      -28.4531231545


  NFREQ=  3  IWFLB=  0  IBET=  1  IGAM=  1
  ATOL= 0.10000D-02  BTOL= 0.10000D-02    MAXITU=  500    MAXITA=  150


 *****************************************************************
 CALCULATION OF STATIC FIELD QUANTITIES
 *****************************************************************

 +++++ ALPHA AT       0.00000 EV.

                           COMPONENTS OF ALPHA

                     *X           *Y           *Z
           *=X:     315.6441      40.2036      29.7465
           *=Y:      40.2129     275.4550     -21.8843
           *=Z:      29.7472     -21.8846     127.9117

  ISOTROPIC AVERAGE ALPHA =     239.67024 A.U. =     35.51547 ANG.**3

 +++++ BETA (SECOND HARMONIC GENERATION) AT       0.00000 EV.

                              COMPONENTS OF BETA
            *XX         *XY         *YY         *XZ         *YZ         *ZZ
   *=X -1953.44705 -1457.62174  -778.85268  -136.51610  -133.88656    36.71019
   *=Y -1457.70674  -779.04852  -109.87811  -133.84964  -197.38889    71.99563
   *=Z  -136.45242  -133.84657  -197.30354    36.72629    71.97566   -19.77457


 AVERAGE BETAX(SHG) VALUE AT   0.00000 EV =      -1617.4256 a.u. = -0.139736E-28 ESU
 AVERAGE BETAY(SHG) VALUE AT   0.00000 EV =       -897.3275 a.u. = -0.775239E-29 ESU
 AVERAGE BETAZ(SHG) VALUE AT   0.00000 EV =       -212.1779 a.u. = -0.183309E-29 ESU



 AVERAGE BETA (SHG) VALUE AT   0.00000 EV =       1861.7953 a.u. =  0.160848E-28 ESU
   (1 a.u. = 8.639418X10-33 esu)



 +++++ ALPHA AT       0.00000 EV.

                           COMPONENTS OF ALPHA

                     *X           *Y           *Z
           *=X:     315.6441      40.2036      29.7465
           *=Y:      40.2129     275.4550     -21.8843
           *=Z:      29.7472     -21.8846     127.9117

  ISOTROPIC AVERAGE ALPHA =     239.67024 A.U. =     35.51547 ANG.**3


 GAMMA (THIRD HARMONIC GENERATION) AT    0.00000 EV.


 GAMMA(X,X,X,X) =        301017.43746
 GAMMA(Y,Y,Y,Y) =         89490.75455
 GAMMA(Z,Z,Z,Z) =          3437.12906
 GAMMA(X,X,Y,Y) =         94807.06844
 GAMMA(X,X,Z,Z) =          2682.29529
 GAMMA(Y,Y,X,X) =         94806.91019
 GAMMA(Y,Y,Z,Z) =          8638.40717
 GAMMA(Z,Z,X,X) =          2682.15069
 GAMMA(Z,Z,Y,Y) =          8638.39214


 AVERAGE GAMMA VALUE AT    0.00000 =        121240.10900 a.u. =        61065.03698 ESU (X10-39)




 **********************************************************************
 CALCULATION FOR A FREQUENCY OF    0.25000 EV  =       0.00919 A.U. 
                  WAVELENGTH OF    4959.37 NM  =    2016.38525 CM(-1)
 **********************************************************************

 +++++ ALPHA AT       0.25000 EV.

                           COMPONENTS OF ALPHA

                     *X           *Y           *Z
           *=X:     316.4465      40.4438      29.7812
           *=Y:      40.4513     275.9701     -21.9685
           *=Z:      29.7817     -21.9688     128.0436

  ISOTROPIC AVERAGE ALPHA =     240.15341 A.U. =     35.58706 ANG.**3

 +++++ BETA (SECOND HARMONIC GENERATION) AT       0.25000 EV.

                              COMPONENTS OF BETA
            *XX         *XY         *YY         *XZ         *YZ         *ZZ
   *=X -2028.66977 -1506.71640  -799.39215  -139.96594  -139.46591    38.65441
   *=Y -1499.35864  -801.75451  -115.70499  -136.74279  -202.07774    73.72409
   *=Z  -136.39695  -134.79606  -199.69347    37.63651    73.20348   -20.11525


 AVERAGE BETAX(SHG) VALUE AT   0.25000 EV =      -1674.9966 a.u. = -0.144710E-28 ESU
 AVERAGE BETAY(SHG) VALUE AT   0.25000 EV =       -927.9551 a.u. = -0.801699E-29 ESU
 AVERAGE BETAZ(SHG) VALUE AT   0.25000 EV =       -216.1047 a.u. = -0.186702E-29 ESU



 AVERAGE BETA (SHG) VALUE AT   0.25000 EV =       1927.0224 a.u. =  0.166484E-28 ESU
   (1 a.u. = 8.639418X10-33 esu)



 +++++ ALPHA AT       0.75000 EV.

                           COMPONENTS OF ALPHA

                     *X           *Y           *Z
           *=X:     323.1556      42.4620      30.0592
           *=Y:      42.4704     280.2150     -22.6655
           *=Z:      30.0594     -22.6662     129.1120

  ISOTROPIC AVERAGE ALPHA =     244.16088 A.U. =     36.18091 ANG.**3


 GAMMA (THIRD HARMONIC GENERATION) AT    0.25000 EV.


 GAMMA(X,X,X,X) =        327271.35761
 GAMMA(Y,Y,Y,Y) =         94458.76607
 GAMMA(Z,Z,Z,Z) =          3533.30524
 GAMMA(X,X,Y,Y) =        103018.02996
 GAMMA(X,X,Z,Z) =          2670.51018
 GAMMA(Y,Y,X,X) =        102345.73160
 GAMMA(Y,Y,Z,Z) =          9025.84501
 GAMMA(Z,Z,X,X) =          2633.06399
 GAMMA(Z,Z,Y,Y) =          8986.81604


 AVERAGE GAMMA VALUE AT    0.25000 =        130788.68514 a.u. =        65874.37079 ESU (X10-39)




 **********************************************************************
 CALCULATION FOR A FREQUENCY OF    0.50000 EV  =       0.01837 A.U. 
                  WAVELENGTH OF    2479.68 NM  =    4032.77050 CM(-1)
 **********************************************************************

 +++++ ALPHA AT       0.50000 EV.

                           COMPONENTS OF ALPHA

                     *X           *Y           *Z
           *=X:     318.9033      41.1768      29.8854
           *=Y:      41.1852     277.5344     -22.2247
           *=Z:      29.8857     -22.2251     128.4407

  ISOTROPIC AVERAGE ALPHA =     241.62613 A.U. =     35.80530 ANG.**3

 +++++ BETA (SECOND HARMONIC GENERATION) AT       0.50000 EV.

                              COMPONENTS OF BETA
            *XX         *XY         *YY         *XZ         *YZ         *ZZ
   *=X -2283.55898 -1672.35113  -867.17600  -151.35440  -158.69769    45.40776
   *=Y -1638.54743  -877.70106  -135.61221  -146.25647  -217.52697    79.43902
   *=Z  -135.29756  -137.42650  -206.94403    40.61905    77.12387   -21.22153


 AVERAGE BETAX(SHG) VALUE AT   0.50000 EV =      -1869.3218 a.u. = -0.161499E-28 ESU
 AVERAGE BETAY(SHG) VALUE AT   0.50000 EV =      -1031.2799 a.u. = -0.890966E-29 ESU
 AVERAGE BETAZ(SHG) VALUE AT   0.50000 EV =       -228.7338 a.u. = -0.197613E-29 ESU



 AVERAGE BETA (SHG) VALUE AT   0.50000 EV =       2147.1426 a.u. =  0.185501E-28 ESU
   (1 a.u. = 8.639418X10-33 esu)



 +++++ ALPHA AT       1.50000 EV.

                           COMPONENTS OF ALPHA

                     *X           *Y           *Z
           *=X:     350.5194      51.1350      30.9922
           *=Y:      51.1448     296.5620     -25.3990
           *=Z:      30.9912     -25.4004     132.9816

  ISOTROPIC AVERAGE ALPHA =     260.02098 A.U. =     38.53113 ANG.**3


 GAMMA (THIRD HARMONIC GENERATION) AT    0.50000 EV.


 GAMMA(X,X,X,X) =        433893.73284
 GAMMA(Y,Y,Y,Y) =        112559.38727
 GAMMA(Z,Z,Z,Z) =          3864.01120
 GAMMA(X,X,Y,Y) =        135932.46595
 GAMMA(X,X,Z,Z) =          2501.84956
 GAMMA(Y,Y,X,X) =        132386.11505
 GAMMA(Y,Y,Z,Z) =         10398.77172
 GAMMA(Z,Z,X,X) =          2371.09246
 GAMMA(Z,Z,Y,Y) =         10174.75769


 AVERAGE GAMMA VALUE AT    0.50000 =        168816.43675 a.u. =        85027.81825 ESU (X10-39)



 **********************
 *                    *
 * JOB ENDED NORMALLY *
 *                    *
 **********************



 TOTAL JOB TIME:            80.63 SECONDS

 == MOPAC DONE ==
