 *******************************************************************************
 ** Site#: 37966        For non-commercial use only           Version 21.186W **
 *******************************************************************************
 ** Cite this program as: MOPAC2016, Version: 21.186W, James J. P. Stewart,   **
 ** Stewart Computational Chemistry, web: HTTP://OpenMOPAC.net. Days left: 254**
 *******************************************************************************
 **                                                                           **
 **                                MOPAC2016                                  **
 **                                                                           **
 *******************************************************************************

                              RM1 CALCULATION RESULTS

 *******************************************************************************
 *  CALCULATION DONE:                                Sun Oct 24 16:21:54 2021  *
 *  RM1        - The RM1 Hamiltonian to be used
 *  POLAR      - CALCULATE FIRST, SECOND AND THIRD-ORDER POLARIZABILITIES
 *  PRECISE    - TIGHTER CRITERIA TO BE USED
 *  T=         - A TIME OF 172800.0 SECONDS REQUESTED
 *  DUMP=N     - RESTART FILE WRITTEN EVERY 7200.0 SECONDS REQUESTED
 *  GNORM      - EXIT WHEN GRADIENT NORM DROPS BELOW 0.100
 *******************************************************************************
RM1 PRECISE POLAR GNORM=0.1


  ATOM    CHEMICAL      BOND LENGTH      BOND ANGLE     TWIST ANGLE 
 NUMBER    SYMBOL       (ANGSTROMS)      (DEGREES)       (DEGREES) 
   (I)                     NA:I           NB:NA:I       NC:NB:NA:I       NA    NB    NC 
     1       N          0.00000000       0.0000000       0.0000000        0     0     0
     2       C          1.15647443  *    0.0000000       0.0000000        1     0     0
     3       C          1.41704672  *  179.0885071  *    0.0000000        2     1     0
     4       C          1.34757912  *  123.0502458  * -169.8111943  *     3     2     1
     5       C          1.43333352  *  123.3842118  *   -2.7608159  *     4     3     2
     6       C          1.36961816  *  127.1819360  *  -36.2502975  *     5     4     3
     7       C          1.42936934  *  111.9155130  * -178.7947909  *     6     5     4
     8       C          1.36871432  *  112.0056573  *   -0.0119114  *     7     6     5
     9       S          1.71042683  *  112.2298575  *    0.3152570  *     8     7     6
    10       C          1.42734772  *  126.6839247  * -179.2661857  *     8     7     6
    11       C          1.36749272  *  126.5775795  * -136.9636403  *    10     8     7
    12       C          1.43073394  *  112.0174552  * -179.9099632  *    11    10     8
    13       C          1.36680451  *  112.0115842  *   -0.0098214  *    12    11    10
    14       S          1.71396646  *  112.2219158  *   -0.0992587  *    13    12    11
    15       C          1.42753570  *  126.7696032  * -179.8982114  *    13    12    11
    16       C          1.36564411  *  126.8541474  * -133.7361654  *    15    13    12
    17       C          1.43275483  *  112.0082437  * -179.8819586  *    16    15    13
    18       C          1.36456116  *  112.1148782  *    0.0639165  *    17    16    15
    19       S          1.71725303  *  121.0254771  *   46.3109591  *    15    13    12
    20       C          1.44369729  *  125.7647278  * -179.2538631  *    18    17    16
    21       C          1.40037518  *  120.2467770  * -137.1900023  *    20    18    17
    22       C          1.38649567  *  121.5462510  *  179.5549510  *    21    20    18
    23       C          1.39046209  *  117.9896402  *    0.3244483  *    22    21    20
    24       C          1.42813387  *  120.5873666  *   -0.7848611  *    23    22    21
    25       C          1.38167953  *  120.6820020  *    0.6269096  *    24    23    22
    26       C          1.44336270  *  107.7252836  * -179.0890153  *    24    23    22
    27       C          1.38494921  *  134.9173924  *    2.1925020  *    26    24    25
    28       C          1.38943759  *  117.9485745  *  178.2173948  *    27    26    24
    29       C          1.40073808  *  122.1452670  *    0.8062134  *    28    27    26
    30       C          1.38881267  *  121.1472654  *    0.4822504  *    29    28    27
    31       C          1.41153969  *  106.2169328  * -178.6900728  *    26    24    25
    32       N          1.41017953  *  110.3939798  *   -0.0413307  *    31    26    24
    33       C          1.40790537  *  118.5108272  * -167.1675644  *    32    31    26
    34       C          1.39746395  *  121.1117547  *  167.9852607  *    33    32    31
    35       C          1.38682197  *  119.7156779  *  179.3671275  *    34    33    32
    36       C          1.38725025  *  120.2447793  *    0.2926967  *    35    34    33
    37       C          1.38872627  *  119.8006555  *   -0.1020893  *    36    35    34
    38       C          1.39141785  *  121.5564889  *    0.1205770  *    37    36    35
    39       C          1.49606594  *  125.9915021  *  177.1409534  *    30    29    28
    40       C          1.53762043  *  109.4918973  * -138.3536666  *    39    30    31
    41       C          1.51894565  *  111.2570175  *   61.3129040  *    40    39    30
    42       C          1.54516845  *  109.3102413  *   99.6643683  *    39    30    31
    43       C          1.51711088  *  114.4352333  *   53.6382739  *    42    39    30
    44       C          1.46937029  *  117.4376408  *  178.5930405  *     3     2     4
    45       O          1.22287280  *  126.4784738  * -176.9754315  *    44     3     2
    46       O          1.34785773  *  113.9570742  *    3.1815872  *    44     3     2
    47       H          1.10148215  *  120.2658119  *  176.8990258  *     4     3     2
    48       H          1.08868748  *  125.7152814  *   -0.5670156  *     6     5     4
    49       H          1.08773394  *  122.7822069  *  179.7018763  *     7     6     5
    50       H          1.08748586  *  125.3175284  *    0.4888033  *    11    10     8
    51       H          1.08738164  *  122.7715619  *  179.5929082  *    12    11    10
    52       H          1.08737142  *  125.2930747  *    0.4852450  *    16    15    13
    53       H          1.08727784  *  122.7080087  *  179.4416082  *    17    16    15
    54       H          1.09512947  *  119.5192028  * -179.0888146  *    21    20    25
    55       H          1.09451269  *  120.4304256  * -179.3842682  *    22    21    20
    56       H          1.09333184  *  120.1973024  *   -0.7033323  *    25    24    26
    57       H          1.09236943  *  120.6373732  *   -1.3825778  *    27    26    24
    58       H          1.09411919  *  119.1321920  * -179.2281135  *    28    27    26
    59       H          1.09436004  *  118.2639944  * -179.3561402  *    29    28    27
    60       H          1.09482098  *  121.4312200  *   -0.6832681  *    34    33    32
    61       H          1.09437253  *  119.6620037  * -179.7997652  *    35    34    33
    62       H          1.09329738  *  120.1900372  *  179.9703150  *    36    35    34
    63       H          1.09801542  *  118.7606995  *  179.7770935  *    37    36    35
    64       H          1.11350769  *  110.3147495  * -176.2141670  *    40    39    30
    65       H          1.10937923  *  111.1920913  *  -61.7865809  *    40    39    30
    66       H          1.10008996  *  111.6359749  *   56.8562707  *    41    40    64
    67       H          1.09972395  *  112.4399407  *   62.9176101  *    41    40    65
    68       H          1.09967315  *  112.4592005  * -176.5588723  *    41    40    65
    69       H          1.11129513  *  109.6682637  *  177.1108418  *    42    39    30
    70       H          1.11186058  *  109.0896527  *  -68.9865008  *    42    39    30
    71       H          1.10146361  *  111.0343638  *   50.9524844  *    43    42    69
    72       H          1.09937916  *  112.8239898  *  169.5630993  *    43    42    69
    73       H          1.09862459  *  113.2887537  *  -68.2020928  *    43    42    69
    74       H          0.96834226  *  111.0730702  *    0.3157540  *    46    44    45
 


          CARTESIAN COORDINATES 

    NO.       ATOM           X           Y           Z

     1         N          0.0000      0.0000      0.0000
     2         C          1.1565      0.0000      0.0000
     3         C          2.5733      0.0225      0.0000
     4         C          3.3259     -1.0773     -0.1998
     5         C          2.7748     -2.3888     -0.3753
     6         C          1.6727     -2.9135      0.2459
     7         C          1.4290     -4.2647     -0.1514
     8         C          2.3551     -4.7081     -1.0565
     9         S          3.5220     -3.5135     -1.4263
    10         C          2.4001     -5.9967     -1.6686
    11         C          3.5123     -6.7685     -1.8622
    12         C          3.2005     -8.0060     -2.5090
    13         C          1.8655     -8.1210     -2.7785
    14         S          0.9784     -6.7504     -2.2568
    15         C          1.2132     -9.2217     -3.4117
    16         C          0.2889     -9.1592     -4.4150
    17         C         -0.1611    -10.4601     -4.8123
    18         C          0.4390    -11.4529     -4.0938
    19         S          1.5488    -10.8389     -2.9415
    20         C          0.2149    -12.8692     -4.2611
    21         C          0.0767    -13.6987     -3.1413
    22         C         -0.1483    -15.0607     -3.2708
    23         C         -0.2275    -15.5899     -4.5542
    24         C         -0.0969    -14.7449     -5.6980
    25         C          0.1234    -13.3888     -5.5513
    26         C         -0.2437    -15.5702     -6.8731
    27         C         -0.1857    -15.3465     -8.2386
    28         C         -0.3483    -16.4367     -9.0845
    29         C         -0.5820    -17.7292     -8.5980
    30         C         -0.6719    -17.9782     -7.2346
    31         C         -0.4809    -16.8812     -6.4069
    32         N         -0.4872    -16.9078     -4.9970
    33         C         -0.4340    -18.1562     -4.3481
    34         C         -0.1879    -18.2466     -2.9755
    35         C         -0.1548    -19.4907     -2.3635
    36         C         -0.3589    -20.6422     -3.1098
    37         C         -0.5991    -20.5467     -4.4743
    38         C         -0.6392    -19.3161     -5.1223
    39         C         -0.9767    -19.2984     -6.6002
    40         C         -0.1900    -20.4069     -7.3191
    41         C          1.3078    -20.1809     -7.2066
    42         C         -2.4980    -19.5596     -6.6696
    43         C         -3.0905    -19.4513     -8.0620
    44         C          3.2298      1.3219      0.1991
    45         O          4.4330      1.5396      0.1773
    46         O          2.3742      2.3381      0.4273
    47         H          4.4238     -0.9988     -0.2411
    48         H          1.0533     -2.4017      0.9806
    49         H          0.6009     -4.8528      0.2378
    50         H          4.5232     -6.5006     -1.5638
    51         H          3.9558     -8.7491     -2.7533
    52         H         -0.0744     -8.2451     -4.8785
    53         H         -0.9039    -10.6122     -5.5916
    54         H          0.1376    -13.2648     -2.1377
    55         H         -0.2634    -15.6904     -2.3830
    56         H          0.2277    -12.7501     -6.4326
    57         H         -0.0104    -14.3423     -8.6313
    58         H         -0.2933    -16.2841    -10.1666
    59         H         -0.6900    -18.5435     -9.3211
    60         H         -0.0183    -17.3532     -2.3658
    61         H          0.0348    -19.5603     -1.2880
    62         H         -0.3321    -21.6225     -2.6266
    63         H         -0.7546    -21.4692     -5.0491
    64         H         -0.4586    -21.4040     -6.9025
    65         H         -0.4851    -20.4807     -8.3860
    66         H          1.8770    -20.9758     -7.7109
    67         H          1.6244    -19.2312     -7.6618
    68         H          1.6525    -20.1620     -6.1625
    69         H         -2.7251    -20.5620     -6.2470
    70         H         -3.0204    -18.8477     -5.9939
    71         H         -4.1530    -19.7418     -8.0633
    72         H         -3.0593    -18.4271     -8.4603
    73         H         -2.5973    -20.1034     -8.7959
    74         H          2.8497      3.1728      0.5496

  H: (RM1): G.B. ROCHA, R.O. FREIRE, A.M.SIMAS, J.J.P. STEWART, J. COMP. CHEM. 27, 1101 (2006)
  C: (RM1): G.B. ROCHA, R.O. FREIRE, A.M.SIMAS, J.J.P. STEWART, J. COMP. CHEM. 27, 1101 (2006)
  N: (RM1): G.B. ROCHA, R.O. FREIRE, A.M.SIMAS, J.J.P. STEWART, J. COMP. CHEM. 27, 1101 (2006)
  O: (RM1): G.B. ROCHA, R.O. FREIRE, A.M.SIMAS, J.J.P. STEWART, J. COMP. CHEM. 27, 1101 (2006)
  S: (RM1): G.B. ROCHA, R.O. FREIRE, A.M.SIMAS, J.J.P. STEWART, J. COMP. CHEM. 27, 1101 (2006)

           Empirical Formula: C39 H28 N2 O2 S3  =    74 atoms



      MOLECULAR POINT GROUP   :   C1  


      RHF CALCULATION, NO. OF DOUBLY OCCUPIED LEVELS = 112


          Geometry optimization using L-BFGS
 CYCLE:     1 TIME:   0.293 TIME LEFT:  2.00D  GRAD.:     0.295 HEAT:  108.1405
 CYCLE:     2 TIME:   0.109 TIME LEFT:  2.00D  GRAD.:     0.262 HEAT:  108.1405
 CYCLE:     3 TIME:   0.121 TIME LEFT:  2.00D  GRAD.:     0.348 HEAT:  108.1405
 CYCLE:     4 TIME:   0.109 TIME LEFT:  2.00D  GRAD.:     0.386 HEAT:  108.1405
 CYCLE:     5 TIME:   0.121 TIME LEFT:  2.00D  GRAD.:     0.533 HEAT:  108.1405
 CYCLE:     6 TIME:   0.109 TIME LEFT:  2.00D  GRAD.:     0.864 HEAT:  108.1405
 CYCLE:     7 TIME:   0.141 TIME LEFT:  2.00D  GRAD.:     0.277 HEAT:  108.1405
 CYCLE:     8 TIME:   0.133 TIME LEFT:  2.00D  GRAD.:     0.208 HEAT:  108.1405
 CYCLE:     9 TIME:   0.113 TIME LEFT:  2.00D  GRAD.:     0.148 HEAT:  108.1405
 CYCLE:    10 TIME:   0.133 TIME LEFT:  2.00D  GRAD.:     0.284 HEAT:  108.1405
 CYCLE:    11 TIME:   0.129 TIME LEFT:  2.00D  GRAD.:     0.319 HEAT:  108.1405
 CYCLE:    12 TIME:   0.121 TIME LEFT:  2.00D  GRAD.:     0.238 HEAT:  108.1405
 CYCLE:    13 TIME:   0.121 TIME LEFT:  2.00D  GRAD.:     0.217 HEAT:  108.1405
 CYCLE:    14 TIME:   0.129 TIME LEFT:  2.00D  GRAD.:     0.419 HEAT:  108.1404
 CYCLE:    15 TIME:   0.133 TIME LEFT:  2.00D  GRAD.:     0.235 HEAT:  108.1404
 CYCLE:    16 TIME:   0.141 TIME LEFT:  2.00D  GRAD.:     0.245 HEAT:  108.1404
 CYCLE:    17 TIME:   0.121 TIME LEFT:  2.00D  GRAD.:     0.251 HEAT:  108.1404
 CYCLE:    18 TIME:   0.129 TIME LEFT:  2.00D  GRAD.:     0.302 HEAT:  108.1404
 CYCLE:    19 TIME:   0.133 TIME LEFT:  2.00D  GRAD.:     0.214 HEAT:  108.1404
 CYCLE:    20 TIME:   0.129 TIME LEFT:  2.00D  GRAD.:     0.346 HEAT:  108.1404
 CYCLE:    21 TIME:   0.121 TIME LEFT:  2.00D  GRAD.:     0.888 HEAT:  108.1404
 CYCLE:    22 TIME:   0.133 TIME LEFT:  2.00D  GRAD.:     8.111 HEAT:  108.1408
 CYCLE:    23 TIME:   0.121 TIME LEFT:  2.00D  GRAD.:    10.285 HEAT:  108.1410
 CYCLE:    24 TIME:   0.129 TIME LEFT:  2.00D  GRAD.:     5.107 HEAT:  108.1405
 CYCLE:    25 TIME:   0.125 TIME LEFT:  2.00D  GRAD.:     3.158 HEAT:  108.1406
 CYCLE:    26 TIME:   0.129 TIME LEFT:  2.00D  GRAD.:     1.061 HEAT:  108.1404
 CYCLE:    27 TIME:   0.148 TIME LEFT:  2.00D  GRAD.:     4.428 HEAT:  108.1406
 CYCLE:    28 TIME:   0.133 TIME LEFT:  2.00D  GRAD.:     0.596 HEAT:  108.1404
 CYCLE:    29 TIME:   0.152 TIME LEFT:  2.00D  GRAD.:     4.966 HEAT:  108.1407
 CYCLE:    30 TIME:   0.117 TIME LEFT:  2.00D  GRAD.:     1.092 HEAT:  108.1404
 CYCLE:    31 TIME:   0.164 TIME LEFT:  2.00D  GRAD.:     4.938 HEAT:  108.1407
 CYCLE:    32 TIME:   0.121 TIME LEFT:  2.00D  GRAD.:     3.398 HEAT:  108.1405
 CYCLE:    33 TIME:   0.129 TIME LEFT:  2.00D  GRAD.:     5.667 HEAT:  108.1409
 CYCLE:    34 TIME:   0.141 TIME LEFT:  2.00D  GRAD.:     2.991 HEAT:  108.1406
 CYCLE:    35 TIME:   0.168 TIME LEFT:  2.00D  GRAD.:    11.389 HEAT:  108.1423
 CYCLE:    36 TIME:   0.133 TIME LEFT:  2.00D  GRAD.:   102.450 HEAT:  108.2019
 CYCLE:    37 TIME:   0.152 TIME LEFT:  2.00D  GRAD.:    70.807 HEAT:  108.1708
 CYCLE:    38 TIME:   0.148 TIME LEFT:  2.00D  GRAD.:    92.981 HEAT:  108.1931
 CYCLE:    39 TIME:   0.133 TIME LEFT:  2.00D  GRAD.:    31.291 HEAT:  108.1479
 CYCLE:    40 TIME:   0.160 TIME LEFT:  2.00D  GRAD.:    10.730 HEAT:  108.1465
 CYCLE:    41 TIME:   0.141 TIME LEFT:  2.00D  GRAD.:    13.530 HEAT:  108.1441
 CYCLE:    42 TIME:   0.160 TIME LEFT:  2.00D  GRAD.:    27.580 HEAT:  108.1482
 CYCLE:    43 TIME:   0.141 TIME LEFT:  2.00D  GRAD.:     3.669 HEAT:  108.1411
 CYCLE:    44 TIME:   0.133 TIME LEFT:  2.00D  GRAD.:     1.353 HEAT:  108.1405
 CYCLE:    45 TIME:   0.133 TIME LEFT:  2.00D  GRAD.:     0.916 HEAT:  108.1405
 CYCLE:    46 TIME:   0.164 TIME LEFT:  2.00D  GRAD.:     0.466 HEAT:  108.1405
 CYCLE:    47 TIME:   0.129 TIME LEFT:  2.00D  GRAD.:     0.538 HEAT:  108.1405
 CYCLE:    48 TIME:   0.156 TIME LEFT:  2.00D  GRAD.:     3.227 HEAT:  108.1426
 CYCLE:    49 TIME:   0.164 TIME LEFT:  2.00D  GRAD.:     1.312 HEAT:  108.1405
 CYCLE:    50 TIME:   0.129 TIME LEFT:  2.00D  GRAD.:     3.310 HEAT:  108.1407
 CYCLE:    51 TIME:   0.133 TIME LEFT:  2.00D  GRAD.:     0.268 HEAT:  108.1404
 CYCLE:    52 TIME:   0.141 TIME LEFT:  2.00D  GRAD.:     0.306 HEAT:  108.1404
 CYCLE:    53 TIME:   0.129 TIME LEFT:  2.00D  GRAD.:     0.793 HEAT:  108.1405
 CYCLE:    54 TIME:   0.152 TIME LEFT:  2.00D  GRAD.:     0.508 HEAT:  108.1405
 CYCLE:    55 TIME:   0.160 TIME LEFT:  2.00D  GRAD.:     1.415 HEAT:  108.1404
 CYCLE:    56 TIME:   0.133 TIME LEFT:  2.00D  GRAD.:     0.773 HEAT:  108.1404
 CYCLE:    57 TIME:   0.137 TIME LEFT:  2.00D  GRAD.:     0.203 HEAT:  108.1404
 CYCLE:    58 TIME:   0.133 TIME LEFT:  2.00D  GRAD.:     0.161 HEAT:  108.1404
 CYCLE:    59 TIME:   0.133 TIME LEFT:  2.00D  GRAD.:     1.463 HEAT:  108.1404
 CYCLE:    60 TIME:   0.137 TIME LEFT:  2.00D  GRAD.:     0.464 HEAT:  108.1404
 CYCLE:    61 TIME:   0.141 TIME LEFT:  2.00D  GRAD.:     1.462 HEAT:  108.1404
 CYCLE:    62 TIME:   0.113 TIME LEFT:  2.00D  GRAD.:     0.217 HEAT:  108.1404
 CYCLE:    63 TIME:   0.141 TIME LEFT:  2.00D  GRAD.:     1.018 HEAT:  108.1404
 CYCLE:    64 TIME:   0.133 TIME LEFT:  2.00D  GRAD.:     1.049 HEAT:  108.1404
 CYCLE:    65 TIME:   0.129 TIME LEFT:  2.00D  GRAD.:     0.798 HEAT:  108.1404
 CYCLE:    66 TIME:   0.145 TIME LEFT:  2.00D  GRAD.:     0.783 HEAT:  108.1404
 CYCLE:    67 TIME:   0.129 TIME LEFT:  2.00D  GRAD.:     0.901 HEAT:  108.1404
 CYCLE:    68 TIME:   0.141 TIME LEFT:  2.00D  GRAD.:     1.221 HEAT:  108.1404
 CYCLE:    69 TIME:   0.184 TIME LEFT:  2.00D  GRAD.:     1.738 HEAT:  108.1404
 CYCLE:    70 TIME:   0.148 TIME LEFT:  2.00D  GRAD.:     2.419 HEAT:  108.1404
 CYCLE:    71 TIME:   0.164 TIME LEFT:  2.00D  GRAD.:     4.169 HEAT:  108.1406
 CYCLE:    72 TIME:   0.141 TIME LEFT:  2.00D  GRAD.:     3.572 HEAT:  108.1406
 CYCLE:    73 TIME:   0.141 TIME LEFT:  2.00D  GRAD.:     3.216 HEAT:  108.1406
 CYCLE:    74 TIME:   0.141 TIME LEFT:  2.00D  GRAD.:     3.387 HEAT:  108.1408
 CYCLE:    75 TIME:   0.137 TIME LEFT:  2.00D  GRAD.:     5.018 HEAT:  108.1405
 CYCLE:    76 TIME:   0.125 TIME LEFT:  2.00D  GRAD.:     7.706 HEAT:  108.1414
 CYCLE:    77 TIME:   0.129 TIME LEFT:  2.00D  GRAD.:     2.408 HEAT:  108.1404
 CYCLE:    78 TIME:   0.160 TIME LEFT:  2.00D  GRAD.:     7.852 HEAT:  108.1408
 CYCLE:    79 TIME:   0.129 TIME LEFT:  2.00D  GRAD.:     7.780 HEAT:  108.1408
 CYCLE:    80 TIME:   0.133 TIME LEFT:  2.00D  GRAD.:     5.582 HEAT:  108.1408
 CYCLE:    81 TIME:   0.141 TIME LEFT:  2.00D  GRAD.:    18.740 HEAT:  108.1457
 CYCLE:    82 TIME:   0.148 TIME LEFT:  2.00D  GRAD.:    55.476 HEAT:  108.1633
 CYCLE:    83 TIME:   0.145 TIME LEFT:  2.00D  GRAD.:    27.063 HEAT:  108.1494
 CYCLE:    84 TIME:   0.148 TIME LEFT:  2.00D  GRAD.:    52.127 HEAT:  108.1917
 CYCLE:    85 TIME:   0.141 TIME LEFT:  2.00D  GRAD.:    44.448 HEAT:  108.1699
 CYCLE:    86 TIME:   0.160 TIME LEFT:  2.00D  GRAD.:    18.352 HEAT:  108.1507
 CYCLE:    87 TIME:   0.168 TIME LEFT:  2.00D  GRAD.:     8.615 HEAT:  108.1410
 CYCLE:    88 TIME:   0.148 TIME LEFT:  2.00D  GRAD.:    24.203 HEAT:  108.1452
 CYCLE:    89 TIME:   0.160 TIME LEFT:  2.00D  GRAD.:     1.098 HEAT:  108.1403
 CYCLE:    90 TIME:   0.145 TIME LEFT:  2.00D  GRAD.:     1.951 HEAT:  108.1405
 CYCLE:    91 TIME:   0.129 TIME LEFT:  2.00D  GRAD.:     0.611 HEAT:  108.1404
 CYCLE:    92 TIME:   0.180 TIME LEFT:  2.00D  GRAD.:    12.161 HEAT:  108.1419
 CYCLE:    93 TIME:   0.133 TIME LEFT:  2.00D  GRAD.:     1.429 HEAT:  108.1403
 CYCLE:    94 TIME:   0.141 TIME LEFT:  2.00D  GRAD.:     1.355 HEAT:  108.1403
 CYCLE:    95 TIME:   0.152 TIME LEFT:  2.00D  GRAD.:     1.567 HEAT:  108.1403
 CYCLE:    96 TIME:   0.148 TIME LEFT:  2.00D  GRAD.:     2.116 HEAT:  108.1405
 CYCLE:    97 TIME:   0.152 TIME LEFT:  2.00D  GRAD.:     0.592 HEAT:  108.1403
 CYCLE:    98 TIME:   0.148 TIME LEFT:  2.00D  GRAD.:     0.367 HEAT:  108.1403
 CYCLE:    99 TIME:   0.203 TIME LEFT:  2.00D  GRAD.:     0.236 HEAT:  108.1403
 CYCLE:   100 TIME:   0.223 TIME LEFT:  2.00D  GRAD.:     0.963 HEAT:  108.1403
 CYCLE:   101 TIME:   0.148 TIME LEFT:  2.00D  GRAD.:     0.828 HEAT:  108.1403
 CYCLE:   102 TIME:   0.141 TIME LEFT:  2.00D  GRAD.:     1.993 HEAT:  108.1404
 CYCLE:   103 TIME:   0.148 TIME LEFT:  2.00D  GRAD.:     0.754 HEAT:  108.1403
 CYCLE:   104 TIME:   0.145 TIME LEFT:  2.00D  GRAD.:     1.045 HEAT:  108.1403
 CYCLE:   105 TIME:   0.129 TIME LEFT:  2.00D  GRAD.:     0.156 HEAT:  108.1403
 CYCLE:   106 TIME:   0.152 TIME LEFT:  2.00D  GRAD.:     0.258 HEAT:  108.1403
 CYCLE:   107 TIME:   0.121 TIME LEFT:  2.00D  GRAD.:     0.118 HEAT:  108.1403
 CYCLE:   108 TIME:   0.141 TIME LEFT:  2.00D  GRAD.:     0.917 HEAT:  108.1403
 CYCLE:   109 TIME:   0.133 TIME LEFT:  2.00D  GRAD.:     0.304 HEAT:  108.1403
 CYCLE:   110 TIME:   0.117 TIME LEFT:  2.00D  GRAD.:     0.229 HEAT:  108.1403
 CYCLE:   111 TIME:   0.125 TIME LEFT:  2.00D  GRAD.:     0.150 HEAT:  108.1403
 CYCLE:   112 TIME:   0.129 TIME LEFT:  2.00D  GRAD.:     0.087 HEAT:  108.1403

 -------------------------------------------------------------------------------
 RM1 PRECISE POLAR GNORM=0.1




     HERBERTS TEST WAS SATISFIED IN BFGS                      
     SCF FIELD WAS ACHIEVED                                   


                              RM1 CALCULATION
                                                       MOPAC2016 (Version: 21.186W)
                                                       Sun Oct 24 16:22:10 2021
                                                       No. of days remaining = 254




          FINAL HEAT OF FORMATION =        108.14030 KCAL/MOL =     452.45901 KJ/MOL


          TOTAL ENERGY            =      -6893.32571 EV
          ELECTRONIC ENERGY       =     -65171.52287 EV  POINT GROUP:     C1  
          CORE-CORE REPULSION     =      58278.19716 EV
          COSMO AREA              =        610.66 SQUARE ANGSTROMS
          COSMO VOLUME            =        729.11 CUBIC ANGSTROMS

          GRADIENT NORM           =          0.08709 = 0.01012 PER ATOM
          IONIZATION POTENTIAL    =          7.906126 EV
          HOMO LUMO ENERGIES (EV) =         -7.906 -1.318
          NO. OF FILLED LEVELS    =        112
          MOLECULAR WEIGHT        =        652.8424

          MOLECULAR DIMENSIONS (Angstroms)

            Atom       Atom       Distance
            H    74    H    64    25.89323
            H    61    H    58     9.45534
            H    71    H    50     6.64431


          SCF CALCULATIONS        =        113
 
          WALL-CLOCK TIME         =         15.922 SECONDS
          COMPUTATION TIME        =         29.312 SECONDS




  ATOM    CHEMICAL      BOND LENGTH      BOND ANGLE     TWIST ANGLE 
 NUMBER    SYMBOL       (ANGSTROMS)      (DEGREES)       (DEGREES) 
   (I)                     NA:I           NB:NA:I       NC:NB:NA:I       NA    NB    NC 
     1       N          0.00000000       0.0000000       0.0000000        0     0     0
     2       C          1.15647186  *    0.0000000       0.0000000        1     0     0
     3       C          1.41703611  *  179.1113138  *    0.0000000        2     1     0
     4       C          1.34760885  *  123.0465123  * -169.7787969  *     3     2     1
     5       C          1.43330467  *  123.3958010  *   -2.7345128  *     4     3     2
     6       C          1.36962080  *  127.1905669  *  -36.1565266  *     5     4     3
     7       C          1.42937657  *  111.9178688  * -178.8282131  *     6     5     4
     8       C          1.36870683  *  112.0005290  *    0.0156406  *     7     6     5
     9       S          1.71037017  *  112.2354757  *    0.2961794  *     8     7     6
    10       C          1.42737151  *  126.6809103  * -179.2627880  *     8     7     6
    11       C          1.36749765  *  126.5836113  * -136.9140027  *    10     8     7
    12       C          1.43074937  *  112.0155501  * -179.8981310  *    11    10     8
    13       C          1.36681517  *  112.0121506  *    0.0051866  *    12    11    10
    14       S          1.71397203  *  112.2225159  *   -0.0943789  *    13    12    11
    15       C          1.42753759  *  126.7788389  * -179.9088592  *    13    12    11
    16       C          1.36562084  *  126.8415505  * -133.6717506  *    15    13    12
    17       C          1.43272781  *  112.0108415  * -179.8917604  *    16    15    13
    18       C          1.36455834  *  112.1157017  *    0.0592458  *    17    16    15
    19       S          1.71725895  *  121.0406629  *   46.3572305  *    15    13    12
    20       C          1.44369453  *  125.7602470  * -179.2429011  *    18    17    16
    21       C          1.40036959  *  120.2523421  * -137.2164806  *    20    18    17
    22       C          1.38651596  *  121.5443968  *  179.5591998  *    21    20    18
    23       C          1.39048684  *  117.9903752  *    0.3187967  *    22    21    20
    24       C          1.42814143  *  120.5857033  *   -0.7659953  *    23    22    21
    25       C          1.38166959  *  120.6835793  *    0.6024930  *    24    23    22
    26       C          1.44334471  *  107.7270732  * -179.1049813  *    24    23    22
    27       C          1.38495061  *  134.9154741  *    2.1983130  *    26    24    25
    28       C          1.38942016  *  117.9463677  *  178.2035759  *    27    26    24
    29       C          1.40070917  *  122.1463082  *    0.8184981  *    28    27    26
    30       C          1.38881393  *  121.1476019  *    0.4903692  *    29    28    27
    31       C          1.41153488  *  106.2159206  * -178.6807644  *    26    24    25
    32       N          1.41019360  *  110.3944862  *   -0.0352217  *    31    26    24
    33       C          1.40791837  *  118.5102134  * -167.1826903  *    32    31    26
    34       C          1.39746796  *  121.1130524  *  167.9905839  *    33    32    31
    35       C          1.38682983  *  119.7159394  *  179.3734086  *    34    33    32
    36       C          1.38725059  *  120.2443144  *    0.2920636  *    35    34    33
    37       C          1.38873063  *  119.8005256  *   -0.1098302  *    36    35    34
    38       C          1.39141394  *  121.5566152  *    0.1321739  *    37    36    35
    39       C          1.49606680  *  125.9933532  *  177.1228706  *    30    29    28
    40       C          1.53762463  *  109.4909126  * -138.3518284  *    39    30    31
    41       C          1.51894299  *  111.2582552  *   61.3062674  *    40    39    30
    42       C          1.54515670  *  109.3100035  *   99.6669681  *    39    30    31
    43       C          1.51711833  *  114.4347811  *   53.6425733  *    42    39    30
    44       C          1.46936684  *  117.4436300  *  178.5963237  *     3     2     4
    45       O          1.22286882  *  126.4809759  * -177.0317527  *    44     3     2
    46       O          1.34785628  *  113.9543898  *    3.1219350  *    44     3     2
    47       H          1.10149112  *  120.2505838  *  176.9065834  *     4     3     2
    48       H          1.08868172  *  125.7230523  *   -0.5909158  *     6     5     4
    49       H          1.08772830  *  122.7806960  *  179.6788253  *     7     6     5
    50       H          1.08748468  *  125.3083563  *    0.5391580  *    11    10     8
    51       H          1.08738218  *  122.7768625  *  179.6130300  *    12    11    10
    52       H          1.08737493  *  125.2934082  *    0.4786350  *    16    15    13
    53       H          1.08727767  *  122.7079934  *  179.4531268  *    17    16    15
    54       H          1.09512637  *  119.5212036  * -179.0567062  *    21    20    25
    55       H          1.09451431  *  120.4283449  * -179.3223171  *    22    21    20
    56       H          1.09332998  *  120.1970665  *   -0.6950989  *    25    24    26
    57       H          1.09236455  *  120.6355754  *   -1.3873980  *    27    26    24
    58       H          1.09411877  *  119.1324736  * -179.1937804  *    28    27    26
    59       H          1.09436265  *  118.2658377  * -179.3452214  *    29    28    27
    60       H          1.09482011  *  121.4327979  *   -0.6690325  *    34    33    32
    61       H          1.09437208  *  119.6603759  * -179.8036096  *    35    34    33
    62       H          1.09329713  *  120.1914031  *  179.9714320  *    36    35    34
    63       H          1.09801243  *  118.7594274  *  179.7918638  *    37    36    35
    64       H          1.11350158  *  110.3126254  * -176.2138622  *    40    39    30
    65       H          1.10938676  *  111.1952001  *  -61.7899435  *    40    39    30
    66       H          1.10009028  *  111.6359675  *   56.8453358  *    41    40    64
    67       H          1.09972453  *  112.4385838  *   62.9106777  *    41    40    65
    68       H          1.09967246  *  112.4601421  * -176.5655985  *    41    40    65
    69       H          1.11129461  *  109.6701528  *  177.1166673  *    42    39    30
    70       H          1.11186425  *  109.0915122  *  -68.9787804  *    42    39    30
    71       H          1.10146129  *  111.0314471  *   50.9614651  *    43    42    69
    72       H          1.09937928  *  112.8251653  *  169.5742677  *    43    42    69
    73       H          1.09862605  *  113.2902487  *  -68.1947869  *    43    42    69
    74       H          0.96834034  *  111.0749551  *    0.3155080  *    46    44    45

                             CARTESIAN COORDINATES

   1    N        0.000000000     0.000000000     0.000000000
   2    C        1.156471856     0.000000000     0.000000000
   3    C        2.573337520     0.021978058     0.000000000
   4    C        3.325368726    -1.078167239    -0.200446979
   5    C        2.773927707    -2.389276605    -0.377272604
   6    C        1.670380827    -2.913658652     0.241652985
   7    C        1.426419462    -4.264442051    -0.157075536
   8    C        2.354126174    -4.707907559    -1.060434255
   9    S        3.522510951    -3.513911379    -1.427335112
  10    C        2.399415382    -5.996174280    -1.673383811
  11    C        3.511128686    -6.769280649    -1.864302351
  12    C        3.199541862    -8.005771905    -2.513183540
  13    C        1.865224151    -8.118522368    -2.787167618
  14    S        0.978538661    -6.746985460    -2.267191216
  15    C        1.213239151    -9.217521854    -3.423547429
  16    C        0.293106462    -9.152171404    -4.430525791
  17    C       -0.158032468   -10.451760878    -4.830837980
  18    C        0.437062961   -11.446481733    -4.110830128
  19    S        1.543544230   -10.835845873    -2.953542947
  20    C        0.210650859   -12.862171578    -4.280576177
  21    C        0.066725366   -13.692713077    -3.162309097
  22    C       -0.160494881   -15.054100018    -3.294305510
  23    C       -0.236149276   -15.581581755    -4.578631438
  24    C       -0.099296145   -14.735437257    -5.720953045
  25    C        0.123004985   -13.379954467    -5.571756947
  26    C       -0.243142521   -15.558903533    -6.897581905
  27    C       -0.179330108   -15.333590315    -8.262591102
  28    C       -0.340581332   -16.422405925    -9.110510311
  29    C       -0.578656840   -17.715104977    -8.626531586
  30    C       -0.674810461   -17.965607536    -7.263884500
  31    C       -0.484863734   -16.870034187    -6.433967872
  32    N       -0.496859250   -16.898358292    -5.024109776
  33    C       -0.449170270   -18.147645464    -4.376621198
  34    C       -0.208865112   -18.240396784    -3.003097509
  35    C       -0.180947872   -19.485316783    -2.392612619
  36    C       -0.384391804   -20.635379576    -3.141231580
  37    C       -0.619001313   -20.537681295    -4.506510373
  38    C       -0.653670370   -19.306124329    -5.153115555
  39    C       -0.985045862   -19.285901402    -6.632383139
  40    C       -0.197826274   -20.395167843    -7.349392755
  41    C        1.299988813   -20.172452814    -7.230498735
  42    C       -2.506648535   -19.543694113    -6.708392668
  43    C       -3.093089861   -19.432530561    -8.103160481
  44    C        3.230465524     1.320926058     0.199889435
  45    O        4.433763639     1.537836537     0.179113566
  46    O        2.375280573     2.337568171     0.427516449
  47    H        4.423304390    -0.999884859    -0.241578941
  48    H        1.049991461    -2.402068623     0.975560728
  49    H        0.597411845    -4.852336419     0.230583371
  50    H        4.521278842    -6.503142366    -1.561994540
  51    H        3.954437945    -8.749898197    -2.755687070
  52    H       -0.066278335    -8.236892545    -4.894736316
  53    H       -0.897866478   -10.601598072    -5.613376918
  54    H        0.124111196   -13.260116006    -2.157884687
  55    H       -0.281217679   -15.684471286    -2.407728021
  56    H        0.231811294   -12.740390512    -6.451807840
  57    H       -0.000610351   -14.329238942    -8.653228897
  58    H       -0.280450984   -16.268717224   -10.192110978
  59    H       -0.685056314   -18.528328968    -9.351083512
  60    H       -0.039975004   -17.348179810    -2.391496262
  61    H        0.004114329   -19.556687151    -1.316365199
  62    H       -0.361736974   -21.616391473    -2.659151680
  63    H       -0.774355157   -21.459105786    -5.083115427
  64    H       -0.470323138   -21.392158270    -6.935096594
  65    H       -0.488655655   -20.467101148    -8.417560749
  66    H        1.869536772   -20.968067569    -7.733301787
  67    H        1.620445399   -19.222982891    -7.683498160
  68    H        1.640512308   -20.155413663    -6.185016580
  69    H       -2.737688133   -20.546070609    -6.287871836
  70    H       -3.030309450   -18.831364431    -6.034146585
  71    H       -4.156215937   -19.720532039    -8.109082673
  72    H       -3.057742076   -18.407978458    -8.500247780
  73    H       -2.598356555   -20.084955273    -8.835663142
  74    H        2.851088020     3.171956516     0.550343088


           Empirical Formula: C39 H28 N2 O2 S3  =    74 atoms



      MOLECULAR POINT GROUP   :   C1  


                  EIGENVALUES  
 -40.28761 -39.20162 -37.80023 -37.13574 -36.56647 -36.45474 -36.20424 -35.67873
 -35.36575 -34.71462 -34.40281 -33.32112 -31.79499 -31.31050 -31.13104 -30.20817
 -29.62882 -29.36393 -28.81221 -28.03233 -27.86396 -26.77550 -25.80200 -25.32744
 -24.35424 -23.76521 -23.50033 -23.32322 -23.19961 -22.69982 -22.44304 -22.34051
 -21.90014 -20.88414 -20.77025 -20.48205 -20.28915 -19.86571 -19.41691 -18.84815
 -18.56210 -18.25177 -18.05855 -17.83381 -17.53619 -17.12027 -16.83685 -16.70030
 -16.42070 -16.29306 -16.20071 -16.11688 -15.94142 -15.88033 -15.71816 -15.47907
 -15.39458 -15.26100 -15.01872 -14.87758 -14.79242 -14.71950 -14.53889 -14.51567
 -14.41037 -14.36228 -14.24189 -14.22855 -14.12238 -14.09682 -13.91064 -13.79366
 -13.70289 -13.63400 -13.57322 -13.36807 -13.25958 -13.22525 -13.12797 -13.09188
 -13.02715 -12.94278 -12.82776 -12.77233 -12.70771 -12.50294 -12.46275 -12.37315
 -12.12942 -12.07366 -11.99312 -11.91060 -11.75491 -11.72190 -11.63404 -11.57321
 -11.43968 -11.31384 -11.23319 -11.13835 -10.51246 -10.35683  -9.88345  -9.70060
  -9.65030  -9.60031  -9.50066  -9.35551  -9.32413  -8.83489  -8.63221  -7.90613
  -1.31766  -0.64248  -0.29406  -0.16343   0.11380   0.32058   0.40803   0.47039
   0.66456   0.97545   1.02517   1.10290   1.14250   1.20205   1.31352   1.50830
   1.56919   1.57687   1.63768   1.66239   1.84579   1.93540   2.20839   2.43211
   2.71861   2.95646   2.96184   3.11010   3.54878   3.58869   3.62167   3.69050
   3.77622   3.82273   3.93039   3.97293   4.02826   4.05109   4.07902   4.12280
   4.13359   4.20125   4.22490   4.26761   4.28929   4.33624   4.37203   4.38617
   4.39018   4.46250   4.47392   4.51896   4.53324   4.59369   4.63056   4.65460
   4.66958   4.68376   4.73679   4.78411   4.80740   4.82071   4.85333   4.87644
   4.90900   4.93896   4.97386   4.99351   5.00566   5.04058   5.07629   5.11099
   5.12501   5.16644   5.17099   5.20199   5.21354   5.26997   5.30049   5.33668
   5.35345   5.41125   5.49154   5.53971   5.59333   5.59896   5.64431   5.66504
   5.68654   5.79981   5.84761   5.85072   5.92064   5.98978   6.02645   6.12058
   6.22201   6.36746   6.52784   6.63437


              NET ATOMIC CHARGES AND DIPOLE CONTRIBUTIONS

  ATOM NO.   TYPE          CHARGE      No. of ELECS.   s-Pop       p-Pop
   45          O          -0.376615        6.3766     1.91039     4.46623
   44          C           0.401761        3.5982     1.18044     2.41780
   46          O          -0.310531        6.3105     1.83990     4.47063
   74          H           0.245361        0.7546     0.75464
    2          C           0.052079        3.9479     1.19478     2.75314
    1          N          -0.147862        5.1479     1.84821     3.29965
    3          C          -0.141207        4.1412     1.14236     2.99885
    4          C           0.136898        3.8631     1.17199     2.69111
    5          C          -0.417032        4.4170     1.21527     3.20176
    6          C          -0.015410        4.0154     1.18415     2.83126
    7          C          -0.137706        4.1377     1.18430     2.95340
    8          C          -0.213119        4.2131     1.20370     3.00942
    9          S           0.494193        5.5058     1.88538     3.62043
   10          C          -0.291172        4.2912     1.20178     3.08939
   11          C          -0.083932        4.0839     1.18174     2.90220
   12          C          -0.114962        4.1150     1.18194     2.93302
   13          C          -0.238676        4.2387     1.20228     3.03640
   14          S           0.474851        5.5251     1.88697     3.63818
   15          C          -0.270174        4.2702     1.20053     3.06964
   16          C          -0.091436        4.0914     1.18202     2.90942
   17          C          -0.114048        4.1140     1.18147     2.93257
   18          C          -0.271803        4.2718     1.21367     3.05814
   19          S           0.445259        5.5547     1.88639     3.66835
   20          C          -0.036555        4.0366     1.14864     2.88791
   21          C          -0.056832        4.0568     1.17626     2.88057
   22          C          -0.164150        4.1641     1.17230     2.99185
   23          C           0.133385        3.8666     1.15119     2.71543
   24          C          -0.084329        4.0843     1.16065     2.92367
   25          C          -0.032935        4.0329     1.17050     2.86243
   26          C          -0.079938        4.0799     1.15657     2.92337
   27          C          -0.042691        4.0427     1.16949     2.87320
   28          C          -0.149526        4.1495     1.17929     2.97024
   29          C          -0.060060        4.0601     1.17610     2.88396
   30          C          -0.090050        4.0901     1.16840     2.92165
   31          C           0.091488        3.9085     1.15193     2.75658
   32          N          -0.239821        5.2398     1.48662     3.75320
   33          C           0.174876        3.8251     1.14130     2.68382
   34          C          -0.189707        4.1897     1.17837     3.01133
   35          C          -0.051418        4.0514     1.17544     2.87597
   36          C          -0.151289        4.1513     1.17812     2.97316
   37          C          -0.059831        4.0598     1.17798     2.88185
   38          C          -0.124203        4.1242     1.18217     2.94203
   39          C           0.094429        3.9056     1.16124     2.74433
   40          C          -0.120423        4.1204     1.17137     2.94905
   41          C          -0.181398        4.1814     1.15565     3.02575
   42          C          -0.121609        4.1216     1.17364     2.94797
   43          C          -0.180266        4.1803     1.15555     3.02472
   47          H           0.133883        0.8661     0.86612
   48          H           0.137252        0.8627     0.86275
   49          H           0.140447        0.8596     0.85955
   50          H           0.128178        0.8718     0.87182
   51          H           0.133530        0.8665     0.86647
   52          H           0.128326        0.8717     0.87167
   53          H           0.129745        0.8703     0.87026
   54          H           0.111097        0.8889     0.88890
   55          H           0.125834        0.8742     0.87417
   56          H           0.117589        0.8824     0.88241
   57          H           0.109509        0.8905     0.89049
   58          H           0.108111        0.8919     0.89189
   59          H           0.110287        0.8897     0.88971
   60          H           0.126307        0.8737     0.87369
   61          H           0.105014        0.8950     0.89499
   62          H           0.111500        0.8885     0.88850
   63          H           0.112221        0.8878     0.88778
   64          H           0.063632        0.9364     0.93637
   65          H           0.067569        0.9324     0.93243
   66          H           0.054281        0.9457     0.94572
   67          H           0.067730        0.9323     0.93227
   68          H           0.066685        0.9333     0.93332
   69          H           0.064182        0.9358     0.93582
   70          H           0.073504        0.9265     0.92650
   71          H           0.056397        0.9436     0.94360
   72          H           0.068184        0.9318     0.93182
   73          H           0.057143        0.9429     0.94286
 DIPOLE           X         Y         Z       TOTAL
 POINT-CHG.     1.302    -5.296    -0.948     5.536
 HYBRID         0.072     0.639     0.176     0.667
 SUM            1.374    -4.657    -0.772     4.917


          ATOMIC ORBITAL ELECTRON POPULATIONS

     Atom    s        px        py        pz   
    1  N   1.84821   1.11239   1.08794   1.09933
    2  C   1.19478   0.91169   0.91960   0.92185
    3  C   1.14236   0.89043   0.93924   1.16918
    4  C   1.17199   0.98971   0.88636   0.81504
    5  C   1.21527   1.06012   1.01437   1.12727
    6  C   1.18415   0.92523   0.94182   0.96421
    7  C   1.18430   1.00517   0.96049   0.98774
    8  C   1.20370   1.02048   0.97077   1.01817
    9  S   1.88538   1.24107   0.97201   1.40735
   10  C   1.20178   1.00331   0.98510   1.10098
   11  C   1.18174   0.97526   0.93830   0.98864
   12  C   1.18194   0.94582   0.98007   1.00713
   13  C   1.20228   0.97566   0.99506   1.06568
   14  S   1.88697   1.01996   1.05978   1.55844
   15  C   1.20053   1.05512   0.97481   1.03971
   16  C   1.18202   0.96708   0.98077   0.96156
   17  C   1.18147   1.01061   0.91493   1.00703
   18  C   1.21367   1.04366   0.97469   1.03979
   19  S   1.88639   1.39972   0.92050   1.34812
   20  C   1.14864   1.05023   0.90166   0.93602
   21  C   1.17626   0.97437   0.93014   0.97606
   22  C   1.17230   1.07504   0.96326   0.95355
   23  C   1.15119   0.97518   0.80271   0.93754
   24  C   1.16065   1.06898   0.93687   0.91782
   25  C   1.17050   0.96416   0.93573   0.96255
   26  C   1.15657   1.06669   0.92448   0.93219
   27  C   1.16949   0.97461   0.97998   0.91860
   28  C   1.17929   1.04093   0.93602   0.99329
   29  C   1.17610   0.97706   0.96561   0.94129
   30  C   1.16840   1.04867   0.93651   0.93647
   31  C   1.15193   0.99734   0.94902   0.81022
   32  N   1.48662   1.63096   1.05051   1.07173
   33  C   1.14130   0.97027   0.80509   0.90846
   34  C   1.17837   1.07628   0.99551   0.93955
   35  C   1.17544   0.96486   0.92570   0.98541
   36  C   1.17812   1.03693   0.98479   0.95145
   37  C   1.17798   0.96880   0.96546   0.94760
   38  C   1.18217   1.05923   0.92711   0.95570
   39  C   1.16124   0.94034   0.91545   0.88855
   40  C   1.17137   0.95719   0.97874   1.01312
   41  C   1.15565   0.95498   1.03294   1.03783
   42  C   1.17364   0.94139   1.03107   0.97550
   43  C   1.15555   1.01615   1.03486   0.97372
   44  C   1.18044   0.84446   0.84693   0.72641
   45  O   1.91039   1.15990   1.83906   1.46727
   46  O   1.83990   1.42038   1.20835   1.84190
   47  H   0.86612
   48  H   0.86275
   49  H   0.85955
   50  H   0.87182
   51  H   0.86647
   52  H   0.87167
   53  H   0.87026
   54  H   0.88890
   55  H   0.87417
   56  H   0.88241
   57  H   0.89049
   58  H   0.89189
   59  H   0.88971
   60  H   0.87369
   61  H   0.89499
   62  H   0.88850
   63  H   0.88778
   64  H   0.93637
   65  H   0.93243
   66  H   0.94572
   67  H   0.93227
   68  H   0.93332
   69  H   0.93582
   70  H   0.92650
   71  H   0.94360
   72  H   0.93182
   73  H   0.94286
   74  H   0.75464
 ******************** TDHF POLARIZABILITIES ********************



          MOLECULAR WEIGHT =  652.84



          ROTATIONAL CONSTANTS IN CM(-1)

          A =    0.00872046   B =    0.00042815   C =    0.00042077



           PRINCIPAL MOMENTS OF INERTIA IN UNITS OF 10**(-40)*GRAM-CM**2

          A =     3210.0106   B =    65381.3072   C =    66527.7770


 ROTATION MATRIX FOR ORIENTATION OF MOLECULE:

         0.175412   -0.151024   -0.972842
         0.934678    0.335906    0.116385
         0.309206   -0.929709    0.200081


          CARTESIAN COORDINATES 

    NO.       ATOM         X         Y         Z

     1         N       11.0766    0.4601    2.7876
     2         C       11.2795    0.2855    1.6625
     3         C       11.5486    0.0789    0.2867
     4         C       10.5902   -0.2179   -0.6131
     5         C        9.2133   -0.4106   -0.2646
     6         C        8.7210   -0.9955    0.8718
     7         C        7.2924   -1.0417    0.8721
     8         C        6.7613   -0.4909   -0.2627
     9         S        7.9688    0.0748   -1.3338
    10         C        5.3756   -0.3606   -0.5794
    11         C        4.7890   -0.6107   -1.7891
    12         C        3.3780   -0.3757   -1.7597
    13         C        2.9538    0.0426   -0.5295
    14         S        4.2410    0.1538    0.5967
    15         C        1.6155    0.3636   -0.1505
    16         C        1.2038    1.4607    0.5508
    17         C       -0.2138    1.4645    0.7583
    18         C       -0.8166    0.3711    0.2077
    19         S        0.3061   -0.6669   -0.5661
    20         C       -2.2320    0.0875    0.2292
    21         C       -2.6877   -1.2094    0.4963
    22         C       -4.0409   -1.5096    0.5325
    23         C       -4.9443   -0.4813    0.2878
    24         C       -4.4826    0.8442    0.0245
    25         C       -3.1306    1.1273   -0.0041
    26         C       -5.6414    1.6833   -0.1668
    27         C       -5.8416    3.0184   -0.4758
    28         C       -7.1498    3.4653   -0.6153
    29         C       -8.2502    2.6171   -0.4373
    30         C       -8.0798    1.2806   -0.1002
    31         C       -6.7659    0.8483    0.0085
    32         N       -6.3585   -0.4701    0.2990
    33         C       -7.3176   -1.4989    0.2368
    34         C       -6.9375   -2.8434    0.2670
    35         C       -7.9074   -3.8333    0.2171
    36         C       -9.2495   -3.4929    0.1314
    37         C       -9.6215   -2.1554    0.0978
    38         C       -8.6764   -1.1353    0.1455
    39         C       -9.1730    0.2968    0.1743
    40         C      -10.2935    0.4720   -0.8641
    41         C       -9.7858    0.2100   -2.2716
    42         C       -9.7044    0.5107    1.6093
    43         C      -10.1346    1.9334    1.9137
    44         C       12.9397    0.2301   -0.1614
    45         O       13.3471    0.1406   -1.3110
    46         O       13.8103    0.4891    0.8344
    47         H       10.8433   -0.3192   -1.6803
    48         H        9.3173   -1.4123    1.6817
    49         H        6.7173   -1.4744    1.6878
    50         H        5.3084   -0.9549   -2.6803
    51         H        2.7399   -0.5142   -2.6292
    52         H        1.8527    2.2540    0.9141
    53         H       -0.7256    2.2534    1.3041
    54         H       -1.9628   -2.0066    0.6918
    55         H       -4.3771   -2.5274    0.7540
    56         H       -2.7858    2.1439   -0.2116
    57         H       -4.9923    3.6919   -0.6109
    58         H       -7.3300    4.5134   -0.8723
    59         H       -9.2530    3.0336   -0.5734
    60         H       -5.8848   -3.1378    0.3289
    61         H       -7.6089   -4.8859    0.2441
    62         H      -10.0134   -4.2741    0.0916
    63         H      -10.6883   -1.9053    0.0263
    64         H      -11.1450   -0.2070   -0.6322
    65         H      -10.7420    1.4848   -0.8033
    66         H      -10.5850    0.3242   -3.0188
    67         H       -8.9822    0.9017   -2.5635
    68         H       -9.3869   -0.8077   -2.3917
    69         H      -10.5518   -0.1821    1.8016
    70         H       -8.9220    0.2022    2.3366
    71         H      -10.5921    2.0027    2.9133
    72         H       -9.2936    2.6413    1.9191
    73         H      -10.8842    2.3205    1.2099
    74         H       14.7117    0.5834    0.4932


 ENERGY OF "REORIENTED" SYSTEM WITHOUT FIELD:      108.1402995804


  NFREQ=  3  IWFLB=  0  IBET=  1  IGAM=  1
  ATOL= 0.10000D-02  BTOL= 0.10000D-02    MAXITU=  500    MAXITA=  150


 *****************************************************************
 CALCULATION OF STATIC FIELD QUANTITIES
 *****************************************************************

 +++++ ALPHA AT       0.00000 EV.

                           COMPONENTS OF ALPHA

                     *X           *Y           *Z
           *=X:     864.3645      16.2734      19.1080
           *=Y:      16.2076     355.3018      -2.7100
           *=Z:      19.1020      -2.7141     263.2006

  ISOTROPIC AVERAGE ALPHA =     494.28897 A.U. =     73.24607 ANG.**3

 +++++ BETA (SECOND HARMONIC GENERATION) AT       0.00000 EV.

                              COMPONENTS OF BETA
            *XX         *XY         *YY         *XZ         *YZ         *ZZ
   *=X -9636.57573   148.85309   715.65536   136.38598   -52.55500   233.00944
   *=Y   149.81697   715.52900    73.95805   -52.57420    70.01678    20.04462
   *=Z   136.37873   -52.67314    69.91081   233.07638    20.08964   -82.67901


 AVERAGE BETAX(SHG) VALUE AT   0.00000 EV =      -5212.7703 a.u. = -0.450353E-28 ESU
 AVERAGE BETAY(SHG) VALUE AT   0.00000 EV =        145.9242 a.u. =  0.126070E-29 ESU
 AVERAGE BETAZ(SHG) VALUE AT   0.00000 EV =         74.2116 a.u. =  0.641145E-30 ESU



 AVERAGE BETA (SHG) VALUE AT   0.00000 EV =       5215.3404 a.u. =  0.450575E-28 ESU
   (1 a.u. = 8.639418X10-33 esu)



 +++++ ALPHA AT       0.00000 EV.

                           COMPONENTS OF ALPHA

                     *X           *Y           *Z
           *=X:     864.3636      16.2734      19.1080
           *=Y:      16.2074     355.3018      -2.7100
           *=Z:      19.1021      -2.7141     263.2006

  ISOTROPIC AVERAGE ALPHA =     494.28866 A.U. =     73.24602 ANG.**3


 GAMMA (THIRD HARMONIC GENERATION) AT    0.00000 EV.


 GAMMA(X,X,X,X) =       3957210.11017
 GAMMA(Y,Y,Y,Y) =         58376.21953
 GAMMA(Z,Z,Z,Z) =          6953.70842
 GAMMA(X,X,Y,Y) =         63422.38568
 GAMMA(X,X,Z,Z) =         -2920.41359
 GAMMA(Y,Y,X,X) =         63421.70520
 GAMMA(Y,Y,Z,Z) =          3788.95027
 GAMMA(Z,Z,X,X) =         -2921.67530
 GAMMA(Z,Z,Y,Y) =          3789.23418


 AVERAGE GAMMA VALUE AT    0.00000 =        830224.04491 a.u. =       418159.15889 ESU (X10-39)




 **********************************************************************
 CALCULATION FOR A FREQUENCY OF    0.25000 EV  =       0.00919 A.U. 
                  WAVELENGTH OF    4959.37 NM  =    2016.38525 CM(-1)
 **********************************************************************

 +++++ ALPHA AT       0.25000 EV.

                           COMPONENTS OF ALPHA

                     *X           *Y           *Z
           *=X:     868.5661      16.4093      19.2419
           *=Y:      16.3535     355.9580      -2.7309
           *=Z:      19.2365      -2.7345     263.5527

  ISOTROPIC AVERAGE ALPHA =     496.02560 A.U. =     73.50341 ANG.**3

 +++++ BETA (SECOND HARMONIC GENERATION) AT       0.25000 EV.

                              COMPONENTS OF BETA
            *XX         *XY         *YY         *XZ         *YZ         *ZZ
   *=X-10091.20950   152.73822   742.27909   138.29457   -56.11408   241.03034
   *=Y   143.60678   734.49000    78.31308   -53.71162    71.40542    20.96120
   *=Z   121.76609   -57.29733    70.63024   236.37266    20.55819   -84.92095


 AVERAGE BETAX(SHG) VALUE AT   0.25000 EV =      -5469.7188 a.u. = -0.472552E-28 ESU
 AVERAGE BETAY(SHG) VALUE AT   0.25000 EV =        149.2200 a.u. =  0.128917E-29 ESU
 AVERAGE BETAZ(SHG) VALUE AT   0.25000 EV =         71.4067 a.u. =  0.616912E-30 ESU



 AVERAGE BETA (SHG) VALUE AT   0.25000 EV =       5472.2197 a.u. =  0.472768E-28 ESU
   (1 a.u. = 8.639418X10-33 esu)



 +++++ ALPHA AT       0.75000 EV.

                           COMPONENTS OF ALPHA

                     *X           *Y           *Z
           *=X:     904.7020      17.6769      20.3925
           *=Y:      17.6268     361.3741      -2.8991
           *=Z:      20.3881      -2.9031     266.4368

  ISOTROPIC AVERAGE ALPHA =     510.83763 A.U. =     75.69833 ANG.**3


 GAMMA (THIRD HARMONIC GENERATION) AT    0.25000 EV.


 GAMMA(X,X,X,X) =       4399002.64010
 GAMMA(Y,Y,Y,Y) =         62211.58688
 GAMMA(Z,Z,Z,Z) =          7109.69694
 GAMMA(X,X,Y,Y) =         67722.63302
 GAMMA(X,X,Z,Z) =         -3971.23445
 GAMMA(Y,Y,X,X) =         68308.51634
 GAMMA(Y,Y,Z,Z) =          3930.38247
 GAMMA(Z,Z,X,X) =         -2202.25228
 GAMMA(Z,Z,Y,Y) =          3896.74436


 AVERAGE GAMMA VALUE AT    0.25000 =        921201.74267 a.u. =       463981.91939 ESU (X10-39)




 **********************************************************************
 CALCULATION FOR A FREQUENCY OF    0.50000 EV  =       0.01837 A.U. 
                  WAVELENGTH OF    2479.68 NM  =    4032.77050 CM(-1)
 **********************************************************************

 +++++ ALPHA AT       0.50000 EV.

                           COMPONENTS OF ALPHA

                     *X           *Y           *Z
           *=X:     881.5625      16.8584      19.6572
           *=Y:      16.8073     357.9532      -2.7921
           *=Z:      19.6522      -2.7961     264.6184

  ISOTROPIC AVERAGE ALPHA =     501.37806 A.U. =     74.29656 ANG.**3

 +++++ BETA (SECOND HARMONIC GENERATION) AT       0.50000 EV.

                              COMPONENTS OF BETA
            *XX         *XY         *YY         *XZ         *YZ         *ZZ
   *=X-11698.84652   165.87921   835.29899   144.00098   -68.94875   269.14842
   *=Y   118.22660   797.45779    93.52992   -57.26337    75.95139    24.08150
   *=Z    67.34946   -73.38123    72.69269   246.69246    22.07940   -92.34620


 AVERAGE BETAX(SHG) VALUE AT   0.50000 EV =      -6380.7583 a.u. = -0.551260E-28 ESU
 AVERAGE BETAY(SHG) VALUE AT   0.50000 EV =        159.7630 a.u. =  0.138026E-29 ESU
 AVERAGE BETAZ(SHG) VALUE AT   0.50000 EV =         60.5817 a.u. =  0.523390E-30 ESU



 AVERAGE BETA (SHG) VALUE AT   0.50000 EV =       6383.0456 a.u. =  0.551458E-28 ESU
   (1 a.u. = 8.639418X10-33 esu)



 +++++ ALPHA AT       1.50000 EV.

                           COMPONENTS OF ALPHA

                     *X           *Y           *Z
           *=X:    1076.7235      24.2081      25.6778
           *=Y:      24.1297     382.3732      -3.5992
           *=Z:      25.6732      -3.6042     277.3321

  ISOTROPIC AVERAGE ALPHA =     578.80961 A.U. =     85.77073 ANG.**3


 GAMMA (THIRD HARMONIC GENERATION) AT    0.50000 EV.


 GAMMA(X,X,X,X) =       6401230.19448
 GAMMA(Y,Y,Y,Y) =         76874.39142
 GAMMA(Z,Z,Z,Z) =          7652.49668
 GAMMA(X,X,Y,Y) =         84785.46758
 GAMMA(X,X,Z,Z) =         -9548.54774
 GAMMA(Y,Y,X,X) =         87318.63330
 GAMMA(Y,Y,Z,Z) =          4453.47800
 GAMMA(Z,Z,X,X) =          1022.12537
 GAMMA(Z,Z,Y,Y) =          4282.89313


 AVERAGE GAMMA VALUE AT    0.50000 =       1331614.22645 a.u. =       670694.48098 ESU (X10-39)



 **********************
 *                    *
 * JOB ENDED NORMALLY *
 *                    *
 **********************



 TOTAL JOB TIME:           104.02 SECONDS

 == MOPAC DONE ==
