 *******************************************************************************
 ** Site#: 37966        For non-commercial use only           Version 21.186W **
 *******************************************************************************
 ** Cite this program as: MOPAC2016, Version: 21.186W, James J. P. Stewart,   **
 ** Stewart Computational Chemistry, web: HTTP://OpenMOPAC.net. Days left: 254**
 *******************************************************************************
 **                                                                           **
 **                                MOPAC2016                                  **
 **                                                                           **
 *******************************************************************************

                              RM1 CALCULATION RESULTS

 *******************************************************************************
 *  CALCULATION DONE:                                Sun Oct 24 16:56:39 2021  *
 *  RM1        - The RM1 Hamiltonian to be used
 *  POLAR      - CALCULATE FIRST, SECOND AND THIRD-ORDER POLARIZABILITIES
 *  PRECISE    - TIGHTER CRITERIA TO BE USED
 *  T=         - A TIME OF 172800.0 SECONDS REQUESTED
 *  DUMP=N     - RESTART FILE WRITTEN EVERY 7200.0 SECONDS REQUESTED
 *  GNORM      - EXIT WHEN GRADIENT NORM DROPS BELOW 0.100
 *******************************************************************************
RM1 PRECISE POLAR GNORM=0.1


  ATOM    CHEMICAL      BOND LENGTH      BOND ANGLE     TWIST ANGLE 
 NUMBER    SYMBOL       (ANGSTROMS)      (DEGREES)       (DEGREES) 
   (I)                     NA:I           NB:NA:I       NC:NB:NA:I       NA    NB    NC 
     1       N          0.00000000       0.0000000       0.0000000        0     0     0
     2       C          1.15647607  *    0.0000000       0.0000000        1     0     0
     3       C          1.41696892  *  179.1389215  *    0.0000000        2     1     0
     4       C          1.34773546  *  123.0686608  *  175.7021651  *     3     2     1
     5       C          1.43307607  *  123.4444933  *    2.5392880  *     4     3     2
     6       C          1.36964275  *  127.2348655  *   36.0303078  *     5     4     3
     7       C          1.42929929  *  111.9215738  *  178.7870469  *     6     5     4
     8       C          1.36869895  *  112.0213907  *    0.0171892  *     7     6     5
     9       S          1.71050606  *  112.2189261  *   -0.3004797  *     8     7     6
    10       C          1.42713522  *  126.7078542  *  179.2395742  *     8     7     6
    11       C          1.36710524  *  126.6699905  *  136.6774572  *    10     8     7
    12       C          1.43141752  *  111.9691285  * -179.7979041  *    11    10     8
    13       C          1.36563227  *  112.0580361  *    0.0285304  *    12    11    10
    14       S          1.71478815  *  121.1933051  *  -43.3288315  *    10     8     7
    15       C          1.44366286  *  125.6981665  * -179.2301913  *    13    12    11
    16       C          1.40046358  *  120.2399348  * -137.5766229  *    15    13    12
    17       C          1.38632367  *  121.5473348  *  179.5521260  *    16    15    13
    18       C          1.39066001  *  117.9941804  *    0.3420404  *    17    16    15
    19       C          1.42832177  *  120.5733707  *   -0.7725944  *    18    17    16
    20       C          1.38159706  *  120.6923871  *    0.6087862  *    19    18    17
    21       C          1.44328751  *  107.7223229  * -179.1266043  *    19    18    17
    22       C          1.38498726  *  134.9235021  *    2.2035716  *    21    19    20
    23       C          1.38932937  *  117.9467089  *  178.2075999  *    22    21    19
    24       C          1.40078344  *  122.1455585  *    0.8182605  *    23    22    21
    25       C          1.38878305  *  121.1526534  *    0.4906301  *    24    23    22
    26       C          1.41153933  *  106.2096868  * -178.6893632  *    21    19    20
    27       N          1.41027407  *  110.3940987  *   -0.0661360  *    26    21    19
    28       C          1.40816697  *  118.5153597  * -167.2316124  *    27    26    21
    29       C          1.39739639  *  121.1110467  *  168.0288239  *    28    27    26
    30       C          1.38686956  *  119.7172108  *  179.3839765  *    29    28    27
    31       C          1.38726155  *  120.2386865  *    0.2611417  *    30    29    28
    32       C          1.38872424  *  119.8009969  *   -0.1105119  *    31    30    29
    33       C          1.39145274  *  121.5606289  *    0.1717519  *    32    31    30
    34       C          1.49607987  *  125.9943247  *  177.1311574  *    25    24    23
    35       C          1.53764930  *  109.4866386  * -138.3094742  *    34    25    26
    36       C          1.51892034  *  111.2530565  *   61.3098842  *    35    34    25
    37       C          1.54518797  *  109.3100783  *   99.7068372  *    34    25    26
    38       C          1.51707673  *  114.4456883  *   53.5685461  *    37    34    25
    39       C          1.46926077  *  117.4449668  * -178.8268268  *     3     2     4
    40       O          1.22295353  *  126.4879803  * -179.4348300  *    39     3     2
    41       O          1.34792444  *  113.9656193  *    0.5045813  *    39     3     2
    42       H          1.10152981  *  120.2231679  * -177.0839540  *     4     3     2
    43       H          1.08865210  *  125.7235419  *    0.5957353  *     6     5     4
    44       H          1.08764230  *  122.7711820  * -179.6460891  *     7     6     5
    45       H          1.08742952  *  125.3191269  *   -0.5194032  *    11    10     8
    46       H          1.08727736  *  122.7812040  *  179.2550402  *    12    11    10
    47       H          1.09512982  *  119.5404914  * -179.1400272  *    16    15    20
    48       H          1.09456342  *  120.4184240  * -179.4054517  *    17    16    15
    49       H          1.09333351  *  120.1838295  *   -0.7049569  *    20    19    21
    50       H          1.09235049  *  120.6404152  *   -1.3719304  *    22    21    19
    51       H          1.09413429  *  119.1359464  * -179.1908651  *    23    22    21
    52       H          1.09439420  *  118.2629677  * -179.3520044  *    24    23    22
    53       H          1.09482453  *  121.4449791  *   -0.7338243  *    29    28    27
    54       H          1.09438396  *  119.6605353  * -179.8730925  *    30    29    28
    55       H          1.09332361  *  120.1854122  *  179.9658156  *    31    30    29
    56       H          1.09802337  *  118.7590229  *  179.8140870  *    32    31    30
    57       H          1.11348483  *  110.3136420  * -176.1959881  *    35    34    25
    58       H          1.10939015  *  111.1952611  *  -61.7820322  *    35    34    25
    59       H          1.10009335  *  111.6369764  *   56.8174262  *    36    35    57
    60       H          1.09972273  *  112.4466831  *   62.8825468  *    36    35    58
    61       H          1.09967607  *  112.4665431  * -176.5886611  *    36    35    58
    62       H          1.11128775  *  109.6620755  *  177.0290429  *    37    34    25
    63       H          1.11184745  *  109.0931905  *  -69.0632275  *    37    34    25
    64       H          1.10147522  *  111.0335151  *   51.0572716  *    38    37    62
    65       H          1.09937005  *  112.8388098  *  169.6620961  *    38    37    62
    66       H          1.09862121  *  113.2941334  *  -68.0909216  *    38    37    62
    67       H          0.96832517  *  111.0676430  *   -0.0773906  *    41    39    40
 


          CARTESIAN COORDINATES 

    NO.       ATOM           X           Y           Z

     1         N          0.0000      0.0000      0.0000
     2         C          1.1565      0.0000      0.0000
     3         C          2.5733      0.0213      0.0000
     4         C          3.3255     -1.0938      0.0846
     5         C          2.7752     -2.4162      0.1303
     6         C          1.6677     -2.8762     -0.5313
     7         C          1.4275     -4.2610     -0.2712
     8         C          2.3613     -4.7934      0.5762
     9         S          3.5312     -3.6414      1.0557
    10         C          2.4115     -6.1371      1.0543
    11         C          3.5229     -6.9269      1.1547
    12         C          3.2123     -8.2251      1.6716
    13         C          1.8807     -8.3650      1.9404
    14         S          0.9947     -6.9450      1.5837
    15         C          1.2505     -9.5446      2.4841
    16         C          0.0275     -9.9919      1.9688
    17         C         -0.5969    -11.1261      2.4643
    18         C          0.0241    -11.8126      3.5020
    19         C          1.2759    -11.3638      4.0233
    20         C          1.8868    -10.2335      3.5155
    21         C          1.6723    -12.2810      5.0648
    22         C          2.7411    -12.3621      5.9420
    23         C          2.7558    -13.4088      6.8554
    24         C          1.7428    -14.3754      6.8977
    25         C          0.6735    -14.3347      6.0124
    26         C          0.6641    -13.2669      5.1264
    27         N         -0.3403    -13.0030      4.1722
    28         C         -1.5547    -13.7103      4.2612
    29         C         -2.6703    -13.3268      3.5121
    30         C         -3.8482    -14.0520      3.6125
    31         C         -3.9225    -15.1505      4.4565
    32         C         -2.8117    -15.5253      5.2010
    33         C         -1.6139    -14.8211      5.1269
    34         C         -0.4313    -15.3394      5.9213
    35         C         -0.8933    -15.7235      7.3367
    36         C         -1.4329    -14.5176      8.0860
    37         C          0.0667    -16.5772      5.1420
    38         C          1.3448    -17.1884      5.6847
    39         C          3.2308      1.3333     -0.0711
    40         O          4.4355      1.5428     -0.0912
    41         O          2.3744      2.3731     -0.1177
    42         H          4.4237     -1.0198      0.1289
    43         H          1.0421     -2.2934     -1.2053
    44         H          0.5965     -4.8073     -0.7116
    45         H          4.5307     -6.6330      0.8712
    46         H          3.9640     -8.9980      1.8123
    47         H         -0.4464     -9.4420      1.1489
    48         H         -1.5479    -11.4647      2.0411
    49         H          2.8421     -9.8940      3.9248
    50         H          3.5407    -11.6184      5.9154
    51         H          3.5841    -13.4838      7.5663
    52         H          1.8125    -15.1665      7.6506
    53         H         -2.6390    -12.4602      2.8438
    54         H         -4.7206    -13.7520      3.0239
    55         H         -4.8517    -15.7212      4.5354
    56         H         -2.8905    -16.3956      5.8658
    57         H         -1.6683    -16.5215      7.2871
    58         H         -0.0703    -16.1935      7.9135
    59         H         -1.7746    -14.7873      9.0963
    60         H         -0.6775    -13.7282      8.2109
    61         H         -2.2917    -14.0563      7.5771
    62         H         -0.7319    -17.3496      5.1171
    63         H          0.2187    -16.2991      4.0763
    64         H          1.5964    -18.1181      5.1504
    65         H          2.2168    -16.5294      5.5662
    66         H          1.2801    -17.4581      6.7477
    67         H          2.8510      3.2148     -0.1633

  H: (RM1): G.B. ROCHA, R.O. FREIRE, A.M.SIMAS, J.J.P. STEWART, J. COMP. CHEM. 27, 1101 (2006)
  C: (RM1): G.B. ROCHA, R.O. FREIRE, A.M.SIMAS, J.J.P. STEWART, J. COMP. CHEM. 27, 1101 (2006)
  N: (RM1): G.B. ROCHA, R.O. FREIRE, A.M.SIMAS, J.J.P. STEWART, J. COMP. CHEM. 27, 1101 (2006)
  O: (RM1): G.B. ROCHA, R.O. FREIRE, A.M.SIMAS, J.J.P. STEWART, J. COMP. CHEM. 27, 1101 (2006)
  S: (RM1): G.B. ROCHA, R.O. FREIRE, A.M.SIMAS, J.J.P. STEWART, J. COMP. CHEM. 27, 1101 (2006)

           Empirical Formula: C35 H26 N2 O2 S2  =    67 atoms



      MOLECULAR POINT GROUP   :   C1  


      RHF CALCULATION, NO. OF DOUBLY OCCUPIED LEVELS = 100


          Geometry optimization using L-BFGS
 CYCLE:     1 TIME:   0.156 TIME LEFT:  2.00D  GRAD.:     0.386 HEAT:  75.93584
 CYCLE:     2 TIME:   0.074 TIME LEFT:  2.00D  GRAD.:     0.296 HEAT:  75.93584
 CYCLE:     3 TIME:   0.070 TIME LEFT:  2.00D  GRAD.:     0.400 HEAT:  75.93584
 CYCLE:     4 TIME:   0.070 TIME LEFT:  2.00D  GRAD.:     0.304 HEAT:  75.93584
 CYCLE:     5 TIME:   0.062 TIME LEFT:  2.00D  GRAD.:     0.409 HEAT:  75.93584
 CYCLE:     6 TIME:   0.055 TIME LEFT:  2.00D  GRAD.:     0.551 HEAT:  75.93583
 CYCLE:     7 TIME:   0.062 TIME LEFT:  2.00D  GRAD.:     0.736 HEAT:  75.93582
 CYCLE:     8 TIME:   0.070 TIME LEFT:  2.00D  GRAD.:     0.617 HEAT:  75.93580
 CYCLE:     9 TIME:   0.066 TIME LEFT:  2.00D  GRAD.:     0.725 HEAT:  75.93579
 CYCLE:    10 TIME:   0.066 TIME LEFT:  2.00D  GRAD.:     0.390 HEAT:  75.93577
 CYCLE:    11 TIME:   0.078 TIME LEFT:  2.00D  GRAD.:     0.362 HEAT:  75.93576
 CYCLE:    12 TIME:   0.070 TIME LEFT:  2.00D  GRAD.:     0.461 HEAT:  75.93573
 CYCLE:    13 TIME:   0.055 TIME LEFT:  2.00D  GRAD.:     0.486 HEAT:  75.93570
 CYCLE:    14 TIME:   0.098 TIME LEFT:  2.00D  GRAD.:     1.394 HEAT:  75.93569
 CYCLE:    15 TIME:   0.094 TIME LEFT:  2.00D  GRAD.:     0.661 HEAT:  75.93568
 CYCLE:    16 TIME:   0.086 TIME LEFT:  2.00D  GRAD.:     1.306 HEAT:  75.93568
 CYCLE:    17 TIME:   0.070 TIME LEFT:  2.00D  GRAD.:     0.955 HEAT:  75.93566
 CYCLE:    18 TIME:   0.070 TIME LEFT:  2.00D  GRAD.:     0.644 HEAT:  75.93563
 CYCLE:    19 TIME:   0.082 TIME LEFT:  2.00D  GRAD.:     1.202 HEAT:  75.93562
 CYCLE:    20 TIME:   0.062 TIME LEFT:  2.00D  GRAD.:     0.741 HEAT:  75.93559
 CYCLE:    21 TIME:   0.086 TIME LEFT:  2.00D  GRAD.:     0.713 HEAT:  75.93558
 CYCLE:    22 TIME:   0.070 TIME LEFT:  2.00D  GRAD.:     1.097 HEAT:  75.93557
 CYCLE:    23 TIME:   0.082 TIME LEFT:  2.00D  GRAD.:     1.070 HEAT:  75.93555
 CYCLE:    24 TIME:   0.062 TIME LEFT:  2.00D  GRAD.:     0.428 HEAT:  75.93552
 CYCLE:    25 TIME:   0.070 TIME LEFT:  2.00D  GRAD.:     0.417 HEAT:  75.93550
 CYCLE:    26 TIME:   0.082 TIME LEFT:  2.00D  GRAD.:     0.606 HEAT:  75.93548
 CYCLE:    27 TIME:   0.102 TIME LEFT:  2.00D  GRAD.:     0.721 HEAT:  75.93546
 CYCLE:    28 TIME:   0.102 TIME LEFT:  2.00D  GRAD.:     0.599 HEAT:  75.93542
 CYCLE:    29 TIME:   0.098 TIME LEFT:  2.00D  GRAD.:     1.034 HEAT:  75.93540
 CYCLE:    30 TIME:   0.086 TIME LEFT:  2.00D  GRAD.:     0.950 HEAT:  75.93538
 CYCLE:    31 TIME:   0.078 TIME LEFT:  2.00D  GRAD.:     1.318 HEAT:  75.93537
 CYCLE:    32 TIME:   0.086 TIME LEFT:  2.00D  GRAD.:     0.524 HEAT:  75.93535
 CYCLE:    33 TIME:   0.102 TIME LEFT:  2.00D  GRAD.:     0.873 HEAT:  75.93531
 CYCLE:    34 TIME:   0.098 TIME LEFT:  2.00D  GRAD.:     1.918 HEAT:  75.93530
 CYCLE:    35 TIME:   0.070 TIME LEFT:  2.00D  GRAD.:    10.645 HEAT:  75.93691
 CYCLE:    36 TIME:   0.062 TIME LEFT:  2.00D  GRAD.:     0.435 HEAT:  75.93526
 CYCLE:    37 TIME:   0.070 TIME LEFT:  2.00D  GRAD.:     1.772 HEAT:  75.93536
 CYCLE:    38 TIME:   0.082 TIME LEFT:  2.00D  GRAD.:     0.822 HEAT:  75.93525
 CYCLE:    39 TIME:   0.086 TIME LEFT:  2.00D  GRAD.:     2.624 HEAT:  75.93551
 CYCLE:    40 TIME:   0.070 TIME LEFT:  2.00D  GRAD.:     0.793 HEAT:  75.93524
 CYCLE:    41 TIME:   0.098 TIME LEFT:  2.00D  GRAD.:     1.992 HEAT:  75.93538
 CYCLE:    42 TIME:   0.078 TIME LEFT:  2.00D  GRAD.:     1.224 HEAT:  75.93519
 CYCLE:    43 TIME:   0.102 TIME LEFT:  2.00D  GRAD.:     4.732 HEAT:  75.93565
 CYCLE:    44 TIME:   0.102 TIME LEFT:  2.00D  GRAD.:     2.659 HEAT:  75.93523
 CYCLE:    45 TIME:   0.066 TIME LEFT:  2.00D  GRAD.:     0.368 HEAT:  75.93517
 CYCLE:    46 TIME:   0.086 TIME LEFT:  2.00D  GRAD.:     0.321 HEAT:  75.93518
 CYCLE:    47 TIME:   0.133 TIME LEFT:  2.00D  GRAD.:     6.533 HEAT:  75.93591
 CYCLE:    48 TIME:   0.066 TIME LEFT:  2.00D  GRAD.:     0.425 HEAT:  75.93515
 CYCLE:    49 TIME:   0.070 TIME LEFT:  2.00D  GRAD.:     0.226 HEAT:  75.93517
 CYCLE:    50 TIME:   0.078 TIME LEFT:  2.00D  GRAD.:     1.134 HEAT:  75.93515
 CYCLE:    51 TIME:   0.086 TIME LEFT:  2.00D  GRAD.:     1.674 HEAT:  75.93513
 CYCLE:    52 TIME:   0.082 TIME LEFT:  2.00D  GRAD.:     1.522 HEAT:  75.93512
 CYCLE:    53 TIME:   0.102 TIME LEFT:  2.00D  GRAD.:     1.425 HEAT:  75.93531
 CYCLE:    54 TIME:   0.086 TIME LEFT:  2.00D  GRAD.:     5.758 HEAT:  75.93592
 CYCLE:    55 TIME:   0.082 TIME LEFT:  2.00D  GRAD.:     0.695 HEAT:  75.93501
 CYCLE:    56 TIME:   0.133 TIME LEFT:  2.00D  GRAD.:     1.233 HEAT:  75.93514
 CYCLE:    57 TIME:   0.086 TIME LEFT:  2.00D  GRAD.:     2.696 HEAT:  75.93515
 CYCLE:    58 TIME:   0.086 TIME LEFT:  2.00D  GRAD.:     1.705 HEAT:  75.93503
 CYCLE:    59 TIME:   0.082 TIME LEFT:  2.00D  GRAD.:     1.478 HEAT:  75.93505
 CYCLE:    60 TIME:   0.062 TIME LEFT:  2.00D  GRAD.:     0.911 HEAT:  75.93499
 CYCLE:    61 TIME:   0.102 TIME LEFT:  2.00D  GRAD.:     2.205 HEAT:  75.93499
 CYCLE:    62 TIME:   0.086 TIME LEFT:  2.00D  GRAD.:     0.735 HEAT:  75.93495
 CYCLE:    63 TIME:   0.082 TIME LEFT:  2.00D  GRAD.:     0.517 HEAT:  75.93492
 CYCLE:    64 TIME:   0.086 TIME LEFT:  2.00D  GRAD.:     1.080 HEAT:  75.93492
 CYCLE:    65 TIME:   0.098 TIME LEFT:  2.00D  GRAD.:     1.505 HEAT:  75.93497
 CYCLE:    66 TIME:   0.078 TIME LEFT:  2.00D  GRAD.:     1.314 HEAT:  75.93492
 CYCLE:    67 TIME:   0.086 TIME LEFT:  2.00D  GRAD.:     3.681 HEAT:  75.93494
 CYCLE:    68 TIME:   0.086 TIME LEFT:  2.00D  GRAD.:     1.035 HEAT:  75.93483
 CYCLE:    69 TIME:   0.117 TIME LEFT:  2.00D  GRAD.:     2.106 HEAT:  75.93493
 CYCLE:    70 TIME:   0.098 TIME LEFT:  2.00D  GRAD.:     0.745 HEAT:  75.93480
 CYCLE:    71 TIME:   0.102 TIME LEFT:  2.00D  GRAD.:     3.553 HEAT:  75.93501
 CYCLE:    72 TIME:   0.086 TIME LEFT:  2.00D  GRAD.:     0.548 HEAT:  75.93478
 CYCLE:    73 TIME:   0.082 TIME LEFT:  2.00D  GRAD.:     2.070 HEAT:  75.93484
 CYCLE:    74 TIME:   0.086 TIME LEFT:  2.00D  GRAD.:     0.680 HEAT:  75.93477
 CYCLE:    75 TIME:   0.086 TIME LEFT:  2.00D  GRAD.:     1.546 HEAT:  75.93480
 CYCLE:    76 TIME:   0.082 TIME LEFT:  2.00D  GRAD.:     0.855 HEAT:  75.93474
 CYCLE:    77 TIME:   0.078 TIME LEFT:  2.00D  GRAD.:     2.793 HEAT:  75.93513
 CYCLE:    78 TIME:   0.086 TIME LEFT:  2.00D  GRAD.:     0.822 HEAT:  75.93470
 CYCLE:    79 TIME:   0.086 TIME LEFT:  2.00D  GRAD.:     0.520 HEAT:  75.93471
 CYCLE:    80 TIME:   0.051 TIME LEFT:  2.00D  GRAD.:     0.315 HEAT:  75.93470
 CYCLE:    81 TIME:   0.078 TIME LEFT:  2.00D  GRAD.:     4.928 HEAT:  75.93486
 CYCLE:    82 TIME:   0.086 TIME LEFT:  2.00D  GRAD.:     1.296 HEAT:  75.93466
 CYCLE:    83 TIME:   0.070 TIME LEFT:  2.00D  GRAD.:     0.760 HEAT:  75.93466
 CYCLE:    84 TIME:   0.082 TIME LEFT:  2.00D  GRAD.:     0.539 HEAT:  75.93464
 CYCLE:    85 TIME:   0.086 TIME LEFT:  2.00D  GRAD.:     2.891 HEAT:  75.93468
 CYCLE:    86 TIME:   0.078 TIME LEFT:  2.00D  GRAD.:     0.801 HEAT:  75.93459
 CYCLE:    87 TIME:   0.086 TIME LEFT:  2.00D  GRAD.:     2.636 HEAT:  75.93470
 CYCLE:    88 TIME:   0.066 TIME LEFT:  2.00D  GRAD.:     0.602 HEAT:  75.93457
 CYCLE:    89 TIME:   0.086 TIME LEFT:  2.00D  GRAD.:     2.180 HEAT:  75.93462
 CYCLE:    90 TIME:   0.078 TIME LEFT:  2.00D  GRAD.:     0.938 HEAT:  75.93454
 CYCLE:    91 TIME:   0.086 TIME LEFT:  2.00D  GRAD.:     2.560 HEAT:  75.93466
 CYCLE:    92 TIME:   0.082 TIME LEFT:  2.00D  GRAD.:     0.423 HEAT:  75.93451
 CYCLE:    93 TIME:   0.086 TIME LEFT:  2.00D  GRAD.:     3.162 HEAT:  75.93465
 CYCLE:    94 TIME:   0.086 TIME LEFT:  2.00D  GRAD.:     0.928 HEAT:  75.93448
 CYCLE:    95 TIME:   0.098 TIME LEFT:  2.00D  GRAD.:     3.367 HEAT:  75.93480
 CYCLE:    96 TIME:   0.117 TIME LEFT:  2.00D  GRAD.:     0.737 HEAT:  75.93445
 CYCLE:    97 TIME:   0.102 TIME LEFT:  2.00D  GRAD.:     0.322 HEAT:  75.93445
 CYCLE:    98 TIME:   0.082 TIME LEFT:  2.00D  GRAD.:     0.392 HEAT:  75.93442
 CYCLE:    99 TIME:   0.086 TIME LEFT:  2.00D  GRAD.:     1.031 HEAT:  75.93433
 CYCLE:   100 TIME:   0.086 TIME LEFT:  2.00D  GRAD.:    11.850 HEAT:  75.93495
 CYCLE:   101 TIME:   0.078 TIME LEFT:  2.00D  GRAD.:     1.872 HEAT:  75.93428
 CYCLE:   102 TIME:   0.062 TIME LEFT:  2.00D  GRAD.:     1.126 HEAT:  75.93424
 CYCLE:   103 TIME:   0.098 TIME LEFT:  2.00D  GRAD.:     1.079 HEAT:  75.93424
 CYCLE:   104 TIME:   0.074 TIME LEFT:  2.00D  GRAD.:     1.303 HEAT:  75.93422
 CYCLE:   105 TIME:   0.070 TIME LEFT:  2.00D  GRAD.:     0.840 HEAT:  75.93415
 CYCLE:   106 TIME:   0.078 TIME LEFT:  2.00D  GRAD.:     2.061 HEAT:  75.93416
 CYCLE:   107 TIME:   0.074 TIME LEFT:  2.00D  GRAD.:     1.397 HEAT:  75.93401
 CYCLE:   108 TIME:   0.090 TIME LEFT:  2.00D  GRAD.:     1.006 HEAT:  75.93390
 CYCLE:   109 TIME:   0.082 TIME LEFT:  2.00D  GRAD.:     1.667 HEAT:  75.93382
 CYCLE:   110 TIME:   0.086 TIME LEFT:  2.00D  GRAD.:     1.012 HEAT:  75.93376
 CYCLE:   111 TIME:   0.082 TIME LEFT:  2.00D  GRAD.:     0.988 HEAT:  75.93368
 CYCLE:   112 TIME:   0.078 TIME LEFT:  2.00D  GRAD.:     0.840 HEAT:  75.93362
 CYCLE:   113 TIME:   0.094 TIME LEFT:  2.00D  GRAD.:     1.557 HEAT:  75.93353
 CYCLE:   114 TIME:   0.090 TIME LEFT:  2.00D  GRAD.:     3.092 HEAT:  75.93355
 CYCLE:   115 TIME:   0.094 TIME LEFT:  2.00D  GRAD.:     3.890 HEAT:  75.93378
 CYCLE:   116 TIME:   0.090 TIME LEFT:  2.00D  GRAD.:     5.490 HEAT:  75.93436
 CYCLE:   117 TIME:   0.090 TIME LEFT:  2.00D  GRAD.:     6.544 HEAT:  75.93398
 CYCLE:   118 TIME:   0.082 TIME LEFT:  2.00D  GRAD.:    17.590 HEAT:  75.93850
 CYCLE:   119 TIME:   0.070 TIME LEFT:  2.00D  GRAD.:     2.529 HEAT:  75.93338
 CYCLE:   120 TIME:   0.078 TIME LEFT:  2.00D  GRAD.:     1.101 HEAT:  75.93359
 CYCLE:   121 TIME:   0.094 TIME LEFT:  2.00D  GRAD.:     4.698 HEAT:  75.93361
 CYCLE:   122 TIME:   0.078 TIME LEFT:  2.00D  GRAD.:     0.983 HEAT:  75.93329
 CYCLE:   123 TIME:   0.082 TIME LEFT:  2.00D  GRAD.:     0.828 HEAT:  75.93323
 CYCLE:   124 TIME:   0.078 TIME LEFT:  2.00D  GRAD.:     1.928 HEAT:  75.93334
 CYCLE:   125 TIME:   0.082 TIME LEFT:  2.00D  GRAD.:     1.602 HEAT:  75.93324
 CYCLE:   126 TIME:   0.090 TIME LEFT:  2.00D  GRAD.:     2.736 HEAT:  75.93352
 CYCLE:   127 TIME:   0.090 TIME LEFT:  2.00D  GRAD.:     1.474 HEAT:  75.93319
 CYCLE:   128 TIME:   0.090 TIME LEFT:  2.00D  GRAD.:     2.604 HEAT:  75.93374
 CYCLE:   129 TIME:   0.090 TIME LEFT:  2.00D  GRAD.:    12.904 HEAT:  75.93438
 CYCLE:   130 TIME:   0.070 TIME LEFT:  2.00D  GRAD.:    19.314 HEAT:  75.93592
 CYCLE:   131 TIME:   0.082 TIME LEFT:  2.00D  GRAD.:     0.711 HEAT:  75.93316
 CYCLE:   132 TIME:   0.070 TIME LEFT:  2.00D  GRAD.:     0.410 HEAT:  75.93314
 CYCLE:   133 TIME:   0.090 TIME LEFT:  2.00D  GRAD.:     1.217 HEAT:  75.93321
 CYCLE:   134 TIME:   0.090 TIME LEFT:  2.00D  GRAD.:     1.250 HEAT:  75.93317
 CYCLE:   135 TIME:   0.082 TIME LEFT:  2.00D  GRAD.:     2.275 HEAT:  75.93326
 CYCLE:   136 TIME:   0.078 TIME LEFT:  2.00D  GRAD.:     0.788 HEAT:  75.93312
 CYCLE:   137 TIME:   0.082 TIME LEFT:  2.00D  GRAD.:     5.777 HEAT:  75.93445
 CYCLE:   138 TIME:   0.078 TIME LEFT:  2.00D  GRAD.:     0.630 HEAT:  75.93306
 CYCLE:   139 TIME:   0.094 TIME LEFT:  2.00D  GRAD.:     1.232 HEAT:  75.93313
 CYCLE:   140 TIME:   0.059 TIME LEFT:  2.00D  GRAD.:     0.890 HEAT:  75.93311
 CYCLE:   141 TIME:   0.082 TIME LEFT:  2.00D  GRAD.:     0.795 HEAT:  75.93307
 CYCLE:   142 TIME:   0.070 TIME LEFT:  2.00D  GRAD.:     1.057 HEAT:  75.93306
 CYCLE:   143 TIME:   0.070 TIME LEFT:  2.00D  GRAD.:     1.047 HEAT:  75.93306
 CYCLE:   144 TIME:   0.070 TIME LEFT:  2.00D  GRAD.:     0.899 HEAT:  75.93300
 CYCLE:   145 TIME:   0.070 TIME LEFT:  2.00D  GRAD.:     0.574 HEAT:  75.93297
 CYCLE:   146 TIME:   0.078 TIME LEFT:  2.00D  GRAD.:     0.715 HEAT:  75.93294
 CYCLE:   147 TIME:   0.070 TIME LEFT:  2.00D  GRAD.:     2.691 HEAT:  75.93292
 CYCLE:   148 TIME:   0.078 TIME LEFT:  2.00D  GRAD.:     2.879 HEAT:  75.93289
 CYCLE:   149 TIME:   0.082 TIME LEFT:  2.00D  GRAD.:     2.999 HEAT:  75.93289
 CYCLE:   150 TIME:   0.082 TIME LEFT:  2.00D  GRAD.:     3.443 HEAT:  75.93294
 CYCLE:   151 TIME:   0.074 TIME LEFT:  2.00D  GRAD.:     3.625 HEAT:  75.93306
 CYCLE:   152 TIME:   0.094 TIME LEFT:  2.00D  GRAD.:     4.374 HEAT:  75.93329
 CYCLE:   153 TIME:   0.086 TIME LEFT:  2.00D  GRAD.:     5.645 HEAT:  75.93310
 CYCLE:   154 TIME:   0.070 TIME LEFT:  2.00D  GRAD.:    21.884 HEAT:  75.94044
 CYCLE:   155 TIME:   0.082 TIME LEFT:  2.00D  GRAD.:     3.682 HEAT:  75.93321
 CYCLE:   156 TIME:   0.078 TIME LEFT:  2.00D  GRAD.:     3.190 HEAT:  75.93285
 CYCLE:   157 TIME:   0.109 TIME LEFT:  2.00D  GRAD.:    21.612 HEAT:  75.94125
 CYCLE:   158 TIME:   0.078 TIME LEFT:  2.00D  GRAD.:   101.234 HEAT:  76.10665
 CYCLE:   159 TIME:   0.082 TIME LEFT:  2.00D  GRAD.:    84.393 HEAT:  76.04703
 CYCLE:   160 TIME:   0.070 TIME LEFT:  2.00D  GRAD.:    63.283 HEAT:  75.99316
 CYCLE:   161 TIME:   0.102 TIME LEFT:  2.00D  GRAD.:    36.792 HEAT:  75.95223
 CYCLE:   162 TIME:   0.082 TIME LEFT:  2.00D  GRAD.:   242.159 HEAT:  76.68824
 CYCLE:   163 TIME:   0.086 TIME LEFT:  2.00D  GRAD.:   109.922 HEAT:  76.07010
 CYCLE:   164 TIME:   0.117 TIME LEFT:  2.00D  GRAD.:   407.124 HEAT:  76.74431
 CYCLE:   165 TIME:   0.098 TIME LEFT:  2.00D  GRAD.:   289.338 HEAT:  76.47757
 CYCLE:   166 TIME:   0.117 TIME LEFT:  2.00D  GRAD.:   587.748 HEAT:  78.37377
 CYCLE:   167 TIME:   0.086 TIME LEFT:  2.00D  GRAD.:   335.441 HEAT:  76.80838
 CYCLE:   168 TIME:   0.098 TIME LEFT:  2.00D  GRAD.:   154.969 HEAT:  76.45449
 CYCLE:   169 TIME:   0.117 TIME LEFT:  2.00D  GRAD.:    63.159 HEAT:  76.04315
 CYCLE:   170 TIME:   0.117 TIME LEFT:  2.00D  GRAD.:   146.903 HEAT:  76.53742
 CYCLE:   171 TIME:   0.113 TIME LEFT:  2.00D  GRAD.:   177.820 HEAT:  76.24438
 CYCLE:   172 TIME:   0.117 TIME LEFT:  2.00D  GRAD.:   706.666 HEAT:  79.63388
 CYCLE:   173 TIME:   0.086 TIME LEFT:  2.00D  GRAD.:   962.129 HEAT:  82.41269
 CYCLE:   174 TIME:   0.117 TIME LEFT:  2.00D  GRAD.:   265.333 HEAT:  77.42571
 CYCLE:   175 TIME:   0.121 TIME LEFT:  2.00D  GRAD.:   459.826 HEAT:  77.43225
 CYCLE:   176 TIME:   0.098 TIME LEFT:  2.00D  GRAD.:   136.868 HEAT:  76.10031
 CYCLE:   177 TIME:   0.094 TIME LEFT:  2.00D  GRAD.:    14.675 HEAT:  75.93505
 CYCLE:   178 TIME:   0.086 TIME LEFT:  2.00D  GRAD.:     4.890 HEAT:  75.93352
 CYCLE:   179 TIME:   0.070 TIME LEFT:  2.00D  GRAD.:     3.959 HEAT:  75.93314
 CYCLE:   180 TIME:   0.070 TIME LEFT:  2.00D  GRAD.:     1.630 HEAT:  75.93269
 CYCLE:   181 TIME:   0.082 TIME LEFT:  2.00D  GRAD.:     0.804 HEAT:  75.93260
 CYCLE:   182 TIME:   0.078 TIME LEFT:  2.00D  GRAD.:     0.688 HEAT:  75.93256
 CYCLE:   183 TIME:   0.086 TIME LEFT:  2.00D  GRAD.:     0.749 HEAT:  75.93253
 CYCLE:   184 TIME:   0.082 TIME LEFT:  2.00D  GRAD.:     0.653 HEAT:  75.93254
 CYCLE:   185 TIME:   0.086 TIME LEFT:  2.00D  GRAD.:     1.111 HEAT:  75.93269
 CYCLE:   186 TIME:   0.086 TIME LEFT:  2.00D  GRAD.:     0.372 HEAT:  75.93256
 CYCLE:   187 TIME:   0.086 TIME LEFT:  2.00D  GRAD.:    11.106 HEAT:  75.93796
 CYCLE:   188 TIME:   0.098 TIME LEFT:  2.00D  GRAD.:     3.883 HEAT:  75.93296
 CYCLE:   189 TIME:   0.094 TIME LEFT:  2.00D  GRAD.:    10.736 HEAT:  75.93506
 CYCLE:   190 TIME:   0.070 TIME LEFT:  2.00D  GRAD.:     8.669 HEAT:  75.93406
 CYCLE:   191 TIME:   0.086 TIME LEFT:  2.00D  GRAD.:     9.601 HEAT:  75.93591
 CYCLE:   192 TIME:   0.113 TIME LEFT:  2.00D  GRAD.:    14.455 HEAT:  75.93570
 CYCLE:   193 TIME:   0.102 TIME LEFT:  2.00D  GRAD.:   113.945 HEAT:  76.01813
 CYCLE:   194 TIME:   0.102 TIME LEFT:  2.00D  GRAD.:     6.561 HEAT:  75.93378
 CYCLE:   195 TIME:   0.293 TIME LEFT:  2.00D  GRAD.:     9.875 HEAT:  75.93387
 CYCLE:   196 TIME:   0.121 TIME LEFT:  2.00D  GRAD.:     0.412 HEAT:  75.93251
 CYCLE:   197 TIME:   0.109 TIME LEFT:  2.00D  GRAD.:     1.561 HEAT:  75.93254
 CYCLE:   198 TIME:   0.098 TIME LEFT:  2.00D  GRAD.:     1.019 HEAT:  75.93252
 CYCLE:   199 TIME:   0.094 TIME LEFT:  2.00D  GRAD.:     1.189 HEAT:  75.93251
 CYCLE:   200 TIME:   0.102 TIME LEFT:  2.00D  GRAD.:     0.437 HEAT:  75.93250
 CYCLE:   201 TIME:   0.090 TIME LEFT:  2.00D  GRAD.:     0.259 HEAT:  75.93249
 CYCLE:   202 TIME:   0.090 TIME LEFT:  2.00D  GRAD.:     1.222 HEAT:  75.93251
 CYCLE:   203 TIME:   0.070 TIME LEFT:  2.00D  GRAD.:     0.252 HEAT:  75.93249
 CYCLE:   204 TIME:   0.066 TIME LEFT:  2.00D  GRAD.:     0.227 HEAT:  75.93249
 CYCLE:   205 TIME:   0.062 TIME LEFT:  2.00D  GRAD.:     0.173 HEAT:  75.93249
 CYCLE:   206 TIME:   0.070 TIME LEFT:  2.00D  GRAD.:     0.149 HEAT:  75.93248
 CYCLE:   207 TIME:   0.070 TIME LEFT:  2.00D  GRAD.:     0.748 HEAT:  75.93244
 CYCLE:   208 TIME:   0.082 TIME LEFT:  2.00D  GRAD.:     1.017 HEAT:  75.93241
 CYCLE:   209 TIME:   0.082 TIME LEFT:  2.00D  GRAD.:     0.876 HEAT:  75.93240
 CYCLE:   210 TIME:   0.078 TIME LEFT:  2.00D  GRAD.:     1.085 HEAT:  75.93239
 CYCLE:   211 TIME:   0.078 TIME LEFT:  2.00D  GRAD.:     0.407 HEAT:  75.93237
 CYCLE:   212 TIME:   0.074 TIME LEFT:  2.00D  GRAD.:     0.681 HEAT:  75.93237
 CYCLE:   213 TIME:   0.078 TIME LEFT:  2.00D  GRAD.:     0.762 HEAT:  75.93235
 CYCLE:   214 TIME:   0.094 TIME LEFT:  2.00D  GRAD.:     0.704 HEAT:  75.93234
 CYCLE:   215 TIME:   0.070 TIME LEFT:  2.00D  GRAD.:     0.629 HEAT:  75.93233
 CYCLE:   216 TIME:   0.082 TIME LEFT:  2.00D  GRAD.:     0.626 HEAT:  75.93232
 CYCLE:   217 TIME:   0.078 TIME LEFT:  2.00D  GRAD.:     0.728 HEAT:  75.93234
 CYCLE:   218 TIME:   0.090 TIME LEFT:  2.00D  GRAD.:     1.256 HEAT:  75.93235
 CYCLE:   219 TIME:   0.082 TIME LEFT:  2.00D  GRAD.:     1.197 HEAT:  75.93231
 CYCLE:   220 TIME:   0.082 TIME LEFT:  2.00D  GRAD.:     1.297 HEAT:  75.93233
 CYCLE:   221 TIME:   0.086 TIME LEFT:  2.00D  GRAD.:     5.264 HEAT:  75.93331
 CYCLE:   222 TIME:   0.078 TIME LEFT:  2.00D  GRAD.:     1.146 HEAT:  75.93229
 CYCLE:   223 TIME:   0.086 TIME LEFT:  2.00D  GRAD.:     1.106 HEAT:  75.93232
 CYCLE:   224 TIME:   0.082 TIME LEFT:  2.00D  GRAD.:    80.042 HEAT:  75.97185
 CYCLE:   225 TIME:   0.086 TIME LEFT:  2.00D  GRAD.:    10.530 HEAT:  75.93300
 CYCLE:   226 TIME:   0.086 TIME LEFT:  2.00D  GRAD.:     8.402 HEAT:  75.93278
 CYCLE:   227 TIME:   0.082 TIME LEFT:  2.00D  GRAD.:     3.752 HEAT:  75.93257
 CYCLE:   228 TIME:   0.078 TIME LEFT:  2.00D  GRAD.:     4.879 HEAT:  75.93248
 CYCLE:   229 TIME:   0.086 TIME LEFT:  2.00D  GRAD.:     7.790 HEAT:  75.93286
 CYCLE:   230 TIME:   0.070 TIME LEFT:  2.00D  GRAD.:    34.736 HEAT:  75.95287
 CYCLE:   231 TIME:   0.082 TIME LEFT:  2.00D  GRAD.:    27.747 HEAT:  75.93938
 CYCLE:   232 TIME:   0.086 TIME LEFT:  2.00D  GRAD.:    26.461 HEAT:  75.93658
 CYCLE:   233 TIME:   0.102 TIME LEFT:  2.00D  GRAD.:   165.274 HEAT:  76.10302
 CYCLE:   234 TIME:   0.078 TIME LEFT:  2.00D  GRAD.:    99.022 HEAT:  75.99490
 CYCLE:   235 TIME:   0.098 TIME LEFT:  2.00D  GRAD.:    62.940 HEAT:  75.95922
 CYCLE:   236 TIME:   0.102 TIME LEFT:  2.00D  GRAD.:   229.404 HEAT:  76.24231
 CYCLE:   237 TIME:   0.086 TIME LEFT:  2.00D  GRAD.:   125.330 HEAT:  76.02832
 CYCLE:   238 TIME:   0.082 TIME LEFT:  2.00D  GRAD.:   237.114 HEAT:  76.36004
 CYCLE:   239 TIME:   0.102 TIME LEFT:  2.00D  GRAD.:    82.934 HEAT:  75.97701
 CYCLE:   240 TIME:   0.102 TIME LEFT:  2.00D  GRAD.:    97.961 HEAT:  76.05939
 CYCLE:   241 TIME:   0.086 TIME LEFT:  2.00D  GRAD.:    18.307 HEAT:  75.94237
 CYCLE:   242 TIME:   0.082 TIME LEFT:  2.00D  GRAD.:    12.615 HEAT:  75.94032
 CYCLE:   243 TIME:   0.102 TIME LEFT:  2.00D  GRAD.:     3.883 HEAT:  75.93442
 CYCLE:   244 TIME:   0.082 TIME LEFT:  2.00D  GRAD.:     5.394 HEAT:  75.93295
 CYCLE:   245 TIME:   0.082 TIME LEFT:  2.00D  GRAD.:     7.087 HEAT:  75.93342
 CYCLE:   246 TIME:   0.098 TIME LEFT:  2.00D  GRAD.:     1.383 HEAT:  75.93248
 CYCLE:   247 TIME:   0.070 TIME LEFT:  2.00D  GRAD.:     0.683 HEAT:  75.93248
 CYCLE:   248 TIME:   0.082 TIME LEFT:  2.00D  GRAD.:     0.907 HEAT:  75.93246
 CYCLE:   249 TIME:   0.086 TIME LEFT:  2.00D  GRAD.:     1.188 HEAT:  75.93239
 CYCLE:   250 TIME:   0.086 TIME LEFT:  2.00D  GRAD.:     0.686 HEAT:  75.93232
 CYCLE:   251 TIME:   0.090 TIME LEFT:  2.00D  GRAD.:     0.810 HEAT:  75.93228
 CYCLE:   252 TIME:   0.070 TIME LEFT:  2.00D  GRAD.:     0.525 HEAT:  75.93225
 CYCLE:   253 TIME:   0.113 TIME LEFT:  2.00D  GRAD.:     2.820 HEAT:  75.93294
 CYCLE:   254 TIME:   0.090 TIME LEFT:  2.00D  GRAD.:     2.852 HEAT:  75.93231
 CYCLE:   255 TIME:   0.090 TIME LEFT:  2.00D  GRAD.:     3.975 HEAT:  75.93240
 CYCLE:   256 TIME:   0.070 TIME LEFT:  2.00D  GRAD.:     0.232 HEAT:  75.93222
 CYCLE:   257 TIME:   0.082 TIME LEFT:  2.00D  GRAD.:     0.325 HEAT:  75.93223
 CYCLE:   258 TIME:   0.074 TIME LEFT:  2.00D  GRAD.:     0.218 HEAT:  75.93222
 CYCLE:   259 TIME:   0.074 TIME LEFT:  2.00D  GRAD.:     0.816 HEAT:  75.93224
 CYCLE:   260 TIME:   0.082 TIME LEFT:  2.00D  GRAD.:     0.468 HEAT:  75.93221
 CYCLE:   261 TIME:   0.078 TIME LEFT:  2.00D  GRAD.:     0.195 HEAT:  75.93221
 CYCLE:   262 TIME:   0.082 TIME LEFT:  2.00D  GRAD.:     0.332 HEAT:  75.93220
 CYCLE:   263 TIME:   0.070 TIME LEFT:  2.00D  GRAD.:     1.032 HEAT:  75.93218
 CYCLE:   264 TIME:   0.070 TIME LEFT:  2.00D  GRAD.:     1.674 HEAT:  75.93230
 CYCLE:   265 TIME:   0.078 TIME LEFT:  2.00D  GRAD.:     1.340 HEAT:  75.93223
 CYCLE:   266 TIME:   0.090 TIME LEFT:  2.00D  GRAD.:     2.179 HEAT:  75.93225
 CYCLE:   267 TIME:   0.082 TIME LEFT:  2.00D  GRAD.:     1.291 HEAT:  75.93228
 CYCLE:   268 TIME:   0.082 TIME LEFT:  2.00D  GRAD.:     1.468 HEAT:  75.93219
 CYCLE:   269 TIME:   0.070 TIME LEFT:  2.00D  GRAD.:     3.257 HEAT:  75.93236
 CYCLE:   270 TIME:   0.078 TIME LEFT:  2.00D  GRAD.:     0.806 HEAT:  75.93216
 CYCLE:   271 TIME:   0.090 TIME LEFT:  2.00D  GRAD.:     3.868 HEAT:  75.93246
 CYCLE:   272 TIME:   0.082 TIME LEFT:  2.00D  GRAD.:     1.882 HEAT:  75.93219
 CYCLE:   273 TIME:   0.090 TIME LEFT:  2.00D  GRAD.:     4.803 HEAT:  75.93264
 CYCLE:   274 TIME:   0.082 TIME LEFT:  2.00D  GRAD.:     3.285 HEAT:  75.93229
 CYCLE:   275 TIME:   0.078 TIME LEFT:  2.00D  GRAD.:     5.994 HEAT:  75.93288
 CYCLE:   276 TIME:   0.090 TIME LEFT:  2.00D  GRAD.:     1.066 HEAT:  75.93213
 CYCLE:   277 TIME:   0.070 TIME LEFT:  2.00D  GRAD.:     0.809 HEAT:  75.93216
 CYCLE:   278 TIME:   0.090 TIME LEFT:  2.00D  GRAD.:     0.391 HEAT:  75.93215
 CYCLE:   279 TIME:   0.070 TIME LEFT:  2.00D  GRAD.:     0.358 HEAT:  75.93215
 CYCLE:   280 TIME:   0.082 TIME LEFT:  2.00D  GRAD.:     3.037 HEAT:  75.93227
 CYCLE:   281 TIME:   0.070 TIME LEFT:  2.00D  GRAD.:     0.186 HEAT:  75.93214
 CYCLE:   282 TIME:   0.070 TIME LEFT:  2.00D  GRAD.:     0.154 HEAT:  75.93214
 CYCLE:   283 TIME:   0.078 TIME LEFT:  2.00D  GRAD.:     0.138 HEAT:  75.93214
 CYCLE:   284 TIME:   0.074 TIME LEFT:  2.00D  GRAD.:     0.205 HEAT:  75.93213
 CYCLE:   285 TIME:   0.070 TIME LEFT:  2.00D  GRAD.:     0.380 HEAT:  75.93213
 CYCLE:   286 TIME:   0.078 TIME LEFT:  2.00D  GRAD.:     0.521 HEAT:  75.93212
 CYCLE:   287 TIME:   0.070 TIME LEFT:  2.00D  GRAD.:     1.145 HEAT:  75.93212
 CYCLE:   288 TIME:   0.070 TIME LEFT:  2.00D  GRAD.:     0.389 HEAT:  75.93211
 CYCLE:   289 TIME:   0.090 TIME LEFT:  2.00D  GRAD.:     0.967 HEAT:  75.93211
 CYCLE:   290 TIME:   0.062 TIME LEFT:  2.00D  GRAD.:     0.284 HEAT:  75.93211
 CYCLE:   291 TIME:   0.070 TIME LEFT:  2.00D  GRAD.:     0.183 HEAT:  75.93211
 CYCLE:   292 TIME:   0.066 TIME LEFT:  2.00D  GRAD.:     0.206 HEAT:  75.93210
 CYCLE:   293 TIME:   0.070 TIME LEFT:  2.00D  GRAD.:     0.208 HEAT:  75.93210
 CYCLE:   294 TIME:   0.074 TIME LEFT:  2.00D  GRAD.:     0.131 HEAT:  75.93209
 CYCLE:   295 TIME:   0.078 TIME LEFT:  2.00D  GRAD.:     0.173 HEAT:  75.93208
 CYCLE:   296 TIME:   0.082 TIME LEFT:  2.00D  GRAD.:     0.218 HEAT:  75.93207
 CYCLE:   297 TIME:   0.078 TIME LEFT:  2.00D  GRAD.:     0.605 HEAT:  75.93207
 CYCLE:   298 TIME:   0.074 TIME LEFT:  2.00D  GRAD.:     0.377 HEAT:  75.93206
 CYCLE:   299 TIME:   0.062 TIME LEFT:  2.00D  GRAD.:     0.247 HEAT:  75.93205
 CYCLE:   300 TIME:   0.102 TIME LEFT:  2.00D  GRAD.:     0.344 HEAT:  75.93205
 CYCLE:   301 TIME:   0.086 TIME LEFT:  2.00D  GRAD.:     0.313 HEAT:  75.93205
 CYCLE:   302 TIME:   0.082 TIME LEFT:  2.00D  GRAD.:     0.509 HEAT:  75.93204
 CYCLE:   303 TIME:   0.078 TIME LEFT:  2.00D  GRAD.:     0.333 HEAT:  75.93204
 CYCLE:   304 TIME:   0.086 TIME LEFT:  2.00D  GRAD.:     0.495 HEAT:  75.93203
 CYCLE:   305 TIME:   0.070 TIME LEFT:  2.00D  GRAD.:     1.060 HEAT:  75.93203
 CYCLE:   306 TIME:   0.082 TIME LEFT:  2.00D  GRAD.:     0.267 HEAT:  75.93203
 CYCLE:   307 TIME:   0.102 TIME LEFT:  2.00D  GRAD.:     0.254 HEAT:  75.93203
 CYCLE:   308 TIME:   0.086 TIME LEFT:  2.00D  GRAD.:     0.222 HEAT:  75.93202
 CYCLE:   309 TIME:   0.098 TIME LEFT:  2.00D  GRAD.:     0.181 HEAT:  75.93202
 CYCLE:   310 TIME:   0.102 TIME LEFT:  2.00D  GRAD.:     0.532 HEAT:  75.93202
 CYCLE:   311 TIME:   0.086 TIME LEFT:  2.00D  GRAD.:     0.522 HEAT:  75.93203
 CYCLE:   312 TIME:   0.078 TIME LEFT:  2.00D  GRAD.:     0.254 HEAT:  75.93201
 CYCLE:   313 TIME:   0.082 TIME LEFT:  2.00D  GRAD.:     0.355 HEAT:  75.93200
 CYCLE:   314 TIME:   0.086 TIME LEFT:  2.00D  GRAD.:     0.470 HEAT:  75.93202
 CYCLE:   315 TIME:   0.086 TIME LEFT:  2.00D  GRAD.:     0.755 HEAT:  75.93202
 CYCLE:   316 TIME:   0.098 TIME LEFT:  2.00D  GRAD.:     0.733 HEAT:  75.93204
 CYCLE:   317 TIME:   0.086 TIME LEFT:  2.00D  GRAD.:     4.256 HEAT:  75.93248
 CYCLE:   318 TIME:   0.102 TIME LEFT:  2.00D  GRAD.:     0.932 HEAT:  75.93202
 CYCLE:   319 TIME:   0.082 TIME LEFT:  2.00D  GRAD.:     1.301 HEAT:  75.93203
 CYCLE:   320 TIME:   0.078 TIME LEFT:  2.00D  GRAD.:     0.670 HEAT:  75.93202
 CYCLE:   321 TIME:   0.086 TIME LEFT:  2.00D  GRAD.:     0.832 HEAT:  75.93210
 CYCLE:   322 TIME:   0.086 TIME LEFT:  2.00D  GRAD.:     4.275 HEAT:  75.93212
 CYCLE:   323 TIME:   0.082 TIME LEFT:  2.00D  GRAD.:     0.687 HEAT:  75.93201
 CYCLE:   324 TIME:   0.102 TIME LEFT:  2.00D  GRAD.:     2.528 HEAT:  75.93223
 CYCLE:   325 TIME:   0.070 TIME LEFT:  2.00D  GRAD.:     0.441 HEAT:  75.93199
 CYCLE:   326 TIME:   0.094 TIME LEFT:  2.00D  GRAD.:     1.843 HEAT:  75.93207
 CYCLE:   327 TIME:   0.066 TIME LEFT:  2.00D  GRAD.:     0.533 HEAT:  75.93203
 CYCLE:   328 TIME:   0.086 TIME LEFT:  2.00D  GRAD.:     0.762 HEAT:  75.93200
 CYCLE:   329 TIME:   0.102 TIME LEFT:  2.00D  GRAD.:     2.164 HEAT:  75.93223
 CYCLE:   330 TIME:   0.098 TIME LEFT:  2.00D  GRAD.:     1.077 HEAT:  75.93203
 CYCLE:   331 TIME:   0.102 TIME LEFT:  2.00D  GRAD.:     1.113 HEAT:  75.93202
 CYCLE:   332 TIME:   0.102 TIME LEFT:  2.00D  GRAD.:     0.413 HEAT:  75.93199
 CYCLE:   333 TIME:   0.098 TIME LEFT:  2.00D  GRAD.:     0.380 HEAT:  75.93199
 CYCLE:   334 TIME:   0.117 TIME LEFT:  2.00D  GRAD.:     1.380 HEAT:  75.93205
 CYCLE:   335 TIME:   0.102 TIME LEFT:  2.00D  GRAD.:     0.235 HEAT:  75.93199
 CYCLE:   336 TIME:   0.070 TIME LEFT:  2.00D  GRAD.:     0.231 HEAT:  75.93199
 CYCLE:   337 TIME:   0.066 TIME LEFT:  2.00D  GRAD.:     0.119 HEAT:  75.93199
 CYCLE:   338 TIME:   0.047 TIME LEFT:  2.00D  GRAD.:     0.059 HEAT:  75.93199

 -------------------------------------------------------------------------------
 RM1 PRECISE POLAR GNORM=0.1




     HERBERTS TEST WAS SATISFIED IN BFGS                      
     SCF FIELD WAS ACHIEVED                                   


                              RM1 CALCULATION
                                                       MOPAC2016 (Version: 21.186W)
                                                       Sun Oct 24 16:57:07 2021
                                                       No. of days remaining = 254




          FINAL HEAT OF FORMATION =         75.93199 KCAL/MOL =     317.69943 KJ/MOL


          TOTAL ENERGY            =      -6176.90544 EV
          ELECTRONIC ENERGY       =     -56891.04560 EV  POINT GROUP:     C1  
          CORE-CORE REPULSION     =      50714.14016 EV
          COSMO AREA              =        540.07 SQUARE ANGSTROMS
          COSMO VOLUME            =        645.85 CUBIC ANGSTROMS

          GRADIENT NORM           =          0.05878 = 0.00718 PER ATOM
          IONIZATION POTENTIAL    =          7.941786 EV
          HOMO LUMO ENERGIES (EV) =         -7.942 -1.290
          NO. OF FILLED LEVELS    =        100
          MOLECULAR WEIGHT        =        570.7226

          MOLECULAR DIMENSIONS (Angstroms)

            Atom       Atom       Distance
            H    67    H    64    22.03349
            H    54    H    51     9.46172
            H    45    H    59     7.99029


          SCF CALCULATIONS        =        339
 
          WALL-CLOCK TIME         =         28.797 SECONDS
          COMPUTATION TIME        =         56.672 SECONDS




  ATOM    CHEMICAL      BOND LENGTH      BOND ANGLE     TWIST ANGLE 
 NUMBER    SYMBOL       (ANGSTROMS)      (DEGREES)       (DEGREES) 
   (I)                     NA:I           NB:NA:I       NC:NB:NA:I       NA    NB    NC 
     1       N          0.00000000       0.0000000       0.0000000        0     0     0
     2       C          1.15649082  *    0.0000000       0.0000000        1     0     0
     3       C          1.41697124  *  179.1266591  *    0.0000000        2     1     0
     4       C          1.34771726  *  123.0789486  *  175.0051496  *     3     2     1
     5       C          1.43305343  *  123.4576188  *    2.7334682  *     4     3     2
     6       C          1.36965119  *  127.2538367  *   35.7665136  *     5     4     3
     7       C          1.42932513  *  111.9283197  *  178.8134041  *     6     5     4
     8       C          1.36861885  *  112.0149045  *   -0.0074152  *     7     6     5
     9       S          1.71049322  *  112.2252854  *   -0.2991074  *     8     7     6
    10       C          1.42724033  *  126.7230385  *  179.2677035  *     8     7     6
    11       C          1.36702962  *  126.6674553  *  135.6193079  *    10     8     7
    12       C          1.43146355  *  111.9611582  * -179.7799114  *    11    10     8
    13       C          1.36559661  *  112.0596474  *    0.0305666  *    12    11    10
    14       S          1.71476612  *  121.1855018  *  -44.3760893  *    10     8     7
    15       C          1.44369238  *  125.6838371  * -179.2853378  *    13    12    11
    16       C          1.40048299  *  120.2387223  * -137.4710955  *    15    13    12
    17       C          1.38635728  *  121.5420798  *  179.5447714  *    16    15    13
    18       C          1.39066293  *  117.9945285  *    0.3393553  *    17    16    15
    19       C          1.42833829  *  120.5776742  *   -0.7631726  *    18    17    16
    20       C          1.38159556  *  120.6857834  *    0.5866927  *    19    18    17
    21       C          1.44326347  *  107.7219942  * -179.1214809  *    19    18    17
    22       C          1.38503379  *  134.9180240  *    2.2287578  *    21    19    20
    23       C          1.38933527  *  117.9448793  *  178.2081214  *    22    21    19
    24       C          1.40080508  *  122.1463452  *    0.8163826  *    23    22    21
    25       C          1.38875467  *  121.1489579  *    0.4832693  *    24    23    22
    26       C          1.41147525  *  106.2123487  * -178.6649166  *    21    19    20
    27       N          1.41023959  *  110.3940405  *   -0.0550434  *    26    21    19
    28       C          1.40819229  *  118.5106112  * -167.2159926  *    27    26    21
    29       C          1.39740142  *  121.1088235  *  167.9917209  *    28    27    26
    30       C          1.38685768  *  119.7117686  *  179.3826149  *    29    28    27
    31       C          1.38725766  *  120.2409288  *    0.2824478  *    30    29    28
    32       C          1.38872377  *  119.8043221  *   -0.1040935  *    31    30    29
    33       C          1.39145851  *  121.5546930  *    0.1401293  *    32    31    30
    34       C          1.49607427  *  125.9914540  *  177.1202228  *    25    24    23
    35       C          1.53761293  *  109.4935280  * -138.3425442  *    34    25    26
    36       C          1.51893877  *  111.2588482  *   61.2952587  *    35    34    25
    37       C          1.54514594  *  109.2992317  *   99.6716748  *    34    25    26
    38       C          1.51711694  *  114.4322466  *   53.7260209  *    37    34    25
    39       C          1.46928022  *  117.4247666  * -178.6228785  *     3     2     4
    40       O          1.22291189  *  126.4911000  *  177.6730289  *    39     3     2
    41       O          1.34791098  *  113.9616680  *   -2.4701332  *    39     3     2
    42       H          1.10152980  *  120.2147108  * -176.9254627  *     4     3     2
    43       H          1.08865487  *  125.7295688  *    0.6308854  *     6     5     4
    44       H          1.08763316  *  122.7876344  * -179.6920160  *     7     6     5
    45       H          1.08741752  *  125.3164257  *   -0.5029613  *    11    10     8
    46       H          1.08727301  *  122.7749752  *  179.2063117  *    12    11    10
    47       H          1.09511480  *  119.5400635  * -179.1058422  *    16    15    20
    48       H          1.09455836  *  120.4324672  * -179.3715489  *    17    16    15
    49       H          1.09333355  *  120.1790534  *   -0.7059417  *    20    19    21
    50       H          1.09235340  *  120.6382399  *   -1.3774329  *    22    21    19
    51       H          1.09413356  *  119.1357589  * -179.1856986  *    23    22    21
    52       H          1.09437985  *  118.2616902  * -179.3485808  *    24    23    22
    53       H          1.09481113  *  121.4448869  *   -0.7015444  *    29    28    27
    54       H          1.09439049  *  119.6634989  * -179.8351311  *    30    29    28
    55       H          1.09332627  *  120.1883360  *  179.9667362  *    31    30    29
    56       H          1.09802059  *  118.7603525  *  179.7861965  *    32    31    30
    57       H          1.11350193  *  110.3102524  * -176.2243325  *    35    34    25
    58       H          1.10939293  *  111.1922733  *  -61.8029508  *    35    34    25
    59       H          1.10009322  *  111.6339414  *   56.7867645  *    36    35    57
    60       H          1.09972341  *  112.4422341  *   62.8460800  *    36    35    58
    61       H          1.09967423  *  112.4636984  * -176.6248101  *    36    35    58
    62       H          1.11129521  *  109.6717439  *  177.1987374  *    37    34    25
    63       H          1.11186371  *  109.0916794  *  -68.8987363  *    37    34    25
    64       H          1.10146349  *  111.0328489  *   50.8989061  *    38    37    62
    65       H          1.09937762  *  112.8256100  *  169.5105704  *    38    37    62
    66       H          1.09863169  *  113.2902487  *  -68.2548631  *    38    37    62
    67       H          0.96832184  *  111.0703068  *   -0.2814534  *    41    39    40

                             CARTESIAN COORDINATES

   1    N        0.000000000     0.000000000     0.000000000
   2    C        1.156490818     0.000000000     0.000000000
   3    C        2.573297449     0.021597595     0.000000000
   4    C        3.325935363    -1.092049911     0.098321979
   5    C        2.776576472    -2.414370044     0.155910169
   6    C        1.668583153    -2.881170702    -0.500132757
   7    C        1.429624253    -4.263699925    -0.227218977
   8    C        2.365036186    -4.787875170     0.623288157
   9    S        3.535044829    -3.630956274     1.090626914
  10    C        2.417604075    -6.127352963     1.113237977
  11    C        3.526632228    -6.921882050     1.200129065
  12    C        3.219164973    -8.213655528     1.734800048
  13    C        1.892171465    -8.344116683     2.029625800
  14    S        1.006798200    -6.922751680     1.676612192
  15    C        1.266345421    -9.515880067     2.594922192
  16    C        0.032699391    -9.962367955     2.104903167
  17    C       -0.587859065   -11.089389653     2.621348507
  18    C        0.048290027   -11.769288672     3.654303033
  19    C        1.310823829   -11.321372942     4.149813044
  20    C        1.917610420   -10.198414087     3.621060042
  21    C        1.721444536   -12.231099990     5.192308505
  22    C        2.805029587   -12.309021713     6.051430284
  23    C        2.831291915   -13.347741586     6.973722971
  24    C        1.815150540   -14.309518761     7.042252064
  25    C        0.730703680   -14.271794359     6.175539073
  26    C        0.710313464   -13.211994772     5.280182065
  27    N       -0.309320905   -12.952201298     4.341231161
  28    C       -1.525024120   -13.653244387     4.457892271
  29    C       -2.652000928   -13.271082096     3.725358328
  30    C       -3.831046306   -13.990078063     3.852916292
  31    C       -3.895302228   -15.080693056     4.707851336
  32    C       -2.773345731   -15.453802421     5.436244584
  33    C       -1.573871834   -14.755907038     5.334454722
  34    C       -0.379605577   -15.272531231     6.112473419
  35    C       -0.818236748   -15.642840128     7.538912177
  36    C       -1.339433299   -14.428343214     8.287595283
  37    C        0.099774462   -16.518850755     5.335068514
  38    C        1.382814688   -17.132623373     5.863021882
  39    C        3.230106611     1.333319441    -0.082291449
  40    O        4.433904892     1.546903934    -0.054635675
  41    O        2.374074333     2.367638161    -0.201696403
  42    H        4.423921153    -1.016771508     0.144455076
  43    H        1.041796338    -2.305096899    -1.178694972
  44    H        0.598140535    -4.814532022    -0.660998562
  45    H        4.530413388    -6.635711535     0.895159101
  46    H        3.969329419    -8.989346338     1.867915298
  47    H       -0.452861225    -9.417937612     1.288139485
  48    H       -1.547231528   -11.428104705     2.217696933
  49    H        2.881533754    -9.859758415     4.010344492
  50    H        3.607209424   -11.569078767     6.004229619
  51    H        3.671514262   -13.420077851     7.670804120
  52    H        1.894735693   -15.094278178     7.800860078
  53    H       -2.628599587   -12.410763766     3.048663300
  54    H       -4.712393540   -13.691729499     3.276803687
  55    H       -4.825400144   -15.646571733     4.808158498
  56    H       -2.844371325   -16.317533832     6.110464607
  57    H       -1.597607000   -16.437577261     7.509561927
  58    H        0.012694639   -16.111719040     8.105002519
  59    H       -1.665075319   -14.688453091     9.305684292
  60    H       -0.578244922   -13.641674025     8.393119777
  61    H       -2.204627064   -13.967129974     7.789593772
  62    H       -0.703188588   -17.287080781     5.327996524
  63    H        0.236920946   -16.249539533     4.265067007
  64    H        1.619996234   -18.069102153     5.333895972
  65    H        2.256542614   -16.480040912     5.723857257
  66    H        1.333777621   -17.391381302     6.929619879
  67    H        2.849944479     3.209577354    -0.249999526


           Empirical Formula: C35 H26 N2 O2 S2  =    67 atoms



      MOLECULAR POINT GROUP   :   C1  


                  EIGENVALUES  
 -40.32034 -39.18677 -37.83327 -37.11799 -36.59508 -36.43652 -36.00773 -35.41903
 -34.92908 -34.42859 -33.29621 -31.80257 -31.32093 -31.02020 -29.84623 -29.51738
 -29.26858 -28.42171 -27.93738 -27.10829 -25.84295 -25.37910 -24.25723 -23.59942
 -23.44336 -23.27224 -22.75469 -22.41346 -22.36458 -21.95015 -20.91425 -20.80185
 -20.31957 -20.10022 -19.45871 -18.87588 -18.59519 -18.22068 -18.00232 -17.74697
 -17.49096 -16.87208 -16.57763 -16.42925 -16.26519 -16.22264 -16.00308 -15.96382
 -15.74354 -15.66119 -15.51086 -15.31869 -15.04905 -14.93449 -14.79551 -14.74748
 -14.54862 -14.52712 -14.43861 -14.34910 -14.24940 -14.13409 -14.12010 -14.02413
 -13.73070 -13.65278 -13.60538 -13.37471 -13.30691 -13.26468 -13.12899 -13.04823
 -13.02562 -13.00577 -12.83462 -12.75655 -12.55077 -12.45223 -12.41465 -12.16004
 -12.10130 -12.03183 -11.86470 -11.77349 -11.69662 -11.65349 -11.48284 -11.33107
 -11.25184 -11.15903 -10.51158 -10.27511  -9.70708  -9.67924  -9.64197  -9.60834
  -9.45265  -9.01100  -8.68326  -7.94179  -1.29008  -0.50013  -0.24991   0.06583
   0.25444   0.30127   0.40043   0.77874   1.00868   1.06281   1.10384   1.21718
   1.31078   1.45549   1.57958   1.59346   1.67310   1.80028   2.22367   2.44872
   2.68552   2.92903   2.97869   3.07053   3.52639   3.56352   3.64187   3.65431
   3.79396   3.84976   3.89754   3.94222   4.00521   4.05318   4.09730   4.10800
   4.18045   4.24142   4.24463   4.25808   4.29318   4.35313   4.39244   4.41328
   4.43561   4.48677   4.51988   4.56187   4.60214   4.65349   4.67302   4.69125
   4.76748   4.77601   4.80795   4.82848   4.85243   4.88494   4.96680   4.98295
   5.00538   5.01060   5.04132   5.05748   5.10270   5.12991   5.15932   5.19129
   5.22417   5.24277   5.31190   5.32811   5.38823   5.46027   5.52797   5.57220
   5.58377   5.62639   5.66108   5.75900   5.78318   5.82426   5.89104   5.95969
   5.99165   6.08770   6.23732   6.33593   6.54239   6.60229


              NET ATOMIC CHARGES AND DIPOLE CONTRIBUTIONS

  ATOM NO.   TYPE          CHARGE      No. of ELECS.   s-Pop       p-Pop
   40          O          -0.377034        6.3770     1.91039     4.46665
   39          C           0.401964        3.5980     1.18045     2.41758
   41          O          -0.310667        6.3107     1.83991     4.47075
   67          H           0.245217        0.7548     0.75478
    2          C           0.052641        3.9474     1.19474     2.75261
    1          N          -0.148569        5.1486     1.84821     3.30035
    3          C          -0.142542        4.1425     1.14228     3.00027
    4          C           0.138053        3.8619     1.17192     2.69003
    5          C          -0.417850        4.4178     1.21513     3.20272
    6          C          -0.014214        4.0142     1.18410     2.83011
    7          C          -0.139987        4.1400     1.18413     2.95585
    8          C          -0.209188        4.2092     1.20360     3.00558
    9          S           0.492140        5.5079     1.88545     3.62241
   10          C          -0.293733        4.2937     1.20132     3.09242
   11          C          -0.081217        4.0812     1.18196     2.89926
   12          C          -0.119370        4.1194     1.18150     2.93787
   13          C          -0.269418        4.2694     1.21468     3.05474
   14          S           0.467344        5.5327     1.88594     3.64671
   15          C          -0.040635        4.0406     1.14853     2.89210
   16          C          -0.055581        4.0556     1.17607     2.87951
   17          C          -0.164203        4.1642     1.17236     2.99184
   18          C           0.135114        3.8649     1.15122     2.71366
   19          C          -0.084835        4.0848     1.16068     2.92415
   20          C          -0.030879        4.0309     1.17033     2.86055
   21          C          -0.080174        4.0802     1.15649     2.92368
   22          C          -0.042736        4.0427     1.16945     2.87328
   23          C          -0.149101        4.1491     1.17932     2.96978
   24          C          -0.059868        4.0599     1.17617     2.88369
   25          C          -0.089461        4.0895     1.16844     2.92102
   26          C           0.091428        3.9086     1.15195     2.75662
   27          N          -0.239394        5.2394     1.48655     3.75284
   28          C           0.173913        3.8261     1.14133     2.68476
   29          C          -0.189033        4.1890     1.17835     3.01069
   30          C          -0.051491        4.0515     1.17552     2.87597
   31          C          -0.150441        4.1504     1.17819     2.97225
   32          C          -0.060081        4.0601     1.17803     2.88205
   33          C          -0.123540        4.1235     1.18215     2.94139
   34          C           0.094145        3.9059     1.16129     2.74457
   35          C          -0.120439        4.1204     1.17137     2.94907
   36          C          -0.181546        4.1815     1.15566     3.02589
   37          C          -0.121615        4.1216     1.17364     2.94798
   38          C          -0.180321        4.1803     1.15555     3.02477
   42          H           0.133587        0.8664     0.86641
   43          H           0.136932        0.8631     0.86307
   44          H           0.139889        0.8601     0.86011
   45          H           0.126999        0.8730     0.87300
   46          H           0.131200        0.8688     0.86880
   47          H           0.110471        0.8895     0.88953
   48          H           0.126475        0.8735     0.87353
   49          H           0.117361        0.8826     0.88264
   50          H           0.109373        0.8906     0.89063
   51          H           0.108308        0.8917     0.89169
   52          H           0.110575        0.8894     0.88943
   53          H           0.126208        0.8738     0.87379
   54          H           0.105421        0.8946     0.89458
   55          H           0.111775        0.8882     0.88822
   56          H           0.112450        0.8875     0.88755
   57          H           0.063804        0.9362     0.93620
   58          H           0.067623        0.9324     0.93238
   59          H           0.054585        0.9454     0.94542
   60          H           0.067704        0.9323     0.93230
   61          H           0.066842        0.9332     0.93316
   62          H           0.064389        0.9356     0.93561
   63          H           0.073389        0.9266     0.92661
   64          H           0.056513        0.9435     0.94349
   65          H           0.068010        0.9320     0.93199
   66          H           0.057319        0.9427     0.94268
 DIPOLE           X         Y         Z       TOTAL
 POINT-CHG.     0.030    -4.506     2.141     4.989
 HYBRID         0.849     0.106    -1.248     1.513
 SUM            0.878    -4.400     0.893     4.575


          ATOMIC ORBITAL ELECTRON POPULATIONS

     Atom    s        px        py        pz   
    1  N   1.84821   1.11244   1.08777   1.10014
    2  C   1.19474   0.91165   0.91940   0.92156
    3  C   1.14228   0.89045   0.93459   1.17523
    4  C   1.17192   0.98958   0.88748   0.81296
    5  C   1.21513   1.05923   1.00735   1.13614
    6  C   1.18410   0.92521   0.94649   0.95841
    7  C   1.18413   1.00559   0.95192   0.99834
    8  C   1.20360   1.01843   0.96505   1.02211
    9  S   1.88545   1.23740   0.93632   1.44870
   10  C   1.20132   1.00312   0.97253   1.11676
   11  C   1.18196   0.97424   0.93408   0.99094
   12  C   1.18150   0.94937   0.97313   1.01536
   13  C   1.21468   0.98481   0.99706   1.07287
   14  S   1.88594   1.03229   1.00027   1.61415
   15  C   1.14853   0.95599   0.94985   0.98626
   16  C   1.17607   0.94156   0.95682   0.98113
   17  C   1.17236   1.01711   0.98618   0.98855
   18  C   1.15122   0.93747   0.83994   0.93625
   19  C   1.16068   0.95632   0.97654   0.99130
   20  C   1.17033   0.98180   0.93242   0.94633
   21  C   1.15649   0.96866   0.96255   0.99247
   22  C   1.16945   0.96104   0.97156   0.94068
   23  C   1.17932   0.99664   0.96837   1.00477
   24  C   1.17617   0.93080   0.97885   0.97404
   25  C   1.16844   0.97948   0.96319   0.97835
   26  C   1.15195   0.88750   0.96246   0.90666
   27  N   1.48655   1.13835   1.26822   1.34627
   28  C   1.14133   0.82370   0.90898   0.95208
   29  C   1.17835   0.93864   1.03233   1.03972
   30  C   1.17552   0.96379   0.94630   0.96588
   31  C   1.17819   0.98701   0.99044   0.99480
   32  C   1.17803   0.92526   0.98117   0.97562
   33  C   1.18215   0.96890   0.96970   1.00279
   34  C   1.16129   0.88832   0.92382   0.93243
   35  C   1.17137   1.01953   0.98106   0.94848
   36  C   1.15566   1.03016   0.98836   1.00737
   37  C   1.17364   0.97842   0.96471   1.00485
   38  C   1.15555   0.98547   1.01902   1.02028
   39  C   1.18045   0.84449   0.84973   0.72337
   40  O   1.91039   1.15985   1.85035   1.45644
   41  O   1.83991   1.41988   1.19125   1.85963
   42  H   0.86641
   43  H   0.86307
   44  H   0.86011
   45  H   0.87300
   46  H   0.86880
   47  H   0.88953
   48  H   0.87353
   49  H   0.88264
   50  H   0.89063
   51  H   0.89169
   52  H   0.88943
   53  H   0.87379
   54  H   0.89458
   55  H   0.88822
   56  H   0.88755
   57  H   0.93620
   58  H   0.93238
   59  H   0.94542
   60  H   0.93230
   61  H   0.93316
   62  H   0.93561
   63  H   0.92661
   64  H   0.94349
   65  H   0.93199
   66  H   0.94268
   67  H   0.75478
 ******************** TDHF POLARIZABILITIES ********************



          MOLECULAR WEIGHT =  570.72



          ROTATIONAL CONSTANTS IN CM(-1)

          A =    0.00835267   B =    0.00070089   C =    0.00067217



           PRINCIPAL MOMENTS OF INERTIA IN UNITS OF 10**(-40)*GRAM-CM**2

          A =     3351.3567   B =    39938.7171   C =    41645.6134


 ROTATION MATRIX FOR ORIENTATION OF MOLECULE:

         0.208066   -0.940489   -0.268679
         0.905187    0.081067    0.417211
        -0.370601   -0.330012    0.868186


          CARTESIAN COORDINATES 

    NO.       ATOM         X         Y         Z

     1         N        8.8446    2.6740    1.2994
     2         C        9.0852    1.5864    0.9887
     3         C        9.3996    0.2556    0.6170
     4         C        8.5117   -0.5749    0.0355
     5         C        7.1791   -0.1845   -0.3186
     6         C        6.7691    1.0362   -0.7852
     7         C        5.3668    1.0588   -1.0608
     8         C        4.7718   -0.1441   -0.7925
     9         S        5.8893   -1.3049   -0.2184
    10         C        3.3887   -0.4638   -0.9401
    11         C        2.8680   -1.5999   -1.4941
    12         C        1.4366   -1.5919   -1.4862
    13         C        0.9331   -0.4518   -0.9282
    14         S        2.1664    0.6127   -0.4037
    15         C       -0.4672   -0.1447   -0.7581
    16         C       -0.9465    1.1410   -1.0383
    17         C       -2.2871    1.4629   -0.8935
    18         C       -3.1530    0.4686   -0.4512
    19         C       -2.6685   -0.8460   -0.1734
    20         C       -1.3298   -1.1512   -0.3270
    21         C       -3.7929   -1.6500    0.2418
    22         C       -3.9564   -2.9590    0.6641
    23         C       -5.2330   -3.3722    1.0244
    24         C       -6.3404   -2.5171    0.9556
    25         C       -6.2107   -1.2081    0.5102
    26         C       -4.9238   -0.8076    0.1805
    27         N       -4.5528    0.4823   -0.2523
    28         C       -5.4835    1.5303   -0.1169
    29         C       -5.1006    2.8630   -0.2906
    30         C       -6.0440    3.8715   -0.1630
    31         C       -7.3614    3.5613    0.1414
    32         C       -7.7357    2.2355    0.3167
    33         C       -6.8167    1.1976    0.1972
    34         C       -7.3242   -0.2242    0.3363
    35         C       -8.2793   -0.3125    1.5381
    36         C       -7.5658    0.0291    2.8348
    37         C       -8.0645   -0.5196   -0.9874
    38         C       -8.5487   -1.9502   -1.1299
    39         C       10.7541   -0.2286    0.9164
    40         O       11.1876   -1.3526    0.7061
    41         O       11.5565    0.6998    1.4742
    42         H        8.7912   -1.6167   -0.1880
    43         H        7.4117    1.8964   -0.9655
    44         H        4.8560    1.9393   -1.4439
    45         H        3.4489   -2.4201   -1.9092
    46         H        0.8412   -2.4042   -1.8958
    47         H       -0.2520    1.9114   -1.3898
    48         H       -2.6438    2.4709   -1.1274
    49         H       -0.9670   -2.1588   -0.1067
    50         H       -3.1022   -3.6378    0.7163
    51         H       -5.3820   -4.3984    1.3736
    52         H       -7.3153   -2.9060    1.2654
    53         H       -4.0662    3.1340   -0.5255
    54         H       -5.7438    4.9147   -0.3019
    55         H       -8.1044    4.3571    0.2423
    56         H       -8.7822    2.0098    0.5608
    57         H       -9.1499    0.3658    1.3904
    58         H       -8.7406   -1.3188    1.6107
    59         H       -8.2463   -0.0217    3.6977
    60         H       -6.7345   -0.6578    3.0501
    61         H       -7.1438    1.0445    2.8273
    62         H       -8.9243    0.1757   -1.0983
    63         H       -7.3956   -0.2736   -1.8409
    64         H       -9.1510   -2.0746   -2.0437
    65         H       -7.7247   -2.6731   -1.2132
    66         H       -9.1884   -2.2771   -0.2986
    67         H       12.4355    0.3364    1.6557


 ENERGY OF "REORIENTED" SYSTEM WITHOUT FIELD:       75.9319861750


  NFREQ=  3  IWFLB=  0  IBET=  1  IGAM=  1
  ATOL= 0.10000D-02  BTOL= 0.10000D-02    MAXITU=  500    MAXITA=  150


 *****************************************************************
 CALCULATION OF STATIC FIELD QUANTITIES
 *****************************************************************

 +++++ ALPHA AT       0.00000 EV.

                           COMPONENTS OF ALPHA

                     *X           *Y           *Z
           *=X:     705.5893      -0.7318      -1.3632
           *=Y:      -0.7687     413.4259     -10.8952
           *=Z:      -1.3346     -10.8973     147.9431

  ISOTROPIC AVERAGE ALPHA =     422.31943 A.U. =     62.58128 ANG.**3

 +++++ BETA (SECOND HARMONIC GENERATION) AT       0.00000 EV.

                              COMPONENTS OF BETA
            *XX         *XY         *YY         *XZ         *YZ         *ZZ
   *=X -8952.04515  -153.43253   885.91104  -521.06440    -6.14196  -154.58259
   *=Y  -152.60556   885.79559  -211.52880    -6.10475   -97.00051    57.24397
   *=Z  -521.59772    -6.17665   -96.93848  -154.60580    57.23888    22.23909


 AVERAGE BETAX(SHG) VALUE AT   0.00000 EV =      -4932.4855 a.u. = -0.426138E-28 ESU
 AVERAGE BETAY(SHG) VALUE AT   0.00000 EV =       -184.4671 a.u. = -0.159369E-29 ESU
 AVERAGE BETAZ(SHG) VALUE AT   0.00000 EV =       -357.5897 a.u. = -0.308937E-29 ESU



 AVERAGE BETA (SHG) VALUE AT   0.00000 EV =       4948.8697 a.u. =  0.427554E-28 ESU
   (1 a.u. = 8.639418X10-33 esu)



 +++++ ALPHA AT       0.00000 EV.

                           COMPONENTS OF ALPHA

                     *X           *Y           *Z
           *=X:     705.5894      -0.7318      -1.3632
           *=Y:      -0.7688     413.4259     -10.8952
           *=Z:      -1.3346     -10.8973     147.9431

  ISOTROPIC AVERAGE ALPHA =     422.31946 A.U. =     62.58129 ANG.**3


 GAMMA (THIRD HARMONIC GENERATION) AT    0.00000 EV.


 GAMMA(X,X,X,X) =       2979014.92741
 GAMMA(Y,Y,Y,Y) =         57358.21785
 GAMMA(Z,Z,Z,Z) =          8108.11250
 GAMMA(X,X,Y,Y) =         42587.13118
 GAMMA(X,X,Z,Z) =         47319.35314
 GAMMA(Y,Y,X,X) =         42586.66352
 GAMMA(Y,Y,Z,Z) =          6572.15314
 GAMMA(Z,Z,X,X) =         47319.62168
 GAMMA(Z,Z,Y,Y) =          6572.25368


 AVERAGE GAMMA VALUE AT    0.00000 =        647487.68682 a.u. =       326120.29027 ESU (X10-39)




 **********************************************************************
 CALCULATION FOR A FREQUENCY OF    0.25000 EV  =       0.00919 A.U. 
                  WAVELENGTH OF    4959.37 NM  =    2016.38525 CM(-1)
 **********************************************************************

 +++++ ALPHA AT       0.25000 EV.

                           COMPONENTS OF ALPHA

                     *X           *Y           *Z
           *=X:     708.7961      -0.7278      -1.2337
           *=Y:      -0.7520     414.1422     -10.9161
           *=Z:      -1.2083     -10.9182     148.1817

  ISOTROPIC AVERAGE ALPHA =     423.70669 A.U. =     62.78685 ANG.**3

 +++++ BETA (SECOND HARMONIC GENERATION) AT       0.25000 EV.

                              COMPONENTS OF BETA
            *XX         *XY         *YY         *XZ         *YZ         *ZZ
   *=X -9367.52079  -161.51626   919.16858  -552.59421    -8.22733  -162.36578
   *=Y  -166.21105   907.77994  -219.52696   -11.71230   -99.75467    57.47820
   *=Z  -545.69193    -6.72254   -98.23921  -162.48372    58.21190    20.70456


 AVERAGE BETAX(SHG) VALUE AT   0.25000 EV =      -5171.0334 a.u. = -0.446747E-28 ESU
 AVERAGE BETAY(SHG) VALUE AT   0.25000 EV =       -194.7845 a.u. = -0.168282E-29 ESU
 AVERAGE BETAZ(SHG) VALUE AT   0.25000 EV =       -377.3030 a.u. = -0.325968E-29 ESU



 AVERAGE BETA (SHG) VALUE AT   0.25000 EV =       5188.4376 a.u. =  0.448251E-28 ESU
   (1 a.u. = 8.639418X10-33 esu)



 +++++ ALPHA AT       0.75000 EV.

                           COMPONENTS OF ALPHA

                     *X           *Y           *Z
           *=X:     736.2920      -0.5928      -0.1116
           *=Y:      -0.6209     420.0396     -11.0760
           *=Z:      -0.0797     -11.0778     150.1535

  ISOTROPIC AVERAGE ALPHA =     435.49505 A.U. =     64.53371 ANG.**3


 GAMMA (THIRD HARMONIC GENERATION) AT    0.25000 EV.


 GAMMA(X,X,X,X) =       3312075.04989
 GAMMA(Y,Y,Y,Y) =         61189.70720
 GAMMA(Z,Z,Z,Z) =          8400.10875
 GAMMA(X,X,Y,Y) =         44598.24810
 GAMMA(X,X,Z,Z) =         51950.09878
 GAMMA(Y,Y,X,X) =         46163.02516
 GAMMA(Y,Y,Z,Z) =          6914.56458
 GAMMA(Z,Z,X,X) =         51841.79645
 GAMMA(Z,Z,Y,Y) =          6774.99804


 AVERAGE GAMMA VALUE AT    0.25000 =        717981.51939 a.u. =       361625.93710 ESU (X10-39)




 **********************************************************************
 CALCULATION FOR A FREQUENCY OF    0.50000 EV  =       0.01837 A.U. 
                  WAVELENGTH OF    2479.68 NM  =    4032.77050 CM(-1)
 **********************************************************************

 +++++ ALPHA AT       0.50000 EV.

                           COMPONENTS OF ALPHA

                     *X           *Y           *Z
           *=X:     718.7034      -0.6723      -0.8404
           *=Y:      -0.7016     416.3148     -10.9764
           *=Z:      -0.8113     -10.9784     148.9069

  ISOTROPIC AVERAGE ALPHA =     427.97501 A.U. =     63.41935 ANG.**3

 +++++ BETA (SECOND HARMONIC GENERATION) AT       0.50000 EV.

                              COMPONENTS OF BETA
            *XX         *XY         *YY         *XZ         *YZ         *ZZ
   *=X-10831.71505  -191.62325  1035.66611  -665.04375   -15.95142  -189.92647
   *=Y  -213.47650   980.38130  -246.19012   -31.72403  -108.95453    57.97770
   *=Z  -632.04814    -8.48249  -102.08295  -189.71862    61.28547    15.30885


 AVERAGE BETAX(SHG) VALUE AT   0.50000 EV =      -6013.6160 a.u. = -0.519541E-28 ESU
 AVERAGE BETAY(SHG) VALUE AT   0.50000 EV =       -230.9489 a.u. = -0.199526E-29 ESU
 AVERAGE BETAZ(SHG) VALUE AT   0.50000 EV =       -447.2402 a.u. = -0.386390E-29 ESU



 AVERAGE BETA (SHG) VALUE AT   0.50000 EV =       6034.6449 a.u. =  0.521358E-28 ESU
   (1 a.u. = 8.639418X10-33 esu)



 +++++ ALPHA AT       1.50000 EV.

                           COMPONENTS OF ALPHA

                     *X           *Y           *Z
           *=X:     865.0295      -0.3263       6.1362
           *=Y:      -0.3784     442.8508     -11.5528
           *=Z:       6.1799     -11.5520     157.9044

  ISOTROPIC AVERAGE ALPHA =     488.59491 A.U. =     72.40229 ANG.**3


 GAMMA (THIRD HARMONIC GENERATION) AT    0.50000 EV.


 GAMMA(X,X,X,X) =       4810996.24978
 GAMMA(Y,Y,Y,Y) =         75919.64907
 GAMMA(Z,Z,Z,Z) =          9505.27855
 GAMMA(X,X,Y,Y) =         51138.79112
 GAMMA(X,X,Z,Z) =         72363.82703
 GAMMA(Y,Y,X,X) =         60228.38252
 GAMMA(Y,Y,Z,Z) =          8189.59401
 GAMMA(Z,Z,X,X) =         70663.44224
 GAMMA(Z,Z,Y,Y) =          7443.64998


 AVERAGE GAMMA VALUE AT    0.50000 =       1033289.77286 a.u. =       520437.32647 ESU (X10-39)



 **********************
 *                    *
 * JOB ENDED NORMALLY *
 *                    *
 **********************



 TOTAL JOB TIME:            73.30 SECONDS

 == MOPAC DONE ==
