 *******************************************************************************
 ** Site#: 37966        For non-commercial use only           Version 21.186W **
 *******************************************************************************
 ** Cite this program as: MOPAC2016, Version: 21.186W, James J. P. Stewart,   **
 ** Stewart Computational Chemistry, web: HTTP://OpenMOPAC.net. Days left: 253**
 *******************************************************************************
 **                                                                           **
 **                                MOPAC2016                                  **
 **                                                                           **
 *******************************************************************************

                              RM1 CALCULATION RESULTS

 *******************************************************************************
 *  CALCULATION DONE:                                Mon Oct 25 14:05:48 2021  *
 *  RM1        - The RM1 Hamiltonian to be used
 *  POLAR      - CALCULATE FIRST, SECOND AND THIRD-ORDER POLARIZABILITIES
 *  PRECISE    - TIGHTER CRITERIA TO BE USED
 *  T=         - A TIME OF 172800.0 SECONDS REQUESTED
 *  DUMP=N     - RESTART FILE WRITTEN EVERY 7200.0 SECONDS REQUESTED
 *  GNORM      - EXIT WHEN GRADIENT NORM DROPS BELOW 0.100
 *******************************************************************************
RM1 PRECISE POLAR GNORM=0.1


  ATOM    CHEMICAL      BOND LENGTH      BOND ANGLE     TWIST ANGLE 
 NUMBER    SYMBOL       (ANGSTROMS)      (DEGREES)       (DEGREES) 
   (I)                     NA:I           NB:NA:I       NC:NB:NA:I       NA    NB    NC 
     1       C          0.00000000       0.0000000       0.0000000        0     0     0
     2       C          1.52000000  *    0.0000000       0.0000000        1     0     0
     3       C          1.52660000  *  110.7343000  *    0.0000000        2     1     0
     4       C          1.52690000  *  110.7943000  * -179.8836000  *     3     2     1
     5       C          1.52770000  *  110.7575000  * -179.4426000  *     4     3     2
     6       C          1.52610000  *  110.6878000  * -177.6160000  *     5     4     3
     7       C          1.53270000  *  112.7684000  * -168.7764000  *     6     5     4
     8       C          1.53480000  *  110.4107000  *   64.1470000  *     7     6     5
     9       C          1.48250000  *  110.9556000  *   66.5273000  *     8     7     6
    10       C          1.43560000  *  122.7299000  *  -97.1811000  *     9     8     7
    11       C          1.36690000  *  111.9390000  * -179.3571000  *    10     9     8
    12       S          1.71010000  *  112.4305000  *   -0.3000000  *    11    10     9
    13       C          1.36790000  *  125.6336000  *   83.3847000  *     9     8     7
    14       C          1.42930000  *  126.6422000  * -177.9317000  *    13     9    10
    15       S          1.72350000  *  120.9768000  * -113.1025000  *    14    13     9
    16       C          1.70340000  *   91.6845000  * -179.9833000  *    15    14    13
    17       C          1.38670000  *  111.4229000  *   -0.2320000  *    16    15    14
    18       C          1.36450000  *  126.0683000  *   66.6676000  *    14    13     9
    19       C          1.42200000  *  118.9555000  * -179.9104000  *    17    16    15
    20       N          1.34690000  *  133.9160000  *  179.8737000  *    19    17    16
    21       O          1.33990000  *  106.4176000  * -179.9445000  *    20    19    17
    22       N          1.33990000  *  113.8471000  *    0.0000000  *    21    20    19
    23       C          1.34700000  *  106.4364000  *    0.0000000  *    22    21    20
    24       C          1.42230000  *  133.9171000  *  179.9452000  *    23    22    21
    25       C          1.38700000  *  118.9737000  * -179.8740000  *    24    23    22
    26       S          1.70270000  *  111.4192000  *  179.9513000  *    25    24    23
    27       C          1.72590000  *   91.7057000  *   -0.0873000  *    26    25    24
    28       C          1.36380000  *  112.8486000  *    0.1931000  *    27    26    25
    29       C          1.42900000  *  120.2121000  *  179.5406000  *    27    26    25
    30       S          1.71780000  *  120.3027000  *   84.1574000  *    29    27    28
    31       C          1.71350000  *   91.4363000  *  179.5389000  *    30    29    27
    32       C          1.36320000  *  112.3430000  *    0.4896000  *    31    30    29
    33       C          1.36580000  *  127.3676000  *  -95.4528000  *    29    27    28
    34       C          1.48170000  *  126.0444000  *   -0.8329000  *    33    29    27
    35       C          1.53850000  *  111.2553000  *  118.6459000  *    34    33    29
    36       C          1.53530000  *  108.3684000  *  173.4387000  *    35    34    33
    37       C          1.52630000  *  112.1387000  * -174.0072000  *    36    35    34
    38       C          1.52840000  *  110.5409000  *  174.3908000  *    37    36    35
    39       C          1.52690000  *  110.7224000  *  178.7215000  *    38    37    36
    40       C          1.52660000  *  110.8070000  *  179.6350000  *    39    38    37
    41       C          1.52000000  *  110.7691000  *  179.9029000  *    40    39    38
    42       C          1.53600000  *  110.1389000  *  -64.0961000  *    35    34    33
    43       C          1.52840000  *  111.9645000  * -107.3434000  *    42    35    36
    44       C          1.52710000  *  110.7673000  *  176.5727000  *    43    42    35
    45       C          1.51990000  *  110.7430000  *  178.8403000  *    44    43    42
    46       C          1.44410000  *  121.8870000  *  179.6967000  *    31    30    29
    47       C          1.40320000  *  118.5641000  *   43.4473000  *    46    31    32
    48       C          1.38510000  *  121.5365000  * -179.3922000  *    47    46    31
    49       C          1.39270000  *  117.4972000  *    0.0803000  *    48    47    46
    50       C          1.42250000  *  121.2094000  *   -0.4773000  *    49    48    47
    51       C          1.38290000  *  120.5187000  *    0.6995000  *    50    49    48
    52       C          1.44110000  *  107.0701000  * -179.2444000  *    50    49    48
    53       C          1.38510000  *  132.7191000  *   -0.1382000  *    52    50    51
    54       C          1.38710000  *  118.3154000  * -179.2272000  *    53    52    50
    55       C          1.39830000  *  121.0903000  *   -0.0309000  *    54    53    52
    56       C          1.38650000  *  121.7313000  *   -0.2424000  *    55    54    53
    57       C          1.39190000  *  117.2007000  *    0.0000000  *    56    55    54
    58       N          1.41030000  *  129.6203000  *  176.3060000  *    49    48    47
    59       C          1.46080000  *  124.7777000  *   19.7571000  *    58    49    48
    60       C          1.52720000  *  112.0978000  *   82.2428000  *    59    58    49
    61       C          1.43650000  *  126.9097000  * -179.0645000  *    11    10     9
    62       C          1.34470000  *  122.8813000  *  -38.1644000  *    61    11    10
    63       C          1.47150000  *  123.0158000  *  177.8406000  *    62    61    11
    64       O          1.21870000  *  127.3250000  * -156.9038000  *    63    62    61
    65       O          1.35210000  *  113.3154000  *   23.0537000  *    63    62    61
    66       C          1.41900000  *  122.9462000  *   -2.6473000  *    62    61    11
    67       N          1.15610000  *  178.9841000  * -148.6181000  *    66    62    61
    68       C          1.53280000  *  110.7850000  *  -58.4080000  *     7     6     5
    69       C          1.52770000  *  111.8774000  * -158.0077000  *    68     7     6
    70       C          1.52750000  *  110.6485000  * -178.9318000  *    69    68     7
    71       C          1.52000000  *  110.7377000  * -179.8011000  *    70    69    68
    72       H          1.09990000  *  116.0933000  *  141.8948000  *    61    11    10
    73       H          1.09960000  *  111.8410000  * -179.9383000  *     1     2     3
    74       H          1.09950000  *  112.2690000  *  -60.1295000  *     1     2     3
    75       H          1.09950000  *  112.3046000  *   60.1964000  *     1     2     3
    76       H          1.11050000  *  110.0907000  *   62.4087000  *     2     1    74
    77       H          1.11060000  *  110.1554000  *  -62.3810000  *     2     1    75
    78       H          1.11050000  *  110.1920000  * -179.6412000  *     3     2    76
    79       H          1.11060000  *  110.2207000  *  -64.6402000  *     3     2    76
    80       H          1.11080000  *  110.1759000  * -179.3939000  *     4     3    78
    81       H          1.11040000  *  110.4128000  *  -64.2652000  *     4     3    78
    82       H          1.11020000  *  109.9285000  * -177.4403000  *     5     4    80
    83       H          1.11270000  *  110.3069000  * -177.7749000  *     5     4    81
    84       H          1.11130000  *  110.4946000  * -167.9304000  *     6     5    82
    85       H          1.11130000  *  109.9119000  *  -53.8881000  *     6     5    82
    86       H          1.12170000  *  107.7865000  *   58.8990000  *     7     6    84
    87       H          1.11110000  *  110.8870000  * -171.5230000  *     8     7     6
    88       H          1.11380000  *  110.5295000  * -174.0688000  *     8     7    86
    89       H          1.08980000  *  122.2881000  * -178.2457000  *    10     9    13
    90       H          1.08860000  *  125.9194000  *    0.5137000  *    18    14    13
    91       H          1.08840000  *  125.9062000  *    0.2214000  *    28    27    29
    92       H          1.08730000  *  124.9065000  *    1.9841000  *    32    31    46
    93       H          1.11240000  *  108.3873000  * -119.2971000  *    34    33    29
    94       H          1.11070000  *  111.2502000  *   -4.8240000  *    34    33    29
    95       H          1.12020000  *  108.2535000  *  -64.3070000  *    35    34    93
    96       H          1.11180000  *  109.7267000  * -173.6335000  *    36    35    42
    97       H          1.11070000  *  110.5599000  *  179.5709000  *    36    35    95
    98       H          1.10990000  *  110.8423000  *  174.4144000  *    37    36    96
    99       H          1.11060000  *  110.4994000  *  175.8931000  *    37    36    97
   100       H          1.11050000  *  110.4564000  *  178.4741000  *    38    37    98
   101       H          1.11050000  *  110.3134000  *  -66.3131000  *    38    37    98
   102       H          1.11050000  *  110.4352000  *  179.4970000  *    39    38   100
   103       H          1.11060000  *  110.4019000  *  179.6413000  *    39    38   101
   104       H          1.11060000  *  110.5402000  *  179.7223000  *    40    39   102
   105       H          1.11050000  *  110.5154000  *  -64.9573000  *    40    39   102
   106       H          1.09950000  *  111.8554000  *   57.3985000  *    41    40   104
   107       H          1.09960000  *  112.2923000  *   62.3919000  *    41    40   105
   108       H          1.09950000  *  112.2931000  * -177.3106000  *    41    40   105
   109       H          1.11050000  *  111.0959000  *  136.8478000  *    42    35    95
   110       H          1.11220000  *  110.9969000  * -109.0821000  *    42    35    95
   111       H          1.11100000  *  110.1685000  *  174.2790000  *    43    42   109
   112       H          1.11010000  *  110.9320000  *  -70.3881000  *    43    42   109
   113       H          1.11060000  *  110.5663000  *  179.0464000  *    44    43   111
   114       H          1.11070000  *  110.5768000  *  179.5766000  *    44    43   112
   115       H          1.09970000  *  111.8261000  *   57.2274000  *    45    44   113
   116       H          1.09950000  *  112.3056000  *  177.0382000  *    45    44   113
   117       H          1.09950000  *  112.3032000  *  -62.6083000  *    45    44   113
   118       H          1.09500000  *  119.3088000  * -179.3614000  *    47    46    51
   119       H          1.09140000  *  120.6575000  * -179.9045000  *    48    47    46
   120       H          1.09300000  *  120.2048000  *  179.1166000  *    51    50    49
   121       H          1.09270000  *  120.3197000  * -179.4931000  *    53    52    57
   122       H          1.09340000  *  119.6492000  *  179.9118000  *    54    53    52
   123       H          1.09470000  *  119.0778000  *  179.7219000  *    55    54    53
   124       H          1.09120000  *  120.9839000  *  179.9854000  *    56    55    54
   125       H          1.11520000  *  108.5112000  * -155.0229000  *    59    58    49
   126       H          1.11430000  *  109.0788000  *  -41.0334000  *    59    58    49
   127       H          1.09950000  *  111.1998000  *   57.9961000  *    60    59   125
   128       H          1.09940000  *  112.3559000  *   61.4822000  *    60    59   126
   129       H          1.09980000  *  112.2034000  * -178.1691000  *    60    59   126
   130       H          0.96800000  *  111.1027000  *   -0.5545000  *    65    63    64
   131       H          1.11130000  *  110.0899000  *   82.1613000  *    68     7    86
   132       H          1.11040000  *  110.6382000  * -162.7822000  *    68     7    86
   133       H          1.10980000  *  111.0145000  * -178.7434000  *    69    68   131
   134       H          1.11070000  *  110.4813000  * -177.5021000  *    69    68   132
   135       H          1.11060000  *  110.5583000  *  179.5669000  *    70    69   133
   136       H          1.11050000  *  110.5539000  *  -65.0718000  *    70    69   133
   137       H          1.09970000  *  111.8190000  *   57.2242000  *    71    70   135
   138       H          1.09950000  *  112.3074000  *   62.1820000  *    71    70   136
   139       H          1.09950000  *  112.3269000  * -177.4484000  *    71    70   136
 


          CARTESIAN COORDINATES 

    NO.       ATOM           X           Y           Z

     1         C          0.0000      0.0000      0.0000
     2         C          1.5200      0.0000      0.0000
     3         C          2.0605      1.4277      0.0000
     4         C          3.5874      1.4293     -0.0029
     5         C          4.1273      2.8583      0.0110
     6         C          5.6522      2.8591     -0.0513
     7         C          6.2568      4.2383      0.2341
     8         C          5.9438      4.6727      1.6725
     9         C          6.6329      3.7991      2.6521
    10         C          5.9853      2.6896      3.2928
    11         C          6.8190      2.0450      4.1635
    12         S          8.3765      2.7491      4.2179
    13         C          7.9285      3.9363      3.0690
    14         C          8.8496      4.9541      2.6707
    15         S         10.2427      4.5713      1.7311
    16         C         10.7370      6.2012      1.7081
    17         C          9.8483      7.0098      2.4004
    18         C          8.7518      6.2839      2.9600
    19         C         10.1068      8.4058      2.4807
    20         N          9.4673      9.4428      3.0550
    21         O         10.1988     10.5333      2.7885
    22         N         11.2982     10.2845      2.0642
    23         C         11.3085      8.9580      1.8304
    24         C         12.1897      8.0858      1.1334
    25         C         11.8934      6.7318      1.0821
    26         S         13.0699      5.8708      0.2025
    27         C         13.9674      7.3121     -0.1073
    28         C         13.3957      8.4207      0.4440
    29         C         15.1810      7.2557     -0.8597
    30         S         16.6949      7.1443     -0.0556
    31         C         17.5346      7.1144     -1.5490
    32         C         16.6933      7.1974     -2.6183
    33         C         15.3162      7.2869     -2.2184
    34         C         14.2118      7.3698     -3.2028
    35         C         14.3161      8.6487     -4.0516
    36         C         13.2462      8.5882     -5.1511
    37         C         13.3671      9.7482     -6.1357
    38         C         12.3781      9.5783     -7.2885
    39         C         12.4735     10.7527     -8.2597
    40         C         11.4928     10.5805     -9.4169
    41         C         11.5867     11.7511    -10.3818
    42         C         14.1467      9.8893     -3.1618
    43         C         15.2281     10.9359     -3.4283
    44         C         14.9855     12.1903     -2.5918
    45         C         16.0769     13.2195     -2.8359
    46         C         18.9748      7.0286     -1.6128
    47         C         19.6575      7.8631     -2.5108
    48         C         21.0367      7.8231     -2.6314
    49         C         21.7266      6.9194     -1.8270
    50         C         21.0405      6.0769     -0.9089
    51         C         19.6624      6.1271     -0.8046
    52         C         22.0384      5.2882     -0.2314
    53         C         21.9595      4.3171      0.7530
    54         C         23.1384      3.7484      1.2122
    55         C         24.3778      4.1411      0.6976
    56         C         24.4838      5.1066     -0.2918
    57         C         23.3008      5.6740     -0.7565
    58         N         23.1038      6.6178     -1.7898
    59         C         24.1602      7.4812     -2.3119
    60         C         24.5483      8.5772     -1.3218
    61         C          6.5102      0.8882      4.9571
    62         C          5.3124      0.7004      5.5387
    63         C          4.9776     -0.5047      6.3139
    64         O          3.8671     -0.9521      6.5415
    65         O          6.0634     -1.1457      6.8022
    66         C          4.2622      1.6521      5.4675
    67         N          3.4002      2.4214      5.4280
    68         C          5.7334      5.2785     -0.7627
    69         C          6.6680      6.4819     -0.8731
    70         C          6.1073      7.5114     -1.8524
    71         C          7.0382      8.7075     -1.9675
    72         H          7.3170      0.1491      5.0693
    73         H         -0.4091     -1.0207      0.0011
    74         H         -0.4167      0.5068      0.8823
    75         H         -0.4173      0.5056     -0.8827
    76         H          1.9015     -0.5610      0.8792
    77         H          1.9027     -0.5614     -0.8786
    78         H          1.6705      1.9852     -0.8777
    79         H          1.6747      1.9842      0.8803
    80         H          3.9727      0.8615      0.8705
    81         H          3.9735      0.8806     -0.8877
    82         H          3.7014      3.4321     -0.8386
    83         H          3.7731      3.3962      0.9183
    84         H          6.0710      2.1157      0.6606
    85         H          5.9905      2.4958     -1.0455
    86         H          7.3699      4.1539      0.1241
    87         H          6.2439      5.7291      1.8415
    88         H          4.8446      4.6645      1.8526
    89         H          4.9578      2.4056      3.0668
    90         H          7.9613      6.7544      3.5421
    91         H         13.7852      9.4354      0.3864
    92         H         17.0064      7.1783     -3.6594
    93         H         14.2476      6.4639     -3.8474
    94         H         13.2217      7.3183     -2.7022
    95         H         15.3223      8.6622     -4.5437
    96         H         13.3273      7.6254     -5.7010
    97         H         12.2293      8.5654     -4.7049
    98         H         13.1896     10.7184     -5.6267
    99         H         14.4037      9.8189     -6.5280
   100         H         12.5648      8.6226     -7.8224
   101         H         11.3429      9.4843     -6.8977
   102         H         12.2785     11.7097     -7.7312
   103         H         13.5098     10.8520     -8.6465
   104         H         11.6859      9.6271     -9.9528
   105         H         10.4544     10.4819     -9.0356
   106         H         10.8871     11.6451    -11.2233
   107         H         11.3535     12.7105     -9.8977
   108         H         12.5909     11.8525    -10.8181
   109         H         13.1371     10.3350     -3.2855
   110         H         14.1697      9.6133     -2.0847
   111         H         16.2317     10.5155     -3.2039
   112         H         15.2693     11.1980     -4.5062
   113         H         13.9908     12.6269     -2.8227
   114         H         14.9353     11.9356     -1.5118
   115         H         15.9176     14.1325     -2.2440
   116         H         17.0742     12.8416     -2.5685
   117         H         16.1278     13.5320     -3.8888
   118         H         19.0886      8.5688     -3.1250
   119         H         21.5533      8.4798     -3.3336
   120         H         19.1393      5.4673     -0.1078
   121         H         20.9885      4.0135      1.1519
   122         H         23.1016      2.9808      1.9900
   123         H         25.2879      3.6738      1.0872
   124         H         25.4575      5.4041     -0.6845
   125         H         25.0414      6.8473     -2.5675
   126         H         23.8269      7.9194     -3.2807
   127         H         25.3510      9.2112     -1.7250
   128         H         23.7056      9.2409     -1.0811
   129         H         24.9115      8.1664     -0.3684
   130         H          5.8066     -1.9273      7.3123
   131         H          5.6094      4.8171     -1.7660
   132         H          4.7123      5.6116     -0.4808
   133         H          6.8302      6.9522      0.1190
   134         H          7.6799      6.1595     -1.1986
   135         H          5.9483      7.0531     -2.8514
   136         H          5.0971      7.8437     -1.5327
   137         H          6.6526      9.4592     -2.6714
   138         H          7.1790      9.2208     -1.0054
   139         H          8.0386      8.4252     -2.3258

  H: (RM1): G.B. ROCHA, R.O. FREIRE, A.M.SIMAS, J.J.P. STEWART, J. COMP. CHEM. 27, 1101 (2006)
  C: (RM1): G.B. ROCHA, R.O. FREIRE, A.M.SIMAS, J.J.P. STEWART, J. COMP. CHEM. 27, 1101 (2006)
  N: (RM1): G.B. ROCHA, R.O. FREIRE, A.M.SIMAS, J.J.P. STEWART, J. COMP. CHEM. 27, 1101 (2006)
  O: (RM1): G.B. ROCHA, R.O. FREIRE, A.M.SIMAS, J.J.P. STEWART, J. COMP. CHEM. 27, 1101 (2006)
  S: (RM1): G.B. ROCHA, R.O. FREIRE, A.M.SIMAS, J.J.P. STEWART, J. COMP. CHEM. 27, 1101 (2006)

           Empirical Formula: C60 H68 N4 O3 S4  =   139 atoms



      MOLECULAR POINT GROUP   :   C1  


      RHF CALCULATION, NO. OF DOUBLY OCCUPIED LEVELS = 185


          Geometry optimization using L-BFGS
 CYCLE:     1 TIME:   0.594 TIME LEFT:  2.00D  GRAD.:     1.525 HEAT:  70.47234
 CYCLE:     2 TIME:   0.254 TIME LEFT:  2.00D  GRAD.:     1.299 HEAT:  70.47232
 CYCLE:     3 TIME:   0.281 TIME LEFT:  2.00D  GRAD.:     1.400 HEAT:  70.47222
 CYCLE:     4 TIME:   0.289 TIME LEFT:  2.00D  GRAD.:     1.313 HEAT:  70.47232
 CYCLE:     5 TIME:   0.309 TIME LEFT:  2.00D  GRAD.:     1.399 HEAT:  70.47222
 CYCLE:     6 TIME:   0.266 TIME LEFT:  2.00D  GRAD.:     1.105 HEAT:  70.47215
 CYCLE:     7 TIME:   0.270 TIME LEFT:  2.00D  GRAD.:     1.406 HEAT:  70.47205
 CYCLE:     8 TIME:   0.262 TIME LEFT:  2.00D  GRAD.:     2.665 HEAT:  70.47205
 CYCLE:     9 TIME:   0.238 TIME LEFT:  2.00D  GRAD.:     0.597 HEAT:  70.47200
 CYCLE:    10 TIME:   0.250 TIME LEFT:  2.00D  GRAD.:     0.474 HEAT:  70.47199
 CYCLE:    11 TIME:   0.242 TIME LEFT:  2.00D  GRAD.:     0.475 HEAT:  70.47197
 CYCLE:    12 TIME:   0.281 TIME LEFT:  2.00D  GRAD.:     0.506 HEAT:  70.47194
 CYCLE:    13 TIME:   0.281 TIME LEFT:  2.00D  GRAD.:     0.553 HEAT:  70.47193
 CYCLE:    14 TIME:   0.262 TIME LEFT:  2.00D  GRAD.:     0.313 HEAT:  70.47192
 CYCLE:    15 TIME:   0.230 TIME LEFT:  2.00D  GRAD.:     0.167 HEAT:  70.47192
 CYCLE:    16 TIME:   0.230 TIME LEFT:  2.00D  GRAD.:     0.164 HEAT:  70.47192
 CYCLE:    17 TIME:   0.242 TIME LEFT:  2.00D  GRAD.:     0.219 HEAT:  70.47191
 CYCLE:    18 TIME:   0.258 TIME LEFT:  2.00D  GRAD.:     0.363 HEAT:  70.47191
 CYCLE:    19 TIME:   0.254 TIME LEFT:  2.00D  GRAD.:     0.167 HEAT:  70.47191
 CYCLE:    20 TIME:   0.223 TIME LEFT:  2.00D  GRAD.:     0.160 HEAT:  70.47191
 CYCLE:    21 TIME:   0.238 TIME LEFT:  2.00D  GRAD.:     0.215 HEAT:  70.47190
 CYCLE:    22 TIME:   0.230 TIME LEFT:  2.00D  GRAD.:     0.208 HEAT:  70.47190
 CYCLE:    23 TIME:   0.242 TIME LEFT:  2.00D  GRAD.:     0.210 HEAT:  70.47190
 CYCLE:    24 TIME:   0.211 TIME LEFT:  2.00D  GRAD.:     0.226 HEAT:  70.47189
 CYCLE:    25 TIME:   0.270 TIME LEFT:  2.00D  GRAD.:     0.200 HEAT:  70.47189
 CYCLE:    26 TIME:   0.242 TIME LEFT:  2.00D  GRAD.:     0.154 HEAT:  70.47189
 CYCLE:    27 TIME:   0.242 TIME LEFT:  2.00D  GRAD.:     0.169 HEAT:  70.47188
 CYCLE:    28 TIME:   0.242 TIME LEFT:  2.00D  GRAD.:     0.202 HEAT:  70.47188
 CYCLE:    29 TIME:   0.270 TIME LEFT:  2.00D  GRAD.:     0.123 HEAT:  70.47188
 CYCLE:    30 TIME:   0.242 TIME LEFT:  2.00D  GRAD.:     0.131 HEAT:  70.47188
 CYCLE:    31 TIME:   0.250 TIME LEFT:  2.00D  GRAD.:     0.136 HEAT:  70.47188
 CYCLE:    32 TIME:   0.254 TIME LEFT:  2.00D  GRAD.:     0.308 HEAT:  70.47188
 CYCLE:    33 TIME:   0.258 TIME LEFT:  2.00D  GRAD.:     0.124 HEAT:  70.47187
 CYCLE:    34 TIME:   0.242 TIME LEFT:  2.00D  GRAD.:     0.137 HEAT:  70.47187
 CYCLE:    35 TIME:   0.262 TIME LEFT:  2.00D  GRAD.:     0.149 HEAT:  70.47187
 CYCLE:    36 TIME:   0.270 TIME LEFT:  2.00D  GRAD.:     0.243 HEAT:  70.47187
 CYCLE:    37 TIME:   0.273 TIME LEFT:  2.00D  GRAD.:     0.130 HEAT:  70.47187
 CYCLE:    38 TIME:   0.262 TIME LEFT:  2.00D  GRAD.:     0.150 HEAT:  70.47187
 CYCLE:    39 TIME:   0.262 TIME LEFT:  2.00D  GRAD.:     0.197 HEAT:  70.47187
 CYCLE:    40 TIME:   0.242 TIME LEFT:  2.00D  GRAD.:     0.200 HEAT:  70.47186
 CYCLE:    41 TIME:   0.281 TIME LEFT:  2.00D  GRAD.:     0.127 HEAT:  70.47186
 CYCLE:    42 TIME:   0.273 TIME LEFT:  2.00D  GRAD.:     0.141 HEAT:  70.47186
 CYCLE:    43 TIME:   0.289 TIME LEFT:  2.00D  GRAD.:     0.118 HEAT:  70.47186
 CYCLE:    44 TIME:   0.242 TIME LEFT:  2.00D  GRAD.:     0.138 HEAT:  70.47185
 CYCLE:    45 TIME:   0.293 TIME LEFT:  2.00D  GRAD.:     0.158 HEAT:  70.47185
 CYCLE:    46 TIME:   0.266 TIME LEFT:  2.00D  GRAD.:     0.265 HEAT:  70.47185
 CYCLE:    47 TIME:   0.246 TIME LEFT:  2.00D  GRAD.:     0.319 HEAT:  70.47185
 CYCLE:    48 TIME:   0.250 TIME LEFT:  2.00D  GRAD.:     0.144 HEAT:  70.47185
 CYCLE:    49 TIME:   0.270 TIME LEFT:  2.00D  GRAD.:     0.244 HEAT:  70.47184
 CYCLE:    50 TIME:   0.262 TIME LEFT:  2.00D  GRAD.:     0.202 HEAT:  70.47184
 CYCLE:    51 TIME:   0.250 TIME LEFT:  2.00D  GRAD.:     0.225 HEAT:  70.47184
 CYCLE:    52 TIME:   0.250 TIME LEFT:  2.00D  GRAD.:     0.184 HEAT:  70.47184
 CYCLE:    53 TIME:   0.273 TIME LEFT:  2.00D  GRAD.:     0.181 HEAT:  70.47183
 CYCLE:    54 TIME:   0.250 TIME LEFT:  2.00D  GRAD.:     0.179 HEAT:  70.47183
 CYCLE:    55 TIME:   0.273 TIME LEFT:  2.00D  GRAD.:     0.176 HEAT:  70.47183
 CYCLE:    56 TIME:   0.270 TIME LEFT:  2.00D  GRAD.:     0.185 HEAT:  70.47182
 CYCLE:    57 TIME:   0.289 TIME LEFT:  2.00D  GRAD.:     0.235 HEAT:  70.47182
 CYCLE:    58 TIME:   0.254 TIME LEFT:  2.00D  GRAD.:     0.239 HEAT:  70.47182
 CYCLE:    59 TIME:   0.371 TIME LEFT:  2.00D  GRAD.:     0.179 HEAT:  70.47181
 CYCLE:    60 TIME:   0.250 TIME LEFT:  2.00D  GRAD.:     0.146 HEAT:  70.47181
 CYCLE:    61 TIME:   0.262 TIME LEFT:  2.00D  GRAD.:     0.557 HEAT:  70.47181
 CYCLE:    62 TIME:   0.273 TIME LEFT:  2.00D  GRAD.:     0.188 HEAT:  70.47181
 CYCLE:    63 TIME:   0.270 TIME LEFT:  2.00D  GRAD.:     0.278 HEAT:  70.47180
 CYCLE:    64 TIME:   0.277 TIME LEFT:  2.00D  GRAD.:     0.140 HEAT:  70.47180
 CYCLE:    65 TIME:   0.285 TIME LEFT:  2.00D  GRAD.:     0.433 HEAT:  70.47180
 CYCLE:    66 TIME:   0.273 TIME LEFT:  2.00D  GRAD.:     0.268 HEAT:  70.47180
 CYCLE:    67 TIME:   0.281 TIME LEFT:  2.00D  GRAD.:     0.163 HEAT:  70.47179
 CYCLE:    68 TIME:   0.270 TIME LEFT:  2.00D  GRAD.:     0.248 HEAT:  70.47179
 CYCLE:    69 TIME:   0.281 TIME LEFT:  2.00D  GRAD.:     0.259 HEAT:  70.47179
 CYCLE:    70 TIME:   0.273 TIME LEFT:  2.00D  GRAD.:     0.416 HEAT:  70.47179
 CYCLE:    71 TIME:   0.250 TIME LEFT:  2.00D  GRAD.:     0.271 HEAT:  70.47178
 CYCLE:    72 TIME:   0.254 TIME LEFT:  2.00D  GRAD.:     0.279 HEAT:  70.47178
 CYCLE:    73 TIME:   0.410 TIME LEFT:  2.00D  GRAD.:     0.176 HEAT:  70.47178
 CYCLE:    74 TIME:   0.289 TIME LEFT:  2.00D  GRAD.:     0.107 HEAT:  70.47178
 CYCLE:    75 TIME:   0.281 TIME LEFT:  2.00D  GRAD.:     0.193 HEAT:  70.47177
 CYCLE:    76 TIME:   0.262 TIME LEFT:  2.00D  GRAD.:     0.809 HEAT:  70.47177
 CYCLE:    77 TIME:   0.270 TIME LEFT:  2.00D  GRAD.:     0.156 HEAT:  70.47177
 CYCLE:    78 TIME:   0.254 TIME LEFT:  2.00D  GRAD.:     0.141 HEAT:  70.47177
 CYCLE:    79 TIME:   0.281 TIME LEFT:  2.00D  GRAD.:     0.128 HEAT:  70.47176
 CYCLE:    80 TIME:   0.242 TIME LEFT:  2.00D  GRAD.:     0.195 HEAT:  70.47176
 CYCLE:    81 TIME:   0.312 TIME LEFT:  2.00D  GRAD.:     1.796 HEAT:  70.47178
 CYCLE:    82 TIME:   0.281 TIME LEFT:  2.00D  GRAD.:     0.419 HEAT:  70.47176
 CYCLE:    83 TIME:   0.270 TIME LEFT:  2.00D  GRAD.:     0.267 HEAT:  70.47175
 CYCLE:    84 TIME:   0.250 TIME LEFT:  2.00D  GRAD.:     0.161 HEAT:  70.47175
 CYCLE:    85 TIME:   0.293 TIME LEFT:  2.00D  GRAD.:     0.132 HEAT:  70.47175
 CYCLE:    86 TIME:   0.270 TIME LEFT:  2.00D  GRAD.:     0.187 HEAT:  70.47175
 CYCLE:    87 TIME:   0.270 TIME LEFT:  2.00D  GRAD.:     0.135 HEAT:  70.47174
 CYCLE:    88 TIME:   0.254 TIME LEFT:  2.00D  GRAD.:     0.159 HEAT:  70.47174
 CYCLE:    89 TIME:   0.262 TIME LEFT:  2.00D  GRAD.:     0.175 HEAT:  70.47174
 CYCLE:    90 TIME:   0.262 TIME LEFT:  2.00D  GRAD.:     0.247 HEAT:  70.47174
 CYCLE:    91 TIME:   0.250 TIME LEFT:  2.00D  GRAD.:     0.424 HEAT:  70.47174
 CYCLE:    92 TIME:   0.262 TIME LEFT:  2.00D  GRAD.:     0.126 HEAT:  70.47173
 CYCLE:    93 TIME:   0.262 TIME LEFT:  2.00D  GRAD.:     0.189 HEAT:  70.47173
 CYCLE:    94 TIME:   0.258 TIME LEFT:  2.00D  GRAD.:     0.104 HEAT:  70.47173
 CYCLE:    95 TIME:   0.266 TIME LEFT:  2.00D  GRAD.:     0.435 HEAT:  70.47173
 CYCLE:    96 TIME:   0.277 TIME LEFT:  2.00D  GRAD.:     0.429 HEAT:  70.47173
 CYCLE:    97 TIME:   0.254 TIME LEFT:  2.00D  GRAD.:     0.431 HEAT:  70.47173
 CYCLE:    98 TIME:   0.281 TIME LEFT:  2.00D  GRAD.:     0.122 HEAT:  70.47173
 CYCLE:    99 TIME:   0.230 TIME LEFT:  2.00D  GRAD.:     0.113 HEAT:  70.47173
 CYCLE:   100 TIME:   0.270 TIME LEFT:  2.00D  GRAD.:     0.111 HEAT:  70.47172
 CYCLE:   101 TIME:   0.273 TIME LEFT:  2.00D  GRAD.:     0.166 HEAT:  70.47172
 CYCLE:   102 TIME:   0.270 TIME LEFT:  2.00D  GRAD.:     0.133 HEAT:  70.47172
 CYCLE:   103 TIME:   0.273 TIME LEFT:  2.00D  GRAD.:     0.158 HEAT:  70.47171
 CYCLE:   104 TIME:   0.277 TIME LEFT:  2.00D  GRAD.:     0.360 HEAT:  70.47171
 CYCLE:   105 TIME:   0.273 TIME LEFT:  2.00D  GRAD.:     0.232 HEAT:  70.47171
 CYCLE:   106 TIME:   0.262 TIME LEFT:  2.00D  GRAD.:     0.138 HEAT:  70.47171
 CYCLE:   107 TIME:   0.273 TIME LEFT:  2.00D  GRAD.:     0.144 HEAT:  70.47171
 CYCLE:   108 TIME:   0.270 TIME LEFT:  2.00D  GRAD.:     0.154 HEAT:  70.47171
 CYCLE:   109 TIME:   0.270 TIME LEFT:  2.00D  GRAD.:     0.200 HEAT:  70.47170
 CYCLE:   110 TIME:   0.254 TIME LEFT:  2.00D  GRAD.:     0.140 HEAT:  70.47170
 CYCLE:   111 TIME:   0.258 TIME LEFT:  2.00D  GRAD.:     0.276 HEAT:  70.47170
 CYCLE:   112 TIME:   0.273 TIME LEFT:  2.00D  GRAD.:     0.205 HEAT:  70.47170
 CYCLE:   113 TIME:   0.250 TIME LEFT:  2.00D  GRAD.:     0.108 HEAT:  70.47170
 CYCLE:   114 TIME:   0.254 TIME LEFT:  2.00D  GRAD.:     0.284 HEAT:  70.47169
 CYCLE:   115 TIME:   0.273 TIME LEFT:  2.00D  GRAD.:     0.127 HEAT:  70.47169
 CYCLE:   116 TIME:   0.258 TIME LEFT:  2.00D  GRAD.:     0.105 HEAT:  70.47169
 CYCLE:   117 TIME:   0.273 TIME LEFT:  2.00D  GRAD.:     0.108 HEAT:  70.47169
 CYCLE:   118 TIME:   0.277 TIME LEFT:  2.00D  GRAD.:     0.092 HEAT:  70.47169

 -------------------------------------------------------------------------------
 RM1 PRECISE POLAR GNORM=0.1




     HERBERTS TEST WAS SATISFIED IN BFGS                      
     SCF FIELD WAS ACHIEVED                                   


                              RM1 CALCULATION
                                                       MOPAC2016 (Version: 21.186W)
                                                       Mon Oct 25 14:06:20 2021
                                                       No. of days remaining = 253




          FINAL HEAT OF FORMATION =         70.47169 KCAL/MOL =     294.85354 KJ/MOL


          TOTAL ENERGY            =     -11017.45945 EV
          ELECTRONIC ENERGY       =    -143430.78978 EV  POINT GROUP:     C1  
          CORE-CORE REPULSION     =     132413.33033 EV
          COSMO AREA              =       1012.47 SQUARE ANGSTROMS
          COSMO VOLUME            =       1268.54 CUBIC ANGSTROMS

          GRADIENT NORM           =          0.09184 = 0.00779 PER ATOM
          IONIZATION POTENTIAL    =          8.167579 EV
          HOMO LUMO ENERGIES (EV) =         -8.168 -1.663
          NO. OF FILLED LEVELS    =        185
          MOLECULAR WEIGHT        =       1021.4622

          MOLECULAR DIMENSIONS (Angstroms)

            Atom       Atom       Distance
            H   127    H    73    27.77051
            H   130    H   106    20.86508
            O    21    H   123    10.75154


          SCF CALCULATIONS        =        119
 
          WALL-CLOCK TIME         =         31.863 SECONDS
          COMPUTATION TIME        =  1 MINUTE AND  2.937 SECONDS




  ATOM    CHEMICAL      BOND LENGTH      BOND ANGLE     TWIST ANGLE 
 NUMBER    SYMBOL       (ANGSTROMS)      (DEGREES)       (DEGREES) 
   (I)                     NA:I           NB:NA:I       NC:NB:NA:I       NA    NB    NC 
     1       C          0.00000000       0.0000000       0.0000000        0     0     0
     2       C          1.51998271  *    0.0000000       0.0000000        1     0     0
     3       C          1.52668254  *  110.7389049  *    0.0000000        2     1     0
     4       C          1.52688620  *  110.7949337  * -179.8830376  *     3     2     1
     5       C          1.52777594  *  110.7600810  * -179.4305936  *     4     3     2
     6       C          1.52619414  *  110.6826918  * -177.6212295  *     5     4     3
     7       C          1.53272274  *  112.7643974  * -168.7824989  *     6     5     4
     8       C          1.53480619  *  110.4094363  *   64.1137802  *     7     6     5
     9       C          1.48248550  *  110.9530178  *   66.5392245  *     8     7     6
    10       C          1.43566888  *  122.7307825  *  -97.1835556  *     9     8     7
    11       C          1.36696248  *  111.9354936  * -179.3694061  *    10     9     8
    12       S          1.71008627  *  112.4356317  *   -0.2904827  *    11    10     9
    13       C          1.36794332  *  125.6335344  *   83.3776936  *     9     8     7
    14       C          1.42932214  *  126.6413384  * -177.9345622  *    13     9    10
    15       S          1.72358029  *  120.9781434  * -113.0881255  *    14    13     9
    16       C          1.70339715  *   91.6865894  * -179.9875997  *    15    14    13
    17       C          1.38673381  *  111.4246994  *   -0.2252489  *    16    15    14
    18       C          1.36452505  *  126.0707244  *   66.6795360  *    14    13     9
    19       C          1.42194533  *  118.9556010  * -179.9108402  *    17    16    15
    20       N          1.34700856  *  133.9169401  *  179.8655093  *    19    17    16
    21       O          1.33998023  *  106.4136854  * -179.9420095  *    20    19    17
    22       N          1.33987212  *  113.8515846  *    0.0081889  *    21    20    19
    23       C          1.34703964  *  106.4367970  *   -0.0071636  *    22    21    20
    24       C          1.42232527  *  133.9195673  *  179.9400959  *    23    22    21
    25       C          1.38696683  *  118.9763083  * -179.8692577  *    24    23    22
    26       S          1.70280290  *  111.4181793  *  179.9423891  *    25    24    23
    27       C          1.72588504  *   91.7084688  *   -0.0880046  *    26    25    24
    28       C          1.36388045  *  112.8484921  *    0.1983255  *    27    26    25
    29       C          1.42902231  *  120.2125303  *  179.5434321  *    27    26    25
    30       S          1.71783070  *  120.2994689  *   84.0916684  *    29    27    28
    31       C          1.71358017  *   91.4376168  *  179.5156554  *    30    29    27
    32       C          1.36325784  *  112.3425781  *    0.4901303  *    31    30    29
    33       C          1.36579355  *  127.3725885  *  -95.5453048  *    29    27    28
    34       C          1.48187487  *  126.0581903  *   -0.8217064  *    33    29    27
    35       C          1.53859226  *  111.2514356  *  118.5300522  *    34    33    29
    36       C          1.53538625  *  108.3631432  *  173.4200547  *    35    34    33
    37       C          1.52630924  *  112.1402507  * -173.9722952  *    36    35    34
    38       C          1.52841057  *  110.5420870  *  174.4260447  *    37    36    35
    39       C          1.52694798  *  110.7242448  *  178.7211277  *    38    37    36
    40       C          1.52668250  *  110.8089171  *  179.6380876  *    39    38    37
    41       C          1.52000337  *  110.7685745  *  179.8932263  *    40    39    38
    42       C          1.53600107  *  110.1415510  *  -64.1126814  *    35    34    33
    43       C          1.52844719  *  111.9631452  * -107.2975273  *    42    35    36
    44       C          1.52714606  *  110.7656202  *  176.6162981  *    43    42    35
    45       C          1.52004113  *  110.7459427  *  178.8460813  *    44    43    42
    46       C          1.44419759  *  121.8928934  *  179.6927546  *    31    30    29
    47       C          1.40320537  *  118.5645801  *   43.5043653  *    46    31    32
    48       C          1.38516625  *  121.5346280  * -179.3817598  *    47    46    31
    49       C          1.39273644  *  117.4997310  *    0.0680757  *    48    47    46
    50       C          1.42256229  *  121.2060672  *   -0.4723647  *    49    48    47
    51       C          1.38298699  *  120.5199416  *    0.7005819  *    50    49    48
    52       C          1.44123072  *  107.0672900  * -179.2455885  *    50    49    48
    53       C          1.38504320  *  132.7153483  *   -0.1448675  *    52    50    51
    54       C          1.38716564  *  118.3144253  * -179.2415269  *    53    52    50
    55       C          1.39830473  *  121.0890304  *   -0.0224033  *    54    53    52
    56       C          1.38659966  *  121.7301519  *   -0.2370349  *    55    54    53
    57       C          1.39200128  *  117.2051000  *   -0.0337916  *    56    55    54
    58       N          1.41033764  *  129.6210122  *  176.2993948  *    49    48    47
    59       C          1.46083490  *  124.7683658  *   19.7864258  *    58    49    48
    60       C          1.52726745  *  112.1020746  *   82.1906333  *    59    58    49
    61       C          1.43658311  *  126.9060195  * -179.0556474  *    11    10     9
    62       C          1.34474246  *  122.8808961  *  -38.1718802  *    61    11    10
    63       C          1.47154453  *  123.0193882  *  177.8427947  *    62    61    11
    64       O          1.21876582  *  127.3247847  * -156.9600004  *    63    62    61
    65       O          1.35219450  *  113.3166837  *   22.9927497  *    63    62    61
    66       C          1.41901682  *  122.9447796  *   -2.6458578  *    62    61    11
    67       N          1.15625476  *  178.9867827  * -148.4517937  *    66    62    61
    68       C          1.53290984  *  110.7835191  *  -58.4434797  *     7     6     5
    69       C          1.52773983  *  111.8732624  * -157.9396473  *    68     7     6
    70       C          1.52747725  *  110.6479810  * -178.7597132  *    69    68     7
    71       C          1.52002935  *  110.7388168  * -179.6631294  *    70    69    68
    72       H          1.09985819  *  116.0930057  *  141.8855444  *    61    11    10
    73       H          1.09964998  *  111.8375436  * -179.9448621  *     1     2     3
    74       H          1.09961100  *  112.2707460  *  -60.1351837  *     1     2     3
    75       H          1.09955384  *  112.3061730  *   60.1892309  *     1     2     3
    76       H          1.11063405  *  110.0949584  *   62.4059815  *     2     1    74
    77       H          1.11061340  *  110.1556182  *  -62.3859110  *     2     1    75
    78       H          1.11055338  *  110.1859608  * -179.6522381  *     3     2    76
    79       H          1.11060393  *  110.2226217  *  -64.6552149  *     3     2    76
    80       H          1.11085894  *  110.1783859  * -179.3711735  *     4     3    78
    81       H          1.11047952  *  110.4074824  *  -64.2445556  *     4     3    78
    82       H          1.11026376  *  109.9274113  * -177.4497358  *     5     4    80
    83       H          1.11279185  *  110.3074812  * -177.7873861  *     5     4    81
    84       H          1.11132993  *  110.4988623  * -167.9400375  *     6     5    82
    85       H          1.11141391  *  109.9071391  *  -53.8889822  *     6     5    82
    86       H          1.12164286  *  107.7925251  *   58.8696163  *     7     6    84
    87       H          1.11117377  *  110.8858384  * -171.5068481  *     8     7     6
    88       H          1.11392688  *  110.5307368  * -174.0619328  *     8     7    86
    89       H          1.08976319  *  122.2910016  * -178.2534222  *    10     9    13
    90       H          1.08857596  *  125.9168200  *    0.5132443  *    18    14    13
    91       H          1.08842985  *  125.9069089  *    0.2259617  *    28    27    29
    92       H          1.08733415  *  124.9106324  *    1.9800766  *    32    31    46
    93       H          1.11245921  *  108.3813910  * -119.4231136  *    34    33    29
    94       H          1.11074632  *  111.2487732  *   -4.9463196  *    34    33    29
    95       H          1.12021217  *  108.2407107  *  -64.3180087  *    35    34    93
    96       H          1.11185165  *  109.7279419  * -173.5976914  *    36    35    42
    97       H          1.11071114  *  110.5590438  *  179.5961178  *    36    35    95
    98       H          1.10997890  *  110.8402586  *  174.4444310  *    37    36    96
    99       H          1.11063142  *  110.4994307  *  175.9288196  *    37    36    97
   100       H          1.11060684  *  110.4546854  *  178.4768907  *    38    37    98
   101       H          1.11053759  *  110.3126525  *  -66.3159166  *    38    37    98
   102       H          1.11056741  *  110.4328043  *  179.4997688  *    39    38   100
   103       H          1.11053995  *  110.3981389  *  179.6456726  *    39    38   101
   104       H          1.11062425  *  110.5360708  *  179.7123969  *    40    39   102
   105       H          1.11061652  *  110.5157864  *  -64.9702542  *    40    39   102
   106       H          1.09964654  *  111.8535351  *   57.3947763  *    41    40   104
   107       H          1.09958017  *  112.2908945  *   62.3853423  *    41    40   105
   108       H          1.09956555  *  112.2910990  * -177.3108809  *    41    40   105
   109       H          1.11053176  *  111.0940234  *  136.9103180  *    42    35    95
   110       H          1.11216852  *  110.9974752  * -109.0107053  *    42    35    95
   111       H          1.11104819  *  110.1724684  *  174.3251242  *    43    42   109
   112       H          1.11016371  *  110.9393571  *  -70.3411799  *    43    42   109
   113       H          1.11067081  *  110.5644475  *  179.0515304  *    44    43   111
   114       H          1.11066770  *  110.5743022  *  179.5903437  *    44    43   112
   115       H          1.09968420  *  111.8254065  *   57.2253508  *    45    44   113
   116       H          1.09956533  *  112.3024353  *  177.0389159  *    45    44   113
   117       H          1.09955801  *  112.3017460  *  -62.6115623  *    45    44   113
   118       H          1.09512511  *  119.3064377  * -179.3589029  *    47    46    51
   119       H          1.09143194  *  120.6542878  * -179.9091340  *    48    47    46
   120       H          1.09313488  *  120.1998255  *  179.1165852  *    51    50    49
   121       H          1.09275462  *  120.3298383  * -179.5089920  *    53    52    57
   122       H          1.09347469  *  119.6548332  *  179.9196046  *    54    53    52
   123       H          1.09469140  *  119.0818393  *  179.7267719  *    55    54    53
   124       H          1.09128052  *  120.9851930  *  179.9662948  *    56    55    54
   125       H          1.11526302  *  108.5079277  * -155.0721771  *    59    58    49
   126       H          1.11438561  *  109.0737702  *  -41.0897851  *    59    58    49
   127       H          1.09941599  *  111.1996079  *   58.0105007  *    60    59   125
   128       H          1.09949820  *  112.3496793  *   61.4957119  *    60    59   126
   129       H          1.09987997  *  112.2018339  * -178.1563975  *    60    59   126
   130       H          0.96800543  *  111.0982359  *   -0.5757055  *    65    63    64
   131       H          1.11128808  *  110.0955005  *   82.2301828  *    68     7    86
   132       H          1.11049112  *  110.6384527  * -162.7143040  *    68     7    86
   133       H          1.10985801  *  111.0192353  * -178.5711773  *    69    68   131
   134       H          1.11076377  *  110.4741271  * -177.3292823  *    69    68   132
   135       H          1.11061576  *  110.5609386  *  179.6987648  *    70    69   133
   136       H          1.11063765  *  110.5530950  *  -64.9381440  *    70    69   133
   137       H          1.09968501  *  111.8230457  *   57.3271883  *    71    70   135
   138       H          1.09960215  *  112.3096456  *   62.2875025  *    71    70   136
   139       H          1.09954375  *  112.3240277  * -177.3505900  *    71    70   136

                             CARTESIAN COORDINATES

   1    C        0.000000000     0.000000000     0.000000000
   2    C        1.519982706     0.000000000     0.000000000
   3    C        2.060596175     1.427759307     0.000000000
   4    C        3.587478866     1.429253483    -0.002913904
   5    C        4.127637473     2.858283358     0.011284948
   6    C        5.652564050     2.858782302    -0.050902104
   7    C        6.257326708     4.237897622     0.234653604
   8    C        5.943535006     4.672565776     1.672787256
   9    C        6.632144856     3.799021489     2.652838334
  10    C        5.984139688     2.689626709     3.293523635
  11    C        6.817490950     2.045033657     4.164506924
  12    S        8.374980060     2.749013165     4.219603087
  13    C        7.927559973     3.936152155     3.070407228
  14    C        8.848935838     4.953780447     2.672335689
  15    S       10.242373726     4.570748131     1.733002894
  16    C       10.736889287     6.200621139     1.709977197
  17    C        9.848230554     7.009419777     2.402191810
  18    C        8.751304427     6.283733723     2.961508646
  19    C       10.106945662     8.405327008     2.482429052
  20    N        9.467432057     9.442589272     3.056486034
  21    O       10.199252461    10.532984946     2.789984259
  22    N       11.298727523    10.283904159     2.065849846
  23    C       11.308818131     8.957317397     1.832222964
  24    C       12.189910807     8.084945204     1.135335870
  25    C       11.893507543     6.730987943     1.084132159
  26    S       13.069899486     5.869749561     0.204411666
  27    C       13.967582487     7.310840663    -0.105589659
  28    C       13.396116105     8.419684675     0.445827621
  29    C       15.181087122     7.254250978    -0.858124626
  30    S       16.695155098     7.144249413    -0.054109613
  31    C       17.534714921     7.112576018    -1.547593164
  32    C       16.693161009     7.193940109    -2.617003675
  33    C       15.316096271     7.283666744    -2.216910581
  34    C       14.211689900     7.364708553    -3.201629791
  35    C       14.313938947     8.644022445    -4.050256474
  36    C       13.244676873     8.581487991    -5.150337835
  37    C       13.364241531     9.741280002    -6.135328534
  38    C       12.375526177     9.569894098    -7.288197860
  39    C       12.469555287    10.744119653    -8.259754857
  40    C       11.488958120    10.570475496    -9.416922246
  41    C       11.581462698    11.741091410   -10.382070691
  42    C       14.141689186     9.884136305    -3.160454857
  43    C       15.220600124    10.933408318    -3.427157413
  44    C       14.975712340    12.186775067    -2.589734670
  45    C       16.064592876    13.218838236    -2.834090647
  46    C       18.974956238     7.027060156    -1.611613938
  47    C       19.657349711     7.861464317    -2.509998134
  48    C       21.036647801     7.821539173    -2.630945623
  49    C       21.726877484     6.918244061    -1.826361436
  50    C       21.041014445     6.075956503    -0.907760855
  51    C       19.662893471     6.125984318    -0.803200796
  52    C       22.039303648     5.287661390    -0.230150742
  53    C       21.960744772     4.316961790     0.754692124
  54    C       23.139858272     3.748374909     1.213635289
  55    C       24.379115809     4.140928124     0.698466536
  56    C       24.484713484     5.106311464    -0.291251984
  57    C       23.301419736     5.673201078    -0.756138667
  58    N       23.104133084     6.616820286    -1.789442890
  59    C       24.160209708     7.480421832    -2.311872933
  60    C       24.547591114     8.577368188    -1.322332533
  61    C        6.508298753     0.888122421     4.958060709
  62    C        5.310268731     0.700452020     5.539297466
  63    C        4.975007766    -0.504662379     6.314373388
  64    O        3.864208146    -0.951342430     6.542389284
  65    O        6.060625697    -1.146619614     6.801974232
  66    C        4.260260658     1.652280450     5.467782348
  67    N        3.398282056     2.421913515     5.427996548
  68    C        5.734779498     5.278077503    -0.762734381
  69    C        6.670728521     6.480418249    -0.873933031
  70    C        6.108899725     7.511850079    -1.850500253
  71    C        7.042655860     8.705393538    -1.969002221
  72    H        7.314932158     0.148931709     5.070433644
  73    H       -0.409043570    -1.020741136     0.000982299
  74    H       -0.416734665     0.506711201     0.882451316
  75    H       -0.417342078     0.505724072    -0.882659274
  76    H        1.901571088    -0.561048066     0.879274343
  77    H        1.902668022    -0.561341118    -0.878584218
  78    H        1.670630933     1.985185678    -0.877799387
  79    H        1.674744402     1.984359888     0.880201844
  80    H        3.972886642     0.861116801     0.870406852
  81    H        3.973545708     0.880690005    -0.887897102
  82    H        3.701757495     3.432262158    -0.838338616
  83    H        3.773284028     3.396098853     0.918750555
  84    H        6.071338873     2.115252249     0.661028317
  85    H        5.990880046     2.495413014    -1.045259143
  86    H        7.370421904     4.153342044     0.125327723
  87    H        6.243623971     5.729028674     1.841724822
  88    H        4.844199027     4.664421640     1.852306515
  89    H        4.956626347     2.405732892     3.067239633
  90    H        7.960729794     6.754364913     3.543312440
  91    H       13.785756669     9.434341923     0.388117620
  92    H       17.006151269     7.173615799    -3.658118262
  93    H       14.249470339     6.458984593    -3.846457088
  94    H       13.221476753     7.311195425    -2.701258281
  95    H       15.320504021     8.659309850    -4.541650769
  96    H       13.327471871     7.618499077    -5.699893493
  97    H       12.227559403     8.557249586    -4.704732877
  98    H       13.185487798    10.711469192    -5.626572017
  99    H       14.400792089     9.813091461    -6.527639903
 100    H       12.563359468     8.614127974    -7.821749484
 101    H       11.340394414     9.474666955    -6.897393867
 102    H       12.273375592    11.701094777    -7.731482102
 103    H       13.505723563    10.844481367    -8.646512946
 104    H       11.683407678     9.617246774    -9.952674612
 105    H       10.450654590    10.470583282    -9.035587246
 106    H       10.881981848    11.633898672   -11.223770624
 107    H       11.346854004    12.700180859    -9.898146380
 108    H       12.585561948    11.843627073   -10.818322375
 109    H       13.130974253    10.327402345    -3.283951094
 110    H       14.165755477     9.608225138    -2.083323180
 111    H       16.225368877    10.515179613    -3.203656643
 112    H       15.260573116    11.196274194    -4.505010440
 113    H       13.979700282    12.621149991    -2.819665198
 114    H       14.926969950    11.931364933    -1.509932570
 115    H       15.903585754    14.131143939    -2.241570309
 116    H       17.063036392    12.843073920    -2.567715664
 117    H       16.113996383    13.531989449    -3.886955043
 118    H       19.088074632     8.566952435    -3.124417708
 119    H       21.552895971     8.478197999    -3.333448789
 120    H       19.140040024     5.466185469    -0.105896252
 121    H       20.989989397     4.013759294     1.154460700
 122    H       23.103423773     2.980922498     1.991694557
 123    H       25.289326990     3.673691135     1.087766503
 124    H       25.458327987     5.403886230    -0.684211572
 125    H       25.041869189     6.846828808    -2.566918132
 126    H       23.826838200     7.917755201    -3.281129475
 127    H       25.349770964     9.211676440    -1.725911576
 128    H       23.704229637     9.240666597    -1.082180655
 129    H       24.911037061     8.167356580    -0.368637885
 130    H        5.803421631    -1.927980328     7.312225170
 131    H        5.610148900     4.816324253    -1.765835745
 132    H        4.713991914     5.612356269    -0.480881666
 133    H        6.836100853     6.949278897     0.118340360
 134    H        7.681340229     6.157020786    -1.202375125
 135    H        5.944490600     7.054445215    -2.849108184
 136    H        5.100828788     7.846981109    -1.526469122
 137    H        6.655418664     9.459408947    -2.669584291
 138    H        7.190373437     9.216954875    -1.006916257
 139    H        8.040295885     8.420644294    -2.333184459


           Empirical Formula: C60 H68 N4 O3 S4  =   139 atoms



      MOLECULAR POINT GROUP   :   C1  


                  EIGENVALUES  
 -42.52236 -39.81091 -39.31423 -38.08974 -37.75628 -37.43583 -37.07991 -36.41977
 -36.06285 -35.77744 -35.65773 -35.47065 -35.27120 -35.12868 -34.74781 -34.00380
 -33.51090 -33.40496 -33.33542 -32.95221 -32.63808 -31.43962 -31.31314 -31.18568
 -30.58989 -30.32288 -29.57009 -29.06140 -28.73327 -28.35247 -28.07981 -27.91988
 -27.61091 -27.28053 -26.54473 -26.05305 -25.57282 -25.07361 -24.96115 -24.57041
 -24.45491 -23.45467 -23.39093 -23.34006 -23.20988 -23.04270 -22.71565 -22.36069
 -22.25205 -21.78493 -21.76103 -21.32197 -21.25405 -21.19568 -21.02156 -20.96976
 -20.93741 -20.58223 -20.49614 -20.21215 -20.12167 -19.72816 -19.50408 -19.08449
 -18.68674 -18.53993 -18.45431 -18.18796 -17.96531 -17.89332 -17.81506 -17.62422
 -17.46313 -17.13324 -16.97399 -16.84291 -16.39874 -16.31956 -16.30952 -16.21255
 -16.12767 -16.04594 -15.95618 -15.87966 -15.71645 -15.62490 -15.59070 -15.55196
 -15.37124 -15.27624 -15.25844 -15.08561 -15.03343 -14.96953 -14.93271 -14.84531
 -14.78816 -14.75887 -14.74938 -14.68134 -14.60980 -14.54742 -14.51088 -14.46265
 -14.44808 -14.38394 -14.30905 -14.25686 -14.22294 -14.18294 -14.13017 -14.03036
 -13.94698 -13.88788 -13.81433 -13.72197 -13.67545 -13.59959 -13.57663 -13.50757
 -13.36479 -13.34426 -13.31889 -13.24680 -13.20000 -13.14289 -13.12179 -13.04144
 -12.95369 -12.95316 -12.87332 -12.74960 -12.70868 -12.64582 -12.61328 -12.57588
 -12.51392 -12.50674 -12.40315 -12.33127 -12.25696 -12.17754 -12.15383 -12.13469
 -12.11096 -12.07277 -12.03328 -11.98843 -11.95001 -11.92609 -11.90862 -11.90098
 -11.87677 -11.86295 -11.84045 -11.76405 -11.70805 -11.62840 -11.60716 -11.57140
 -11.47947 -11.41473 -11.37266 -11.36412 -11.27863 -11.22388 -11.21840 -11.12562
 -11.09298 -11.04446 -11.01041 -10.97851 -10.89860 -10.69035 -10.48179  -9.93898
  -9.84545  -9.75787  -9.56648  -9.46610  -9.32211  -9.19581  -8.99923  -8.60811
  -8.16758  -1.66263  -1.26778  -0.39792  -0.25658  -0.15026  -0.09329  -0.06434
   0.11897   0.30730   0.49896   0.72432   0.82472   0.85201   0.95846   1.06508
   1.11086   1.11366   1.20003   1.24944   1.37171   1.41794   1.49487   1.63961
   1.70610   1.76565   1.81260   2.07746   2.17711   2.22360   2.31604   2.81639
   2.84445   2.85893   3.17293   3.30747   3.39562   3.53179   3.62040   3.64833
   3.65181   3.70773   3.71324   3.71953   3.75054   3.78693   3.83587   3.85894
   3.88044   3.92371   3.94573   3.96908   3.98116   4.01479   4.03707   4.06022
   4.06461   4.08156   4.10775   4.11471   4.13518   4.18263   4.18903   4.19745
   4.21007   4.22462   4.23423   4.25467   4.26233   4.26535   4.33366   4.33728
   4.36555   4.37286   4.37630   4.39316   4.42437   4.43598   4.46211   4.48140
   4.51280   4.52006   4.55857   4.56335   4.57346   4.58308   4.58785   4.61283
   4.63825   4.64554   4.69157   4.70145   4.71843   4.72280   4.73634   4.74985
   4.75670   4.77044   4.79759   4.81855   4.82182   4.85322   4.86558   4.86637
   4.87249   4.90236   4.92356   4.94041   4.94257   4.97947   4.98317   5.00951
   5.01329   5.02113   5.03920   5.04430   5.05926   5.06443   5.08403   5.12368
   5.13106   5.14290   5.15515   5.16740   5.17746   5.18171   5.19245   5.20773
   5.23688   5.25543   5.26662   5.28248   5.29154   5.29598   5.30339   5.32184
   5.32592   5.33310   5.34185   5.35012   5.38568   5.39071   5.39323   5.40634
   5.45913   5.48274   5.50094   5.51755   5.54380   5.56944   5.58400   5.60237
   5.62104   5.65882   5.67025   5.70773   5.72841   5.73601   5.81341   5.87945
   5.90520   6.03146   6.10310   6.14574   6.38810   6.40393   6.41080   6.47144


              NET ATOMIC CHARGES AND DIPOLE CONTRIBUTIONS

  ATOM NO.   TYPE          CHARGE      No. of ELECS.   s-Pop       p-Pop
   64          O          -0.346070        6.3461     1.90967     4.43640
   63          C           0.396813        3.6032     1.18084     2.42235
   65          O          -0.331801        6.3318     1.83989     4.49191
  130          H           0.246816        0.7532     0.75318
   66          C           0.039769        3.9602     1.19675     2.76348
   67          N          -0.136367        5.1364     1.84810     3.28827
    1          C          -0.177656        4.1777     1.15572     3.02194
    2          C          -0.111432        4.1114     1.16670     2.94473
    3          C          -0.124505        4.1245     1.17090     2.95361
    4          C          -0.122851        4.1229     1.17099     2.95186
    5          C          -0.127787        4.1278     1.17137     2.95642
    6          C          -0.131403        4.1314     1.17348     2.95792
    7          C          -0.053488        4.0535     1.18115     2.87234
    8          C          -0.099920        4.0999     1.16000     2.93992
    9          C          -0.028806        4.0288     1.18020     2.84861
   10          C          -0.038062        4.0381     1.18647     2.85159
   11          C          -0.397076        4.3971     1.21566     3.18142
   12          S           0.489909        5.5101     1.88548     3.62461
   13          C          -0.269364        4.2694     1.20082     3.06855
   14          C          -0.263521        4.2635     1.20127     3.06225
   15          S           0.483628        5.5164     1.88697     3.62940
   16          C          -0.234159        4.2342     1.20404     3.03012
   17          C          -0.025946        4.0259     1.14811     2.87784
   18          C          -0.047363        4.0474     1.17845     2.86891
   19          C           0.001902        3.9981     1.18578     2.81232
   20          N          -0.115185        5.1152     1.83305     3.28214
   21          O           0.073129        5.9269     1.88154     4.04533
   22          N          -0.113780        5.1138     1.83297     3.28081
   23          C           0.000528        3.9995     1.18644     2.81303
   24          C          -0.010238        4.0102     1.14830     2.86194
   25          C          -0.257387        4.2574     1.20418     3.05321
   26          S           0.477536        5.5225     1.88773     3.63474
   27          C          -0.222140        4.2221     1.20110     3.02104
   28          C          -0.070468        4.0705     1.17881     2.89166
   29          C          -0.316710        4.3167     1.19764     3.11907
   30          S           0.444692        5.5553     1.88703     3.66828
   31          C          -0.253276        4.2533     1.21381     3.03946
   32          C          -0.131729        4.1317     1.18167     2.95006
   33          C           0.004435        3.9956     1.17687     2.81870
   34          C          -0.101123        4.1011     1.16078     2.94034
   35          C          -0.053289        4.0533     1.18271     2.87058
   36          C          -0.130118        4.1301     1.17463     2.95549
   37          C          -0.123420        4.1234     1.17078     2.95264
   38          C          -0.124716        4.1247     1.17125     2.95347
   39          C          -0.122793        4.1228     1.17076     2.95204
   40          C          -0.112367        4.1124     1.16681     2.94555
   41          C          -0.177128        4.1771     1.15574     3.02139
   42          C          -0.132159        4.1322     1.17407     2.95809
   43          C          -0.121579        4.1216     1.17178     2.94980
   44          C          -0.113813        4.1138     1.16702     2.94679
   45          C          -0.176535        4.1765     1.15571     3.02083
   46          C          -0.051192        4.0512     1.14896     2.90223
   47          C          -0.045833        4.0458     1.17676     2.86907
   48          C          -0.170526        4.1705     1.17045     3.00007
   49          C           0.121511        3.8785     1.15356     2.72493
   50          C          -0.090461        4.0905     1.15893     2.93153
   51          C          -0.032443        4.0324     1.16919     2.86325
   52          C          -0.091589        4.0916     1.15906     2.93253
   53          C          -0.035333        4.0353     1.16944     2.86589
   54          C          -0.157144        4.1571     1.17816     2.97899
   55          C          -0.053564        4.0536     1.17649     2.87708
   56          C          -0.167351        4.1674     1.17067     2.99668
   57          C           0.113346        3.8867     1.15350     2.73315
   58          N          -0.286714        5.2867     1.52228     3.76443
   59          C           0.074871        3.9251     1.15319     2.77194
   60          C          -0.227361        4.2274     1.16445     3.06291
   61          C           0.126002        3.8740     1.17053     2.70347
   62          C          -0.122652        4.1227     1.14297     2.97968
   68          C          -0.131598        4.1316     1.17358     2.95801
   69          C          -0.124096        4.1241     1.17135     2.95274
   70          C          -0.112413        4.1124     1.16697     2.94544
   71          C          -0.178548        4.1785     1.15579     3.02276
   72          H           0.131966        0.8680     0.86803
   73          H           0.055995        0.9440     0.94400
   74          H           0.060641        0.9394     0.93936
   75          H           0.056849        0.9432     0.94315
   76          H           0.060459        0.9395     0.93954
   77          H           0.057907        0.9421     0.94209
   78          H           0.062414        0.9376     0.93759
   79          H           0.066101        0.9339     0.93390
   80          H           0.057963        0.9420     0.94204
   81          H           0.061519        0.9385     0.93848
   82          H           0.066013        0.9340     0.93399
   83          H           0.066188        0.9338     0.93381
   84          H           0.062307        0.9377     0.93769
   85          H           0.063417        0.9366     0.93658
   86          H           0.070993        0.9290     0.92901
   87          H           0.082994        0.9170     0.91701
   88          H           0.085170        0.9148     0.91483
   89          H           0.144088        0.8559     0.85591
   90          H           0.150571        0.8494     0.84943
   91          H           0.151660        0.8483     0.84834
   92          H           0.133153        0.8668     0.86685
   93          H           0.074495        0.9255     0.92551
   94          H           0.076226        0.9238     0.92377
   95          H           0.074122        0.9259     0.92588
   96          H           0.059697        0.9403     0.94030
   97          H           0.064343        0.9357     0.93566
   98          H           0.068444        0.9316     0.93156
   99          H           0.061802        0.9382     0.93820
  100          H           0.060634        0.9394     0.93937
  101          H           0.061787        0.9382     0.93821
  102          H           0.062889        0.9371     0.93711
  103          H           0.061673        0.9383     0.93833
  104          H           0.059209        0.9408     0.94079
  105          H           0.059841        0.9402     0.94016
  106          H           0.055647        0.9444     0.94435
  107          H           0.057945        0.9421     0.94205
  108          H           0.057299        0.9427     0.94270
  109          H           0.067333        0.9327     0.93267
  110          H           0.069355        0.9306     0.93065
  111          H           0.061750        0.9383     0.93825
  112          H           0.061607        0.9384     0.93839
  113          H           0.060982        0.9390     0.93902
  114          H           0.061417        0.9386     0.93858
  115          H           0.056806        0.9432     0.94319
  116          H           0.056760        0.9432     0.94324
  117          H           0.056139        0.9439     0.94386
  118          H           0.109042        0.8910     0.89096
  119          H           0.118902        0.8811     0.88110
  120          H           0.115118        0.8849     0.88488
  121          H           0.107618        0.8924     0.89238
  122          H           0.108548        0.8915     0.89145
  123          H           0.101278        0.8987     0.89872
  124          H           0.117024        0.8830     0.88298
  125          H           0.076270        0.9237     0.92373
  126          H           0.076551        0.9234     0.92345
  127          H           0.071750        0.9282     0.92825
  128          H           0.078393        0.9216     0.92161
  129          H           0.078892        0.9211     0.92111
  131          H           0.067181        0.9328     0.93282
  132          H           0.068054        0.9319     0.93195
  133          H           0.064092        0.9359     0.93591
  134          H           0.061021        0.9390     0.93898
  135          H           0.059162        0.9408     0.94084
  136          H           0.061098        0.9389     0.93890
  137          H           0.057195        0.9428     0.94281
  138          H           0.060989        0.9390     0.93901
  139          H           0.056715        0.9433     0.94329
 DIPOLE           X         Y         Z       TOTAL
 POINT-CHG.     9.737    -4.798    -3.151    11.303
 HYBRID        -1.943     1.954    -1.270     3.034
 SUM            7.794    -2.844    -4.420     9.401


          ATOMIC ORBITAL ELECTRON POPULATIONS

     Atom    s        px        py        pz   
    1  C   1.15572   0.96361   1.02830   1.03002
    2  C   1.16670   0.95410   0.96558   1.02505
    3  C   1.17090   0.94985   0.97195   1.03180
    4  C   1.17099   0.96045   0.96524   1.02617
    5  C   1.17137   0.95057   0.97281   1.03304
    6  C   1.17348   0.96116   0.96781   1.02895
    7  C   1.18115   1.00225   0.94513   0.92495
    8  C   1.16000   1.01413   0.98947   0.93632
    9  C   1.18020   0.91761   0.95852   0.97248
   10  C   1.18647   0.98998   0.92617   0.93544
   11  C   1.21566   1.03268   1.05514   1.09359
   12  S   1.88548   1.03300   1.20721   1.38439
   13  C   1.20082   0.98216   1.02944   1.05695
   14  C   1.20127   1.01548   0.96694   1.07983
   15  S   1.88697   1.14922   0.97247   1.50770
   16  C   1.20404   0.98494   1.00362   1.04156
   17  C   1.14811   0.96356   0.89527   1.01901
   18  C   1.17845   0.97281   0.91279   0.98331
   19  C   1.18578   0.91863   0.94093   0.95276
   20  N   1.83305   1.14574   0.94802   1.18838
   21  O   1.88154   1.24057   1.27552   1.52924
   22  N   1.83297   1.03498   1.13235   1.11348
   23  C   1.18644   0.94925   0.89018   0.97360
   24  C   1.14830   0.95503   0.90081   1.00610
   25  C   1.20418   1.00553   0.98265   1.06503
   26  S   1.88773   1.11682   1.03381   1.48411
   27  C   1.20110   0.99346   0.97288   1.05469
   28  C   1.17881   0.93341   0.99134   0.96691
   29  C   1.19764   0.96869   1.18032   0.97006
   30  S   1.88703   0.90675   1.74862   1.01291
   31  C   1.21381   0.97668   1.07632   0.98647
   32  C   1.18167   0.92036   1.04117   0.98853
   33  C   1.17687   0.94278   0.96149   0.91443
   34  C   1.16078   0.97294   0.99120   0.97620
   35  C   1.18271   0.99422   0.93067   0.94570
   36  C   1.17463   0.99458   0.99070   0.97021
   37  C   1.17078   0.99890   0.98966   0.96408
   38  C   1.17125   0.99956   0.98702   0.96689
   39  C   1.17076   1.00002   0.98575   0.96627
   40  C   1.16681   0.99773   0.98222   0.96560
   41  C   1.15574   1.02787   0.99253   1.00099
   42  C   1.17407   0.99763   0.95478   1.00567
   43  C   1.17178   0.98975   0.95532   1.00473
   44  C   1.16702   0.98736   0.95518   1.00425
   45  C   1.15571   0.99708   0.99777   1.02598
   46  C   1.14896   0.89744   1.00028   1.00451
   47  C   1.17676   0.93588   0.97062   0.96258
   48  C   1.17045   0.95152   1.02141   1.02714
   49  C   1.15356   0.81593   0.95388   0.95512
   50  C   1.15893   0.93293   1.00134   0.99726
   51  C   1.16919   0.92861   0.96453   0.97012
   52  C   1.15906   0.92010   1.00917   1.00326
   53  C   1.16944   0.97526   0.94496   0.94566
   54  C   1.17816   0.93446   1.02222   1.02231
   55  C   1.17649   0.96994   0.95406   0.95308
   56  C   1.17067   0.96377   1.01434   1.01858
   57  C   1.15350   0.94541   0.91402   0.87372
   58  N   1.52228   1.05418   1.31324   1.39700
   59  C   1.15319   0.89862   0.91522   0.95809
   60  C   1.16445   1.04219   1.00317   1.01756
   61  C   1.17053   0.93381   0.91780   0.85186
   62  C   1.14297   0.94479   0.94862   1.08627
   63  C   1.18084   0.82748   0.82421   0.77066
   64  O   1.90967   1.26511   1.63276   1.53853
   65  O   1.83989   1.39017   1.43363   1.66811
   66  C   1.19675   0.91762   0.92058   0.92529
   67  N   1.84810   1.09388   1.10279   1.09160
   68  C   1.17358   0.99735   0.96171   0.99895
   69  C   1.17135   0.98900   0.95991   1.00384
   70  C   1.16697   0.98899   0.95927   0.99718
   71  C   1.15579   1.00467   0.98725   1.03084
   72  H   0.86803
   73  H   0.94400
   74  H   0.93936
   75  H   0.94315
   76  H   0.93954
   77  H   0.94209
   78  H   0.93759
   79  H   0.93390
   80  H   0.94204
   81  H   0.93848
   82  H   0.93399
   83  H   0.93381
   84  H   0.93769
   85  H   0.93658
   86  H   0.92901
   87  H   0.91701
   88  H   0.91483
   89  H   0.85591
   90  H   0.84943
   91  H   0.84834
   92  H   0.86685
   93  H   0.92551
   94  H   0.92377
   95  H   0.92588
   96  H   0.94030
   97  H   0.93566
   98  H   0.93156
   99  H   0.93820
  100  H   0.93937
  101  H   0.93821
  102  H   0.93711
  103  H   0.93833
  104  H   0.94079
  105  H   0.94016
  106  H   0.94435
  107  H   0.94205
  108  H   0.94270
  109  H   0.93267
  110  H   0.93065
  111  H   0.93825
  112  H   0.93839
  113  H   0.93902
  114  H   0.93858
  115  H   0.94319
  116  H   0.94324
  117  H   0.94386
  118  H   0.89096
  119  H   0.88110
  120  H   0.88488
  121  H   0.89238
  122  H   0.89145
  123  H   0.89872
  124  H   0.88298
  125  H   0.92373
  126  H   0.92345
  127  H   0.92825
  128  H   0.92161
  129  H   0.92111
  130  H   0.75318
  131  H   0.93282
  132  H   0.93195
  133  H   0.93591
  134  H   0.93898
  135  H   0.94084
  136  H   0.93890
  137  H   0.94281
  138  H   0.93901
  139  H   0.94329
 ******************** TDHF POLARIZABILITIES ********************



          MOLECULAR WEIGHT = 1021.46



          ROTATIONAL CONSTANTS IN CM(-1)

          A =    0.00097058   B =    0.00032590   C =    0.00027264



           PRINCIPAL MOMENTS OF INERTIA IN UNITS OF 10**(-40)*GRAM-CM**2

          A =    28841.3388   B =    85894.8879   C =   102673.1615


 ROTATION MATRIX FOR ORIENTATION OF MOLECULE:

         0.896910   -0.438347   -0.058345
         0.324291    0.562288    0.760702
        -0.300644   -0.701202    0.646474


          CARTESIAN COORDINATES 

    NO.       ATOM         X         Y         Z

     1         C      -12.8021    1.9257   -3.8353
     2         C      -11.4388    1.2594   -3.9240
     3         C      -10.4909    1.8253   -2.8694
     4         C       -9.1201    1.1588   -2.9593
     5         C       -8.1764    1.7156   -1.8945
     6         C       -6.7898    1.0911   -2.0233
     7         C       -5.8860    1.4012   -0.8249
     8         C       -6.4589    0.7747    0.4538
     9         C       -6.4192   -0.7055    0.3827
    10         C       -7.5528   -1.4945   -0.0093
    11         C       -7.2762   -2.8330    0.0148
    12         S       -5.6676   -3.1585    0.4951
    13         C       -5.3384   -1.4890    0.6813
    14         C       -4.0623   -1.0416    1.1443
    15         S       -2.6543   -1.2091    0.1644
    16         C       -1.6753   -0.4933    1.3605
    17         C       -2.4182   -0.1343    2.4751
    18         C       -3.8055   -0.4537    2.3487
    19         C       -1.7576    0.4809    3.5738
    20         N       -2.1674    0.9419    4.7712
    21         O       -1.0773    1.4211    5.3857
    22         N        0.0458    1.3069    4.6640
    23         C       -0.3051    0.7204    3.5032
    24         C        0.4117    0.3323    2.3377
    25         C       -0.2778   -0.2632    1.2919
    26         S        0.7625   -0.6463   -0.0006
    27         C        2.1282   -0.0121    0.8429
    28         C        1.8094    0.4752    2.0762
    29         C        3.4245   -0.0482    0.2425
    30         S        4.5051   -1.3375    0.5903
    31         C        5.6968   -0.6761   -0.4483
    32         C        5.2899    0.4884   -1.0287
    33         C        3.9636    0.8620   -0.6214
    34         C        3.2954    2.0821   -1.1319
    35         C        4.0571    3.3517   -0.7133
    36         C        3.4085    4.5566   -1.4097
    37         C        4.1880    5.8470   -1.1712
    38         C        3.5923    6.9925   -1.9892
    39         C        4.3495    8.2928   -1.7295
    40         C        3.7616    9.4364   -2.5525
    41         C        4.5143   10.7308   -2.2913
    42         C        4.0373    3.5006    0.8153
    43         C        5.4254    3.8047    1.3781
    44         C        5.3605    4.0296    2.8872
    45         C        6.7452    4.3039    3.4508
    46         C        6.9801   -1.3106   -0.6388
    47         C        8.1328   -0.5106   -0.6246
    48         C        9.3934   -1.0529   -0.8137
    49         C        9.4776   -2.4275   -1.0209
    50         C        8.3131   -3.2446   -1.0278
    51         C        7.0619   -2.6857   -0.8417
    52         C        8.7491   -4.6006   -1.2476
    53         C        8.0678   -5.8025   -1.3448
    54         C        8.8030   -6.9609   -1.5494
    55         C       10.1967   -6.9222   -1.6562
    56         C       10.9020   -5.7316   -1.5678
    57         C       10.1643   -4.5682   -1.3680
    58         N       10.6040   -3.2266   -1.3067
    59         C       11.9884   -2.8376   -1.0491
    60         C       12.3940   -3.0845    0.4024
    61         C       -8.1673   -3.9044   -0.3342
    62         C       -9.4774   -3.8923   -0.0313
    63         C      -10.4020   -4.9665   -0.4274
    64         O      -11.6117   -4.8906   -0.5550
    65         O       -9.7830   -6.1452   -0.6638
    66         C      -10.0890   -2.8467    0.7078
    67         N      -10.6006   -2.0082    1.3178
    68         C       -5.7175    2.9145   -0.6480
    69         C       -4.4547    3.2583    0.1402
    70         C       -4.3306    4.7693    0.3262
    71         C       -3.0704    5.1142    1.1031
    72         H       -7.7173   -4.7524   -0.8709
    73         H      -13.5003    1.5304   -4.5873
    74         H      -13.2768    1.7745   -2.8551
    75         H      -12.7470    3.0119   -3.9969
    76         H      -11.5428    0.1601   -3.8046
    77         H      -11.0134    1.3921   -4.9413
    78         H      -10.3960    2.9252   -2.9901
    79         H      -10.9211    1.6902   -1.8545
    80         H       -9.2212    0.0581   -2.8494
    81         H       -8.6856    1.3017   -3.9712
    82         H       -8.1168    2.8208   -1.9823
    83         H       -8.5927    1.5371   -0.8781
    84         H       -6.8694   -0.0098   -2.1531
    85         H       -6.3053    1.4357   -2.9623
    86         H       -4.8822    0.9424   -1.0249
    87         H       -5.8979    1.1188    1.3491
    88         H       -7.5015    1.1262    0.6278
    89         H       -8.4984   -1.0451   -0.3116
    90         H       -4.5369   -0.2505    3.1289
    91         H        2.5053    0.9154    2.7880
    92         H        5.8771    1.0698   -1.7354
    93         H        3.2294    2.0085   -2.2400
    94         H        2.2395    2.1352   -0.7914
    95         H        5.1126    3.2637   -1.0781
    96         H        3.3357    4.3642   -2.5023
    97         H        2.3544    4.6764   -1.0807
    98         H        4.1894    6.1142   -0.0938
    99         H        5.2589    5.7081   -1.4306
   100         H        3.6112    6.7468   -3.0721
   101         H        2.5155    7.1186   -1.7486
   102         H        4.3250    8.5464   -0.6486
   103         H        5.4277    8.1662   -1.9636
   104         H        3.7879    9.1908   -3.6353
   105         H        2.6832    9.5680   -2.3213
   106         H        4.1052   11.5674   -2.8762
   107         H        4.4694   11.0336   -1.2352
   108         H        5.5793   10.6542   -2.5539
   109         H        3.3116    4.2795    1.1316
   110         H        3.6455    2.5796    1.3004
   111         H        6.1238    2.9723    1.1459
   112         H        5.8706    4.6907    0.8790
   113         H        4.6771    4.8716    3.1271
   114         H        4.9093    3.1502    3.3939
   115         H        6.7185    4.4720    4.5373
   116         H        7.4388    3.4682    3.2789
   117         H        7.2076    5.1966    3.0055
   118         H        8.0357    0.5665   -0.4520
   119         H       10.2805   -0.4173   -0.7984
   120         H        6.1693   -3.3164   -0.8624
   121         H        6.9786   -5.8278   -1.2604
   122         H        8.2875   -7.9220   -1.6281
   123         H       10.7445   -7.8569   -1.8130
   124         H       11.9899   -5.7156   -1.6523
   125         H       12.6503   -3.4015   -1.7474
   126         H       12.1226   -1.7659   -1.3236
   127         H       13.4406   -2.7964    0.5772
   128         H       11.7805   -2.5102    1.1115
   129         H       12.3003   -4.1431    0.6859
   130         H      -10.4205   -6.8296   -0.9134
   131         H       -5.6775    3.4129   -1.6404
   132         H       -6.6094    3.3523   -0.1519
   133         H       -4.4527    2.7536    1.1287
   134         H       -3.5544    2.8637   -0.3771
   135         H       -4.3261    5.2844   -0.6577
   136         H       -5.2234    5.1724    0.8495
   137         H       -2.9626    6.1992    1.2464
   138         H       -3.0612    4.6625    2.1056
   139         H       -2.1584    4.7721    0.5928


 ENERGY OF "REORIENTED" SYSTEM WITHOUT FIELD:       70.4716880406


  NFREQ=  3  IWFLB=  0  IBET=  1  IGAM=  1
  ATOL= 0.10000D-02  BTOL= 0.10000D-02    MAXITU=  500    MAXITA=  150


 *****************************************************************
 CALCULATION OF STATIC FIELD QUANTITIES
 *****************************************************************

 +++++ ALPHA AT       0.00000 EV.

                           COMPONENTS OF ALPHA

                     *X           *Y           *Z
           *=X:     977.6436      -8.7367     -28.4300
           *=Y:      -8.7763     649.3711      78.1522
           *=Z:     -28.4587      78.1481     450.7753

  ISOTROPIC AVERAGE ALPHA =     692.59667 A.U. =    102.63224 ANG.**3

 +++++ BETA (SECOND HARMONIC GENERATION) AT       0.00000 EV.

                              COMPONENTS OF BETA
            *XX         *XY         *YY         *XZ         *YZ         *ZZ
   *=X  4091.64852  -349.80845  1265.16171  -500.92518   438.34255   173.79581
   *=Y  -350.12889  1265.20492   437.24227   438.35169  -111.54139  -218.31342
   *=Z  -501.10531   438.36408  -111.49097   173.80055  -218.33176  -457.64765


 AVERAGE BETAX(SHG) VALUE AT   0.00000 EV =       3318.3828 a.u. =  0.286689E-28 ESU
 AVERAGE BETAY(SHG) VALUE AT   0.00000 EV =        -78.5992 a.u. = -0.679051E-30 ESU
 AVERAGE BETAZ(SHG) VALUE AT   0.00000 EV =       -642.0945 a.u. = -0.554732E-29 ESU



 AVERAGE BETA (SHG) VALUE AT   0.00000 EV =       3380.8472 a.u. =  0.292086E-28 ESU
   (1 a.u. = 8.639418X10-33 esu)



 +++++ ALPHA AT       0.00000 EV.

                           COMPONENTS OF ALPHA

                     *X           *Y           *Z
           *=X:     977.6433      -8.7367     -28.4300
           *=Y:      -8.7762     649.3711      78.1522
           *=Z:     -28.4587      78.1481     450.7753

  ISOTROPIC AVERAGE ALPHA =     692.59659 A.U. =    102.63222 ANG.**3


 GAMMA (THIRD HARMONIC GENERATION) AT    0.00000 EV.


 GAMMA(X,X,X,X) =       2375927.80357
 GAMMA(Y,Y,Y,Y) =        192054.52653
 GAMMA(Z,Z,Z,Z) =         43670.03776
 GAMMA(X,X,Y,Y) =        287136.29810
 GAMMA(X,X,Z,Z) =         63817.84534
 GAMMA(Y,Y,X,X) =        287136.26664
 GAMMA(Y,Y,Z,Z) =         27480.67358
 GAMMA(Z,Z,X,X) =         63818.27815
 GAMMA(Z,Z,Y,Y) =         27480.70345


 AVERAGE GAMMA VALUE AT    0.00000 =        673704.48662 a.u. =       339324.91258 ESU (X10-39)




 **********************************************************************
 CALCULATION FOR A FREQUENCY OF    0.25000 EV  =       0.00919 A.U. 
                  WAVELENGTH OF    4959.37 NM  =    2016.38525 CM(-1)
 **********************************************************************

 +++++ ALPHA AT       0.25000 EV.

                           COMPONENTS OF ALPHA

                     *X           *Y           *Z
           *=X:     981.5193      -8.7118     -28.6018
           *=Y:      -8.7413     650.6190      78.3615
           *=Z:     -28.6267      78.3584     451.4582

  ISOTROPIC AVERAGE ALPHA =     694.53216 A.U. =    102.91905 ANG.**3

 +++++ BETA (SECOND HARMONIC GENERATION) AT       0.25000 EV.

                              COMPONENTS OF BETA
            *XX         *XY         *YY         *XZ         *YZ         *ZZ
   *=X  4280.30075  -345.71527  1307.13046  -516.97835   455.11793   180.60117
   *=Y  -374.94917  1303.76374   444.61810   452.86639  -114.57450  -223.99417
   *=Z  -525.98909   449.77559  -113.56049   180.69172  -222.11390  -468.93637


 AVERAGE BETAX(SHG) VALUE AT   0.25000 EV =       3459.5090 a.u. =  0.298881E-28 ESU
 AVERAGE BETAY(SHG) VALUE AT   0.25000 EV =        -80.1495 a.u. = -0.692445E-30 ESU
 AVERAGE BETAZ(SHG) VALUE AT   0.25000 EV =       -661.8929 a.u. = -0.571837E-29 ESU



 AVERAGE BETA (SHG) VALUE AT   0.25000 EV =       3523.1702 a.u. =  0.304381E-28 ESU
   (1 a.u. = 8.639418X10-33 esu)



 +++++ ALPHA AT       0.75000 EV.

                           COMPONENTS OF ALPHA

                     *X           *Y           *Z
           *=X:    1014.8992      -8.3305     -30.0523
           *=Y:      -8.3583     660.9382      80.1135
           *=Z:     -30.0736      80.1106     457.0836

  ISOTROPIC AVERAGE ALPHA =     710.97365 A.U. =    105.35542 ANG.**3


 GAMMA (THIRD HARMONIC GENERATION) AT    0.25000 EV.


 GAMMA(X,X,X,X) =       2627544.83895
 GAMMA(Y,Y,Y,Y) =        201956.21709
 GAMMA(Z,Z,Z,Z) =         45948.51200
 GAMMA(X,X,Y,Y) =        314739.53301
 GAMMA(X,X,Z,Z) =         69563.82047
 GAMMA(Y,Y,X,X) =        310256.82145
 GAMMA(Y,Y,Z,Z) =         28989.10698
 GAMMA(Z,Z,X,X) =         70102.88459
 GAMMA(Z,Z,Y,Y) =         28984.76070


 AVERAGE GAMMA VALUE AT    0.25000 =        739617.29905 a.u. =       372523.23583 ESU (X10-39)




 **********************************************************************
 CALCULATION FOR A FREQUENCY OF    0.50000 EV  =       0.01837 A.U. 
                  WAVELENGTH OF    2479.68 NM  =    4032.77050 CM(-1)
 **********************************************************************

 +++++ ALPHA AT       0.50000 EV.

                           COMPONENTS OF ALPHA

                     *X           *Y           *Z
           *=X:     993.5059      -8.5908     -29.1242
           *=Y:      -8.6214     654.4166      79.0021
           *=Z:     -29.1464      78.9989     453.5325

  ISOTROPIC AVERAGE ALPHA =     700.48500 A.U. =    103.80117 ANG.**3

 +++++ BETA (SECOND HARMONIC GENERATION) AT       0.50000 EV.

                              COMPONENTS OF BETA
            *XX         *XY         *YY         *XZ         *YZ         *ZZ
   *=X  4943.08273  -326.48247  1450.99472  -571.95740   513.24923   204.04274
   *=Y  -460.59817  1432.88668   468.65704   501.68754  -124.55340  -242.71003
   *=Z  -612.87276   488.05182  -120.06404   204.34181  -234.38315  -505.79785


 AVERAGE BETAX(SHG) VALUE AT   0.50000 EV =       3951.7485 a.u. =  0.341408E-28 ESU
 AVERAGE BETAY(SHG) VALUE AT   0.50000 EV =        -83.8137 a.u. = -0.724101E-30 ESU
 AVERAGE BETAZ(SHG) VALUE AT   0.50000 EV =       -728.6704 a.u. = -0.629529E-29 ESU



 AVERAGE BETA (SHG) VALUE AT   0.50000 EV =       4019.2414 a.u. =  0.347239E-28 ESU
   (1 a.u. = 8.639418X10-33 esu)



 +++++ ALPHA AT       1.50000 EV.

                           COMPONENTS OF ALPHA

                     *X           *Y           *Z
           *=X:    1177.4096      -4.3828     -36.9980
           *=Y:      -4.4220     701.2695      87.3036
           *=Z:     -37.0316      87.2993     478.7447

  ISOTROPIC AVERAGE ALPHA =     785.80791 A.U. =    116.44472 ANG.**3


 GAMMA (THIRD HARMONIC GENERATION) AT    0.50000 EV.


 GAMMA(X,X,X,X) =       3788680.12649
 GAMMA(Y,Y,Y,Y) =        238201.30774
 GAMMA(Z,Z,Z,Z) =         54304.97719
 GAMMA(X,X,Y,Y) =        436629.89540
 GAMMA(X,X,Z,Z) =         94815.46993
 GAMMA(Y,Y,X,X) =        402853.96182
 GAMMA(Y,Y,Z,Z) =         34645.68149
 GAMMA(Z,Z,X,X) =         95514.66714
 GAMMA(Z,Z,Y,Y) =         34690.48481


 AVERAGE GAMMA VALUE AT    0.50000 =       1036067.31440 a.u. =       521836.29154 ESU (X10-39)



 **********************
 *                    *
 * JOB ENDED NORMALLY *
 *                    *
 **********************



 TOTAL JOB TIME:           500.72 SECONDS

 == MOPAC DONE ==
