 *******************************************************************************
 ** Site#: 4824         For non-commercial use only    Version 21.013L 64BITS **
 *******************************************************************************
 ** Cite this program as: MOPAC2016, Version: 21.013L, James J. P. Stewart,   **
 ** Stewart Computational Chemistry, web: HTTP://OpenMOPAC.net. Days left:  87**
 *******************************************************************************
 **                                                                           **
 **                                MOPAC2016                                  **
 **                                                                           **
 *******************************************************************************

                              RM1 CALCULATION RESULTS

 *******************************************************************************
 *  CALCULATION DONE:                                Mon Oct 18 12:55:28 2021  *
 *  RM1        - The RM1 Hamiltonian to be used
 *  POLAR      - CALCULATE FIRST, SECOND AND THIRD-ORDER POLARIZABILITIES
 *  PRECISE    - TIGHTER CRITERIA TO BE USED
 *  XYZ        - CARTESIAN COORDINATE SYSTEM TO BE USED
 *  T=         - A TIME OF 172800.0 SECONDS REQUESTED
 *  DUMP=N     - RESTART FILE WRITTEN EVERY 7200.0 SECONDS REQUESTED
 *  GNORM      - EXIT WHEN GRADIENT NORM DROPS BELOW 0.100
 *******************************************************************************
RM1 PRECISE POLAR XYZ GNORM=0.1


   ATOM   CHEMICAL          X               Y               Z
  NUMBER   SYMBOL      (ANGSTROMS)     (ANGSTROMS)     (ANGSTROMS)
 
     1       C          0.00000000  *   0.00000000  *   0.00000000  *
     2       C          1.52006187  *   0.00000000  *   0.00000000  *
     3       C          2.06044942  *   1.42981538  *   0.00000000  *
     4       C          3.58431483  *   1.42063621  *  -0.06464646  *
     5       C          4.24200557  *   2.78345663  *   0.16402949  *
     6       C          3.71673033  *   3.92286193  *  -0.71831047  *
     7       C          4.14412416  *   3.92141658  *  -2.18193488  *
     8       C          3.48019196  *   2.82895237  *  -3.01256587  *
     9       C          3.98501892  *   2.86306440  *  -4.44639242  *
    10       C          5.74577521  *   2.61379398  *   0.05821688  *
    11       C          6.48911262  *   2.10199482  *  -0.98040291  *
    12       C          7.88435016  *   2.03885963  *  -0.81466428  *
    13       C          8.51517311  *   2.46147760  *   0.35391539  *
    14       C          7.74528273  *   2.95082140  *   1.40949637  *
    15       C          6.37608166  *   3.00788979  *   1.25816113  *
    16       C          5.35394079  *   3.40263799  *   2.21026455  *
    17       C          4.09331978  *   3.24379089  *   1.60237916  *
    18       C          2.94707702  *   3.55311585  *   2.29845807  *
    19       C          3.06366771  *   4.01074924  *   3.61421782  *
    20       C          4.30777797  *   4.16085908  *   4.20930847  *
    21       C          5.47569741  *   3.85610010  *   3.50676304  *
    22       N          8.67237537  *   1.52456017  *  -1.87611553  *
    23       C          8.39264281  *   0.39936200  *  -2.65536294  *
    24       C          7.39220540  *  -0.59855659  *  -2.72104320  *
    25       C          7.68982414  *  -1.49231769  *  -3.73116423  *
    26       S          9.15538265  *  -1.13553168  *  -4.56876596  *
    27       C          9.42808444  *   0.20839584  *  -3.61253911  *
    28       C         10.35918704  *   1.23502711  *  -3.41538889  *
    29       C          9.87956834  *   2.03267597  *  -2.34443603  *
    30       C         10.72597279  *   3.14383643  *  -2.05349280  *
    31       C         11.80101349  *   3.12556258  *  -2.89555594  *
    32       S         11.81428079  *   1.81666052  *  -4.02971408  *
    33       C         12.88190971  *   4.08984154  *  -2.87479886  *
    34       C         14.13599108  *   3.69377754  *  -2.48348214  *
    35       C         15.19482401  *   4.62439146  *  -2.43074225  *
    36       C         14.97505723  *   5.93677450  *  -2.76805434  *
    37       C         13.69066238  *   6.36511363  *  -3.17791226  *
    38       C         12.63485552  *   5.44193836  *  -3.24149069  *
    39       C         11.35940930  *   5.88181283  *  -3.67926531  *
    40       C         11.15771763  *   7.19050772  *  -4.01930948  *
    41       C         12.21422936  *   8.12406329  *  -3.94083515  *
    42       C         13.45828648  *   7.71642902  *  -3.52786553  *
    43       C         14.55045600  *   8.70338860  *  -3.45295681  *
    44       O         14.39110248  *   9.88498725  *  -3.72931920  *
    45       N         15.82338242  *   8.24008510  *  -3.04331157  *
    46       C         16.09380419  *   6.89435132  *  -2.69986434  *
    47       O         17.22265699  *   6.56499625  *  -2.36058786  *
    48       C         16.90405219  *   9.19230951  *  -2.97009315  *
    49       C         18.05590155  *   8.96847668  *  -3.74107986  *
    50       C         19.12182660  *   9.85229690  *  -3.69264287  *
    51       C         19.00245535  *  10.96602035  *  -2.86564117  *
    52       C         17.82676583  *  11.19721402  *  -2.10093076  *
    53       C         16.77113187  *  10.30346785  *  -2.13967402  *
    54       C         18.02320963  *  12.43394035  *  -1.38690406  *
    55       C         17.22465892  *  13.14674114  *  -0.50861263  *
    56       C         17.71379890  *  14.33881898  *   0.00614728  *
    57       C         18.98008939  *  14.81208755  *  -0.34910603  *
    58       C         19.80102639  *  14.11475668  *  -1.22282831  *
    59       C         19.31310746  *  12.91693809  *  -1.73668604  *
    60       N         19.94754665  *  11.97557710  *  -2.57936516  *
    61       C         21.09453764  *  12.28325694  *  -3.43021234  *
    62       C         20.69176471  *  13.05964970  *  -4.68227687  *
    63       C          6.83936247  *  -2.60603835  *  -4.01913811  *
    64       C          6.99837673  *  -3.49550240  *  -5.02248784  *
    65       C          6.02447324  *  -4.58420181  *  -5.17398119  *
    66       O          5.03308339  *  -4.77872479  *  -4.48390468  *
    67       O          6.29762184  *  -5.42536556  *  -6.19170660  *
    68       C          8.05751822  *  -3.44997713  *  -5.96056439  *
    69       N          8.91000047  *  -3.43844825  *  -6.74264234  *
    70       H          5.97701344  *  -2.72338384  *  -3.34026718  *
    71       H         -0.41841630  *   0.49794863  *  -0.88659979  *
    72       H         -0.40810316  *  -1.02117873  *   0.00822310  *
    73       H         -0.41733198  *   0.51253956  *   0.87872445  *
    74       H          1.90027475  *  -0.56224496  *   0.87919200  *
    75       H          1.90219297  *  -0.56138275  *  -0.87885032  *
    76       H          1.63306129  *   1.99049226  *  -0.85805810  *
    77       H          1.69482663  *   1.97209431  *   0.89895184  *
    78       H          3.99375735  *   0.70116630  *   0.67730708  *
    79       H          3.89983961  *   1.02038132  *  -1.05617945  *
    80       H          2.60982134  *   3.97012811  *  -0.64493056  *
    81       H          4.05328230  *   4.88723404  *  -0.27143895  *
    82       H          3.88855488  *   4.91232454  *  -2.62296623  *
    83       H          5.24862766  *   3.88198145  *  -2.27405561  *
    84       H          3.66052407  *   1.82419778  *  -2.56913789  *
    85       H          2.37597374  *   2.94802589  *  -2.99469902  *
    86       H          3.50415048  *   2.09343236  *  -5.06748100  *
    87       H          3.78979819  *   3.82828923  *  -4.93557475  *
    88       H          5.06881764  *   2.68838808  *  -4.51182464  *
    89       H          6.02273697  *   1.76101049  *  -1.90991846  *
    90       H          9.60214395  *   2.39323433  *   0.46469471  *
    91       H          8.22225685  *   3.26959453  *   2.34010259  *
    92       H          1.96066805  *   3.42929963  *   1.83673290  *
    93       H          2.15832482  *   4.25401961  *   4.17857993  *
    94       H          4.37871144  *   4.52191023  *   5.23963456  *
    95       H          6.45608259  *   3.97595504  *   3.97357358  *
    96       H          6.52782478  *  -0.64945986  *  -2.06246000  *
    97       H         10.53338320  *   3.88335939  *  -1.28087196  *
    98       H         14.33230407  *   2.65481643  *  -2.19918901  *
    99       H         16.18715129  *   4.27924155  *  -2.11316789  *
   100       H         10.53415090  *   5.16478218  *  -3.75071507  *
   101       H         10.17526550  *   7.53287580  *  -4.35929521  *
   102       H         12.02201027  *   9.16882844  *  -4.21597422  *
   103       H         18.12431939  *   8.08395602  *  -4.38313140  *
   104       H         20.01930626  *   9.67054731  *  -4.28668686  *
   105       H         15.87170017  *  10.48382923  *  -1.54507488  *
   106       H         16.23461281  *  12.77300545  *  -0.23594221  *
   107       H         17.10065046  *  14.92019302  *   0.70002999  *
   108       H         19.33241935  *  15.75841845  *   0.07335417  *
   109       H         20.78744861  *  14.49717832  *  -1.48980144  *
   110       H         21.84194913  *  12.85381297  *  -2.83150681  *
   111       H         21.60605293  *  11.33032869  *  -3.70062500  *
   112       H         20.21678843  *  14.02162096  *  -4.44093282  *
   113       H         21.56546659  *  13.28150686  *  -5.31152510  *
   114       H         19.97909845  *  12.50164750  *  -5.30687031  *
   115       H          5.63126868  *  -6.12516478  *  -6.25284493  *
 


          CARTESIAN COORDINATES 

    NO.       ATOM           X           Y           Z

     1         C          0.0000      0.0000      0.0000
     2         C          1.5201      0.0000      0.0000
     3         C          2.0604      1.4298      0.0000
     4         C          3.5843      1.4206     -0.0646
     5         C          4.2420      2.7835      0.1640
     6         C          3.7167      3.9229     -0.7183
     7         C          4.1441      3.9214     -2.1819
     8         C          3.4802      2.8290     -3.0126
     9         C          3.9850      2.8631     -4.4464
    10         C          5.7458      2.6138      0.0582
    11         C          6.4891      2.1020     -0.9804
    12         C          7.8844      2.0389     -0.8147
    13         C          8.5152      2.4615      0.3539
    14         C          7.7453      2.9508      1.4095
    15         C          6.3761      3.0079      1.2582
    16         C          5.3539      3.4026      2.2103
    17         C          4.0933      3.2438      1.6024
    18         C          2.9471      3.5531      2.2985
    19         C          3.0637      4.0107      3.6142
    20         C          4.3078      4.1609      4.2093
    21         C          5.4757      3.8561      3.5068
    22         N          8.6724      1.5246     -1.8761
    23         C          8.3926      0.3994     -2.6554
    24         C          7.3922     -0.5986     -2.7210
    25         C          7.6898     -1.4923     -3.7312
    26         S          9.1554     -1.1355     -4.5688
    27         C          9.4281      0.2084     -3.6125
    28         C         10.3592      1.2350     -3.4154
    29         C          9.8796      2.0327     -2.3444
    30         C         10.7260      3.1438     -2.0535
    31         C         11.8010      3.1256     -2.8956
    32         S         11.8143      1.8167     -4.0297
    33         C         12.8819      4.0898     -2.8748
    34         C         14.1360      3.6938     -2.4835
    35         C         15.1948      4.6244     -2.4307
    36         C         14.9751      5.9368     -2.7681
    37         C         13.6907      6.3651     -3.1779
    38         C         12.6349      5.4419     -3.2415
    39         C         11.3594      5.8818     -3.6793
    40         C         11.1577      7.1905     -4.0193
    41         C         12.2142      8.1241     -3.9408
    42         C         13.4583      7.7164     -3.5279
    43         C         14.5505      8.7034     -3.4530
    44         O         14.3911      9.8850     -3.7293
    45         N         15.8234      8.2401     -3.0433
    46         C         16.0938      6.8944     -2.6999
    47         O         17.2227      6.5650     -2.3606
    48         C         16.9041      9.1923     -2.9701
    49         C         18.0559      8.9685     -3.7411
    50         C         19.1218      9.8523     -3.6926
    51         C         19.0025     10.9660     -2.8656
    52         C         17.8268     11.1972     -2.1009
    53         C         16.7711     10.3035     -2.1397
    54         C         18.0232     12.4339     -1.3869
    55         C         17.2247     13.1467     -0.5086
    56         C         17.7138     14.3388      0.0061
    57         C         18.9801     14.8121     -0.3491
    58         C         19.8010     14.1148     -1.2228
    59         C         19.3131     12.9169     -1.7367
    60         N         19.9475     11.9756     -2.5794
    61         C         21.0945     12.2833     -3.4302
    62         C         20.6918     13.0596     -4.6823
    63         C          6.8394     -2.6060     -4.0191
    64         C          6.9984     -3.4955     -5.0225
    65         C          6.0245     -4.5842     -5.1740
    66         O          5.0331     -4.7787     -4.4839
    67         O          6.2976     -5.4254     -6.1917
    68         C          8.0575     -3.4500     -5.9606
    69         N          8.9100     -3.4384     -6.7426
    70         H          5.9770     -2.7234     -3.3403
    71         H         -0.4184      0.4979     -0.8866
    72         H         -0.4081     -1.0212      0.0082
    73         H         -0.4173      0.5125      0.8787
    74         H          1.9003     -0.5622      0.8792
    75         H          1.9022     -0.5614     -0.8789
    76         H          1.6331      1.9905     -0.8581
    77         H          1.6948      1.9721      0.8990
    78         H          3.9938      0.7012      0.6773
    79         H          3.8998      1.0204     -1.0562
    80         H          2.6098      3.9701     -0.6449
    81         H          4.0533      4.8872     -0.2714
    82         H          3.8886      4.9123     -2.6230
    83         H          5.2486      3.8820     -2.2741
    84         H          3.6605      1.8242     -2.5691
    85         H          2.3760      2.9480     -2.9947
    86         H          3.5042      2.0934     -5.0675
    87         H          3.7898      3.8283     -4.9356
    88         H          5.0688      2.6884     -4.5118
    89         H          6.0227      1.7610     -1.9099
    90         H          9.6021      2.3932      0.4647
    91         H          8.2223      3.2696      2.3401
    92         H          1.9607      3.4293      1.8367
    93         H          2.1583      4.2540      4.1786
    94         H          4.3787      4.5219      5.2396
    95         H          6.4561      3.9760      3.9736
    96         H          6.5278     -0.6495     -2.0625
    97         H         10.5334      3.8834     -1.2809
    98         H         14.3323      2.6548     -2.1992
    99         H         16.1872      4.2792     -2.1132
   100         H         10.5342      5.1648     -3.7507
   101         H         10.1753      7.5329     -4.3593
   102         H         12.0220      9.1688     -4.2160
   103         H         18.1243      8.0840     -4.3831
   104         H         20.0193      9.6705     -4.2867
   105         H         15.8717     10.4838     -1.5451
   106         H         16.2346     12.7730     -0.2359
   107         H         17.1007     14.9202      0.7000
   108         H         19.3324     15.7584      0.0734
   109         H         20.7874     14.4972     -1.4898
   110         H         21.8419     12.8538     -2.8315
   111         H         21.6061     11.3303     -3.7006
   112         H         20.2168     14.0216     -4.4409
   113         H         21.5655     13.2815     -5.3115
   114         H         19.9791     12.5016     -5.3069
   115         H          5.6313     -6.1252     -6.2528

  H: (RM1): G.B. ROCHA, R.O. FREIRE, A.M.SIMAS, J.J.P. STEWART, J. COMP. CHEM. 27, 1101 (2006)
  C: (RM1): G.B. ROCHA, R.O. FREIRE, A.M.SIMAS, J.J.P. STEWART, J. COMP. CHEM. 27, 1101 (2006)
  N: (RM1): G.B. ROCHA, R.O. FREIRE, A.M.SIMAS, J.J.P. STEWART, J. COMP. CHEM. 27, 1101 (2006)
  O: (RM1): G.B. ROCHA, R.O. FREIRE, A.M.SIMAS, J.J.P. STEWART, J. COMP. CHEM. 27, 1101 (2006)
  S: (RM1): G.B. ROCHA, R.O. FREIRE, A.M.SIMAS, J.J.P. STEWART, J. COMP. CHEM. 27, 1101 (2006)

           Empirical Formula: C59 H46 N4 O4 S2  =   115 atoms



      MOLECULAR POINT GROUP   :   C1  


      RHF CALCULATION, NO. OF DOUBLY OCCUPIED LEVELS = 169


          Geometry optimization using L-BFGS
 CYCLE:     1 TIME:   0.633 TIME LEFT:  2.00D  GRAD.:     0.241 HEAT:  58.68152
 CYCLE:     2 TIME:   0.262 TIME LEFT:  2.00D  GRAD.:     0.235 HEAT:  58.68152
 CYCLE:     3 TIME:   0.277 TIME LEFT:  2.00D  GRAD.:     0.154 HEAT:  58.68150
 CYCLE:     4 TIME:   0.277 TIME LEFT:  2.00D  GRAD.:     0.254 HEAT:  58.68152
 CYCLE:     5 TIME:   0.270 TIME LEFT:  2.00D  GRAD.:     0.161 HEAT:  58.68150
 CYCLE:     6 TIME:   0.246 TIME LEFT:  2.00D  GRAD.:     0.124 HEAT:  58.68149
 CYCLE:     7 TIME:   0.273 TIME LEFT:  2.00D  GRAD.:     0.136 HEAT:  58.68147
 CYCLE:     8 TIME:   0.270 TIME LEFT:  2.00D  GRAD.:     0.146 HEAT:  58.68147
 CYCLE:     9 TIME:   0.270 TIME LEFT:  2.00D  GRAD.:     0.065 HEAT:  58.68147

 -------------------------------------------------------------------------------
 RM1 PRECISE POLAR XYZ GNORM=0.1




     HERBERTS TEST WAS SATISFIED IN BFGS                      
     SCF FIELD WAS ACHIEVED                                   


                              RM1 CALCULATION
                                                       MOPAC2016 (Version: 21.013L)
                                                       Mon Oct 18 12:55:31 2021
                                                       No. of days remaining =  87




          FINAL HEAT OF FORMATION =         58.68147 KCAL/MOL =     245.52326 KJ/MOL


          TOTAL ENERGY            =     -10517.94415 EV
          ELECTRONIC ENERGY       =    -128118.67469 EV  POINT GROUP:     C1  
          CORE-CORE REPULSION     =     117600.73054 EV
          COSMO AREA              =        871.71 SQUARE ANGSTROMS
          COSMO VOLUME            =       1079.76 CUBIC ANGSTROMS

          GRADIENT NORM           =          0.06544 = 0.00610 PER ATOM
          IONIZATION POTENTIAL    =          7.994255 EV
          HOMO LUMO ENERGIES (EV) =         -7.994 -1.563
          NO. OF FILLED LEVELS    =        169
          MOLECULAR WEIGHT        =        939.1568

          MOLECULAR DIMENSIONS (Angstroms)

            Atom       Atom       Distance
            H   113    H    72    26.75269
            H   115    H   107    15.83405
            H    99    H    87     7.94749


          SCF CALCULATIONS        =         10
 
          WALL-CLOCK TIME         =          3.055 SECONDS
          COMPUTATION TIME        =         57.994 SECONDS




   ATOM   CHEMICAL          X               Y               Z
  NUMBER   SYMBOL      (ANGSTROMS)     (ANGSTROMS)     (ANGSTROMS)
 
     1       C          0.00000368  *  -0.00004539  *  -0.00002276  *
     2       C          1.52007162  *  -0.00000830  *  -0.00004197  *
     3       C          2.06043799  *   1.42980816  *   0.00006821  *
     4       C          3.58431284  *   1.42062610  *  -0.06466046  *
     5       C          4.24198505  *   2.78344623  *   0.16404972  *
     6       C          3.71672496  *   3.92285497  *  -0.71832128  *
     7       C          4.14413123  *   3.92140510  *  -2.18193341  *
     8       C          3.48017231  *   2.82894813  *  -3.01255176  *
     9       C          3.98503114  *   2.86307016  *  -4.44637440  *
    10       C          5.74575021  *   2.61381321  *   0.05821835  *
    11       C          6.48912442  *   2.10208720  *  -0.98040716  *
    12       C          7.88435195  *   2.03889796  *  -0.81466230  *
    13       C          8.51516497  *   2.46149060  *   0.35393702  *
    14       C          7.74527015  *   2.95089545  *   1.40946163  *
    15       C          6.37605465  *   3.00778255  *   1.25815919  *
    16       C          5.35396115  *   3.40264881  *   2.21025857  *
    17       C          4.09334269  *   3.24384519  *   1.60234604  *
    18       C          2.94708673  *   3.55313017  *   2.29844034  *
    19       C          3.06366700  *   4.01069821  *   3.61422274  *
    20       C          4.30777335  *   4.16081506  *   4.20933264  *
    21       C          5.47570395  *   3.85607157  *   3.50676522  *
    22       N          8.67234728  *   1.52456576  *  -1.87611268  *
    23       C          8.39263549  *   0.39935522  *  -2.65535151  *
    24       C          7.39221692  *  -0.59856963  *  -2.72104700  *
    25       C          7.68989506  *  -1.49241388  *  -3.73107270  *
    26       S          9.15535683  *  -1.13549819  *  -4.56877658  *
    27       C          9.42806727  *   0.20841925  *  -3.61256003  *
    28       C         10.35917444  *   1.23502681  *  -3.41536314  *
    29       C          9.87956332  *   2.03267142  *  -2.34441075  *
    30       C         10.72599096  *   3.14381306  *  -2.05350287  *
    31       C         11.80098309  *   3.12556980  *  -2.89562818  *
    32       S         11.81429648  *   1.81666022  *  -4.02969816  *
    33       C         12.88190138  *   4.08982008  *  -2.87479750  *
    34       C         14.13598317  *   3.69376294  *  -2.48352072  *
    35       C         15.19478308  *   4.62441442  *  -2.43066092  *
    36       C         14.97505804  *   5.93679409  *  -2.76804521  *
    37       C         13.69066787  *   6.36510233  *  -3.17798113  *
    38       C         12.63483057  *   5.44191406  *  -3.24146259  *
    39       C         11.35941591  *   5.88179456  *  -3.67930644  *
    40       C         11.15771541  *   7.19050444  *  -4.01927661  *
    41       C         12.21422409  *   8.12405680  *  -3.94079266  *
    42       C         13.45827613  *   7.71645161  *  -3.52781065  *
    43       C         14.55046882  *   8.70337304  *  -3.45297979  *
    44       O         14.39111948  *   9.88498824  *  -3.72929107  *
    45       N         15.82341586  *   8.24008937  *  -3.04335482  *
    46       C         16.09382785  *   6.89437473  *  -2.69987842  *
    47       O         17.22266404  *   6.56498695  *  -2.36056543  *
    48       C         16.90405430  *   9.19233339  *  -2.97010105  *
    49       C         18.05589772  *   8.96848222  *  -3.74108226  *
    50       C         19.12179904  *   9.85232733  *  -3.69267635  *
    51       C         19.00241295  *  10.96605588  *  -2.86569448  *
    52       C         17.82674946  *  11.19721544  *  -2.10093392  *
    53       C         16.77115850  *  10.30345547  *  -2.13964137  *
    54       C         18.02319616  *  12.43393769  *  -1.38691225  *
    55       C         17.22461444  *  13.14677102  *  -0.50866581  *
    56       C         17.71381173  *  14.33879469  *   0.00613429  *
    57       C         18.98014440  *  14.81206307  *  -0.34903106  *
    58       C         19.80103500  *  14.11473296  *  -1.22279629  *
    59       C         19.31310859  *  12.91690013  *  -1.73666918  *
    60       N         19.94756190  *  11.97553439  *  -2.57933864  *
    61       C         21.09452743  *  12.28325587  *  -3.43021111  *
    62       C         20.69175387  *  13.05965347  *  -4.68227957  *
    63       C          6.83929296  *  -2.60597763  *  -4.01920866  *
    64       C          6.99837780  *  -3.49549325  *  -5.02250500  *
    65       C          6.02445927  *  -4.58418871  *  -5.17399027  *
    66       O          5.03309145  *  -4.77872955  *  -4.48389088  *
    67       O          6.29764610  *  -5.42539638  *  -6.19166557  *
    68       C          8.05751914  *  -3.45000106  *  -5.96058173  *
    69       N          8.91001841  *  -3.43842947  *  -6.74263270  *
    70       H          5.97702924  *  -2.72340589  *  -3.34024908  *
    71       H         -0.41845319  *   0.49796724  *  -0.88656780  *
    72       H         -0.40812699  *  -1.02120455  *   0.00824510  *
    73       H         -0.41729258  *   0.51257067  *   0.87868456  *
    74       H          1.90025668  *  -0.56220194  *   0.87919757  *
    75       H          1.90220871  *  -0.56137886  *  -0.87887677  *
    76       H          1.63308069  *   1.99045358  *  -0.85805043  *
    77       H          1.69481354  *   1.97212574  *   0.89897249  *
    78       H          3.99379288  *   0.70118033  *   0.67729710  *
    79       H          3.89982774  *   1.02038009  *  -1.05619159  *
    80       H          2.60981567  *   3.97015799  *  -0.64489738  *
    81       H          4.05328494  *   4.88721999  *  -0.27143418  *
    82       H          3.88857123  *   4.91231170  *  -2.62298223  *
    83       H          5.24862870  *   3.88198592  *  -2.27405508  *
    84       H          3.66055437  *   1.82419566  *  -2.56913328  *
    85       H          2.37595671  *   2.94803728  *  -2.99471786  *
    86       H          3.50414798  *   2.09345068  *  -5.06747104  *
    87       H          3.78979218  *   3.82828000  *  -4.93558042  *
    88       H          5.06882284  *   2.68837768  *  -4.51184023  *
    89       H          6.02279969  *   1.76095517  *  -1.90989714  *
    90       H          9.60212546  *   2.39321152  *   0.46471058  *
    91       H          8.22225606  *   3.26959191  *   2.34008066  *
    92       H          1.96067102  *   3.42927640  *   1.83673771  *
    93       H          2.15833082  *   4.25404768  *   4.17856847  *
    94       H          4.37870035  *   4.52195749  *   5.23963697  *
    95       H          6.45608777  *   3.97594240  *   3.97357892  *
    96       H          6.52781525  *  -0.64946785  *  -2.06249592  *
    97       H         10.53338552  *   3.88337427  *  -1.28089748  *
    98       H         14.33229730  *   2.65482800  *  -2.19914301  *
    99       H         16.18715437  *   4.27926103  *  -2.11322682  *
   100       H         10.53415047  *   5.16478038  *  -3.75071815  *
   101       H         10.17527241  *   7.53286969  *  -4.35927527  *
   102       H         12.02202344  *   9.16880815  *  -4.21600555  *
   103       H         18.12432811  *   8.08395919  *  -4.38312751  *
   104       H         20.01930323  *   9.67053881  *  -4.28666965  *
   105       H         15.87171559  *  10.48386285  *  -1.54508085  *
   106       H         16.23462291  *  12.77295832  *  -0.23591050  *
   107       H         17.10067181  *  14.92021038  *   0.70000225  *
   108       H         19.33238698  *  15.75846591  *   0.07334326  *
   109       H         20.78742686  *  14.49719092  *  -1.48984217  *
   110       H         21.84196110  *  12.85382742  *  -2.83154804  *
   111       H         21.60609578  *  11.33034093  *  -3.70057064  *
   112       H         20.21676622  *  14.02162021  *  -4.44094243  *
   113       H         21.56547232  *  13.28149827  *  -5.31151385  *
   114       H         19.97909440  *  12.50162542  *  -5.30685292  *
   115       H          5.63124740  *  -6.12514193  *  -6.25286193  *

                             CARTESIAN COORDINATES

   1    C        0.000003681    -0.000045388    -0.000022762
   2    C        1.520071619    -0.000008303    -0.000041972
   3    C        2.060437993     1.429808157     0.000068215
   4    C        3.584312844     1.420626103    -0.064660462
   5    C        4.241985046     2.783446231     0.164049722
   6    C        3.716724963     3.922854973    -0.718321285
   7    C        4.144131230     3.921405096    -2.181933415
   8    C        3.480172308     2.828948126    -3.012551761
   9    C        3.985031139     2.863070162    -4.446374399
  10    C        5.745750211     2.613813210     0.058218355
  11    C        6.489124417     2.102087205    -0.980407160
  12    C        7.884351953     2.038897955    -0.814662296
  13    C        8.515164973     2.461490599     0.353937023
  14    C        7.745270152     2.950895452     1.409461633
  15    C        6.376054648     3.007782553     1.258159185
  16    C        5.353961152     3.402648807     2.210258566
  17    C        4.093342687     3.243845191     1.602346044
  18    C        2.947086726     3.553130172     2.298440339
  19    C        3.063667002     4.010698207     3.614222735
  20    C        4.307773353     4.160815059     4.209332638
  21    C        5.475703954     3.856071575     3.506765223
  22    N        8.672347284     1.524565760    -1.876112678
  23    C        8.392635488     0.399355217    -2.655351509
  24    C        7.392216916    -0.598569630    -2.721047000
  25    C        7.689895058    -1.492413883    -3.731072702
  26    S        9.155356825    -1.135498191    -4.568776583
  27    C        9.428067274     0.208419246    -3.612560026
  28    C       10.359174439     1.235026814    -3.415363139
  29    C        9.879563317     2.032671420    -2.344410751
  30    C       10.725990956     3.143813064    -2.053502872
  31    C       11.800983090     3.125569805    -2.895628183
  32    S       11.814296477     1.816660224    -4.029698157
  33    C       12.881901382     4.089820084    -2.874797500
  34    C       14.135983170     3.693762936    -2.483520724
  35    C       15.194783085     4.624414416    -2.430660924
  36    C       14.975058042     5.936794091    -2.768045208
  37    C       13.690667865     6.365102330    -3.177981128
  38    C       12.634830572     5.441914058    -3.241462594
  39    C       11.359415906     5.881794562    -3.679306435
  40    C       11.157715410     7.190504443    -4.019276605
  41    C       12.214224092     8.124056795    -3.940792656
  42    C       13.458276130     7.716451609    -3.527810654
  43    C       14.550468823     8.703373043    -3.452979788
  44    O       14.391119483     9.884988245    -3.729291074
  45    N       15.823415856     8.240089374    -3.043354815
  46    C       16.093827846     6.894374731    -2.699878424
  47    O       17.222664044     6.564986954    -2.360565426
  48    C       16.904054300     9.192333386    -2.970101049
  49    C       18.055897722     8.968482224    -3.741082264
  50    C       19.121799042     9.852327333    -3.692676345
  51    C       19.002412951    10.966055882    -2.865694478
  52    C       17.826749459    11.197215443    -2.100933922
  53    C       16.771158499    10.303455469    -2.139641373
  54    C       18.023196158    12.433937690    -1.386912248
  55    C       17.224614441    13.146771021    -0.508665807
  56    C       17.713811727    14.338794685     0.006134291
  57    C       18.980144402    14.812063069    -0.349031057
  58    C       19.801034999    14.114732962    -1.222796293
  59    C       19.313108594    12.916900131    -1.736669180
  60    N       19.947561897    11.975534389    -2.579338637
  61    C       21.094527430    12.283255869    -3.430211110
  62    C       20.691753866    13.059653472    -4.682279567
  63    C        6.839292965    -2.605977627    -4.019208657
  64    C        6.998377800    -3.495493247    -5.022504996
  65    C        6.024459272    -4.584188713    -5.173990269
  66    O        5.033091449    -4.778729548    -4.483890882
  67    O        6.297646101    -5.425396380    -6.191665567
  68    C        8.057519144    -3.450001061    -5.960581728
  69    N        8.910018413    -3.438429469    -6.742632702
  70    H        5.977029244    -2.723405891    -3.340249081
  71    H       -0.418453185     0.497967237    -0.886567803
  72    H       -0.408126987    -1.021204551     0.008245100
  73    H       -0.417292584     0.512570665     0.878684564
  74    H        1.900256682    -0.562201941     0.879197573
  75    H        1.902208707    -0.561378859    -0.878876773
  76    H        1.633080690     1.990453584    -0.858050429
  77    H        1.694813540     1.972125736     0.898972494
  78    H        3.993792884     0.701180332     0.677297103
  79    H        3.899827744     1.020380086    -1.056191586
  80    H        2.609815673     3.970157992    -0.644897382
  81    H        4.053284944     4.887219993    -0.271434180
  82    H        3.888571226     4.912311695    -2.622982226
  83    H        5.248628696     3.881985923    -2.274055075
  84    H        3.660554374     1.824195661    -2.569133282
  85    H        2.375956707     2.948037278    -2.994717864
  86    H        3.504147984     2.093450677    -5.067471040
  87    H        3.789792176     3.828279996    -4.935580420
  88    H        5.068822836     2.688377682    -4.511840230
  89    H        6.022799685     1.760955166    -1.909897144
  90    H        9.602125462     2.393211522     0.464710578
  91    H        8.222256057     3.269591907     2.340080658
  92    H        1.960671017     3.429276405     1.836737708
  93    H        2.158330818     4.254047680     4.178568473
  94    H        4.378700348     4.521957494     5.239636966
  95    H        6.456087774     3.975942403     3.973578923
  96    H        6.527815247    -0.649467846    -2.062495918
  97    H       10.533385520     3.883374266    -1.280897479
  98    H       14.332297301     2.654828004    -2.199143012
  99    H       16.187154366     4.279261027    -2.113226817
 100    H       10.534150468     5.164780375    -3.750718146
 101    H       10.175272413     7.532869688    -4.359275269
 102    H       12.022023438     9.168808150    -4.216005553
 103    H       18.124328114     8.083959188    -4.383127512
 104    H       20.019303225     9.670538807    -4.286669654
 105    H       15.871715588    10.483862850    -1.545080848
 106    H       16.234622912    12.772958322    -0.235910497
 107    H       17.100671808    14.920210377     0.700002253
 108    H       19.332386984    15.758465905     0.073343258
 109    H       20.787426864    14.497190919    -1.489842169
 110    H       21.841961099    12.853827424    -2.831548038
 111    H       21.606095785    11.330340926    -3.700570643
 112    H       20.216766218    14.021620213    -4.440942428
 113    H       21.565472317    13.281498273    -5.311513851
 114    H       19.979094401    12.501625416    -5.306852921
 115    H        5.631247405    -6.125141929    -6.252861926


           Empirical Formula: C59 H46 N4 O4 S2  =   115 atoms



      MOLECULAR POINT GROUP   :   C1  


                  EIGENVALUES  
 -40.37884 -39.80252 -39.44570 -39.36461 -39.15042 -37.99900 -37.43463 -36.93137
 -36.54908 -36.13423 -35.80304 -35.62987 -35.44015 -35.27644 -34.95764 -34.39660
 -34.30658 -34.09778 -33.43300 -32.65320 -32.46001 -31.94771 -31.21962 -30.33793
 -30.25077 -29.95964 -29.73024 -29.43331 -29.30776 -29.27993 -29.16923 -27.78708
 -27.55329 -27.46077 -27.15177 -26.24785 -25.61391 -24.95939 -24.45945 -24.31017
 -24.08345 -23.96638 -23.65709 -23.24544 -23.22859 -23.15164 -22.63047 -22.42487
 -22.38185 -21.94427 -21.70162 -21.49388 -21.30288 -21.16268 -20.88853 -20.61504
 -20.35584 -20.35049 -20.04905 -19.30722 -19.17133 -18.74435 -18.53153 -18.15068
 -18.07630 -17.93243 -17.73439 -17.72430 -17.47304 -17.32423 -17.17482 -17.14459
 -17.02045 -16.84762 -16.64472 -16.35273 -16.30301 -16.25938 -16.11620 -16.06106
 -15.90220 -15.84249 -15.77442 -15.74491 -15.68389 -15.54787 -15.49572 -15.46311
 -15.40189 -15.31718 -15.20026 -15.12881 -15.00000 -14.96825 -14.90920 -14.81284
 -14.67650 -14.61813 -14.57955 -14.53897 -14.51456 -14.49011 -14.41731 -14.26699
 -14.16233 -14.14813 -14.05556 -14.05274 -14.04257 -14.02013 -13.92915 -13.82505
 -13.76822 -13.68838 -13.63670 -13.58816 -13.48730 -13.44265 -13.36919 -13.35504
 -13.23591 -13.17992 -13.10030 -12.89809 -12.88102 -12.81480 -12.65420 -12.56840
 -12.51557 -12.50789 -12.44087 -12.43289 -12.42678 -12.37153 -12.32873 -12.26503
 -12.21069 -11.96720 -11.93879 -11.87506 -11.85367 -11.83245 -11.75236 -11.72842
 -11.62726 -11.57889 -11.53340 -11.50397 -11.43526 -11.38438 -11.26875 -10.97966
 -10.90478 -10.84291 -10.60751 -10.49228 -10.38320 -10.17164 -10.11591  -9.83666
  -9.75881  -9.71252  -9.35598  -9.32679  -9.16262  -8.70374  -8.37809  -8.37500
  -7.99426  -1.56251  -1.24601  -0.67660  -0.27307  -0.25125  -0.00890   0.14037
   0.18480   0.34599   0.48184   0.50744   0.64057   0.69555   0.75364   0.93950
   1.06408   1.10079   1.18101   1.26796   1.28199   1.36230   1.41390   1.53367
   1.56265   1.64026   1.83103   1.95455   2.04791   2.20625   2.27463   2.44054
   2.90578   2.92122   2.96433   3.00014   3.17635   3.19206   3.23470   3.28936
   3.40690   3.41451   3.56991   3.61263   3.61786   3.63256   3.66312   3.67501
   3.68470   3.69133   3.73312   3.74848   3.77679   3.82640   3.84699   3.86400
   3.92456   3.96126   3.97396   3.99825   4.01474   4.05085   4.07576   4.10620
   4.14716   4.18338   4.23117   4.23795   4.24231   4.24971   4.25702   4.26538
   4.26853   4.27374   4.28259   4.31157   4.34492   4.37959   4.41883   4.42882
   4.45550   4.47855   4.50573   4.51525   4.52353   4.56180   4.56501   4.58886
   4.60641   4.62442   4.69480   4.71086   4.72310   4.73921   4.76384   4.78306
   4.81885   4.82135   4.83155   4.84766   4.89793   4.91318   4.91706   4.93003
   4.93925   4.95198   4.96600   4.97651   4.98908   5.03070   5.04265   5.05107
   5.06140   5.11843   5.12176   5.14585   5.15156   5.16251   5.16951   5.20517
   5.21623   5.23623   5.26244   5.28280   5.33861   5.36019   5.39910   5.44449
   5.46799   5.49117   5.51923   5.52496   5.53829   5.58093   5.64410   5.67164
   5.68299   5.68909   5.77672   5.80882   5.83417   6.06114   6.07357   6.12173
   6.17306   6.19338   6.20155   6.26620   6.30959   6.56188   6.60592   6.63804
   6.70498   7.08693


              NET ATOMIC CHARGES AND DIPOLE CONTRIBUTIONS

  ATOM NO.   TYPE          CHARGE      No. of ELECS.   s-Pop       p-Pop
   66          O          -0.382474        6.3825     1.91042     4.47205
   65          C           0.406591        3.5934     1.17970     2.41371
   67          O          -0.311467        6.3115     1.83995     4.47152
  115          H           0.244713        0.7553     0.75529
   68          C           0.047919        3.9521     1.19504     2.75704
   69          N          -0.144760        5.1448     1.84841     3.29635
    1          C          -0.178106        4.1781     1.15574     3.02237
    2          C          -0.112494        4.1125     1.16727     2.94522
    3          C          -0.130559        4.1306     1.17201     2.95855
    4          C          -0.123224        4.1232     1.17286     2.95037
    5          C           0.064124        3.9359     1.16984     2.76604
    6          C          -0.120592        4.1206     1.17184     2.94875
    7          C          -0.125235        4.1252     1.16984     2.95539
    8          C          -0.119088        4.1191     1.16843     2.95066
    9          C          -0.180456        4.1805     1.15612     3.02433
   10          C          -0.035049        4.0350     1.18671     2.84834
   11          C          -0.130850        4.1309     1.17611     2.95474
   12          C           0.109984        3.8900     1.14465     2.74536
   13          C          -0.137485        4.1375     1.18051     2.95698
   14          C          -0.067682        4.0677     1.17239     2.89530
   15          C          -0.030320        4.0303     1.16482     2.86550
   16          C          -0.039802        4.0398     1.16151     2.87829
   17          C          -0.063291        4.0633     1.18704     2.87625
   18          C          -0.100703        4.1007     1.17549     2.92522
   19          C          -0.093273        4.0933     1.17996     2.91332
   20          C          -0.107629        4.1076     1.17954     2.92809
   21          C          -0.080118        4.0801     1.17308     2.90704
   22          N          -0.157147        5.1571     1.46480     3.69235
   23          C           0.003445        3.9966     1.15208     2.84448
   24          C          -0.013684        4.0137     1.17275     2.84093
   25          C          -0.423361        4.4234     1.22127     3.20209
   26          S           0.595267        5.4047     1.88221     3.52252
   27          C          -0.307901        4.3079     1.20883     3.09907
   28          C          -0.342714        4.3427     1.20385     3.13886
   29          C           0.056628        3.9434     1.15459     2.78878
   30          C          -0.083902        4.0839     1.17038     2.91353
   31          C          -0.312844        4.3128     1.21992     3.09293
   32          S           0.519422        5.4806     1.88435     3.59623
   33          C           0.086021        3.9140     1.15110     2.76288
   34          C          -0.157212        4.1572     1.18286     2.97435
   35          C           0.021762        3.9782     1.18177     2.79647
   36          C          -0.185902        4.1859     1.17443     3.01147
   37          C           0.084776        3.9152     1.14862     2.76660
   38          C          -0.076755        4.0768     1.16064     2.91611
   39          C          -0.029566        4.0296     1.18141     2.84815
   40          C          -0.158637        4.1586     1.18245     2.97619
   41          C           0.024689        3.9753     1.18253     2.79278
   42          C          -0.188701        4.1887     1.17408     3.01462
   43          C           0.440467        3.5595     1.15805     2.40148
   44          O          -0.349103        6.3491     1.90902     4.44008
   45          N          -0.391210        5.3912     1.53359     3.85762
   46          C           0.440440        3.5596     1.15773     2.40183
   47          O          -0.348296        6.3483     1.90902     4.43928
   48          C           0.043586        3.9564     1.14551     2.81090
   49          C          -0.045496        4.0455     1.17680     2.86869
   50          C          -0.162866        4.1629     1.16923     2.99364
   51          C           0.116954        3.8830     1.15353     2.72951
   52          C          -0.086644        4.0866     1.15794     2.92870
   53          C          -0.026348        4.0263     1.17001     2.85634
   54          C          -0.087544        4.0875     1.15916     2.92838
   55          C          -0.034384        4.0344     1.16957     2.86482
   56          C          -0.158830        4.1588     1.17784     2.98099
   57          C          -0.055432        4.0554     1.17607     2.87936
   58          C          -0.168259        4.1683     1.17029     2.99797
   59          C           0.113381        3.8866     1.15373     2.73289
   60          N          -0.286136        5.2861     1.52571     3.76043
   61          C           0.074230        3.9258     1.15309     2.77268
   62          C          -0.227637        4.2276     1.16455     3.06309
   63          C           0.148495        3.8515     1.17149     2.68001
   64          C          -0.166981        4.1670     1.14070     3.02628
   70          H           0.129208        0.8708     0.87079
   71          H           0.058267        0.9417     0.94173
   72          H           0.059280        0.9407     0.94072
   73          H           0.057775        0.9422     0.94223
   74          H           0.062470        0.9375     0.93753
   75          H           0.060077        0.9399     0.93992
   76          H           0.066492        0.9335     0.93351
   77          H           0.070661        0.9293     0.92934
   78          H           0.074518        0.9255     0.92548
   79          H           0.068934        0.9311     0.93107
   80          H           0.073129        0.9269     0.92687
   81          H           0.070863        0.9291     0.92914
   82          H           0.062011        0.9380     0.93799
   83          H           0.070254        0.9297     0.92975
   84          H           0.064327        0.9357     0.93567
   85          H           0.062925        0.9371     0.93708
   86          H           0.058884        0.9411     0.94112
   87          H           0.060415        0.9396     0.93959
   88          H           0.057589        0.9424     0.94241
   89          H           0.136314        0.8637     0.86369
   90          H           0.128699        0.8713     0.87130
   91          H           0.119215        0.8808     0.88079
   92          H           0.117341        0.8827     0.88266
   93          H           0.107112        0.8929     0.89289
   94          H           0.108560        0.8914     0.89144
   95          H           0.111107        0.8889     0.88889
   96          H           0.133836        0.8662     0.86616
   97          H           0.141372        0.8586     0.85863
   98          H           0.129991        0.8700     0.87001
   99          H           0.135617        0.8644     0.86438
  100          H           0.121559        0.8784     0.87844
  101          H           0.122211        0.8778     0.87779
  102          H           0.133690        0.8663     0.86631
  103          H           0.117754        0.8822     0.88225
  104          H           0.119314        0.8807     0.88069
  105          H           0.124005        0.8760     0.87599
  106          H           0.108465        0.8915     0.89154
  107          H           0.106955        0.8930     0.89304
  108          H           0.099377        0.9006     0.90062
  109          H           0.115486        0.8845     0.88451
  110          H           0.075665        0.9243     0.92434
  111          H           0.076223        0.9238     0.92378
  112          H           0.078311        0.9217     0.92169
  113          H           0.069925        0.9301     0.93008
  114          H           0.079069        0.9209     0.92093
  
 DIPOLE           X         Y         Z       TOTAL
 POINT-CHG.    -1.581     0.600     0.393     1.736
 HYBRID        -2.766     0.807     2.739     3.976
 SUM           -4.347     1.407     3.132     5.539


          ATOMIC ORBITAL ELECTRON POPULATIONS

     Atom    s        px        py        pz   
    1  C   1.15574   0.96240   1.03113   1.02883
    2  C   1.16727   0.95513   0.96236   1.02773
    3  C   1.17201   0.94558   0.97733   1.03564
    4  C   1.17286   0.96190   0.95545   1.03301
    5  C   1.16984   0.90061   0.94758   0.91785
    6  C   1.17184   1.02017   0.97793   0.95065
    7  C   1.16984   1.01683   0.99742   0.94114
    8  C   1.16843   1.00626   0.99352   0.95088
    9  C   1.15612   1.02218   1.03238   0.96978
   10  C   1.18671   0.95481   0.95946   0.93407
   11  C   1.17611   0.92388   1.02702   1.00383
   12  C   1.14465   0.89161   0.99646   0.85729
   13  C   1.18051   1.00530   1.02261   0.92907
   14  C   1.17239   0.93378   0.98141   0.98010
   15  C   1.16482   0.92997   0.99156   0.94397
   16  C   1.16151   0.93064   1.00765   0.94000
   17  C   1.18704   0.93875   0.98794   0.94956
   18  C   1.17549   0.97751   0.99591   0.95180
   19  C   1.17996   0.97340   0.98692   0.95300
   20  C   1.17954   0.93333   1.00152   0.99323
   21  C   1.17308   0.98120   0.98629   0.93955
   22  N   1.46480   1.18563   1.23175   1.27496
   23  C   1.15208   0.97783   0.91193   0.95472
   24  C   1.17275   0.96834   0.91508   0.95751
   25  C   1.22127   1.07133   1.04656   1.08420
   26  S   1.88221   1.10268   1.14378   1.27606
   27  C   1.20883   0.99802   1.04562   1.05543
   28  C   1.20385   1.04471   1.03284   1.06131
   29  C   1.15459   0.86730   0.96338   0.95810
   30  C   1.17038   0.93247   0.97369   1.00737
   31  C   1.21992   1.00627   1.03673   1.04993
   32  S   1.88435   1.12437   1.16205   1.30980
   33  C   1.15110   0.91489   0.90551   0.94247
   34  C   1.18286   0.93763   1.00889   1.02784
   35  C   1.18177   0.98760   0.91481   0.89406
   36  C   1.17443   0.94841   0.96369   1.09937
   37  C   1.14862   0.91413   0.91367   0.93879
   38  C   1.16064   0.94664   0.93243   1.03704
   39  C   1.18141   0.95632   0.96153   0.93031
   40  C   1.18245   0.99808   0.94923   1.02887
   41  C   1.18253   0.91043   0.99445   0.88791
   42  C   1.17408   0.96496   0.94700   1.10266
   43  C   1.15805   0.79272   0.87144   0.73732
   44  O   1.90902   1.82419   1.17028   1.44561
   45  N   1.53359   1.11550   1.10493   1.63719
   46  C   1.15773   0.87445   0.78710   0.74028
   47  O   1.90902   1.22665   1.78708   1.42555
   48  C   1.14551   0.88229   0.91774   1.01088
   49  C   1.17680   0.92556   0.97897   0.96417
   50  C   1.16923   1.00355   0.95820   1.03188
   51  C   1.15353   0.86959   0.90105   0.95887
   52  C   1.15794   0.94687   0.96619   1.01565
   53  C   1.17001   0.97188   0.92900   0.95546
   54  C   1.15916   0.94700   0.96080   1.02057
   55  C   1.16957   0.97674   0.93948   0.94860
   56  C   1.17784   0.97188   0.98043   1.02868
   57  C   1.17607   0.94125   0.97992   0.95820
   58  C   1.17029   1.00805   0.96221   1.02771
   59  C   1.15373   0.90646   0.89595   0.93048
   60  N   1.52571   1.19973   1.20039   1.36031
   61  C   1.15309   0.86097   1.00492   0.90679
   62  C   1.16455   1.04089   1.03218   0.99002
   63  C   1.17149   0.92655   0.85695   0.89651
   64  C   1.14070   0.98560   1.02417   1.01651
   65  C   1.17970   0.82873   0.80844   0.77654
   66  O   1.91042   1.26243   1.72093   1.48869
   67  O   1.83995   1.55063   1.40882   1.51208
   68  C   1.19504   0.91667   0.92274   0.91763
   69  N   1.84841   1.11294   1.08899   1.09442
   70  H   0.87079
   71  H   0.94173
   72  H   0.94072
   73  H   0.94223
   74  H   0.93753
   75  H   0.93992
   76  H   0.93351
   77  H   0.92934
   78  H   0.92548
   79  H   0.93107
   80  H   0.92687
   81  H   0.92914
   82  H   0.93799
   83  H   0.92975
   84  H   0.93567
   85  H   0.93708
   86  H   0.94112
   87  H   0.93959
   88  H   0.94241
   89  H   0.86369
   90  H   0.87130
   91  H   0.88079
   92  H   0.88266
   93  H   0.89289
   94  H   0.89144
   95  H   0.88889
   96  H   0.86616
   97  H   0.85863
   98  H   0.87001
   99  H   0.86438
  100  H   0.87844
  101  H   0.87779
  102  H   0.86631
  103  H   0.88225
  104  H   0.88069
  105  H   0.87599
  106  H   0.89154
  107  H   0.89304
  108  H   0.90062
  109  H   0.88451
  110  H   0.92434
  111  H   0.92378
  112  H   0.92169
  113  H   0.93008
  114  H   0.92093
  115  H   0.75529
 ******************** TDHF POLARIZABILITIES ********************



          MOLECULAR WEIGHT =  939.16



          ROTATIONAL CONSTANTS IN CM(-1)

          A =    0.00151894   B =    0.00033760   C =    0.00028985



           PRINCIPAL MOMENTS OF INERTIA IN UNITS OF 10**(-40)*GRAM-CM**2

          A =    18429.1465   B =    82917.4404   C =    96576.6665


 ROTATION MATRIX FOR ORIENTATION OF MOLECULE:

         0.754997   -0.473057    0.454089
         0.654852    0.579733   -0.484850
        -0.033889    0.663421    0.747479


          CARTESIAN COORDINATES 

    NO.       ATOM         X         Y         Z

     1         C      -10.9784    3.9409   -1.0487
     2         C       -9.8307    3.2218   -0.3585
     3         C       -8.4864    3.7952   -0.8063
     4         C       -7.3397    3.0260   -0.1583
     5         C       -5.9585    3.6567   -0.3494
     6         C       -5.5790    3.9803   -1.7999
     7         C       -5.2077    2.8063   -2.6992
     8         C       -6.3962    1.9360   -3.0919
     9         C       -5.9441    0.7658   -3.9509
    10         C       -4.9307    2.7768    0.3366
    11         C       -4.6693    1.4394    0.1459
    12         C       -3.6629    0.8527    0.9340
    13         C       -2.9495    1.5746    1.8890
    14         C       -3.2461    2.9228    2.0911
    15         C       -4.2375    3.5031    1.3287
    16         C       -4.7828    4.8471    1.3848
    17         C       -5.8180    4.9481    0.4350
    18         C       -6.5044    6.1315    0.2848
    19         C       -6.1614    7.2145    1.0994
    20         C       -5.1439    7.1078    2.0364
    21         C       -4.4379    5.9125    2.1893
    22         N       -3.3688   -0.5224    0.7478
    23         C       -4.2905   -1.5594    0.5838
    24         C       -5.6970   -1.7082    0.5643
    25         C       -6.0234   -3.0373    0.3779
    26         S       -4.6549   -4.0794    0.2441
    27         C       -3.6013   -2.7949    0.4311
    28         C       -2.2327   -2.5094    0.5035
    29         C       -2.1088   -1.1096    0.6995
    30         C       -0.7520   -0.6729    0.7626
    31         C        0.0762   -1.7507    0.6301
    32         S       -0.7324   -3.2681    0.4231
    33         C        1.5231   -1.6892    0.6690
    34         C        2.1973   -2.2524    1.7230
    35         C        3.6043   -2.1787    1.7920
    36         C        4.3093   -1.5378    0.8038
    37         C        3.6339   -0.9538   -0.2935
    38         C        2.2344   -1.0317   -0.3728
    39         C        1.5743   -0.4638   -1.4925
    40         C        2.2906    0.1648   -2.4728
    41         C        3.6969    0.2583   -2.3870
    42         C        4.3553   -0.2926   -1.3158
    43         C        5.8236   -0.1874   -1.2424
    44         O        6.4865    0.3897   -2.0942
    45         N        6.4674   -0.7864   -0.1335
    46         C        5.7787   -1.4666    0.8985
    47         O        6.4038   -1.9665    1.8244
    48         C        7.9044   -0.6970   -0.0498
    49         C        8.6536   -1.8831    0.0055
    50         C       10.0355   -1.8429    0.0972
    51         C       10.6467   -0.5921    0.1211
    52         C        9.8845    0.6054    0.0468
    53         C        8.5035    0.5610   -0.0281
    54         C       10.8185    1.7032    0.0701
    55         C       10.6526    3.0768    0.0184
    56         C       11.7851    3.8780    0.0473
    57         C       13.0631    3.3177    0.1274
    58         C       13.2558    1.9454    0.1852
    59         C       12.1205    1.1409    0.1603
    60         N       12.0116   -0.2640    0.2749
    61         C       13.1079   -1.1927    0.0105
    62         C       13.3547   -1.3827   -1.4847
    63         C       -7.3850   -3.4717    0.3162
    64         C       -7.8134   -4.7282    0.0697
    65         C       -9.2565   -4.9991    0.0421
    66         O      -10.1558   -4.1851    0.2021
    67         O       -9.5667   -6.2912   -0.1867
    68         C       -6.9522   -5.8252   -0.1726
    69         N       -6.2745   -6.7406   -0.3756
    70         H       -8.1360   -2.6814    0.4891
    71         H      -10.9382    3.8394   -2.1429
    72         H      -11.9555    3.5474   -0.7328
    73         H      -10.9875    5.0184   -0.8299
    74         H       -9.9416    3.2993    0.7439
    75         H       -9.8800    2.1325   -0.5697
    76         H       -8.4129    3.7531   -1.9136
    77         H       -8.4378    4.8789   -0.5634
    78         H       -7.5269    2.9074    0.9311
    79         H       -7.3300    1.9869   -0.5621
    80         H       -6.3863    4.5801   -2.2706
    81         H       -4.7086    4.6767   -1.7806
    82         H       -4.7368    3.2091   -3.6253
    83         H       -4.3965    2.1999   -2.2474
    84         H       -6.9330    1.5624   -2.1913
    85         H       -7.1525    2.5393   -3.6377
    86         H       -6.7901    0.1350   -4.2604
    87         H       -5.4429    1.0931   -4.8732
    88         H       -5.2380    0.1084   -3.4230
    89         H       -5.2133    0.8456   -0.5952
    90         H       -2.1773    1.0943    2.4985
    91         H       -2.7088    3.4993    2.8488
    92         H       -7.3146    6.2200   -0.4482
    93         H       -6.7047    8.1583    0.9922
    94         H       -4.8888    7.9671    2.6636
    95         H       -3.6351    5.8280    2.9253
    96         H       -6.4053   -0.8919    0.6887
    97         H       -0.4393    0.3596    0.8941
    98         H        1.6555   -2.7589    2.5284
    99         H        4.1168   -2.6377    2.6473
   100         H        0.4842   -0.5365   -1.5730
   101         H        1.7846    0.6024   -3.3390
   102         H        4.2453    0.7723   -3.1865
   103         H        8.1478   -2.8542   -0.0145
   104         H       10.6142   -2.7669    0.1489
   105         H        7.9225    1.4855   -0.0796
   106         H        9.6511    3.5094   -0.0461
   107         H       11.6794    4.9655    0.0057
   108         H       13.9345    3.9799    0.1442
   109         H       14.2601    1.5234    0.2480
   110         H       14.0256   -0.8183    0.5208
   111         H       12.8793   -2.1665    0.5028
   112         H       13.6178   -0.4402   -1.9864
   113         H       14.1809   -2.0848   -1.6659
   114         H       12.4723   -1.7834   -2.0046
   115         H      -10.5260   -6.4222   -0.1957


 ENERGY OF "REORIENTED" SYSTEM WITHOUT FIELD:       58.6814682786


  NFREQ=  3  IWFLB=  0  IBET=  1  IGAM=  1
  ATOL= 0.10000D-02  BTOL= 0.10000D-02    MAXITU=  500    MAXITA=  150


 *****************************************************************
 CALCULATION OF STATIC FIELD QUANTITIES
 *****************************************************************

 +++++ ALPHA AT       0.00000 EV.

                           COMPONENTS OF ALPHA

                     *X           *Y           *Z
           *=X:     979.0172      63.4607      58.8903
           *=Y:      63.4746     778.0592       5.1745
           *=Z:      58.8992       5.1964     342.6108

  ISOTROPIC AVERAGE ALPHA =     699.89574 A.U. =    103.71385 ANG.**3

 +++++ BETA (SECOND HARMONIC GENERATION) AT       0.00000 EV.

                              COMPONENTS OF BETA
            *XX         *XY         *YY         *XZ         *YZ         *ZZ
   *=X  4158.36099  2668.12995  1009.71343   149.87938   -93.41377   394.13714
   *=Y  2668.27459  1009.84901  -327.22225   -93.41257   -49.41894   -18.63634
   *=Z   150.01191   -93.29845   -49.34498   394.15360   -18.62629   -29.71907


 AVERAGE BETAX(SHG) VALUE AT   0.00000 EV =       3337.3878 a.u. =  0.288331E-28 ESU
 AVERAGE BETAY(SHG) VALUE AT   0.00000 EV =       1393.3958 a.u. =  0.120381E-28 ESU
 AVERAGE BETAZ(SHG) VALUE AT   0.00000 EV =         42.4861 a.u. =  0.367055E-30 ESU



 AVERAGE BETA (SHG) VALUE AT   0.00000 EV =       3616.8375 a.u. =  0.312474E-28 ESU
   (1 a.u. = 8.639418X10-33 esu)



 +++++ ALPHA AT       0.00000 EV.

                           COMPONENTS OF ALPHA

                     *X           *Y           *Z
           *=X:     979.0172      63.4607      58.8903
           *=Y:      63.4746     778.0592       5.1745
           *=Z:      58.8992       5.1964     342.6108

  ISOTROPIC AVERAGE ALPHA =     699.89574 A.U. =    103.71385 ANG.**3


 GAMMA (THIRD HARMONIC GENERATION) AT    0.00000 EV.


 GAMMA(X,X,X,X) =       2443125.07690
 GAMMA(Y,Y,Y,Y) =        705328.24150
 GAMMA(Z,Z,Z,Z) =         26701.42846
 GAMMA(X,X,Y,Y) =        343141.28393
 GAMMA(X,X,Z,Z) =         11429.24069
 GAMMA(Y,Y,X,X) =        343141.34969
 GAMMA(Y,Y,Z,Z) =         13370.44475
 GAMMA(Z,Z,X,X) =         11429.40502
 GAMMA(Z,Z,Y,Y) =         13370.43918


 AVERAGE GAMMA VALUE AT    0.00000 =        782207.38202 a.u. =       393974.59390 ESU (X10-39)




 **********************************************************************
 CALCULATION FOR A FREQUENCY OF    0.25000 EV  =       0.00919 A.U. 
                  WAVELENGTH OF    4959.37 NM  =    2016.38525 CM(-1)
 **********************************************************************

 +++++ ALPHA AT       0.25000 EV.

                           COMPONENTS OF ALPHA

                     *X           *Y           *Z
           *=X:     982.8871      64.2092      59.0143
           *=Y:      64.2218     780.4607       5.3067
           *=Z:      59.0246       5.3317     343.0586

  ISOTROPIC AVERAGE ALPHA =     702.13545 A.U. =    104.04574 ANG.**3

 +++++ BETA (SECOND HARMONIC GENERATION) AT       0.25000 EV.

                              COMPONENTS OF BETA
            *XX         *XY         *YY         *XZ         *YZ         *ZZ
   *=X  4381.39240  2790.19996  1061.58559   159.11001   -92.80694   403.71570
   *=Y  2808.02858  1083.19370  -293.22599   -89.32333   -45.22906   -18.10188
   *=Z   162.22740   -88.62249   -44.99509   400.69555   -17.27159   -30.11119


 AVERAGE BETAX(SHG) VALUE AT   0.25000 EV =       3515.4514 a.u. =  0.303715E-28 ESU
 AVERAGE BETAY(SHG) VALUE AT   0.25000 EV =       1491.2211 a.u. =  0.128833E-28 ESU
 AVERAGE BETAZ(SHG) VALUE AT   0.25000 EV =         50.9321 a.u. =  0.440024E-30 ESU



 AVERAGE BETA (SHG) VALUE AT   0.25000 EV =       3818.9963 a.u. =  0.329939E-28 ESU
   (1 a.u. = 8.639418X10-33 esu)



 +++++ ALPHA AT       0.75000 EV.

                           COMPONENTS OF ALPHA

                     *X           *Y           *Z
           *=X:    1016.1561      70.7905      60.0620
           *=Y:      70.8008     800.8330       6.4856
           *=Z:      60.0764       6.5140     346.7223

  ISOTROPIC AVERAGE ALPHA =     721.23711 A.U. =    106.87631 ANG.**3


 GAMMA (THIRD HARMONIC GENERATION) AT    0.25000 EV.


 GAMMA(X,X,X,X) =       2705493.99860
 GAMMA(Y,Y,Y,Y) =        775300.29226
 GAMMA(Z,Z,Z,Z) =         27557.51592
 GAMMA(X,X,Y,Y) =        378753.46362
 GAMMA(X,X,Z,Z) =         12061.86920
 GAMMA(Y,Y,X,X) =        392033.46544
 GAMMA(Y,Y,Z,Z) =         13866.07894
 GAMMA(Z,Z,X,X) =         12526.69559
 GAMMA(Z,Z,Y,Y) =         14321.03078


 AVERAGE GAMMA VALUE AT    0.25000 =        866382.88207 a.u. =       436371.28973 ESU (X10-39)




 **********************************************************************
 CALCULATION FOR A FREQUENCY OF    0.50000 EV  =       0.01837 A.U. 
                  WAVELENGTH OF    2479.68 NM  =    4032.77050 CM(-1)
 **********************************************************************

 +++++ ALPHA AT       0.50000 EV.

                           COMPONENTS OF ALPHA

                     *X           *Y           *Z
           *=X:     994.8638      66.5446      59.3990
           *=Y:      66.5585     787.8461       5.7326
           *=Z:      59.4086       5.7531     344.4172

  ISOTROPIC AVERAGE ALPHA =     709.04236 A.U. =    105.06924 ANG.**3

 +++++ BETA (SECOND HARMONIC GENERATION) AT       0.50000 EV.

                              COMPONENTS OF BETA
            *XX         *XY         *YY         *XZ         *YZ         *ZZ
   *=X  5194.79110  3227.66533  1248.63679   192.72051   -89.78970   436.80539
   *=Y  3306.09274  1348.53216  -163.72385   -73.27166   -29.14121   -15.96928
   *=Z   206.03342   -70.52192   -28.63488   421.81015   -12.47046   -31.37967


 AVERAGE BETAX(SHG) VALUE AT   0.50000 EV =       4162.1000 a.u. =  0.359581E-28 ESU
 AVERAGE BETAY(SHG) VALUE AT   0.50000 EV =       1845.8683 a.u. =  0.159472E-28 ESU
 AVERAGE BETAZ(SHG) VALUE AT   0.50000 EV =         82.0836 a.u. =  0.709155E-30 ESU



 AVERAGE BETA (SHG) VALUE AT   0.50000 EV =       4553.7945 a.u. =  0.393421E-28 ESU
   (1 a.u. = 8.639418X10-33 esu)



 +++++ ALPHA AT       1.50000 EV.

                           COMPONENTS OF ALPHA

                     *X           *Y           *Z
           *=X:    1175.6656     105.9335      64.5705
           *=Y:     105.9541     891.8220      12.4458
           *=Z:      64.6004      12.4761     360.2704

  ISOTROPIC AVERAGE ALPHA =     809.25265 A.U. =    119.91887 ANG.**3


 GAMMA (THIRD HARMONIC GENERATION) AT    0.50000 EV.


 GAMMA(X,X,X,X) =       3931331.17323
 GAMMA(Y,Y,Y,Y) =       1078971.30247
 GAMMA(Z,Z,Z,Z) =         30435.17994
 GAMMA(X,X,Y,Y) =        541821.76739
 GAMMA(X,X,Z,Z) =         14365.13034
 GAMMA(Y,Y,X,X) =        625327.48826
 GAMMA(Y,Y,Z,Z) =         15610.21915
 GAMMA(Z,Z,X,X) =         17044.79860
 GAMMA(Z,Z,Y,Y) =         18300.65203


 AVERAGE GAMMA VALUE AT    0.50000 =       1254641.54228 a.u. =       631925.62929 ESU (X10-39)



 **********************
 *                    *
 * JOB ENDED NORMALLY *
 *                    *
 **********************



 TOTAL JOB TIME:           437.05 SECONDS

 == MOPAC DONE ==
