 *******************************************************************************
 ** Site#: 4824         For non-commercial use only    Version 21.013L 64BITS **
 *******************************************************************************
 ** Cite this program as: MOPAC2016, Version: 21.013L, James J. P. Stewart,   **
 ** Stewart Computational Chemistry, web: HTTP://OpenMOPAC.net. Days left:  88**
 *******************************************************************************
 **                                                                           **
 **                                MOPAC2016                                  **
 **                                                                           **
 *******************************************************************************

                              RM1 CALCULATION RESULTS

 *******************************************************************************
 *  CALCULATION DONE:                                Sun Oct 17 20:22:54 2021  *
 *  RM1        - The RM1 Hamiltonian to be used
 *  POLAR      - CALCULATE FIRST, SECOND AND THIRD-ORDER POLARIZABILITIES
 *  PRECISE    - TIGHTER CRITERIA TO BE USED
 *  T=         - A TIME OF 172800.0 SECONDS REQUESTED
 *  DUMP=N     - RESTART FILE WRITTEN EVERY 7200.0 SECONDS REQUESTED
 *  GNORM      - EXIT WHEN GRADIENT NORM DROPS BELOW 0.100
 *******************************************************************************
RM1 PRECISE POLAR GNORM=0.1


  ATOM    CHEMICAL      BOND LENGTH      BOND ANGLE     TWIST ANGLE 
 NUMBER    SYMBOL       (ANGSTROMS)      (DEGREES)       (DEGREES) 
   (I)                     NA:I           NB:NA:I       NC:NB:NA:I       NA    NB    NC 
     1       N          0.00000000       0.0000000       0.0000000        0     0     0
     2       C          1.15810000  *    0.0000000       0.0000000        1     0     0
     3       C          1.42980000  *  179.7201000  *    0.0000000        2     1     0
     4       C          1.34940000  *  121.4728000  *  179.8664000  *     3     2     1
     5       C          1.46630000  *  124.8142000  *   -1.7531000  *     4     3     2
     6       C          1.34850000  *  128.4234000  *  -42.6328000  *     5     4     3
     7       C          1.48710000  *  115.8363000  * -177.1245000  *     6     5     4
     8       C          1.34990000  *  116.1307000  *    1.3037000  *     7     6     5
     9       S          1.81950000  *  124.3661000  *  142.6672000  *     5     4     3
    10       C          1.47190000  *  127.6563000  *  179.3243000  *     8     7     6
    11       C          1.48730000  *  119.3607000  * -159.3812000  *    10     8     7
    12       C          1.34740000  *  121.4556000  *  179.9812000  *    11    10     8
    13       C          1.46100000  *  118.3171000  *    0.2804000  *    12    11    10
    14       C          1.34220000  *  120.4628000  *   -0.4717000  *    13    12    11
    15       C          1.35180000  *  121.3074000  *   20.7907000  *    10     8     7
    16       C          1.45900000  *  107.6191000  * -177.8523000  *    14    13    12
    17       C          1.46390000  *  130.2540000  * -179.0484000  *    16    14    13
    18       C          1.34410000  *  116.0603000  *  179.0219000  *    17    16    14
    19       C          1.45430000  *  129.8351000  * -179.0050000  *    18    17    16
    20       C          1.34160000  *  130.1869000  *   -0.4410000  *    19    18    17
    21       C          1.47300000  *  118.0356000  *  179.4001000  *    20    19    18
    22       C          1.34830000  *  120.4951000  *   -0.0816000  *    21    20    19
    23       C          1.47410000  *  120.7213000  *    0.1734000  *    22    21    20
    24       C          1.34460000  *  118.8011000  *   -0.0446000  *    23    22    21
    25       C          1.52560000  *  127.8169000  *  179.8884000  *    24    23    22
    26       C          1.47580000  *  122.6847000  *    0.1447000  *    18    17    16
    27       C          1.34720000  *  120.6348000  *   -0.1972000  *    26    18    17
    28       C          1.34670000  *  107.7124000  *    0.2986000  *    16    14    13
    29       N          1.41850000  *  130.3350000  * -177.9956000  *    13    12    11
    30       C          1.41040000  *  126.6755000  * -177.3421000  *    29    13    14
    31       C          1.47400000  *  120.0170000  *  119.4520000  *    30    29    13
    32       C          1.34480000  *  120.2886000  *  179.8729000  *    31    30    29
    33       C          1.46930000  *  120.0204000  *    0.0000000  *    32    31    30
    34       C          1.34480000  *  119.9106000  *    0.0000000  *    33    32    31
    35       C          1.34750000  *  120.5616000  *  -60.6820000  *    30    29    13
    36       C          1.55250000  *  110.8402000  *  -63.4466000  *    25    24    23
    37       C          1.55240000  *  111.0153000  *   61.6335000  *    25    24    23
    38       C          1.47570000  *  117.6839000  *  177.9274000  *     3     2     4
    39       O          1.23240000  *  121.1162000  *   -0.1531000  *    38     3     4
    40       O          1.35560000  *  119.8688000  *  179.9533000  *    38     3     4
    41       H          1.05310000  *  118.5386000  *  176.1390000  *     4     3     2
    42       H          1.04860000  *  122.7664000  *    0.8185000  *     6     5     4
    43       H          1.04910000  *  121.0733000  * -179.8882000  *     7     6     5
    44       H          1.05140000  *  119.8132000  * -179.3882000  *    11    10    15
    45       H          1.05020000  *  120.6562000  * -179.0895000  *    12    11    10
    46       H          1.04980000  *  121.5488000  *    0.5603000  *    15    10     8
    47       H          1.04910000  *  121.7244000  * -179.6342000  *    17    16    28
    48       H          1.05000000  *  121.3764000  *   -0.3286000  *    20    19    18
    49       H          1.05140000  *  119.5971000  * -179.9195000  *    21    20    19
    50       H          1.05120000  *  119.7830000  * -179.7948000  *    22    21    20
    51       H          1.05060000  *  120.1789000  *  179.8318000  *    23    22    21
    52       H          1.04930000  *  121.5783000  * -179.4040000  *    27    26    18
    53       H          1.05090000  *  119.9291000  *  179.6592000  *    31    30    35
    54       H          1.05150000  *  120.1123000  *  179.7663000  *    32    31    30
    55       H          1.05080000  *  119.8805000  *  179.9492000  *    33    32    31
    56       H          1.05120000  *  120.0584000  *  179.9592000  *    34    33    32
    57       H          1.05110000  *  120.3663000  *   -0.2538000  *    35    30    29
    58       H          1.09180000  *  110.1524000  *  -54.3378000  *    36    25    24
    59       H          1.09120000  *  110.1370000  *   65.6737000  *    36    25    24
    60       H          1.09100000  *  110.1230000  * -174.4287000  *    36    25    24
    61       H          1.09090000  *  110.1036000  *  174.2942000  *    37    25    24
    62       H          1.09110000  *  110.1559000  *  -65.8647000  *    37    25    24
    63       H          1.09150000  *  110.1325000  *   54.1988000  *    37    25    24
    64       H          0.94100000  *  121.1700000  *   -0.0560000  *    40    38    39
 


          CARTESIAN COORDINATES 

    NO.       ATOM           X           Y           Z

     1         N          0.0000      0.0000      0.0000
     2         C          1.1581      0.0000      0.0000
     3         C          2.5879      0.0070      0.0000
     4         C          3.2980     -1.1404      0.0027
     5         C          2.7154     -2.4854      0.0426
     6         C          1.6880     -2.9317      0.7935
     7         C          1.3671     -4.3775      0.6590
     8         C          2.1554     -5.0862     -0.1768
     9         S          3.3790     -3.9194     -0.8595
    10         C          2.0751     -6.5229     -0.4866
    11         C          3.2660     -7.2157     -1.0468
    12         C          3.2395     -8.5294     -1.3453
    13         C          2.0012     -9.2684     -1.1111
    14         C          0.9248     -8.6488     -0.6021
    15         C          0.9393     -7.2247     -0.2753
    16         C         -0.1242     -9.6494     -0.4379
    17         C         -1.4953     -9.5102      0.0559
    18         C         -2.2349    -10.6324      0.0691
    19         C         -3.6173    -10.8323      0.4742
    20         C         -4.5160     -9.9560      0.9477
    21         C         -5.8659    -10.4524      1.2658
    22         C         -6.1787    -11.7508      1.0810
    23         C         -5.1776    -12.7000      0.5615
    24         C         -3.9445    -12.2478      0.2734
    25         C         -2.7596    -13.0421     -0.2675
    26         C         -1.7118    -11.9371     -0.3807
    27         C         -0.4482    -12.0507     -0.8337
    28         C          0.3698    -10.8324     -0.8502
    29         N          1.7039    -10.6433     -1.2941
    30         C          2.5860    -11.6416     -1.7573
    31         C          2.9054    -12.7983     -0.9013
    32         C          3.7438    -13.7545     -1.3384
    33         C          4.3462    -13.6495     -2.6744
    34         C          4.0579    -12.5961     -3.4591
    35         C          3.1414    -11.5507     -2.9816
    36         C         -2.3134    -14.1287      0.7476
    37         C         -3.0839    -13.6469     -1.6600
    38         C          3.2671      1.3161     -0.0503
    39         O          4.4964      1.3948     -0.0882
    40         O          2.5348      2.4569     -0.0531
    41         H          4.3477     -1.0826     -0.0597
    42         H          1.1619     -2.3155      1.4591
    43         H          0.5825     -4.8110      1.2040
    44         H          4.1564     -6.6794     -1.2052
    45         H          4.0922     -9.0091     -1.7271
    46         H          0.0750     -6.7684      0.1079
    47         H         -1.8770     -8.5851      0.3707
    48         H         -4.2725     -8.9440      1.0859
    49         H         -6.5899     -9.7865      1.6372
    50         H         -7.1464    -12.0923      1.3086
    51         H         -5.4297    -13.7104      0.4232
    52         H         -0.0640    -12.9690     -1.1657
    53         H          2.4810    -12.8744      0.0571
    54         H          3.9726    -14.5766     -0.7240
    55         H          5.0016    -14.3976     -3.0135
    56         H          4.4880    -12.5182     -4.4151
    57         H          2.9193    -10.7354     -3.6067
    58         H         -2.1121    -13.6750      1.7200
    59         H         -3.0980    -14.8780      0.8648
    60         H         -1.4072    -14.6229      0.3944
    61         H         -2.1964    -14.1248     -2.0771
    62         H         -3.8738    -14.3942     -1.5705
    63         H         -3.4165    -12.8624     -2.3421
    64         H          2.9489      3.3014     -0.0826

  H: (RM1): G.B. ROCHA, R.O. FREIRE, A.M.SIMAS, J.J.P. STEWART, J. COMP. CHEM. 27, 1101 (2006)
  C: (RM1): G.B. ROCHA, R.O. FREIRE, A.M.SIMAS, J.J.P. STEWART, J. COMP. CHEM. 27, 1101 (2006)
  N: (RM1): G.B. ROCHA, R.O. FREIRE, A.M.SIMAS, J.J.P. STEWART, J. COMP. CHEM. 27, 1101 (2006)
  O: (RM1): G.B. ROCHA, R.O. FREIRE, A.M.SIMAS, J.J.P. STEWART, J. COMP. CHEM. 27, 1101 (2006)
  S: (RM1): G.B. ROCHA, R.O. FREIRE, A.M.SIMAS, J.J.P. STEWART, J. COMP. CHEM. 27, 1101 (2006)

           Empirical Formula: C35 H24 N2 O2 S  =    64 atoms



      MOLECULAR POINT GROUP   :   C1  


      RHF CALCULATION, NO. OF DOUBLY OCCUPIED LEVELS = 96


          Geometry optimization using L-BFGS
 CYCLE:     1 TIME:   1.219 TIME LEFT:  2.00D  GRAD.:   596.920 HEAT:  134.2049
 CYCLE:     2 TIME:   0.352 TIME LEFT:  2.00D  GRAD.:   465.830 HEAT:  131.0985
 CYCLE:     3 TIME:   0.430 TIME LEFT:  2.00D  GRAD.:   401.278 HEAT:  122.8066
 CYCLE:     4 TIME:   0.758 TIME LEFT:  2.00D  GRAD.:   467.275 HEAT:  131.0983
 CYCLE:     5 TIME:   0.594 TIME LEFT:  2.00D  GRAD.:   402.838 HEAT:  122.8036
 CYCLE:     6 TIME:   0.672 TIME LEFT:  2.00D  GRAD.:   340.025 HEAT:  118.6247
 CYCLE:     7 TIME:   0.547 TIME LEFT:  2.00D  GRAD.:   420.295 HEAT:  106.7765
 CYCLE:     8 TIME:   0.641 TIME LEFT:  2.00D  GRAD.:   347.225 HEAT:  93.98045
 CYCLE:     9 TIME:   0.570 TIME LEFT:  2.00D  GRAD.:   800.360 HEAT:  91.85050
 CYCLE:    10 TIME:   0.625 TIME LEFT:  2.00D  GRAD.:   201.535 HEAT:  82.42711
 CYCLE:    11 TIME:   0.500 TIME LEFT:  2.00D  GRAD.:    86.890 HEAT:  81.64280
 CYCLE:    12 TIME:   0.320 TIME LEFT:  2.00D  GRAD.:    84.709 HEAT:  81.25023
 CYCLE:    13 TIME:   0.352 TIME LEFT:  2.00D  GRAD.:   127.845 HEAT:  80.49886
 CYCLE:    14 TIME:   0.508 TIME LEFT:  2.00D  GRAD.:   124.854 HEAT:  79.56112
 CYCLE:    15 TIME:   0.469 TIME LEFT:  2.00D  GRAD.:   122.793 HEAT:  78.66641
 CYCLE:    16 TIME:   0.398 TIME LEFT:  2.00D  GRAD.:   106.070 HEAT:  78.26224
 CYCLE:    17 TIME:   0.492 TIME LEFT:  2.00D  GRAD.:    55.286 HEAT:  77.88403
 CYCLE:    18 TIME:   0.422 TIME LEFT:  2.00D  GRAD.:    55.803 HEAT:  77.59894
 CYCLE:    19 TIME:   0.516 TIME LEFT:  2.00D  GRAD.:   142.031 HEAT:  77.31712
 CYCLE:    20 TIME:   0.484 TIME LEFT:  2.00D  GRAD.:    62.065 HEAT:  77.04971
 CYCLE:    21 TIME:   0.375 TIME LEFT:  2.00D  GRAD.:    40.371 HEAT:  76.90619
 CYCLE:    22 TIME:   0.500 TIME LEFT:  2.00D  GRAD.:    43.343 HEAT:  76.79519
 CYCLE:    23 TIME:   0.516 TIME LEFT:  2.00D  GRAD.:    52.616 HEAT:  76.62751
 CYCLE:    24 TIME:   0.523 TIME LEFT:  2.00D  GRAD.:    71.372 HEAT:  76.39281
 CYCLE:    25 TIME:   0.625 TIME LEFT:  2.00D  GRAD.:    36.750 HEAT:  76.23508
 CYCLE:    26 TIME:   0.602 TIME LEFT:  2.00D  GRAD.:    23.323 HEAT:  76.16001
 CYCLE:    27 TIME:   0.531 TIME LEFT:  2.00D  GRAD.:    30.687 HEAT:  76.06616
 CYCLE:    28 TIME:   0.453 TIME LEFT:  2.00D  GRAD.:    32.336 HEAT:  75.99007
 CYCLE:    29 TIME:   0.523 TIME LEFT:  2.00D  GRAD.:    46.470 HEAT:  75.92011
 CYCLE:    30 TIME:   0.414 TIME LEFT:  2.00D  GRAD.:    21.839 HEAT:  75.84412
 CYCLE:    31 TIME:   0.453 TIME LEFT:  2.00D  GRAD.:    18.158 HEAT:  75.81697
 CYCLE:    32 TIME:   0.430 TIME LEFT:  2.00D  GRAD.:    13.678 HEAT:  75.77363
 CYCLE:    33 TIME:   0.414 TIME LEFT:  2.00D  GRAD.:    96.743 HEAT:  75.81296
 CYCLE:    34 TIME:   0.445 TIME LEFT:  2.00D  GRAD.:    15.135 HEAT:  75.74293
 CYCLE:    35 TIME:   0.352 TIME LEFT:  2.00D  GRAD.:     8.976 HEAT:  75.73559
 CYCLE:    36 TIME:   0.359 TIME LEFT:  2.00D  GRAD.:     9.320 HEAT:  75.72561
 CYCLE:    37 TIME:   0.375 TIME LEFT:  2.00D  GRAD.:     9.579 HEAT:  75.71531
 CYCLE:    38 TIME:   0.414 TIME LEFT:  2.00D  GRAD.:    36.226 HEAT:  75.72116
 CYCLE:    39 TIME:   0.406 TIME LEFT:  2.00D  GRAD.:     8.513 HEAT:  75.69085
 CYCLE:    40 TIME:   0.453 TIME LEFT:  2.00D  GRAD.:     6.925 HEAT:  75.68582
 CYCLE:    41 TIME:   0.344 TIME LEFT:  2.00D  GRAD.:     8.801 HEAT:  75.67207
 CYCLE:    42 TIME:   0.414 TIME LEFT:  2.00D  GRAD.:    43.216 HEAT:  75.69063
 CYCLE:    43 TIME:   0.383 TIME LEFT:  2.00D  GRAD.:    10.169 HEAT:  75.65458
 CYCLE:    44 TIME:   0.523 TIME LEFT:  2.00D  GRAD.:     6.977 HEAT:  75.64875
 CYCLE:    45 TIME:   0.438 TIME LEFT:  2.00D  GRAD.:     7.958 HEAT:  75.63793
 CYCLE:    46 TIME:   0.523 TIME LEFT:  2.00D  GRAD.:     9.952 HEAT:  75.62493
 CYCLE:    47 TIME:   0.516 TIME LEFT:  2.00D  GRAD.:    29.421 HEAT:  75.61697
 CYCLE:    48 TIME:   0.430 TIME LEFT:  2.00D  GRAD.:    29.855 HEAT:  75.59884
 CYCLE:    49 TIME:   0.586 TIME LEFT:  2.00D  GRAD.:    13.929 HEAT:  75.58360
 CYCLE:    50 TIME:   0.445 TIME LEFT:  2.00D  GRAD.:    12.950 HEAT:  75.56970
 CYCLE:    51 TIME:   0.359 TIME LEFT:  2.00D  GRAD.:    12.570 HEAT:  75.56168
 CYCLE:    52 TIME:   0.320 TIME LEFT:  2.00D  GRAD.:    12.972 HEAT:  75.54739
 CYCLE:    53 TIME:   0.336 TIME LEFT:  2.00D  GRAD.:    20.088 HEAT:  75.54093
 CYCLE:    54 TIME:   0.258 TIME LEFT:  2.00D  GRAD.:     9.939 HEAT:  75.53187
 CYCLE:    55 TIME:   0.336 TIME LEFT:  2.00D  GRAD.:     9.632 HEAT:  75.52370
 CYCLE:    56 TIME:   0.383 TIME LEFT:  2.00D  GRAD.:     9.978 HEAT:  75.51243
 CYCLE:    57 TIME:   0.430 TIME LEFT:  2.00D  GRAD.:    10.369 HEAT:  75.49997
 CYCLE:    58 TIME:   0.344 TIME LEFT:  2.00D  GRAD.:    37.635 HEAT:  75.50757
 CYCLE:    59 TIME:   0.234 TIME LEFT:  2.00D  GRAD.:     6.793 HEAT:  75.48478
 CYCLE:    60 TIME:   0.398 TIME LEFT:  2.00D  GRAD.:     6.832 HEAT:  75.47699
 CYCLE:    61 TIME:   0.320 TIME LEFT:  2.00D  GRAD.:     8.223 HEAT:  75.46422
 CYCLE:    62 TIME:   0.375 TIME LEFT:  2.00D  GRAD.:    68.766 HEAT:  75.48517
 CYCLE:    63 TIME:   0.383 TIME LEFT:  2.00D  GRAD.:     8.412 HEAT:  75.44965
 CYCLE:    64 TIME:   0.352 TIME LEFT:  2.00D  GRAD.:     6.749 HEAT:  75.44783
 CYCLE:    65 TIME:   0.406 TIME LEFT:  2.00D  GRAD.:    10.017 HEAT:  75.44417
 CYCLE:    66 TIME:   0.344 TIME LEFT:  2.00D  GRAD.:     7.915 HEAT:  75.43912
 CYCLE:    67 TIME:   0.391 TIME LEFT:  2.00D  GRAD.:    12.933 HEAT:  75.43140
 CYCLE:    68 TIME:   0.508 TIME LEFT:  2.00D  GRAD.:    11.026 HEAT:  75.42568
 CYCLE:    69 TIME:   0.375 TIME LEFT:  2.00D  GRAD.:     7.774 HEAT:  75.42240
 CYCLE:    70 TIME:   0.453 TIME LEFT:  2.00D  GRAD.:     5.122 HEAT:  75.41748
 CYCLE:    71 TIME:   0.438 TIME LEFT:  2.00D  GRAD.:     5.128 HEAT:  75.41255
 CYCLE:    72 TIME:   0.438 TIME LEFT:  2.00D  GRAD.:     7.866 HEAT:  75.40322
 CYCLE:    73 TIME:   0.477 TIME LEFT:  2.00D  GRAD.:    26.330 HEAT:  75.40461
 CYCLE:    74 TIME:   0.477 TIME LEFT:  2.00D  GRAD.:    10.207 HEAT:  75.39390
 CYCLE:    75 TIME:   0.398 TIME LEFT:  2.00D  GRAD.:     5.766 HEAT:  75.38894
 CYCLE:    76 TIME:   0.406 TIME LEFT:  2.00D  GRAD.:     8.382 HEAT:  75.38154
 CYCLE:    77 TIME:   0.312 TIME LEFT:  2.00D  GRAD.:     9.901 HEAT:  75.37200
 CYCLE:    78 TIME:   0.406 TIME LEFT:  2.00D  GRAD.:    32.376 HEAT:  75.36310
 CYCLE:    79 TIME:   0.242 TIME LEFT:  2.00D  GRAD.:    12.032 HEAT:  75.34627
 CYCLE:    80 TIME:   0.266 TIME LEFT:  2.00D  GRAD.:     9.104 HEAT:  75.33958
 CYCLE:    81 TIME:   0.352 TIME LEFT:  2.00D  GRAD.:    10.596 HEAT:  75.33123
 CYCLE:    82 TIME:   0.367 TIME LEFT:  2.00D  GRAD.:    11.053 HEAT:  75.32383
 CYCLE:    83 TIME:   0.281 TIME LEFT:  2.00D  GRAD.:    21.235 HEAT:  75.31834
 CYCLE:    84 TIME:   0.234 TIME LEFT:  2.00D  GRAD.:     7.276 HEAT:  75.30827
 CYCLE:    85 TIME:   0.438 TIME LEFT:  2.00D  GRAD.:     6.303 HEAT:  75.30506
 CYCLE:    86 TIME:   0.344 TIME LEFT:  2.00D  GRAD.:    14.494 HEAT:  75.29029
 CYCLE:    87 TIME:   0.398 TIME LEFT:  2.00D  GRAD.:    13.305 HEAT:  75.27879
 CYCLE:    88 TIME:   0.453 TIME LEFT:  2.00D  GRAD.:     8.441 HEAT:  75.26882
 CYCLE:    89 TIME:   0.547 TIME LEFT:  2.00D  GRAD.:     7.154 HEAT:  75.25342
 CYCLE:    90 TIME:   0.539 TIME LEFT:  2.00D  GRAD.:    13.493 HEAT:  75.23776
 CYCLE:    91 TIME:   0.453 TIME LEFT:  2.00D  GRAD.:    13.084 HEAT:  75.22067
 CYCLE:    92 TIME:   0.289 TIME LEFT:  2.00D  GRAD.:    31.429 HEAT:  75.21182
 CYCLE:    93 TIME:   0.273 TIME LEFT:  2.00D  GRAD.:     8.722 HEAT:  75.19749
 CYCLE:    94 TIME:   0.391 TIME LEFT:  2.00D  GRAD.:     8.387 HEAT:  75.19220
 CYCLE:    95 TIME:   0.398 TIME LEFT:  2.00D  GRAD.:     7.712 HEAT:  75.18239
 CYCLE:    96 TIME:   0.422 TIME LEFT:  2.00D  GRAD.:    12.981 HEAT:  75.16824
 CYCLE:    97 TIME:   0.398 TIME LEFT:  2.00D  GRAD.:    53.735 HEAT:  75.19977
 CYCLE:    98 TIME:   0.398 TIME LEFT:  2.00D  GRAD.:     8.289 HEAT:  75.15312
 CYCLE:    99 TIME:   0.406 TIME LEFT:  2.00D  GRAD.:     5.985 HEAT:  75.14875
 CYCLE:   100 TIME:   0.391 TIME LEFT:  2.00D  GRAD.:     6.026 HEAT:  75.14155
 CYCLE:   101 TIME:   0.266 TIME LEFT:  2.00D  GRAD.:     7.999 HEAT:  75.13203
 CYCLE:   102 TIME:   0.352 TIME LEFT:  2.00D  GRAD.:    17.257 HEAT:  75.12654
 CYCLE:   103 TIME:   0.227 TIME LEFT:  2.00D  GRAD.:     8.706 HEAT:  75.11578
 CYCLE:   104 TIME:   0.484 TIME LEFT:  2.00D  GRAD.:     5.524 HEAT:  75.10987
 CYCLE:   105 TIME:   0.430 TIME LEFT:  2.00D  GRAD.:     6.079 HEAT:  75.10533
 CYCLE:   106 TIME:   0.328 TIME LEFT:  2.00D  GRAD.:    16.735 HEAT:  75.09948
 CYCLE:   107 TIME:   0.188 TIME LEFT:  2.00D  GRAD.:    14.242 HEAT:  75.09473
 CYCLE:   108 TIME:   0.281 TIME LEFT:  2.00D  GRAD.:     6.800 HEAT:  75.09134
 CYCLE:   109 TIME:   0.305 TIME LEFT:  2.00D  GRAD.:     4.598 HEAT:  75.08933
 CYCLE:   110 TIME:   0.469 TIME LEFT:  2.00D  GRAD.:     7.291 HEAT:  75.08689
 CYCLE:   111 TIME:   0.328 TIME LEFT:  2.00D  GRAD.:     7.897 HEAT:  75.08233
 CYCLE:   112 TIME:   0.328 TIME LEFT:  2.00D  GRAD.:    12.233 HEAT:  75.07424
 CYCLE:   113 TIME:   0.312 TIME LEFT:  2.00D  GRAD.:    24.901 HEAT:  75.07305
 CYCLE:   114 TIME:   0.383 TIME LEFT:  2.00D  GRAD.:    16.277 HEAT:  75.07229
 CYCLE:   115 TIME:   0.422 TIME LEFT:  2.00D  GRAD.:     5.123 HEAT:  75.06413
 CYCLE:   116 TIME:   0.383 TIME LEFT:  2.00D  GRAD.:    10.498 HEAT:  75.06458
 CYCLE:   117 TIME:   0.359 TIME LEFT:  2.00D  GRAD.:     3.811 HEAT:  75.06057
 CYCLE:   118 TIME:   0.438 TIME LEFT:  2.00D  GRAD.:     5.367 HEAT:  75.05791
 CYCLE:   119 TIME:   0.383 TIME LEFT:  2.00D  GRAD.:     6.166 HEAT:  75.05349
 CYCLE:   120 TIME:   0.312 TIME LEFT:  2.00D  GRAD.:    18.916 HEAT:  75.05191
 CYCLE:   121 TIME:   0.164 TIME LEFT:  2.00D  GRAD.:     4.589 HEAT:  75.04672
 CYCLE:   122 TIME:   0.211 TIME LEFT:  2.00D  GRAD.:     3.178 HEAT:  75.04560
 CYCLE:   123 TIME:   0.234 TIME LEFT:  2.00D  GRAD.:    12.770 HEAT:  75.04565
 CYCLE:   124 TIME:   0.211 TIME LEFT:  2.00D  GRAD.:    10.236 HEAT:  75.04171
 CYCLE:   125 TIME:   0.234 TIME LEFT:  2.00D  GRAD.:     3.428 HEAT:  75.04024
 CYCLE:   126 TIME:   0.305 TIME LEFT:  2.00D  GRAD.:     3.140 HEAT:  75.03928
 CYCLE:   127 TIME:   0.180 TIME LEFT:  2.00D  GRAD.:     5.773 HEAT:  75.03490
 CYCLE:   128 TIME:   0.281 TIME LEFT:  2.00D  GRAD.:     5.720 HEAT:  75.03089
 CYCLE:   129 TIME:   0.266 TIME LEFT:  2.00D  GRAD.:     2.936 HEAT:  75.02846
 CYCLE:   130 TIME:   0.266 TIME LEFT:  2.00D  GRAD.:     3.906 HEAT:  75.02603
 CYCLE:   131 TIME:   0.266 TIME LEFT:  2.00D  GRAD.:     6.963 HEAT:  75.02265
 CYCLE:   132 TIME:   0.250 TIME LEFT:  2.00D  GRAD.:     7.604 HEAT:  75.01924
 CYCLE:   133 TIME:   0.234 TIME LEFT:  2.00D  GRAD.:     3.570 HEAT:  75.01716
 CYCLE:   134 TIME:   0.234 TIME LEFT:  2.00D  GRAD.:     3.204 HEAT:  75.01595
 CYCLE:   135 TIME:   0.234 TIME LEFT:  2.00D  GRAD.:     3.348 HEAT:  75.01445
 CYCLE:   136 TIME:   0.336 TIME LEFT:  2.00D  GRAD.:     5.658 HEAT:  75.01217
 CYCLE:   137 TIME:   0.398 TIME LEFT:  2.00D  GRAD.:    12.889 HEAT:  75.01204
 CYCLE:   138 TIME:   0.242 TIME LEFT:  2.00D  GRAD.:     3.375 HEAT:  75.01021
 CYCLE:   139 TIME:   0.344 TIME LEFT:  2.00D  GRAD.:     2.631 HEAT:  75.00970
 CYCLE:   140 TIME:   0.234 TIME LEFT:  2.00D  GRAD.:     1.989 HEAT:  75.00908
 CYCLE:   141 TIME:   0.297 TIME LEFT:  2.00D  GRAD.:     6.194 HEAT:  75.00880
 CYCLE:   142 TIME:   0.219 TIME LEFT:  2.00D  GRAD.:     4.720 HEAT:  75.00785
 CYCLE:   143 TIME:   0.258 TIME LEFT:  2.00D  GRAD.:     3.150 HEAT:  75.00719
 CYCLE:   144 TIME:   0.297 TIME LEFT:  2.00D  GRAD.:     1.861 HEAT:  75.00589
 CYCLE:   145 TIME:   0.359 TIME LEFT:  2.00D  GRAD.:     3.232 HEAT:  75.00525
 CYCLE:   146 TIME:   0.188 TIME LEFT:  2.00D  GRAD.:     2.752 HEAT:  75.00465
 CYCLE:   147 TIME:   0.188 TIME LEFT:  2.00D  GRAD.:     1.924 HEAT:  75.00409
 CYCLE:   148 TIME:   0.180 TIME LEFT:  2.00D  GRAD.:     1.883 HEAT:  75.00351
 CYCLE:   149 TIME:   0.203 TIME LEFT:  2.00D  GRAD.:     2.379 HEAT:  75.00288
 CYCLE:   150 TIME:   0.211 TIME LEFT:  2.00D  GRAD.:     1.548 HEAT:  75.00199
 CYCLE:   151 TIME:   0.398 TIME LEFT:  2.00D  GRAD.:     3.660 HEAT:  75.00150
 CYCLE:   152 TIME:   0.320 TIME LEFT:  2.00D  GRAD.:     4.520 HEAT:  75.00135
 CYCLE:   153 TIME:   0.312 TIME LEFT:  2.00D  GRAD.:     1.247 HEAT:  75.00106
 CYCLE:   154 TIME:   0.367 TIME LEFT:  2.00D  GRAD.:     1.201 HEAT:  75.00099
 CYCLE:   155 TIME:   0.289 TIME LEFT:  2.00D  GRAD.:     2.393 HEAT:  75.00076
 CYCLE:   156 TIME:   0.188 TIME LEFT:  2.00D  GRAD.:     2.519 HEAT:  75.00049
 CYCLE:   157 TIME:   0.188 TIME LEFT:  2.00D  GRAD.:    10.712 HEAT:  75.00132
 CYCLE:   158 TIME:   0.164 TIME LEFT:  2.00D  GRAD.:     3.339 HEAT:  74.99986
 CYCLE:   159 TIME:   0.273 TIME LEFT:  2.00D  GRAD.:     1.404 HEAT:  74.99958
 CYCLE:   160 TIME:   0.336 TIME LEFT:  2.00D  GRAD.:     2.325 HEAT:  74.99941
 CYCLE:   161 TIME:   0.195 TIME LEFT:  2.00D  GRAD.:     3.281 HEAT:  74.99912
 CYCLE:   162 TIME:   0.227 TIME LEFT:  2.00D  GRAD.:     2.528 HEAT:  74.99867
 CYCLE:   163 TIME:   0.203 TIME LEFT:  2.00D  GRAD.:     4.397 HEAT:  74.99854
 CYCLE:   164 TIME:   0.266 TIME LEFT:  2.00D  GRAD.:     1.737 HEAT:  74.99818
 CYCLE:   165 TIME:   0.266 TIME LEFT:  2.00D  GRAD.:     1.160 HEAT:  74.99797
 CYCLE:   166 TIME:   0.320 TIME LEFT:  2.00D  GRAD.:     1.296 HEAT:  74.99765
 CYCLE:   167 TIME:   0.359 TIME LEFT:  2.00D  GRAD.:     6.444 HEAT:  74.99769
 CYCLE:   168 TIME:   0.328 TIME LEFT:  2.00D  GRAD.:     1.405 HEAT:  74.99722
 CYCLE:   169 TIME:   0.336 TIME LEFT:  2.00D  GRAD.:     1.204 HEAT:  74.99714
 CYCLE:   170 TIME:   0.406 TIME LEFT:  2.00D  GRAD.:     1.172 HEAT:  74.99691
 CYCLE:   171 TIME:   0.203 TIME LEFT:  2.00D  GRAD.:     1.472 HEAT:  74.99663
 CYCLE:   172 TIME:   0.305 TIME LEFT:  2.00D  GRAD.:     5.282 HEAT:  74.99685
 CYCLE:   173 TIME:   0.227 TIME LEFT:  2.00D  GRAD.:     1.359 HEAT:  74.99627
 CYCLE:   174 TIME:   0.289 TIME LEFT:  2.00D  GRAD.:     1.107 HEAT:  74.99616
 CYCLE:   175 TIME:   0.328 TIME LEFT:  2.00D  GRAD.:     1.523 HEAT:  74.99595
 CYCLE:   176 TIME:   0.273 TIME LEFT:  2.00D  GRAD.:     6.075 HEAT:  74.99609
 CYCLE:   177 TIME:   0.344 TIME LEFT:  2.00D  GRAD.:     1.677 HEAT:  74.99566
 CYCLE:   178 TIME:   0.203 TIME LEFT:  2.00D  GRAD.:     1.004 HEAT:  74.99553
 CYCLE:   179 TIME:   0.344 TIME LEFT:  2.00D  GRAD.:     1.448 HEAT:  74.99537
 CYCLE:   180 TIME:   0.344 TIME LEFT:  2.00D  GRAD.:     1.106 HEAT:  74.99524
 CYCLE:   181 TIME:   0.234 TIME LEFT:  2.00D  GRAD.:     2.296 HEAT:  74.99503
 CYCLE:   182 TIME:   0.266 TIME LEFT:  2.00D  GRAD.:     5.419 HEAT:  74.99508
 CYCLE:   183 TIME:   0.211 TIME LEFT:  2.00D  GRAD.:     1.790 HEAT:  74.99483
 CYCLE:   184 TIME:   0.258 TIME LEFT:  2.00D  GRAD.:     1.165 HEAT:  74.99476
 CYCLE:   185 TIME:   0.312 TIME LEFT:  2.00D  GRAD.:     1.433 HEAT:  74.99464
 CYCLE:   186 TIME:   0.297 TIME LEFT:  2.00D  GRAD.:     0.863 HEAT:  74.99457
 CYCLE:   187 TIME:   0.203 TIME LEFT:  2.00D  GRAD.:     1.238 HEAT:  74.99448
 CYCLE:   188 TIME:   0.219 TIME LEFT:  2.00D  GRAD.:     1.284 HEAT:  74.99441
 CYCLE:   189 TIME:   0.336 TIME LEFT:  2.00D  GRAD.:     1.561 HEAT:  74.99416
 CYCLE:   190 TIME:   0.398 TIME LEFT:  2.00D  GRAD.:     6.836 HEAT:  74.99459
 CYCLE:   191 TIME:   0.320 TIME LEFT:  2.00D  GRAD.:     3.898 HEAT:  74.99421
 CYCLE:   192 TIME:   0.305 TIME LEFT:  2.00D  GRAD.:     0.871 HEAT:  74.99389
 CYCLE:   193 TIME:   0.305 TIME LEFT:  2.00D  GRAD.:     1.667 HEAT:  74.99385
 CYCLE:   194 TIME:   0.328 TIME LEFT:  2.00D  GRAD.:     1.374 HEAT:  74.99375
 CYCLE:   195 TIME:   0.234 TIME LEFT:  2.00D  GRAD.:     0.908 HEAT:  74.99353
 CYCLE:   196 TIME:   0.281 TIME LEFT:  2.00D  GRAD.:     1.448 HEAT:  74.99348
 CYCLE:   197 TIME:   0.328 TIME LEFT:  2.00D  GRAD.:     1.276 HEAT:  74.99339
 CYCLE:   198 TIME:   0.273 TIME LEFT:  2.00D  GRAD.:     0.995 HEAT:  74.99321
 CYCLE:   199 TIME:   0.281 TIME LEFT:  2.00D  GRAD.:     1.016 HEAT:  74.99305
 CYCLE:   200 TIME:   0.328 TIME LEFT:  2.00D  GRAD.:     3.106 HEAT:  74.99303
 CYCLE:   201 TIME:   0.305 TIME LEFT:  2.00D  GRAD.:     0.792 HEAT:  74.99290
 CYCLE:   202 TIME:   0.203 TIME LEFT:  2.00D  GRAD.:     0.732 HEAT:  74.99288
 CYCLE:   203 TIME:   0.281 TIME LEFT:  2.00D  GRAD.:     1.233 HEAT:  74.99277
 CYCLE:   204 TIME:   0.312 TIME LEFT:  2.00D  GRAD.:     1.465 HEAT:  74.99265
 CYCLE:   205 TIME:   0.375 TIME LEFT:  2.00D  GRAD.:     2.285 HEAT:  74.99258
 CYCLE:   206 TIME:   0.328 TIME LEFT:  2.00D  GRAD.:     1.428 HEAT:  74.99246
 CYCLE:   207 TIME:   0.281 TIME LEFT:  2.00D  GRAD.:     0.812 HEAT:  74.99239
 CYCLE:   208 TIME:   0.234 TIME LEFT:  2.00D  GRAD.:     1.442 HEAT:  74.99229
 CYCLE:   209 TIME:   0.320 TIME LEFT:  2.00D  GRAD.:     1.213 HEAT:  74.99223
 CYCLE:   210 TIME:   0.266 TIME LEFT:  2.00D  GRAD.:     0.961 HEAT:  74.99216
 CYCLE:   211 TIME:   0.289 TIME LEFT:  2.00D  GRAD.:     1.012 HEAT:  74.99209
 CYCLE:   212 TIME:   0.305 TIME LEFT:  2.00D  GRAD.:     0.955 HEAT:  74.99203
 CYCLE:   213 TIME:   0.234 TIME LEFT:  2.00D  GRAD.:     0.955 HEAT:  74.99192
 CYCLE:   214 TIME:   0.359 TIME LEFT:  2.00D  GRAD.:     1.241 HEAT:  74.99181
 CYCLE:   215 TIME:   0.234 TIME LEFT:  2.00D  GRAD.:     0.950 HEAT:  74.99169
 CYCLE:   216 TIME:   0.258 TIME LEFT:  2.00D  GRAD.:     3.456 HEAT:  74.99174
 CYCLE:   217 TIME:   0.312 TIME LEFT:  2.00D  GRAD.:     0.586 HEAT:  74.99156
 CYCLE:   218 TIME:   0.352 TIME LEFT:  2.00D  GRAD.:     0.431 HEAT:  74.99154
 CYCLE:   219 TIME:   0.297 TIME LEFT:  2.00D  GRAD.:     0.517 HEAT:  74.99150
 CYCLE:   220 TIME:   0.328 TIME LEFT:  2.00D  GRAD.:     2.389 HEAT:  74.99152
 CYCLE:   221 TIME:   0.336 TIME LEFT:  2.00D  GRAD.:     0.596 HEAT:  74.99143
 CYCLE:   222 TIME:   0.188 TIME LEFT:  2.00D  GRAD.:     0.749 HEAT:  74.99141
 CYCLE:   223 TIME:   0.258 TIME LEFT:  2.00D  GRAD.:     0.889 HEAT:  74.99138
 CYCLE:   224 TIME:   0.273 TIME LEFT:  2.00D  GRAD.:     0.817 HEAT:  74.99133
 CYCLE:   225 TIME:   0.320 TIME LEFT:  2.00D  GRAD.:     3.102 HEAT:  74.99136
 CYCLE:   226 TIME:   0.180 TIME LEFT:  2.00D  GRAD.:     0.782 HEAT:  74.99121
 CYCLE:   227 TIME:   0.219 TIME LEFT:  2.00D  GRAD.:     0.509 HEAT:  74.99118
 CYCLE:   228 TIME:   0.203 TIME LEFT:  2.00D  GRAD.:     0.710 HEAT:  74.99112
 CYCLE:   229 TIME:   0.320 TIME LEFT:  2.00D  GRAD.:     0.796 HEAT:  74.99103
 CYCLE:   230 TIME:   0.320 TIME LEFT:  2.00D  GRAD.:     1.318 HEAT:  74.99099
 CYCLE:   231 TIME:   0.234 TIME LEFT:  2.00D  GRAD.:     0.769 HEAT:  74.99094
 CYCLE:   232 TIME:   0.273 TIME LEFT:  2.00D  GRAD.:     0.647 HEAT:  74.99089
 CYCLE:   233 TIME:   0.211 TIME LEFT:  2.00D  GRAD.:     0.699 HEAT:  74.99085
 CYCLE:   234 TIME:   0.250 TIME LEFT:  2.00D  GRAD.:     3.245 HEAT:  74.99089
 CYCLE:   235 TIME:   0.227 TIME LEFT:  2.00D  GRAD.:     0.579 HEAT:  74.99077
 CYCLE:   236 TIME:   0.211 TIME LEFT:  2.00D  GRAD.:     0.406 HEAT:  74.99076
 CYCLE:   237 TIME:   0.297 TIME LEFT:  2.00D  GRAD.:     1.325 HEAT:  74.99073
 CYCLE:   238 TIME:   0.297 TIME LEFT:  2.00D  GRAD.:     0.630 HEAT:  74.99070
 CYCLE:   239 TIME:   0.344 TIME LEFT:  2.00D  GRAD.:     0.583 HEAT:  74.99067
 CYCLE:   240 TIME:   0.258 TIME LEFT:  2.00D  GRAD.:     0.515 HEAT:  74.99066
 CYCLE:   241 TIME:   0.250 TIME LEFT:  2.00D  GRAD.:     0.948 HEAT:  74.99061
 CYCLE:   242 TIME:   0.281 TIME LEFT:  2.00D  GRAD.:     1.357 HEAT:  74.99057
 CYCLE:   243 TIME:   0.312 TIME LEFT:  2.00D  GRAD.:     0.791 HEAT:  74.99053
 CYCLE:   244 TIME:   0.227 TIME LEFT:  2.00D  GRAD.:     0.616 HEAT:  74.99050
 CYCLE:   245 TIME:   0.242 TIME LEFT:  2.00D  GRAD.:     0.638 HEAT:  74.99045
 CYCLE:   246 TIME:   0.273 TIME LEFT:  2.00D  GRAD.:     0.638 HEAT:  74.99038
 CYCLE:   247 TIME:   0.227 TIME LEFT:  2.00D  GRAD.:     1.022 HEAT:  74.99034
 CYCLE:   248 TIME:   0.266 TIME LEFT:  2.00D  GRAD.:     1.714 HEAT:  74.99031
 CYCLE:   249 TIME:   0.242 TIME LEFT:  2.00D  GRAD.:     0.478 HEAT:  74.99026
 CYCLE:   250 TIME:   0.273 TIME LEFT:  2.00D  GRAD.:     0.454 HEAT:  74.99024
 CYCLE:   251 TIME:   0.305 TIME LEFT:  2.00D  GRAD.:     0.522 HEAT:  74.99021
 CYCLE:   252 TIME:   0.305 TIME LEFT:  2.00D  GRAD.:     2.319 HEAT:  74.99021
 CYCLE:   253 TIME:   0.219 TIME LEFT:  2.00D  GRAD.:     0.822 HEAT:  74.99011
 CYCLE:   254 TIME:   0.188 TIME LEFT:  2.00D  GRAD.:     0.433 HEAT:  74.99008
 CYCLE:   255 TIME:   0.250 TIME LEFT:  2.00D  GRAD.:     0.531 HEAT:  74.99006
 CYCLE:   256 TIME:   0.234 TIME LEFT:  2.00D  GRAD.:     0.458 HEAT:  74.99001
 CYCLE:   257 TIME:   0.297 TIME LEFT:  2.00D  GRAD.:     3.217 HEAT:  74.99004
 CYCLE:   258 TIME:   0.258 TIME LEFT:  2.00D  GRAD.:     0.871 HEAT:  74.98992
 CYCLE:   259 TIME:   0.281 TIME LEFT:  2.00D  GRAD.:     0.356 HEAT:  74.98991
 CYCLE:   260 TIME:   0.344 TIME LEFT:  2.00D  GRAD.:     0.387 HEAT:  74.98990
 CYCLE:   261 TIME:   0.250 TIME LEFT:  2.00D  GRAD.:     1.321 HEAT:  74.98988
 CYCLE:   262 TIME:   0.234 TIME LEFT:  2.00D  GRAD.:     0.351 HEAT:  74.98983
 CYCLE:   263 TIME:   0.328 TIME LEFT:  2.00D  GRAD.:     0.372 HEAT:  74.98981
 CYCLE:   264 TIME:   0.375 TIME LEFT:  2.00D  GRAD.:     0.626 HEAT:  74.98980
 CYCLE:   265 TIME:   0.289 TIME LEFT:  2.00D  GRAD.:     0.453 HEAT:  74.98978
 CYCLE:   266 TIME:   0.289 TIME LEFT:  2.00D  GRAD.:     0.288 HEAT:  74.98977
 CYCLE:   267 TIME:   0.266 TIME LEFT:  2.00D  GRAD.:     1.525 HEAT:  74.98983
 CYCLE:   268 TIME:   0.250 TIME LEFT:  2.00D  GRAD.:     0.508 HEAT:  74.98975
 CYCLE:   269 TIME:   0.289 TIME LEFT:  2.00D  GRAD.:     0.245 HEAT:  74.98974
 CYCLE:   270 TIME:   0.242 TIME LEFT:  2.00D  GRAD.:     0.221 HEAT:  74.98973
 CYCLE:   271 TIME:   0.219 TIME LEFT:  2.00D  GRAD.:     0.356 HEAT:  74.98970
 CYCLE:   272 TIME:   0.180 TIME LEFT:  2.00D  GRAD.:     0.664 HEAT:  74.98969
 CYCLE:   273 TIME:   0.164 TIME LEFT:  2.00D  GRAD.:     1.085 HEAT:  74.98968
 CYCLE:   274 TIME:   0.289 TIME LEFT:  2.00D  GRAD.:     0.384 HEAT:  74.98966
 CYCLE:   275 TIME:   0.312 TIME LEFT:  2.00D  GRAD.:     0.240 HEAT:  74.98965
 CYCLE:   276 TIME:   0.250 TIME LEFT:  2.00D  GRAD.:     0.298 HEAT:  74.98965
 CYCLE:   277 TIME:   0.219 TIME LEFT:  2.00D  GRAD.:     0.279 HEAT:  74.98964
 CYCLE:   278 TIME:   0.234 TIME LEFT:  2.00D  GRAD.:     0.842 HEAT:  74.98964
 CYCLE:   279 TIME:   0.242 TIME LEFT:  2.00D  GRAD.:     0.297 HEAT:  74.98962
 CYCLE:   280 TIME:   0.273 TIME LEFT:  2.00D  GRAD.:     0.210 HEAT:  74.98962
 CYCLE:   281 TIME:   0.258 TIME LEFT:  2.00D  GRAD.:     0.280 HEAT:  74.98961
 CYCLE:   282 TIME:   0.211 TIME LEFT:  2.00D  GRAD.:     0.530 HEAT:  74.98961
 CYCLE:   283 TIME:   0.242 TIME LEFT:  2.00D  GRAD.:     0.346 HEAT:  74.98960
 CYCLE:   284 TIME:   0.258 TIME LEFT:  2.00D  GRAD.:     0.190 HEAT:  74.98960
 CYCLE:   285 TIME:   0.227 TIME LEFT:  2.00D  GRAD.:     0.180 HEAT:  74.98959
 CYCLE:   286 TIME:   0.281 TIME LEFT:  2.00D  GRAD.:     0.230 HEAT:  74.98958
 CYCLE:   287 TIME:   0.297 TIME LEFT:  2.00D  GRAD.:     4.517 HEAT:  74.98979
 CYCLE:   288 TIME:   0.227 TIME LEFT:  2.00D  GRAD.:     0.257 HEAT:  74.98958
 CYCLE:   289 TIME:   0.242 TIME LEFT:  2.00D  GRAD.:     0.255 HEAT:  74.98957
 CYCLE:   290 TIME:   0.336 TIME LEFT:  2.00D  GRAD.:     4.096 HEAT:  74.98990
 CYCLE:   291 TIME:   0.336 TIME LEFT:  2.00D  GRAD.:     0.249 HEAT:  74.98956
 CYCLE:   292 TIME:   0.172 TIME LEFT:  2.00D  GRAD.:     0.245 HEAT:  74.98956
 CYCLE:   293 TIME:   0.328 TIME LEFT:  2.00D  GRAD.:     0.414 HEAT:  74.98956
 CYCLE:   294 TIME:   0.180 TIME LEFT:  2.00D  GRAD.:     0.356 HEAT:  74.98955
 CYCLE:   295 TIME:   0.250 TIME LEFT:  2.00D  GRAD.:     0.325 HEAT:  74.98954
 CYCLE:   296 TIME:   0.328 TIME LEFT:  2.00D  GRAD.:     0.289 HEAT:  74.98953
 CYCLE:   297 TIME:   0.312 TIME LEFT:  2.00D  GRAD.:     0.308 HEAT:  74.98953
 CYCLE:   298 TIME:   0.234 TIME LEFT:  2.00D  GRAD.:     0.182 HEAT:  74.98953
 CYCLE:   299 TIME:   0.258 TIME LEFT:  2.00D  GRAD.:     0.264 HEAT:  74.98952
 CYCLE:   300 TIME:   0.148 TIME LEFT:  2.00D  GRAD.:     0.156 HEAT:  74.98952
 CYCLE:   301 TIME:   0.312 TIME LEFT:  2.00D  GRAD.:     0.143 HEAT:  74.98952
 CYCLE:   302 TIME:   0.281 TIME LEFT:  2.00D  GRAD.:     0.234 HEAT:  74.98951
 CYCLE:   303 TIME:   0.336 TIME LEFT:  2.00D  GRAD.:     0.926 HEAT:  74.98951
 CYCLE:   304 TIME:   0.344 TIME LEFT:  2.00D  GRAD.:     0.138 HEAT:  74.98951
 CYCLE:   305 TIME:   0.234 TIME LEFT:  2.00D  GRAD.:     0.141 HEAT:  74.98950
 CYCLE:   306 TIME:   0.273 TIME LEFT:  2.00D  GRAD.:     0.327 HEAT:  74.98950
 CYCLE:   307 TIME:   0.312 TIME LEFT:  2.00D  GRAD.:     0.130 HEAT:  74.98950
 CYCLE:   308 TIME:   0.336 TIME LEFT:  2.00D  GRAD.:     0.131 HEAT:  74.98950
 CYCLE:   309 TIME:   0.180 TIME LEFT:  2.00D  GRAD.:     0.198 HEAT:  74.98950
 CYCLE:   310 TIME:   0.273 TIME LEFT:  2.00D  GRAD.:     0.286 HEAT:  74.98949
 CYCLE:   311 TIME:   0.242 TIME LEFT:  2.00D  GRAD.:     0.201 HEAT:  74.98949
 CYCLE:   312 TIME:   0.258 TIME LEFT:  2.00D  GRAD.:     0.126 HEAT:  74.98949
 CYCLE:   313 TIME:   0.289 TIME LEFT:  2.00D  GRAD.:     0.184 HEAT:  74.98949
 CYCLE:   314 TIME:   0.352 TIME LEFT:  2.00D  GRAD.:     0.149 HEAT:  74.98948
 CYCLE:   315 TIME:   0.141 TIME LEFT:  2.00D  GRAD.:     0.157 HEAT:  74.98948
 CYCLE:   316 TIME:   0.289 TIME LEFT:  2.00D  GRAD.:     0.144 HEAT:  74.98948
 CYCLE:   317 TIME:   0.219 TIME LEFT:  2.00D  GRAD.:     0.101 HEAT:  74.98948
 CYCLE:   318 TIME:   0.250 TIME LEFT:  2.00D  GRAD.:     0.126 HEAT:  74.98947
 CYCLE:   319 TIME:   0.211 TIME LEFT:  2.00D  GRAD.:     0.723 HEAT:  74.98948
 CYCLE:   320 TIME:   0.203 TIME LEFT:  2.00D  GRAD.:     0.119 HEAT:  74.98947
 CYCLE:   321 TIME:   0.266 TIME LEFT:  2.00D  GRAD.:     0.120 HEAT:  74.98947
 CYCLE:   322 TIME:   0.289 TIME LEFT:  2.00D  GRAD.:     0.116 HEAT:  74.98947
 CYCLE:   323 TIME:   0.195 TIME LEFT:  2.00D  GRAD.:     0.154 HEAT:  74.98947
 CYCLE:   324 TIME:   0.289 TIME LEFT:  2.00D  GRAD.:     0.132 HEAT:  74.98947
 CYCLE:   325 TIME:   0.211 TIME LEFT:  2.00D  GRAD.:     0.105 HEAT:  74.98946
 CYCLE:   326 TIME:   0.164 TIME LEFT:  2.00D  GRAD.:     0.119 HEAT:  74.98946
 CYCLE:   327 TIME:   0.289 TIME LEFT:  2.00D  GRAD.:     0.147 HEAT:  74.98946
 CYCLE:   328 TIME:   0.414 TIME LEFT:  2.00D  GRAD.:     0.147 HEAT:  74.98946
 CYCLE:   329 TIME:   0.352 TIME LEFT:  2.00D  GRAD.:     0.250 HEAT:  74.98946
 CYCLE:   330 TIME:   0.195 TIME LEFT:  2.00D  GRAD.:     0.090 HEAT:  74.98945

 -------------------------------------------------------------------------------
 RM1 PRECISE POLAR GNORM=0.1




     HERBERTS TEST WAS SATISFIED IN BFGS                      
     SCF FIELD WAS ACHIEVED                                   


                              RM1 CALCULATION
                                                       MOPAC2016 (Version: 21.013L)
                                                       Sun Oct 17 20:24:41 2021
                                                       No. of days remaining =  88




          FINAL HEAT OF FORMATION =         74.98945 KCAL/MOL =     313.75587 KJ/MOL


          TOTAL ENERGY            =      -5960.24072 EV
          ELECTRONIC ENERGY       =     -54428.48116 EV  POINT GROUP:     C1  
          CORE-CORE REPULSION     =      48468.24044 EV
          COSMO AREA              =        528.91 SQUARE ANGSTROMS
          COSMO VOLUME            =        621.36 CUBIC ANGSTROMS

          GRADIENT NORM           =          0.08970 = 0.01121 PER ATOM
          IONIZATION POTENTIAL    =          8.014514 EV
          HOMO LUMO ENERGIES (EV) =         -8.015 -1.174
          NO. OF FILLED LEVELS    =         96
          MOLECULAR WEIGHT        =        536.6468

          MOLECULAR DIMENSIONS (Angstroms)

            Atom       Atom       Distance
            H    64    H    59    18.58252
            H    55    H    49    13.24719
            H    42    H    63     5.17926


          SCF CALCULATIONS        =        331
 
          WALL-CLOCK TIME         =  1 MINUTE AND 47.398 SECONDS
          COMPUTATION TIME        = 10 MINUTES AND 42.205 SECONDS




  ATOM    CHEMICAL      BOND LENGTH      BOND ANGLE     TWIST ANGLE 
 NUMBER    SYMBOL       (ANGSTROMS)      (DEGREES)       (DEGREES) 
   (I)                     NA:I           NB:NA:I       NC:NB:NA:I       NA    NB    NC 
     1       N          0.00000000       0.0000000       0.0000000        0     0     0
     2       C          1.15653340  *    0.0000000       0.0000000        1     0     0
     3       C          1.41680798  *  179.1663847  *    0.0000000        2     1     0
     4       C          1.34809740  *  123.0840501  * -179.6769608  *     3     2     1
     5       C          1.43223229  *  123.5236940  *   -2.7614967  *     4     3     2
     6       C          1.36949796  *  127.4033704  *  -35.3307035  *     5     4     3
     7       C          1.42976073  *  111.8976620  * -178.8268008  *     6     5     4
     8       C          1.36745472  *  112.0755141  *    0.0528041  *     7     6     5
     9       S          1.71336113  *  120.4808768  *  146.2830052  *     5     4     3
    10       C          1.44352791  *  125.6686035  * -178.5879052  *     8     7     6
    11       C          1.40470544  *  119.9802716  * -137.9124799  *    10     8     7
    12       C          1.38345784  *  121.5057645  *  179.7288087  *    11    10     8
    13       C          1.39362341  *  117.2968922  *    0.4088984  *    12    11    10
    14       C          1.42230029  *  121.6089512  *   -1.2128679  *    13    12    11
    15       C          1.39216525  *  118.8078324  *   41.3106073  *    10     8     7
    16       C          1.44021139  *  107.2394682  * -178.6156659  *    14    13    12
    17       C          1.39276750  *  131.9629501  * -179.6672959  *    16    14    13
    18       C          1.37666128  *  116.6009544  *  179.2855475  *    17    16    14
    19       C          1.45356105  *  129.7034995  * -179.9899247  *    18    17    16
    20       C          1.37847977  *  130.4081655  *   -0.4834644  *    19    18    17
    21       C          1.39765032  *  118.1092464  *  179.9753567  *    20    19    18
    22       C          1.38698538  *  120.9350708  *   -0.0059098  *    21    20    19
    23       C          1.39902202  *  120.8980938  *   -0.0028210  *    22    21    20
    24       C          1.37480223  *  118.2256827  *    0.0107546  *    23    22    21
    25       C          1.50744517  *  128.4787475  * -179.9618237  *    24    23    22
    26       C          1.41943639  *  122.0935295  *   -0.4418155  *    18    17    16
    27       C          1.37273872  *  122.4709145  *    0.4143181  *    26    18    17
    28       C          1.42054779  *  107.1839965  *   -0.0443725  *    16    14    13
    29       N          1.40567176  *  129.7375381  * -179.6185274  *    13    12    11
    30       C          1.41644959  *  125.8379587  * -179.3086783  *    29    13    14
    31       C          1.39732676  *  119.5039728  *  128.8048764  *    30    29    13
    32       C          1.38849563  *  118.9766089  *  179.6680851  *    31    30    29
    33       C          1.38989936  *  120.4786763  *    0.6226954  *    32    31    30
    34       C          1.38989383  *  120.0589375  *   -0.3166761  *    33    32    31
    35       C          1.39732884  *  119.4697535  *  -51.2097797  *    30    29    13
    36       C          1.52158416  *  110.8711726  *  -61.8934640  *    25    24    23
    37       C          1.52161017  *  110.8509479  *   62.0453356  *    25    24    23
    38       C          1.46883396  *  117.4240640  *  178.6189468  *     3     2     4
    39       O          1.22305354  *  126.5247441  *    0.5266886  *    38     3     4
    40       O          1.34808009  *  113.9777126  * -179.3460033  *    38     3     4
    41       H          1.10155207  *  120.1583524  *  176.8452638  *     4     3     2
    42       H          1.08856553  *  125.7411947  *   -0.6721294  *     6     5     4
    43       H          1.08758108  *  122.8089114  *  179.5046571  *     7     6     5
    44       H          1.09501611  *  119.4366927  * -178.7403309  *    11    10    15
    45       H          1.09218891  *  121.1624632  * -178.6976134  *    12    11    10
    46       H          1.09340971  *  121.6109958  *    0.5986179  *    15    10     8
    47       H          1.09159786  *  121.0772522  *  179.8517020  *    17    16    28
    48       H          1.09222456  *  121.1061209  *   -0.0126646  *    20    19    18
    49       H          1.09404941  *  119.3011620  * -179.9901485  *    21    20    19
    50       H          1.09388608  *  119.7865581  * -179.9870988  *    22    21    20
    51       H          1.09270110  *  120.6679043  * -179.9779639  *    23    22    21
    52       H          1.09106167  *  122.2483182  * -178.7823464  *    27    26    18
    53       H          1.09476640  *  120.8820777  *  178.8764552  *    31    30    35
    54       H          1.09447000  *  119.5972487  * -179.7905103  *    32    31    30
    55       H          1.09386819  *  119.9717192  *  179.6827333  *    33    32    31
    56       H          1.09446697  *  119.9239010  * -179.9040513  *    34    33    32
    57       H          1.09468227  *  120.8817695  *   -1.1045949  *    35    30    29
    58       H          1.09938503  *  111.9637181  *  -56.4105157  *    36    25    24
    59       H          1.09939627  *  111.7384897  *   63.4360565  *    36    25    24
    60       H          1.09931359  *  111.8749510  * -176.4450454  *    36    25    24
    61       H          1.09931599  *  111.8982771  *  176.5082560  *    37    25    24
    62       H          1.09939046  *  111.7374022  *  -63.3448750  *    37    25    24
    63       H          1.09941324  *  111.9523834  *   56.5023308  *    37    25    24
    64       H          0.96825903  *  111.0581502  *    0.2398749  *    40    38    39

                             CARTESIAN COORDINATES

   1    N        0.000000000     0.000000000     0.000000000
   2    C        1.156533404     0.000000000     0.000000000
   3    C        2.573191426     0.020612882     0.000000000
   4    C        3.325430852    -1.098074694    -0.006368374
   5    C        2.777140322    -2.420252871     0.043748422
   6    C        1.664731610    -2.834160669     0.726940812
   7    C        1.431603191    -4.235704288     0.567120992
   8    C        2.374768317    -4.826234779    -0.227640416
   9    S        3.545159655    -3.711412270    -0.780059861
  10    C        2.404833856    -6.219187551    -0.605200292
  11    C        3.622192604    -6.920068498    -0.606170806
  12    C        3.686572131    -8.256745125    -0.957036115
  13    C        2.494145066    -8.880631627    -1.319071383
  14    C        1.254182029    -8.184045703    -1.305006416
  15    C        1.210614975    -6.847261364    -0.947966449
  16    C        0.233513999    -9.121470368    -1.697027599
  17    C       -1.143248072    -8.985862698    -1.858080580
  18    C       -1.829499395   -10.107169197    -2.266647744
  19    C       -3.249508266   -10.285508757    -2.520831817
  20    C       -4.294994531    -9.393204625    -2.416150070
  21    C       -5.580035145    -9.844791443    -2.729465238
  22    C       -5.796896825   -11.153534071    -3.134301248
  23    C       -4.734909591   -12.058082976    -3.240305980
  24    C       -3.470379304   -11.615204678    -2.932242448
  25    C       -2.173479328   -12.382854245    -2.966235636
  26    C       -1.174955890   -11.340416713    -2.522524729
  27    C        0.180142867   -11.500555559    -2.372609764
  28    C        0.876578906   -10.364419950    -1.940953610
  29    N        2.258052947   -10.210276444    -1.709222989
  30    C        3.238357980   -11.225455723    -1.830641763
  31    C        3.038033083   -12.454814302    -1.197341294
  32    C        4.002807087   -13.444610719    -1.329380298
  33    C        5.155872663   -13.210928789    -2.069415941
  34    C        5.347859715   -11.982069369    -2.689779020
  35    C        4.390800450   -10.981854738    -2.582348359
  36    C       -2.207220844   -13.547696870    -1.987858649
  37    C       -1.863468264   -12.860165420    -4.377392851
  38    C        3.230659462     1.333864354    -0.024073812
  39    O        4.434922832     1.544474067    -0.059475010
  40    O        2.375064079     2.375372663    -0.000902514
  41    H        4.423410623    -1.026361875    -0.058470691
  42    H        1.031135569    -2.205921353     1.350516259
  43    H        0.599676198    -4.752419651     1.040127664
  44    H        4.541251402    -6.402741790    -0.311613041
  45    H        4.632822224    -8.801747795    -0.935600685
  46    H        0.258939282    -6.308878577    -0.946504413
  47    H       -1.641510482    -8.033129916    -1.669346103
  48    H       -4.126986012    -8.361977326    -2.097876796
  49    H       -6.424100143    -9.152915861    -2.653264376
  50    H       -6.810501501   -11.486969971    -3.375159762
  51    H       -4.910002057   -13.088206950    -3.559966621
  52    H        0.682254678   -12.444746241    -2.588950343
  53    H        2.142859959   -12.636808946    -0.593970351
  54    H        3.854652922   -14.412540364    -0.840476301
  55    H        5.912944535   -13.994831102    -2.163686589
  56    H        6.255930328   -11.800986796    -3.273281207
  57    H        4.536931375   -10.024384323    -3.092471322
  58    H       -2.427149690   -13.217320803    -0.962612143
  59    H       -2.977564645   -14.284109583    -2.257930694
  60    H       -1.246856364   -14.081550130    -1.953345854
  61    H       -0.890727177   -13.369193598    -4.433613372
  62    H       -2.621065962   -13.567730401    -4.743530671
  63    H       -1.830865182   -12.027827797    -5.094930722
  64    H        2.851920216     3.217851341    -0.019967005


           Empirical Formula: C35 H24 N2 O2 S  =    64 atoms



      MOLECULAR POINT GROUP   :   C1  


                  EIGENVALUES  
 -40.09830 -39.13851 -38.55908 -37.27936 -37.02568 -36.40879 -35.61849 -35.33166
 -35.02922 -34.06363 -33.20465 -31.69947 -31.04503 -30.29881 -30.07188 -29.33547
 -29.05366 -28.40398 -27.50163 -27.16950 -26.90521 -25.47271 -24.55407 -23.54970
 -23.41365 -22.94619 -22.49107 -22.30501 -22.17053 -21.30102 -20.73199 -20.62705
 -20.05779 -19.78997 -19.05197 -18.53625 -18.18195 -17.89079 -17.70896 -17.23626
 -17.06101 -16.80835 -16.42956 -16.30040 -16.21916 -15.94974 -15.88758 -15.55822
 -15.43033 -15.27188 -15.18564 -14.88030 -14.84763 -14.79324 -14.71932 -14.70082
 -14.55154 -14.45013 -14.43351 -14.37354 -14.34225 -14.07384 -13.86562 -13.76750
 -13.59148 -13.36608 -13.35142 -13.28093 -13.12423 -13.10218 -12.95049 -12.93023
 -12.79173 -12.57246 -12.45504 -12.40631 -12.32310 -12.26307 -12.18407 -12.02624
 -11.90915 -11.71496 -11.62703 -11.58292 -11.51596 -11.20695 -10.57928 -10.21980
  -9.98451  -9.97716  -9.59687  -9.47280  -9.42383  -9.13726  -8.53978  -8.01451
  -1.17358  -0.26226  -0.21397   0.03333   0.20092   0.21978   0.54548   0.67659
   0.87810   1.06614   1.28167   1.33491   1.35785   1.42699   1.57208   1.64251
   2.27440   2.50276   2.53884   2.71738   2.93894   3.03652   3.34870   3.55127
   3.62315   3.70779   3.75967   3.83145   3.84577   3.87175   3.89150   3.96654
   4.08787   4.10304   4.18352   4.26190   4.29474   4.34075   4.36235   4.36348
   4.37207   4.39608   4.42522   4.45364   4.48058   4.54033   4.58114   4.61076
   4.61978   4.67295   4.72083   4.73916   4.77137   4.80135   4.88073   4.90006
   4.90615   4.92053   4.98270   5.01933   5.04535   5.07607   5.13606   5.21200
   5.24405   5.30195   5.34058   5.36638   5.37875   5.42845   5.44450   5.49723
   5.50107   5.57481   5.67791   5.73644   5.80184   5.80596   5.87825   5.92806
   5.95250   6.03472   6.17460   6.28911   6.32007   6.43560   6.53096   6.58983


              NET ATOMIC CHARGES AND DIPOLE CONTRIBUTIONS

  ATOM NO.   TYPE          CHARGE      No. of ELECS.   s-Pop       p-Pop
   
   39          O          -0.378503        6.3785     1.91039     4.46812
   38          C           0.402797        3.5972     1.18044     2.41676
   40          O          -0.311111        6.3111     1.83996     4.47115
   64          H           0.244710        0.7553     0.75529
    2          C           0.054428        3.9456     1.19465     2.75092
    1          N          -0.150947        5.1509     1.84822     3.30273
    3          C          -0.147272        4.1473     1.14205     3.00522
    4          C           0.142142        3.8579     1.17173     2.68612
    5          C          -0.420545        4.4205     1.21454     3.20600
    6          C          -0.011060        4.0111     1.18442     2.82664
    7          C          -0.145065        4.1451     1.18386     2.96121
    8          C          -0.238126        4.2381     1.21647     3.02165
    9          S           0.481628        5.5184     1.88451     3.63387
   10          C          -0.061680        4.0617     1.14909     2.91259
   11          C          -0.051698        4.0517     1.17570     2.87599
   12          C          -0.165029        4.1650     1.17144     2.99359
   13          C           0.128091        3.8719     1.15134     2.72057
   14          C          -0.090847        4.0908     1.15885     2.93200
   15          C          -0.019180        4.0192     1.17012     2.84906
   16          C          -0.100224        4.1002     1.15848     2.94174
   17          C          -0.018630        4.0186     1.16381     2.85482
   18          C          -0.077274        4.0773     1.16291     2.91436
   19          C          -0.012081        4.0121     1.16122     2.85086
   20          C          -0.095719        4.0957     1.17313     2.92259
   21          C          -0.101287        4.1013     1.17890     2.92238
   22          C          -0.107062        4.1071     1.17938     2.92769
   23          C          -0.089898        4.0899     1.17264     2.91725
   24          C          -0.072443        4.0724     1.18373     2.88871
   25          C           0.066267        3.9337     1.16006     2.77367
   26          C          -0.011683        4.0117     1.18388     2.82780
   27          C          -0.156527        4.1565     1.16640     2.99013
   28          C           0.124313        3.8757     1.15281     2.72287
   29          N          -0.253208        5.2532     1.47943     3.77378
   30          C           0.128624        3.8714     1.14217     2.72921
   31          C          -0.140396        4.1404     1.18231     2.95809
   32          C          -0.077776        4.0778     1.17824     2.89954
   33          C          -0.118220        4.1182     1.17999     2.93823
   34          C          -0.077569        4.0776     1.17822     2.89935
   35          C          -0.140693        4.1407     1.18213     2.95857
   36          C          -0.175819        4.1758     1.15711     3.01871
   37          C          -0.176331        4.1763     1.15713     3.01920
   
   41          H           0.132488        0.8675     0.86751
   42          H           0.135570        0.8644     0.86443
   43          H           0.138349        0.8617     0.86165
   44          H           0.108422        0.8916     0.89158
   45          H           0.127218        0.8728     0.87278
   46          H           0.117947        0.8821     0.88205
   47          H           0.115343        0.8847     0.88466
   48          H           0.110355        0.8896     0.88965
   49          H           0.104582        0.8954     0.89542
   50          H           0.104255        0.8957     0.89575
   51          H           0.109112        0.8909     0.89089
   52          H           0.130378        0.8696     0.86962
   53          H           0.128777        0.8712     0.87122
   54          H           0.110033        0.8900     0.88997
   55          H           0.112086        0.8879     0.88791
   56          H           0.110100        0.8899     0.88990
   57          H           0.127956        0.8720     0.87204
   58          H           0.071597        0.9284     0.92840
   59          H           0.064748        0.9353     0.93525
   60          H           0.061566        0.9384     0.93843
   61          H           0.062905        0.9371     0.93710
   62          H           0.064483        0.9355     0.93552
   63          H           0.072635        0.9274     0.92736
   
 DIPOLE           X         Y         Z       TOTAL
 POINT-CHG.     2.822    -5.957    -1.363     6.731
 HYBRID        -0.411     0.490     0.965     1.158
 SUM            2.411    -5.467    -0.398     5.988


          ATOMIC ORBITAL ELECTRON POPULATIONS

     Atom    s        px        py        pz   
    1  N   1.84822   1.11264   1.08831   1.10178
    2  C   1.19465   0.91153   0.91877   0.92063
    3  C   1.14205   0.89058   0.93377   1.18088
    4  C   1.17173   0.98885   0.88768   0.80960
    5  C   1.21454   1.05940   1.00156   1.14503
    6  C   1.18442   0.92390   0.95205   0.95068
    7  C   1.18386   1.00615   0.94321   1.01185
    8  C   1.21647   1.01333   0.98402   1.02430
    9  S   1.88451   1.23698   0.91437   1.48251
   10  C   1.14909   0.94330   0.90689   1.06240
   11  C   1.17570   0.96265   0.94075   0.97259
   12  C   1.17144   0.96973   0.96027   1.06359
   13  C   1.15134   0.94604   0.81078   0.96376
   14  C   1.15885   0.92276   0.94224   1.06699
   15  C   1.17012   0.96818   0.92900   0.95189
   16  C   1.15848   0.93475   0.92705   1.07994
   17  C   1.16381   0.92012   0.97174   0.96297
   18  C   1.16291   0.93299   0.94139   1.03998
   19  C   1.16122   0.91998   0.94050   0.99039
   20  C   1.17313   0.93152   0.98607   1.00500
   21  C   1.17890   0.96689   0.96098   0.99452
   22  C   1.17938   0.98220   0.94431   1.00117
   23  C   1.17264   0.92865   0.98802   1.00059
   24  C   1.18373   0.94308   0.94827   0.99736
   25  C   1.16006   0.90538   0.92468   0.94361
   26  C   1.18388   0.92830   0.94463   0.95487
   27  C   1.16640   0.94422   0.97887   1.06704
   28  C   1.15281   0.79512   0.94758   0.98017
   29  N   1.47943   1.06842   1.09195   1.61341
   30  C   1.14217   0.88424   0.87190   0.97307
   31  C   1.18231   1.00951   0.94387   1.00471
   32  C   1.17824   0.94058   0.98215   0.97680
   33  C   1.17999   0.97842   0.97404   0.98578
   34  C   1.17822   0.98100   0.93676   0.98159
   35  C   1.18213   0.95533   1.00727   0.99597
   36  C   1.15711   1.03214   0.98076   1.00581
   37  C   1.15713   1.02872   1.02994   0.96054
   38  C   1.18044   0.84441   0.85029   0.72206
   39  O   1.91039   1.15992   1.85404   1.45416
   40  O   1.83996   1.41986   1.18628   1.86502
   41  H   0.86751
   42  H   0.86443
   43  H   0.86165
   44  H   0.89158
   45  H   0.87278
   46  H   0.88205
   47  H   0.88466
   48  H   0.88965
   49  H   0.89542
   50  H   0.89575
   51  H   0.89089
   52  H   0.86962
   53  H   0.87122
   54  H   0.88997
   55  H   0.88791
   56  H   0.88990
   57  H   0.87204
   58  H   0.92840
   59  H   0.93525
   60  H   0.93843
   61  H   0.93710
   62  H   0.93552
   63  H   0.92736
   64  H   0.75529
 ******************** TDHF POLARIZABILITIES ********************



          MOLECULAR WEIGHT =  536.65



          ROTATIONAL CONSTANTS IN CM(-1)

          A =    0.00406197   B =    0.00117236   C =    0.00092833



           PRINCIPAL MOMENTS OF INERTIA IN UNITS OF 10**(-40)*GRAM-CM**2

          A =     6891.4263   B =    23877.2644   C =    30154.0255


 ROTATION MATRIX FOR ORIENTATION OF MOLECULE:

         0.309975   -0.942323   -0.126265
         0.927440    0.328923   -0.177948
         0.209216   -0.061944    0.975905


          CARTESIAN COORDINATES 

    NO.       ATOM         X         Y         Z

     1         N        6.9111    3.2900    0.1784
     2         C        7.2696    2.2002    0.0323
     3         C        7.7278    0.8720   -0.1502
     4         C        6.9222   -0.2044   -0.0523
     5         C        5.5364   -0.1258    0.3011
     6         C        4.9507    0.7440    1.1819
     7         C        3.5451    0.5126    1.3048
     8         C        3.1235   -0.5212    0.5152
     9         S        4.4047   -1.2232   -0.3701
    10         C        1.7620   -0.9843    0.3908
    11         C        1.4891   -2.3619    0.3608
    12         C        0.1960   -2.8405    0.2482
    13         C       -0.8280   -1.8996    0.1564
    14         C       -0.5634   -0.5029    0.2028
    15         C        0.7376   -0.0443    0.3188
    16         C       -1.8312    0.1748    0.1159
    17         C       -2.1659    1.5267    0.1084
    18         C       -3.5040    1.8299   -0.0041
    19         C       -4.1628    3.1251   -0.0412
    20         C       -3.6374    4.3973    0.0342
    21         C       -4.5201    5.4791   -0.0289
    22         C       -5.8858    5.2780   -0.1637
    23         C       -6.4177    3.9863   -0.2403
    24         C       -5.5505    2.9213   -0.1781
    25         C       -5.8676    1.4488   -0.2385
    26         C       -4.4984    0.8233   -0.1170
    27         C       -4.1955   -0.5156   -0.1133
    28         C       -2.8357   -0.8249    0.0178
    29         N       -2.2160   -2.0904    0.0421
    30         C       -2.8790   -3.3405   -0.0195
    31         C       -3.9488   -3.5953    0.8426
    32         C       -4.5953   -4.8219    0.7680
    33         C       -4.1760   -5.7857   -0.1413
    34         C       -3.1066   -5.5240   -0.9897
    35         C       -2.4532   -4.2998   -0.9420
    36         C       -6.7537    1.0369    0.9279
    37         C       -6.5094    1.0871   -1.5698
    38         C        9.1445    0.6859   -0.4904
    39         O        9.7058   -0.3775   -0.7145
    40         O        9.8501    1.8333   -0.5451
    41         H        7.3181   -1.2123   -0.2546
    42         H        5.4674    1.5091    1.7587
    43         H        2.9070    1.0973    1.9634
    44         H        2.3154   -3.0761    0.4402
    45         H       -0.0117   -3.9128    0.2466
    46         H        0.9422    1.0295    0.3446
    47         H       -1.3972    2.2979    0.1860
    48         H       -2.5623    4.5584    0.1401
    49         H       -4.1241    6.4973    0.0289
    50         H       -6.5596    6.1384   -0.2115
    51         H       -7.4942    3.8323   -0.3469
    52         H       -4.9608   -1.2859   -0.2198
    53         H       -4.2688   -2.8490    1.5768
    54         H       -5.4367   -5.0309    1.4361
    55         H       -4.6881   -6.7511   -0.1894
    56         H       -2.7793   -6.2840   -1.7060
    57         H       -1.6266   -4.0910   -1.6286
    58         H       -6.3009    1.2893    1.8974
    59         H       -7.7319    1.5373    0.8926
    60         H       -6.9439   -0.0458    0.9353
    61         H       -6.6917    0.0065   -1.6569
    62         H       -7.4771    1.5910   -1.7056
    63         H       -5.8775    1.3746   -2.4223
    64         H       10.7753    1.6622   -0.7738


 ENERGY OF "REORIENTED" SYSTEM WITHOUT FIELD:       74.9894549496


  NFREQ=  3  IWFLB=  0  IBET=  1  IGAM=  1
  ATOL= 0.10000D-02  BTOL= 0.10000D-02    MAXITU=  500    MAXITA=  150


 *****************************************************************
 CALCULATION OF STATIC FIELD QUANTITIES
 *****************************************************************

 +++++ ALPHA AT       0.00000 EV.

                           COMPONENTS OF ALPHA

                     *X           *Y           *Z
           *=X:     597.2346      18.1588     -20.7480
           *=Y:      18.1605     477.6702      35.9745
           *=Z:     -20.7734      35.9698     134.0553

  ISOTROPIC AVERAGE ALPHA =     402.98668 A.U. =     59.71646 ANG.**3

 +++++ BETA (SECOND HARMONIC GENERATION) AT       0.00000 EV.

                              COMPONENTS OF BETA
            *XX         *XY         *YY         *XZ         *YZ         *ZZ
   *=X -7810.08852 -1315.65505  1258.65585   286.25506    64.59809   -57.15235
   *=Y -1315.42532  1258.71162  -208.93194    64.61758    20.52167   -43.05739
   *=Z   286.43747    64.61543    20.28656   -57.17297   -43.05900   -55.62693


 AVERAGE BETAX(SHG) VALUE AT   0.00000 EV =      -3965.1369 a.u. = -0.342565E-28 ESU
 AVERAGE BETAY(SHG) VALUE AT   0.00000 EV =       -940.5413 a.u. = -0.812573E-29 ESU
 AVERAGE BETAZ(SHG) VALUE AT   0.00000 EV =        150.6793 a.u. =  0.130178E-29 ESU



 AVERAGE BETA (SHG) VALUE AT   0.00000 EV =       4077.9447 a.u. =  0.352311E-28 ESU
   (1 a.u. = 8.639418X10-33 esu)



 +++++ ALPHA AT       0.00000 EV.

                           COMPONENTS OF ALPHA

                     *X           *Y           *Z
           *=X:     597.2346      18.1588     -20.7480
           *=Y:      18.1605     477.6702      35.9745
           *=Z:     -20.7734      35.9698     134.0553

  ISOTROPIC AVERAGE ALPHA =     402.98668 A.U. =     59.71646 ANG.**3


 GAMMA (THIRD HARMONIC GENERATION) AT    0.00000 EV.


 GAMMA(X,X,X,X) =       1867387.50297
 GAMMA(Y,Y,Y,Y) =        311541.69570
 GAMMA(Z,Z,Z,Z) =          4641.49124
 GAMMA(X,X,Y,Y) =        181889.56557
 GAMMA(X,X,Z,Z) =         10537.24069
 GAMMA(Y,Y,X,X) =        181889.25810
 GAMMA(Y,Y,Z,Z) =          3655.07762
 GAMMA(Z,Z,X,X) =         10537.14743
 GAMMA(Z,Z,Y,Y) =          3655.31234


 AVERAGE GAMMA VALUE AT    0.00000 =        515146.85833 a.u. =       259464.15104 ESU (X10-39)




 **********************************************************************
 CALCULATION FOR A FREQUENCY OF    0.25000 EV  =       0.00919 A.U. 
                  WAVELENGTH OF    4959.37 NM  =    2016.38525 CM(-1)
 **********************************************************************

 +++++ ALPHA AT       0.25000 EV.

                           COMPONENTS OF ALPHA

                     *X           *Y           *Z
           *=X:     599.5954      18.2937     -20.8067
           *=Y:      18.2948     478.8034      35.9957
           *=Z:     -20.8276      35.9916     134.2271

  ISOTROPIC AVERAGE ALPHA =     404.20864 A.U. =     59.89754 ANG.**3

 +++++ BETA (SECOND HARMONIC GENERATION) AT       0.25000 EV.

                              COMPONENTS OF BETA
            *XX         *XY         *YY         *XZ         *YZ         *ZZ
   *=X -8147.48422 -1374.51453  1305.94199   301.97688    67.35853   -58.53273
   *=Y -1381.86380  1291.76454  -211.00074    68.93825    22.49375   -44.14591
   *=Z   294.64942    65.49217    20.67930   -58.73185   -43.79435   -55.95030


 AVERAGE BETAX(SHG) VALUE AT   0.25000 EV =      -4145.7956 a.u. = -0.358173E-28 ESU
 AVERAGE BETAY(SHG) VALUE AT   0.25000 EV =       -979.1259 a.u. = -0.845908E-29 ESU
 AVERAGE BETAZ(SHG) VALUE AT   0.25000 EV =        159.2838 a.u. =  0.137612E-29 ESU



 AVERAGE BETA (SHG) VALUE AT   0.25000 EV =       4262.8254 a.u. =  0.368283E-28 ESU
   (1 a.u. = 8.639418X10-33 esu)



 +++++ ALPHA AT       0.75000 EV.

                           COMPONENTS OF ALPHA

                     *X           *Y           *Z
           *=X:     619.6821      19.4768     -21.2725
           *=Y:      19.4780     488.2226      36.1639
           *=Z:     -21.2937      36.1591     135.6259

  ISOTROPIC AVERAGE ALPHA =     414.51019 A.U. =     61.42407 ANG.**3


 GAMMA (THIRD HARMONIC GENERATION) AT    0.25000 EV.


 GAMMA(X,X,X,X) =       2069560.76447
 GAMMA(Y,Y,Y,Y) =        334054.05309
 GAMMA(Z,Z,Z,Z) =          4749.06182
 GAMMA(X,X,Y,Y) =        197865.33371
 GAMMA(X,X,Z,Z) =         11203.56692
 GAMMA(Y,Y,X,X) =        196964.35661
 GAMMA(Y,Y,Z,Z) =          3812.46663
 GAMMA(Z,Z,X,X) =         11318.02919
 GAMMA(Z,Z,Y,Y) =          3825.96775


 AVERAGE GAMMA VALUE AT    0.25000 =        566670.72004 a.u. =       285415.18776 ESU (X10-39)




 **********************************************************************
 CALCULATION FOR A FREQUENCY OF    0.50000 EV  =       0.01837 A.U. 
                  WAVELENGTH OF    2479.68 NM  =    4032.77050 CM(-1)
 **********************************************************************

 +++++ ALPHA AT       0.50000 EV.

                           COMPONENTS OF ALPHA

                     *X           *Y           *Z
           *=X:     606.8638      18.7143     -20.9790
           *=Y:      18.7152     482.2586      36.0595
           *=Z:     -20.9952      36.0561     134.7455

  ISOTROPIC AVERAGE ALPHA =     407.95599 A.U. =     60.45284 ANG.**3

 +++++ BETA (SECOND HARMONIC GENERATION) AT       0.50000 EV.

                              COMPONENTS OF BETA
            *XX         *XY         *YY         *XZ         *YZ         *ZZ
   *=X -9323.58389 -1580.92020  1469.72407   357.52573    76.97502   -63.28371
   *=Y -1612.46852  1400.92542  -216.41126    84.20843    29.46901   -47.77728
   *=Z   323.03276    68.45284    21.69386   -63.99645   -46.23986   -56.92725


 AVERAGE BETAX(SHG) VALUE AT   0.50000 EV =      -4778.0907 a.u. = -0.412799E-28 ESU
 AVERAGE BETAY(SHG) VALUE AT   0.50000 EV =      -1112.7599 a.u. = -0.961360E-29 ESU
 AVERAGE BETAZ(SHG) VALUE AT   0.50000 EV =        189.5869 a.u. =  0.163792E-29 ESU



 AVERAGE BETA (SHG) VALUE AT   0.50000 EV =       4909.6159 a.u. =  0.424162E-28 ESU
   (1 a.u. = 8.639418X10-33 esu)



 +++++ ALPHA AT       1.50000 EV.

                           COMPONENTS OF ALPHA

                     *X           *Y           *Z
           *=X:     709.9809      25.5500     -23.4688
           *=Y:      25.5478     526.1209      36.5738
           *=Z:     -23.5095      36.5655     140.8635

  ISOTROPIC AVERAGE ALPHA =     458.98839 A.U. =     68.01506 ANG.**3


 GAMMA (THIRD HARMONIC GENERATION) AT    0.50000 EV.


 GAMMA(X,X,X,X) =       2958511.02648
 GAMMA(Y,Y,Y,Y) =        421919.06003
 GAMMA(Z,Z,Z,Z) =          5116.11131
 GAMMA(X,X,Y,Y) =        265064.55762
 GAMMA(X,X,Z,Z) =         13841.61841
 GAMMA(Y,Y,X,X) =        257446.80934
 GAMMA(Y,Y,Z,Z) =          4363.17928
 GAMMA(Z,Z,X,X) =         14385.74161
 GAMMA(Z,Z,Y,Y) =          4474.56688


 AVERAGE GAMMA VALUE AT    0.50000 =        789024.53419 a.u. =       397408.19069 ESU (X10-39)



 **********************
 *                    *
 * JOB ENDED NORMALLY *
 *                    *
 **********************



 TOTAL JOB TIME:           225.87 SECONDS

 == MOPAC DONE ==
