 *******************************************************************************
 ** Site#: 4824         For non-commercial use only    Version 21.013L 64BITS **
 *******************************************************************************
 ** Cite this program as: MOPAC2016, Version: 21.013L, James J. P. Stewart,   **
 ** Stewart Computational Chemistry, web: HTTP://OpenMOPAC.net. Days left:  87**
 *******************************************************************************
 **                                                                           **
 **                                MOPAC2016                                  **
 **                                                                           **
 *******************************************************************************

                              RM1 CALCULATION RESULTS

 *******************************************************************************
 *  CALCULATION DONE:                                Mon Oct 18 13:42:59 2021  *
 *  RM1        - The RM1 Hamiltonian to be used
 *  POLAR      - CALCULATE FIRST, SECOND AND THIRD-ORDER POLARIZABILITIES
 *  PRECISE    - TIGHTER CRITERIA TO BE USED
 *  XYZ        - CARTESIAN COORDINATE SYSTEM TO BE USED
 *  T=         - A TIME OF 172800.0 SECONDS REQUESTED
 *  DUMP=N     - RESTART FILE WRITTEN EVERY 7200.0 SECONDS REQUESTED
 *  GNORM      - EXIT WHEN GRADIENT NORM DROPS BELOW 0.100
 *******************************************************************************
RM1 PRECISE POLAR XYZ GNORM=0.1


   ATOM   CHEMICAL          X               Y               Z
  NUMBER   SYMBOL      (ANGSTROMS)     (ANGSTROMS)     (ANGSTROMS)
 
     1       C          0.00000000  *   0.00000000  *   0.00000000  *
     2       C          1.52000351  *   0.00000000  *   0.00000000  *
     3       C          2.06083460  *   1.42768193  *   0.00000000  *
     4       C          3.58767844  *   1.42860318  *   0.01466798  *
     5       C          4.12640158  *   2.85744172  *   0.00004468  *
     6       C          5.65328626  *   2.85756031  *   0.03139285  *
     7       C          6.18638348  *   4.28866708  *   0.00180317  *
     8       C          7.71742793  *   4.25965760  *   0.05587257  *
     9       N          8.25566380  *   5.65032542  *  -0.00225502  *
    10       N          8.89969915  *   6.12307283  *  -1.09731676  *
    11       C          9.20184474  *   7.42035059  *  -0.75036909  *
    12       C          8.69683696  *   7.66373784  *   0.58164289  *
    13       N          8.09322489  *   6.51266485  *   1.03349092  *
    14       C          8.88682713  *   8.92811496  *   1.19998776  *
    15       C          9.55042978  *   9.88620225  *   0.48428205  *
    16       C         10.04928634  *   9.64342108  *  -0.82865514  *
    17       C          9.89490788  *   8.43925017  *  -1.45450323  *
    18       C         10.41231216  *   8.17461909  *  -2.78883199  *
    19       C         11.71823789  *   8.56473748  *  -3.10503499  *
    20       C         12.25927357  *   8.33781637  *  -4.36203270  *
    21       C         11.46459655  *   7.69955941  *  -5.30735554  *
    22       C         10.12863486  *   7.30976241  *  -4.98850207  *
    23       C          9.60467282  *   7.54217042  *  -3.73088309  *
    24       C          9.55377999  *   6.70787554  *  -6.16783930  *
    25       C          8.32960460  *   6.13879675  *  -6.47466371  *
    26       C          8.14742273  *   5.64759227  *  -7.76152308  *
    27       C          9.14989939  *   5.72357363  *  -8.73585911  *
    28       C         10.38676718  *   6.28946248  *  -8.45948139  *
    29       C         10.54945107  *   6.76559132  *  -7.16686286  *
    30       N         11.71295189  *   7.38478371  *  -6.66501730  *
    31       C         12.90567683  *   7.24791096  *  -7.40112944  *
    32       C         14.13752443  *   7.56858300  *  -6.82426177  *
    33       C         15.30401184  *   7.41197487  *  -7.55694095  *
    34       C         15.24756787  *   6.92240886  *  -8.85254476  *
    35       C         14.01890718  *   6.60832078  *  -9.41886423  *
    36       C         12.82203861  *   6.77174732  *  -8.72755434  *
    37       C         11.50869475  *   6.49856587  *  -9.44091170  *
    38       C         11.13927522  *   7.77566348  * -10.22287811  *
    39       C         12.19505799  *   8.22837032  * -11.21450758  *
    40       C         11.64338613  *   5.24468375  * -10.32877725  *
    41       C         10.69314215  *   5.16241094  * -11.51227658  *
    42       C          8.37989683  *   9.14788385  *   2.52939316  *
    43       C          7.21407077  *   8.63586729  *   3.03102122  *
    44       C          7.03238442  *   9.04976325  *   4.37888767  *
    45       C          8.07208758  *   9.85968106  *   4.83804295  *
    46       S          9.25381198  *  10.11189659  *   3.66474042  *
    47       C          7.88494876  *  10.28145829  *   6.17938303  *
    48       C          6.71230103  *   9.77601673  *   6.68149228  *
    49       S          5.85460782  *   8.79142832  *   5.55025394  *
    50       C          6.18709979  *   9.95953657  *   8.00090774  *
    51       C          6.34019618  *  11.09161289  *   8.71697815  *
    52       C          5.78679655  *  11.16737633  *  10.07557420  *
    53       O          5.15774436  *  10.29326268  *  10.65521134  *
    54       O          6.02781948  *  12.33725813  *  10.70057668  *
    55       C          6.99113170  *  12.24484149  *   8.21368929  *
    56       N          7.51871788  *  13.19515614  *   7.81841744  *
    57       H          5.62575979  *   9.11100969  *   8.42375713  *
    58       H         -0.41711530  *   0.50832706  *  -0.88128814  *
    59       H         -0.40894198  *  -1.02079303  *  -0.00242402  *
    60       H         -0.41725754  *   0.50398984  *   0.88371511  *
    61       H          1.90177249  *  -0.56129370  *   0.87904559  *
    62       H          1.90242202  *  -0.56124563  *  -0.87876041  *
    63       H          1.68113775  *   1.98139759  *  -0.88462479  *
    64       H          1.66512599  *   1.98809714  *   0.87334080  *
    65       H          3.96438501  *   0.88222493  *   0.90519200  *
    66       H          3.98214816  *   0.85823203  *  -0.85280074  *
    67       H          3.75828506  *   3.39938739  *  -0.89677294  *
    68       H          3.72288024  *   3.43128487  *   0.86108687  *
    69       H          6.01963839  *   2.32544949  *   0.93500563  *
    70       H          6.05663688  *   2.27516649  *  -0.82416646  *
    71       H          5.83554332  *   4.81714035  *  -0.90994474  *
    72       H          5.77477098  *   4.87751849  *   0.84912224  *
    73       H          8.08589428  *   3.78154004  *   0.99362237  *
    74       H          8.14896582  *   3.67153382  *  -0.78801084  *
    75       H          9.71078023  *  10.88242534  *   0.91040193  *
    76       H         10.56060275  *  10.46743276  *  -1.33737193  *
    77       H         12.33704347  *   9.05113795  *  -2.34355564  *
    78       H         13.28067212  *   8.65640269  *  -4.59172805  *
    79       H          8.57889183  *   7.24081120  *  -3.50088985  *
    80       H          7.53840617  *   6.08049328  *  -5.72380192  *
    81       H          7.18945308  *   5.19068548  *  -8.02699432  *
    82       H          8.93013468  *   5.33009960  *  -9.73492921  *
    83       H         14.20813510  *   7.94004718  *  -5.79681610  *
    84       H         16.26756026  *   7.66866647  *  -7.10632435  *
    85       H         16.16608739  *   6.78423282  *  -9.42920262  *
    86       H         14.00971400  *   6.20640177  * -10.44130758  *
    87       H         10.16276388  *   7.63762832  * -10.73382500  *
    88       H         10.94503757  *   8.59864348  *  -9.49913376  *
    89       H         11.81550647  *   9.03956878  * -11.85525148  *
    90       H         13.09425753  *   8.62805269  * -10.72336396  *
    91       H         12.52815360  *   7.43198512  * -11.89364829  *
    92       H         12.67646706  *   5.14655036  * -10.73376218  *
    93       H         11.52416539  *   4.34475531  *  -9.68671584  *
    94       H         10.88986153  *   5.92064010  * -12.28298431  *
    95       H         10.77953328  *   4.18784101  * -12.01818555  *
    96       H          9.63294795  *   5.26625852  * -11.23391990  *
    97       H          6.50865895  *   8.00608845  *   2.49348308  *
    98       H          8.60448046  *  10.89456426  *   6.71870395  *
    99       H          5.64342806  *  12.34263692  *  11.58926402  *
 


          CARTESIAN COORDINATES 

    NO.       ATOM           X           Y           Z

     1         C          0.0000      0.0000      0.0000
     2         C          1.5200      0.0000      0.0000
     3         C          2.0608      1.4277      0.0000
     4         C          3.5877      1.4286      0.0147
     5         C          4.1264      2.8574      0.0000
     6         C          5.6533      2.8576      0.0314
     7         C          6.1864      4.2887      0.0018
     8         C          7.7174      4.2597      0.0559
     9         N          8.2557      5.6503     -0.0023
    10         N          8.8997      6.1231     -1.0973
    11         C          9.2018      7.4204     -0.7504
    12         C          8.6968      7.6637      0.5816
    13         N          8.0932      6.5127      1.0335
    14         C          8.8868      8.9281      1.2000
    15         C          9.5504      9.8862      0.4843
    16         C         10.0493      9.6434     -0.8287
    17         C          9.8949      8.4393     -1.4545
    18         C         10.4123      8.1746     -2.7888
    19         C         11.7182      8.5647     -3.1050
    20         C         12.2593      8.3378     -4.3620
    21         C         11.4646      7.6996     -5.3074
    22         C         10.1286      7.3098     -4.9885
    23         C          9.6047      7.5422     -3.7309
    24         C          9.5538      6.7079     -6.1678
    25         C          8.3296      6.1388     -6.4747
    26         C          8.1474      5.6476     -7.7615
    27         C          9.1499      5.7236     -8.7359
    28         C         10.3868      6.2895     -8.4595
    29         C         10.5495      6.7656     -7.1669
    30         N         11.7130      7.3848     -6.6650
    31         C         12.9057      7.2479     -7.4011
    32         C         14.1375      7.5686     -6.8243
    33         C         15.3040      7.4120     -7.5569
    34         C         15.2476      6.9224     -8.8525
    35         C         14.0189      6.6083     -9.4189
    36         C         12.8220      6.7717     -8.7276
    37         C         11.5087      6.4986     -9.4409
    38         C         11.1393      7.7757    -10.2229
    39         C         12.1951      8.2284    -11.2145
    40         C         11.6434      5.2447    -10.3288
    41         C         10.6931      5.1624    -11.5123
    42         C          8.3799      9.1479      2.5294
    43         C          7.2141      8.6359      3.0310
    44         C          7.0324      9.0498      4.3789
    45         C          8.0721      9.8597      4.8380
    46         S          9.2538     10.1119      3.6647
    47         C          7.8849     10.2815      6.1794
    48         C          6.7123      9.7760      6.6815
    49         S          5.8546      8.7914      5.5503
    50         C          6.1871      9.9595      8.0009
    51         C          6.3402     11.0916      8.7170
    52         C          5.7868     11.1674     10.0756
    53         O          5.1577     10.2933     10.6552
    54         O          6.0278     12.3373     10.7006
    55         C          6.9911     12.2448      8.2137
    56         N          7.5187     13.1952      7.8184
    57         H          5.6258      9.1110      8.4238
    58         H         -0.4171      0.5083     -0.8813
    59         H         -0.4089     -1.0208     -0.0024
    60         H         -0.4173      0.5040      0.8837
    61         H          1.9018     -0.5613      0.8790
    62         H          1.9024     -0.5612     -0.8788
    63         H          1.6811      1.9814     -0.8846
    64         H          1.6651      1.9881      0.8733
    65         H          3.9644      0.8822      0.9052
    66         H          3.9821      0.8582     -0.8528
    67         H          3.7583      3.3994     -0.8968
    68         H          3.7229      3.4313      0.8611
    69         H          6.0196      2.3254      0.9350
    70         H          6.0566      2.2752     -0.8242
    71         H          5.8355      4.8171     -0.9099
    72         H          5.7748      4.8775      0.8491
    73         H          8.0859      3.7815      0.9936
    74         H          8.1490      3.6715     -0.7880
    75         H          9.7108     10.8824      0.9104
    76         H         10.5606     10.4674     -1.3374
    77         H         12.3370      9.0511     -2.3436
    78         H         13.2807      8.6564     -4.5917
    79         H          8.5789      7.2408     -3.5009
    80         H          7.5384      6.0805     -5.7238
    81         H          7.1895      5.1907     -8.0270
    82         H          8.9301      5.3301     -9.7349
    83         H         14.2081      7.9400     -5.7968
    84         H         16.2676      7.6687     -7.1063
    85         H         16.1661      6.7842     -9.4292
    86         H         14.0097      6.2064    -10.4413
    87         H         10.1628      7.6376    -10.7338
    88         H         10.9450      8.5986     -9.4991
    89         H         11.8155      9.0396    -11.8553
    90         H         13.0943      8.6281    -10.7234
    91         H         12.5282      7.4320    -11.8936
    92         H         12.6765      5.1466    -10.7338
    93         H         11.5242      4.3448     -9.6867
    94         H         10.8899      5.9206    -12.2830
    95         H         10.7795      4.1878    -12.0182
    96         H          9.6329      5.2663    -11.2339
    97         H          6.5087      8.0061      2.4935
    98         H          8.6045     10.8946      6.7187
    99         H          5.6434     12.3426     11.5893

  H: (RM1): G.B. ROCHA, R.O. FREIRE, A.M.SIMAS, J.J.P. STEWART, J. COMP. CHEM. 27, 1101 (2006)
  C: (RM1): G.B. ROCHA, R.O. FREIRE, A.M.SIMAS, J.J.P. STEWART, J. COMP. CHEM. 27, 1101 (2006)
  N: (RM1): G.B. ROCHA, R.O. FREIRE, A.M.SIMAS, J.J.P. STEWART, J. COMP. CHEM. 27, 1101 (2006)
  O: (RM1): G.B. ROCHA, R.O. FREIRE, A.M.SIMAS, J.J.P. STEWART, J. COMP. CHEM. 27, 1101 (2006)
  S: (RM1): G.B. ROCHA, R.O. FREIRE, A.M.SIMAS, J.J.P. STEWART, J. COMP. CHEM. 27, 1101 (2006)

           Empirical Formula: C47 H43 N5 O2 S2  =    99 atoms



      MOLECULAR POINT GROUP   :   C1  


      RHF CALCULATION, NO. OF DOUBLY OCCUPIED LEVELS = 140


          Geometry optimization using L-BFGS
 CYCLE:     1 TIME:   0.449 TIME LEFT:  2.00D  GRAD.:     1.677 HEAT:  119.2929
 CYCLE:     2 TIME:   0.266 TIME LEFT:  2.00D  GRAD.:     1.667 HEAT:  119.2929
 CYCLE:     3 TIME:   0.301 TIME LEFT:  2.00D  GRAD.:     2.916 HEAT:  119.2915
 CYCLE:     4 TIME:   0.320 TIME LEFT:  2.00D  GRAD.:     1.698 HEAT:  119.2929
 CYCLE:     5 TIME:   0.246 TIME LEFT:  2.00D  GRAD.:     3.019 HEAT:  119.2917
 CYCLE:     6 TIME:   0.223 TIME LEFT:  2.00D  GRAD.:     1.752 HEAT:  119.2897
 CYCLE:     7 TIME:   0.223 TIME LEFT:  2.00D  GRAD.:     0.594 HEAT:  119.2891
 CYCLE:     8 TIME:   0.207 TIME LEFT:  2.00D  GRAD.:     0.514 HEAT:  119.2890
 CYCLE:     9 TIME:   0.215 TIME LEFT:  2.00D  GRAD.:     0.504 HEAT:  119.2889
 CYCLE:    10 TIME:   0.215 TIME LEFT:  2.00D  GRAD.:     0.533 HEAT:  119.2887
 CYCLE:    11 TIME:   0.223 TIME LEFT:  2.00D  GRAD.:     1.158 HEAT:  119.2886
 CYCLE:    12 TIME:   0.223 TIME LEFT:  2.00D  GRAD.:     0.426 HEAT:  119.2884
 CYCLE:    13 TIME:   0.203 TIME LEFT:  2.00D  GRAD.:     0.268 HEAT:  119.2883
 CYCLE:    14 TIME:   0.211 TIME LEFT:  2.00D  GRAD.:     0.250 HEAT:  119.2882
 CYCLE:    15 TIME:   0.207 TIME LEFT:  2.00D  GRAD.:     0.663 HEAT:  119.2882
 CYCLE:    16 TIME:   0.199 TIME LEFT:  2.00D  GRAD.:     0.144 HEAT:  119.2881
 CYCLE:    17 TIME:   0.199 TIME LEFT:  2.00D  GRAD.:     0.113 HEAT:  119.2881
 CYCLE:    18 TIME:   0.199 TIME LEFT:  2.00D  GRAD.:     0.139 HEAT:  119.2881
 CYCLE:    19 TIME:   0.207 TIME LEFT:  2.00D  GRAD.:     0.173 HEAT:  119.2881
 CYCLE:    20 TIME:   0.266 TIME LEFT:  2.00D  GRAD.:     0.523 HEAT:  119.2881
 CYCLE:    21 TIME:   0.215 TIME LEFT:  2.00D  GRAD.:     0.115 HEAT:  119.2881
 CYCLE:    22 TIME:   0.207 TIME LEFT:  2.00D  GRAD.:     0.094 HEAT:  119.2880

 -------------------------------------------------------------------------------
 RM1 PRECISE POLAR XYZ GNORM=0.1




     HERBERTS TEST WAS SATISFIED IN BFGS                      
     SCF FIELD WAS ACHIEVED                                   


                              RM1 CALCULATION
                                                       MOPAC2016 (Version: 21.013L)
                                                       Mon Oct 18 13:43:04 2021
                                                       No. of days remaining =  87




          FINAL HEAT OF FORMATION =        119.28804 KCAL/MOL =     499.10118 KJ/MOL


          TOTAL ENERGY            =      -8550.06342 EV
          ELECTRONIC ENERGY       =     -93255.04355 EV  POINT GROUP:     C1  
          CORE-CORE REPULSION     =      84704.98013 EV
          COSMO AREA              =        766.53 SQUARE ANGSTROMS
          COSMO VOLUME            =        907.43 CUBIC ANGSTROMS

          GRADIENT NORM           =          0.09437 = 0.00948 PER ATOM
          IONIZATION POTENTIAL    =          7.856191 EV
          HOMO LUMO ENERGIES (EV) =         -7.856 -1.360
          NO. OF FILLED LEVELS    =        140
          MOLECULAR WEIGHT        =        774.0090

          MOLECULAR DIMENSIONS (Angstroms)

            Atom       Atom       Distance
            H    99    H    95    25.49874
            H    84    H    59    18.78444
            H    73    H    89     6.71832


          SCF CALCULATIONS        =         23
 
          WALL-CLOCK TIME         =          5.508 SECONDS
          COMPUTATION TIME        =  1 MINUTE AND  4.516 SECONDS




   ATOM   CHEMICAL          X               Y               Z
  NUMBER   SYMBOL      (ANGSTROMS)     (ANGSTROMS)     (ANGSTROMS)
 
     1       C         -0.00000191  *   0.00000909  *  -0.00021222  *
     2       C          1.51996741  *  -0.00001065  *   0.00044703  *
     3       C          2.06080506  *   1.42766807  *  -0.00000345  *
     4       C          3.58763390  *   1.42856864  *   0.01463707  *
     5       C          4.12636578  *   2.85746272  *   0.00008729  *
     6       C          5.65325851  *   2.85753105  *   0.03146786  *
     7       C          6.18641406  *   4.28862106  *   0.00183953  *
     8       C          7.71745128  *   4.25965906  *   0.05596069  *
     9       N          8.25566018  *   5.65034457  *  -0.00217448  *
    10       N          8.89951075  *   6.12310138  *  -1.09736988  *
    11       C          9.20169380  *   7.42036791  *  -0.75042701  *
    12       C          8.69678543  *   7.66372887  *   0.58162093  *
    13       N          8.09327608  *   6.51259464  *   1.03348279  *
    14       C          8.88676787  *   8.92810447  *   1.19992679  *
    15       C          9.55061147  *   9.88611225  *   0.48435351  *
    16       C         10.04939008  *   9.64337304  *  -0.82862108  *
    17       C          9.89488970  *   8.43923071  *  -1.45451342  *
    18       C         10.41218083  *   8.17463857  *  -2.78890086  *
    19       C         11.71811298  *   8.56481746  *  -3.10506913  *
    20       C         12.25927786  *   8.33768687  *  -4.36194326  *
    21       C         11.46451199  *   7.69964664  *  -5.30734901  *
    22       C         10.12860260  *   7.30976248  *  -4.98847846  *
    23       C          9.60457757  *   7.54230939  *  -3.73089550  *
    24       C          9.55368995  *   6.70800696  *  -6.16783457  *
    25       C          8.32959656  *   6.13872120  *  -6.47461993  *
    26       C          8.14740235  *   5.64767191  *  -7.76151248  *
    27       C          9.14991631  *   5.72372051  *  -8.73581803  *
    28       C         10.38684719  *   6.28935962  *  -8.45936407  *
    29       C         10.54937930  *   6.76575644  *  -7.16681951  *
    30       N         11.71297250  *   7.38469419  *  -6.66491549  *
    31       C         12.90563395  *   7.24795446  *  -7.40112017  *
    32       C         14.13750623  *   7.56861608  *  -6.82436822  *
    33       C         15.30399363  *   7.41193146  *  -7.55706620  *
    34       C         15.24748126  *   6.92235581  *  -8.85264836  *
    35       C         14.01876991  *   6.60822133  *  -9.41887987  *
    36       C         12.82192524  *   6.77169654  *  -8.72753385  *
    37       C         11.50873875  *   6.49854918  *  -9.44079198  *
    38       C         11.13929145  *   7.77564594  * -10.22277362  *
    39       C         12.19503046  *   8.22833293  * -11.21444878  *
    40       C         11.64350826  *   5.24476999  * -10.32877322  *
    41       C         10.69319884  *   5.16238937  * -11.51217957  *
    42       C          8.37976192  *   9.14791015  *   2.52929189  *
    43       C          7.21400146  *   8.63581516  *   3.03101517  *
    44       C          7.03232435  *   9.04983592  *   4.37886605  *
    45       C          8.07210089  *   9.85976996  *   4.83785256  *
    46       S          9.25368239  *  10.11207073  *   3.66452812  *
    47       C          7.88533714  *  10.28128515  *   6.17934490  *
    48       C          6.71283496  *   9.77570684  *   6.68168231  *
    49       S          5.85478443  *   8.79144040  *   5.55045325  *
    50       C          6.18717594  *   9.95955422  *   8.00084875  *
    51       C          6.34226823  *  11.09078446  *   8.71783964  *
    52       C          5.78743668  *  11.16711008  *  10.07581802  *
    53       O          5.15729543  *  10.29342960  *  10.65492127  *
    54       O          6.02815812  *  12.33705977  *  10.70082121  *
    55       C          6.99555175  *  12.24312664  *   8.21560449  *
    56       N          7.51388319  *  13.19682021  *   7.81625279  *
    57       H          5.62305082  *   9.11226874  *   8.42247081  *
    58       H         -0.41683419  *   0.50835198  *  -0.88161935  *
    59       H         -0.40904093  *  -1.02075076  *  -0.00270947  *
    60       H         -0.41754214  *   0.50404188  *   0.88336446  *
    61       H          1.90174397  *  -0.56111521  *   0.87957825  *
    62       H          1.90271974  *  -0.56147989  *  -0.87806469  *
    63       H          1.68112510  *   1.98123134  *  -0.88472704  *
    64       H          1.66512500  *   1.98841951  *   0.87313726  *
    65       H          3.96455294  *   0.88225252  *   0.90509568  *
    66       H          3.98218531  *   0.85840961  *  -0.85292964  *
    67       H          3.75831068  *   3.39936409  *  -0.89677301  *
    68       H          3.72281913  *   3.43129798  *   0.86111537  *
    69       H          6.01976939  *   2.32538148  *   0.93498143  *
    70       H          6.05652147  *   2.27516661  *  -0.82416920  *
    71       H          5.83562686  *   4.81695857  *  -0.91002464  *
    72       H          5.77467185  *   4.87758855  *   0.84901493  *
    73       H          8.08593038  *   3.78151748  *   0.99369380  *
    74       H          8.14902760  *   3.67150756  *  -0.78788991  *
    75       H          9.71094872  *  10.88231526  *   0.91051702  *
    76       H         10.56070271  *  10.46739055  *  -1.33729843  *
    77       H         12.33688427  *   9.05106149  *  -2.34346215  *
    78       H         13.28064578  *   8.65634214  *  -4.59164791  *
    79       H          8.57881670  *   7.24081390  *  -3.50103208  *
    80       H          7.53835606  *   6.08037348  *  -5.72381074  *
    81       H          7.18948976  *   5.19066012  *  -8.02700260  *
    82       H          8.93019160  *   5.33007977  *  -9.73482282  *
    83       H         14.20820477  *   7.94018571  *  -5.79696650  *
    84       H         16.26756792  *   7.66864138  *  -7.10651566  *
    85       H         16.16598419  *   6.78408160  *  -9.42931009  *
    86       H         14.00954248  *   6.20638546  * -10.44135357  *
    87       H         10.16280549  *   7.63760385  * -10.73379111  *
    88       H         10.94497309  *   8.59861706  *  -9.49905295  *
    89       H         11.81560219  *   9.03961061  * -11.85517247  *
    90       H         13.09419731  *   8.62805253  * -10.72323764  *
    91       H         12.52824717  *   7.43200910  * -11.89359282  *
    92       H         12.67656367  *   5.14700527  * -10.73391678  *
    93       H         11.52468264  *   4.34475583  *  -9.68676366  *
    94       H         10.88993667  *   5.92054872  * -12.28296641  *
    95       H         10.77933930  *   4.18776752  * -12.01802284  *
    96       H          9.63301410  *   5.26641691  * -11.23383425  *
    97       H          6.50854615  *   8.00600434  *   2.49357048  *
    98       H          8.60486178  *  10.89444060  *   6.71860188  *
    99       H          5.64294361  *  12.34277240  *  11.58915794  *

                             CARTESIAN COORDINATES

   1    C       -0.000001915     0.000009095    -0.000212221
   2    C        1.519967413    -0.000010647     0.000447032
   3    C        2.060805062     1.427668070    -0.000003446
   4    C        3.587633896     1.428568644     0.014637072
   5    C        4.126365780     2.857462716     0.000087294
   6    C        5.653258514     2.857531049     0.031467858
   7    C        6.186414063     4.288621059     0.001839526
   8    C        7.717451277     4.259659057     0.055960687
   9    N        8.255660182     5.650344569    -0.002174482
  10    N        8.899510750     6.123101379    -1.097369875
  11    C        9.201693800     7.420367909    -0.750427014
  12    C        8.696785425     7.663728872     0.581620931
  13    N        8.093276080     6.512594641     1.033482788
  14    C        8.886767865     8.928104473     1.199926791
  15    C        9.550611468     9.886112253     0.484353509
  16    C       10.049390081     9.643373042    -0.828621079
  17    C        9.894889699     8.439230712    -1.454513416
  18    C       10.412180834     8.174638573    -2.788900855
  19    C       11.718112977     8.564817458    -3.105069133
  20    C       12.259277862     8.337686875    -4.361943263
  21    C       11.464511994     7.699646638    -5.307349010
  22    C       10.128602603     7.309762480    -4.988478463
  23    C        9.604577571     7.542309386    -3.730895496
  24    C        9.553689951     6.708006958    -6.167834569
  25    C        8.329596563     6.138721204    -6.474619933
  26    C        8.147402350     5.647671908    -7.761512484
  27    C        9.149916313     5.723720506    -8.735818033
  28    C       10.386847193     6.289359624    -8.459364073
  29    C       10.549379303     6.765756439    -7.166819511
  30    N       11.712972500     7.384694194    -6.664915486
  31    C       12.905633951     7.247954460    -7.401120166
  32    C       14.137506231     7.568616085    -6.824368225
  33    C       15.303993629     7.411931460    -7.557066197
  34    C       15.247481258     6.922355814    -8.852648364
  35    C       14.018769911     6.608221326    -9.418879866
  36    C       12.821925238     6.771696539    -8.727533847
  37    C       11.508738745     6.498549184    -9.440791984
  38    C       11.139291453     7.775645942   -10.222773618
  39    C       12.195030462     8.228332933   -11.214448777
  40    C       11.643508264     5.244769994   -10.328773218
  41    C       10.693198840     5.162389373   -11.512179571
  42    C        8.379761925     9.147910153     2.529291895
  43    C        7.214001455     8.635815158     3.031015173
  44    C        7.032324352     9.049835918     4.378866048
  45    C        8.072100888     9.859769960     4.837852558
  46    S        9.253682394    10.112070726     3.664528116
  47    C        7.885337138    10.281285155     6.179344901
  48    C        6.712834959     9.775706837     6.681682313
  49    S        5.854784427     8.791440405     5.550453254
  50    C        6.187175944     9.959554220     8.000848751
  51    C        6.342268226    11.090784465     8.717839642
  52    C        5.787436681    11.167110081    10.075818018
  53    O        5.157295430    10.293429597    10.654921274
  54    O        6.028158120    12.337059767    10.700821205
  55    C        6.995551748    12.243126640     8.215604491
  56    N        7.513883189    13.196820215     7.816252792
  57    H        5.623050822     9.112268740     8.422470810
  58    H       -0.416834193     0.508351977    -0.881619351
  59    H       -0.409040931    -1.020750758    -0.002709466
  60    H       -0.417542136     0.504041879     0.883364458
  61    H        1.901743972    -0.561115211     0.879578254
  62    H        1.902719738    -0.561479891    -0.878064692
  63    H        1.681125101     1.981231342    -0.884727043
  64    H        1.665125002     1.988419514     0.873137261
  65    H        3.964552938     0.882252524     0.905095677
  66    H        3.982185310     0.858409607    -0.852929638
  67    H        3.758310678     3.399364091    -0.896773009
  68    H        3.722819130     3.431297976     0.861115369
  69    H        6.019769387     2.325381485     0.934981427
  70    H        6.056521469     2.275166609    -0.824169196
  71    H        5.835626863     4.816958570    -0.910024643
  72    H        5.774671854     4.877588545     0.849014926
  73    H        8.085930384     3.781517485     0.993693805
  74    H        8.149027604     3.671507557    -0.787889912
  75    H        9.710948717    10.882315257     0.910517020
  76    H       10.560702712    10.467390547    -1.337298432
  77    H       12.336884273     9.051061491    -2.343462151
  78    H       13.280645782     8.656342137    -4.591647909
  79    H        8.578816699     7.240813905    -3.501032085
  80    H        7.538356059     6.080373475    -5.723810745
  81    H        7.189489756     5.190660120    -8.027002597
  82    H        8.930191596     5.330079767    -9.734822824
  83    H       14.208204771     7.940185715    -5.796966497
  84    H       16.267567920     7.668641376    -7.106515662
  85    H       16.165984193     6.784081601    -9.429310094
  86    H       14.009542476     6.206385460   -10.441353573
  87    H       10.162805493     7.637603854   -10.733791110
  88    H       10.944973095     8.598617060    -9.499052947
  89    H       11.815602195     9.039610608   -11.855172469
  90    H       13.094197313     8.628052529   -10.723237643
  91    H       12.528247167     7.432009103   -11.893592824
  92    H       12.676563670     5.147005274   -10.733916783
  93    H       11.524682642     4.344755835    -9.686763656
  94    H       10.889936668     5.920548722   -12.282966410
  95    H       10.779339297     4.187767520   -12.018022843
  96    H        9.633014103     5.266416909   -11.233834253
  97    H        6.508546153     8.006004345     2.493570480
  98    H        8.604861777    10.894440601     6.718601877
  99    H        5.642943614    12.342772401    11.589157937


           Empirical Formula: C47 H43 N5 O2 S2  =    99 atoms



      MOLECULAR POINT GROUP   :   C1  


                  EIGENVALUES  
 -42.38220 -40.20874 -39.15165 -37.77716 -37.25098 -37.03644 -36.50155 -36.44307
 -36.26759 -35.51747 -35.34839 -34.64275 -34.39733 -34.13862 -33.68122 -32.49260
 -32.23963 -31.63990 -31.04966 -30.70080 -30.12061 -29.95463 -29.43616 -29.20188
 -28.14775 -27.73508 -27.49186 -27.08700 -25.80693 -25.53269 -25.10767 -24.18175
 -23.98601 -23.69169 -23.38588 -23.22851 -22.96191 -22.65825 -22.56132 -22.08306
 -21.97601 -21.57992 -21.34521 -21.04680 -20.98043 -20.77043 -20.44792 -19.64426
 -19.09266 -18.85436 -18.60101 -18.44728 -18.22633 -17.83381 -17.78987 -17.72436
 -17.61711 -17.34259 -17.08704 -16.66447 -16.55763 -16.35364 -16.23233 -16.15991
 -16.07293 -15.87043 -15.75894 -15.72207 -15.60805 -15.56405 -15.35587 -15.29848
 -15.20951 -14.98643 -14.83849 -14.79493 -14.76623 -14.73975 -14.58884 -14.55715
 -14.44912 -14.43938 -14.36670 -14.19464 -14.13853 -14.10647 -13.89190 -13.83437
 -13.76644 -13.61714 -13.57518 -13.51196 -13.39757 -13.34652 -13.30420 -13.24833
 -13.20535 -13.15807 -13.13956 -13.03346 -12.97091 -12.81216 -12.73362 -12.69896
 -12.58696 -12.44440 -12.42507 -12.39114 -12.30579 -12.26684 -12.16167 -12.07881
 -12.04599 -12.01090 -11.97854 -11.88858 -11.81392 -11.72817 -11.69156 -11.65262
 -11.61162 -11.58948 -11.47721 -11.40909 -11.40387 -11.24064 -11.17439 -11.00514
 -10.84690 -10.45600 -10.37189  -9.83611  -9.70583  -9.59037  -9.53472  -9.36746
  -8.78477  -8.66694  -8.49069  -7.85619  -1.36021  -0.73985  -0.16927  -0.10025
   0.27801   0.38350   0.47703   0.57131   0.67990   0.74875   0.85756   1.06373
   1.11300   1.17821   1.23999   1.26974   1.37944   1.59686   1.61530   1.71659
   1.81231   2.25734   2.47373   2.63326   2.73370   2.82291   3.01721   3.01798
   3.18403   3.34696   3.45657   3.59993   3.65549   3.67322   3.67888   3.72013
   3.72853   3.75808   3.83259   3.89000   3.90651   3.93313   3.98050   3.99898
   4.01671   4.04294   4.09000   4.10179   4.12667   4.15952   4.16412   4.18960
   4.22454   4.24509   4.27987   4.29943   4.32717   4.34333   4.36641   4.39927
   4.43781   4.43887   4.45492   4.53661   4.55121   4.57491   4.59943   4.61183
   4.63074   4.67509   4.68629   4.69277   4.69962   4.74210   4.77283   4.79938
   4.82830   4.84521   4.87684   4.88299   4.91171   4.93287   4.94422   4.96269
   5.00269   5.02293   5.02907   5.06494   5.07517   5.09616   5.10704   5.11817
   5.14642   5.15591   5.15938   5.18636   5.20285   5.23150   5.26275   5.27755
   5.30653   5.33500   5.35700   5.38598   5.42445   5.45500   5.48849   5.52165
   5.54780   5.56707   5.61820   5.66088   5.70108   5.74051   5.83103   5.86578
   5.90484   5.93428   6.00635   6.05916   6.10314   6.19750   6.26176   6.44042
   6.57602   6.68961   6.69840


              NET ATOMIC CHARGES AND DIPOLE CONTRIBUTIONS

  ATOM NO.   TYPE          CHARGE      No. of ELECS.   s-Pop       p-Pop  
   53          O          -0.378170        6.3782     1.91039     4.46779
   52          C           0.402905        3.5971     1.18036     2.41673
   54          O          -0.311209        6.3112     1.83994     4.47126
   99          H           0.244868        0.7551     0.75513
   55          C           0.053319        3.9467     1.19484     2.75184
   56          N          -0.150415        5.1504     1.84828     3.30213
    1          C          -0.177545        4.1775     1.15572     3.02183
    2          C          -0.112253        4.1123     1.16677     2.94549
    3          C          -0.122823        4.1228     1.17072     2.95210
    4          C          -0.123995        4.1240     1.17076     2.95324
    5          C          -0.122319        4.1223     1.17058     2.95174
    6          C          -0.122057        4.1221     1.17032     2.95174
    7          C          -0.157269        4.1573     1.17768     2.97959
    8          C           0.078596        3.9214     1.16962     2.75178
    9          N          -0.041281        5.0413     1.53003     3.51125
   10          N          -0.154816        5.1548     1.81272     3.34209
   11          C          -0.047475        4.0475     1.17677     2.87070
   12          C          -0.036298        4.0363     1.17565     2.86065
   13          N          -0.167155        5.1672     1.81238     3.35478
   14          C           0.051888        3.9481     1.13571     2.81240
   15          C          -0.095443        4.0954     1.17964     2.91580
   16          C          -0.119185        4.1192     1.17899     2.94019
   17          C           0.055266        3.9447     1.14791     2.79683
   18          C          -0.088548        4.0885     1.15737     2.93118
   19          C          -0.042546        4.0425     1.17566     2.86688
   20          C          -0.174805        4.1748     1.17241     3.00239
   21          C           0.140389        3.8596     1.15139     2.70822
   22          C          -0.094460        4.0945     1.16131     2.93315
   23          C          -0.003674        4.0037     1.16994     2.83373
   24          C          -0.073828        4.0738     1.15651     2.91732
   25          C          -0.043835        4.0438     1.16972     2.87412
   26          C          -0.147851        4.1479     1.17897     2.96889
   27          C          -0.068790        4.0688     1.17780     2.89099
   28          C          -0.102732        4.1027     1.17270     2.93003
   29          C           0.088188        3.9118     1.15241     2.75940
   30          N          -0.240963        5.2410     1.49051     3.75045
   31          C           0.174443        3.8256     1.14269     2.68286
   32          C          -0.191313        4.1913     1.17857     3.01274
   33          C          -0.050827        4.0508     1.17515     2.87567
   34          C          -0.153535        4.1535     1.17784     2.97569
   35          C          -0.061512        4.0615     1.17832     2.88319
   36          C          -0.120835        4.1208     1.18260     2.93823
   37          C           0.103309        3.8967     1.16266     2.73403
   38          C          -0.120308        4.1203     1.17251     2.94780
   39          C          -0.178736        4.1787     1.15559     3.02315
   40          C          -0.124697        4.1247     1.17260     2.95210
   41          C          -0.180929        4.1809     1.15696     3.02397
   42          C          -0.289603        4.2896     1.21678     3.07282
   43          C          -0.016465        4.0165     1.16937     2.84710
   44          C          -0.307779        4.3078     1.22225     3.08553
   45          C          -0.372420        4.3724     1.22041     3.15201
   46          S           0.517988        5.4820     1.88163     3.60038
   47          C           0.063784        3.9362     1.16981     2.76641
   48          C          -0.425099        4.4251     1.21873     3.20637
   49          S           0.528782        5.4712     1.88069     3.59053
   50          C           0.140303        3.8597     1.17194     2.68776
   51          C          -0.148229        4.1482     1.14201     3.00621
   57          H           0.132829        0.8672     0.86717
   58          H           0.058112        0.9419     0.94189
   59          H           0.056753        0.9432     0.94325
   60          H           0.058158        0.9418     0.94184
   61          H           0.060096        0.9399     0.93990
   62          H           0.060032        0.9400     0.93997
   63          H           0.063009        0.9370     0.93699
   64          H           0.063027        0.9370     0.93697
   65          H           0.062861        0.9371     0.93714
   66          H           0.062954        0.9370     0.93705
   67          H           0.065429        0.9346     0.93457
   68          H           0.065517        0.9345     0.93448
   69          H           0.065877        0.9341     0.93412
   70          H           0.066084        0.9339     0.93392
   71          H           0.085851        0.9141     0.91415
   72          H           0.092040        0.9080     0.90796
   73          H           0.094681        0.9053     0.90532
   74          H           0.102366        0.8976     0.89763
   75          H           0.116738        0.8833     0.88326
   76          H           0.119940        0.8801     0.88006
   77          H           0.108105        0.8919     0.89189
   78          H           0.125385        0.8746     0.87462
   79          H           0.124121        0.8759     0.87588
   80          H           0.110374        0.8896     0.88963
   81          H           0.106735        0.8933     0.89327
   82          H           0.114753        0.8852     0.88525
   83          H           0.127030        0.8730     0.87297
   84          H           0.104754        0.8952     0.89525
   85          H           0.110951        0.8890     0.88905
   86          H           0.113337        0.8867     0.88666
   87          H           0.068276        0.9317     0.93172
   88          H           0.072430        0.9276     0.92757
   89          H           0.055169        0.9448     0.94483
   90          H           0.065551        0.9344     0.93445
   91          H           0.058349        0.9417     0.94165
   92          H           0.067985        0.9320     0.93201
   93          H           0.072031        0.9280     0.92797
   94          H           0.063709        0.9363     0.93629
   95          H           0.056308        0.9437     0.94369
   96          H           0.062363        0.9376     0.93764
   97          H           0.143703        0.8563     0.85630
   98          H           0.136228        0.8638     0.86377
 DIPOLE           X         Y         Z       TOTAL
 POINT-CHG.    -0.217    -4.591    -4.398     6.362
 HYBRID         0.093     0.303     0.743     0.807
 SUM           -0.124    -4.288    -3.656     5.636


          ATOMIC ORBITAL ELECTRON POPULATIONS

     Atom    s        px        py        pz   
    1  C   1.15572   0.96374   1.02874   1.02935
    2  C   1.16677   0.95372   0.96541   1.02636
    3  C   1.17072   0.94992   0.97190   1.03028
    4  C   1.17076   0.96049   0.96293   1.02982
    5  C   1.17058   0.94284   0.97601   1.03289
    6  C   1.17032   0.96908   0.95036   1.03230
    7  C   1.17768   0.92592   0.99253   1.06114
    8  C   1.16962   0.94892   0.75401   1.04885
    9  N   1.53003   1.31677   1.13368   1.06080
   10  N   1.81272   1.16808   1.10304   1.07098
   11  C   1.17677   1.02176   0.90788   0.94106
   12  C   1.17565   0.99874   0.92844   0.93347
   13  N   1.81238   1.24557   1.00833   1.10087
   14  C   1.13571   0.99465   0.90715   0.91060
   15  C   1.17964   0.97991   0.98580   0.95009
   16  C   1.17899   1.01367   0.97294   0.95359
   17  C   1.14791   0.95805   0.91133   0.92745
   18  C   1.15737   0.95332   1.04458   0.93328
   19  C   1.17566   0.94249   0.96901   0.95538
   20  C   1.17241   1.00494   1.05115   0.94630
   21  C   1.15139   0.93819   0.96715   0.80288
   22  C   1.16131   0.93915   1.04741   0.94659
   23  C   1.16994   0.98608   0.93699   0.91066
   24  C   1.15651   0.95012   1.03933   0.92787
   25  C   1.16972   0.95262   0.96143   0.96006
   26  C   1.17897   0.99254   1.03125   0.94510
   27  C   1.17780   0.92335   0.97788   0.98975
   28  C   1.17270   0.96740   1.03070   0.93194
   29  C   1.15241   0.86046   0.95741   0.94153
   30  N   1.49051   1.08726   1.54007   1.12312
   31  C   1.14269   0.82818   0.96209   0.89259
   32  C   1.17857   0.92553   1.07321   1.01400
   33  C   1.17515   0.96854   0.96273   0.94440
   34  C   1.17784   0.97753   1.03074   0.96742
   35  C   1.17832   0.92167   0.97149   0.99003
   36  C   1.18260   0.95921   1.04810   0.93092
   37  C   1.16266   0.87789   0.93992   0.91623
   38  C   1.17251   0.98779   0.97075   0.98925
   39  C   1.15559   1.00431   1.02007   0.99877
   40  C   1.17260   1.00638   0.97673   0.96899
   41  C   1.15696   1.00569   1.03079   0.98749
   42  C   1.21678   1.01120   1.07101   0.99061
   43  C   1.16937   0.95912   0.98303   0.90494
   44  C   1.22225   1.01561   1.05425   1.01567
   45  C   1.22041   1.03970   1.09303   1.01928
   46  S   1.88163   1.15694   1.48496   0.95848
   47  C   1.16981   0.93522   0.92812   0.90307
   48  C   1.21873   1.05377   1.13746   1.01514
   49  S   1.88069   1.16922   1.45899   0.96231
   50  C   1.17194   0.86191   0.93671   0.88913
   51  C   1.14201   1.10771   0.94194   0.95657
   52  C   1.18036   0.76211   0.80092   0.85371
   53  O   1.91039   1.37151   1.44945   1.64682
   54  O   1.83994   1.74412   1.39062   1.33652
   55  C   1.19484   0.91885   0.91400   0.91898
   56  N   1.84828   1.10729   1.09784   1.09700
   57  H   0.86717
   58  H   0.94189
   59  H   0.94325
   60  H   0.94184
   61  H   0.93990
   62  H   0.93997
   63  H   0.93699
   64  H   0.93697
   65  H   0.93714
   66  H   0.93705
   67  H   0.93457
   68  H   0.93448
   69  H   0.93412
   70  H   0.93392
   71  H   0.91415
   72  H   0.90796
   73  H   0.90532
   74  H   0.89763
   75  H   0.88326
   76  H   0.88006
   77  H   0.89189
   78  H   0.87462
   79  H   0.87588
   80  H   0.88963
   81  H   0.89327
   82  H   0.88525
   83  H   0.87297
   84  H   0.89525
   85  H   0.88905
   86  H   0.88666
   87  H   0.93172
   88  H   0.92757
   89  H   0.94483
   90  H   0.93445
   91  H   0.94165
   92  H   0.93201
   93  H   0.92797
   94  H   0.93629
   95  H   0.94369
   96  H   0.93764
   97  H   0.85630
   98  H   0.86377
   99  H   0.75513
 ******************** TDHF POLARIZABILITIES ********************



          MOLECULAR WEIGHT =  774.01



          ROTATIONAL CONSTANTS IN CM(-1)

          A =    0.00173055   B =    0.00047494   C =    0.00038355



           PRINCIPAL MOMENTS OF INERTIA IN UNITS OF 10**(-40)*GRAM-CM**2

          A =    16175.6896   B =    58939.6706   C =    72983.8577


 ROTATION MATRIX FOR ORIENTATION OF MOLECULE:

         0.328523    0.661522    0.674137
        -0.181170    0.744636   -0.642414
        -0.926957    0.088915    0.364478


          CARTESIAN COORDINATES 

    NO.       ATOM         X         Y         Z

     1         C       -2.4592  -11.1231   -0.7018
     2         C       -1.9605  -10.1175    0.3232
     3         C       -2.0411   -8.6967   -0.2296
     4         C       -1.5532   -7.6847    0.8045
     5         C       -1.6216   -6.2656    0.2444
     6         C       -1.1491   -5.2527    1.2851
     7         C       -1.2057   -3.8370    0.7144
     8         C       -0.7477   -2.8409    1.7849
     9         N       -0.7689   -1.4545    1.2331
    10         N        0.3722   -0.7739    0.9643
    11         C       -0.0852    0.4228    0.4611
    12         C       -1.5299    0.3885    0.4498
    13         N       -1.9385   -0.8278    0.9472
    14         C       -2.2697    1.5106   -0.0090
    15         C       -1.5619    2.5995   -0.4377
    16         C       -0.1370    2.6320   -0.4241
    17         C        0.6106    1.5774    0.0172
    18         C        2.0654    1.6040    0.0496
    19         C        2.7168    2.7303    0.5640
    20         C        4.1008    2.8074    0.6167
    21         C        4.8317    1.7225    0.1462
    22         C        4.1679    0.5768   -0.3877
    23         C        2.7878    0.5151   -0.4320
    24         C        5.1812   -0.3565   -0.8185
    25         C        5.1666   -1.6174   -1.3899
    26         C        6.3886   -2.2180   -1.6663
    27         C        7.6073   -1.5848   -1.3944
    28         C        7.6549   -0.3208   -0.8231
    29         C        6.4239    0.2564   -0.5485
    30         N        6.2288    1.5316    0.0212
    31         C        7.3278    2.1533    0.6447
    32         C        7.1398    3.2583    1.4794
    33         C        8.2306    3.8481    2.0994
    34         C        9.5016    3.3310    1.9036
    35         C        9.6798    2.2339    1.0707
    36         C        8.6161    1.6254    0.4108
    37         C        8.8953    0.4898   -0.5589
    38         C        9.2675    1.1269   -1.9134
    39         C       10.4515    2.0742   -1.8540
    40         C        9.9899   -0.4336    0.0137
    41         C       10.7896   -1.2288   -1.0053
    42         C       -3.7084    1.4571   -0.0074
    43         C       -4.4636    0.3492   -0.2815
    44         C       -5.8477    0.6572   -0.1787
    45         C       -6.0783    1.9889    0.1693
    46         S       -4.6482    2.8541    0.3761
    47         C       -7.4596    2.2985    0.2615
    48         C       -8.2188    1.1911   -0.0210
    49         S       -7.2738   -0.2101   -0.3795
    50         C       -9.6476    1.0975   -0.0127
    51         C      -10.4662    2.1062   -0.3735
    52         C      -11.9211    1.9168   -0.3017
    53         O      -12.5067    0.9008    0.0459
    54         O      -12.6333    3.0028   -0.6632
    55         C       -9.9948    3.3518   -0.8565
    56         N       -9.6271    4.3693   -1.2653
    57         H      -10.0703    0.1309    0.3050
    58         H       -1.8712  -11.0987   -1.6306
    59         H       -2.4064  -12.1540   -0.3227
    60         H       -3.5068  -10.9454   -0.9850
    61         H       -2.5483  -10.2046    1.2614
    62         H       -0.9187  -10.3605    0.6217
    63         H       -1.4460   -8.6143   -1.1636
    64         H       -3.0820   -8.4633   -0.5383
    65         H       -2.1558   -7.7630    1.7341
    66         H       -0.5161   -7.9254    1.1205
    67         H       -1.0093   -6.1853   -0.6787
    68         H       -2.6563   -6.0287   -0.0824
    69         H       -1.7698   -5.3262    2.2034
    70         H       -0.1179   -5.4957    1.6193
    71         H       -0.5714   -3.7567   -0.1938
    72         H       -2.2330   -3.5955    0.3673
    73         H       -1.4092   -2.8698    2.6822
    74         H        0.2829   -3.0684    2.1461
    75         H       -2.0847    3.4853   -0.8143
    76         H        0.3533    3.5386   -0.7941
    77         H        2.1260    3.5694    0.9464
    78         H        4.5916    3.6999    1.0168
    79         H        2.2924   -0.3675   -0.8460
    80         H        4.2212   -2.1175   -1.6121
    81         H        6.4028   -3.2156   -2.1152
    82         H        8.5325   -2.1121   -1.6538
    83         H        6.1433    3.6731    1.6628
    84         H        8.0830    4.7168    2.7483
    85         H       10.3630    3.7844    2.4014
    86         H       10.6973    1.8377    0.9500
    87         H        9.4454    0.3327   -2.6693
    88         H        8.3837    1.6755   -2.3093
    89         H       10.7738    2.3703   -2.8645
    90         H       10.2192    3.0103   -1.3256
    91         H       11.3348    1.6413   -1.3653
    92         H       10.7225    0.1410    0.6253
    93         H        9.5188   -1.1253    0.7458
    94         H       11.4313   -0.6026   -1.6407
    95         H       11.4633   -1.9425   -0.5055
    96         H       10.1644   -1.8279   -1.6854
    97         H       -4.0831   -0.6342   -0.5483
    98         H       -7.8341    3.2790    0.5492
    99         H      -13.5844    2.8312   -0.6027


 ENERGY OF "REORIENTED" SYSTEM WITHOUT FIELD:      119.2880445053


  NFREQ=  3  IWFLB=  0  IBET=  1  IGAM=  1
  ATOL= 0.10000D-02  BTOL= 0.10000D-02    MAXITU=  500    MAXITA=  150


 *****************************************************************
 CALCULATION OF STATIC FIELD QUANTITIES
 *****************************************************************

 +++++ ALPHA AT       0.00000 EV.

                           COMPONENTS OF ALPHA

                     *X           *Y           *Z
           *=X:     932.2057      -7.7470      29.4370
           *=Y:      -7.7656     541.0827      50.2210
           *=Z:      29.4948      50.2215     241.2956

  ISOTROPIC AVERAGE ALPHA =     571.52799 A.U. =     84.69171 ANG.**3

 +++++ BETA (SECOND HARMONIC GENERATION) AT       0.00000 EV.

                              COMPONENTS OF BETA
            *XX         *XY         *YY         *XZ         *YZ         *ZZ
   *=X 11430.79846  -912.86383  -703.47784  -379.03094  -287.40518  -266.54402
   *=Y  -913.54646  -703.40936   -59.64404  -287.46041   -29.08708    12.37293
   *=Z  -377.67297  -287.47383   -29.20648  -266.64201    12.33165   -53.19330


 AVERAGE BETAX(SHG) VALUE AT   0.00000 EV =       6276.4542 a.u. =  0.542249E-28 ESU
 AVERAGE BETAY(SHG) VALUE AT   0.00000 EV =       -576.2340 a.u. = -0.497833E-29 ESU
 AVERAGE BETAZ(SHG) VALUE AT   0.00000 EV =       -276.5391 a.u. = -0.238914E-29 ESU



 AVERAGE BETA (SHG) VALUE AT   0.00000 EV =       6308.9140 a.u. =  0.545053E-28 ESU
   (1 a.u. = 8.639418X10-33 esu)



 +++++ ALPHA AT       0.00000 EV.

                           COMPONENTS OF ALPHA

                     *X           *Y           *Z
           *=X:     932.2057      -7.7470      29.4370
           *=Y:      -7.7656     541.0827      50.2210
           *=Z:      29.4948      50.2215     241.2956

  ISOTROPIC AVERAGE ALPHA =     571.52799 A.U. =     84.69171 ANG.**3


 GAMMA (THIRD HARMONIC GENERATION) AT    0.00000 EV.


 GAMMA(X,X,X,X) =       4763757.06774
 GAMMA(Y,Y,Y,Y) =         88754.38237
 GAMMA(Z,Z,Z,Z) =         13694.41227
 GAMMA(X,X,Y,Y) =         10349.54139
 GAMMA(X,X,Z,Z) =         22321.47093
 GAMMA(Y,Y,X,X) =         10348.68994
 GAMMA(Y,Y,Z,Z) =         17530.45840
 GAMMA(Z,Z,X,X) =         22320.41695
 GAMMA(Z,Z,Y,Y) =         17530.63953


 AVERAGE GAMMA VALUE AT    0.00000 =        993321.41590 a.u. =       500306.45381 ESU (X10-39)




 **********************************************************************
 CALCULATION FOR A FREQUENCY OF    0.25000 EV  =       0.00919 A.U. 
                  WAVELENGTH OF    4959.37 NM  =    2016.38525 CM(-1)
 **********************************************************************

 +++++ ALPHA AT       0.25000 EV.

                           COMPONENTS OF ALPHA

                     *X           *Y           *Z
           *=X:     936.7476      -7.8264      29.7104
           *=Y:      -7.8427     542.0093      50.3723
           *=Z:      29.7606      50.3728     241.6226

  ISOTROPIC AVERAGE ALPHA =     573.45982 A.U. =     84.97798 ANG.**3

 +++++ BETA (SECOND HARMONIC GENERATION) AT       0.25000 EV.

                              COMPONENTS OF BETA
            *XX         *XY         *YY         *XZ         *YZ         *ZZ
   *=X 12035.15030  -948.24475  -733.04260  -390.03175  -300.46567  -276.38511
   *=Y  -956.71100  -718.70042   -63.60358  -298.22672   -30.14860    12.06563
   *=Z  -362.03481  -297.88707   -30.90956  -273.15787    12.00020   -54.56532


 AVERAGE BETAX(SHG) VALUE AT   0.25000 EV =       6622.4613 a.u. =  0.572142E-28 ESU
 AVERAGE BETAY(SHG) VALUE AT   0.25000 EV =       -601.5890 a.u. = -0.519738E-29 ESU
 AVERAGE BETAZ(SHG) VALUE AT   0.25000 EV =       -279.4002 a.u. = -0.241386E-29 ESU



 AVERAGE BETA (SHG) VALUE AT   0.25000 EV =       6655.5967 a.u. =  0.575005E-28 ESU
   (1 a.u. = 8.639418X10-33 esu)



 +++++ ALPHA AT       0.75000 EV.

                           COMPONENTS OF ALPHA

                     *X           *Y           *Z
           *=X:     976.1123      -8.4965      32.0506
           *=Y:      -8.5147     549.6453      51.6336
           *=Z:      32.0896      51.6336     244.3061

  ISOTROPIC AVERAGE ALPHA =     590.02123 A.U. =     87.43212 ANG.**3


 GAMMA (THIRD HARMONIC GENERATION) AT    0.25000 EV.


 GAMMA(X,X,X,X) =       5362160.97747
 GAMMA(Y,Y,Y,Y) =         92314.19302
 GAMMA(Z,Z,Z,Z) =         14250.66273
 GAMMA(X,X,Y,Y) =          8724.37697
 GAMMA(X,X,Z,Z) =         24030.42209
 GAMMA(Y,Y,X,X) =         13626.97459
 GAMMA(Y,Y,Z,Z) =         18480.42807
 GAMMA(Z,Z,X,X) =         24261.00175
 GAMMA(Z,Z,Y,Y) =         18370.69001


 AVERAGE GAMMA VALUE AT    0.25000 =       1115243.94534 a.u. =       561715.20567 ESU (X10-39)




 **********************************************************************
 CALCULATION FOR A FREQUENCY OF    0.50000 EV  =       0.01837 A.U. 
                  WAVELENGTH OF    2479.68 NM  =    4032.77050 CM(-1)
 **********************************************************************

 +++++ ALPHA AT       0.50000 EV.

                           COMPONENTS OF ALPHA

                     *X           *Y           *Z
           *=X:     950.8544      -8.0678      30.5461
           *=Y:      -8.0827     544.8229      50.8342
           *=Z:      30.5901      50.8345     242.6134

  ISOTROPIC AVERAGE ALPHA =     579.43024 A.U. =     85.86270 ANG.**3

 +++++ BETA (SECOND HARMONIC GENERATION) AT       0.50000 EV.

                              COMPONENTS OF BETA
            *XX         *XY         *YY         *XZ         *YZ         *ZZ
   *=X 14214.77022 -1072.75238  -839.32029  -427.91503  -347.00605  -310.85593
   *=Y -1108.35005  -768.58651   -77.61123  -334.66103   -33.59540    10.95749
   *=Z  -295.51897  -333.19336   -37.29775  -294.46939    10.67373   -59.12346


 AVERAGE BETAX(SHG) VALUE AT   0.50000 EV =       7873.6045 a.u. =  0.680234E-28 ESU
 AVERAGE BETAY(SHG) VALUE AT   0.50000 EV =       -690.8767 a.u. = -0.596877E-29 ESU
 AVERAGE BETAZ(SHG) VALUE AT   0.50000 EV =       -286.6416 a.u. = -0.247642E-29 ESU



 AVERAGE BETA (SHG) VALUE AT   0.50000 EV =       7909.0532 a.u. =  0.683296E-28 ESU
   (1 a.u. = 8.639418X10-33 esu)



 +++++ ALPHA AT       1.50000 EV.

                           COMPONENTS OF ALPHA

                     *X           *Y           *Z
           *=X:    1171.8222     -11.9669      44.0961
           *=Y:     -12.0241     579.3848      56.7569
           *=Z:      44.1615      56.7574     254.5921

  ISOTROPIC AVERAGE ALPHA =     668.59969 A.U. =     99.07625 ANG.**3


 GAMMA (THIRD HARMONIC GENERATION) AT    0.50000 EV.


 GAMMA(X,X,X,X) =       8227091.26274
 GAMMA(Y,Y,Y,Y) =        105326.04377
 GAMMA(Z,Z,Z,Z) =         16305.19413
 GAMMA(X,X,Y,Y) =         -2932.03614
 GAMMA(X,X,Z,Z) =         31076.91403
 GAMMA(Y,Y,X,X) =         28730.96068
 GAMMA(Y,Y,Z,Z) =         22053.75401
 GAMMA(Z,Z,X,X) =         32815.66510
 GAMMA(Z,Z,Y,Y) =         21479.98669


 AVERAGE GAMMA VALUE AT    0.50000 =       1696389.54900 a.u. =       854420.96180 ESU (X10-39)



 **********************
 *                    *
 * JOB ENDED NORMALLY *
 *                    *
 **********************



 TOTAL JOB TIME:           296.76 SECONDS

 == MOPAC DONE ==
