 *******************************************************************************
 ** Site#: 4824         For non-commercial use only    Version 21.013L 64BITS **
 *******************************************************************************
 ** Cite this program as: MOPAC2016, Version: 21.013L, James J. P. Stewart,   **
 ** Stewart Computational Chemistry, web: HTTP://OpenMOPAC.net. Days left:  87**
 *******************************************************************************
 **                                                                           **
 **                                MOPAC2016                                  **
 **                                                                           **
 *******************************************************************************

                              RM1 CALCULATION RESULTS

 *******************************************************************************
 *  CALCULATION DONE:                                Mon Oct 18 13:03:58 2021  *
 *  RM1        - The RM1 Hamiltonian to be used
 *  POLAR      - CALCULATE FIRST, SECOND AND THIRD-ORDER POLARIZABILITIES
 *  PRECISE    - TIGHTER CRITERIA TO BE USED
 *  XYZ        - CARTESIAN COORDINATE SYSTEM TO BE USED
 *  T=         - A TIME OF 172800.0 SECONDS REQUESTED
 *  DUMP=N     - RESTART FILE WRITTEN EVERY 7200.0 SECONDS REQUESTED
 *  GNORM      - EXIT WHEN GRADIENT NORM DROPS BELOW 0.100
 *******************************************************************************
RM1 PRECISE POLAR XYZ GNORM=0.1


   ATOM   CHEMICAL          X               Y               Z
  NUMBER   SYMBOL      (ANGSTROMS)     (ANGSTROMS)     (ANGSTROMS)
 
     1       C          0.00000000  *   0.00000000  *   0.00000000  *
     2       C          1.52088083  *   0.00000000  *   0.00000000  *
     3       C          2.05901371  *   1.42757343  *   0.00000000  *
     4       C          3.56581703  *   1.47913170  *   0.23247733  *
     5       C          4.34737616  *   0.79230940  *  -0.88774205  *
     6       C          5.79475974  *   1.07709299  *  -0.74052047  *
     7       C          6.72698636  *   0.24974636  *  -0.16729529  *
     8       S          8.31707202  *   0.89639147  *  -0.17377576  *
     9       C          7.78743056  *   2.28495096  *  -0.95056421  *
    10       C          6.41623192  *   2.26910748  *  -1.20040921  *
    11       S          5.86858556  *   3.66595855  *  -1.99711872  *
    12       C          7.46144533  *   4.32034255  *  -2.01752048  *
    13       C          8.40159108  *   3.47773463  *  -1.42327273  *
    14       C          9.77147576  *   3.85457311  *  -1.35027381  *
    15       N         10.68050814  *   2.99949739  *  -0.75734464  *
    16       C         11.93952090  *   3.41750220  *  -0.72497232  *
    17       C         12.34588921  *   4.68247086  *  -1.26890022  *
    18       N         11.48964525  *   5.51881957  *  -1.84224290  *
    19       C         10.17303714  *   5.10120058  *  -1.88853945  *
    20       C          9.19704412  *   5.94114213  *  -2.48979491  *
    21       C          7.85905294  *   5.55251246  *  -2.55110203  *
    22       S          6.85597681  *   6.72159277  *  -3.31951380  *
    23       C          8.18583267  *   7.74676493  *  -3.57236903  *
    24       C          9.38262812  *   7.21935631  *  -3.08763534  *
    25       S         10.69182874  *   8.22663297  *  -3.35096955  *
    26       C          9.68986800  *   9.37927324  *  -4.12697638  *
    27       C          8.36603234  *   9.01689285  *  -4.18134168  *
    28       C          7.25899247  *   9.82869061  *  -4.73925601  *
    29       C          6.54777957  *  10.57563286  *  -3.60892026  *
    30       C          5.39287863  *  11.40712385  *  -4.16081095  *
    31       C          4.68056819  *  12.15386783  *  -3.03576525  *
    32       C          3.52962993  *  12.98131514  *  -3.58431423  *
    33       C         10.25000349  *  10.61061171  *  -4.62266130  *
    34       C         10.32526660  *  10.89512204  *  -5.93531802  *
    35       C         10.90031726  *  12.17419205  *  -6.37444311  *
    36       O         11.36713188  *  13.04526740  *  -5.65462836  *
    37       O         10.88309765  *  12.35243492  *  -7.71016180  *
    38       C          9.88229824  *   9.98984409  *  -6.93362179  *
    39       N          9.52240063  *   9.25454814  *  -7.74976677  *
    40       C          6.46640054  *  -1.04622047  *   0.41707851  *
    41       C          5.48257738  *  -1.15805566  *   1.41157743  *
    42       C          5.19437082  *  -2.37121121  *   2.01323679  *
    43       C          5.91610986  *  -3.48523893  *   1.58913981  *
    44       C          6.91199923  *  -3.37998322  *   0.57974025  *
    45       C          7.18952076  *  -2.15769180  *  -0.00647238  *
    46       C          7.45780276  *  -4.69902021  *   0.38827541  *
    47       C          8.44737478  *  -5.19040105  *  -0.44771423  *
    48       C          8.75062698  *  -6.54176302  *  -0.38625950  *
    49       C          8.07910894  *  -7.39151730  *   0.49883037  *
    50       C          7.08726307  *  -6.92586184  *   1.34734048  *
    51       C          6.77886660  *  -5.56862192  *   1.28574787  *
    52       N          5.86389676  *  -4.81455939  *   2.04912487  *
    53       C          4.82387046  *  -5.34041929  *   2.92597947  *
    54       C          3.44086097  *  -5.40999357  *   2.24450808  *
    55       C          2.35880278  *  -5.60548107  *   3.31443244  *
    56       C          2.55692709  *  -6.86072193  *   4.15868480  *
    57       C          1.31332830  *  -7.14123963  *   5.00179111  *
    58       C          1.52933859  *  -8.35251468  *   5.89430311  *
    59       C          3.38053296  *  -6.51586588  *   1.18331644  *
    60       C          3.61231582  *  -5.97281164  *  -0.21910930  *
    61       H         10.62800431  *  11.31501979  *  -3.86562159  *
    62       H         -0.41915114  *   0.47014869  *   0.90132960  *
    63       H         -0.41576733  *   0.54123926  *  -0.86211384  *
    64       H         -0.40914811  *  -1.01990608  *  -0.04066015  *
    65       H          1.90348613  *  -0.56335093  *   0.87709675  *
    66       H          1.89413900  *  -0.56207339  *  -0.88168491  *
    67       H          1.79505886  *   1.93736013  *  -0.95084929  *
    68       H          1.54850459  *   2.02734649  *   0.78455905  *
    69       H          3.89037532  *   2.53728549  *   0.33099970  *
    70       H          3.83139566  *   1.01550330  *   1.21104231  *
    71       H          4.17207521  *  -0.30490363  *  -0.88321866  *
    72       H          3.99169509  *   1.12874686  *  -1.88525729  *
    73       H         12.66834159  *   2.74341109  *  -0.25643815  *
    74       H         13.39458512  *   5.00444051  *  -1.22798751  *
    75       H          7.63331157  *  10.54225068  *  -5.50406260  *
    76       H          6.55018764  *   9.17749552  *  -5.29531320  *
    77       H          6.18188693  *   9.85837495  *  -2.84437554  *
    78       H          7.26981166  *  11.22165395  *  -3.06628203  *
    79       H          5.76133223  *  12.12410228  *  -4.92474892  *
    80       H          4.67510543  *  10.75914255  *  -4.70701388  *
    81       H          4.30816713  *  11.44098513  *  -2.26984081  *
    82       H          5.39390036  *  12.80597358  *  -2.48856835  *
    83       H          3.86606666  *  13.73228828  *  -4.31365618  *
    84       H          2.77538704  *  12.36248251  *  -4.09149938  *
    85       H          3.00418466  *  13.52888918  *  -2.78848994  *
    86       H         11.27543472  *  13.20378589  *  -7.95307127  *
    87       H          4.92845356  *  -0.25949435  *   1.71821631  *
    88       H          4.43330877  *  -2.44409524  *   2.79240935  *
    89       H          7.95360735  *  -2.08142009  *  -0.78442557  *
    90       H          8.97026284  *  -4.52054127  *  -1.13488412  *
    91       H          9.52679431  *  -6.95308771  *  -1.03726633  *
    92       H          8.34526739  *  -8.45315276  *   0.52104085  *
    93       H          6.57675551  *  -7.60475506  *   2.03237625  *
    94       H          5.14526127  *  -6.33649458  *   3.30613692  *
    95       H          4.77673797  *  -4.68527232  *   3.82919840  *
    96       H          3.23861327  *  -4.42114718  *   1.75233159  *
    97       H          2.31338086  *  -4.71265237  *   3.97580296  *
    98       H          1.36126681  *  -5.62152735  *   2.82354466  *
    99       H          2.79046001  *  -7.74056221  *   3.52426863  *
   100       H          3.43902652  *  -6.75087208  *   4.82447656  *
   101       H          1.05235194  *  -6.25389189  *   5.61654600  *
   102       H          0.42793612  *  -7.30183759  *   4.35067640  *
   103       H          2.36202083  *  -8.21039131  *   6.59823241  *
   104       H          0.64007955  *  -8.57661928  *   6.50122087  *
   105       H          1.75350457  *  -9.26112183  *   5.31704467  *
   106       H          4.11203677  *  -7.32319161  *   1.39979540  *
   107       H          2.39717668  *  -7.03405706  *   1.20563118  *
   108       H          4.57700450  *  -5.45497260  *  -0.31948799  *
   109       H          3.60912083  *  -6.77655405  *  -0.97018633  *
   110       H          2.83464204  *  -5.25765674  *  -0.52463915  *
 


          CARTESIAN COORDINATES 

    NO.       ATOM           X           Y           Z

     1         C          0.0000      0.0000      0.0000
     2         C          1.5209      0.0000      0.0000
     3         C          2.0590      1.4276      0.0000
     4         C          3.5658      1.4791      0.2325
     5         C          4.3474      0.7923     -0.8877
     6         C          5.7948      1.0771     -0.7405
     7         C          6.7270      0.2497     -0.1673
     8         S          8.3171      0.8964     -0.1738
     9         C          7.7874      2.2850     -0.9506
    10         C          6.4162      2.2691     -1.2004
    11         S          5.8686      3.6660     -1.9971
    12         C          7.4614      4.3203     -2.0175
    13         C          8.4016      3.4777     -1.4233
    14         C          9.7715      3.8546     -1.3503
    15         N         10.6805      2.9995     -0.7573
    16         C         11.9395      3.4175     -0.7250
    17         C         12.3459      4.6825     -1.2689
    18         N         11.4896      5.5188     -1.8422
    19         C         10.1730      5.1012     -1.8885
    20         C          9.1970      5.9411     -2.4898
    21         C          7.8591      5.5525     -2.5511
    22         S          6.8560      6.7216     -3.3195
    23         C          8.1858      7.7468     -3.5724
    24         C          9.3826      7.2194     -3.0876
    25         S         10.6918      8.2266     -3.3510
    26         C          9.6899      9.3793     -4.1270
    27         C          8.3660      9.0169     -4.1813
    28         C          7.2590      9.8287     -4.7393
    29         C          6.5478     10.5756     -3.6089
    30         C          5.3929     11.4071     -4.1608
    31         C          4.6806     12.1539     -3.0358
    32         C          3.5296     12.9813     -3.5843
    33         C         10.2500     10.6106     -4.6227
    34         C         10.3253     10.8951     -5.9353
    35         C         10.9003     12.1742     -6.3744
    36         O         11.3671     13.0453     -5.6546
    37         O         10.8831     12.3524     -7.7102
    38         C          9.8823      9.9898     -6.9336
    39         N          9.5224      9.2545     -7.7498
    40         C          6.4664     -1.0462      0.4171
    41         C          5.4826     -1.1581      1.4116
    42         C          5.1944     -2.3712      2.0132
    43         C          5.9161     -3.4852      1.5891
    44         C          6.9120     -3.3800      0.5797
    45         C          7.1895     -2.1577     -0.0065
    46         C          7.4578     -4.6990      0.3883
    47         C          8.4474     -5.1904     -0.4477
    48         C          8.7506     -6.5418     -0.3863
    49         C          8.0791     -7.3915      0.4988
    50         C          7.0873     -6.9259      1.3473
    51         C          6.7789     -5.5686      1.2857
    52         N          5.8639     -4.8146      2.0491
    53         C          4.8239     -5.3404      2.9260
    54         C          3.4409     -5.4100      2.2445
    55         C          2.3588     -5.6055      3.3144
    56         C          2.5569     -6.8607      4.1587
    57         C          1.3133     -7.1412      5.0018
    58         C          1.5293     -8.3525      5.8943
    59         C          3.3805     -6.5159      1.1833
    60         C          3.6123     -5.9728     -0.2191
    61         H         10.6280     11.3150     -3.8656
    62         H         -0.4192      0.4701      0.9013
    63         H         -0.4158      0.5412     -0.8621
    64         H         -0.4091     -1.0199     -0.0407
    65         H          1.9035     -0.5634      0.8771
    66         H          1.8941     -0.5621     -0.8817
    67         H          1.7951      1.9374     -0.9508
    68         H          1.5485      2.0273      0.7846
    69         H          3.8904      2.5373      0.3310
    70         H          3.8314      1.0155      1.2110
    71         H          4.1721     -0.3049     -0.8832
    72         H          3.9917      1.1287     -1.8853
    73         H         12.6683      2.7434     -0.2564
    74         H         13.3946      5.0044     -1.2280
    75         H          7.6333     10.5423     -5.5041
    76         H          6.5502      9.1775     -5.2953
    77         H          6.1819      9.8584     -2.8444
    78         H          7.2698     11.2217     -3.0663
    79         H          5.7613     12.1241     -4.9247
    80         H          4.6751     10.7591     -4.7070
    81         H          4.3082     11.4410     -2.2698
    82         H          5.3939     12.8060     -2.4886
    83         H          3.8661     13.7323     -4.3137
    84         H          2.7754     12.3625     -4.0915
    85         H          3.0042     13.5289     -2.7885
    86         H         11.2754     13.2038     -7.9531
    87         H          4.9285     -0.2595      1.7182
    88         H          4.4333     -2.4441      2.7924
    89         H          7.9536     -2.0814     -0.7844
    90         H          8.9703     -4.5205     -1.1349
    91         H          9.5268     -6.9531     -1.0373
    92         H          8.3453     -8.4532      0.5210
    93         H          6.5768     -7.6048      2.0324
    94         H          5.1453     -6.3365      3.3061
    95         H          4.7767     -4.6853      3.8292
    96         H          3.2386     -4.4211      1.7523
    97         H          2.3134     -4.7127      3.9758
    98         H          1.3613     -5.6215      2.8235
    99         H          2.7905     -7.7406      3.5243
   100         H          3.4390     -6.7509      4.8245
   101         H          1.0524     -6.2539      5.6165
   102         H          0.4279     -7.3018      4.3507
   103         H          2.3620     -8.2104      6.5982
   104         H          0.6401     -8.5766      6.5012
   105         H          1.7535     -9.2611      5.3170
   106         H          4.1120     -7.3232      1.3998
   107         H          2.3972     -7.0341      1.2056
   108         H          4.5770     -5.4550     -0.3195
   109         H          3.6091     -6.7766     -0.9702
   110         H          2.8346     -5.2577     -0.5246

  H: (RM1): G.B. ROCHA, R.O. FREIRE, A.M.SIMAS, J.J.P. STEWART, J. COMP. CHEM. 27, 1101 (2006)
  C: (RM1): G.B. ROCHA, R.O. FREIRE, A.M.SIMAS, J.J.P. STEWART, J. COMP. CHEM. 27, 1101 (2006)
  N: (RM1): G.B. ROCHA, R.O. FREIRE, A.M.SIMAS, J.J.P. STEWART, J. COMP. CHEM. 27, 1101 (2006)
  O: (RM1): G.B. ROCHA, R.O. FREIRE, A.M.SIMAS, J.J.P. STEWART, J. COMP. CHEM. 27, 1101 (2006)
  S: (RM1): G.B. ROCHA, R.O. FREIRE, A.M.SIMAS, J.J.P. STEWART, J. COMP. CHEM. 27, 1101 (2006)

           Empirical Formula: C50 H50 N4 O2 S4  =   110 atoms



      MOLECULAR POINT GROUP   :   C1  


      RHF CALCULATION, NO. OF DOUBLY OCCUPIED LEVELS = 153


          Geometry optimization using L-BFGS
 CYCLE:     1 TIME:   0.938 TIME LEFT:  2.00D  GRAD.:     1.143 HEAT:  60.84425
 CYCLE:     2 TIME:   0.309 TIME LEFT:  2.00D  GRAD.:     1.136 HEAT:  60.84423
 CYCLE:     3 TIME:   0.328 TIME LEFT:  2.00D  GRAD.:     2.864 HEAT:  60.84419
 CYCLE:     4 TIME:   0.445 TIME LEFT:  2.00D  GRAD.:     1.230 HEAT:  60.84425
 CYCLE:     5 TIME:   0.383 TIME LEFT:  2.00D  GRAD.:     3.136 HEAT:  60.84452
 CYCLE:     6 TIME:   0.344 TIME LEFT:  2.00D  GRAD.:     0.645 HEAT:  60.84281
 CYCLE:     7 TIME:   0.340 TIME LEFT:  2.00D  GRAD.:     0.438 HEAT:  60.84272
 CYCLE:     8 TIME:   0.352 TIME LEFT:  2.00D  GRAD.:     0.372 HEAT:  60.84262
 CYCLE:     9 TIME:   0.340 TIME LEFT:  2.00D  GRAD.:     0.502 HEAT:  60.84254
 CYCLE:    10 TIME:   0.277 TIME LEFT:  2.00D  GRAD.:     0.318 HEAT:  60.84247
 CYCLE:    11 TIME:   0.266 TIME LEFT:  2.00D  GRAD.:     0.249 HEAT:  60.84244
 CYCLE:    12 TIME:   0.273 TIME LEFT:  2.00D  GRAD.:     0.260 HEAT:  60.84237
 CYCLE:    13 TIME:   0.289 TIME LEFT:  2.00D  GRAD.:     0.398 HEAT:  60.84229
 CYCLE:    14 TIME:   0.285 TIME LEFT:  2.00D  GRAD.:     0.342 HEAT:  60.84227
 CYCLE:    15 TIME:   0.293 TIME LEFT:  2.00D  GRAD.:     0.120 HEAT:  60.84225
 CYCLE:    16 TIME:   0.281 TIME LEFT:  2.00D  GRAD.:     0.115 HEAT:  60.84224
 CYCLE:    17 TIME:   0.246 TIME LEFT:  2.00D  GRAD.:     0.093 HEAT:  60.84223

 -------------------------------------------------------------------------------
 RM1 PRECISE POLAR XYZ GNORM=0.1




     HERBERTS TEST WAS SATISFIED IN BFGS                      
     SCF FIELD WAS ACHIEVED                                   


                              RM1 CALCULATION
                                                       MOPAC2016 (Version: 21.013L)
                                                       Mon Oct 18 13:04:05 2021
                                                       No. of days remaining =  87




          FINAL HEAT OF FORMATION =         60.84223 KCAL/MOL =     254.56390 KJ/MOL


          TOTAL ENERGY            =      -9194.51489 EV
          ELECTRONIC ENERGY       =    -108018.89549 EV  POINT GROUP:     C1  
          CORE-CORE REPULSION     =      98824.38061 EV
          COSMO AREA              =        823.56 SQUARE ANGSTROMS
          COSMO VOLUME            =       1035.36 CUBIC ANGSTROMS

          GRADIENT NORM           =          0.09283 = 0.00885 PER ATOM
          IONIZATION POTENTIAL    =          7.976663 EV
          HOMO LUMO ENERGIES (EV) =         -7.977 -1.369
          NO. OF FILLED LEVELS    =        153
          MOLECULAR WEIGHT        =        867.2106

          MOLECULAR DIMENSIONS (Angstroms)

            Atom       Atom       Distance
            H   104    H    86    28.22101
            H    91    H    85    16.19138
            H    63    H    74     8.60996


          SCF CALCULATIONS        =         18
 
          WALL-CLOCK TIME         =          6.270 SECONDS
          COMPUTATION TIME        =  1 MINUTE AND 53.512 SECONDS




   ATOM   CHEMICAL          X               Y               Z
  NUMBER   SYMBOL      (ANGSTROMS)     (ANGSTROMS)     (ANGSTROMS)
 
     1       C         -0.00000094  *   0.00007879  *  -0.00004835  *
     2       C          1.52085177  *   0.00006034  *   0.00011062  *
     3       C          2.05899242  *   1.42762353  *   0.00006106  *
     4       C          3.56579100  *   1.47912432  *   0.23243903  *
     5       C          4.34730169  *   0.79236488  *  -0.88791949  *
     6       C          5.79472434  *   1.07715885  *  -0.74058700  *
     7       C          6.72689450  *   0.25009532  *  -0.16682185  *
     8       S          8.31692694  *   0.89659526  *  -0.17323049  *
     9       C          7.78744833  *   2.28488473  *  -0.95079198  *
    10       C          6.41624831  *   2.26906928  *  -1.20062378  *
    11       S          5.86853033  *   3.66608081  *  -1.99701329  *
    12       C          7.46145090  *   4.32034955  *  -2.01762014  *
    13       C          8.40163004  *   3.47771991  *  -1.42336200  *
    14       C          9.77147977  *   3.85458471  *  -1.35025476  *
    15       N         10.68054265  *   2.99944450  *  -0.75740497  *
    16       C         11.93952429  *   3.41747967  *  -0.72497373  *
    17       C         12.34594669  *   4.68246518  *  -1.26894561  *
    18       N         11.48974151  *   5.51872411  *  -1.84236701  *
    19       C         10.17304588  *   5.10121538  *  -1.88848779  *
    20       C          9.19704507  *   5.94119065  *  -2.48967815  *
    21       C          7.85904590  *   5.55253180  *  -2.55112915  *
    22       S          6.85600539  *   6.72165784  *  -3.31965016  *
    23       C          8.18591071  *   7.74675687  *  -3.57240989  *
    24       C          9.38265070  *   7.21938604  *  -3.08754715  *
    25       S         10.69185117  *   8.22654979  *  -3.35115742  *
    26       C          9.68987680  *   9.37927369  *  -4.12703515  *
    27       C          8.36605266  *   9.01685532  *  -4.18141766  *
    28       C          7.25895657  *   9.82864171  *  -4.73926405  *
    29       C          6.54782988  *  10.57567641  *  -3.60892984  *
    30       C          5.39282995  *  11.40707098  *  -4.16076460  *
    31       C          4.68053048  *  12.15388093  *  -3.03576816  *
    32       C          3.52961514  *  12.98136800  *  -3.58431063  *
    33       C         10.24995006  *  10.61066753  *  -4.62264627  *
    34       C         10.32414097  *  10.89565021  *  -5.93526368  *
    35       C         10.90006660  *  12.17431540  *  -6.37443324  *
    36       O         11.36762456  *  13.04501189  *  -5.65462734  *
    37       O         10.88355138  *  12.35224868  *  -7.71020505  *
    38       C          9.87943355  *   9.99115431  *  -6.93350465  *
    39       N          9.52525993  *   9.25322121  *  -7.74977113  *
    40       C          6.46643305  *  -1.04612255  *   0.41718985  *
    41       C          5.48266228  *  -1.15802171  *   1.41175323  *
    42       C          5.19440772  *  -2.37121380  *   2.01329187  *
    43       C          5.91611002  *  -3.48525298  *   1.58911572  *
    44       C          6.91193875  *  -3.38000087  *   0.57969841  *
    45       C          7.18947271  *  -2.15753890  *  -0.00657002  *
    46       C          7.45773592  *  -4.69904509  *   0.38823538  *
    47       C          8.44737310  *  -5.19042865  *  -0.44769047  *
    48       C          8.75061340  *  -6.54180825  *  -0.38623419  *
    49       C          8.07910591  *  -7.39161146  *   0.49878792  *
    50       C          7.08732053  *  -6.92599469  *   1.34738510  *
    51       C          6.77883141  *  -5.56860675  *   1.28575523  *
    52       N          5.86376299  *  -4.81456156  *   2.04902339  *
    53       C          4.82384345  *  -5.34039860  *   2.92606535  *
    54       C          3.44083588  *  -5.40990581  *   2.24454704  *
    55       C          2.35873381  *  -5.60546596  *   3.31438120  *
    56       C          2.55690630  *  -6.86072353  *   4.15862716  *
    57       C          1.31336248  *  -7.14122118  *   5.00182478  *
    58       C          1.52934538  *  -8.35248895  *   5.89436819  *
    59       C          3.38059832  *  -6.51586440  *   1.18339750  *
    60       C          3.61220956  *  -5.97277009  *  -0.21905614  *
    61       H         10.62879401  *  11.31462971  *  -3.86562761  *
    62       H         -0.41919710  *   0.47033012  *   0.90120440  *
    63       H         -0.41575160  *   0.54108237  *  -0.86230819  *
    64       H         -0.40906129  *  -1.01986496  *  -0.04054287  *
    65       H          1.90335134  *  -0.56330912  *   0.87722378  *
    66       H          1.89420465  *  -0.56206852  *  -0.88150984  *
    67       H          1.79491077  *   1.93696588  *  -0.95098014  *
    68       H          1.54865013  *   2.02739736  *   0.78473365  *
    69       H          3.89050766  *   2.53719125  *   0.33118895  *
    70       H          3.83145540  *   1.01509169  *   1.21081702  *
    71       H          4.17218410  *  -0.30487832  *  -0.88339714  *
    72       H          3.99155298  *   1.12871419  *  -1.88544541  *
    73       H         12.66836670  *   2.74342731  *  -0.25641226  *
    74       H         13.39460757  *   5.00451415  *  -1.22789495  *
    75       H          7.63341401  *  10.54218467  *  -5.50401655  *
    76       H          6.55001161  *   9.17753057  *  -5.29522218  *
    77       H          6.18208423  *   9.85827507  *  -2.84444625  *
    78       H          7.26979046  *  11.22186168  *  -3.06641392  *
    79       H          5.76129413  *  12.12400717  *  -4.92475306  *
    80       H          4.67501112  *  10.75907317  *  -4.70688289  *
    81       H          4.30813929  *  11.44111783  *  -2.26972474  *
    82       H          5.39386735  *  12.80600409  *  -2.48858574  *
    83       H          3.86608511  *  13.73239171  *  -4.31358261  *
    84       H          2.77541802  *  12.36254974  *  -4.09158930  *
    85       H          3.00410203  *  13.52883863  *  -2.78846185  *
    86       H         11.27525558  *  13.20389473  *  -7.95307183  *
    87       H          4.92836265  *  -0.25950922  *   1.71820008  *
    88       H          4.43333873  *  -2.44419289  *   2.79245266  *
    89       H          7.95340135  *  -2.08135463  *  -0.78468860  *
    90       H          8.97036530  *  -4.52052314  *  -1.13473174  *
    91       H          9.52674799  *  -6.95319350  *  -1.03724948  *
    92       H          8.34526958  *  -8.45325493  *   0.52085004  *
    93       H          6.57695393  *  -7.60491356  *   2.03248579  *
    94       H          5.14528362  *  -6.33654958  *   3.30595082  *
    95       H          4.77681917  *  -4.68535922  *   3.82935872  *
    96       H          3.23889489  *  -4.42113462  *   1.75211986  *
    97       H          2.31332831  *  -4.71265549  *   3.97577471  *
    98       H          1.36119626  *  -5.62144120  *   2.82353142  *
    99       H          2.79027473  *  -7.74053049  *   3.52410754  *
   100       H          3.43909062  *  -6.75089290  *   4.82429791  *
   101       H          1.05224592  *  -6.25382695  *   5.61644874  *
   102       H          0.42794708  *  -7.30185654  *   4.35074163  *
   103       H          2.36204583  *  -8.21039464  *   6.59828116  *
   104       H          0.64005046  *  -8.57663170  *   6.50121294  *
   105       H          1.75356575  *  -9.26110586  *   5.31712169  *
   106       H          4.11224288  *  -7.32310699  *   1.39968203  *
   107       H          2.39736135  *  -7.03427214  *   1.20586238  *
   108       H          4.57687360  *  -5.45486866  *  -0.31943071  *
   109       H          3.60912735  *  -6.77653391  *  -0.97011196  *
   110       H          2.83449454  *  -5.25768062  *  -0.52460754  *

                             CARTESIAN COORDINATES

   1    C       -0.000000943     0.000078794    -0.000048352
   2    C        1.520851766     0.000060339     0.000110621
   3    C        2.058992422     1.427623526     0.000061061
   4    C        3.565790998     1.479124317     0.232439026
   5    C        4.347301694     0.792364878    -0.887919488
   6    C        5.794724339     1.077158845    -0.740587004
   7    C        6.726894501     0.250095316    -0.166821847
   8    S        8.316926938     0.896595256    -0.173230490
   9    C        7.787448333     2.284884732    -0.950791979
  10    C        6.416248310     2.269069275    -1.200623778
  11    S        5.868530331     3.666080806    -1.997013285
  12    C        7.461450898     4.320349551    -2.017620135
  13    C        8.401630042     3.477719907    -1.423361998
  14    C        9.771479769     3.854584709    -1.350254761
  15    N       10.680542654     2.999444497    -0.757404965
  16    C       11.939524292     3.417479674    -0.724973727
  17    C       12.345946691     4.682465184    -1.268945605
  18    N       11.489741515     5.518724110    -1.842367008
  19    C       10.173045881     5.101215383    -1.888487789
  20    C        9.197045075     5.941190646    -2.489678149
  21    C        7.859045898     5.552531800    -2.551129148
  22    S        6.856005395     6.721657836    -3.319650165
  23    C        8.185910713     7.746756873    -3.572409886
  24    C        9.382650702     7.219386039    -3.087547147
  25    S       10.691851171     8.226549792    -3.351157415
  26    C        9.689876802     9.379273688    -4.127035153
  27    C        8.366052656     9.016855322    -4.181417658
  28    C        7.258956573     9.828641713    -4.739264050
  29    C        6.547829876    10.575676412    -3.608929840
  30    C        5.392829948    11.407070981    -4.160764602
  31    C        4.680530481    12.153880927    -3.035768158
  32    C        3.529615142    12.981368001    -3.584310628
  33    C       10.249950059    10.610667535    -4.622646265
  34    C       10.324140971    10.895650207    -5.935263680
  35    C       10.900066596    12.174315404    -6.374433236
  36    O       11.367624557    13.045011885    -5.654627343
  37    O       10.883551382    12.352248678    -7.710205055
  38    C        9.879433550     9.991154310    -6.933504652
  39    N        9.525259926     9.253221207    -7.749771128
  40    C        6.466433054    -1.046122548     0.417189854
  41    C        5.482662284    -1.158021715     1.411753225
  42    C        5.194407715    -2.371213797     2.013291869
  43    C        5.916110021    -3.485252983     1.589115724
  44    C        6.911938755    -3.380000866     0.579698406
  45    C        7.189472710    -2.157538898    -0.006570025
  46    C        7.457735924    -4.699045085     0.388235378
  47    C        8.447373101    -5.190428654    -0.447690469
  48    C        8.750613402    -6.541808251    -0.386234191
  49    C        8.079105910    -7.391611458     0.498787918
  50    C        7.087320526    -6.925994691     1.347385099
  51    C        6.778831415    -5.568606750     1.285755229
  52    N        5.863762990    -4.814561560     2.049023386
  53    C        4.823843446    -5.340398597     2.926065353
  54    C        3.440835879    -5.409905809     2.244547044
  55    C        2.358733812    -5.605465965     3.314381196
  56    C        2.556906300    -6.860723530     4.158627163
  57    C        1.313362482    -7.141221184     5.001824784
  58    C        1.529345380    -8.352488953     5.894368187
  59    C        3.380598317    -6.515864403     1.183397505
  60    C        3.612209556    -5.972770089    -0.219056138
  61    H       10.628794007    11.314629706    -3.865627605
  62    H       -0.419197101     0.470330116     0.901204401
  63    H       -0.415751605     0.541082365    -0.862308186
  64    H       -0.409061286    -1.019864963    -0.040542872
  65    H        1.903351336    -0.563309122     0.877223783
  66    H        1.894204648    -0.562068521    -0.881509838
  67    H        1.794910770     1.936965881    -0.950980144
  68    H        1.548650130     2.027397357     0.784733648
  69    H        3.890507658     2.537191253     0.331188952
  70    H        3.831455397     1.015091691     1.210817020
  71    H        4.172184095    -0.304878321    -0.883397143
  72    H        3.991552977     1.128714189    -1.885445406
  73    H       12.668366697     2.743427308    -0.256412256
  74    H       13.394607573     5.004514152    -1.227894947
  75    H        7.633414012    10.542184670    -5.504016548
  76    H        6.550011614     9.177530573    -5.295222183
  77    H        6.182084233     9.858275067    -2.844446252
  78    H        7.269790457    11.221861682    -3.066413919
  79    H        5.761294129    12.124007169    -4.924753057
  80    H        4.675011119    10.759073172    -4.706882889
  81    H        4.308139285    11.441117828    -2.269724743
  82    H        5.393867346    12.806004088    -2.488585745
  83    H        3.866085110    13.732391713    -4.313582613
  84    H        2.775418018    12.362549736    -4.091589304
  85    H        3.004102033    13.528838633    -2.788461849
  86    H       11.275255580    13.203894731    -7.953071826
  87    H        4.928362648    -0.259509225     1.718200081
  88    H        4.433338730    -2.444192895     2.792452659
  89    H        7.953401351    -2.081354626    -0.784688599
  90    H        8.970365298    -4.520523144    -1.134731742
  91    H        9.526747993    -6.953193497    -1.037249478
  92    H        8.345269577    -8.453254926     0.520850044
  93    H        6.576953933    -7.604913557     2.032485791
  94    H        5.145283616    -6.336549576     3.305950815
  95    H        4.776819166    -4.685359216     3.829358721
  96    H        3.238894888    -4.421134619     1.752119857
  97    H        2.313328313    -4.712655495     3.975774714
  98    H        1.361196262    -5.621441203     2.823531417
  99    H        2.790274727    -7.740530489     3.524107537
 100    H        3.439090623    -6.750892904     4.824297909
 101    H        1.052245920    -6.253826949     5.616448743
 102    H        0.427947078    -7.301856537     4.350741626
 103    H        2.362045832    -8.210394639     6.598281159
 104    H        0.640050462    -8.576631701     6.501212940
 105    H        1.753565751    -9.261105859     5.317121685
 106    H        4.112242882    -7.323106986     1.399682029
 107    H        2.397361348    -7.034272142     1.205862382
 108    H        4.576873602    -5.454868664    -0.319430714
 109    H        3.609127349    -6.776533912    -0.970111964
 110    H        2.834494538    -5.257680615    -0.524607543


           Empirical Formula: C50 H50 N4 O2 S4  =   110 atoms



      MOLECULAR POINT GROUP   :   C1  


                  EIGENVALUES  
 -40.04639 -39.83039 -39.20231 -37.53912 -37.29662 -36.82738 -36.70411 -36.27292
 -35.71734 -35.45944 -35.41610 -34.99358 -34.85173 -34.44701 -33.53977 -33.31448
 -32.40384 -31.53777 -31.28872 -30.62037 -30.28371 -30.27079 -29.79205 -29.18552
 -28.43546 -27.75617 -27.22758 -27.05429 -26.88139 -25.94327 -25.79506 -25.28953
 -24.98857 -24.08797 -23.55171 -23.48456 -23.15100 -22.98692 -22.85591 -22.54279
 -22.28200 -21.96801 -21.64392 -21.45925 -21.27982 -21.22733 -20.77607 -20.70056
 -20.50001 -20.05548 -19.66049 -19.21930 -18.92550 -18.52570 -18.30669 -18.21014
 -17.85010 -17.77430 -17.54863 -17.42907 -17.18022 -16.82450 -16.69427 -16.54388
 -16.29163 -16.21564 -16.16603 -15.96870 -15.95397 -15.90757 -15.75536 -15.68330
 -15.43504 -15.36465 -15.13145 -15.04793 -15.00425 -14.97389 -14.92363 -14.79543
 -14.76620 -14.70125 -14.64134 -14.61960 -14.58851 -14.49214 -14.34922 -14.29638
 -14.25178 -14.19417 -14.12357 -14.09906 -14.06981 -13.99711 -13.85354 -13.81290
 -13.72714 -13.61328 -13.49451 -13.47529 -13.44349 -13.32999 -13.28262 -13.15228
 -12.99695 -12.94006 -12.82032 -12.70464 -12.64095 -12.59537 -12.58623 -12.54155
 -12.52572 -12.47641 -12.46049 -12.41710 -12.29886 -12.25745 -12.23393 -12.10986
 -11.99936 -11.97600 -11.93687 -11.87421 -11.80783 -11.75590 -11.72154 -11.69541
 -11.60496 -11.56009 -11.51201 -11.45213 -11.40020 -11.24259 -11.19589 -11.18957
 -11.16080 -11.11500 -11.07890 -10.97820 -10.93864 -10.73399 -10.36057 -10.31437
 -10.16032  -9.82743  -9.65297  -9.36809  -8.69593  -8.54691  -8.42045  -8.28549
  -7.97666  -1.36943  -0.75728  -0.64722  -0.17031  -0.11679   0.05198   0.36404
   0.66247   0.89026   0.95364   1.05834   1.14606   1.21727   1.23405   1.31075
   1.35287   1.44642   1.52403   1.61212   1.64528   1.68770   1.78969   1.88013
   2.14269   2.24138   2.48078   2.84923   2.89732   2.94917   2.99507   3.01339
   3.28361   3.29090   3.42365   3.61041   3.61530   3.65538   3.73179   3.74310
   3.75023   3.80696   3.84059   3.84708   3.87122   3.94209   3.94550   3.95777
   3.97511   4.03152   4.08702   4.10083   4.12832   4.15652   4.18631   4.20479
   4.22655   4.28216   4.30288   4.30967   4.33942   4.35082   4.36615   4.38720
   4.39998   4.41832   4.43560   4.46562   4.48143   4.49367   4.52077   4.57382
   4.57542   4.62252   4.64258   4.65854   4.69758   4.70569   4.71348   4.73400
   4.73620   4.78668   4.80192   4.82243   4.84508   4.85568   4.86158   4.92562
   4.94552   4.97769   4.98719   4.99802   5.00392   5.00923   5.01735   5.02924
   5.04842   5.06939   5.08908   5.09959   5.10412   5.11940   5.14304   5.14534
   5.17226   5.17663   5.19728   5.21717   5.21929   5.24463   5.28271   5.34283
   5.37042   5.39011   5.39979   5.40714   5.42673   5.46606   5.49312   5.50413
   5.52602   5.59482   5.60026   5.61386   5.67932   5.70997   5.80327   5.93109
   5.99715   6.02373   6.03303   6.14690   6.23573   6.29605   6.43823   6.51049
   6.54078   6.62753


              NET ATOMIC CHARGES AND DIPOLE CONTRIBUTIONS

  ATOM NO.   TYPE          CHARGE      No. of ELECS.   s-Pop       p-Pop
     
   36          O          -0.374789        6.3748     1.91036     4.46443
   35          C           0.399887        3.6001     1.18096     2.41916
   37          O          -0.309884        6.3099     1.83992     4.46996
   86          H           0.245144        0.7549     0.75486
   38          C           0.049923        3.9501     1.19446     2.75562
   39          N          -0.141902        5.1419     1.84780     3.29410
    1          C          -0.178353        4.1784     1.15614     3.02222
    2          C          -0.112095        4.1121     1.16661     2.94549
    3          C          -0.122245        4.1222     1.17020     2.95204
    4          C          -0.121591        4.1216     1.17195     2.94964
    5          C          -0.090012        4.0900     1.15572     2.93429
    6          C           0.017025        3.9830     1.16190     2.82107
    7          C          -0.329011        4.3290     1.22030     3.10871
    8          S           0.598349        5.4017     1.88114     3.52051
    9          C          -0.342842        4.3428     1.21466     3.12818
   10          C          -0.310679        4.3107     1.21848     3.09220
   11          S           0.482096        5.5179     1.88332     3.63458
   12          C          -0.261041        4.2610     1.20758     3.05346
   13          C           0.078655        3.9213     1.14095     2.78040
   14          C           0.037110        3.9629     1.15899     2.80390
   15          N          -0.217740        5.2177     1.75861     3.45913
   16          C          -0.021207        4.0212     1.19602     2.82519
   17          C          -0.016171        4.0162     1.19600     2.82017
   18          N          -0.228182        5.2282     1.75862     3.46956
   19          C           0.046588        3.9534     1.15794     2.79547
   20          C           0.040898        3.9591     1.14023     2.81887
   21          C          -0.227519        4.2275     1.20798     3.01954
   22          S           0.499190        5.5008     1.88362     3.61719
   23          C          -0.350631        4.3506     1.21880     3.13183
   24          C          -0.308131        4.3081     1.21602     3.09211
   25          S           0.646532        5.3535     1.87976     3.47370
   26          C          -0.477902        4.4779     1.22275     3.25515
   27          C           0.104773        3.8952     1.16030     2.73493
   28          C          -0.113367        4.1134     1.15870     2.95466
   29          C          -0.117357        4.1174     1.17052     2.94683
   30          C          -0.124394        4.1244     1.17085     2.95354
   31          C          -0.112046        4.1120     1.16668     2.94537
   32          C          -0.177769        4.1778     1.15570     3.02207
   33          C           0.145872        3.8541     1.17348     2.68065
   34          C          -0.133445        4.1334     1.14426     2.98919
   40          C          -0.039022        4.0390     1.14792     2.89110
   41          C          -0.054880        4.0549     1.17951     2.87537
   42          C          -0.173764        4.1738     1.17049     3.00327
   43          C           0.119178        3.8808     1.15236     2.72846
   44          C          -0.092891        4.0929     1.15844     2.93445
   45          C          -0.036117        4.0361     1.16985     2.86626
   46          C          -0.097589        4.0976     1.15923     2.93836
   47          C          -0.032363        4.0324     1.16936     2.86300
   48          C          -0.161866        4.1619     1.17790     2.98396
   49          C          -0.051598        4.0516     1.17611     2.87549
   50          C          -0.172649        4.1726     1.17033     3.00232
   51          C           0.124808        3.8752     1.15210     2.72310
   52          N          -0.289757        5.2898     1.50816     3.78160
   53          C           0.063993        3.9360     1.16087     2.77514
   54          C          -0.100915        4.1009     1.19104     2.90988
   55          C          -0.128435        4.1284     1.17366     2.95478
   56          C          -0.124893        4.1249     1.17060     2.95429
   57          C          -0.113161        4.1132     1.16736     2.94580
   58          C          -0.178108        4.1781     1.15576     3.02235
   59          C          -0.109159        4.1092     1.16870     2.94046
   60          C          -0.184671        4.1847     1.15725     3.02742
   61          H           0.133461        0.8665     0.86654
   62          H           0.057145        0.9429     0.94285
   63          H           0.058306        0.9417     0.94169
   64          H           0.055741        0.9443     0.94426
   65          H           0.060339        0.9397     0.93966
   66          H           0.062244        0.9378     0.93776
   67          H           0.062935        0.9371     0.93706
   68          H           0.061586        0.9384     0.93841
   69          H           0.065917        0.9341     0.93408
   70          H           0.066577        0.9334     0.93342
   71          H           0.083748        0.9163     0.91625
   72          H           0.073329        0.9267     0.92667
   73          H           0.150233        0.8498     0.84977
   74          H           0.149189        0.8508     0.85081
   75          H           0.082161        0.9178     0.91784
   76          H           0.086539        0.9135     0.91346
   77          H           0.069133        0.9309     0.93087
   78          H           0.067398        0.9326     0.93260
   79          H           0.064907        0.9351     0.93509
   80          H           0.064927        0.9351     0.93507
   81          H           0.060802        0.9392     0.93920
   82          H           0.061077        0.9389     0.93892
   83          H           0.058853        0.9411     0.94115
   84          H           0.058449        0.9416     0.94155
   85          H           0.057102        0.9429     0.94290
   87          H           0.115009        0.8850     0.88499
   88          H           0.118259        0.8817     0.88174
   89          H           0.115439        0.8846     0.88456
   90          H           0.107731        0.8923     0.89227
   91          H           0.108289        0.8917     0.89171
   92          H           0.100084        0.8999     0.89992
   93          H           0.116221        0.8838     0.88378
   94          H           0.081637        0.9184     0.91836
   95          H           0.073644        0.9264     0.92636
   96          H           0.086865        0.9131     0.91314
   97          H           0.060534        0.9395     0.93947
   98          H           0.069610        0.9304     0.93039
   99          H           0.067306        0.9327     0.93269
  100          H           0.059681        0.9403     0.94032
  101          H           0.060354        0.9396     0.93965
  102          H           0.061365        0.9386     0.93863
  103          H           0.057994        0.9420     0.94201
  104          H           0.057799        0.9422     0.94220
  105          H           0.058454        0.9415     0.94155
  106          H           0.062201        0.9378     0.93780
  107          H           0.063213        0.9368     0.93679
  108          H           0.072903        0.9271     0.92710
  109          H           0.058064        0.9419     0.94194
  110          H           0.057366        0.9426     0.94263
 DIPOLE           X         Y         Z       TOTAL
 POINT-CHG.    -2.192    -3.193     4.073     5.621
 HYBRID         0.218     0.705     0.273     0.786
 SUM           -1.974    -2.488     4.346     5.383


          ATOMIC ORBITAL ELECTRON POPULATIONS

     Atom    s        px        py        pz   
    1  C   1.15614   0.96546   1.02782   1.02893
    2  C   1.16661   0.95162   0.96640   1.02747
    3  C   1.17020   0.95203   0.97097   1.02904
    4  C   1.17195   0.94832   1.01685   0.98446
    5  C   1.15572   0.90965   1.02923   0.99542
    6  C   1.16190   0.94278   0.90131   0.97698
    7  C   1.22030   1.00931   1.00757   1.09184
    8  S   1.88114   0.98162   1.01229   1.52660
    9  C   1.21466   0.97329   1.03897   1.11593
   10  C   1.21848   0.96884   1.02565   1.09772
   11  S   1.88332   0.97569   1.06395   1.59494
   12  C   1.20758   1.00600   0.98059   1.06688
   13  C   1.14095   0.89740   0.91184   0.97116
   14  C   1.15899   0.92689   0.91288   0.96413
   15  N   1.75861   1.02960   1.28810   1.14143
   16  C   1.19602   0.93283   0.94687   0.94549
   17  C   1.19600   0.98979   0.91118   0.91920
   18  N   1.75862   1.02308   1.29596   1.15051
   19  C   1.15794   0.90014   0.92702   0.96831
   20  C   1.14023   0.90540   0.91572   0.99775
   21  C   1.20798   0.98134   0.98813   1.05007
   22  S   1.88362   0.99316   1.04079   1.58324
   23  C   1.21880   0.99425   1.02306   1.11453
   24  C   1.21602   1.00728   1.01171   1.07312
   25  S   1.87976   0.96679   1.00923   1.49768
   26  C   1.22275   1.01715   1.05357   1.18442
   27  C   1.16030   0.90929   0.89713   0.92851
   28  C   1.15870   0.96832   0.99944   0.98690
   29  C   1.17052   0.98057   0.99594   0.97033
   30  C   1.17085   0.97527   0.99550   0.98277
   31  C   1.16668   0.97704   0.99321   0.97511
   32  C   1.15570   0.99073   1.00925   1.02209
   33  C   1.17348   0.83502   0.91405   0.93158
   34  C   1.14426   1.11541   0.94605   0.92772
   35  C   1.18096   0.75324   0.85582   0.81009
   36  O   1.91036   1.42086   1.41464   1.62894
   37  O   1.83992   1.77245   1.44426   1.25325
   38  C   1.19446   0.92251   0.91757   0.91554
   39  N   1.84780   1.09778   1.10137   1.09495
   40  C   1.14792   0.99522   0.90564   0.99024
   41  C   1.17951   0.95891   0.96775   0.94871
   42  C   1.17049   1.03514   0.92821   1.03992
   43  C   1.15236   0.96092   0.83298   0.93457
   44  C   1.15844   0.99977   0.93553   0.99915
   45  C   1.16985   0.97712   0.91334   0.97580
   46  C   1.15923   1.00811   0.92530   1.00494
   47  C   1.16936   0.95042   0.94988   0.96271
   48  C   1.17790   1.02158   0.94708   1.01530
   49  C   1.17611   0.94575   0.98302   0.94672
   50  C   1.17033   1.02548   0.93757   1.03927
   51  C   1.15210   0.90385   0.91565   0.90359
   52  N   1.50816   1.31124   1.07231   1.39804
   53  C   1.16087   0.86370   1.00365   0.90778
   54  C   1.19104   0.93569   1.01080   0.96339
   55  C   1.17366   0.99131   0.98515   0.97832
   56  C   1.17060   0.98436   0.98106   0.98887
   57  C   1.16736   0.97663   0.98278   0.98639
   58  C   1.15576   1.02882   0.98792   1.00561
   59  C   1.16870   1.02883   0.96851   0.94313
   60  C   1.15725   1.03807   1.02433   0.96502
   61  H   0.86654
   62  H   0.94285
   63  H   0.94169
   64  H   0.94426
   65  H   0.93966
   66  H   0.93776
   67  H   0.93706
   68  H   0.93841
   69  H   0.93408
   70  H   0.93342
   71  H   0.91625
   72  H   0.92667
   73  H   0.84977
   74  H   0.85081
   75  H   0.91784
   76  H   0.91346
   77  H   0.93087
   78  H   0.93260
   79  H   0.93509
   80  H   0.93507
   81  H   0.93920
   82  H   0.93892
   83  H   0.94115
   84  H   0.94155
   85  H   0.94290
   86  H   0.75486
   87  H   0.88499
   88  H   0.88174
   89  H   0.88456
   90  H   0.89227
   91  H   0.89171
   92  H   0.89992
   93  H   0.88378
   94  H   0.91836
   95  H   0.92636
   96  H   0.91314
   97  H   0.93947
   98  H   0.93039
   99  H   0.93269
  100  H   0.94032
  101  H   0.93965
  102  H   0.93863
  103  H   0.94201
  104  H   0.94220
  105  H   0.94155
  106  H   0.93780
  107  H   0.93679
  108  H   0.92710
  109  H   0.94194
  110  H   0.94263
 ******************** TDHF POLARIZABILITIES ********************



          MOLECULAR WEIGHT =  867.21



          ROTATIONAL CONSTANTS IN CM(-1)

          A =    0.00262659   B =    0.00037490   C =    0.00034134



           PRINCIPAL MOMENTS OF INERTIA IN UNITS OF 10**(-40)*GRAM-CM**2

          A =    10657.4610   B =    74668.0500   C =    82007.4664


 ROTATION MATRIX FOR ORIENTATION OF MOLECULE:

         0.260066   -0.943387    0.205880
         0.884992    0.318157    0.339950
        -0.386207    0.093792    0.917631


          CARTESIAN COORDINATES 

    NO.       ATOM         X         Y         Z

     1         C       -4.5401    5.8995   -1.1064
     2         C       -4.1447    4.4648   -0.7931
     3         C       -2.7413    4.4113   -0.1971
     4         C       -2.3936    3.0280    0.3439
     5         C       -2.3654    1.9671   -0.7568
     6         C       -1.7939    0.7061   -0.2268
     7         C       -2.5050   -0.3826    0.2105
     8         S       -1.5168   -1.6776    0.7518
     9         C       -0.1256   -0.8093    0.4012
    10         C       -0.3997    0.4558   -0.1157
    11         S        1.0017    1.3423   -0.4844
    12         C        2.0030    0.0458    0.0471
    13         C        1.2723   -1.0535    0.4995
    14         C        1.9338   -2.2191    0.9767
    15         N        1.1845   -3.2931    1.4172
    16         C        1.8693   -4.3448    1.8483
    17         C        3.3046   -4.3768    1.8628
    18         N        4.0435   -3.3568    1.4446
    19         C        3.3494   -2.2518    0.9893
    20         C        4.0711   -1.1202    0.5222
    21         C        3.4029    0.0127    0.0582
    22         S        4.4735    1.2588   -0.4560
    23         C        5.8242    0.3066   -0.0657
    24         C        5.4815   -0.9447    0.4463
    25         S        6.8151   -1.8840    0.8164
    26         C        7.8743   -0.6448    0.2900
    27         C        7.2303    0.4837   -0.1557
    28         C        7.8762    1.7340   -0.6195
    29         C        7.9159    2.7486    0.5252
    30         C        8.5644    4.0510    0.0637
    31         C        8.6056    5.0661    1.2033
    32         C        9.2504    6.3636    0.7443
    33         C        9.3011   -0.8279    0.3691
    34         C       10.0796   -0.9303   -0.7232
    35         C       11.5306   -1.1080   -0.5730
    36         O       12.1447   -1.2046    0.4798
    37         O       12.1996   -1.1611   -1.7416
    38         C        9.5490   -0.8922   -2.0383
    39         N        9.1191   -0.8694   -3.1111
    40         C       -3.9454   -0.4946    0.2521
    41         C       -4.6844    0.4912    0.9242
    42         C       -6.0653    0.4336    1.0044
    43         C       -6.6997   -0.6415    0.3851
    44         C       -5.9578   -1.6421   -0.3004
    45         C       -4.5773   -1.5700   -0.3657
    46         C       -6.9092   -2.5947   -0.8121
    47         C       -6.7639   -3.7630   -1.5425
    48         C       -7.9047   -4.4733   -1.8831
    49         C       -9.1732   -4.0271   -1.4981
    50         C       -9.3468   -2.8638   -0.7653
    51         C       -8.2020   -2.1467   -0.4239
    52         N       -8.0674   -0.9719    0.3444
    53         C       -9.1419   -0.0759    0.7564
    54         C       -9.2999    1.1428   -0.1774
    55         C      -10.1676    2.2017    0.5151
    56         C      -11.5530    1.6946    0.9038
    57         C      -12.4503    2.8576    1.3262
    58         C      -13.8108    2.3522    1.7779
    59         C       -9.8845    0.7482   -1.5395
    60         C       -8.8020    0.5710   -2.5941
    61         H        9.7303   -0.8903    1.3811
    62         H       -4.5810    6.5291   -0.2058
    63         H       -3.8364    6.3830   -1.7993
    64         H       -5.5335    5.9571   -1.5745
    65         H       -4.8825    4.0070   -0.1010
    66         H       -4.2045    3.8510   -1.7164
    67         H       -1.9919    4.7333   -0.9510
    68         H       -2.6463    5.1572    0.6218
    69         H       -1.4109    3.0675    0.8610
    70         H       -3.1130    2.7215    1.1386
    71         H       -3.3838    1.7837   -1.1617
    72         H       -1.7750    2.3162   -1.6310
    73         H        1.2814   -5.2029    2.1991
    74         H        3.8465   -5.2597    2.2258
    75         H        8.9004    1.5361   -1.0016
    76         H        7.3303    2.1435   -1.4970
    77         H        6.8906    2.9371    0.9076
    78         H        8.4660    2.3240    1.3914
    79         H        9.5898    3.8598   -0.3178
    80         H        8.0151    4.4708   -0.8055
    81         H        7.5821    5.2624    1.5872
    82         H        9.1569    4.6519    2.0739
    83         H       10.2842    6.2168    0.3996
    84         H        8.7026    6.8307   -0.0869
    85         H        9.2909    7.1082    1.5525
    86         H       13.1490   -1.2825   -1.5943
    87         H       -4.1517    1.3287    1.3967
    88         H       -6.6288    1.2014    1.5379
    89         H       -4.0107   -2.3394   -0.8965
    90         H       -5.7697   -4.1077   -1.8376
    91         H       -7.8155   -5.3974   -2.4605
    92         H      -10.0521   -4.6139   -1.7840
    93         H      -10.3450   -2.5340   -0.4725
    94         H      -10.0866   -0.6604    0.8325
    95         H       -8.9233    0.2616    1.7982
    96         H       -8.2872    1.6017   -0.3347
    97         H       -9.6447    2.5907    1.4161
    98         H      -10.2516    3.0917   -0.1462
    99         H      -12.0259    1.1350    0.0705
   100         H      -11.4835    0.9597    1.7336
   101         H      -11.9702    3.4439    2.1381
   102         H      -12.5713    3.5807    0.4919
   103         H      -13.7403    1.6778    2.6436
   104         H      -14.4748    3.1767    2.0755
   105         H      -14.3336    1.7974    0.9855
   106         H      -10.4922   -0.1786   -1.4648
   107         H      -10.6077    1.5130   -1.8976
   108         H       -8.0540   -0.1837   -2.3116
   109         H       -9.2241    0.2477   -3.5572
   110         H       -8.2534    1.5035   -2.7915


 ENERGY OF "REORIENTED" SYSTEM WITHOUT FIELD:       60.8422375730


  NFREQ=  3  IWFLB=  0  IBET=  1  IGAM=  1
  ATOL= 0.10000D-02  BTOL= 0.10000D-02    MAXITU=  500    MAXITA=  150


 *****************************************************************
 CALCULATION OF STATIC FIELD QUANTITIES
 *****************************************************************

 +++++ ALPHA AT       0.00000 EV.

                           COMPONENTS OF ALPHA

                     *X           *Y           *Z
           *=X:     938.6466      25.2241      -9.9377
           *=Y:      25.2259     571.7129     -32.2261
           *=Z:      -9.9607     -32.2283     325.0204

  ISOTROPIC AVERAGE ALPHA =     611.79330 A.U. =     90.65841 ANG.**3

 +++++ BETA (SECOND HARMONIC GENERATION) AT       0.00000 EV.

                              COMPONENTS OF BETA
            *XX         *XY         *YY         *XZ         *YZ         *ZZ
   *=X -8505.05893    17.57887   367.49073  -357.22117    49.11572   251.77372
   *=Y    17.38325   367.49630  1281.68844    49.11303   -78.66873   148.79167
   *=Z  -356.52953    49.23463   -78.69309   251.78301   148.79035   -59.80228


 AVERAGE BETAX(SHG) VALUE AT   0.00000 EV =      -4731.4707 a.u. = -0.408772E-28 ESU
 AVERAGE BETAY(SHG) VALUE AT   0.00000 EV =        868.7957 a.u. =  0.750589E-29 ESU
 AVERAGE BETAZ(SHG) VALUE AT   0.00000 EV =       -297.2819 a.u. = -0.256834E-29 ESU



 AVERAGE BETA (SHG) VALUE AT   0.00000 EV =       4819.7508 a.u. =  0.416398E-28 ESU
   (1 a.u. = 8.639418X10-33 esu)



 +++++ ALPHA AT       0.00000 EV.

                           COMPONENTS OF ALPHA

                     *X           *Y           *Z
           *=X:     938.6466      25.2241      -9.9377
           *=Y:      25.2259     571.7129     -32.2261
           *=Z:      -9.9607     -32.2283     325.0204

  ISOTROPIC AVERAGE ALPHA =     611.79330 A.U. =     90.65841 ANG.**3


 GAMMA (THIRD HARMONIC GENERATION) AT    0.00000 EV.


 GAMMA(X,X,X,X) =       3999566.00712
 GAMMA(Y,Y,Y,Y) =         96501.43296
 GAMMA(Z,Z,Z,Z) =         15443.08203
 GAMMA(X,X,Y,Y) =         32294.44548
 GAMMA(X,X,Z,Z) =         20511.00202
 GAMMA(Y,Y,X,X) =         32293.49987
 GAMMA(Y,Y,Z,Z) =         17121.08587
 GAMMA(Z,Z,X,X) =         20510.38672
 GAMMA(Z,Z,Y,Y) =         17121.19312


 AVERAGE GAMMA VALUE AT    0.00000 =        850272.42704 a.u. =       428256.93269 ESU (X10-39)




 **********************************************************************
 CALCULATION FOR A FREQUENCY OF    0.25000 EV  =       0.00919 A.U. 
                  WAVELENGTH OF    4959.37 NM  =    2016.38525 CM(-1)
 **********************************************************************

 +++++ ALPHA AT       0.25000 EV.

                           COMPONENTS OF ALPHA

                     *X           *Y           *Z
           *=X:     942.6193      25.3718     -10.0148
           *=Y:      25.3736     572.8681     -32.3334
           *=Z:     -10.0351     -32.3352     325.4510

  ISOTROPIC AVERAGE ALPHA =     613.64611 A.U. =     90.93297 ANG.**3

 +++++ BETA (SECOND HARMONIC GENERATION) AT       0.25000 EV.

                              COMPONENTS OF BETA
            *XX         *XY         *YY         *XZ         *YZ         *ZZ
   *=X -8932.73451     5.25871   387.71899  -365.66431    49.69968   259.14249
   *=Y    -3.65916   375.43746  1315.32244    49.67201   -81.50920   151.61358
   *=Z  -351.89847    49.38140   -83.30414   254.51742   152.46967   -60.05582


 AVERAGE BETAX(SHG) VALUE AT   0.25000 EV =      -4978.2865 a.u. = -0.430095E-28 ESU
 AVERAGE BETAY(SHG) VALUE AT   0.25000 EV =        881.8757 a.u. =  0.761889E-29 ESU
 AVERAGE BETAZ(SHG) VALUE AT   0.25000 EV =       -301.9434 a.u. = -0.260862E-29 ESU



 AVERAGE BETA (SHG) VALUE AT   0.25000 EV =       5064.8011 a.u. =  0.437569E-28 ESU
   (1 a.u. = 8.639418X10-33 esu)



 +++++ ALPHA AT       0.75000 EV.

                           COMPONENTS OF ALPHA

                     *X           *Y           *Z
           *=X:     976.9881      26.6177     -10.6602
           *=Y:      26.6203     582.4503     -33.2449
           *=Z:     -10.6861     -33.2472     328.9856

  ISOTROPIC AVERAGE ALPHA =     629.47465 A.U. =     93.27852 ANG.**3


 GAMMA (THIRD HARMONIC GENERATION) AT    0.25000 EV.


 GAMMA(X,X,X,X) =       4484148.66981
 GAMMA(Y,Y,Y,Y) =        101271.14829
 GAMMA(Z,Z,Z,Z) =         16005.14616
 GAMMA(X,X,Y,Y) =         28255.69886
 GAMMA(X,X,Z,Z) =         21358.54631
 GAMMA(Y,Y,X,X) =         38027.25230
 GAMMA(Y,Y,Z,Z) =         18086.20112
 GAMMA(Z,Z,X,X) =         22934.88778
 GAMMA(Z,Z,Y,Y) =         17929.92779


 AVERAGE GAMMA VALUE AT    0.25000 =        949603.49568 a.u. =       478287.03766 ESU (X10-39)




 **********************************************************************
 CALCULATION FOR A FREQUENCY OF    0.50000 EV  =       0.01837 A.U. 
                  WAVELENGTH OF    2479.68 NM  =    4032.77050 CM(-1)
 **********************************************************************

 +++++ ALPHA AT       0.50000 EV.

                           COMPONENTS OF ALPHA

                     *X           *Y           *Z
           *=X:     954.9398      25.8253     -10.2442
           *=Y:      25.8271     576.3868     -32.6622
           *=Z:     -10.2668     -32.6645     326.7555

  ISOTROPIC AVERAGE ALPHA =     619.36071 A.U. =     91.77979 ANG.**3

 +++++ BETA (SECOND HARMONIC GENERATION) AT       0.50000 EV.

                              COMPONENTS OF BETA
            *XX         *XY         *YY         *XZ         *YZ         *ZZ
   *=X-10477.91664   -48.07327   462.46757  -392.03873    50.98177   285.03562
   *=Y   -82.22676   401.47287  1427.46160    51.02468   -91.03273   160.49003
   *=Z  -329.67813    49.86372   -99.42880   262.69202   164.49340   -60.66719


 AVERAGE BETAX(SHG) VALUE AT   0.50000 EV =      -5871.5834 a.u. = -0.507271E-28 ESU
 AVERAGE BETAY(SHG) VALUE AT   0.50000 EV =        918.6977 a.u. =  0.793701E-29 ESU
 AVERAGE BETAZ(SHG) VALUE AT   0.50000 EV =       -315.4503 a.u. = -0.272531E-29 ESU



 AVERAGE BETA (SHG) VALUE AT   0.50000 EV =       5951.3869 a.u. =  0.514165E-28 ESU
   (1 a.u. = 8.639418X10-33 esu)



 +++++ ALPHA AT       1.50000 EV.

                           COMPONENTS OF ALPHA

                     *X           *Y           *Z
           *=X:    1148.7265      32.0087     -14.0862
           *=Y:      32.0264     620.8187     -37.4517
           *=Z:     -14.1435     -37.4517     342.5118

  ISOTROPIC AVERAGE ALPHA =     704.01898 A.U. =    104.32485 ANG.**3


 GAMMA (THIRD HARMONIC GENERATION) AT    0.50000 EV.


 GAMMA(X,X,X,X) =       6857161.04130
 GAMMA(Y,Y,Y,Y) =        119260.33768
 GAMMA(Z,Z,Z,Z) =         18022.40286
 GAMMA(X,X,Y,Y) =         -4897.13718
 GAMMA(X,X,Z,Z) =         22935.21862
 GAMMA(Y,Y,X,X) =         63099.19963
 GAMMA(Y,Y,Z,Z) =         21664.45087
 GAMMA(Z,Z,X,X) =         33177.57134
 GAMMA(Z,Z,Y,Y) =         20829.25710


 AVERAGE GAMMA VALUE AT    0.50000 =       1430250.46844 a.u. =       720374.62243 ESU (X10-39)



 **********************
 *                    *
 * JOB ENDED NORMALLY *
 *                    *
 **********************



 TOTAL JOB TIME:           312.70 SECONDS

 == MOPAC DONE ==
